1,,,,SYSTEM,User,,,,,,Image loaded (rule: ImageLoad),Microsoft-Windows-Sysmon/Operational,,-,,,,-,,,,,,,,,,,,NT AUTHORITY,,,,,7,,2022-04-15 8:06:26,2022-04-15 8:06:24,,3524,-,,,,,"SHA1=6ABB78FB1614C12E3E9FFF3DE98B0E13E79201D9,MD5=B9A75ED4500DD953DF172FE6F63578E8,SHA256=709B99BA1DFEF6D9B2483F37D242B12F29B1E1ADE13E338B4D7041C55B55204B,IMPHASH=5A0FF5293A05BFEBAE6F2C9C302FC5E7",James.browne,C:\Windows\System32\RuntimeBroker.exe,C:\Windows\System32\umpdc.dll,,,,,,,,-9223372036854775808,,,,,,,,,"Image loaded:
RuleName: -
UtcTime: 2022-04-15 12:06:24.737
ProcessGuid: {2d351099-5cc0-5f5f-3b04-000000000400}
ProcessId: 9496
Image: C:\Windows\System32\RuntimeBroker.exe
ImageLoaded: C:\Windows\System32\umpdc.dll
FileVersion: -
Description: -
Product: -
Company: -
OriginalFileName: -
Hashes: SHA1=6ABB78FB1614C12E3E9FFF3DE98B0E13E79201D9,MD5=B9A75ED4500DD953DF172FE6F63578E8,SHA256=709B99BA1DFEF6D9B2483F37D242B12F29B1E1ADE13E338B4D7041C55B55204B,IMPHASH=5A0FF5293A05BFEBAE6F2C9C302FC5E7
Signed: true
Signature: Microsoft Windows
SignatureStatus: Valid",,,,,,,,Info,0,-,,,,,,,,,{2d351099-5cc0-5f5f-3b04-000000000400},9496,,-,,{5770385F-C22A-43E0-BF4C-06F5698FFBD9},,,,425106,,,,,,,-,,INFO,2,,,Microsoft Windows,Valid,TRUE,,,,,,,eventlog,im_msvistalog,Microsoft-Windows-Sysmon,,,,,,,,,,,,,,,,,,,,,,,,7,,,,4688,,,,,S-1-5-18,2022-04-15 12:06:25,3,,,"{""EventID"":7,""RecordNumber"":425106,""ProviderGuid"":""{5770385F-C22A-43E0-BF4C-06F5698FFBD9}"",""SourceName"":""Microsoft-Windows-Sysmon"",""OpcodeValue"":0,""AccountName"":""SYSTEM"",""SignatureStatus"":""Valid"",""SourceModuleName"":""eventlog"",""ExecutionProcessID"":3524,""AccountType"":""User"",""Category"":""Image loaded (rule: ImageLoad)"",""Domain"":""NT AUTHORITY"",""port"":60427,""Company"":""-"",""ThreadID"":4688,""Severity"":""INFO"",""EventType"":""INFO"",""Signed"":""true"",""Channel"":""Microsoft-Windows-Sysmon/Operational"",""Opcode"":""Info"",""EventReceivedTime"":""2022-04-15 08:06:26"",""ImageLoaded"":""C:\\Windows\\System32\\umpdc.dll"",""Task"":7,""RuleName"":""-"",""Keywords"":-9223372036854775808,""Version"":3,""ProcessId"":""9496"",""Image"":""C:\\Windows\\System32\\RuntimeBroker.exe"",""Product"":""-"",""tags"":[""splunk""],""EventTime"":""2022-04-15 08:06:24"",""host"":""cybertees.net"",""SeverityValue"":2,""Message"":""Image loaded:\r\nRuleName: -\r\nUtcTime: 2022-04-15 12:06:24.737\r\nProcessGuid: {2d351099-5cc0-5f5f-3b04-000000000400}\r\nProcessId: 9496\r\nImage: C:\\Windows\\System32\\RuntimeBroker.exe\r\nImageLoaded: C:\\Windows\\System32\\umpdc.dll\r\nFileVersion: -\r\nDescription: -\r\nProduct: -\r\nCompany: -\r\nOriginalFileName: -\r\nHashes: SHA1=6ABB78FB1614C12E3E9FFF3DE98B0E13E79201D9,MD5=B9A75ED4500DD953DF172FE6F63578E8,SHA256=709B99BA1DFEF6D9B2483F37D242B12F29B1E1ADE13E338B4D7041C55B55204B,IMPHASH=5A0FF5293A05BFEBAE6F2C9C302FC5E7\r\nSigned: true\r\nSignature: Microsoft Windows\r\nSignatureStatus: Valid"",""UtcTime"":""2022-04-15 12:06:24.737"",""UserID"":""S-1-5-18"",""FileVersion"":""-"",""Description"":""-"",""OriginalFileName"":""-"",""timestamp"":""2022-04-15T12:06:26.172Z"",""Hashes"":""SHA1=6ABB78FB1614C12E3E9FFF3DE98B0E13E79201D9,MD5=B9A75ED4500DD953DF172FE6F63578E8,SHA256=709B99BA1DFEF6D9B2483F37D242B12F29B1E1ADE13E338B4D7041C55B55204B,IMPHASH=5A0FF5293A05BFEBAE6F2C9C302FC5E7"",""Signature"":""Microsoft Windows"",""@version"":""1"",""SourceModuleType"":""im_msvistalog"",""Hostname"":""James.browne"",""ProcessGuid"":""{2d351099-5cc0-5f5f-3b04-000000000400}""}",2022-04-15T08:06:22.000+0000,8,15,6,april,22,friday,2022,local,,INFO,cybertees.net,cyber-host,windowslogs,1,60427,"{"""":,"""":,"""":""{----}"","""":""--"","""":,"""":"""","""":"""","""":""""",Event_logs.json,_json,ip-10-10-40-195,,splunk,,2022-04-15T12:06:26.172Z,
1,,,,SYSTEM,User,,,,,,Image loaded (rule: ImageLoad),Microsoft-Windows-Sysmon/Operational,,Microsoft Corporation,,,,Power Profile Helper DLL,,,,,,,,,,,,NT AUTHORITY,,,,,7,,2022-04-15 8:06:26,2022-04-15 8:06:24,,3524,10.0.18362.1 (WinBuild.160101.0800),,,,,"SHA1=30D5ADBC0664977C27B65622F514632581C9AF45,MD5=07B027B1E0B775FAE815E487F28137B9,SHA256=21358CE9A416C7F6DB063095102E91F014BDB85B08A4E783E17234792C9B483A,IMPHASH=817FF4748665EB442F0081A91349F764",James.browne,C:\Windows\System32\RuntimeBroker.exe,C:\Windows\System32\powrprof.dll,,,,,,,,-9223372036854775808,,,,,,,,,"Image loaded:
RuleName: -
UtcTime: 2022-04-15 12:06:24.737
ProcessGuid: {2d351099-5cc0-5f5f-3b04-000000000400}
ProcessId: 9496
Image: C:\Windows\System32\RuntimeBroker.exe
ImageLoaded: C:\Windows\System32\powrprof.dll
FileVersion: 10.0.18362.1 (WinBuild.160101.0800)
Description: Power Profile Helper DLL
Product: Microsoft Windows Operating System
Company: Microsoft Corporation
OriginalFileName: POWRPROF.DLL
Hashes: SHA1=30D5ADBC0664977C27B65622F514632581C9AF45,MD5=07B027B1E0B775FAE815E487F28137B9,SHA256=21358CE9A416C7F6DB063095102E91F014BDB85B08A4E783E17234792C9B483A,IMPHASH=817FF4748665EB442F0081A91349F764
Signed: true
Signature: Microsoft Windows
SignatureStatus: Valid",,,,,,,,Info,0,POWRPROF.DLL,,,,,,,,,{2d351099-5cc0-5f5f-3b04-000000000400},9496,,Microsoft Windows Operating System,,{5770385F-C22A-43E0-BF4C-06F5698FFBD9},,,,425105,,,,,,,-,,INFO,2,,,Microsoft Windows,Valid,TRUE,,,,,,,eventlog,im_msvistalog,Microsoft-Windows-Sysmon,,,,,,,,,,,,,,,,,,,,,,,,7,,,,4688,,,,,S-1-5-18,2022-04-15 12:06:25,3,,,"{""EventID"":7,""RecordNumber"":425105,""ProviderGuid"":""{5770385F-C22A-43E0-BF4C-06F5698FFBD9}"",""SourceName"":""Microsoft-Windows-Sysmon"",""OpcodeValue"":0,""AccountName"":""SYSTEM"",""SignatureStatus"":""Valid"",""SourceModuleName"":""eventlog"",""ExecutionProcessID"":3524,""AccountType"":""User"",""Category"":""Image loaded (rule: ImageLoad)"",""Domain"":""NT AUTHORITY"",""port"":60427,""Company"":""Microsoft Corporation"",""ThreadID"":4688,""Severity"":""INFO"",""EventType"":""INFO"",""Signed"":""true"",""Channel"":""Microsoft-Windows-Sysmon/Operational"",""Opcode"":""Info"",""EventReceivedTime"":""2022-04-15 08:06:26"",""ImageLoaded"":""C:\\Windows\\System32\\powrprof.dll"",""Task"":7,""RuleName"":""-"",""Keywords"":-9223372036854775808,""Version"":3,""ProcessId"":""9496"",""Image"":""C:\\Windows\\System32\\RuntimeBroker.exe"",""Product"":""Microsoft Windows Operating System"",""tags"":[""splunk""],""EventTime"":""2022-04-15 08:06:24"",""host"":""cybertees.net"",""SeverityValue"":2,""Message"":""Image loaded:\r\nRuleName: -\r\nUtcTime: 2022-04-15 12:06:24.737\r\nProcessGuid: {2d351099-5cc0-5f5f-3b04-000000000400}\r\nProcessId: 9496\r\nImage: C:\\Windows\\System32\\RuntimeBroker.exe\r\nImageLoaded: C:\\Windows\\System32\\powrprof.dll\r\nFileVersion: 10.0.18362.1 (WinBuild.160101.0800)\r\nDescription: Power Profile Helper DLL\r\nProduct: Microsoft Windows Operating System\r\nCompany: Microsoft Corporation\r\nOriginalFileName: POWRPROF.DLL\r\nHashes: SHA1=30D5ADBC0664977C27B65622F514632581C9AF45,MD5=07B027B1E0B775FAE815E487F28137B9,SHA256=21358CE9A416C7F6DB063095102E91F014BDB85B08A4E783E17234792C9B483A,IMPHASH=817FF4748665EB442F0081A91349F764\r\nSigned: true\r\nSignature: Microsoft Windows\r\nSignatureStatus: Valid"",""UtcTime"":""2022-04-15 12:06:24.737"",""UserID"":""S-1-5-18"",""FileVersion"":""10.0.18362.1 (WinBuild.160101.0800)"",""Description"":""Power Profile Helper DLL"",""OriginalFileName"":""POWRPROF.DLL"",""timestamp"":""2022-04-15T12:06:26.171Z"",""Hashes"":""SHA1=30D5ADBC0664977C27B65622F514632581C9AF45,MD5=07B027B1E0B775FAE815E487F28137B9,SHA256=21358CE9A416C7F6DB063095102E91F014BDB85B08A4E783E17234792C9B483A,IMPHASH=817FF4748665EB442F0081A91349F764"",""Signature"":""Microsoft Windows"",""@version"":""1"",""SourceModuleType"":""im_msvistalog"",""Hostname"":""James.browne"",""ProcessGuid"":""{2d351099-5cc0-5f5f-3b04-000000000400}""}",2022-04-15T08:06:22.000+0000,8,15,6,april,22,friday,2022,local,,INFO,cybertees.net,cyber-host,windowslogs,1,60427,"{"""":,"""":,"""":""{----}"","""":""--"","""":,"""":"""","""":"""","""":""""",Event_logs.json,_json,ip-10-10-40-195,,splunk,,2022-04-15T12:06:26.171Z,
1,,,,SYSTEM,User,,,,,,Image loaded (rule: ImageLoad),Microsoft-Windows-Sysmon/Operational,,Microsoft Corporation,,,,Windows Cryptographic Primitives Library,,,,,,,,,,,,NT AUTHORITY,,,,,7,,2022-04-15 8:06:26,2022-04-15 8:06:24,,3524,10.0.18362.836 (WinBuild.160101.0800),,,,,"SHA1=B4222C8DC3274CFC3FE54F322D827B2F01FFF036,MD5=EF2BBEAFF07D32A2EC77FB4602FA9664,SHA256=6B47F3E88CDEDF8F31F91940E38A4544818C79D153323262F9F46B21F41D262C,IMPHASH=402DA460E2AC467F4489C588A9941032",James.browne,C:\Windows\System32\RuntimeBroker.exe,C:\Windows\System32\bcryptprimitives.dll,,,,,,,,-9223372036854775808,,,,,,,,,"Image loaded:
RuleName: -
UtcTime: 2022-04-15 12:06:24.737
ProcessGuid: {2d351099-5cc0-5f5f-3b04-000000000400}
ProcessId: 9496
Image: C:\Windows\System32\RuntimeBroker.exe
ImageLoaded: C:\Windows\System32\bcryptprimitives.dll
FileVersion: 10.0.18362.836 (WinBuild.160101.0800)
Description: Windows Cryptographic Primitives Library
Product: Microsoft Windows Operating System
Company: Microsoft Corporation
OriginalFileName: bcryptprimitives.dll
Hashes: SHA1=B4222C8DC3274CFC3FE54F322D827B2F01FFF036,MD5=EF2BBEAFF07D32A2EC77FB4602FA9664,SHA256=6B47F3E88CDEDF8F31F91940E38A4544818C79D153323262F9F46B21F41D262C,IMPHASH=402DA460E2AC467F4489C588A9941032
Signed: true
Signature: Microsoft Windows
SignatureStatus: Valid",,,,,,,,Info,0,bcryptprimitives.dll,,,,,,,,,{2d351099-5cc0-5f5f-3b04-000000000400},9496,,Microsoft Windows Operating System,,{5770385F-C22A-43E0-BF4C-06F5698FFBD9},,,,425104,,,,,,,-,,INFO,2,,,Microsoft Windows,Valid,TRUE,,,,,,,eventlog,im_msvistalog,Microsoft-Windows-Sysmon,,,,,,,,,,,,,,,,,,,,,,,,7,,,,4688,,,,,S-1-5-18,2022-04-15 12:06:25,3,,,"{""EventID"":7,""RecordNumber"":425104,""ProviderGuid"":""{5770385F-C22A-43E0-BF4C-06F5698FFBD9}"",""SourceName"":""Microsoft-Windows-Sysmon"",""OpcodeValue"":0,""AccountName"":""SYSTEM"",""SignatureStatus"":""Valid"",""SourceModuleName"":""eventlog"",""ExecutionProcessID"":3524,""AccountType"":""User"",""Category"":""Image loaded (rule: ImageLoad)"",""Domain"":""NT AUTHORITY"",""port"":60427,""Company"":""Microsoft Corporation"",""ThreadID"":4688,""Severity"":""INFO"",""EventType"":""INFO"",""Signed"":""true"",""Channel"":""Microsoft-Windows-Sysmon/Operational"",""Opcode"":""Info"",""EventReceivedTime"":""2022-04-15 08:06:26"",""ImageLoaded"":""C:\\Windows\\System32\\bcryptprimitives.dll"",""Task"":7,""RuleName"":""-"",""Keywords"":-9223372036854775808,""Version"":3,""ProcessId"":""9496"",""Image"":""C:\\Windows\\System32\\RuntimeBroker.exe"",""Product"":""Microsoft Windows Operating System"",""tags"":[""splunk""],""EventTime"":""2022-04-15 08:06:24"",""host"":""cybertees.net"",""SeverityValue"":2,""Message"":""Image loaded:\r\nRuleName: -\r\nUtcTime: 2022-04-15 12:06:24.737\r\nProcessGuid: {2d351099-5cc0-5f5f-3b04-000000000400}\r\nProcessId: 9496\r\nImage: C:\\Windows\\System32\\RuntimeBroker.exe\r\nImageLoaded: C:\\Windows\\System32\\bcryptprimitives.dll\r\nFileVersion: 10.0.18362.836 (WinBuild.160101.0800)\r\nDescription: Windows Cryptographic Primitives Library\r\nProduct: Microsoft Windows Operating System\r\nCompany: Microsoft Corporation\r\nOriginalFileName: bcryptprimitives.dll\r\nHashes: SHA1=B4222C8DC3274CFC3FE54F322D827B2F01FFF036,MD5=EF2BBEAFF07D32A2EC77FB4602FA9664,SHA256=6B47F3E88CDEDF8F31F91940E38A4544818C79D153323262F9F46B21F41D262C,IMPHASH=402DA460E2AC467F4489C588A9941032\r\nSigned: true\r\nSignature: Microsoft Windows\r\nSignatureStatus: Valid"",""UtcTime"":""2022-04-15 12:06:24.737"",""UserID"":""S-1-5-18"",""FileVersion"":""10.0.18362.836 (WinBuild.160101.0800)"",""Description"":""Windows Cryptographic Primitives Library"",""OriginalFileName"":""bcryptprimitives.dll"",""timestamp"":""2022-04-15T12:06:26.171Z"",""Hashes"":""SHA1=B4222C8DC3274CFC3FE54F322D827B2F01FFF036,MD5=EF2BBEAFF07D32A2EC77FB4602FA9664,SHA256=6B47F3E88CDEDF8F31F91940E38A4544818C79D153323262F9F46B21F41D262C,IMPHASH=402DA460E2AC467F4489C588A9941032"",""Signature"":""Microsoft Windows"",""@version"":""1"",""SourceModuleType"":""im_msvistalog"",""Hostname"":""James.browne"",""ProcessGuid"":""{2d351099-5cc0-5f5f-3b04-000000000400}""}",2022-04-15T08:06:22.000+0000,8,15,6,april,22,friday,2022,local,,INFO,cybertees.net,cyber-host,windowslogs,1,60427,"{"""":,"""":,"""":""{----}"","""":""--"","""":,"""":"""","""":"""","""":""""",Event_logs.json,_json,ip-10-10-40-195,,splunk,,2022-04-15T12:06:26.171Z,
1,,,,SYSTEM,User,,,,,,Image loaded (rule: ImageLoad),Microsoft-Windows-Sysmon/Operational,,Microsoft Corporation,,,,Remote Procedure Call Runtime,,,,,,,,,,,,NT AUTHORITY,,,,,7,,2022-04-15 8:06:26,2022-04-15 8:06:24,,3524,10.0.18362.1082 (WinBuild.160101.0800),,,,,"SHA1=863C24BD6E91FDCDEDE1124EFC93FDD1564F0C23,MD5=61C41B28689BB516F1CFC880507C839B,SHA256=DAF391DB91AC04B50A0C896963F5120A52C8B1B4999BF37BE80AB025AB116700,IMPHASH=88E7E7C7FA90052EC162DD37F2B7C7BD",James.browne,C:\Windows\System32\RuntimeBroker.exe,C:\Windows\System32\rpcrt4.dll,,,,,,,,-9223372036854775808,,,,,,,,,"Image loaded:
RuleName: -
UtcTime: 2022-04-15 12:06:24.737
ProcessGuid: {2d351099-5cc0-5f5f-3b04-000000000400}
ProcessId: 9496
Image: C:\Windows\System32\RuntimeBroker.exe
ImageLoaded: C:\Windows\System32\rpcrt4.dll
FileVersion: 10.0.18362.1082 (WinBuild.160101.0800)
Description: Remote Procedure Call Runtime
Product: Microsoft Windows Operating System
Company: Microsoft Corporation
OriginalFileName: rpcrt4.dll
Hashes: SHA1=863C24BD6E91FDCDEDE1124EFC93FDD1564F0C23,MD5=61C41B28689BB516F1CFC880507C839B,SHA256=DAF391DB91AC04B50A0C896963F5120A52C8B1B4999BF37BE80AB025AB116700,IMPHASH=88E7E7C7FA90052EC162DD37F2B7C7BD
Signed: true
Signature: Microsoft Windows
SignatureStatus: Valid",,,,,,,,Info,0,rpcrt4.dll,,,,,,,,,{2d351099-5cc0-5f5f-3b04-000000000400},9496,,Microsoft Windows Operating System,,{5770385F-C22A-43E0-BF4C-06F5698FFBD9},,,,425103,,,,,,,-,,INFO,2,,,Microsoft Windows,Valid,TRUE,,,,,,,eventlog,im_msvistalog,Microsoft-Windows-Sysmon,,,,,,,,,,,,,,,,,,,,,,,,7,,,,4688,,,,,S-1-5-18,2022-04-15 12:06:25,3,,,"{""EventID"":7,""RecordNumber"":425103,""ProviderGuid"":""{5770385F-C22A-43E0-BF4C-06F5698FFBD9}"",""SourceName"":""Microsoft-Windows-Sysmon"",""OpcodeValue"":0,""AccountName"":""SYSTEM"",""SignatureStatus"":""Valid"",""SourceModuleName"":""eventlog"",""ExecutionProcessID"":3524,""AccountType"":""User"",""Category"":""Image loaded (rule: ImageLoad)"",""Domain"":""NT AUTHORITY"",""port"":60427,""Company"":""Microsoft Corporation"",""ThreadID"":4688,""Severity"":""INFO"",""EventType"":""INFO"",""Signed"":""true"",""Channel"":""Microsoft-Windows-Sysmon/Operational"",""Opcode"":""Info"",""EventReceivedTime"":""2022-04-15 08:06:26"",""ImageLoaded"":""C:\\Windows\\System32\\rpcrt4.dll"",""Task"":7,""RuleName"":""-"",""Keywords"":-9223372036854775808,""Version"":3,""ProcessId"":""9496"",""Image"":""C:\\Windows\\System32\\RuntimeBroker.exe"",""Product"":""Microsoft Windows Operating System"",""tags"":[""splunk""],""EventTime"":""2022-04-15 08:06:24"",""host"":""cybertees.net"",""SeverityValue"":2,""Message"":""Image loaded:\r\nRuleName: -\r\nUtcTime: 2022-04-15 12:06:24.737\r\nProcessGuid: {2d351099-5cc0-5f5f-3b04-000000000400}\r\nProcessId: 9496\r\nImage: C:\\Windows\\System32\\RuntimeBroker.exe\r\nImageLoaded: C:\\Windows\\System32\\rpcrt4.dll\r\nFileVersion: 10.0.18362.1082 (WinBuild.160101.0800)\r\nDescription: Remote Procedure Call Runtime\r\nProduct: Microsoft Windows Operating System\r\nCompany: Microsoft Corporation\r\nOriginalFileName: rpcrt4.dll\r\nHashes: SHA1=863C24BD6E91FDCDEDE1124EFC93FDD1564F0C23,MD5=61C41B28689BB516F1CFC880507C839B,SHA256=DAF391DB91AC04B50A0C896963F5120A52C8B1B4999BF37BE80AB025AB116700,IMPHASH=88E7E7C7FA90052EC162DD37F2B7C7BD\r\nSigned: true\r\nSignature: Microsoft Windows\r\nSignatureStatus: Valid"",""UtcTime"":""2022-04-15 12:06:24.737"",""UserID"":""S-1-5-18"",""FileVersion"":""10.0.18362.1082 (WinBuild.160101.0800)"",""Description"":""Remote Procedure Call Runtime"",""OriginalFileName"":""rpcrt4.dll"",""timestamp"":""2022-04-15T12:06:26.170Z"",""Hashes"":""SHA1=863C24BD6E91FDCDEDE1124EFC93FDD1564F0C23,MD5=61C41B28689BB516F1CFC880507C839B,SHA256=DAF391DB91AC04B50A0C896963F5120A52C8B1B4999BF37BE80AB025AB116700,IMPHASH=88E7E7C7FA90052EC162DD37F2B7C7BD"",""Signature"":""Microsoft Windows"",""@version"":""1"",""SourceModuleType"":""im_msvistalog"",""Hostname"":""James.browne"",""ProcessGuid"":""{2d351099-5cc0-5f5f-3b04-000000000400}""}",2022-04-15T08:06:22.000+0000,8,15,6,april,22,friday,2022,local,,INFO,cybertees.net,cyber-host,windowslogs,1,60427,"{"""":,"""":,"""":""{----}"","""":""--"","""":,"""":"""","""":"""","""":""""",Event_logs.json,_json,ip-10-10-40-195,,splunk,,2022-04-15T12:06:26.170Z,
1,,,,SYSTEM,User,,,,,,Image loaded (rule: ImageLoad),Microsoft-Windows-Sysmon/Operational,,Microsoft Corporation,,,,Microsoft COM for Windows,,,,,,,,,,,,NT AUTHORITY,,,,,7,,2022-04-15 8:06:26,2022-04-15 8:06:24,,3524,10.0.18362.1082 (WinBuild.160101.0800),,,,,"SHA1=03829F72B93B3DA8A5778A295948F2F967A8AD9A,MD5=655C13F8AA80901935F1086709E27812,SHA256=28D91C9176D50DBC4939BB21BB00DDB17B1C589EEB9E058533E6AA125E86FA4F,IMPHASH=D1A511866766E387FD0DAF3ACBB54B12",James.browne,C:\Windows\System32\RuntimeBroker.exe,C:\Windows\System32\combase.dll,,,,,,,,-9223372036854775808,,,,,,,,,"Image loaded:
RuleName: -
UtcTime: 2022-04-15 12:06:24.737
ProcessGuid: {2d351099-5cc0-5f5f-3b04-000000000400}
ProcessId: 9496
Image: C:\Windows\System32\RuntimeBroker.exe
ImageLoaded: C:\Windows\System32\combase.dll
FileVersion: 10.0.18362.1082 (WinBuild.160101.0800)
Description: Microsoft COM for Windows
Product: Microsoft Windows Operating System
Company: Microsoft Corporation
OriginalFileName: COMBASE.DLL
Hashes: SHA1=03829F72B93B3DA8A5778A295948F2F967A8AD9A,MD5=655C13F8AA80901935F1086709E27812,SHA256=28D91C9176D50DBC4939BB21BB00DDB17B1C589EEB9E058533E6AA125E86FA4F,IMPHASH=D1A511866766E387FD0DAF3ACBB54B12
Signed: true
Signature: Microsoft Windows
SignatureStatus: Valid",,,,,,,,Info,0,COMBASE.DLL,,,,,,,,,{2d351099-5cc0-5f5f-3b04-000000000400},9496,,Microsoft Windows Operating System,,{5770385F-C22A-43E0-BF4C-06F5698FFBD9},,,,425102,,,,,,,-,,INFO,2,,,Microsoft Windows,Valid,TRUE,,,,,,,eventlog,im_msvistalog,Microsoft-Windows-Sysmon,,,,,,,,,,,,,,,,,,,,,,,,7,,,,4688,,,,,S-1-5-18,2022-04-15 12:06:25,3,,,"{""EventID"":7,""RecordNumber"":425102,""ProviderGuid"":""{5770385F-C22A-43E0-BF4C-06F5698FFBD9}"",""SourceName"":""Microsoft-Windows-Sysmon"",""OpcodeValue"":0,""AccountName"":""SYSTEM"",""SignatureStatus"":""Valid"",""SourceModuleName"":""eventlog"",""ExecutionProcessID"":3524,""AccountType"":""User"",""Category"":""Image loaded (rule: ImageLoad)"",""Domain"":""NT AUTHORITY"",""port"":60427,""Company"":""Microsoft Corporation"",""ThreadID"":4688,""Severity"":""INFO"",""EventType"":""INFO"",""Signed"":""true"",""Channel"":""Microsoft-Windows-Sysmon/Operational"",""Opcode"":""Info"",""EventReceivedTime"":""2022-04-15 08:06:26"",""ImageLoaded"":""C:\\Windows\\System32\\combase.dll"",""Task"":7,""RuleName"":""-"",""Keywords"":-9223372036854775808,""Version"":3,""ProcessId"":""9496"",""Image"":""C:\\Windows\\System32\\RuntimeBroker.exe"",""Product"":""Microsoft Windows Operating System"",""tags"":[""splunk""],""EventTime"":""2022-04-15 08:06:24"",""host"":""cybertees.net"",""SeverityValue"":2,""Message"":""Image loaded:\r\nRuleName: -\r\nUtcTime: 2022-04-15 12:06:24.737\r\nProcessGuid: {2d351099-5cc0-5f5f-3b04-000000000400}\r\nProcessId: 9496\r\nImage: C:\\Windows\\System32\\RuntimeBroker.exe\r\nImageLoaded: C:\\Windows\\System32\\combase.dll\r\nFileVersion: 10.0.18362.1082 (WinBuild.160101.0800)\r\nDescription: Microsoft COM for Windows\r\nProduct: Microsoft Windows Operating System\r\nCompany: Microsoft Corporation\r\nOriginalFileName: COMBASE.DLL\r\nHashes: SHA1=03829F72B93B3DA8A5778A295948F2F967A8AD9A,MD5=655C13F8AA80901935F1086709E27812,SHA256=28D91C9176D50DBC4939BB21BB00DDB17B1C589EEB9E058533E6AA125E86FA4F,IMPHASH=D1A511866766E387FD0DAF3ACBB54B12\r\nSigned: true\r\nSignature: Microsoft Windows\r\nSignatureStatus: Valid"",""UtcTime"":""2022-04-15 12:06:24.737"",""UserID"":""S-1-5-18"",""FileVersion"":""10.0.18362.1082 (WinBuild.160101.0800)"",""Description"":""Microsoft COM for Windows"",""OriginalFileName"":""COMBASE.DLL"",""timestamp"":""2022-04-15T12:06:26.169Z"",""Hashes"":""SHA1=03829F72B93B3DA8A5778A295948F2F967A8AD9A,MD5=655C13F8AA80901935F1086709E27812,SHA256=28D91C9176D50DBC4939BB21BB00DDB17B1C589EEB9E058533E6AA125E86FA4F,IMPHASH=D1A511866766E387FD0DAF3ACBB54B12"",""Signature"":""Microsoft Windows"",""@version"":""1"",""SourceModuleType"":""im_msvistalog"",""Hostname"":""James.browne"",""ProcessGuid"":""{2d351099-5cc0-5f5f-3b04-000000000400}""}",2022-04-15T08:06:22.000+0000,8,15,6,april,22,friday,2022,local,,INFO,cybertees.net,cyber-host,windowslogs,1,60427,"{"""":,"""":,"""":""{----}"","""":""--"","""":,"""":"""","""":"""","""":""""",Event_logs.json,_json,ip-10-10-40-195,,splunk,,2022-04-15T12:06:26.169Z,
1,,,,SYSTEM,User,,,,,,Image loaded (rule: ImageLoad),Microsoft-Windows-Sysmon/Operational,,Microsoft Corporation,,,,Microsoft C Runtime Library,,,,,,,,,,,,NT AUTHORITY,,,,,7,,2022-04-15 8:06:26,2022-04-15 8:06:24,,3524,10.0.18362.815 (WinBuild.160101.0800),,,,,"SHA1=53F8B431D10FDB2C001D58120280A417B01073BE,MD5=F0DA14E390F0CCB58EAAD34D9B309E4B,SHA256=7EE229626B22799FAA28CD7C22D4FF2AD0603C17E5F5EE9086FA7CF6483331FB,IMPHASH=5AE9A136FAFA10321F3D48251BF4F6A1",James.browne,C:\Windows\System32\RuntimeBroker.exe,C:\Windows\System32\ucrtbase.dll,,,,,,,,-9223372036854775808,,,,,,,,,"Image loaded:
RuleName: -
UtcTime: 2022-04-15 12:06:24.737
ProcessGuid: {2d351099-5cc0-5f5f-3b04-000000000400}
ProcessId: 9496
Image: C:\Windows\System32\RuntimeBroker.exe
ImageLoaded: C:\Windows\System32\ucrtbase.dll
FileVersion: 10.0.18362.815 (WinBuild.160101.0800)
Description: Microsoft C Runtime Library
Product: Microsoft Windows Operating System
Company: Microsoft Corporation
OriginalFileName: ucrtbase.dll
Hashes: SHA1=53F8B431D10FDB2C001D58120280A417B01073BE,MD5=F0DA14E390F0CCB58EAAD34D9B309E4B,SHA256=7EE229626B22799FAA28CD7C22D4FF2AD0603C17E5F5EE9086FA7CF6483331FB,IMPHASH=5AE9A136FAFA10321F3D48251BF4F6A1
Signed: true
Signature: Microsoft Windows
SignatureStatus: Valid",,,,,,,,Info,0,ucrtbase.dll,,,,,,,,,{2d351099-5cc0-5f5f-3b04-000000000400},9496,,Microsoft Windows Operating System,,{5770385F-C22A-43E0-BF4C-06F5698FFBD9},,,,425101,,,,,,,-,,INFO,2,,,Microsoft Windows,Valid,TRUE,,,,,,,eventlog,im_msvistalog,Microsoft-Windows-Sysmon,,,,,,,,,,,,,,,,,,,,,,,,7,,,,4688,,,,,S-1-5-18,2022-04-15 12:06:25,3,,,"{""EventID"":7,""RecordNumber"":425101,""ProviderGuid"":""{5770385F-C22A-43E0-BF4C-06F5698FFBD9}"",""SourceName"":""Microsoft-Windows-Sysmon"",""OpcodeValue"":0,""AccountName"":""SYSTEM"",""SignatureStatus"":""Valid"",""SourceModuleName"":""eventlog"",""ExecutionProcessID"":3524,""AccountType"":""User"",""Category"":""Image loaded (rule: ImageLoad)"",""Domain"":""NT AUTHORITY"",""port"":60427,""Company"":""Microsoft Corporation"",""ThreadID"":4688,""Severity"":""INFO"",""EventType"":""INFO"",""Signed"":""true"",""Channel"":""Microsoft-Windows-Sysmon/Operational"",""Opcode"":""Info"",""EventReceivedTime"":""2022-04-15 08:06:26"",""ImageLoaded"":""C:\\Windows\\System32\\ucrtbase.dll"",""Task"":7,""RuleName"":""-"",""Keywords"":-9223372036854775808,""Version"":3,""ProcessId"":""9496"",""Image"":""C:\\Windows\\System32\\RuntimeBroker.exe"",""Product"":""Microsoft Windows Operating System"",""tags"":[""splunk""],""EventTime"":""2022-04-15 08:06:24"",""host"":""cybertees.net"",""SeverityValue"":2,""Message"":""Image loaded:\r\nRuleName: -\r\nUtcTime: 2022-04-15 12:06:24.737\r\nProcessGuid: {2d351099-5cc0-5f5f-3b04-000000000400}\r\nProcessId: 9496\r\nImage: C:\\Windows\\System32\\RuntimeBroker.exe\r\nImageLoaded: C:\\Windows\\System32\\ucrtbase.dll\r\nFileVersion: 10.0.18362.815 (WinBuild.160101.0800)\r\nDescription: Microsoft C Runtime Library\r\nProduct: Microsoft Windows Operating System\r\nCompany: Microsoft Corporation\r\nOriginalFileName: ucrtbase.dll\r\nHashes: SHA1=53F8B431D10FDB2C001D58120280A417B01073BE,MD5=F0DA14E390F0CCB58EAAD34D9B309E4B,SHA256=7EE229626B22799FAA28CD7C22D4FF2AD0603C17E5F5EE9086FA7CF6483331FB,IMPHASH=5AE9A136FAFA10321F3D48251BF4F6A1\r\nSigned: true\r\nSignature: Microsoft Windows\r\nSignatureStatus: Valid"",""UtcTime"":""2022-04-15 12:06:24.737"",""UserID"":""S-1-5-18"",""FileVersion"":""10.0.18362.815 (WinBuild.160101.0800)"",""Description"":""Microsoft C Runtime Library"",""OriginalFileName"":""ucrtbase.dll"",""timestamp"":""2022-04-15T12:06:26.169Z"",""Hashes"":""SHA1=53F8B431D10FDB2C001D58120280A417B01073BE,MD5=F0DA14E390F0CCB58EAAD34D9B309E4B,SHA256=7EE229626B22799FAA28CD7C22D4FF2AD0603C17E5F5EE9086FA7CF6483331FB,IMPHASH=5AE9A136FAFA10321F3D48251BF4F6A1"",""Signature"":""Microsoft Windows"",""@version"":""1"",""SourceModuleType"":""im_msvistalog"",""Hostname"":""James.browne"",""ProcessGuid"":""{2d351099-5cc0-5f5f-3b04-000000000400}""}",2022-04-15T08:06:22.000+0000,8,15,6,april,22,friday,2022,local,,INFO,cybertees.net,cyber-host,windowslogs,1,60427,"{"""":,"""":,"""":""{----}"","""":""--"","""":,"""":"""","""":"""","""":""""",Event_logs.json,_json,ip-10-10-40-195,,splunk,,2022-04-15T12:06:26.169Z,
1,,,,SYSTEM,User,,,,,C:\windows\SYSTEM32\ntdll.dll+9d104|C:\windows\SYSTEM32\CSRSRV.dll+1430|C:\windows\SYSTEM32\CSRSRV.dll+5fd9|C:\windows\SYSTEM32\ntdll.dll+6ce5f,Process accessed (rule: ProcessAccess),Microsoft-Windows-Sysmon/Operational,,,,,,,,,,,,,,,,,,NT AUTHORITY,,,,,10,,2022-04-15 8:06:26,2022-04-15 8:06:24,,3524,,,0x1fffff,,,,James.browne,,,,,,,,,,-9223372036854775808,,,,,,,,,"Process accessed:
RuleName: -
UtcTime: 2022-04-15 12:06:24.737
SourceProcessGUID: {2d351099-5582-5f5f-2503-000000000400}
SourceProcessId: 3032
SourceThreadId: 60
SourceImage: C:\windows\system32\csrss.exe
TargetProcessGUID: {2d351099-5cc0-5f5f-3b04-000000000400}
TargetProcessId: 9496
TargetImage: C:\Windows\System32\RuntimeBroker.exe
GrantedAccess: 0x1FFFFF
CallTrace: C:\windows\SYSTEM32\ntdll.dll+9d104|C:\windows\SYSTEM32\CSRSRV.dll+1430|C:\windows\SYSTEM32\CSRSRV.dll+5fd9|C:\windows\SYSTEM32\ntdll.dll+6ce5f",,,,,,,,Info,0,,,,,,,,,,,3032,,,,{5770385F-C22A-43E0-BF4C-06F5698FFBD9},,,,425100,,,,,,,-,,INFO,2,,,,,,,,,C:\windows\system32\csrss.exe,,,eventlog,im_msvistalog,Microsoft-Windows-Sysmon,,,{2d351099-5582-5f5f-2503-000000000400},3032,60,,,,,,,,,C:\Windows\System32\RuntimeBroker.exe,,,,,,{2d351099-5cc0-5f5f-3b04-000000000400},9496,,,10,,,,4688,,,,,S-1-5-18,2022-04-15 12:06:25,3,,,"{""EventID"":10,""RecordNumber"":425100,""ProviderGuid"":""{5770385F-C22A-43E0-BF4C-06F5698FFBD9}"",""SourceName"":""Microsoft-Windows-Sysmon"",""OpcodeValue"":0,""AccountName"":""SYSTEM"",""SourceImage"":""C:\\windows\\system32\\csrss.exe"",""SourceModuleName"":""eventlog"",""ExecutionProcessID"":3524,""AccountType"":""User"",""Category"":""Process accessed (rule: ProcessAccess)"",""SourceProcessId"":""3032"",""Domain"":""NT AUTHORITY"",""port"":60427,""ThreadID"":4688,""Severity"":""INFO"",""EventType"":""INFO"",""Channel"":""Microsoft-Windows-Sysmon/Operational"",""Opcode"":""Info"",""EventReceivedTime"":""2022-04-15 08:06:26"",""Task"":10,""RuleName"":""-"",""Keywords"":-9223372036854775808,""Version"":3,""ProcessId"":""3032"",""tags"":[""splunk""],""GrantedAccess"":""0x1fffff"",""SourceProcessGUID"":""{2d351099-5582-5f5f-2503-000000000400}"",""EventTime"":""2022-04-15 08:06:24"",""host"":""cybertees.net"",""SeverityValue"":2,""CallTrace"":""C:\\windows\\SYSTEM32\\ntdll.dll+9d104|C:\\windows\\SYSTEM32\\CSRSRV.dll+1430|C:\\windows\\SYSTEM32\\CSRSRV.dll+5fd9|C:\\windows\\SYSTEM32\\ntdll.dll+6ce5f"",""Message"":""Process accessed:\r\nRuleName: -\r\nUtcTime: 2022-04-15 12:06:24.737\r\nSourceProcessGUID: {2d351099-5582-5f5f-2503-000000000400}\r\nSourceProcessId: 3032\r\nSourceThreadId: 60\r\nSourceImage: C:\\windows\\system32\\csrss.exe\r\nTargetProcessGUID: {2d351099-5cc0-5f5f-3b04-000000000400}\r\nTargetProcessId: 9496\r\nTargetImage: C:\\Windows\\System32\\RuntimeBroker.exe\r\nGrantedAccess: 0x1FFFFF\r\nCallTrace: C:\\windows\\SYSTEM32\\ntdll.dll+9d104|C:\\windows\\SYSTEM32\\CSRSRV.dll+1430|C:\\windows\\SYSTEM32\\CSRSRV.dll+5fd9|C:\\windows\\SYSTEM32\\ntdll.dll+6ce5f"",""UtcTime"":""2022-04-15 12:06:24.737"",""UserID"":""S-1-5-18"",""timestamp"":""2022-04-15T12:06:26.168Z"",""TargetProcessId"":""9496"",""SourceThreadId"":""60"",""@version"":""1"",""TargetProcessGUID"":""{2d351099-5cc0-5f5f-3b04-000000000400}"",""SourceModuleType"":""im_msvistalog"",""TargetImage"":""C:\\Windows\\System32\\RuntimeBroker.exe"",""Hostname"":""James.browne""}",2022-04-15T08:06:22.000+0000,8,15,6,april,22,friday,2022,local,,INFO,cybertees.net,cyber-host,windowslogs,1,60427,"{"""":,"""":,"""":""{----}"","""":""--"","""":,"""":"""","""":"":\\\\\\",Event_logs.json,_json,ip-10-10-40-195,,splunk,,2022-04-15T12:06:26.168Z,
1,,,,SYSTEM,User,,,,,,Image loaded (rule: ImageLoad),Microsoft-Windows-Sysmon/Operational,,Microsoft Corporation,,,,Windows NT BASE API Client DLL,,,,,,,,,,,,NT AUTHORITY,,,,,7,,2022-04-15 8:06:26,2022-04-15 8:06:24,,3524,10.0.18362.1049 (WinBuild.160101.0800),,,,,"SHA1=0BE0E331F4F9C2ED8C9D989CDCFD10463FE3E047,MD5=D62F3401037D0D0CE1F41555B72F1B60,SHA256=B51E88CCD1517E923A7A3E21B2AFC856927D529F5C5668A072B4B12AC70AD46B,IMPHASH=16003AF856720C35351BB8C14AD0B0A8",James.browne,C:\Windows\System32\RuntimeBroker.exe,C:\Windows\System32\KernelBase.dll,,,,,,,,-9223372036854775808,,,,,,,,,"Image loaded:
RuleName: -
UtcTime: 2022-04-15 12:06:24.721
ProcessGuid: {2d351099-5cc0-5f5f-3b04-000000000400}
ProcessId: 9496
Image: C:\Windows\System32\RuntimeBroker.exe
ImageLoaded: C:\Windows\System32\KernelBase.dll
FileVersion: 10.0.18362.1049 (WinBuild.160101.0800)
Description: Windows NT BASE API Client DLL
Product: Microsoft Windows Operating System
Company: Microsoft Corporation
OriginalFileName: Kernelbase.dll
Hashes: SHA1=0BE0E331F4F9C2ED8C9D989CDCFD10463FE3E047,MD5=D62F3401037D0D0CE1F41555B72F1B60,SHA256=B51E88CCD1517E923A7A3E21B2AFC856927D529F5C5668A072B4B12AC70AD46B,IMPHASH=16003AF856720C35351BB8C14AD0B0A8
Signed: true
Signature: Microsoft Windows
SignatureStatus: Valid",,,,,,,,Info,0,Kernelbase.dll,,,,,,,,,{2d351099-5cc0-5f5f-3b04-000000000400},9496,,Microsoft Windows Operating System,,{5770385F-C22A-43E0-BF4C-06F5698FFBD9},,,,425099,,,,,,,-,,INFO,2,,,Microsoft Windows,Valid,TRUE,,,,,,,eventlog,im_msvistalog,Microsoft-Windows-Sysmon,,,,,,,,,,,,,,,,,,,,,,,,7,,,,4688,,,,,S-1-5-18,2022-04-15 12:06:25,3,,,"{""EventID"":7,""RecordNumber"":425099,""ProviderGuid"":""{5770385F-C22A-43E0-BF4C-06F5698FFBD9}"",""SourceName"":""Microsoft-Windows-Sysmon"",""OpcodeValue"":0,""AccountName"":""SYSTEM"",""SignatureStatus"":""Valid"",""SourceModuleName"":""eventlog"",""ExecutionProcessID"":3524,""AccountType"":""User"",""Category"":""Image loaded (rule: ImageLoad)"",""Domain"":""NT AUTHORITY"",""port"":60427,""Company"":""Microsoft Corporation"",""ThreadID"":4688,""Severity"":""INFO"",""EventType"":""INFO"",""Signed"":""true"",""Channel"":""Microsoft-Windows-Sysmon/Operational"",""Opcode"":""Info"",""EventReceivedTime"":""2022-04-15 08:06:26"",""ImageLoaded"":""C:\\Windows\\System32\\KernelBase.dll"",""Task"":7,""RuleName"":""-"",""Keywords"":-9223372036854775808,""Version"":3,""ProcessId"":""9496"",""Image"":""C:\\Windows\\System32\\RuntimeBroker.exe"",""Product"":""Microsoft Windows Operating System"",""tags"":[""splunk""],""EventTime"":""2022-04-15 08:06:24"",""host"":""cybertees.net"",""SeverityValue"":2,""Message"":""Image loaded:\r\nRuleName: -\r\nUtcTime: 2022-04-15 12:06:24.721\r\nProcessGuid: {2d351099-5cc0-5f5f-3b04-000000000400}\r\nProcessId: 9496\r\nImage: C:\\Windows\\System32\\RuntimeBroker.exe\r\nImageLoaded: C:\\Windows\\System32\\KernelBase.dll\r\nFileVersion: 10.0.18362.1049 (WinBuild.160101.0800)\r\nDescription: Windows NT BASE API Client DLL\r\nProduct: Microsoft Windows Operating System\r\nCompany: Microsoft Corporation\r\nOriginalFileName: Kernelbase.dll\r\nHashes: SHA1=0BE0E331F4F9C2ED8C9D989CDCFD10463FE3E047,MD5=D62F3401037D0D0CE1F41555B72F1B60,SHA256=B51E88CCD1517E923A7A3E21B2AFC856927D529F5C5668A072B4B12AC70AD46B,IMPHASH=16003AF856720C35351BB8C14AD0B0A8\r\nSigned: true\r\nSignature: Microsoft Windows\r\nSignatureStatus: Valid"",""UtcTime"":""2022-04-15 12:06:24.721"",""UserID"":""S-1-5-18"",""FileVersion"":""10.0.18362.1049 (WinBuild.160101.0800)"",""Description"":""Windows NT BASE API Client DLL"",""OriginalFileName"":""Kernelbase.dll"",""timestamp"":""2022-04-15T12:06:26.168Z"",""Hashes"":""SHA1=0BE0E331F4F9C2ED8C9D989CDCFD10463FE3E047,MD5=D62F3401037D0D0CE1F41555B72F1B60,SHA256=B51E88CCD1517E923A7A3E21B2AFC856927D529F5C5668A072B4B12AC70AD46B,IMPHASH=16003AF856720C35351BB8C14AD0B0A8"",""Signature"":""Microsoft Windows"",""@version"":""1"",""SourceModuleType"":""im_msvistalog"",""Hostname"":""James.browne"",""ProcessGuid"":""{2d351099-5cc0-5f5f-3b04-000000000400}""}",2022-04-15T08:06:22.000+0000,8,15,6,april,22,friday,2022,local,,INFO,cybertees.net,cyber-host,windowslogs,1,60427,"{"""":,"""":,"""":""{----}"","""":""--"","""":,"""":"""","""":"""","""":""""",Event_logs.json,_json,ip-10-10-40-195,,splunk,,2022-04-15T12:06:26.168Z,
1,,,,SYSTEM,User,,,,,,Image loaded (rule: ImageLoad),Microsoft-Windows-Sysmon/Operational,,Microsoft Corporation,,,,Windows NT BASE API Client DLL,,,,,,,,,,,,NT AUTHORITY,,,,,7,,2022-04-15 8:06:26,2022-04-15 8:06:24,,3524,10.0.18362.1082 (WinBuild.160101.0800),,,,,"SHA1=9044BFB6E7D920BB4586123237B512238F2EA726,MD5=B78D8D39F63C5B7B9A2F4BC31076C954,SHA256=08BE2EE23EE5A7722C4BACA3BD8F0EABA7A56302F0051E6802A36D35AB0BC41C,IMPHASH=F9F97E60CFCD78BE051D9570C88FFB6F",James.browne,C:\Windows\System32\RuntimeBroker.exe,C:\Windows\System32\kernel32.dll,,,,,,,,-9223372036854775808,,,,,,,,,"Image loaded:
RuleName: -
UtcTime: 2022-04-15 12:06:24.721
ProcessGuid: {2d351099-5cc0-5f5f-3b04-000000000400}
ProcessId: 9496
Image: C:\Windows\System32\RuntimeBroker.exe
ImageLoaded: C:\Windows\System32\kernel32.dll
FileVersion: 10.0.18362.1082 (WinBuild.160101.0800)
Description: Windows NT BASE API Client DLL
Product: Microsoft Windows Operating System
Company: Microsoft Corporation
OriginalFileName: kernel32
Hashes: SHA1=9044BFB6E7D920BB4586123237B512238F2EA726,MD5=B78D8D39F63C5B7B9A2F4BC31076C954,SHA256=08BE2EE23EE5A7722C4BACA3BD8F0EABA7A56302F0051E6802A36D35AB0BC41C,IMPHASH=F9F97E60CFCD78BE051D9570C88FFB6F
Signed: true
Signature: Microsoft Windows
SignatureStatus: Valid",,,,,,,,Info,0,kernel32,,,,,,,,,{2d351099-5cc0-5f5f-3b04-000000000400},9496,,Microsoft Windows Operating System,,{5770385F-C22A-43E0-BF4C-06F5698FFBD9},,,,425098,,,,,,,-,,INFO,2,,,Microsoft Windows,Valid,TRUE,,,,,,,eventlog,im_msvistalog,Microsoft-Windows-Sysmon,,,,,,,,,,,,,,,,,,,,,,,,7,,,,4688,,,,,S-1-5-18,2022-04-15 12:06:25,3,,,"{""EventID"":7,""RecordNumber"":425098,""ProviderGuid"":""{5770385F-C22A-43E0-BF4C-06F5698FFBD9}"",""SourceName"":""Microsoft-Windows-Sysmon"",""OpcodeValue"":0,""AccountName"":""SYSTEM"",""SignatureStatus"":""Valid"",""SourceModuleName"":""eventlog"",""ExecutionProcessID"":3524,""AccountType"":""User"",""Category"":""Image loaded (rule: ImageLoad)"",""Domain"":""NT AUTHORITY"",""port"":60427,""Company"":""Microsoft Corporation"",""ThreadID"":4688,""Severity"":""INFO"",""EventType"":""INFO"",""Signed"":""true"",""Channel"":""Microsoft-Windows-Sysmon/Operational"",""Opcode"":""Info"",""EventReceivedTime"":""2022-04-15 08:06:26"",""ImageLoaded"":""C:\\Windows\\System32\\kernel32.dll"",""Task"":7,""RuleName"":""-"",""Keywords"":-9223372036854775808,""Version"":3,""ProcessId"":""9496"",""Image"":""C:\\Windows\\System32\\RuntimeBroker.exe"",""Product"":""Microsoft Windows Operating System"",""tags"":[""splunk""],""EventTime"":""2022-04-15 08:06:24"",""host"":""cybertees.net"",""SeverityValue"":2,""Message"":""Image loaded:\r\nRuleName: -\r\nUtcTime: 2022-04-15 12:06:24.721\r\nProcessGuid: {2d351099-5cc0-5f5f-3b04-000000000400}\r\nProcessId: 9496\r\nImage: C:\\Windows\\System32\\RuntimeBroker.exe\r\nImageLoaded: C:\\Windows\\System32\\kernel32.dll\r\nFileVersion: 10.0.18362.1082 (WinBuild.160101.0800)\r\nDescription: Windows NT BASE API Client DLL\r\nProduct: Microsoft Windows Operating System\r\nCompany: Microsoft Corporation\r\nOriginalFileName: kernel32\r\nHashes: SHA1=9044BFB6E7D920BB4586123237B512238F2EA726,MD5=B78D8D39F63C5B7B9A2F4BC31076C954,SHA256=08BE2EE23EE5A7722C4BACA3BD8F0EABA7A56302F0051E6802A36D35AB0BC41C,IMPHASH=F9F97E60CFCD78BE051D9570C88FFB6F\r\nSigned: true\r\nSignature: Microsoft Windows\r\nSignatureStatus: Valid"",""UtcTime"":""2022-04-15 12:06:24.721"",""UserID"":""S-1-5-18"",""FileVersion"":""10.0.18362.1082 (WinBuild.160101.0800)"",""Description"":""Windows NT BASE API Client DLL"",""OriginalFileName"":""kernel32"",""timestamp"":""2022-04-15T12:06:26.167Z"",""Hashes"":""SHA1=9044BFB6E7D920BB4586123237B512238F2EA726,MD5=B78D8D39F63C5B7B9A2F4BC31076C954,SHA256=08BE2EE23EE5A7722C4BACA3BD8F0EABA7A56302F0051E6802A36D35AB0BC41C,IMPHASH=F9F97E60CFCD78BE051D9570C88FFB6F"",""Signature"":""Microsoft Windows"",""@version"":""1"",""SourceModuleType"":""im_msvistalog"",""Hostname"":""James.browne"",""ProcessGuid"":""{2d351099-5cc0-5f5f-3b04-000000000400}""}",2022-04-15T08:06:22.000+0000,8,15,6,april,22,friday,2022,local,,INFO,cybertees.net,cyber-host,windowslogs,1,60427,"{"""":,"""":,"""":""{----}"","""":""--"","""":,"""":"""","""":"""","""":""""",Event_logs.json,_json,ip-10-10-40-195,,splunk,,2022-04-15T12:06:26.167Z,
1,,,,SYSTEM,User,,,,,,Image loaded (rule: ImageLoad),Microsoft-Windows-Sysmon/Operational,,Microsoft Corporation,,,,NT Layer DLL,,,,,,,,,,,,NT AUTHORITY,,,,,7,,2022-04-15 8:06:26,2022-04-15 8:06:24,,3524,10.0.18362.1049 (WinBuild.160101.0800),,,,,"SHA1=BFD8EE26537D8C30A5FE2C9753AEED3BB6930004,MD5=BD5F9D4684E7BCB9D41D298297A73956,SHA256=FB9DA8BAF27DADDE620C2D8D3CADDD4CF7BF405A9BC8E870A73B6CF163046176,IMPHASH=00000000000000000000000000000000",James.browne,C:\Windows\System32\RuntimeBroker.exe,C:\Windows\System32\ntdll.dll,,,,,,,,-9223372036854775808,,,,,,,,,"Image loaded:
RuleName: -
UtcTime: 2022-04-15 12:06:24.721
ProcessGuid: {2d351099-5cc0-5f5f-3b04-000000000400}
ProcessId: 9496
Image: C:\Windows\System32\RuntimeBroker.exe
ImageLoaded: C:\Windows\System32\ntdll.dll
FileVersion: 10.0.18362.1049 (WinBuild.160101.0800)
Description: NT Layer DLL
Product: Microsoft Windows Operating System
Company: Microsoft Corporation
OriginalFileName: ntdll.dll
Hashes: SHA1=BFD8EE26537D8C30A5FE2C9753AEED3BB6930004,MD5=BD5F9D4684E7BCB9D41D298297A73956,SHA256=FB9DA8BAF27DADDE620C2D8D3CADDD4CF7BF405A9BC8E870A73B6CF163046176,IMPHASH=00000000000000000000000000000000
Signed: true
Signature: Microsoft Windows
SignatureStatus: Valid",,,,,,,,Info,0,ntdll.dll,,,,,,,,,{2d351099-5cc0-5f5f-3b04-000000000400},9496,,Microsoft Windows Operating System,,{5770385F-C22A-43E0-BF4C-06F5698FFBD9},,,,425097,,,,,,,-,,INFO,2,,,Microsoft Windows,Valid,TRUE,,,,,,,eventlog,im_msvistalog,Microsoft-Windows-Sysmon,,,,,,,,,,,,,,,,,,,,,,,,7,,,,4688,,,,,S-1-5-18,2022-04-15 12:06:25,3,,,"{""EventID"":7,""RecordNumber"":425097,""ProviderGuid"":""{5770385F-C22A-43E0-BF4C-06F5698FFBD9}"",""SourceName"":""Microsoft-Windows-Sysmon"",""OpcodeValue"":0,""AccountName"":""SYSTEM"",""SignatureStatus"":""Valid"",""SourceModuleName"":""eventlog"",""ExecutionProcessID"":3524,""AccountType"":""User"",""Category"":""Image loaded (rule: ImageLoad)"",""Domain"":""NT AUTHORITY"",""port"":60427,""Company"":""Microsoft Corporation"",""ThreadID"":4688,""Severity"":""INFO"",""EventType"":""INFO"",""Signed"":""true"",""Channel"":""Microsoft-Windows-Sysmon/Operational"",""Opcode"":""Info"",""EventReceivedTime"":""2022-04-15 08:06:26"",""ImageLoaded"":""C:\\Windows\\System32\\ntdll.dll"",""Task"":7,""RuleName"":""-"",""Keywords"":-9223372036854775808,""Version"":3,""ProcessId"":""9496"",""Image"":""C:\\Windows\\System32\\RuntimeBroker.exe"",""Product"":""Microsoft Windows Operating System"",""tags"":[""splunk""],""EventTime"":""2022-04-15 08:06:24"",""host"":""cybertees.net"",""SeverityValue"":2,""Message"":""Image loaded:\r\nRuleName: -\r\nUtcTime: 2022-04-15 12:06:24.721\r\nProcessGuid: {2d351099-5cc0-5f5f-3b04-000000000400}\r\nProcessId: 9496\r\nImage: C:\\Windows\\System32\\RuntimeBroker.exe\r\nImageLoaded: C:\\Windows\\System32\\ntdll.dll\r\nFileVersion: 10.0.18362.1049 (WinBuild.160101.0800)\r\nDescription: NT Layer DLL\r\nProduct: Microsoft Windows Operating System\r\nCompany: Microsoft Corporation\r\nOriginalFileName: ntdll.dll\r\nHashes: SHA1=BFD8EE26537D8C30A5FE2C9753AEED3BB6930004,MD5=BD5F9D4684E7BCB9D41D298297A73956,SHA256=FB9DA8BAF27DADDE620C2D8D3CADDD4CF7BF405A9BC8E870A73B6CF163046176,IMPHASH=00000000000000000000000000000000\r\nSigned: true\r\nSignature: Microsoft Windows\r\nSignatureStatus: Valid"",""UtcTime"":""2022-04-15 12:06:24.721"",""UserID"":""S-1-5-18"",""FileVersion"":""10.0.18362.1049 (WinBuild.160101.0800)"",""Description"":""NT Layer DLL"",""OriginalFileName"":""ntdll.dll"",""timestamp"":""2022-04-15T12:06:26.166Z"",""Hashes"":""SHA1=BFD8EE26537D8C30A5FE2C9753AEED3BB6930004,MD5=BD5F9D4684E7BCB9D41D298297A73956,SHA256=FB9DA8BAF27DADDE620C2D8D3CADDD4CF7BF405A9BC8E870A73B6CF163046176,IMPHASH=00000000000000000000000000000000"",""Signature"":""Microsoft Windows"",""@version"":""1"",""SourceModuleType"":""im_msvistalog"",""Hostname"":""James.browne"",""ProcessGuid"":""{2d351099-5cc0-5f5f-3b04-000000000400}""}",2022-04-15T08:06:22.000+0000,8,15,6,april,22,friday,2022,local,,INFO,cybertees.net,cyber-host,windowslogs,1,60427,"{"""":,"""":,"""":""{----}"","""":""--"","""":,"""":"""","""":"""","""":""""",Event_logs.json,_json,ip-10-10-40-195,,splunk,,2022-04-15T12:06:26.166Z,
