1,,,,SYSTEM,User,,,,,,Dns query (rule: DnsQuery),Microsoft-Windows-Sysmon/Operational,,,,,,,,,,,,,,,,,,NT AUTHORITY,,,,,22,,2022-04-15 8:06:05,2022-04-15 8:06:03,,3524,,,,,,,James.browne,C:\Windows\System32\wbem\WMIC.exe,,,,,,,,,-9223372036854775808,,,,,,,,,"Dns query:
RuleName: -
UtcTime: 2022-04-15 12:06:02.035
ProcessGuid: {2d351099-5ca9-5f5f-2f04-000000000400}
ProcessId: 9428
QueryName: WORKSTATION6
QueryStatus: 0
QueryResults: 172.18.39.6;
Image: C:\Windows\System32\wbem\WMIC.exe",,,,,,,,Info,0,,,,,,,,,,{2d351099-5ca9-5f5f-2f04-000000000400},9428,,,,{5770385F-C22A-43E0-BF4C-06F5698FFBD9},WORKSTATION6,172.18.39.6;,0,423421,,,,,,,-,,INFO,2,,,,,,,,,,,,eventlog,im_msvistalog,Microsoft-Windows-Sysmon,,,,,,,,,,,,,,,,,,,,,,,,22,,,,4712,,,,,S-1-5-18,2022-04-15 12:06:02,5,,,"{""QueryName"":""WORKSTATION6"",""Image"":""C:\\Windows\\System32\\wbem\\WMIC.exe"",""EventID"":22,""QueryStatus"":""0"",""RecordNumber"":423421,""ProviderGuid"":""{5770385F-C22A-43E0-BF4C-06F5698FFBD9}"",""SourceName"":""Microsoft-Windows-Sysmon"",""OpcodeValue"":0,""EventTime"":""2022-04-15 08:06:03"",""AccountName"":""SYSTEM"",""host"":""cybertees.net"",""SeverityValue"":2,""ExecutionProcessID"":3524,""AccountType"":""User"",""Category"":""Dns query (rule: DnsQuery)"",""SourceModuleName"":""eventlog"",""Domain"":""NT AUTHORITY"",""ProcessId"":""9428"",""tags"":[""splunk""],""Message"":""Dns query:\r\nRuleName: -\r\nUtcTime: 2022-04-15 12:06:02.035\r\nProcessGuid: {2d351099-5ca9-5f5f-2f04-000000000400}\r\nProcessId: 9428\r\nQueryName: WORKSTATION6\r\nQueryStatus: 0\r\nQueryResults: 172.18.39.6;\r\nImage: C:\\Windows\\System32\\wbem\\WMIC.exe"",""port"":60427,""UserID"":""S-1-5-18"",""UtcTime"":""2022-04-15 12:06:02.035"",""timestamp"":""2022-04-15T12:06:05.928Z"",""ThreadID"":4712,""QueryResults"":""172.18.39.6;"",""Severity"":""INFO"",""EventType"":""INFO"",""Channel"":""Microsoft-Windows-Sysmon/Operational"",""Opcode"":""Info"",""EventReceivedTime"":""2022-04-15 08:06:05"",""@version"":""1"",""Task"":22,""SourceModuleType"":""im_msvistalog"",""RuleName"":""-"",""Hostname"":""James.browne"",""Keywords"":-9223372036854775808,""Version"":5,""ProcessGuid"":""{2d351099-5ca9-5f5f-2f04-000000000400}""}",2022-04-15T08:06:02.000+0000,8,15,6,april,2,friday,2022,local,,INFO,cybertees.net,cyber-host,windowslogs,1,60427,"{"""":"""","""":"":\\\\\\\\."","""":,"""":"""","""":,"""":""{----}"",""",Event_logs.json,_json,ip-10-10-40-195,,splunk,,2022-04-15T12:06:05.928Z,
1,,,,,,,,,,,Logoff,Security,,,,,,,,,,,,,,,,,,,,,,,4634,,2022-04-15 8:06:04,2022-04-15 8:06:02,,740,,,,,,,Micheal.Beaven,,,,,,,,,,-9214364837600034816,,,,,,,3,,"An account was logged off.

Subject:
	Security ID:		S-1-5-21-4020993649-1037605423-417876593-1104
	Account Name:		James
	Account Domain:		Cybertees
	Logon ID:		0x551686

Logon Type:			3

This event is generated when a logon session is destroyed. It may be positively correlated with a logon event using the Logon ID value. Logon IDs are only unique between reboots on the same computer.",,,,,,,,Info,0,,,,,,,,,,,,,,,{54849625-5478-4994-A5BA-3E3B0328C30D},,,,56087,,,,,,,,,INFO,2,,,,,,,,,,,,eventlog,im_msvistalog,Microsoft-Windows-Security-Auditing,,,,,,,,,,,Cybertees,,,,,0x551686,,,,,,James,S-1-5-21-4020993649-1037605423-417876593-1104,12545,,,,812,,,,,,,0,,,"{""EventID"":4634,""RecordNumber"":56087,""ProviderGuid"":""{54849625-5478-4994-A5BA-3E3B0328C30D}"",""SourceName"":""Microsoft-Windows-Security-Auditing"",""OpcodeValue"":0,""EventTime"":""2022-04-15 08:06:02"",""SourceModuleName"":""eventlog"",""host"":""cybertees.net"",""SeverityValue"":2,""ExecutionProcessID"":740,""Category"":""Logoff"",""TargetUserName"":""James"",""Message"":""An account was logged off.\r\n\r\nSubject:\r\n\tSecurity ID:\t\tS-1-5-21-4020993649-1037605423-417876593-1104\r\n\tAccount Name:\t\tJames\r\n\tAccount Domain:\t\tCybertees\r\n\tLogon ID:\t\t0x551686\r\n\r\nLogon Type:\t\t\t3\r\n\r\nThis event is generated when a logon session is destroyed. It may be positively correlated with a logon event using the Logon ID value. Logon IDs are only unique between reboots on the same computer."",""port"":60427,""TargetUserSid"":""S-1-5-21-4020993649-1037605423-417876593-1104"",""timestamp"":""2022-04-15T12:06:04.918Z"",""ThreadID"":812,""Severity"":""INFO"",""EventType"":""AUDIT_SUCCESS"",""Channel"":""Security"",""TargetLogonId"":""0x551686"",""Opcode"":""Info"",""EventReceivedTime"":""2022-04-15 08:06:04"",""@version"":""1"",""Task"":12545,""SourceModuleType"":""im_msvistalog"",""TargetDomainName"":""Cybertees"",""LogonType"":""3"",""Hostname"":""Micheal.Beaven"",""Keywords"":-9214364837600034816,""Version"":0,""tags"":[""splunk""]}",2022-04-15T08:06:02.000+0000,8,15,6,april,2,friday,2022,local,,AUDIT_SUCCESS,cybertees.net,cyber-host,windowslogs,1,60427,"{"""":,"""":,"""":""{----}"","""":""---"","""":,"""":""--_::"","""":""""",Event_logs.json,_json,ip-10-10-40-195,,splunk,,2022-04-15T12:06:04.918Z,
1,,,,,,,,,,,Process Termination,Security,,,,,,,,,,,,,,,,,,,,,,,4689,,2022-04-15 8:06:04,2022-04-15 8:06:02,,4,,,,,,,Micheal.Beaven,,,,,,,,,,-9214364837600034816,,,,,,,,,"A process has exited.

Subject:
	Security ID:		S-1-5-21-4020993649-1037605423-417876593-1104
	Account Name:		James
	Account Domain:		Cybertees
	Logon ID:		0x551686

Process Information:
	Process ID:	0x1c60
	Process Name:	C:\Windows\System32\conhost.exe
	Exit Status:	0x0",,,,,,,,Info,0,,,,,,,,,,,0x1c60,C:\Windows\System32\conhost.exe,,,{54849625-5478-4994-A5BA-3E3B0328C30D},,,,56086,,,,,,,,,INFO,2,,,,,,,,,,,,eventlog,im_msvistalog,Microsoft-Windows-Security-Auditing,,,,,,0x0,Cybertees,0x551686,James,S-1-5-21-4020993649-1037605423-417876593-1104,,,,,,,,,,,,,,13313,,,,2176,,,,,,,0,,,"{""tags"":[""splunk""],""EventID"":4689,""RecordNumber"":56086,""ProviderGuid"":""{54849625-5478-4994-A5BA-3E3B0328C30D}"",""SourceName"":""Microsoft-Windows-Security-Auditing"",""OpcodeValue"":0,""EventTime"":""2022-04-15 08:06:02"",""SubjectUserSid"":""S-1-5-21-4020993649-1037605423-417876593-1104"",""host"":""cybertees.net"",""SeverityValue"":2,""ExecutionProcessID"":4,""Category"":""Process Termination"",""SubjectLogonId"":""0x551686"",""Status"":""0x0"",""SourceModuleName"":""eventlog"",""Message"":""A process has exited.\r\n\r\nSubject:\r\n\tSecurity ID:\t\tS-1-5-21-4020993649-1037605423-417876593-1104\r\n\tAccount Name:\t\tJames\r\n\tAccount Domain:\t\tCybertees\r\n\tLogon ID:\t\t0x551686\r\n\r\nProcess Information:\r\n\tProcess ID:\t0x1c60\r\n\tProcess Name:\tC:\\Windows\\System32\\conhost.exe\r\n\tExit Status:\t0x0"",""port"":60427,""timestamp"":""2022-04-15T12:06:04.917Z"",""ThreadID"":2176,""SubjectUserName"":""James"",""Severity"":""INFO"",""ProcessName"":""C:\\Windows\\System32\\conhost.exe"",""EventType"":""AUDIT_SUCCESS"",""Channel"":""Security"",""Opcode"":""Info"",""EventReceivedTime"":""2022-04-15 08:06:04"",""@version"":""1"",""Task"":13313,""SubjectDomainName"":""Cybertees"",""SourceModuleType"":""im_msvistalog"",""Hostname"":""Micheal.Beaven"",""Keywords"":-9214364837600034816,""Version"":0,""ProcessId"":""0x1c60""}",2022-04-15T08:06:02.000+0000,8,15,6,april,2,friday,2022,local,,AUDIT_SUCCESS,cybertees.net,cyber-host,windowslogs,1,60427,"{"""":[""""],"""":,"""":,"""":""{----}"","""":""---"","""":,"""":""--_:",Event_logs.json,_json,ip-10-10-40-195,,splunk,,2022-04-15T12:06:04.917Z,
1,,,,,,,,,,,Process Termination,Security,,,,,,,,,,,,,,,,,,,,,,,4689,,2022-04-15 8:06:04,2022-04-15 8:06:02,,4,,,,,,,Micheal.Beaven,,,,,,,,,,-9214364837600034816,,,,,,,,,"A process has exited.

Subject:
	Security ID:		S-1-5-21-4020993649-1037605423-417876593-1104
	Account Name:		James
	Account Domain:		Cybertees
	Logon ID:		0x551686

Process Information:
	Process ID:	0x1e58
	Process Name:	C:\Windows\System32\net.exe
	Exit Status:	0x2",,,,,,,,Info,0,,,,,,,,,,,0x1e58,C:\Windows\System32\net.exe,,,{54849625-5478-4994-A5BA-3E3B0328C30D},,,,56085,,,,,,,,,INFO,2,,,,,,,,,,,,eventlog,im_msvistalog,Microsoft-Windows-Security-Auditing,,,,,,0x2,Cybertees,0x551686,James,S-1-5-21-4020993649-1037605423-417876593-1104,,,,,,,,,,,,,,13313,,,,2176,,,,,,,0,,,"{""tags"":[""splunk""],""EventID"":4689,""RecordNumber"":56085,""ProviderGuid"":""{54849625-5478-4994-A5BA-3E3B0328C30D}"",""SourceName"":""Microsoft-Windows-Security-Auditing"",""OpcodeValue"":0,""EventTime"":""2022-04-15 08:06:02"",""SubjectUserSid"":""S-1-5-21-4020993649-1037605423-417876593-1104"",""host"":""cybertees.net"",""SeverityValue"":2,""ExecutionProcessID"":4,""Category"":""Process Termination"",""SubjectLogonId"":""0x551686"",""Status"":""0x2"",""SourceModuleName"":""eventlog"",""Message"":""A process has exited.\r\n\r\nSubject:\r\n\tSecurity ID:\t\tS-1-5-21-4020993649-1037605423-417876593-1104\r\n\tAccount Name:\t\tJames\r\n\tAccount Domain:\t\tCybertees\r\n\tLogon ID:\t\t0x551686\r\n\r\nProcess Information:\r\n\tProcess ID:\t0x1e58\r\n\tProcess Name:\tC:\\Windows\\System32\\net.exe\r\n\tExit Status:\t0x2"",""port"":60427,""timestamp"":""2022-04-15T12:06:04.917Z"",""ThreadID"":2176,""SubjectUserName"":""James"",""Severity"":""INFO"",""ProcessName"":""C:\\Windows\\System32\\net.exe"",""EventType"":""AUDIT_SUCCESS"",""Channel"":""Security"",""Opcode"":""Info"",""EventReceivedTime"":""2022-04-15 08:06:04"",""@version"":""1"",""Task"":13313,""SubjectDomainName"":""Cybertees"",""SourceModuleType"":""im_msvistalog"",""Hostname"":""Micheal.Beaven"",""Keywords"":-9214364837600034816,""Version"":0,""ProcessId"":""0x1e58""}",2022-04-15T08:06:02.000+0000,8,15,6,april,2,friday,2022,local,,AUDIT_SUCCESS,cybertees.net,cyber-host,windowslogs,1,60427,"{"""":[""""],"""":,"""":,"""":""{----}"","""":""---"","""":,"""":""--_:",Event_logs.json,_json,ip-10-10-40-195,,splunk,,2022-04-15T12:06:04.917Z,
1,,,,SYSTEM,User,,,,,C:\windows\SYSTEM32\ntdll.dll+9c534|C:\windows\SYSTEM32\psmserviceexthost.dll+222a3|C:\windows\SYSTEM32\psmserviceexthost.dll+1a172|C:\windows\SYSTEM32\psmserviceexthost.dll+19e3b|C:\windows\SYSTEM32\psmserviceexthost.dll+19318|C:\windows\SYSTEM32\ntdll.dll+3081d|C:\windows\SYSTEM32\ntdll.dll+345b4|C:\windows\System32\KERNEL32.DLL+17bd4|C:\windows\SYSTEM32\ntdll.dll+6ce51,Process accessed (rule: ProcessAccess),Microsoft-Windows-Sysmon/Operational,,,,,,,,,,,,,,,,,,NT AUTHORITY,,,,,10,,2022-04-15 8:06:03,2022-04-15 8:06:02,,3348,,,0x1000,,,,Micheal.Beaven,,,,,,,,,,-9223372036854775808,,,,,,,,,"Process accessed:
RuleName: -
UtcTime: 2022-04-15 12:06:02.878
SourceProcessGUID: {83d0c8c3-43cb-5f5f-1000-000000000400}
SourceProcessId: 900
SourceThreadId: 1376
SourceImage: C:\windows\system32\svchost.exe
TargetProcessGUID: {83d0c8c3-4479-5f5f-5602-000000000400}
TargetProcessId: 1268
TargetImage: C:\windows\System32\svchost.exe
GrantedAccess: 0x1000
CallTrace: C:\windows\SYSTEM32\ntdll.dll+9c534|C:\windows\SYSTEM32\psmserviceexthost.dll+222a3|C:\windows\SYSTEM32\psmserviceexthost.dll+1a172|C:\windows\SYSTEM32\psmserviceexthost.dll+19e3b|C:\windows\SYSTEM32\psmserviceexthost.dll+19318|C:\windows\SYSTEM32\ntdll.dll+3081d|C:\windows\SYSTEM32\ntdll.dll+345b4|C:\windows\System32\KERNEL32.DLL+17bd4|C:\windows\SYSTEM32\ntdll.dll+6ce51",,,,,,,,Info,0,,,,,,,,,,,900,,,,{5770385F-C22A-43E0-BF4C-06F5698FFBD9},,,,183234,,,,,,,-,,INFO,2,,,,,,,,,C:\windows\system32\svchost.exe,,,eventlog,im_msvistalog,Microsoft-Windows-Sysmon,,,{83d0c8c3-43cb-5f5f-1000-000000000400},900,1376,,,,,,,,,C:\windows\System32\svchost.exe,,,,,,{83d0c8c3-4479-5f5f-5602-000000000400},1268,,,10,,,,4532,,,,,S-1-5-18,2022-04-15 12:06:03,3,,,"{""EventID"":10,""RecordNumber"":183234,""ProviderGuid"":""{5770385F-C22A-43E0-BF4C-06F5698FFBD9}"",""SourceName"":""Microsoft-Windows-Sysmon"",""OpcodeValue"":0,""AccountName"":""SYSTEM"",""SourceImage"":""C:\\windows\\system32\\svchost.exe"",""SourceModuleName"":""eventlog"",""ExecutionProcessID"":3348,""AccountType"":""User"",""Category"":""Process accessed (rule: ProcessAccess)"",""SourceProcessId"":""900"",""Domain"":""NT AUTHORITY"",""port"":60427,""ThreadID"":4532,""Severity"":""INFO"",""EventType"":""INFO"",""Channel"":""Microsoft-Windows-Sysmon/Operational"",""Opcode"":""Info"",""EventReceivedTime"":""2022-04-15 08:06:03"",""Task"":10,""RuleName"":""-"",""Keywords"":-9223372036854775808,""Version"":3,""ProcessId"":""900"",""tags"":[""splunk""],""GrantedAccess"":""0x1000"",""SourceProcessGUID"":""{83d0c8c3-43cb-5f5f-1000-000000000400}"",""EventTime"":""2022-04-15 08:06:02"",""host"":""cybertees.net"",""SeverityValue"":2,""CallTrace"":""C:\\windows\\SYSTEM32\\ntdll.dll+9c534|C:\\windows\\SYSTEM32\\psmserviceexthost.dll+222a3|C:\\windows\\SYSTEM32\\psmserviceexthost.dll+1a172|C:\\windows\\SYSTEM32\\psmserviceexthost.dll+19e3b|C:\\windows\\SYSTEM32\\psmserviceexthost.dll+19318|C:\\windows\\SYSTEM32\\ntdll.dll+3081d|C:\\windows\\SYSTEM32\\ntdll.dll+345b4|C:\\windows\\System32\\KERNEL32.DLL+17bd4|C:\\windows\\SYSTEM32\\ntdll.dll+6ce51"",""Message"":""Process accessed:\r\nRuleName: -\r\nUtcTime: 2022-04-15 12:06:02.878\r\nSourceProcessGUID: {83d0c8c3-43cb-5f5f-1000-000000000400}\r\nSourceProcessId: 900\r\nSourceThreadId: 1376\r\nSourceImage: C:\\windows\\system32\\svchost.exe\r\nTargetProcessGUID: {83d0c8c3-4479-5f5f-5602-000000000400}\r\nTargetProcessId: 1268\r\nTargetImage: C:\\windows\\System32\\svchost.exe\r\nGrantedAccess: 0x1000\r\nCallTrace: C:\\windows\\SYSTEM32\\ntdll.dll+9c534|C:\\windows\\SYSTEM32\\psmserviceexthost.dll+222a3|C:\\windows\\SYSTEM32\\psmserviceexthost.dll+1a172|C:\\windows\\SYSTEM32\\psmserviceexthost.dll+19e3b|C:\\windows\\SYSTEM32\\psmserviceexthost.dll+19318|C:\\windows\\SYSTEM32\\ntdll.dll+3081d|C:\\windows\\SYSTEM32\\ntdll.dll+345b4|C:\\windows\\System32\\KERNEL32.DLL+17bd4|C:\\windows\\SYSTEM32\\ntdll.dll+6ce51"",""UtcTime"":""2022-04-15 12:06:02.878"",""UserID"":""S-1-5-18"",""timestamp"":""2022-04-15T12:06:03.913Z"",""TargetProcessId"":""1268"",""SourceThreadId"":""1376"",""@version"":""1"",""TargetProcessGUID"":""{83d0c8c3-4479-5f5f-5602-000000000400}"",""SourceModuleType"":""im_msvistalog"",""TargetImage"":""C:\\windows\\System32\\svchost.exe"",""Hostname"":""Micheal.Beaven""}",2022-04-15T08:06:02.000+0000,8,15,6,april,2,friday,2022,local,,INFO,cybertees.net,cyber-host,windowslogs,1,60427,"{"""":,"""":,"""":""{----}"","""":""--"","""":,"""":"""","""":"":\\\\\\",Event_logs.json,_json,ip-10-10-40-195,,splunk,,2022-04-15T12:06:03.913Z,
1,,,,SYSTEM,User,,,,,C:\windows\SYSTEM32\ntdll.dll+9c534|C:\windows\SYSTEM32\psmserviceexthost.dll+222a3|C:\windows\SYSTEM32\psmserviceexthost.dll+1a172|C:\windows\SYSTEM32\psmserviceexthost.dll+19e3b|C:\windows\SYSTEM32\psmserviceexthost.dll+19318|C:\windows\SYSTEM32\ntdll.dll+3081d|C:\windows\SYSTEM32\ntdll.dll+345b4|C:\windows\System32\KERNEL32.DLL+17bd4|C:\windows\SYSTEM32\ntdll.dll+6ce51,Process accessed (rule: ProcessAccess),Microsoft-Windows-Sysmon/Operational,,,,,,,,,,,,,,,,,,NT AUTHORITY,,,,,10,,2022-04-15 8:06:03,2022-04-15 8:06:02,,3348,,,0x1000,,,,Micheal.Beaven,,,,,,,,,,-9223372036854775808,,,,,,,,,"Process accessed:
RuleName: -
UtcTime: 2022-04-15 12:06:02.878
SourceProcessGUID: {83d0c8c3-43cb-5f5f-1000-000000000400}
SourceProcessId: 900
SourceThreadId: 1376
SourceImage: C:\windows\system32\svchost.exe
TargetProcessGUID: {83d0c8c3-4479-5f5f-5602-000000000400}
TargetProcessId: 1268
TargetImage: C:\windows\System32\svchost.exe
GrantedAccess: 0x1000
CallTrace: C:\windows\SYSTEM32\ntdll.dll+9c534|C:\windows\SYSTEM32\psmserviceexthost.dll+222a3|C:\windows\SYSTEM32\psmserviceexthost.dll+1a172|C:\windows\SYSTEM32\psmserviceexthost.dll+19e3b|C:\windows\SYSTEM32\psmserviceexthost.dll+19318|C:\windows\SYSTEM32\ntdll.dll+3081d|C:\windows\SYSTEM32\ntdll.dll+345b4|C:\windows\System32\KERNEL32.DLL+17bd4|C:\windows\SYSTEM32\ntdll.dll+6ce51",,,,,,,,Info,0,,,,,,,,,,,900,,,,{5770385F-C22A-43E0-BF4C-06F5698FFBD9},,,,183233,,,,,,,-,,INFO,2,,,,,,,,,C:\windows\system32\svchost.exe,,,eventlog,im_msvistalog,Microsoft-Windows-Sysmon,,,{83d0c8c3-43cb-5f5f-1000-000000000400},900,1376,,,,,,,,,C:\windows\System32\svchost.exe,,,,,,{83d0c8c3-4479-5f5f-5602-000000000400},1268,,,10,,,,4532,,,,,S-1-5-18,2022-04-15 12:06:03,3,,,"{""EventID"":10,""RecordNumber"":183233,""ProviderGuid"":""{5770385F-C22A-43E0-BF4C-06F5698FFBD9}"",""SourceName"":""Microsoft-Windows-Sysmon"",""OpcodeValue"":0,""AccountName"":""SYSTEM"",""SourceImage"":""C:\\windows\\system32\\svchost.exe"",""SourceModuleName"":""eventlog"",""ExecutionProcessID"":3348,""AccountType"":""User"",""Category"":""Process accessed (rule: ProcessAccess)"",""SourceProcessId"":""900"",""Domain"":""NT AUTHORITY"",""port"":60427,""ThreadID"":4532,""Severity"":""INFO"",""EventType"":""INFO"",""Channel"":""Microsoft-Windows-Sysmon/Operational"",""Opcode"":""Info"",""EventReceivedTime"":""2022-04-15 08:06:03"",""Task"":10,""RuleName"":""-"",""Keywords"":-9223372036854775808,""Version"":3,""ProcessId"":""900"",""tags"":[""splunk""],""GrantedAccess"":""0x1000"",""SourceProcessGUID"":""{83d0c8c3-43cb-5f5f-1000-000000000400}"",""EventTime"":""2022-04-15 08:06:02"",""host"":""cybertees.net"",""SeverityValue"":2,""CallTrace"":""C:\\windows\\SYSTEM32\\ntdll.dll+9c534|C:\\windows\\SYSTEM32\\psmserviceexthost.dll+222a3|C:\\windows\\SYSTEM32\\psmserviceexthost.dll+1a172|C:\\windows\\SYSTEM32\\psmserviceexthost.dll+19e3b|C:\\windows\\SYSTEM32\\psmserviceexthost.dll+19318|C:\\windows\\SYSTEM32\\ntdll.dll+3081d|C:\\windows\\SYSTEM32\\ntdll.dll+345b4|C:\\windows\\System32\\KERNEL32.DLL+17bd4|C:\\windows\\SYSTEM32\\ntdll.dll+6ce51"",""Message"":""Process accessed:\r\nRuleName: -\r\nUtcTime: 2022-04-15 12:06:02.878\r\nSourceProcessGUID: {83d0c8c3-43cb-5f5f-1000-000000000400}\r\nSourceProcessId: 900\r\nSourceThreadId: 1376\r\nSourceImage: C:\\windows\\system32\\svchost.exe\r\nTargetProcessGUID: {83d0c8c3-4479-5f5f-5602-000000000400}\r\nTargetProcessId: 1268\r\nTargetImage: C:\\windows\\System32\\svchost.exe\r\nGrantedAccess: 0x1000\r\nCallTrace: C:\\windows\\SYSTEM32\\ntdll.dll+9c534|C:\\windows\\SYSTEM32\\psmserviceexthost.dll+222a3|C:\\windows\\SYSTEM32\\psmserviceexthost.dll+1a172|C:\\windows\\SYSTEM32\\psmserviceexthost.dll+19e3b|C:\\windows\\SYSTEM32\\psmserviceexthost.dll+19318|C:\\windows\\SYSTEM32\\ntdll.dll+3081d|C:\\windows\\SYSTEM32\\ntdll.dll+345b4|C:\\windows\\System32\\KERNEL32.DLL+17bd4|C:\\windows\\SYSTEM32\\ntdll.dll+6ce51"",""UtcTime"":""2022-04-15 12:06:02.878"",""UserID"":""S-1-5-18"",""timestamp"":""2022-04-15T12:06:03.912Z"",""TargetProcessId"":""1268"",""SourceThreadId"":""1376"",""@version"":""1"",""TargetProcessGUID"":""{83d0c8c3-4479-5f5f-5602-000000000400}"",""SourceModuleType"":""im_msvistalog"",""TargetImage"":""C:\\windows\\System32\\svchost.exe"",""Hostname"":""Micheal.Beaven""}",2022-04-15T08:06:02.000+0000,8,15,6,april,2,friday,2022,local,,INFO,cybertees.net,cyber-host,windowslogs,1,60427,"{"""":,"""":,"""":""{----}"","""":""--"","""":,"""":"""","""":"":\\\\\\",Event_logs.json,_json,ip-10-10-40-195,,splunk,,2022-04-15T12:06:03.912Z,
1,,,,,,,,,,,Process Termination,Security,,,,,,,,,,,,,,,,,,,,,,,4689,,2022-04-15 8:06:03,2022-04-15 8:06:02,,4,,,,,,,Micheal.Beaven,,,,,,,,,,-9214364837600034816,,,,,,,,,"A process has exited.

Subject:
	Security ID:		S-1-5-21-4020993649-1037605423-417876593-1104
	Account Name:		James
	Account Domain:		Cybertees
	Logon ID:		0x551686

Process Information:
	Process ID:	0xe6c
	Process Name:	C:\Windows\System32\net1.exe
	Exit Status:	0x2",,,,,,,,Info,0,,,,,,,,,,,0xe6c,C:\Windows\System32\net1.exe,,,{54849625-5478-4994-A5BA-3E3B0328C30D},,,,56084,,,,,,,,,INFO,2,,,,,,,,,,,,eventlog,im_msvistalog,Microsoft-Windows-Security-Auditing,,,,,,0x2,Cybertees,0x551686,James,S-1-5-21-4020993649-1037605423-417876593-1104,,,,,,,,,,,,,,13313,,,,2176,,,,,,,0,,,"{""tags"":[""splunk""],""EventID"":4689,""RecordNumber"":56084,""ProviderGuid"":""{54849625-5478-4994-A5BA-3E3B0328C30D}"",""SourceName"":""Microsoft-Windows-Security-Auditing"",""OpcodeValue"":0,""EventTime"":""2022-04-15 08:06:02"",""SubjectUserSid"":""S-1-5-21-4020993649-1037605423-417876593-1104"",""host"":""cybertees.net"",""SeverityValue"":2,""ExecutionProcessID"":4,""Category"":""Process Termination"",""SubjectLogonId"":""0x551686"",""Status"":""0x2"",""SourceModuleName"":""eventlog"",""Message"":""A process has exited.\r\n\r\nSubject:\r\n\tSecurity ID:\t\tS-1-5-21-4020993649-1037605423-417876593-1104\r\n\tAccount Name:\t\tJames\r\n\tAccount Domain:\t\tCybertees\r\n\tLogon ID:\t\t0x551686\r\n\r\nProcess Information:\r\n\tProcess ID:\t0xe6c\r\n\tProcess Name:\tC:\\Windows\\System32\\net1.exe\r\n\tExit Status:\t0x2"",""port"":60427,""timestamp"":""2022-04-15T12:06:03.912Z"",""ThreadID"":2176,""SubjectUserName"":""James"",""Severity"":""INFO"",""ProcessName"":""C:\\Windows\\System32\\net1.exe"",""EventType"":""AUDIT_SUCCESS"",""Channel"":""Security"",""Opcode"":""Info"",""EventReceivedTime"":""2022-04-15 08:06:03"",""@version"":""1"",""Task"":13313,""SubjectDomainName"":""Cybertees"",""SourceModuleType"":""im_msvistalog"",""Hostname"":""Micheal.Beaven"",""Keywords"":-9214364837600034816,""Version"":0,""ProcessId"":""0xe6c""}",2022-04-15T08:06:02.000+0000,8,15,6,april,2,friday,2022,local,,AUDIT_SUCCESS,cybertees.net,cyber-host,windowslogs,1,60427,"{"""":[""""],"""":,"""":,"""":""{----}"","""":""---"","""":,"""":""--_:",Event_logs.json,_json,ip-10-10-40-195,,splunk,,2022-04-15T12:06:03.912Z,
1,,,,SYSTEM,User,,,,,C:\windows\SYSTEM32\ntdll.dll+9c534|C:\windows\SYSTEM32\psmserviceexthost.dll+222a3|C:\windows\SYSTEM32\psmserviceexthost.dll+1a172|C:\windows\SYSTEM32\psmserviceexthost.dll+19e3b|C:\windows\SYSTEM32\psmserviceexthost.dll+19318|C:\windows\SYSTEM32\ntdll.dll+3081d|C:\windows\SYSTEM32\ntdll.dll+345b4|C:\windows\System32\KERNEL32.DLL+17bd4|C:\windows\SYSTEM32\ntdll.dll+6ce51,Process accessed (rule: ProcessAccess),Microsoft-Windows-Sysmon/Operational,,,,,,,,,,,,,,,,,,NT AUTHORITY,,,,,10,,2022-04-15 8:06:03,2022-04-15 8:06:02,,3348,,,0x1000,,,,Micheal.Beaven,,,,,,,,,,-9223372036854775808,,,,,,,,,"Process accessed:
RuleName: -
UtcTime: 2022-04-15 12:06:02.878
SourceProcessGUID: {83d0c8c3-43cb-5f5f-1000-000000000400}
SourceProcessId: 900
SourceThreadId: 976
SourceImage: C:\windows\system32\svchost.exe
TargetProcessGUID: {83d0c8c3-4479-5f5f-5602-000000000400}
TargetProcessId: 1268
TargetImage: C:\windows\System32\svchost.exe
GrantedAccess: 0x1000
CallTrace: C:\windows\SYSTEM32\ntdll.dll+9c534|C:\windows\SYSTEM32\psmserviceexthost.dll+222a3|C:\windows\SYSTEM32\psmserviceexthost.dll+1a172|C:\windows\SYSTEM32\psmserviceexthost.dll+19e3b|C:\windows\SYSTEM32\psmserviceexthost.dll+19318|C:\windows\SYSTEM32\ntdll.dll+3081d|C:\windows\SYSTEM32\ntdll.dll+345b4|C:\windows\System32\KERNEL32.DLL+17bd4|C:\windows\SYSTEM32\ntdll.dll+6ce51",,,,,,,,Info,0,,,,,,,,,,,900,,,,{5770385F-C22A-43E0-BF4C-06F5698FFBD9},,,,183232,,,,,,,-,,INFO,2,,,,,,,,,C:\windows\system32\svchost.exe,,,eventlog,im_msvistalog,Microsoft-Windows-Sysmon,,,{83d0c8c3-43cb-5f5f-1000-000000000400},900,976,,,,,,,,,C:\windows\System32\svchost.exe,,,,,,{83d0c8c3-4479-5f5f-5602-000000000400},1268,,,10,,,,4532,,,,,S-1-5-18,2022-04-15 12:06:03,3,,,"{""EventID"":10,""RecordNumber"":183232,""ProviderGuid"":""{5770385F-C22A-43E0-BF4C-06F5698FFBD9}"",""SourceName"":""Microsoft-Windows-Sysmon"",""OpcodeValue"":0,""AccountName"":""SYSTEM"",""SourceImage"":""C:\\windows\\system32\\svchost.exe"",""SourceModuleName"":""eventlog"",""ExecutionProcessID"":3348,""AccountType"":""User"",""Category"":""Process accessed (rule: ProcessAccess)"",""SourceProcessId"":""900"",""Domain"":""NT AUTHORITY"",""port"":60427,""ThreadID"":4532,""Severity"":""INFO"",""EventType"":""INFO"",""Channel"":""Microsoft-Windows-Sysmon/Operational"",""Opcode"":""Info"",""EventReceivedTime"":""2022-04-15 08:06:03"",""Task"":10,""RuleName"":""-"",""Keywords"":-9223372036854775808,""Version"":3,""ProcessId"":""900"",""tags"":[""splunk""],""GrantedAccess"":""0x1000"",""SourceProcessGUID"":""{83d0c8c3-43cb-5f5f-1000-000000000400}"",""EventTime"":""2022-04-15 08:06:02"",""host"":""cybertees.net"",""SeverityValue"":2,""CallTrace"":""C:\\windows\\SYSTEM32\\ntdll.dll+9c534|C:\\windows\\SYSTEM32\\psmserviceexthost.dll+222a3|C:\\windows\\SYSTEM32\\psmserviceexthost.dll+1a172|C:\\windows\\SYSTEM32\\psmserviceexthost.dll+19e3b|C:\\windows\\SYSTEM32\\psmserviceexthost.dll+19318|C:\\windows\\SYSTEM32\\ntdll.dll+3081d|C:\\windows\\SYSTEM32\\ntdll.dll+345b4|C:\\windows\\System32\\KERNEL32.DLL+17bd4|C:\\windows\\SYSTEM32\\ntdll.dll+6ce51"",""Message"":""Process accessed:\r\nRuleName: -\r\nUtcTime: 2022-04-15 12:06:02.878\r\nSourceProcessGUID: {83d0c8c3-43cb-5f5f-1000-000000000400}\r\nSourceProcessId: 900\r\nSourceThreadId: 976\r\nSourceImage: C:\\windows\\system32\\svchost.exe\r\nTargetProcessGUID: {83d0c8c3-4479-5f5f-5602-000000000400}\r\nTargetProcessId: 1268\r\nTargetImage: C:\\windows\\System32\\svchost.exe\r\nGrantedAccess: 0x1000\r\nCallTrace: C:\\windows\\SYSTEM32\\ntdll.dll+9c534|C:\\windows\\SYSTEM32\\psmserviceexthost.dll+222a3|C:\\windows\\SYSTEM32\\psmserviceexthost.dll+1a172|C:\\windows\\SYSTEM32\\psmserviceexthost.dll+19e3b|C:\\windows\\SYSTEM32\\psmserviceexthost.dll+19318|C:\\windows\\SYSTEM32\\ntdll.dll+3081d|C:\\windows\\SYSTEM32\\ntdll.dll+345b4|C:\\windows\\System32\\KERNEL32.DLL+17bd4|C:\\windows\\SYSTEM32\\ntdll.dll+6ce51"",""UtcTime"":""2022-04-15 12:06:02.878"",""UserID"":""S-1-5-18"",""timestamp"":""2022-04-15T12:06:03.911Z"",""TargetProcessId"":""1268"",""SourceThreadId"":""976"",""@version"":""1"",""TargetProcessGUID"":""{83d0c8c3-4479-5f5f-5602-000000000400}"",""SourceModuleType"":""im_msvistalog"",""TargetImage"":""C:\\windows\\System32\\svchost.exe"",""Hostname"":""Micheal.Beaven""}",2022-04-15T08:06:02.000+0000,8,15,6,april,2,friday,2022,local,,INFO,cybertees.net,cyber-host,windowslogs,1,60427,"{"""":,"""":,"""":""{----}"","""":""--"","""":,"""":"""","""":"":\\\\\\",Event_logs.json,_json,ip-10-10-40-195,,splunk,,2022-04-15T12:06:03.911Z,
1,,,,,,,,,,,Other Object Access Events,Security,,,,,,,,,,,,,,,,,,,,,,,4658,,2022-04-15 8:06:03,2022-04-15 8:06:02,,4,,,,,0x1f41fc57040,,Micheal.Beaven,,,,,,,,,,-9214364837600034816,,,,,,,,,"The handle to an object was closed.

Subject :
	Security ID:		S-1-5-21-4020993649-1037605423-417876593-1104
	Account Name:		James
	Account Domain:		Cybertees
	Logon ID:		0x551686

Object:
	Object Server:		Security Account Manager
	Handle ID:		0x1f41fc57040

Process Information:
	Process ID:		0x2e4
	Process Name:		C:\Windows\System32\lsass.exe",,,,,Security Account Manager,,,Info,0,,,,,,,,,,,0x2e4,C:\Windows\System32\lsass.exe,,,{54849625-5478-4994-A5BA-3E3B0328C30D},,,,56083,,,,,,,,,INFO,2,,,,,,,,,,,,eventlog,im_msvistalog,Microsoft-Windows-Security-Auditing,,,,,,,Cybertees,0x551686,James,S-1-5-21-4020993649-1037605423-417876593-1104,,,,,,,,,,,,,,12804,,,,5640,,,,,,,0,,,"{""tags"":[""splunk""],""EventID"":4658,""RecordNumber"":56083,""ProviderGuid"":""{54849625-5478-4994-A5BA-3E3B0328C30D}"",""SourceName"":""Microsoft-Windows-Security-Auditing"",""OpcodeValue"":0,""EventTime"":""2022-04-15 08:06:02"",""SubjectUserSid"":""S-1-5-21-4020993649-1037605423-417876593-1104"",""host"":""cybertees.net"",""SeverityValue"":2,""ExecutionProcessID"":4,""Category"":""Other Object Access Events"",""SubjectLogonId"":""0x551686"",""SourceModuleName"":""eventlog"",""Message"":""The handle to an object was closed.\r\n\r\nSubject :\r\n\tSecurity ID:\t\tS-1-5-21-4020993649-1037605423-417876593-1104\r\n\tAccount Name:\t\tJames\r\n\tAccount Domain:\t\tCybertees\r\n\tLogon ID:\t\t0x551686\r\n\r\nObject:\r\n\tObject Server:\t\tSecurity Account Manager\r\n\tHandle ID:\t\t0x1f41fc57040\r\n\r\nProcess Information:\r\n\tProcess ID:\t\t0x2e4\r\n\tProcess Name:\t\tC:\\Windows\\System32\\lsass.exe"",""port"":60427,""timestamp"":""2022-04-15T12:06:03.911Z"",""ThreadID"":5640,""SubjectUserName"":""James"",""Severity"":""INFO"",""ObjectServer"":""Security Account Manager"",""ProcessName"":""C:\\Windows\\System32\\lsass.exe"",""EventType"":""AUDIT_SUCCESS"",""Channel"":""Security"",""Opcode"":""Info"",""EventReceivedTime"":""2022-04-15 08:06:03"",""@version"":""1"",""Task"":12804,""SubjectDomainName"":""Cybertees"",""HandleId"":""0x1f41fc57040"",""SourceModuleType"":""im_msvistalog"",""Hostname"":""Micheal.Beaven"",""Keywords"":-9214364837600034816,""Version"":0,""ProcessId"":""0x2e4""}",2022-04-15T08:06:02.000+0000,8,15,6,april,2,friday,2022,local,,AUDIT_SUCCESS,cybertees.net,cyber-host,windowslogs,1,60427,"{"""":[""""],"""":,"""":,"""":""{----}"","""":""---"","""":,"""":""--_:",Event_logs.json,_json,ip-10-10-40-195,,splunk,,2022-04-15T12:06:03.911Z,
1,,,,SYSTEM,User,,,,,C:\windows\SYSTEM32\ntdll.dll+9c534|C:\windows\SYSTEM32\psmserviceexthost.dll+222a3|C:\windows\SYSTEM32\psmserviceexthost.dll+1a172|C:\windows\SYSTEM32\psmserviceexthost.dll+19e3b|C:\windows\SYSTEM32\psmserviceexthost.dll+19318|C:\windows\SYSTEM32\ntdll.dll+3081d|C:\windows\SYSTEM32\ntdll.dll+345b4|C:\windows\System32\KERNEL32.DLL+17bd4|C:\windows\SYSTEM32\ntdll.dll+6ce51,Process accessed (rule: ProcessAccess),Microsoft-Windows-Sysmon/Operational,,,,,,,,,,,,,,,,,,NT AUTHORITY,,,,,10,,2022-04-15 8:06:03,2022-04-15 8:06:02,,3348,,,0x1000,,,,Micheal.Beaven,,,,,,,,,,-9223372036854775808,,,,,,,,,"Process accessed:
RuleName: -
UtcTime: 2022-04-15 12:06:02.878
SourceProcessGUID: {83d0c8c3-43cb-5f5f-1000-000000000400}
SourceProcessId: 900
SourceThreadId: 976
SourceImage: C:\windows\system32\svchost.exe
TargetProcessGUID: {83d0c8c3-4479-5f5f-5602-000000000400}
TargetProcessId: 1268
TargetImage: C:\windows\System32\svchost.exe
GrantedAccess: 0x1000
CallTrace: C:\windows\SYSTEM32\ntdll.dll+9c534|C:\windows\SYSTEM32\psmserviceexthost.dll+222a3|C:\windows\SYSTEM32\psmserviceexthost.dll+1a172|C:\windows\SYSTEM32\psmserviceexthost.dll+19e3b|C:\windows\SYSTEM32\psmserviceexthost.dll+19318|C:\windows\SYSTEM32\ntdll.dll+3081d|C:\windows\SYSTEM32\ntdll.dll+345b4|C:\windows\System32\KERNEL32.DLL+17bd4|C:\windows\SYSTEM32\ntdll.dll+6ce51",,,,,,,,Info,0,,,,,,,,,,,900,,,,{5770385F-C22A-43E0-BF4C-06F5698FFBD9},,,,183231,,,,,,,-,,INFO,2,,,,,,,,,C:\windows\system32\svchost.exe,,,eventlog,im_msvistalog,Microsoft-Windows-Sysmon,,,{83d0c8c3-43cb-5f5f-1000-000000000400},900,976,,,,,,,,,C:\windows\System32\svchost.exe,,,,,,{83d0c8c3-4479-5f5f-5602-000000000400},1268,,,10,,,,4532,,,,,S-1-5-18,2022-04-15 12:06:03,3,,,"{""EventID"":10,""RecordNumber"":183231,""ProviderGuid"":""{5770385F-C22A-43E0-BF4C-06F5698FFBD9}"",""SourceName"":""Microsoft-Windows-Sysmon"",""OpcodeValue"":0,""AccountName"":""SYSTEM"",""SourceImage"":""C:\\windows\\system32\\svchost.exe"",""SourceModuleName"":""eventlog"",""ExecutionProcessID"":3348,""AccountType"":""User"",""Category"":""Process accessed (rule: ProcessAccess)"",""SourceProcessId"":""900"",""Domain"":""NT AUTHORITY"",""port"":60427,""ThreadID"":4532,""Severity"":""INFO"",""EventType"":""INFO"",""Channel"":""Microsoft-Windows-Sysmon/Operational"",""Opcode"":""Info"",""EventReceivedTime"":""2022-04-15 08:06:03"",""Task"":10,""RuleName"":""-"",""Keywords"":-9223372036854775808,""Version"":3,""ProcessId"":""900"",""tags"":[""splunk""],""GrantedAccess"":""0x1000"",""SourceProcessGUID"":""{83d0c8c3-43cb-5f5f-1000-000000000400}"",""EventTime"":""2022-04-15 08:06:02"",""host"":""cybertees.net"",""SeverityValue"":2,""CallTrace"":""C:\\windows\\SYSTEM32\\ntdll.dll+9c534|C:\\windows\\SYSTEM32\\psmserviceexthost.dll+222a3|C:\\windows\\SYSTEM32\\psmserviceexthost.dll+1a172|C:\\windows\\SYSTEM32\\psmserviceexthost.dll+19e3b|C:\\windows\\SYSTEM32\\psmserviceexthost.dll+19318|C:\\windows\\SYSTEM32\\ntdll.dll+3081d|C:\\windows\\SYSTEM32\\ntdll.dll+345b4|C:\\windows\\System32\\KERNEL32.DLL+17bd4|C:\\windows\\SYSTEM32\\ntdll.dll+6ce51"",""Message"":""Process accessed:\r\nRuleName: -\r\nUtcTime: 2022-04-15 12:06:02.878\r\nSourceProcessGUID: {83d0c8c3-43cb-5f5f-1000-000000000400}\r\nSourceProcessId: 900\r\nSourceThreadId: 976\r\nSourceImage: C:\\windows\\system32\\svchost.exe\r\nTargetProcessGUID: {83d0c8c3-4479-5f5f-5602-000000000400}\r\nTargetProcessId: 1268\r\nTargetImage: C:\\windows\\System32\\svchost.exe\r\nGrantedAccess: 0x1000\r\nCallTrace: C:\\windows\\SYSTEM32\\ntdll.dll+9c534|C:\\windows\\SYSTEM32\\psmserviceexthost.dll+222a3|C:\\windows\\SYSTEM32\\psmserviceexthost.dll+1a172|C:\\windows\\SYSTEM32\\psmserviceexthost.dll+19e3b|C:\\windows\\SYSTEM32\\psmserviceexthost.dll+19318|C:\\windows\\SYSTEM32\\ntdll.dll+3081d|C:\\windows\\SYSTEM32\\ntdll.dll+345b4|C:\\windows\\System32\\KERNEL32.DLL+17bd4|C:\\windows\\SYSTEM32\\ntdll.dll+6ce51"",""UtcTime"":""2022-04-15 12:06:02.878"",""UserID"":""S-1-5-18"",""timestamp"":""2022-04-15T12:06:03.910Z"",""TargetProcessId"":""1268"",""SourceThreadId"":""976"",""@version"":""1"",""TargetProcessGUID"":""{83d0c8c3-4479-5f5f-5602-000000000400}"",""SourceModuleType"":""im_msvistalog"",""TargetImage"":""C:\\windows\\System32\\svchost.exe"",""Hostname"":""Micheal.Beaven""}",2022-04-15T08:06:02.000+0000,8,15,6,april,2,friday,2022,local,,INFO,cybertees.net,cyber-host,windowslogs,1,60427,"{"""":,"""":,"""":""{----}"","""":""--"","""":,"""":"""","""":"":\\\\\\",Event_logs.json,_json,ip-10-10-40-195,,splunk,,2022-04-15T12:06:03.910Z,
1,,,,,,{E0F7BC1B-4488-0000-8D57-1F92808AD601},,,,,User Account Management,Security,,,,,,,,,,,,,,,,,,,,,,,4726,,2022-04-15 8:06:03,2022-04-15 8:06:02,,740,,,,,,,Micheal.Beaven,,,,,,,,,,-9214364837600034816,,,,,,,,,"A user account was deleted.

Subject:
	Security ID:		S-1-5-21-4020993649-1037605423-417876593-1104
	Account Name:		James
	Account Domain:		Cybertees
	Logon ID:		0x551686

Target Account:
	Security ID:		S-1-5-21-1969843730-2406867588-1543852148-1000
	Account Name:		A1berto
	Account Domain:		WORKSTATION6

Additional Information:
	Privileges	-",,,,,,,,Info,0,,,,,,,,,-,,,,,,{54849625-5478-4994-A5BA-3E3B0328C30D},,,,56082,,,,,,,,,INFO,2,,,,,,,,,,,,eventlog,im_msvistalog,Microsoft-Windows-Security-Auditing,,,,,,,Cybertees,0x551686,James,S-1-5-21-4020993649-1037605423-417876593-1104,WORKSTATION6,,,,,,,,,,,A1berto,,13824,,,,3872,,,,,,,0,,,"{""tags"":[""splunk""],""EventID"":4726,""RecordNumber"":56082,""ProviderGuid"":""{54849625-5478-4994-A5BA-3E3B0328C30D}"",""SourceName"":""Microsoft-Windows-Security-Auditing"",""OpcodeValue"":0,""EventTime"":""2022-04-15 08:06:02"",""SubjectUserSid"":""S-1-5-21-4020993649-1037605423-417876593-1104"",""host"":""cybertees.net"",""SeverityValue"":2,""ExecutionProcessID"":740,""Category"":""User Account Management"",""TargetUserName"":""A1berto"",""SubjectLogonId"":""0x551686"",""SourceModuleName"":""eventlog"",""ActivityID"":""{E0F7BC1B-4488-0000-8D57-1F92808AD601}"",""Message"":""A user account was deleted.\r\n\r\nSubject:\r\n\tSecurity ID:\t\tS-1-5-21-4020993649-1037605423-417876593-1104\r\n\tAccount Name:\t\tJames\r\n\tAccount Domain:\t\tCybertees\r\n\tLogon ID:\t\t0x551686\r\n\r\nTarget Account:\r\n\tSecurity ID:\t\tS-1-5-21-1969843730-2406867588-1543852148-1000\r\n\tAccount Name:\t\tA1berto\r\n\tAccount Domain:\t\tWORKSTATION6\r\n\r\nAdditional Information:\r\n\tPrivileges\t-"",""port"":60427,""timestamp"":""2022-04-15T12:06:03.910Z"",""ThreadID"":3872,""SubjectUserName"":""James"",""Severity"":""INFO"",""EventType"":""AUDIT_SUCCESS"",""Channel"":""Security"",""Opcode"":""Info"",""EventReceivedTime"":""2022-04-15 08:06:03"",""@version"":""1"",""Task"":13824,""SubjectDomainName"":""Cybertees"",""SourceModuleType"":""im_msvistalog"",""TargetDomainName"":""WORKSTATION6"",""TargetSid"":""S-1-5-21-1969843730-2406867588-1543852148-1000"",""Hostname"":""Micheal.Beaven"",""Keywords"":-9214364837600034816,""Version"":0,""PrivilegeList"":""-""}",2022-04-15T08:06:02.000+0000,8,15,6,april,2,friday,2022,local,,AUDIT_SUCCESS,cybertees.net,cyber-host,windowslogs,1,60427,"{"""":[""""],"""":,"""":,"""":""{----}"","""":""---"","""":,"""":""--_:",Event_logs.json,_json,ip-10-10-40-195,,splunk,,2022-04-15T12:06:03.910Z,
1,,,,,,{E0F7BC1B-4488-0000-8D57-1F92808AD601},,,,,Security Group Management,Security,,,,,,,,,,,,,,,,,,,,,,,4729,,2022-04-15 8:06:03,2022-04-15 8:06:02,,740,,,,,,,Micheal.Beaven,,,,,,,,,,-9214364837600034816,,,,,,,,,"A member was removed from a security-enabled global group.

Subject:
	Security ID:		S-1-5-21-4020993649-1037605423-417876593-1104
	Account Name:		James
	Account Domain:		Cybertees
	Logon ID:		0x551686

Member:
	Security ID:		S-1-5-21-1969843730-2406867588-1543852148-1000
	Account Name:		-

Group:
	Security ID:		S-1-5-21-1969843730-2406867588-1543852148-513
	Group Name:		None
	Group Domain:		WORKSTATION6

