UtcTime: 2022-04-15 12:06:01.967
ProcessGuid: {2d351099-5ca9-5f5f-2f04-000000000400}
ProcessId: 9428
Image: C:\Windows\System32\wbem\WMIC.exe
ImageLoaded: C:\Windows\System32\shlwapi.dll
FileVersion: 10.0.18362.1 (WinBuild.160101.0800)
Description: Shell Light-weight Utility Library
Product: Microsoft® Windows® Operating System
Company: Microsoft Corporation
OriginalFileName: SHLWAPI.DLL
Hashes: SHA1=9074DF3335B785BB00B43AE76ACC66B799118FAE,MD5=BFB85A9022324E41FCEC5011BCB5FD23,SHA256=3CDA144CFB6278DA47267FE1E1FE258716A074C3D3DD8413B259DA7DA1039871,IMPHASH=6659A49ABF33952444C5A7FA22FD9032
Signed: true
Signature: Microsoft Windows
SignatureStatus: Valid",,,,,,,,Info,0,SHLWAPI.DLL,,,,,,,,,{2d351099-5ca9-5f5f-2f04-000000000400},9428,,Microsoft® Windows® Operating System,,{5770385F-C22A-43E0-BF4C-06F5698FFBD9},,,,423365,,,,,,,-,,INFO,2,,,Microsoft Windows,Valid,TRUE,,,,,,,eventlog,im_msvistalog,Microsoft-Windows-Sysmon,,,,,,,,,,,,,,,,,,,,,,,,7,,,,4688,,,,,S-1-5-18,2022-04-15 12:06:02,3,,,"{""EventID"":7,""RecordNumber"":423365,""ProviderGuid"":""{5770385F-C22A-43E0-BF4C-06F5698FFBD9}"",""SourceName"":""Microsoft-Windows-Sysmon"",""OpcodeValue"":0,""AccountName"":""SYSTEM"",""SignatureStatus"":""Valid"",""SourceModuleName"":""eventlog"",""ExecutionProcessID"":3524,""AccountType"":""User"",""Category"":""Image loaded (rule: ImageLoad)"",""Domain"":""NT AUTHORITY"",""port"":60427,""Company"":""Microsoft Corporation"",""ThreadID"":4688,""Severity"":""INFO"",""EventType"":""INFO"",""Signed"":""true"",""Channel"":""Microsoft-Windows-Sysmon/Operational"",""Opcode"":""Info"",""EventReceivedTime"":""2022-04-15 08:06:02"",""ImageLoaded"":""C:\\Windows\\System32\\shlwapi.dll"",""Task"":7,""RuleName"":""-"",""Keywords"":-9223372036854775808,""Version"":3,""ProcessId"":""9428"",""Image"":""C:\\Windows\\System32\\wbem\\WMIC.exe"",""Product"":""Microsoft® Windows® Operating System"",""tags"":[""splunk""],""EventTime"":""2022-04-15 08:06:01"",""host"":""cybertees.net"",""SeverityValue"":2,""Message"":""Image loaded:\r\nRuleName: -\r\nUtcTime: 2022-04-15 12:06:01.967\r\nProcessGuid: {2d351099-5ca9-5f5f-2f04-000000000400}\r\nProcessId: 9428\r\nImage: C:\\Windows\\System32\\wbem\\WMIC.exe\r\nImageLoaded: C:\\Windows\\System32\\shlwapi.dll\r\nFileVersion: 10.0.18362.1 (WinBuild.160101.0800)\r\nDescription: Shell Light-weight Utility Library\r\nProduct: Microsoft® Windows® Operating System\r\nCompany: Microsoft Corporation\r\nOriginalFileName: SHLWAPI.DLL\r\nHashes: SHA1=9074DF3335B785BB00B43AE76ACC66B799118FAE,MD5=BFB85A9022324E41FCEC5011BCB5FD23,SHA256=3CDA144CFB6278DA47267FE1E1FE258716A074C3D3DD8413B259DA7DA1039871,IMPHASH=6659A49ABF33952444C5A7FA22FD9032\r\nSigned: true\r\nSignature: Microsoft Windows\r\nSignatureStatus: Valid"",""UtcTime"":""2022-04-15 12:06:01.967"",""UserID"":""S-1-5-18"",""FileVersion"":""10.0.18362.1 (WinBuild.160101.0800)"",""Description"":""Shell Light-weight Utility Library"",""OriginalFileName"":""SHLWAPI.DLL"",""timestamp"":""2022-04-15T12:06:02.622Z"",""Hashes"":""SHA1=9074DF3335B785BB00B43AE76ACC66B799118FAE,MD5=BFB85A9022324E41FCEC5011BCB5FD23,SHA256=3CDA144CFB6278DA47267FE1E1FE258716A074C3D3DD8413B259DA7DA1039871,IMPHASH=6659A49ABF33952444C5A7FA22FD9032"",""Signature"":""Microsoft Windows"",""@version"":""1"",""SourceModuleType"":""im_msvistalog"",""Hostname"":""James.browne"",""ProcessGuid"":""{2d351099-5ca9-5f5f-2f04-000000000400}""}",2022-04-15T08:06:01.000+0000,8,15,6,april,1,friday,2022,local,,INFO,cybertees.net,cyber-host,windowslogs,1,60427,"{"""":,"""":,"""":""{----}"","""":""--"","""":,"""":"""","""":"""","""":""""",Event_logs.json,_json,ip-10-10-40-195,,splunk,,2022-04-15T12:06:02.622Z,
1,,,,SYSTEM,User,,,,,,Image loaded (rule: ImageLoad),Microsoft-Windows-Sysmon/Operational,,-,,,,-,,,,,,,,,,,,NT AUTHORITY,,,,,7,,2022-04-15 8:06:02,2022-04-15 8:06:01,,3524,-,,,,,"SHA1=6ABB78FB1614C12E3E9FFF3DE98B0E13E79201D9,MD5=B9A75ED4500DD953DF172FE6F63578E8,SHA256=709B99BA1DFEF6D9B2483F37D242B12F29B1E1ADE13E338B4D7041C55B55204B,IMPHASH=5A0FF5293A05BFEBAE6F2C9C302FC5E7",James.browne,C:\Windows\System32\wbem\WMIC.exe,C:\Windows\System32\umpdc.dll,,,,,,,,-9223372036854775808,,,,,,,,,"Image loaded:
RuleName: -
UtcTime: 2022-04-15 12:06:01.967
ProcessGuid: {2d351099-5ca9-5f5f-2f04-000000000400}
ProcessId: 9428
Image: C:\Windows\System32\wbem\WMIC.exe
ImageLoaded: C:\Windows\System32\umpdc.dll
FileVersion: -
Description: -
Product: -
Company: -
OriginalFileName: -
Hashes: SHA1=6ABB78FB1614C12E3E9FFF3DE98B0E13E79201D9,MD5=B9A75ED4500DD953DF172FE6F63578E8,SHA256=709B99BA1DFEF6D9B2483F37D242B12F29B1E1ADE13E338B4D7041C55B55204B,IMPHASH=5A0FF5293A05BFEBAE6F2C9C302FC5E7
Signed: true
Signature: Microsoft Windows
SignatureStatus: Valid",,,,,,,,Info,0,-,,,,,,,,,{2d351099-5ca9-5f5f-2f04-000000000400},9428,,-,,{5770385F-C22A-43E0-BF4C-06F5698FFBD9},,,,423364,,,,,,,-,,INFO,2,,,Microsoft Windows,Valid,TRUE,,,,,,,eventlog,im_msvistalog,Microsoft-Windows-Sysmon,,,,,,,,,,,,,,,,,,,,,,,,7,,,,4688,,,,,S-1-5-18,2022-04-15 12:06:02,3,,,"{""EventID"":7,""RecordNumber"":423364,""ProviderGuid"":""{5770385F-C22A-43E0-BF4C-06F5698FFBD9}"",""SourceName"":""Microsoft-Windows-Sysmon"",""OpcodeValue"":0,""AccountName"":""SYSTEM"",""SignatureStatus"":""Valid"",""SourceModuleName"":""eventlog"",""ExecutionProcessID"":3524,""AccountType"":""User"",""Category"":""Image loaded (rule: ImageLoad)"",""Domain"":""NT AUTHORITY"",""port"":60427,""Company"":""-"",""ThreadID"":4688,""Severity"":""INFO"",""EventType"":""INFO"",""Signed"":""true"",""Channel"":""Microsoft-Windows-Sysmon/Operational"",""Opcode"":""Info"",""EventReceivedTime"":""2022-04-15 08:06:02"",""ImageLoaded"":""C:\\Windows\\System32\\umpdc.dll"",""Task"":7,""RuleName"":""-"",""Keywords"":-9223372036854775808,""Version"":3,""ProcessId"":""9428"",""Image"":""C:\\Windows\\System32\\wbem\\WMIC.exe"",""Product"":""-"",""tags"":[""splunk""],""EventTime"":""2022-04-15 08:06:01"",""host"":""cybertees.net"",""SeverityValue"":2,""Message"":""Image loaded:\r\nRuleName: -\r\nUtcTime: 2022-04-15 12:06:01.967\r\nProcessGuid: {2d351099-5ca9-5f5f-2f04-000000000400}\r\nProcessId: 9428\r\nImage: C:\\Windows\\System32\\wbem\\WMIC.exe\r\nImageLoaded: C:\\Windows\\System32\\umpdc.dll\r\nFileVersion: -\r\nDescription: -\r\nProduct: -\r\nCompany: -\r\nOriginalFileName: -\r\nHashes: SHA1=6ABB78FB1614C12E3E9FFF3DE98B0E13E79201D9,MD5=B9A75ED4500DD953DF172FE6F63578E8,SHA256=709B99BA1DFEF6D9B2483F37D242B12F29B1E1ADE13E338B4D7041C55B55204B,IMPHASH=5A0FF5293A05BFEBAE6F2C9C302FC5E7\r\nSigned: true\r\nSignature: Microsoft Windows\r\nSignatureStatus: Valid"",""UtcTime"":""2022-04-15 12:06:01.967"",""UserID"":""S-1-5-18"",""FileVersion"":""-"",""Description"":""-"",""OriginalFileName"":""-"",""timestamp"":""2022-04-15T12:06:02.622Z"",""Hashes"":""SHA1=6ABB78FB1614C12E3E9FFF3DE98B0E13E79201D9,MD5=B9A75ED4500DD953DF172FE6F63578E8,SHA256=709B99BA1DFEF6D9B2483F37D242B12F29B1E1ADE13E338B4D7041C55B55204B,IMPHASH=5A0FF5293A05BFEBAE6F2C9C302FC5E7"",""Signature"":""Microsoft Windows"",""@version"":""1"",""SourceModuleType"":""im_msvistalog"",""Hostname"":""James.browne"",""ProcessGuid"":""{2d351099-5ca9-5f5f-2f04-000000000400}""}",2022-04-15T08:06:01.000+0000,8,15,6,april,1,friday,2022,local,,INFO,cybertees.net,cyber-host,windowslogs,1,60427,"{"""":,"""":,"""":""{----}"","""":""--"","""":,"""":"""","""":"""","""":""""",Event_logs.json,_json,ip-10-10-40-195,,splunk,,2022-04-15T12:06:02.622Z,
1,,,,SYSTEM,User,,,,,,Image loaded (rule: ImageLoad),Microsoft-Windows-Sysmon/Operational,,Microsoft Corporation,,,,Power Profile Helper DLL,,,,,,,,,,,,NT AUTHORITY,,,,,7,,2022-04-15 8:06:02,2022-04-15 8:06:01,,3524,10.0.18362.1 (WinBuild.160101.0800),,,,,"SHA1=30D5ADBC0664977C27B65622F514632581C9AF45,MD5=07B027B1E0B775FAE815E487F28137B9,SHA256=21358CE9A416C7F6DB063095102E91F014BDB85B08A4E783E17234792C9B483A,IMPHASH=817FF4748665EB442F0081A91349F764",James.browne,C:\Windows\System32\wbem\WMIC.exe,C:\Windows\System32\powrprof.dll,,,,,,,,-9223372036854775808,,,,,,,,,"Image loaded:
RuleName: -
UtcTime: 2022-04-15 12:06:01.967
ProcessGuid: {2d351099-5ca9-5f5f-2f04-000000000400}
ProcessId: 9428
Image: C:\Windows\System32\wbem\WMIC.exe
ImageLoaded: C:\Windows\System32\powrprof.dll
FileVersion: 10.0.18362.1 (WinBuild.160101.0800)
Description: Power Profile Helper DLL
Product: Microsoft® Windows® Operating System
Company: Microsoft Corporation
OriginalFileName: POWRPROF.DLL
Hashes: SHA1=30D5ADBC0664977C27B65622F514632581C9AF45,MD5=07B027B1E0B775FAE815E487F28137B9,SHA256=21358CE9A416C7F6DB063095102E91F014BDB85B08A4E783E17234792C9B483A,IMPHASH=817FF4748665EB442F0081A91349F764
Signed: true
Signature: Microsoft Windows
SignatureStatus: Valid",,,,,,,,Info,0,POWRPROF.DLL,,,,,,,,,{2d351099-5ca9-5f5f-2f04-000000000400},9428,,Microsoft® Windows® Operating System,,{5770385F-C22A-43E0-BF4C-06F5698FFBD9},,,,423363,,,,,,,-,,INFO,2,,,Microsoft Windows,Valid,TRUE,,,,,,,eventlog,im_msvistalog,Microsoft-Windows-Sysmon,,,,,,,,,,,,,,,,,,,,,,,,7,,,,4688,,,,,S-1-5-18,2022-04-15 12:06:02,3,,,"{""EventID"":7,""RecordNumber"":423363,""ProviderGuid"":""{5770385F-C22A-43E0-BF4C-06F5698FFBD9}"",""SourceName"":""Microsoft-Windows-Sysmon"",""OpcodeValue"":0,""AccountName"":""SYSTEM"",""SignatureStatus"":""Valid"",""SourceModuleName"":""eventlog"",""ExecutionProcessID"":3524,""AccountType"":""User"",""Category"":""Image loaded (rule: ImageLoad)"",""Domain"":""NT AUTHORITY"",""port"":60427,""Company"":""Microsoft Corporation"",""ThreadID"":4688,""Severity"":""INFO"",""EventType"":""INFO"",""Signed"":""true"",""Channel"":""Microsoft-Windows-Sysmon/Operational"",""Opcode"":""Info"",""EventReceivedTime"":""2022-04-15 08:06:02"",""ImageLoaded"":""C:\\Windows\\System32\\powrprof.dll"",""Task"":7,""RuleName"":""-"",""Keywords"":-9223372036854775808,""Version"":3,""ProcessId"":""9428"",""Image"":""C:\\Windows\\System32\\wbem\\WMIC.exe"",""Product"":""Microsoft® Windows® Operating System"",""tags"":[""splunk""],""EventTime"":""2022-04-15 08:06:01"",""host"":""cybertees.net"",""SeverityValue"":2,""Message"":""Image loaded:\r\nRuleName: -\r\nUtcTime: 2022-04-15 12:06:01.967\r\nProcessGuid: {2d351099-5ca9-5f5f-2f04-000000000400}\r\nProcessId: 9428\r\nImage: C:\\Windows\\System32\\wbem\\WMIC.exe\r\nImageLoaded: C:\\Windows\\System32\\powrprof.dll\r\nFileVersion: 10.0.18362.1 (WinBuild.160101.0800)\r\nDescription: Power Profile Helper DLL\r\nProduct: Microsoft® Windows® Operating System\r\nCompany: Microsoft Corporation\r\nOriginalFileName: POWRPROF.DLL\r\nHashes: SHA1=30D5ADBC0664977C27B65622F514632581C9AF45,MD5=07B027B1E0B775FAE815E487F28137B9,SHA256=21358CE9A416C7F6DB063095102E91F014BDB85B08A4E783E17234792C9B483A,IMPHASH=817FF4748665EB442F0081A91349F764\r\nSigned: true\r\nSignature: Microsoft Windows\r\nSignatureStatus: Valid"",""UtcTime"":""2022-04-15 12:06:01.967"",""UserID"":""S-1-5-18"",""FileVersion"":""10.0.18362.1 (WinBuild.160101.0800)"",""Description"":""Power Profile Helper DLL"",""OriginalFileName"":""POWRPROF.DLL"",""timestamp"":""2022-04-15T12:06:02.613Z"",""Hashes"":""SHA1=30D5ADBC0664977C27B65622F514632581C9AF45,MD5=07B027B1E0B775FAE815E487F28137B9,SHA256=21358CE9A416C7F6DB063095102E91F014BDB85B08A4E783E17234792C9B483A,IMPHASH=817FF4748665EB442F0081A91349F764"",""Signature"":""Microsoft Windows"",""@version"":""1"",""SourceModuleType"":""im_msvistalog"",""Hostname"":""James.browne"",""ProcessGuid"":""{2d351099-5ca9-5f5f-2f04-000000000400}""}",2022-04-15T08:06:01.000+0000,8,15,6,april,1,friday,2022,local,,INFO,cybertees.net,cyber-host,windowslogs,1,60427,"{"""":,"""":,"""":""{----}"","""":""--"","""":,"""":"""","""":"""","""":""""",Event_logs.json,_json,ip-10-10-40-195,,splunk,,2022-04-15T12:06:02.613Z,
1,,,,SYSTEM,User,,,,,,Image loaded (rule: ImageLoad),Microsoft-Windows-Sysmon/Operational,,Microsoft Corporation,,,,User Profile Basic API,,,,,,,,,,,,NT AUTHORITY,,,,,7,,2022-04-15 8:06:02,2022-04-15 8:06:01,,3524,10.0.18362.693 (WinBuild.160101.0800),,,,,"SHA1=387FC7660AFDEC45CFFB84980EB77D0E787ED31B,MD5=F4862E1CC68687B9D4B245512BDF8383,SHA256=A2DF0AC95B9AA338EB6062BA5739F65BFBA86658546F4C5CAC6045C363F55E24,IMPHASH=192CF98320740B7D296297054A9C3EEA",James.browne,C:\Windows\System32\wbem\WMIC.exe,C:\Windows\System32\profapi.dll,,,,,,,,-9223372036854775808,,,,,,,,,"Image loaded:
RuleName: -
UtcTime: 2022-04-15 12:06:01.967
ProcessGuid: {2d351099-5ca9-5f5f-2f04-000000000400}
ProcessId: 9428
Image: C:\Windows\System32\wbem\WMIC.exe
ImageLoaded: C:\Windows\System32\profapi.dll
FileVersion: 10.0.18362.693 (WinBuild.160101.0800)
Description: User Profile Basic API
Product: Microsoft® Windows® Operating System
Company: Microsoft Corporation
OriginalFileName: PROFAPI.DLL
Hashes: SHA1=387FC7660AFDEC45CFFB84980EB77D0E787ED31B,MD5=F4862E1CC68687B9D4B245512BDF8383,SHA256=A2DF0AC95B9AA338EB6062BA5739F65BFBA86658546F4C5CAC6045C363F55E24,IMPHASH=192CF98320740B7D296297054A9C3EEA
Signed: true
Signature: Microsoft Windows
SignatureStatus: Valid",,,,,,,,Info,0,PROFAPI.DLL,,,,,,,,,{2d351099-5ca9-5f5f-2f04-000000000400},9428,,Microsoft® Windows® Operating System,,{5770385F-C22A-43E0-BF4C-06F5698FFBD9},,,,423362,,,,,,,-,,INFO,2,,,Microsoft Windows,Valid,TRUE,,,,,,,eventlog,im_msvistalog,Microsoft-Windows-Sysmon,,,,,,,,,,,,,,,,,,,,,,,,7,,,,4688,,,,,S-1-5-18,2022-04-15 12:06:02,3,,,"{""EventID"":7,""RecordNumber"":423362,""ProviderGuid"":""{5770385F-C22A-43E0-BF4C-06F5698FFBD9}"",""SourceName"":""Microsoft-Windows-Sysmon"",""OpcodeValue"":0,""AccountName"":""SYSTEM"",""SignatureStatus"":""Valid"",""SourceModuleName"":""eventlog"",""ExecutionProcessID"":3524,""AccountType"":""User"",""Category"":""Image loaded (rule: ImageLoad)"",""Domain"":""NT AUTHORITY"",""port"":60427,""Company"":""Microsoft Corporation"",""ThreadID"":4688,""Severity"":""INFO"",""EventType"":""INFO"",""Signed"":""true"",""Channel"":""Microsoft-Windows-Sysmon/Operational"",""Opcode"":""Info"",""EventReceivedTime"":""2022-04-15 08:06:02"",""ImageLoaded"":""C:\\Windows\\System32\\profapi.dll"",""Task"":7,""RuleName"":""-"",""Keywords"":-9223372036854775808,""Version"":3,""ProcessId"":""9428"",""Image"":""C:\\Windows\\System32\\wbem\\WMIC.exe"",""Product"":""Microsoft® Windows® Operating System"",""tags"":[""splunk""],""EventTime"":""2022-04-15 08:06:01"",""host"":""cybertees.net"",""SeverityValue"":2,""Message"":""Image loaded:\r\nRuleName: -\r\nUtcTime: 2022-04-15 12:06:01.967\r\nProcessGuid: {2d351099-5ca9-5f5f-2f04-000000000400}\r\nProcessId: 9428\r\nImage: C:\\Windows\\System32\\wbem\\WMIC.exe\r\nImageLoaded: C:\\Windows\\System32\\profapi.dll\r\nFileVersion: 10.0.18362.693 (WinBuild.160101.0800)\r\nDescription: User Profile Basic API\r\nProduct: Microsoft® Windows® Operating System\r\nCompany: Microsoft Corporation\r\nOriginalFileName: PROFAPI.DLL\r\nHashes: SHA1=387FC7660AFDEC45CFFB84980EB77D0E787ED31B,MD5=F4862E1CC68687B9D4B245512BDF8383,SHA256=A2DF0AC95B9AA338EB6062BA5739F65BFBA86658546F4C5CAC6045C363F55E24,IMPHASH=192CF98320740B7D296297054A9C3EEA\r\nSigned: true\r\nSignature: Microsoft Windows\r\nSignatureStatus: Valid"",""UtcTime"":""2022-04-15 12:06:01.967"",""UserID"":""S-1-5-18"",""FileVersion"":""10.0.18362.693 (WinBuild.160101.0800)"",""Description"":""User Profile Basic API"",""OriginalFileName"":""PROFAPI.DLL"",""timestamp"":""2022-04-15T12:06:02.613Z"",""Hashes"":""SHA1=387FC7660AFDEC45CFFB84980EB77D0E787ED31B,MD5=F4862E1CC68687B9D4B245512BDF8383,SHA256=A2DF0AC95B9AA338EB6062BA5739F65BFBA86658546F4C5CAC6045C363F55E24,IMPHASH=192CF98320740B7D296297054A9C3EEA"",""Signature"":""Microsoft Windows"",""@version"":""1"",""SourceModuleType"":""im_msvistalog"",""Hostname"":""James.browne"",""ProcessGuid"":""{2d351099-5ca9-5f5f-2f04-000000000400}""}",2022-04-15T08:06:01.000+0000,8,15,6,april,1,friday,2022,local,,INFO,cybertees.net,cyber-host,windowslogs,1,60427,"{"""":,"""":,"""":""{----}"","""":""--"","""":,"""":"""","""":"""","""":""""",Event_logs.json,_json,ip-10-10-40-195,,splunk,,2022-04-15T12:06:02.613Z,
1,,,,SYSTEM,User,,,,,,Image loaded (rule: ImageLoad),Microsoft-Windows-Sysmon/Operational,,Microsoft Corporation,,,,Microsoft WinRT Storage API,,,,,,,,,,,,NT AUTHORITY,,,,,7,,2022-04-15 8:06:02,2022-04-15 8:06:01,,3524,10.0.18362.1082 (WinBuild.160101.0800),,,,,"SHA1=DF7D0248848C0247FD5F65ABD9799FDA0380C77D,MD5=DDD102204FDCD3FC8DD0AA89CF6609A3,SHA256=49F37639155096444C1B780071B8D63320FD8F8DC1D7CEF7A9031830C4F90968,IMPHASH=BDB3E400A78EE2D42C647E85CD2D827B",James.browne,C:\Windows\System32\wbem\WMIC.exe,C:\Windows\System32\windows.storage.dll,,,,,,,,-9223372036854775808,,,,,,,,,"Image loaded:
RuleName: -
UtcTime: 2022-04-15 12:06:01.967
ProcessGuid: {2d351099-5ca9-5f5f-2f04-000000000400}
ProcessId: 9428
Image: C:\Windows\System32\wbem\WMIC.exe
ImageLoaded: C:\Windows\System32\windows.storage.dll
FileVersion: 10.0.18362.1082 (WinBuild.160101.0800)
Description: Microsoft WinRT Storage API
Product: Microsoft® Windows® Operating System
Company: Microsoft Corporation
OriginalFileName: Windows.Storage.dll
Hashes: SHA1=DF7D0248848C0247FD5F65ABD9799FDA0380C77D,MD5=DDD102204FDCD3FC8DD0AA89CF6609A3,SHA256=49F37639155096444C1B780071B8D63320FD8F8DC1D7CEF7A9031830C4F90968,IMPHASH=BDB3E400A78EE2D42C647E85CD2D827B
Signed: true
Signature: Microsoft Windows
SignatureStatus: Valid",,,,,,,,Info,0,Windows.Storage.dll,,,,,,,,,{2d351099-5ca9-5f5f-2f04-000000000400},9428,,Microsoft® Windows® Operating System,,{5770385F-C22A-43E0-BF4C-06F5698FFBD9},,,,423361,,,,,,,-,,INFO,2,,,Microsoft Windows,Valid,TRUE,,,,,,,eventlog,im_msvistalog,Microsoft-Windows-Sysmon,,,,,,,,,,,,,,,,,,,,,,,,7,,,,4688,,,,,S-1-5-18,2022-04-15 12:06:02,3,,,"{""EventID"":7,""RecordNumber"":423361,""ProviderGuid"":""{5770385F-C22A-43E0-BF4C-06F5698FFBD9}"",""SourceName"":""Microsoft-Windows-Sysmon"",""OpcodeValue"":0,""AccountName"":""SYSTEM"",""SignatureStatus"":""Valid"",""SourceModuleName"":""eventlog"",""ExecutionProcessID"":3524,""AccountType"":""User"",""Category"":""Image loaded (rule: ImageLoad)"",""Domain"":""NT AUTHORITY"",""port"":60427,""Company"":""Microsoft Corporation"",""ThreadID"":4688,""Severity"":""INFO"",""EventType"":""INFO"",""Signed"":""true"",""Channel"":""Microsoft-Windows-Sysmon/Operational"",""Opcode"":""Info"",""EventReceivedTime"":""2022-04-15 08:06:02"",""ImageLoaded"":""C:\\Windows\\System32\\windows.storage.dll"",""Task"":7,""RuleName"":""-"",""Keywords"":-9223372036854775808,""Version"":3,""ProcessId"":""9428"",""Image"":""C:\\Windows\\System32\\wbem\\WMIC.exe"",""Product"":""Microsoft® Windows® Operating System"",""tags"":[""splunk""],""EventTime"":""2022-04-15 08:06:01"",""host"":""cybertees.net"",""SeverityValue"":2,""Message"":""Image loaded:\r\nRuleName: -\r\nUtcTime: 2022-04-15 12:06:01.967\r\nProcessGuid: {2d351099-5ca9-5f5f-2f04-000000000400}\r\nProcessId: 9428\r\nImage: C:\\Windows\\System32\\wbem\\WMIC.exe\r\nImageLoaded: C:\\Windows\\System32\\windows.storage.dll\r\nFileVersion: 10.0.18362.1082 (WinBuild.160101.0800)\r\nDescription: Microsoft WinRT Storage API\r\nProduct: Microsoft® Windows® Operating System\r\nCompany: Microsoft Corporation\r\nOriginalFileName: Windows.Storage.dll\r\nHashes: SHA1=DF7D0248848C0247FD5F65ABD9799FDA0380C77D,MD5=DDD102204FDCD3FC8DD0AA89CF6609A3,SHA256=49F37639155096444C1B780071B8D63320FD8F8DC1D7CEF7A9031830C4F90968,IMPHASH=BDB3E400A78EE2D42C647E85CD2D827B\r\nSigned: true\r\nSignature: Microsoft Windows\r\nSignatureStatus: Valid"",""UtcTime"":""2022-04-15 12:06:01.967"",""UserID"":""S-1-5-18"",""FileVersion"":""10.0.18362.1082 (WinBuild.160101.0800)"",""Description"":""Microsoft WinRT Storage API"",""OriginalFileName"":""Windows.Storage.dll"",""timestamp"":""2022-04-15T12:06:02.613Z"",""Hashes"":""SHA1=DF7D0248848C0247FD5F65ABD9799FDA0380C77D,MD5=DDD102204FDCD3FC8DD0AA89CF6609A3,SHA256=49F37639155096444C1B780071B8D63320FD8F8DC1D7CEF7A9031830C4F90968,IMPHASH=BDB3E400A78EE2D42C647E85CD2D827B"",""Signature"":""Microsoft Windows"",""@version"":""1"",""SourceModuleType"":""im_msvistalog"",""Hostname"":""James.browne"",""ProcessGuid"":""{2d351099-5ca9-5f5f-2f04-000000000400}""}",2022-04-15T08:06:01.000+0000,8,15,6,april,1,friday,2022,local,,INFO,cybertees.net,cyber-host,windowslogs,1,60427,"{"""":,"""":,"""":""{----}"","""":""--"","""":,"""":"""","""":"""","""":""""",Event_logs.json,_json,ip-10-10-40-195,,splunk,,2022-04-15T12:06:02.613Z,
1,,,,SYSTEM,User,,,,,,Image loaded (rule: ImageLoad),Microsoft-Windows-Sysmon/Operational,,Microsoft Corporation,,,,Run time utility for Internet Explorer,,,,,,,,,,,,NT AUTHORITY,,,,,7,,2022-04-15 8:06:02,2022-04-15 8:06:01,,3524,11.00.18362.1049 (WinBuild.160101.0800),,,,,"SHA1=D9FF5E5E9BF065944E09C18D479BAFDF53B638FA,MD5=C94E136EEF04637A980FEF6EACB75EDF,SHA256=2B6577B2539A3789D642B09C9CE7A597AA8AE095E08918750FA9EA2CF132A592,IMPHASH=8A91E12AED8A0B282C3E51CA39DEC3F4",James.browne,C:\Windows\System32\wbem\WMIC.exe,C:\Windows\System32\iertutil.dll,,,,,,,,-9223372036854775808,,,,,,,,,"Image loaded:
RuleName: -
UtcTime: 2022-04-15 12:06:01.904
ProcessGuid: {2d351099-5ca9-5f5f-2f04-000000000400}
ProcessId: 9428
Image: C:\Windows\System32\wbem\WMIC.exe
ImageLoaded: C:\Windows\System32\iertutil.dll
FileVersion: 11.00.18362.1049 (WinBuild.160101.0800)
Description: Run time utility for Internet Explorer
Product: Internet Explorer
Company: Microsoft Corporation
OriginalFileName: IeRtUtil.dll
Hashes: SHA1=D9FF5E5E9BF065944E09C18D479BAFDF53B638FA,MD5=C94E136EEF04637A980FEF6EACB75EDF,SHA256=2B6577B2539A3789D642B09C9CE7A597AA8AE095E08918750FA9EA2CF132A592,IMPHASH=8A91E12AED8A0B282C3E51CA39DEC3F4
Signed: true
Signature: Microsoft Windows
SignatureStatus: Valid",,,,,,,,Info,0,IeRtUtil.dll,,,,,,,,,{2d351099-5ca9-5f5f-2f04-000000000400},9428,,Internet Explorer,,{5770385F-C22A-43E0-BF4C-06F5698FFBD9},,,,423360,,,,,,,-,,INFO,2,,,Microsoft Windows,Valid,TRUE,,,,,,,eventlog,im_msvistalog,Microsoft-Windows-Sysmon,,,,,,,,,,,,,,,,,,,,,,,,7,,,,4688,,,,,S-1-5-18,2022-04-15 12:06:02,3,,,"{""EventID"":7,""RecordNumber"":423360,""ProviderGuid"":""{5770385F-C22A-43E0-BF4C-06F5698FFBD9}"",""SourceName"":""Microsoft-Windows-Sysmon"",""OpcodeValue"":0,""AccountName"":""SYSTEM"",""SignatureStatus"":""Valid"",""SourceModuleName"":""eventlog"",""ExecutionProcessID"":3524,""AccountType"":""User"",""Category"":""Image loaded (rule: ImageLoad)"",""Domain"":""NT AUTHORITY"",""port"":60427,""Company"":""Microsoft Corporation"",""ThreadID"":4688,""Severity"":""INFO"",""EventType"":""INFO"",""Signed"":""true"",""Channel"":""Microsoft-Windows-Sysmon/Operational"",""Opcode"":""Info"",""EventReceivedTime"":""2022-04-15 08:06:02"",""ImageLoaded"":""C:\\Windows\\System32\\iertutil.dll"",""Task"":7,""RuleName"":""-"",""Keywords"":-9223372036854775808,""Version"":3,""ProcessId"":""9428"",""Image"":""C:\\Windows\\System32\\wbem\\WMIC.exe"",""Product"":""Internet Explorer"",""tags"":[""splunk""],""EventTime"":""2022-04-15 08:06:01"",""host"":""cybertees.net"",""SeverityValue"":2,""Message"":""Image loaded:\r\nRuleName: -\r\nUtcTime: 2022-04-15 12:06:01.904\r\nProcessGuid: {2d351099-5ca9-5f5f-2f04-000000000400}\r\nProcessId: 9428\r\nImage: C:\\Windows\\System32\\wbem\\WMIC.exe\r\nImageLoaded: C:\\Windows\\System32\\iertutil.dll\r\nFileVersion: 11.00.18362.1049 (WinBuild.160101.0800)\r\nDescription: Run time utility for Internet Explorer\r\nProduct: Internet Explorer\r\nCompany: Microsoft Corporation\r\nOriginalFileName: IeRtUtil.dll\r\nHashes: SHA1=D9FF5E5E9BF065944E09C18D479BAFDF53B638FA,MD5=C94E136EEF04637A980FEF6EACB75EDF,SHA256=2B6577B2539A3789D642B09C9CE7A597AA8AE095E08918750FA9EA2CF132A592,IMPHASH=8A91E12AED8A0B282C3E51CA39DEC3F4\r\nSigned: true\r\nSignature: Microsoft Windows\r\nSignatureStatus: Valid"",""UtcTime"":""2022-04-15 12:06:01.904"",""UserID"":""S-1-5-18"",""FileVersion"":""11.00.18362.1049 (WinBuild.160101.0800)"",""Description"":""Run time utility for Internet Explorer"",""OriginalFileName"":""IeRtUtil.dll"",""timestamp"":""2022-04-15T12:06:02.613Z"",""Hashes"":""SHA1=D9FF5E5E9BF065944E09C18D479BAFDF53B638FA,MD5=C94E136EEF04637A980FEF6EACB75EDF,SHA256=2B6577B2539A3789D642B09C9CE7A597AA8AE095E08918750FA9EA2CF132A592,IMPHASH=8A91E12AED8A0B282C3E51CA39DEC3F4"",""Signature"":""Microsoft Windows"",""@version"":""1"",""SourceModuleType"":""im_msvistalog"",""Hostname"":""James.browne"",""ProcessGuid"":""{2d351099-5ca9-5f5f-2f04-000000000400}""}",2022-04-15T08:06:01.000+0000,8,15,6,april,1,friday,2022,local,,INFO,cybertees.net,cyber-host,windowslogs,1,60427,"{"""":,"""":,"""":""{----}"","""":""--"","""":,"""":"""","""":"""","""":""""",Event_logs.json,_json,ip-10-10-40-195,,splunk,,2022-04-15T12:06:02.613Z,
1,,,,SYSTEM,User,,,,,,Image loaded (rule: ImageLoad),Microsoft-Windows-Sysmon/Operational,,Microsoft Corporation,,,,Advanced Windows 32 Base API,,,,,,,,,,,,NT AUTHORITY,,,,,7,,2022-04-15 8:06:02,2022-04-15 8:06:01,,3524,10.0.18362.752 (WinBuild.160101.0800),,,,,"SHA1=35C61DDE6F8F4ED05F9C4837E2B91C886CA79F82,MD5=EA4F6E7961B4A402F6F5EC33C655260A,SHA256=5E2D103E7E1FD7CA0492E541F082D274EF6259AF2158A3562986C796C5C869DD,IMPHASH=8EEA175C33205685FB8A14876D7564DB",James.browne,C:\Windows\System32\wbem\WMIC.exe,C:\Windows\System32\advapi32.dll,,,,,,,,-9223372036854775808,,,,,,,,,"Image loaded:
RuleName: -
UtcTime: 2022-04-15 12:06:01.889
ProcessGuid: {2d351099-5ca9-5f5f-2f04-000000000400}
ProcessId: 9428
Image: C:\Windows\System32\wbem\WMIC.exe
ImageLoaded: C:\Windows\System32\advapi32.dll
FileVersion: 10.0.18362.752 (WinBuild.160101.0800)
Description: Advanced Windows 32 Base API
Product: Microsoft® Windows® Operating System
Company: Microsoft Corporation
OriginalFileName: advapi32.dll
Hashes: SHA1=35C61DDE6F8F4ED05F9C4837E2B91C886CA79F82,MD5=EA4F6E7961B4A402F6F5EC33C655260A,SHA256=5E2D103E7E1FD7CA0492E541F082D274EF6259AF2158A3562986C796C5C869DD,IMPHASH=8EEA175C33205685FB8A14876D7564DB
Signed: true
Signature: Microsoft Windows
SignatureStatus: Valid",,,,,,,,Info,0,advapi32.dll,,,,,,,,,{2d351099-5ca9-5f5f-2f04-000000000400},9428,,Microsoft® Windows® Operating System,,{5770385F-C22A-43E0-BF4C-06F5698FFBD9},,,,423359,,,,,,,-,,INFO,2,,,Microsoft Windows,Valid,TRUE,,,,,,,eventlog,im_msvistalog,Microsoft-Windows-Sysmon,,,,,,,,,,,,,,,,,,,,,,,,7,,,,4688,,,,,S-1-5-18,2022-04-15 12:06:02,3,,,"{""EventID"":7,""RecordNumber"":423359,""ProviderGuid"":""{5770385F-C22A-43E0-BF4C-06F5698FFBD9}"",""SourceName"":""Microsoft-Windows-Sysmon"",""OpcodeValue"":0,""AccountName"":""SYSTEM"",""SignatureStatus"":""Valid"",""SourceModuleName"":""eventlog"",""ExecutionProcessID"":3524,""AccountType"":""User"",""Category"":""Image loaded (rule: ImageLoad)"",""Domain"":""NT AUTHORITY"",""port"":60427,""Company"":""Microsoft Corporation"",""ThreadID"":4688,""Severity"":""INFO"",""EventType"":""INFO"",""Signed"":""true"",""Channel"":""Microsoft-Windows-Sysmon/Operational"",""Opcode"":""Info"",""EventReceivedTime"":""2022-04-15 08:06:02"",""ImageLoaded"":""C:\\Windows\\System32\\advapi32.dll"",""Task"":7,""RuleName"":""-"",""Keywords"":-9223372036854775808,""Version"":3,""ProcessId"":""9428"",""Image"":""C:\\Windows\\System32\\wbem\\WMIC.exe"",""Product"":""Microsoft® Windows® Operating System"",""tags"":[""splunk""],""EventTime"":""2022-04-15 08:06:01"",""host"":""cybertees.net"",""SeverityValue"":2,""Message"":""Image loaded:\r\nRuleName: -\r\nUtcTime: 2022-04-15 12:06:01.889\r\nProcessGuid: {2d351099-5ca9-5f5f-2f04-000000000400}\r\nProcessId: 9428\r\nImage: C:\\Windows\\System32\\wbem\\WMIC.exe\r\nImageLoaded: C:\\Windows\\System32\\advapi32.dll\r\nFileVersion: 10.0.18362.752 (WinBuild.160101.0800)\r\nDescription: Advanced Windows 32 Base API\r\nProduct: Microsoft® Windows® Operating System\r\nCompany: Microsoft Corporation\r\nOriginalFileName: advapi32.dll\r\nHashes: SHA1=35C61DDE6F8F4ED05F9C4837E2B91C886CA79F82,MD5=EA4F6E7961B4A402F6F5EC33C655260A,SHA256=5E2D103E7E1FD7CA0492E541F082D274EF6259AF2158A3562986C796C5C869DD,IMPHASH=8EEA175C33205685FB8A14876D7564DB\r\nSigned: true\r\nSignature: Microsoft Windows\r\nSignatureStatus: Valid"",""UtcTime"":""2022-04-15 12:06:01.889"",""UserID"":""S-1-5-18"",""FileVersion"":""10.0.18362.752 (WinBuild.160101.0800)"",""Description"":""Advanced Windows 32 Base API"",""OriginalFileName"":""advapi32.dll"",""timestamp"":""2022-04-15T12:06:02.613Z"",""Hashes"":""SHA1=35C61DDE6F8F4ED05F9C4837E2B91C886CA79F82,MD5=EA4F6E7961B4A402F6F5EC33C655260A,SHA256=5E2D103E7E1FD7CA0492E541F082D274EF6259AF2158A3562986C796C5C869DD,IMPHASH=8EEA175C33205685FB8A14876D7564DB"",""Signature"":""Microsoft Windows"",""@version"":""1"",""SourceModuleType"":""im_msvistalog"",""Hostname"":""James.browne"",""ProcessGuid"":""{2d351099-5ca9-5f5f-2f04-000000000400}""}",2022-04-15T08:06:01.000+0000,8,15,6,april,1,friday,2022,local,,INFO,cybertees.net,cyber-host,windowslogs,1,60427,"{"""":,"""":,"""":""{----}"","""":""--"","""":,"""":"""","""":"""","""":""""",Event_logs.json,_json,ip-10-10-40-195,,splunk,,2022-04-15T12:06:02.613Z,
1,,,,SYSTEM,User,,,,,,Image loaded (rule: ImageLoad),Microsoft-Windows-Sysmon/Operational,,Microsoft Corporation,,,,SHCORE,,,,,,,,,,,,NT AUTHORITY,,,,,7,,2022-04-15 8:06:02,2022-04-15 8:06:01,,3524,10.0.18362.959 (WinBuild.160101.0800),,,,,"SHA1=75C9F506592699E30D8ECA63F88C79E956324111,MD5=6ACBCCE095FDB475FC2B3D178E5D9208,SHA256=3F49AB1B04EE3D843E961A1B62CB695EE3FE940EE287819BBBABCC1C3A38F507,IMPHASH=0E48D88DA5B1AEFE29036ECDE5B34E8D",James.browne,C:\Windows\System32\wbem\WMIC.exe,C:\Windows\System32\SHCore.dll,,,,,,,,-9223372036854775808,,,,,,,,,"Image loaded:
RuleName: -
UtcTime: 2022-04-15 12:06:01.889
ProcessGuid: {2d351099-5ca9-5f5f-2f04-000000000400}
ProcessId: 9428
Image: C:\Windows\System32\wbem\WMIC.exe
ImageLoaded: C:\Windows\System32\SHCore.dll
FileVersion: 10.0.18362.959 (WinBuild.160101.0800)
Description: SHCORE
Product: Microsoft® Windows® Operating System
Company: Microsoft Corporation
OriginalFileName: SHCORE.dll
Hashes: SHA1=75C9F506592699E30D8ECA63F88C79E956324111,MD5=6ACBCCE095FDB475FC2B3D178E5D9208,SHA256=3F49AB1B04EE3D843E961A1B62CB695EE3FE940EE287819BBBABCC1C3A38F507,IMPHASH=0E48D88DA5B1AEFE29036ECDE5B34E8D
Signed: true
Signature: Microsoft Windows
SignatureStatus: Valid",,,,,,,,Info,0,SHCORE.dll,,,,,,,,,{2d351099-5ca9-5f5f-2f04-000000000400},9428,,Microsoft® Windows® Operating System,,{5770385F-C22A-43E0-BF4C-06F5698FFBD9},,,,423358,,,,,,,-,,INFO,2,,,Microsoft Windows,Valid,TRUE,,,,,,,eventlog,im_msvistalog,Microsoft-Windows-Sysmon,,,,,,,,,,,,,,,,,,,,,,,,7,,,,4688,,,,,S-1-5-18,2022-04-15 12:06:02,3,,,"{""EventID"":7,""RecordNumber"":423358,""ProviderGuid"":""{5770385F-C22A-43E0-BF4C-06F5698FFBD9}"",""SourceName"":""Microsoft-Windows-Sysmon"",""OpcodeValue"":0,""AccountName"":""SYSTEM"",""SignatureStatus"":""Valid"",""SourceModuleName"":""eventlog"",""ExecutionProcessID"":3524,""AccountType"":""User"",""Category"":""Image loaded (rule: ImageLoad)"",""Domain"":""NT AUTHORITY"",""port"":60427,""Company"":""Microsoft Corporation"",""ThreadID"":4688,""Severity"":""INFO"",""EventType"":""INFO"",""Signed"":""true"",""Channel"":""Microsoft-Windows-Sysmon/Operational"",""Opcode"":""Info"",""EventReceivedTime"":""2022-04-15 08:06:02"",""ImageLoaded"":""C:\\Windows\\System32\\SHCore.dll"",""Task"":7,""RuleName"":""-"",""Keywords"":-9223372036854775808,""Version"":3,""ProcessId"":""9428"",""Image"":""C:\\Windows\\System32\\wbem\\WMIC.exe"",""Product"":""Microsoft® Windows® Operating System"",""tags"":[""splunk""],""EventTime"":""2022-04-15 08:06:01"",""host"":""cybertees.net"",""SeverityValue"":2,""Message"":""Image loaded:\r\nRuleName: -\r\nUtcTime: 2022-04-15 12:06:01.889\r\nProcessGuid: {2d351099-5ca9-5f5f-2f04-000000000400}\r\nProcessId: 9428\r\nImage: C:\\Windows\\System32\\wbem\\WMIC.exe\r\nImageLoaded: C:\\Windows\\System32\\SHCore.dll\r\nFileVersion: 10.0.18362.959 (WinBuild.160101.0800)\r\nDescription: SHCORE\r\nProduct: Microsoft® Windows® Operating System\r\nCompany: Microsoft Corporation\r\nOriginalFileName: SHCORE.dll\r\nHashes: SHA1=75C9F506592699E30D8ECA63F88C79E956324111,MD5=6ACBCCE095FDB475FC2B3D178E5D9208,SHA256=3F49AB1B04EE3D843E961A1B62CB695EE3FE940EE287819BBBABCC1C3A38F507,IMPHASH=0E48D88DA5B1AEFE29036ECDE5B34E8D\r\nSigned: true\r\nSignature: Microsoft Windows\r\nSignatureStatus: Valid"",""UtcTime"":""2022-04-15 12:06:01.889"",""UserID"":""S-1-5-18"",""FileVersion"":""10.0.18362.959 (WinBuild.160101.0800)"",""Description"":""SHCORE"",""OriginalFileName"":""SHCORE.dll"",""timestamp"":""2022-04-15T12:06:02.613Z"",""Hashes"":""SHA1=75C9F506592699E30D8ECA63F88C79E956324111,MD5=6ACBCCE095FDB475FC2B3D178E5D9208,SHA256=3F49AB1B04EE3D843E961A1B62CB695EE3FE940EE287819BBBABCC1C3A38F507,IMPHASH=0E48D88DA5B1AEFE29036ECDE5B34E8D"",""Signature"":""Microsoft Windows"",""@version"":""1"",""SourceModuleType"":""im_msvistalog"",""Hostname"":""James.browne"",""ProcessGuid"":""{2d351099-5ca9-5f5f-2f04-000000000400}""}",2022-04-15T08:06:01.000+0000,8,15,6,april,1,friday,2022,local,,INFO,cybertees.net,cyber-host,windowslogs,1,60427,"{"""":,"""":,"""":""{----}"","""":""--"","""":,"""":"""","""":"""","""":""""",Event_logs.json,_json,ip-10-10-40-195,,splunk,,2022-04-15T12:06:02.613Z,
1,,,,SYSTEM,User,,,,,,Image loaded (rule: ImageLoad),Microsoft-Windows-Sysmon/Operational,,Microsoft Corporation,,,,OLE32 Extensions for Win32,,,,,,,,,,,,NT AUTHORITY,,,,,7,,2022-04-15 8:06:02,2022-04-15 8:06:01,,3524,11.00.18362.815 (WinBuild.160101.0800),,,,,"SHA1=2EA4577B34C0955C4E16D6D67DF5F078DF142E7B,MD5=485794D66DD54BEC3E2540D886DF1F38,SHA256=FD3852EFFA554A3ACFDBEA5745E22D338DA3326F45943AD0F97290D6E02B6AB0,IMPHASH=75660DEE439E0444CAA3BB74E19C02F0",James.browne,C:\Windows\System32\wbem\WMIC.exe,C:\Windows\System32\urlmon.dll,,,,,,,,-9223372036854775808,,,,,,,,,"Image loaded:
RuleName: -
UtcTime: 2022-04-15 12:06:01.889
ProcessGuid: {2d351099-5ca9-5f5f-2f04-000000000400}
ProcessId: 9428
Image: C:\Windows\System32\wbem\WMIC.exe
ImageLoaded: C:\Windows\System32\urlmon.dll
FileVersion: 11.00.18362.815 (WinBuild.160101.0800)
Description: OLE32 Extensions for Win32
Product: Internet Explorer
Company: Microsoft Corporation
OriginalFileName: UrlMon.dll
Hashes: SHA1=2EA4577B34C0955C4E16D6D67DF5F078DF142E7B,MD5=485794D66DD54BEC3E2540D886DF1F38,SHA256=FD3852EFFA554A3ACFDBEA5745E22D338DA3326F45943AD0F97290D6E02B6AB0,IMPHASH=75660DEE439E0444CAA3BB74E19C02F0
Signed: true
Signature: Microsoft Windows
SignatureStatus: Valid",,,,,,,,Info,0,UrlMon.dll,,,,,,,,,{2d351099-5ca9-5f5f-2f04-000000000400},9428,,Internet Explorer,,{5770385F-C22A-43E0-BF4C-06F5698FFBD9},,,,423357,,,,,,,-,,INFO,2,,,Microsoft Windows,Valid,TRUE,,,,,,,eventlog,im_msvistalog,Microsoft-Windows-Sysmon,,,,,,,,,,,,,,,,,,,,,,,,7,,,,4688,,,,,S-1-5-18,2022-04-15 12:06:02,3,,,"{""EventID"":7,""RecordNumber"":423357,""ProviderGuid"":""{5770385F-C22A-43E0-BF4C-06F5698FFBD9}"",""SourceName"":""Microsoft-Windows-Sysmon"",""OpcodeValue"":0,""AccountName"":""SYSTEM"",""SignatureStatus"":""Valid"",""SourceModuleName"":""eventlog"",""ExecutionProcessID"":3524,""AccountType"":""User"",""Category"":""Image loaded (rule: ImageLoad)"",""Domain"":""NT AUTHORITY"",""port"":60427,""Company"":""Microsoft Corporation"",""ThreadID"":4688,""Severity"":""INFO"",""EventType"":""INFO"",""Signed"":""true"",""Channel"":""Microsoft-Windows-Sysmon/Operational"",""Opcode"":""Info"",""EventReceivedTime"":""2022-04-15 08:06:02"",""ImageLoaded"":""C:\\Windows\\System32\\urlmon.dll"",""Task"":7,""RuleName"":""-"",""Keywords"":-9223372036854775808,""Version"":3,""ProcessId"":""9428"",""Image"":""C:\\Windows\\System32\\wbem\\WMIC.exe"",""Product"":""Internet Explorer"",""tags"":[""splunk""],""EventTime"":""2022-04-15 08:06:01"",""host"":""cybertees.net"",""SeverityValue"":2,""Message"":""Image loaded:\r\nRuleName: -\r\nUtcTime: 2022-04-15 12:06:01.889\r\nProcessGuid: {2d351099-5ca9-5f5f-2f04-000000000400}\r\nProcessId: 9428\r\nImage: C:\\Windows\\System32\\wbem\\WMIC.exe\r\nImageLoaded: C:\\Windows\\System32\\urlmon.dll\r\nFileVersion: 11.00.18362.815 (WinBuild.160101.0800)\r\nDescription: OLE32 Extensions for Win32\r\nProduct: Internet Explorer\r\nCompany: Microsoft Corporation\r\nOriginalFileName: UrlMon.dll\r\nHashes: SHA1=2EA4577B34C0955C4E16D6D67DF5F078DF142E7B,MD5=485794D66DD54BEC3E2540D886DF1F38,SHA256=FD3852EFFA554A3ACFDBEA5745E22D338DA3326F45943AD0F97290D6E02B6AB0,IMPHASH=75660DEE439E0444CAA3BB74E19C02F0\r\nSigned: true\r\nSignature: Microsoft Windows\r\nSignatureStatus: Valid"",""UtcTime"":""2022-04-15 12:06:01.889"",""UserID"":""S-1-5-18"",""FileVersion"":""11.00.18362.815 (WinBuild.160101.0800)"",""Description"":""OLE32 Extensions for Win32"",""OriginalFileName"":""UrlMon.dll"",""timestamp"":""2022-04-15T12:06:02.613Z"",""Hashes"":""SHA1=2EA4577B34C0955C4E16D6D67DF5F078DF142E7B,MD5=485794D66DD54BEC3E2540D886DF1F38,SHA256=FD3852EFFA554A3ACFDBEA5745E22D338DA3326F45943AD0F97290D6E02B6AB0,IMPHASH=75660DEE439E0444CAA3BB74E19C02F0"",""Signature"":""Microsoft Windows"",""@version"":""1"",""SourceModuleType"":""im_msvistalog"",""Hostname"":""James.browne"",""ProcessGuid"":""{2d351099-5ca9-5f5f-2f04-000000000400}""}",2022-04-15T08:06:01.000+0000,8,15,6,april,1,friday,2022,local,,INFO,cybertees.net,cyber-host,windowslogs,1,60427,"{"""":,"""":,"""":""{----}"","""":""--"","""":,"""":"""","""":"""","""":""""",Event_logs.json,_json,ip-10-10-40-195,,splunk,,2022-04-15T12:06:02.613Z,
1,,,,SYSTEM,User,,,,,,Image loaded (rule: ImageLoad),Microsoft-Windows-Sysmon/Operational,,Microsoft Corporation,,,,MSXML 6.0,,,,,,,,,,,,NT AUTHORITY,,,,,7,,2022-04-15 8:06:02,2022-04-15 8:06:01,,3524,6.30.18362.1049,,,,,"SHA1=5C75F9979F43083F384FD4EA41F396011B9FCDEC,MD5=3DC554E05A667130308782BFE2D30156,SHA256=5CB47C682A19B0B5E6E7E7899AD3A76173A22DA57696C3980C88F600335B51CF,IMPHASH=710151239A53A1AF126E16EC22DE421E",James.browne,C:\Windows\System32\wbem\WMIC.exe,C:\Windows\System32\msxml6.dll,,,,,,,,-9223372036854775808,,,,,,,,,"Image loaded:
RuleName: -
UtcTime: 2022-04-15 12:06:01.889
ProcessGuid: {2d351099-5ca9-5f5f-2f04-000000000400}
ProcessId: 9428
Image: C:\Windows\System32\wbem\WMIC.exe
ImageLoaded: C:\Windows\System32\msxml6.dll
FileVersion: 6.30.18362.1049
Description: MSXML 6.0
Product: Microsoft XML Core Services
Company: Microsoft Corporation
OriginalFileName: MSXML6.dll
Hashes: SHA1=5C75F9979F43083F384FD4EA41F396011B9FCDEC,MD5=3DC554E05A667130308782BFE2D30156,SHA256=5CB47C682A19B0B5E6E7E7899AD3A76173A22DA57696C3980C88F600335B51CF,IMPHASH=710151239A53A1AF126E16EC22DE421E
Signed: true
Signature: Microsoft Windows
SignatureStatus: Valid",,,,,,,,Info,0,MSXML6.dll,,,,,,,,,{2d351099-5ca9-5f5f-2f04-000000000400},9428,,Microsoft XML Core Services,,{5770385F-C22A-43E0-BF4C-06F5698FFBD9},,,,423356,,,,,,,-,,INFO,2,,,Microsoft Windows,Valid,TRUE,,,,,,,eventlog,im_msvistalog,Microsoft-Windows-Sysmon,,,,,,,,,,,,,,,,,,,,,,,,7,,,,4700,,,,,S-1-5-18,2022-04-15 12:06:02,3,,,"{""EventID"":7,""RecordNumber"":423356,""ProviderGuid"":""{5770385F-C22A-43E0-BF4C-06F5698FFBD9}"",""SourceName"":""Microsoft-Windows-Sysmon"",""OpcodeValue"":0,""AccountName"":""SYSTEM"",""SignatureStatus"":""Valid"",""SourceModuleName"":""eventlog"",""ExecutionProcessID"":3524,""AccountType"":""User"",""Category"":""Image loaded (rule: ImageLoad)"",""Domain"":""NT AUTHORITY"",""port"":60427,""Company"":""Microsoft Corporation"",""ThreadID"":4700,""Severity"":""INFO"",""EventType"":""INFO"",""Signed"":""true"",""Channel"":""Microsoft-Windows-Sysmon/Operational"",""Opcode"":""Info"",""EventReceivedTime"":""2022-04-15 08:06:02"",""ImageLoaded"":""C:\\Windows\\System32\\msxml6.dll"",""Task"":7,""RuleName"":""-"",""Keywords"":-9223372036854775808,""Version"":3,""ProcessId"":""9428"",""Image"":""C:\\Windows\\System32\\wbem\\WMIC.exe"",""Product"":""Microsoft XML Core Services"",""tags"":[""splunk""],""EventTime"":""2022-04-15 08:06:01"",""host"":""cybertees.net"",""SeverityValue"":2,""Message"":""Image loaded:\r\nRuleName: -\r\nUtcTime: 2022-04-15 12:06:01.889\r\nProcessGuid: {2d351099-5ca9-5f5f-2f04-000000000400}\r\nProcessId: 9428\r\nImage: C:\\Windows\\System32\\wbem\\WMIC.exe\r\nImageLoaded: C:\\Windows\\System32\\msxml6.dll\r\nFileVersion: 6.30.18362.1049\r\nDescription: MSXML 6.0\r\nProduct: Microsoft XML Core Services\r\nCompany: Microsoft Corporation\r\nOriginalFileName: MSXML6.dll\r\nHashes: SHA1=5C75F9979F43083F384FD4EA41F396011B9FCDEC,MD5=3DC554E05A667130308782BFE2D30156,SHA256=5CB47C682A19B0B5E6E7E7899AD3A76173A22DA57696C3980C88F600335B51CF,IMPHASH=710151239A53A1AF126E16EC22DE421E\r\nSigned: true\r\nSignature: Microsoft Windows\r\nSignatureStatus: Valid"",""UtcTime"":""2022-04-15 12:06:01.889"",""UserID"":""S-1-5-18"",""FileVersion"":""6.30.18362.1049"",""Description"":""MSXML 6.0"",""OriginalFileName"":""MSXML6.dll"",""timestamp"":""2022-04-15T12:06:02.613Z"",""Hashes"":""SHA1=5C75F9979F43083F384FD4EA41F396011B9FCDEC,MD5=3DC554E05A667130308782BFE2D30156,SHA256=5CB47C682A19B0B5E6E7E7899AD3A76173A22DA57696C3980C88F600335B51CF,IMPHASH=710151239A53A1AF126E16EC22DE421E"",""Signature"":""Microsoft Windows"",""@version"":""1"",""SourceModuleType"":""im_msvistalog"",""Hostname"":""James.browne"",""ProcessGuid"":""{2d351099-5ca9-5f5f-2f04-000000000400}""}",2022-04-15T08:06:01.000+0000,8,15,6,april,1,friday,2022,local,,INFO,cybertees.net,cyber-host,windowslogs,1,60427,"{"""":,"""":,"""":""{----}"","""":""--"","""":,"""":"""","""":"""","""":""""",Event_logs.json,_json,ip-10-10-40-195,,splunk,,2022-04-15T12:06:02.613Z,
1,,,,SYSTEM,User,,,,,,Image loaded (rule: ImageLoad),Microsoft-Windows-Sysmon/Operational,,Microsoft Corporation,,,,Microsoft® C Runtime Library,,,,,,,,,,,,NT AUTHORITY,,,,,7,,2022-04-15 8:06:02,2022-04-15 8:06:01,,3524,10.0.18362.815 (WinBuild.160101.0800),,,,,"SHA1=3C9938AFD7E9E2427750B0BBF21D3905502C2416,MD5=D327A488FF346D2A2ACC7D018F80A615,SHA256=F60BA64AF20B44D13275955ECA2949C471F2C812CD3908AF63B145DEAEB4E4F3,IMPHASH=7F555C87AEA488E97B6067A0419ED3B4",James.browne,C:\Windows\System32\wbem\WMIC.exe,C:\Windows\System32\msvcp_win.dll,,,,,,,,-9223372036854775808,,,,,,,,,"Image loaded:
RuleName: -
UtcTime: 2022-04-15 12:06:01.858
ProcessGuid: {2d351099-5ca9-5f5f-2f04-000000000400}
ProcessId: 9428
Image: C:\Windows\System32\wbem\WMIC.exe
ImageLoaded: C:\Windows\System32\msvcp_win.dll
FileVersion: 10.0.18362.815 (WinBuild.160101.0800)
Description: Microsoft® C Runtime Library
Product: Microsoft® Windows® Operating System
Company: Microsoft Corporation
OriginalFileName: msvcp_win.dll
Hashes: SHA1=3C9938AFD7E9E2427750B0BBF21D3905502C2416,MD5=D327A488FF346D2A2ACC7D018F80A615,SHA256=F60BA64AF20B44D13275955ECA2949C471F2C812CD3908AF63B145DEAEB4E4F3,IMPHASH=7F555C87AEA488E97B6067A0419ED3B4
Signed: true
Signature: Microsoft Windows
SignatureStatus: Valid",,,,,,,,Info,0,msvcp_win.dll,,,,,,,,,{2d351099-5ca9-5f5f-2f04-000000000400},9428,,Microsoft® Windows® Operating System,,{5770385F-C22A-43E0-BF4C-06F5698FFBD9},,,,423355,,,,,,,-,,INFO,2,,,Microsoft Windows,Valid,TRUE,,,,,,,eventlog,im_msvistalog,Microsoft-Windows-Sysmon,,,,,,,,,,,,,,,,,,,,,,,,7,,,,4688,,,,,S-1-5-18,2022-04-15 12:06:02,3,,,"{""EventID"":7,""RecordNumber"":423355,""ProviderGuid"":""{5770385F-C22A-43E0-BF4C-06F5698FFBD9}"",""SourceName"":""Microsoft-Windows-Sysmon"",""OpcodeValue"":0,""AccountName"":""SYSTEM"",""SignatureStatus"":""Valid"",""SourceModuleName"":""eventlog"",""ExecutionProcessID"":3524,""AccountType"":""User"",""Category"":""Image loaded (rule: ImageLoad)"",""Domain"":""NT AUTHORITY"",""port"":60427,""Company"":""Microsoft Corporation"",""ThreadID"":4688,""Severity"":""INFO"",""EventType"":""INFO"",""Signed"":""true"",""Channel"":""Microsoft-Windows-Sysmon/Operational"",""Opcode"":""Info"",""EventReceivedTime"":""2022-04-15 08:06:02"",""ImageLoaded"":""C:\\Windows\\System32\\msvcp_win.dll"",""Task"":7,""RuleName"":""-"",""Keywords"":-9223372036854775808,""Version"":3,""ProcessId"":""9428"",""Image"":""C:\\Windows\\System32\\wbem\\WMIC.exe"",""Product"":""Microsoft® Windows® Operating System"",""tags"":[""splunk""],""EventTime"":""2022-04-15 08:06:01"",""host"":""cybertees.net"",""SeverityValue"":2,""Message"":""Image loaded:\r\nRuleName: -\r\nUtcTime: 2022-04-15 12:06:01.858\r\nProcessGuid: {2d351099-5ca9-5f5f-2f04-000000000400}\r\nProcessId: 9428\r\nImage: C:\\Windows\\System32\\wbem\\WMIC.exe\r\nImageLoaded: C:\\Windows\\System32\\msvcp_win.dll\r\nFileVersion: 10.0.18362.815 (WinBuild.160101.0800)\r\nDescription: Microsoft® C Runtime Library\r\nProduct: Microsoft® Windows® Operating System\r\nCompany: Microsoft Corporation\r\nOriginalFileName: msvcp_win.dll\r\nHashes: SHA1=3C9938AFD7E9E2427750B0BBF21D3905502C2416,MD5=D327A488FF346D2A2ACC7D018F80A615,SHA256=F60BA64AF20B44D13275955ECA2949C471F2C812CD3908AF63B145DEAEB4E4F3,IMPHASH=7F555C87AEA488E97B6067A0419ED3B4\r\nSigned: true\r\nSignature: Microsoft Windows\r\nSignatureStatus: Valid"",""UtcTime"":""2022-04-15 12:06:01.858"",""UserID"":""S-1-5-18"",""FileVersion"":""10.0.18362.815 (WinBuild.160101.0800)"",""Description"":""Microsoft® C Runtime Library"",""OriginalFileName"":""msvcp_win.dll"",""timestamp"":""2022-04-15T12:06:02.613Z"",""Hashes"":""SHA1=3C9938AFD7E9E2427750B0BBF21D3905502C2416,MD5=D327A488FF346D2A2ACC7D018F80A615,SHA256=F60BA64AF20B44D13275955ECA2949C471F2C812CD3908AF63B145DEAEB4E4F3,IMPHASH=7F555C87AEA488E97B6067A0419ED3B4"",""Signature"":""Microsoft Windows"",""@version"":""1"",""SourceModuleType"":""im_msvistalog"",""Hostname"":""James.browne"",""ProcessGuid"":""{2d351099-5ca9-5f5f-2f04-000000000400}""}",2022-04-15T08:06:01.000+0000,8,15,6,april,1,friday,2022,local,,INFO,cybertees.net,cyber-host,windowslogs,1,60427,"{"""":,"""":,"""":""{----}"","""":""--"","""":,"""":"""","""":"""","""":""""",Event_logs.json,_json,ip-10-10-40-195,,splunk,,2022-04-15T12:06:02.613Z,
1,,,,SYSTEM,User,,,,,,Image loaded (rule: ImageLoad),Microsoft-Windows-Sysmon/Operational,,Microsoft Corporation,,,,OLEAUT32.DLL,,,,,,,,,,,,NT AUTHORITY,,,,,7,,2022-04-15 8:06:02,2022-04-15 8:06:01,,3524,10.0.18362.959 (WinBuild.160101.0800),,,,,"SHA1=EF5BE564B84A7DE92B12ACBCD69D5F580FABCD89,MD5=9EE967CF9B388C7FAAEC9F04700EB47B,SHA256=CF34BADD43D9E69CA9F01352C4D89C9FD9F4AB53832B1589215A8544462F346D,IMPHASH=F010E2DB51A2E86CCF6052A1ACC0854F",James.browne,C:\Windows\System32\wbem\WMIC.exe,C:\Windows\System32\oleaut32.dll,,,,,,,,-9223372036854775808,,,,,,,,,"Image loaded:
RuleName: -
