1,,,,SYSTEM,User,,,,,,Registry object added or deleted (rule: RegistryEvent),Microsoft-Windows-Sysmon/Operational,,,,,,,,,,,,,,,,,,NT AUTHORITY,,,,,12,,2022-04-15 8:06:28,2022-04-15 8:06:27,INFO,3652,,,,,,,Salena.Adam,C:\windows\system32\svchost.exe,,,,,,,,,-9223372036854775808,,,,,,,,,"Registry object added or deleted:
RuleName: -
EventType: CreateKey
UtcTime: 2022-04-15 12:06:27.707
ProcessGuid: {ef3dcf22-42ae-5f5f-2100-000000000300}
ProcessId: 1524
Image: C:\windows\system32\svchost.exe
TargetObject: HKLM\SOFTWARE\Microsoft\Windows\CurrentVersion\Group Policy\State\Machine",,,,,,,,Info,0,,,,,,,,,,{ef3dcf22-42ae-5f5f-2100-000000000300},1524,,,,{5770385F-C22A-43E0-BF4C-06F5698FFBD9},,,,239019,,,,,,,-,,INFO,2,,,,,,,,,,,,eventlog,im_msvistalog,Microsoft-Windows-Sysmon,,,,,,,,,,,,,,,,,HKLM\SOFTWARE\Microsoft\Windows\CurrentVersion\Group Policy\State\Machine,,,,,,,12,,,,4104,,,,,S-1-5-18,2022-04-15 12:06:28,2,,,"{""Image"":""C:\\windows\\system32\\svchost.exe"",""ProcessId"":""1524"",""EventID"":12,""tags"":[""splunk""],""RecordNumber"":239019,""ProviderGuid"":""{5770385F-C22A-43E0-BF4C-06F5698FFBD9}"",""SourceName"":""Microsoft-Windows-Sysmon"",""OpcodeValue"":0,""EventTime"":""2022-04-15 08:06:27"",""AccountName"":""SYSTEM"",""host"":""cybertees.net"",""SeverityValue"":2,""ExecutionProcessID"":3652,""AccountType"":""User"",""Category"":""Registry object added or deleted (rule: RegistryEvent)"",""SourceModuleName"":""eventlog"",""Domain"":""NT AUTHORITY"",""Message"":""Registry object added or deleted:\r\nRuleName: -\r\nEventType: CreateKey\r\nUtcTime: 2022-04-15 12:06:27.707\r\nProcessGuid: {ef3dcf22-42ae-5f5f-2100-000000000300}\r\nProcessId: 1524\r\nImage: C:\\windows\\system32\\svchost.exe\r\nTargetObject: HKLM\\SOFTWARE\\Microsoft\\Windows\\CurrentVersion\\Group Policy\\State\\Machine"",""port"":60427,""UserID"":""S-1-5-18"",""UtcTime"":""2022-04-15 12:06:27.707"",""timestamp"":""2022-04-15T12:06:28.736Z"",""ThreadID"":4104,""Severity"":""INFO"",""EventTypeOrignal"":""INFO"",""EventType"":""CreateKey"",""Channel"":""Microsoft-Windows-Sysmon/Operational"",""TargetObject"":""HKLM\\SOFTWARE\\Microsoft\\Windows\\CurrentVersion\\Group Policy\\State\\Machine"",""Opcode"":""Info"",""EventReceivedTime"":""2022-04-15 08:06:28"",""@version"":""1"",""Task"":12,""SourceModuleType"":""im_msvistalog"",""RuleName"":""-"",""Hostname"":""Salena.Adam"",""Keywords"":-9223372036854775808,""Version"":2,""ProcessGuid"":""{ef3dcf22-42ae-5f5f-2100-000000000300}""}",2022-04-15T08:06:22.000+0000,8,15,6,april,22,friday,2022,local,,CreateKey,cybertees.net,cyber-host,windowslogs,1,60427,"{"""":"":\\\\\\."","""":"""","""":,"""":[""""],"""":,"""":""{----}"",""",Event_logs.json,_json,ip-10-10-40-195,,splunk,,2022-04-15T12:06:28.736Z,
1,,,,SYSTEM,User,,,,,,Registry value set (rule: RegistryEvent),Microsoft-Windows-Sysmon/Operational,,,,,,,,,,,,,,DWORD (0x00000604),,,,NT AUTHORITY,,,,,13,,2022-04-15 8:06:28,2022-04-15 8:06:25,INFO,3524,,,,,,,James.browne,C:\windows\system32\svchost.exe,,,,,,,,,-9223372036854775808,,,,,,,,,"Registry value set:
RuleName: -
EventType: SetValue
UtcTime: 2022-04-15 12:06:25.831
ProcessGuid: {2d351099-43cd-5f5f-0e00-000000000400}
ProcessId: 876
Image: C:\windows\system32\svchost.exe
TargetObject: \REGISTRY\A\{880a2083-1f4b-4b97-aa60-39a324efa5ef}\Events\{e1622bb1-ccab-47dd-9906-55e5f626ac2d}\Flags
Details: DWORD (0x00000604)",,,,,,,,Info,0,,,,,,,,,,{2d351099-43cd-5f5f-0e00-000000000400},876,,,,{5770385F-C22A-43E0-BF4C-06F5698FFBD9},,,,425925,,,,,,,-,,INFO,2,,,,,,,,,,,,eventlog,im_msvistalog,Microsoft-Windows-Sysmon,,,,,,,,,,,,,,,,,\REGISTRY\A\{880a2083-1f4b-4b97-aa60-39a324efa5ef}\Events\{e1622bb1-ccab-47dd-9906-55e5f626ac2d}\Flags,,,,,,,13,,,,4688,,,,,S-1-5-18,2022-04-15 12:06:26,2,,,"{""Image"":""C:\\windows\\system32\\svchost.exe"",""ProcessId"":""876"",""EventID"":13,""tags"":[""splunk""],""RecordNumber"":425925,""ProviderGuid"":""{5770385F-C22A-43E0-BF4C-06F5698FFBD9}"",""SourceName"":""Microsoft-Windows-Sysmon"",""OpcodeValue"":0,""EventTime"":""2022-04-15 08:06:25"",""AccountName"":""SYSTEM"",""host"":""cybertees.net"",""SeverityValue"":2,""ExecutionProcessID"":3524,""AccountType"":""User"",""Category"":""Registry value set (rule: RegistryEvent)"",""SourceModuleName"":""eventlog"",""Domain"":""NT AUTHORITY"",""Message"":""Registry value set:\r\nRuleName: -\r\nEventType: SetValue\r\nUtcTime: 2022-04-15 12:06:25.831\r\nProcessGuid: {2d351099-43cd-5f5f-0e00-000000000400}\r\nProcessId: 876\r\nImage: C:\\windows\\system32\\svchost.exe\r\nTargetObject: \\REGISTRY\\A\\{880a2083-1f4b-4b97-aa60-39a324efa5ef}\\Events\\{e1622bb1-ccab-47dd-9906-55e5f626ac2d}\\Flags\r\nDetails: DWORD (0x00000604)"",""port"":60427,""UserID"":""S-1-5-18"",""UtcTime"":""2022-04-15 12:06:25.831"",""timestamp"":""2022-04-15T12:06:28.735Z"",""ThreadID"":4688,""Severity"":""INFO"",""EventTypeOrignal"":""INFO"",""EventType"":""SetValue"",""Channel"":""Microsoft-Windows-Sysmon/Operational"",""TargetObject"":""\\REGISTRY\\A\\{880a2083-1f4b-4b97-aa60-39a324efa5ef}\\Events\\{e1622bb1-ccab-47dd-9906-55e5f626ac2d}\\Flags"",""Details"":""DWORD (0x00000604)"",""Opcode"":""Info"",""EventReceivedTime"":""2022-04-15 08:06:28"",""@version"":""1"",""Task"":13,""SourceModuleType"":""im_msvistalog"",""RuleName"":""-"",""Hostname"":""James.browne"",""Keywords"":-9223372036854775808,""Version"":2,""ProcessGuid"":""{2d351099-43cd-5f5f-0e00-000000000400}""}",2022-04-15T08:06:22.000+0000,8,15,6,april,22,friday,2022,local,,SetValue,cybertees.net,cyber-host,windowslogs,1,60427,"{"""":"":\\\\\\."","""":"""","""":,"""":[""""],"""":,"""":""{----}"",""",Event_logs.json,_json,ip-10-10-40-195,,splunk,,2022-04-15T12:06:28.735Z,
1,,,,SYSTEM,User,,,,,,Registry value set (rule: RegistryEvent),Microsoft-Windows-Sysmon/Operational,,,,,,,,,,,,,,Binary Data,,,,NT AUTHORITY,,,,,13,,2022-04-15 8:06:28,2022-04-15 8:06:25,INFO,3524,,,,,,,James.browne,C:\windows\system32\svchost.exe,,,,,,,,,-9223372036854775808,,,,,,,,,"Registry value set:
RuleName: -
EventType: SetValue
UtcTime: 2022-04-15 12:06:25.831
ProcessGuid: {2d351099-43cd-5f5f-0e00-000000000400}
ProcessId: 876
Image: C:\windows\system32\svchost.exe
TargetObject: \REGISTRY\A\{880a2083-1f4b-4b97-aa60-39a324efa5ef}\Events\{e1622bb1-ccab-47dd-9906-55e5f626ac2d}\EventParameters
Details: Binary Data",,,,,,,,Info,0,,,,,,,,,,{2d351099-43cd-5f5f-0e00-000000000400},876,,,,{5770385F-C22A-43E0-BF4C-06F5698FFBD9},,,,425924,,,,,,,-,,INFO,2,,,,,,,,,,,,eventlog,im_msvistalog,Microsoft-Windows-Sysmon,,,,,,,,,,,,,,,,,\REGISTRY\A\{880a2083-1f4b-4b97-aa60-39a324efa5ef}\Events\{e1622bb1-ccab-47dd-9906-55e5f626ac2d}\EventParameters,,,,,,,13,,,,4688,,,,,S-1-5-18,2022-04-15 12:06:26,2,,,"{""Image"":""C:\\windows\\system32\\svchost.exe"",""ProcessId"":""876"",""EventID"":13,""tags"":[""splunk""],""RecordNumber"":425924,""ProviderGuid"":""{5770385F-C22A-43E0-BF4C-06F5698FFBD9}"",""SourceName"":""Microsoft-Windows-Sysmon"",""OpcodeValue"":0,""EventTime"":""2022-04-15 08:06:25"",""AccountName"":""SYSTEM"",""host"":""cybertees.net"",""SeverityValue"":2,""ExecutionProcessID"":3524,""AccountType"":""User"",""Category"":""Registry value set (rule: RegistryEvent)"",""SourceModuleName"":""eventlog"",""Domain"":""NT AUTHORITY"",""Message"":""Registry value set:\r\nRuleName: -\r\nEventType: SetValue\r\nUtcTime: 2022-04-15 12:06:25.831\r\nProcessGuid: {2d351099-43cd-5f5f-0e00-000000000400}\r\nProcessId: 876\r\nImage: C:\\windows\\system32\\svchost.exe\r\nTargetObject: \\REGISTRY\\A\\{880a2083-1f4b-4b97-aa60-39a324efa5ef}\\Events\\{e1622bb1-ccab-47dd-9906-55e5f626ac2d}\\EventParameters\r\nDetails: Binary Data"",""port"":60427,""UserID"":""S-1-5-18"",""UtcTime"":""2022-04-15 12:06:25.831"",""timestamp"":""2022-04-15T12:06:28.735Z"",""ThreadID"":4688,""Severity"":""INFO"",""EventTypeOrignal"":""INFO"",""EventType"":""SetValue"",""Channel"":""Microsoft-Windows-Sysmon/Operational"",""TargetObject"":""\\REGISTRY\\A\\{880a2083-1f4b-4b97-aa60-39a324efa5ef}\\Events\\{e1622bb1-ccab-47dd-9906-55e5f626ac2d}\\EventParameters"",""Details"":""Binary Data"",""Opcode"":""Info"",""EventReceivedTime"":""2022-04-15 08:06:28"",""@version"":""1"",""Task"":13,""SourceModuleType"":""im_msvistalog"",""RuleName"":""-"",""Hostname"":""James.browne"",""Keywords"":-9223372036854775808,""Version"":2,""ProcessGuid"":""{2d351099-43cd-5f5f-0e00-000000000400}""}",2022-04-15T08:06:22.000+0000,8,15,6,april,22,friday,2022,local,,SetValue,cybertees.net,cyber-host,windowslogs,1,60427,"{"""":"":\\\\\\."","""":"""","""":,"""":[""""],"""":,"""":""{----}"",""",Event_logs.json,_json,ip-10-10-40-195,,splunk,,2022-04-15T12:06:28.735Z,
1,,,,SYSTEM,User,,,,,,Registry value set (rule: RegistryEvent),Microsoft-Windows-Sysmon/Operational,,,,,,,,,,,,,,{00000000-0000-0000-0000-000000000000},,,,NT AUTHORITY,,,,,13,,2022-04-15 8:06:28,2022-04-15 8:06:27,INFO,3652,,,,,,,Salena.Adam,C:\windows\system32\svchost.exe,,,,,,,,,-9223372036854775808,,,,,,,,,"Registry value set:
RuleName: -
EventType: SetValue
UtcTime: 2022-04-15 12:06:27.707
ProcessGuid: {ef3dcf22-42ae-5f5f-2100-000000000300}
ProcessId: 1524
Image: C:\windows\system32\svchost.exe
TargetObject: HKLM\SOFTWARE\Microsoft\Windows\CurrentVersion\Group Policy\State\Machine\LastExtensionMadeSyncRequest
Details: {00000000-0000-0000-0000-000000000000}",,,,,,,,Info,0,,,,,,,,,,{ef3dcf22-42ae-5f5f-2100-000000000300},1524,,,,{5770385F-C22A-43E0-BF4C-06F5698FFBD9},,,,239018,,,,,,,-,,INFO,2,,,,,,,,,,,,eventlog,im_msvistalog,Microsoft-Windows-Sysmon,,,,,,,,,,,,,,,,,HKLM\SOFTWARE\Microsoft\Windows\CurrentVersion\Group Policy\State\Machine\LastExtensionMadeSyncRequest,,,,,,,13,,,,4104,,,,,S-1-5-18,2022-04-15 12:06:28,2,,,"{""Image"":""C:\\windows\\system32\\svchost.exe"",""ProcessId"":""1524"",""EventID"":13,""tags"":[""splunk""],""RecordNumber"":239018,""ProviderGuid"":""{5770385F-C22A-43E0-BF4C-06F5698FFBD9}"",""SourceName"":""Microsoft-Windows-Sysmon"",""OpcodeValue"":0,""EventTime"":""2022-04-15 08:06:27"",""AccountName"":""SYSTEM"",""host"":""cybertees.net"",""SeverityValue"":2,""ExecutionProcessID"":3652,""AccountType"":""User"",""Category"":""Registry value set (rule: RegistryEvent)"",""SourceModuleName"":""eventlog"",""Domain"":""NT AUTHORITY"",""Message"":""Registry value set:\r\nRuleName: -\r\nEventType: SetValue\r\nUtcTime: 2022-04-15 12:06:27.707\r\nProcessGuid: {ef3dcf22-42ae-5f5f-2100-000000000300}\r\nProcessId: 1524\r\nImage: C:\\windows\\system32\\svchost.exe\r\nTargetObject: HKLM\\SOFTWARE\\Microsoft\\Windows\\CurrentVersion\\Group Policy\\State\\Machine\\LastExtensionMadeSyncRequest\r\nDetails: {00000000-0000-0000-0000-000000000000}"",""port"":60427,""UserID"":""S-1-5-18"",""UtcTime"":""2022-04-15 12:06:27.707"",""timestamp"":""2022-04-15T12:06:28.734Z"",""ThreadID"":4104,""Severity"":""INFO"",""EventTypeOrignal"":""INFO"",""EventType"":""SetValue"",""Channel"":""Microsoft-Windows-Sysmon/Operational"",""TargetObject"":""HKLM\\SOFTWARE\\Microsoft\\Windows\\CurrentVersion\\Group Policy\\State\\Machine\\LastExtensionMadeSyncRequest"",""Details"":""{00000000-0000-0000-0000-000000000000}"",""Opcode"":""Info"",""EventReceivedTime"":""2022-04-15 08:06:28"",""@version"":""1"",""Task"":13,""SourceModuleType"":""im_msvistalog"",""RuleName"":""-"",""Hostname"":""Salena.Adam"",""Keywords"":-9223372036854775808,""Version"":2,""ProcessGuid"":""{ef3dcf22-42ae-5f5f-2100-000000000300}""}",2022-04-15T08:06:22.000+0000,8,15,6,april,22,friday,2022,local,,SetValue,cybertees.net,cyber-host,windowslogs,1,60427,"{"""":"":\\\\\\."","""":"""","""":,"""":[""""],"""":,"""":""{----}"",""",Event_logs.json,_json,ip-10-10-40-195,,splunk,,2022-04-15T12:06:28.734Z,
1,,,,SYSTEM,User,,,,,,Registry value set (rule: RegistryEvent),Microsoft-Windows-Sysmon/Operational,,,,,,,,,,,,,,{b5ccd5ef-4238-440b-bba0-999f828f1cfe},,,,NT AUTHORITY,,,,,13,,2022-04-15 8:06:28,2022-04-15 8:06:25,INFO,3524,,,,,,,James.browne,C:\windows\system32\svchost.exe,,,,,,,,,-9223372036854775808,,,,,,,,,"Registry value set:
RuleName: -
EventType: SetValue
UtcTime: 2022-04-15 12:06:25.831
ProcessGuid: {2d351099-43cd-5f5f-0e00-000000000400}
ProcessId: 876
Image: C:\windows\system32\svchost.exe
TargetObject: \REGISTRY\A\{880a2083-1f4b-4b97-aa60-39a324efa5ef}\Events\{e1622bb1-ccab-47dd-9906-55e5f626ac2d}\BrokerId
Details: {b5ccd5ef-4238-440b-bba0-999f828f1cfe}",,,,,,,,Info,0,,,,,,,,,,{2d351099-43cd-5f5f-0e00-000000000400},876,,,,{5770385F-C22A-43E0-BF4C-06F5698FFBD9},,,,425923,,,,,,,-,,INFO,2,,,,,,,,,,,,eventlog,im_msvistalog,Microsoft-Windows-Sysmon,,,,,,,,,,,,,,,,,\REGISTRY\A\{880a2083-1f4b-4b97-aa60-39a324efa5ef}\Events\{e1622bb1-ccab-47dd-9906-55e5f626ac2d}\BrokerId,,,,,,,13,,,,4688,,,,,S-1-5-18,2022-04-15 12:06:26,2,,,"{""Image"":""C:\\windows\\system32\\svchost.exe"",""ProcessId"":""876"",""EventID"":13,""tags"":[""splunk""],""RecordNumber"":425923,""ProviderGuid"":""{5770385F-C22A-43E0-BF4C-06F5698FFBD9}"",""SourceName"":""Microsoft-Windows-Sysmon"",""OpcodeValue"":0,""EventTime"":""2022-04-15 08:06:25"",""AccountName"":""SYSTEM"",""host"":""cybertees.net"",""SeverityValue"":2,""ExecutionProcessID"":3524,""AccountType"":""User"",""Category"":""Registry value set (rule: RegistryEvent)"",""SourceModuleName"":""eventlog"",""Domain"":""NT AUTHORITY"",""Message"":""Registry value set:\r\nRuleName: -\r\nEventType: SetValue\r\nUtcTime: 2022-04-15 12:06:25.831\r\nProcessGuid: {2d351099-43cd-5f5f-0e00-000000000400}\r\nProcessId: 876\r\nImage: C:\\windows\\system32\\svchost.exe\r\nTargetObject: \\REGISTRY\\A\\{880a2083-1f4b-4b97-aa60-39a324efa5ef}\\Events\\{e1622bb1-ccab-47dd-9906-55e5f626ac2d}\\BrokerId\r\nDetails: {b5ccd5ef-4238-440b-bba0-999f828f1cfe}"",""port"":60427,""UserID"":""S-1-5-18"",""UtcTime"":""2022-04-15 12:06:25.831"",""timestamp"":""2022-04-15T12:06:28.734Z"",""ThreadID"":4688,""Severity"":""INFO"",""EventTypeOrignal"":""INFO"",""EventType"":""SetValue"",""Channel"":""Microsoft-Windows-Sysmon/Operational"",""TargetObject"":""\\REGISTRY\\A\\{880a2083-1f4b-4b97-aa60-39a324efa5ef}\\Events\\{e1622bb1-ccab-47dd-9906-55e5f626ac2d}\\BrokerId"",""Details"":""{b5ccd5ef-4238-440b-bba0-999f828f1cfe}"",""Opcode"":""Info"",""EventReceivedTime"":""2022-04-15 08:06:28"",""@version"":""1"",""Task"":13,""SourceModuleType"":""im_msvistalog"",""RuleName"":""-"",""Hostname"":""James.browne"",""Keywords"":-9223372036854775808,""Version"":2,""ProcessGuid"":""{2d351099-43cd-5f5f-0e00-000000000400}""}",2022-04-15T08:06:22.000+0000,8,15,6,april,22,friday,2022,local,,SetValue,cybertees.net,cyber-host,windowslogs,1,60427,"{"""":"":\\\\\\."","""":"""","""":,"""":[""""],"""":,"""":""{----}"",""",Event_logs.json,_json,ip-10-10-40-195,,splunk,,2022-04-15T12:06:28.734Z,
1,,,,SYSTEM,User,,,,,,Registry value set (rule: RegistryEvent),Microsoft-Windows-Sysmon/Operational,,,,,,,,,,,,,,DWORD (0x00000007),,,,NT AUTHORITY,,,,,13,,2022-04-15 8:06:28,2022-04-15 8:06:27,INFO,3652,,,,,,,Salena.Adam,C:\windows\system32\svchost.exe,,,,,,,,,-9223372036854775808,,,,,,,,,"Registry value set:
RuleName: -
EventType: SetValue
UtcTime: 2022-04-15 12:06:27.707
ProcessGuid: {ef3dcf22-42ae-5f5f-2100-000000000300}
ProcessId: 1524
Image: C:\windows\system32\svchost.exe
TargetObject: HKLM\SOFTWARE\Microsoft\Windows\CurrentVersion\Group Policy\State\Machine\NextRefreshReason
Details: DWORD (0x00000007)",,,,,,,,Info,0,,,,,,,,,,{ef3dcf22-42ae-5f5f-2100-000000000300},1524,,,,{5770385F-C22A-43E0-BF4C-06F5698FFBD9},,,,239017,,,,,,,-,,INFO,2,,,,,,,,,,,,eventlog,im_msvistalog,Microsoft-Windows-Sysmon,,,,,,,,,,,,,,,,,HKLM\SOFTWARE\Microsoft\Windows\CurrentVersion\Group Policy\State\Machine\NextRefreshReason,,,,,,,13,,,,4104,,,,,S-1-5-18,2022-04-15 12:06:28,2,,,"{""Image"":""C:\\windows\\system32\\svchost.exe"",""ProcessId"":""1524"",""EventID"":13,""tags"":[""splunk""],""RecordNumber"":239017,""ProviderGuid"":""{5770385F-C22A-43E0-BF4C-06F5698FFBD9}"",""SourceName"":""Microsoft-Windows-Sysmon"",""OpcodeValue"":0,""EventTime"":""2022-04-15 08:06:27"",""AccountName"":""SYSTEM"",""host"":""cybertees.net"",""SeverityValue"":2,""ExecutionProcessID"":3652,""AccountType"":""User"",""Category"":""Registry value set (rule: RegistryEvent)"",""SourceModuleName"":""eventlog"",""Domain"":""NT AUTHORITY"",""Message"":""Registry value set:\r\nRuleName: -\r\nEventType: SetValue\r\nUtcTime: 2022-04-15 12:06:27.707\r\nProcessGuid: {ef3dcf22-42ae-5f5f-2100-000000000300}\r\nProcessId: 1524\r\nImage: C:\\windows\\system32\\svchost.exe\r\nTargetObject: HKLM\\SOFTWARE\\Microsoft\\Windows\\CurrentVersion\\Group Policy\\State\\Machine\\NextRefreshReason\r\nDetails: DWORD (0x00000007)"",""port"":60427,""UserID"":""S-1-5-18"",""UtcTime"":""2022-04-15 12:06:27.707"",""timestamp"":""2022-04-15T12:06:28.734Z"",""ThreadID"":4104,""Severity"":""INFO"",""EventTypeOrignal"":""INFO"",""EventType"":""SetValue"",""Channel"":""Microsoft-Windows-Sysmon/Operational"",""TargetObject"":""HKLM\\SOFTWARE\\Microsoft\\Windows\\CurrentVersion\\Group Policy\\State\\Machine\\NextRefreshReason"",""Details"":""DWORD (0x00000007)"",""Opcode"":""Info"",""EventReceivedTime"":""2022-04-15 08:06:28"",""@version"":""1"",""Task"":13,""SourceModuleType"":""im_msvistalog"",""RuleName"":""-"",""Hostname"":""Salena.Adam"",""Keywords"":-9223372036854775808,""Version"":2,""ProcessGuid"":""{ef3dcf22-42ae-5f5f-2100-000000000300}""}",2022-04-15T08:06:22.000+0000,8,15,6,april,22,friday,2022,local,,SetValue,cybertees.net,cyber-host,windowslogs,1,60427,"{"""":"":\\\\\\."","""":"""","""":,"""":[""""],"""":,"""":""{----}"",""",Event_logs.json,_json,ip-10-10-40-195,,splunk,,2022-04-15T12:06:28.734Z,
1,,,,SYSTEM,User,,,,,,Registry value set (rule: RegistryEvent),Microsoft-Windows-Sysmon/Operational,,,,,,,,,,,,,,DWORD (0x00000001),,,,NT AUTHORITY,,,,,13,,2022-04-15 8:06:28,2022-04-15 8:06:27,INFO,3652,,,,,,,Salena.Adam,C:\windows\system32\svchost.exe,,,,,,,,,-9223372036854775808,,,,,,,,,"Registry value set:
RuleName: -
EventType: SetValue
UtcTime: 2022-04-15 12:06:27.707
ProcessGuid: {ef3dcf22-42ae-5f5f-2100-000000000300}
ProcessId: 1524
Image: C:\windows\system32\svchost.exe
TargetObject: HKLM\SOFTWARE\Microsoft\Windows\CurrentVersion\Group Policy\State\Machine\NextRefreshMode
Details: DWORD (0x00000001)",,,,,,,,Info,0,,,,,,,,,,{ef3dcf22-42ae-5f5f-2100-000000000300},1524,,,,{5770385F-C22A-43E0-BF4C-06F5698FFBD9},,,,239016,,,,,,,-,,INFO,2,,,,,,,,,,,,eventlog,im_msvistalog,Microsoft-Windows-Sysmon,,,,,,,,,,,,,,,,,HKLM\SOFTWARE\Microsoft\Windows\CurrentVersion\Group Policy\State\Machine\NextRefreshMode,,,,,,,13,,,,4104,,,,,S-1-5-18,2022-04-15 12:06:28,2,,,"{""Image"":""C:\\windows\\system32\\svchost.exe"",""ProcessId"":""1524"",""EventID"":13,""tags"":[""splunk""],""RecordNumber"":239016,""ProviderGuid"":""{5770385F-C22A-43E0-BF4C-06F5698FFBD9}"",""SourceName"":""Microsoft-Windows-Sysmon"",""OpcodeValue"":0,""EventTime"":""2022-04-15 08:06:27"",""AccountName"":""SYSTEM"",""host"":""cybertees.net"",""SeverityValue"":2,""ExecutionProcessID"":3652,""AccountType"":""User"",""Category"":""Registry value set (rule: RegistryEvent)"",""SourceModuleName"":""eventlog"",""Domain"":""NT AUTHORITY"",""Message"":""Registry value set:\r\nRuleName: -\r\nEventType: SetValue\r\nUtcTime: 2022-04-15 12:06:27.707\r\nProcessGuid: {ef3dcf22-42ae-5f5f-2100-000000000300}\r\nProcessId: 1524\r\nImage: C:\\windows\\system32\\svchost.exe\r\nTargetObject: HKLM\\SOFTWARE\\Microsoft\\Windows\\CurrentVersion\\Group Policy\\State\\Machine\\NextRefreshMode\r\nDetails: DWORD (0x00000001)"",""port"":60427,""UserID"":""S-1-5-18"",""UtcTime"":""2022-04-15 12:06:27.707"",""timestamp"":""2022-04-15T12:06:28.733Z"",""ThreadID"":4104,""Severity"":""INFO"",""EventTypeOrignal"":""INFO"",""EventType"":""SetValue"",""Channel"":""Microsoft-Windows-Sysmon/Operational"",""TargetObject"":""HKLM\\SOFTWARE\\Microsoft\\Windows\\CurrentVersion\\Group Policy\\State\\Machine\\NextRefreshMode"",""Details"":""DWORD (0x00000001)"",""Opcode"":""Info"",""EventReceivedTime"":""2022-04-15 08:06:28"",""@version"":""1"",""Task"":13,""SourceModuleType"":""im_msvistalog"",""RuleName"":""-"",""Hostname"":""Salena.Adam"",""Keywords"":-9223372036854775808,""Version"":2,""ProcessGuid"":""{ef3dcf22-42ae-5f5f-2100-000000000300}""}",2022-04-15T08:06:22.000+0000,8,15,6,april,22,friday,2022,local,,SetValue,cybertees.net,cyber-host,windowslogs,1,60427,"{"""":"":\\\\\\."","""":"""","""":,"""":[""""],"""":,"""":""{----}"",""",Event_logs.json,_json,ip-10-10-40-195,,splunk,,2022-04-15T12:06:28.733Z,
1,,,,SYSTEM,User,,,,,,Registry object added or deleted (rule: RegistryEvent),Microsoft-Windows-Sysmon/Operational,,,,,,,,,,,,,,,,,,NT AUTHORITY,,,,,12,,2022-04-15 8:06:28,2022-04-15 8:06:25,INFO,3524,,,,,,,James.browne,C:\windows\system32\svchost.exe,,,,,,,,,-9223372036854775808,,,,,,,,,"Registry object added or deleted:
RuleName: -
EventType: CreateKey
UtcTime: 2022-04-15 12:06:25.831
ProcessGuid: {2d351099-43cd-5f5f-0e00-000000000400}
ProcessId: 876
Image: C:\windows\system32\svchost.exe
TargetObject: \REGISTRY\A\{880a2083-1f4b-4b97-aa60-39a324efa5ef}\Events\{e1622bb1-ccab-47dd-9906-55e5f626ac2d}",,,,,,,,Info,0,,,,,,,,,,{2d351099-43cd-5f5f-0e00-000000000400},876,,,,{5770385F-C22A-43E0-BF4C-06F5698FFBD9},,,,425922,,,,,,,-,,INFO,2,,,,,,,,,,,,eventlog,im_msvistalog,Microsoft-Windows-Sysmon,,,,,,,,,,,,,,,,,\REGISTRY\A\{880a2083-1f4b-4b97-aa60-39a324efa5ef}\Events\{e1622bb1-ccab-47dd-9906-55e5f626ac2d},,,,,,,12,,,,4688,,,,,S-1-5-18,2022-04-15 12:06:26,2,,,"{""Image"":""C:\\windows\\system32\\svchost.exe"",""ProcessId"":""876"",""EventID"":12,""tags"":[""splunk""],""RecordNumber"":425922,""ProviderGuid"":""{5770385F-C22A-43E0-BF4C-06F5698FFBD9}"",""SourceName"":""Microsoft-Windows-Sysmon"",""OpcodeValue"":0,""EventTime"":""2022-04-15 08:06:25"",""AccountName"":""SYSTEM"",""host"":""cybertees.net"",""SeverityValue"":2,""ExecutionProcessID"":3524,""AccountType"":""User"",""Category"":""Registry object added or deleted (rule: RegistryEvent)"",""SourceModuleName"":""eventlog"",""Domain"":""NT AUTHORITY"",""Message"":""Registry object added or deleted:\r\nRuleName: -\r\nEventType: CreateKey\r\nUtcTime: 2022-04-15 12:06:25.831\r\nProcessGuid: {2d351099-43cd-5f5f-0e00-000000000400}\r\nProcessId: 876\r\nImage: C:\\windows\\system32\\svchost.exe\r\nTargetObject: \\REGISTRY\\A\\{880a2083-1f4b-4b97-aa60-39a324efa5ef}\\Events\\{e1622bb1-ccab-47dd-9906-55e5f626ac2d}"",""port"":60427,""UserID"":""S-1-5-18"",""UtcTime"":""2022-04-15 12:06:25.831"",""timestamp"":""2022-04-15T12:06:28.732Z"",""ThreadID"":4688,""Severity"":""INFO"",""EventTypeOrignal"":""INFO"",""EventType"":""CreateKey"",""Channel"":""Microsoft-Windows-Sysmon/Operational"",""TargetObject"":""\\REGISTRY\\A\\{880a2083-1f4b-4b97-aa60-39a324efa5ef}\\Events\\{e1622bb1-ccab-47dd-9906-55e5f626ac2d}"",""Opcode"":""Info"",""EventReceivedTime"":""2022-04-15 08:06:28"",""@version"":""1"",""Task"":12,""SourceModuleType"":""im_msvistalog"",""RuleName"":""-"",""Hostname"":""James.browne"",""Keywords"":-9223372036854775808,""Version"":2,""ProcessGuid"":""{2d351099-43cd-5f5f-0e00-000000000400}""}",2022-04-15T08:06:22.000+0000,8,15,6,april,22,friday,2022,local,,CreateKey,cybertees.net,cyber-host,windowslogs,1,60427,"{"""":"":\\\\\\."","""":"""","""":,"""":[""""],"""":,"""":""{----}"",""",Event_logs.json,_json,ip-10-10-40-195,,splunk,,2022-04-15T12:06:28.732Z,
1,,,,SYSTEM,User,,,,,,Registry object added or deleted (rule: RegistryEvent),Microsoft-Windows-Sysmon/Operational,,,,,,,,,,,,,,,,,,NT AUTHORITY,,,,,12,,2022-04-15 8:06:28,2022-04-15 8:06:27,INFO,3652,,,,,,,Salena.Adam,C:\windows\system32\svchost.exe,,,,,,,,,-9223372036854775808,,,,,,,,,"Registry object added or deleted:
RuleName: -
EventType: CreateKey
UtcTime: 2022-04-15 12:06:27.692
ProcessGuid: {ef3dcf22-42ae-5f5f-2100-000000000300}
ProcessId: 1524
Image: C:\windows\system32\svchost.exe
TargetObject: HKLM\SOFTWARE\Microsoft\Windows\CurrentVersion\Group Policy\ServiceInstances",,,,,,,,Info,0,,,,,,,,,,{ef3dcf22-42ae-5f5f-2100-000000000300},1524,,,,{5770385F-C22A-43E0-BF4C-06F5698FFBD9},,,,239015,,,,,,,-,,INFO,2,,,,,,,,,,,,eventlog,im_msvistalog,Microsoft-Windows-Sysmon,,,,,,,,,,,,,,,,,HKLM\SOFTWARE\Microsoft\Windows\CurrentVersion\Group Policy\ServiceInstances,,,,,,,12,,,,4104,,,,,S-1-5-18,2022-04-15 12:06:28,2,,,"{""Image"":""C:\\windows\\system32\\svchost.exe"",""ProcessId"":""1524"",""EventID"":12,""tags"":[""splunk""],""RecordNumber"":239015,""ProviderGuid"":""{5770385F-C22A-43E0-BF4C-06F5698FFBD9}"",""SourceName"":""Microsoft-Windows-Sysmon"",""OpcodeValue"":0,""EventTime"":""2022-04-15 08:06:27"",""AccountName"":""SYSTEM"",""host"":""cybertees.net"",""SeverityValue"":2,""ExecutionProcessID"":3652,""AccountType"":""User"",""Category"":""Registry object added or deleted (rule: RegistryEvent)"",""SourceModuleName"":""eventlog"",""Domain"":""NT AUTHORITY"",""Message"":""Registry object added or deleted:\r\nRuleName: -\r\nEventType: CreateKey\r\nUtcTime: 2022-04-15 12:06:27.692\r\nProcessGuid: {ef3dcf22-42ae-5f5f-2100-000000000300}\r\nProcessId: 1524\r\nImage: C:\\windows\\system32\\svchost.exe\r\nTargetObject: HKLM\\SOFTWARE\\Microsoft\\Windows\\CurrentVersion\\Group Policy\\ServiceInstances"",""port"":60427,""UserID"":""S-1-5-18"",""UtcTime"":""2022-04-15 12:06:27.692"",""timestamp"":""2022-04-15T12:06:28.732Z"",""ThreadID"":4104,""Severity"":""INFO"",""EventTypeOrignal"":""INFO"",""EventType"":""CreateKey"",""Channel"":""Microsoft-Windows-Sysmon/Operational"",""TargetObject"":""HKLM\\SOFTWARE\\Microsoft\\Windows\\CurrentVersion\\Group Policy\\ServiceInstances"",""Opcode"":""Info"",""EventReceivedTime"":""2022-04-15 08:06:28"",""@version"":""1"",""Task"":12,""SourceModuleType"":""im_msvistalog"",""RuleName"":""-"",""Hostname"":""Salena.Adam"",""Keywords"":-9223372036854775808,""Version"":2,""ProcessGuid"":""{ef3dcf22-42ae-5f5f-2100-000000000300}""}",2022-04-15T08:06:22.000+0000,8,15,6,april,22,friday,2022,local,,CreateKey,cybertees.net,cyber-host,windowslogs,1,60427,"{"""":"":\\\\\\."","""":"""","""":,"""":[""""],"""":,"""":""{----}"",""",Event_logs.json,_json,ip-10-10-40-195,,splunk,,2022-04-15T12:06:28.732Z,
1,,,,SYSTEM,User,,,,,,Registry value set (rule: RegistryEvent),Microsoft-Windows-Sysmon/Operational,,,,,,,,,,,,,,Binary Data,,,,NT AUTHORITY,,,,,13,,2022-04-15 8:06:28,2022-04-15 8:06:25,INFO,3524,,,,,,,James.browne,C:\windows\system32\svchost.exe,,,,,,,,,-9223372036854775808,,,,,,,,,"Registry value set:
RuleName: -
EventType: SetValue
UtcTime: 2022-04-15 12:06:25.831
ProcessGuid: {2d351099-43cd-5f5f-0e00-000000000400}
ProcessId: 876
Image: C:\windows\system32\svchost.exe
TargetObject: \REGISTRY\A\{880a2083-1f4b-4b97-aa60-39a324efa5ef}\Events\{0a5eda93-c7e2-4793-abfa-53915f1d1e3a}\UserSid
Details: Binary Data",,,,,,,,Info,0,,,,,,,,,,{2d351099-43cd-5f5f-0e00-000000000400},876,,,,{5770385F-C22A-43E0-BF4C-06F5698FFBD9},,,,425921,,,,,,,-,,INFO,2,,,,,,,,,,,,eventlog,im_msvistalog,Microsoft-Windows-Sysmon,,,,,,,,,,,,,,,,,\REGISTRY\A\{880a2083-1f4b-4b97-aa60-39a324efa5ef}\Events\{0a5eda93-c7e2-4793-abfa-53915f1d1e3a}\UserSid,,,,,,,13,,,,4688,,,,,S-1-5-18,2022-04-15 12:06:26,2,,,"{""Image"":""C:\\windows\\system32\\svchost.exe"",""ProcessId"":""876"",""EventID"":13,""tags"":[""splunk""],""RecordNumber"":425921,""ProviderGuid"":""{5770385F-C22A-43E0-BF4C-06F5698FFBD9}"",""SourceName"":""Microsoft-Windows-Sysmon"",""OpcodeValue"":0,""EventTime"":""2022-04-15 08:06:25"",""AccountName"":""SYSTEM"",""host"":""cybertees.net"",""SeverityValue"":2,""ExecutionProcessID"":3524,""AccountType"":""User"",""Category"":""Registry value set (rule: RegistryEvent)"",""SourceModuleName"":""eventlog"",""Domain"":""NT AUTHORITY"",""Message"":""Registry value set:\r\nRuleName: -\r\nEventType: SetValue\r\nUtcTime: 2022-04-15 12:06:25.831\r\nProcessGuid: {2d351099-43cd-5f5f-0e00-000000000400}\r\nProcessId: 876\r\nImage: C:\\windows\\system32\\svchost.exe\r\nTargetObject: \\REGISTRY\\A\\{880a2083-1f4b-4b97-aa60-39a324efa5ef}\\Events\\{0a5eda93-c7e2-4793-abfa-53915f1d1e3a}\\UserSid\r\nDetails: Binary Data"",""port"":60427,""UserID"":""S-1-5-18"",""UtcTime"":""2022-04-15 12:06:25.831"",""timestamp"":""2022-04-15T12:06:28.731Z"",""ThreadID"":4688,""Severity"":""INFO"",""EventTypeOrignal"":""INFO"",""EventType"":""SetValue"",""Channel"":""Microsoft-Windows-Sysmon/Operational"",""TargetObject"":""\\REGISTRY\\A\\{880a2083-1f4b-4b97-aa60-39a324efa5ef}\\Events\\{0a5eda93-c7e2-4793-abfa-53915f1d1e3a}\\UserSid"",""Details"":""Binary Data"",""Opcode"":""Info"",""EventReceivedTime"":""2022-04-15 08:06:28"",""@version"":""1"",""Task"":13,""SourceModuleType"":""im_msvistalog"",""RuleName"":""-"",""Hostname"":""James.browne"",""Keywords"":-9223372036854775808,""Version"":2,""ProcessGuid"":""{2d351099-43cd-5f5f-0e00-000000000400}""}",2022-04-15T08:06:22.000+0000,8,15,6,april,22,friday,2022,local,,SetValue,cybertees.net,cyber-host,windowslogs,1,60427,"{"""":"":\\\\\\."","""":"""","""":,"""":[""""],"""":,"""":""{----}"",""",Event_logs.json,_json,ip-10-10-40-195,,splunk,,2022-04-15T12:06:28.731Z,
1,,,,SYSTEM,User,,,,,,Registry value set (rule: RegistryEvent),Microsoft-Windows-Sysmon/Operational,,,,,,,,,,,,,,MORDORDC,,,,NT AUTHORITY,,,,,13,,2022-04-15 8:06:28,2022-04-15 8:06:27,INFO,3652,,,,,,,Salena.Adam,C:\windows\system32\svchost.exe,,,,,,,,,-9223372036854775808,,,,,,,,,"Registry value set:
RuleName: -
EventType: SetValue
UtcTime: 2022-04-15 12:06:27.692
ProcessGuid: {ef3dcf22-42ae-5f5f-2100-000000000300}
ProcessId: 1524
Image: C:\windows\system32\svchost.exe
TargetObject: HKLM\SOFTWARE\Microsoft\Windows\CurrentVersion\Group Policy\DataStore\Machine\0\szTargetName
Details: MORDORDC",,,,,,,,Info,0,,,,,,,,,,{ef3dcf22-42ae-5f5f-2100-000000000300},1524,,,,{5770385F-C22A-43E0-BF4C-06F5698FFBD9},,,,239014,,,,,,,-,,INFO,2,,,,,,,,,,,,eventlog,im_msvistalog,Microsoft-Windows-Sysmon,,,,,,,,,,,,,,,,,HKLM\SOFTWARE\Microsoft\Windows\CurrentVersion\Group Policy\DataStore\Machine\0\szTargetName,,,,,,,13,,,,4104,,,,,S-1-5-18,2022-04-15 12:06:28,2,,,"{""Image"":""C:\\windows\\system32\\svchost.exe"",""ProcessId"":""1524"",""EventID"":13,""tags"":[""splunk""],""RecordNumber"":239014,""ProviderGuid"":""{5770385F-C22A-43E0-BF4C-06F5698FFBD9}"",""SourceName"":""Microsoft-Windows-Sysmon"",""OpcodeValue"":0,""EventTime"":""2022-04-15 08:06:27"",""AccountName"":""SYSTEM"",""host"":""cybertees.net"",""SeverityValue"":2,""ExecutionProcessID"":3652,""AccountType"":""User"",""Category"":""Registry value set (rule: RegistryEvent)"",""SourceModuleName"":""eventlog"",""Domain"":""NT AUTHORITY"",""Message"":""Registry value set:\r\nRuleName: -\r\nEventType: SetValue\r\nUtcTime: 2022-04-15 12:06:27.692\r\nProcessGuid: {ef3dcf22-42ae-5f5f-2100-000000000300}\r\nProcessId: 1524\r\nImage: C:\\windows\\system32\\svchost.exe\r\nTargetObject: HKLM\\SOFTWARE\\Microsoft\\Windows\\CurrentVersion\\Group Policy\\DataStore\\Machine\\0\\szTargetName\r\nDetails: MORDORDC"",""port"":60427,""UserID"":""S-1-5-18"",""UtcTime"":""2022-04-15 12:06:27.692"",""timestamp"":""2022-04-15T12:06:28.731Z"",""ThreadID"":4104,""Severity"":""INFO"",""EventTypeOrignal"":""INFO"",""EventType"":""SetValue"",""Channel"":""Microsoft-Windows-Sysmon/Operational"",""TargetObject"":""HKLM\\SOFTWARE\\Microsoft\\Windows\\CurrentVersion\\Group Policy\\DataStore\\Machine\\0\\szTargetName"",""Details"":""MORDORDC"",""Opcode"":""Info"",""EventReceivedTime"":""2022-04-15 08:06:28"",""@version"":""1"",""Task"":13,""SourceModuleType"":""im_msvistalog"",""RuleName"":""-"",""Hostname"":""Salena.Adam"",""Keywords"":-9223372036854775808,""Version"":2,""ProcessGuid"":""{ef3dcf22-42ae-5f5f-2100-000000000300}""}",2022-04-15T08:06:22.000+0000,8,15,6,april,22,friday,2022,local,,SetValue,cybertees.net,cyber-host,windowslogs,1,60427,"{"""":"":\\\\\\."","""":"""","""":,"""":[""""],"""":,"""":""{----}"",""",Event_logs.json,_json,ip-10-10-40-195,,splunk,,2022-04-15T12:06:28.731Z,
1,,,,SYSTEM,User,,,,,,Registry value set (rule: RegistryEvent),Microsoft-Windows-Sysmon/Operational,,,,,,,,,,,,,,Microsoft.Windows.ContentDeliveryManager_10.0.18362.449_neutral_neutral_cw5n1h2txyewy,,,,NT AUTHORITY,,,,,13,,2022-04-15 8:06:28,2022-04-15 8:06:25,INFO,3524,,,,,,,James.browne,C:\windows\system32\svchost.exe,,,,,,,,,-9223372036854775808,,,,,,,,,"Registry value set:
RuleName: -
EventType: SetValue
UtcTime: 2022-04-15 12:06:25.831
ProcessGuid: {2d351099-43cd-5f5f-0e00-000000000400}
ProcessId: 876
Image: C:\windows\system32\svchost.exe
TargetObject: \REGISTRY\A\{880a2083-1f4b-4b97-aa60-39a324efa5ef}\Events\{0a5eda93-c7e2-4793-abfa-53915f1d1e3a}\PackageFullName
Details: Microsoft.Windows.ContentDeliveryManager_10.0.18362.449_neutral_neutral_cw5n1h2txyewy",,,,,,,,Info,0,,,,,,,,,,{2d351099-43cd-5f5f-0e00-000000000400},876,,,,{5770385F-C22A-43E0-BF4C-06F5698FFBD9},,,,425920,,,,,,,-,,INFO,2,,,,,,,,,,,,eventlog,im_msvistalog,Microsoft-Windows-Sysmon,,,,,,,,,,,,,,,,,\REGISTRY\A\{880a2083-1f4b-4b97-aa60-39a324efa5ef}\Events\{0a5eda93-c7e2-4793-abfa-53915f1d1e3a}\PackageFullName,,,,,,,13,,,,4688,,,,,S-1-5-18,2022-04-15 12:06:26,2,,,"{""Image"":""C:\\windows\\system32\\svchost.exe"",""ProcessId"":""876"",""EventID"":13,""tags"":[""splunk""],""RecordNumber"":425920,""ProviderGuid"":""{5770385F-C22A-43E0-BF4C-06F5698FFBD9}"",""SourceName"":""Microsoft-Windows-Sysmon"",""OpcodeValue"":0,""EventTime"":""2022-04-15 08:06:25"",""AccountName"":""SYSTEM"",""host"":""cybertees.net"",""SeverityValue"":2,""ExecutionProcessID"":3524,""AccountType"":""User"",""Category"":""Registry value set (rule: RegistryEvent)"",""SourceModuleName"":""eventlog"",""Domain"":""NT AUTHORITY"",""Message"":""Registry value set:\r\nRuleName: -\r\nEventType: SetValue\r\nUtcTime: 2022-04-15 12:06:25.831\r\nProcessGuid: {2d351099-43cd-5f5f-0e00-000000000400}\r\nProcessId: 876\r\nImage: C:\\windows\\system32\\svchost.exe\r\nTargetObject: \\REGISTRY\\A\\{880a2083-1f4b-4b97-aa60-39a324efa5ef}\\Events\\{0a5eda93-c7e2-4793-abfa-53915f1d1e3a}\\PackageFullName\r\nDetails: Microsoft.Windows.ContentDeliveryManager_10.0.18362.449_neutral_neutral_cw5n1h2txyewy"",""port"":60427,""UserID"":""S-1-5-18"",""UtcTime"":""2022-04-15 12:06:25.831"",""timestamp"":""2022-04-15T12:06:28.730Z"",""ThreadID"":4688,""Severity"":""INFO"",""EventTypeOrignal"":""INFO"",""EventType"":""SetValue"",""Channel"":""Microsoft-Windows-Sysmon/Operational"",""TargetObject"":""\\REGISTRY\\A\\{880a2083-1f4b-4b97-aa60-39a324efa5ef}\\Events\\{0a5eda93-c7e2-4793-abfa-53915f1d1e3a}\\PackageFullName"",""Details"":""Microsoft.Windows.ContentDeliveryManager_10.0.18362.449_neutral_neutral_cw5n1h2txyewy"",""Opcode"":""Info"",""EventReceivedTime"":""2022-04-15 08:06:28"",""@version"":""1"",""Task"":13,""SourceModuleType"":""im_msvistalog"",""RuleName"":""-"",""Hostname"":""James.browne"",""Keywords"":-9223372036854775808,""Version"":2,""ProcessGuid"":""{2d351099-43cd-5f5f-0e00-000000000400}""}",2022-04-15T08:06:22.000+0000,8,15,6,april,22,friday,2022,local,,SetValue,cybertees.net,cyber-host,windowslogs,1,60427,"{"""":"":\\\\\\."","""":"""","""":,"""":[""""],"""":,"""":""{----}"",""",Event_logs.json,_json,ip-10-10-40-195,,splunk,,2022-04-15T12:06:28.730Z,
1,,,,SYSTEM,User,,,,,,Registry object added or deleted (rule: RegistryEvent),Microsoft-Windows-Sysmon/Operational,,,,,,,,,,,,,,,,,,NT AUTHORITY,,,,,12,,2022-04-15 8:06:28,2022-04-15 8:06:27,INFO,3652,,,,,,,Salena.Adam,C:\windows\system32\svchost.exe,,,,,,,,,-9223372036854775808,,,,,,,,,"Registry object added or deleted:
RuleName: -
EventType: CreateKey
UtcTime: 2022-04-15 12:06:27.692
ProcessGuid: {ef3dcf22-42ae-5f5f-2100-000000000300}
ProcessId: 1524
Image: C:\windows\system32\svchost.exe
TargetObject: HKLM\SOFTWARE\Microsoft\Windows\CurrentVersion\Group Policy\DataStore\Machine\0",,,,,,,,Info,0,,,,,,,,,,{ef3dcf22-42ae-5f5f-2100-000000000300},1524,,,,{5770385F-C22A-43E0-BF4C-06F5698FFBD9},,,,239013,,,,,,,-,,INFO,2,,,,,,,,,,,,eventlog,im_msvistalog,Microsoft-Windows-Sysmon,,,,,,,,,,,,,,,,,HKLM\SOFTWARE\Microsoft\Windows\CurrentVersion\Group Policy\DataStore\Machine\0,,,,,,,12,,,,4104,,,,,S-1-5-18,2022-04-15 12:06:28,2,,,"{""Image"":""C:\\windows\\system32\\svchost.exe"",""ProcessId"":""1524"",""EventID"":12,""tags"":[""splunk""],""RecordNumber"":239013,""ProviderGuid"":""{5770385F-C22A-43E0-BF4C-06F5698FFBD9}"",""SourceName"":""Microsoft-Windows-Sysmon"",""OpcodeValue"":0,""EventTime"":""2022-04-15 08:06:27"",""AccountName"":""SYSTEM"",""host"":""cybertees.net"",""SeverityValue"":2,""ExecutionProcessID"":3652,""AccountType"":""User"",""Category"":""Registry object added or deleted (rule: RegistryEvent)"",""SourceModuleName"":""eventlog"",""Domain"":""NT AUTHORITY"",""Message"":""Registry object added or deleted:\r\nRuleName: -\r\nEventType: CreateKey\r\nUtcTime: 2022-04-15 12:06:27.692\r\nProcessGuid: {ef3dcf22-42ae-5f5f-2100-000000000300}\r\nProcessId: 1524\r\nImage: C:\\windows\\system32\\svchost.exe\r\nTargetObject: HKLM\\SOFTWARE\\Microsoft\\Windows\\CurrentVersion\\Group Policy\\DataStore\\Machine\\0"",""port"":60427,""UserID"":""S-1-5-18"",""UtcTime"":""2022-04-15 12:06:27.692"",""timestamp"":""2022-04-15T12:06:28.730Z"",""ThreadID"":4104,""Severity"":""INFO"",""EventTypeOrignal"":""INFO"",""EventType"":""CreateKey"",""Channel"":""Microsoft-Windows-Sysmon/Operational"",""TargetObject"":""HKLM\\SOFTWARE\\Microsoft\\Windows\\CurrentVersion\\Group Policy\\DataStore\\Machine\\0"",""Opcode"":""Info"",""EventReceivedTime"":""2022-04-15 08:06:28"",""@version"":""1"",""Task"":12,""SourceModuleType"":""im_msvistalog"",""RuleName"":""-"",""Hostname"":""Salena.Adam"",""Keywords"":-9223372036854775808,""Version"":2,""ProcessGuid"":""{ef3dcf22-42ae-5f5f-2100-000000000300}""}",2022-04-15T08:06:22.000+0000,8,15,6,april,22,friday,2022,local,,CreateKey,cybertees.net,cyber-host,windowslogs,1,60427,"{"""":"":\\\\\\."","""":"""","""":,"""":[""""],"""":,"""":""{----}"",""",Event_logs.json,_json,ip-10-10-40-195,,splunk,,2022-04-15T12:06:28.730Z,
1,,,,SYSTEM,User,,,,,,Registry value set (rule: RegistryEvent),Microsoft-Windows-Sysmon/Operational,,,,,,,,,,,,,,DWORD (0x00000604),,,,NT AUTHORITY,,,,,13,,2022-04-15 8:06:28,2022-04-15 8:06:25,INFO,3524,,,,,,,James.browne,C:\windows\system32\svchost.exe,,,,,,,,,-9223372036854775808,,,,,,,,,"Registry value set:
RuleName: -
EventType: SetValue
UtcTime: 2022-04-15 12:06:25.831
ProcessGuid: {2d351099-43cd-5f5f-0e00-000000000400}
ProcessId: 876
Image: C:\windows\system32\svchost.exe
TargetObject: \REGISTRY\A\{880a2083-1f4b-4b97-aa60-39a324efa5ef}\Events\{0a5eda93-c7e2-4793-abfa-53915f1d1e3a}\Flags
Details: DWORD (0x00000604)",,,,,,,,Info,0,,,,,,,,,,{2d351099-43cd-5f5f-0e00-000000000400},876,,,,{5770385F-C22A-43E0-BF4C-06F5698FFBD9},,,,425919,,,,,,,-,,INFO,2,,,,,,,,,,,,eventlog,im_msvistalog,Microsoft-Windows-Sysmon,,,,,,,,,,,,,,,,,\REGISTRY\A\{880a2083-1f4b-4b97-aa60-39a324efa5ef}\Events\{0a5eda93-c7e2-4793-abfa-53915f1d1e3a}\Flags,,,,,,,13,,,,4688,,,,,S-1-5-18,2022-04-15 12:06:26,2,,,"{""Image"":""C:\\windows\\system32\\svchost.exe"",""ProcessId"":""876"",""EventID"":13,""tags"":[""splunk""],""RecordNumber"":425919,""ProviderGuid"":""{5770385F-C22A-43E0-BF4C-06F5698FFBD9}"",""SourceName"":""Microsoft-Windows-Sysmon"",""OpcodeValue"":0,""EventTime"":""2022-04-15 08:06:25"",""AccountName"":""SYSTEM"",""host"":""cybertees.net"",""SeverityValue"":2,""ExecutionProcessID"":3524,""AccountType"":""User"",""Category"":""Registry value set (rule: RegistryEvent)"",""SourceModuleName"":""eventlog"",""Domain"":""NT AUTHORITY"",""Message"":""Registry value set:\r\nRuleName: -\r\nEventType: SetValue\r\nUtcTime: 2022-04-15 12:06:25.831\r\nProcessGuid: {2d351099-43cd-5f5f-0e00-000000000400}\r\nProcessId: 876\r\nImage: C:\\windows\\system32\\svchost.exe\r\nTargetObject: \\REGISTRY\\A\\{880a2083-1f4b-4b97-aa60-39a324efa5ef}\\Events\\{0a5eda93-c7e2-4793-abfa-53915f1d1e3a}\\Flags\r\nDetails: DWORD (0x00000604)"",""port"":60427,""UserID"":""S-1-5-18"",""UtcTime"":""2022-04-15 12:06:25.831"",""timestamp"":""2022-04-15T12:06:28.729Z"",""ThreadID"":4688,""Severity"":""INFO"",""EventTypeOrignal"":""INFO"",""EventType"":""SetValue"",""Channel"":""Microsoft-Windows-Sysmon/Operational"",""TargetObject"":""\\REGISTRY\\A\\{880a2083-1f4b-4b97-aa60-39a324efa5ef}\\Events\\{0a5eda93-c7e2-4793-abfa-53915f1d1e3a}\\Flags"",""Details"":""DWORD (0x00000604)"",""Opcode"":""Info"",""EventReceivedTime"":""2022-04-15 08:06:28"",""@version"":""1"",""Task"":13,""SourceModuleType"":""im_msvistalog"",""RuleName"":""-"",""Hostname"":""James.browne"",""Keywords"":-9223372036854775808,""Version"":2,""ProcessGuid"":""{2d351099-43cd-5f5f-0e00-000000000400}""}",2022-04-15T08:06:22.000+0000,8,15,6,april,22,friday,2022,local,,SetValue,cybertees.net,cyber-host,windowslogs,1,60427,"{"""":"":\\\\\\."","""":"""","""":,"""":[""""],"""":,"""":""{----}"",""",Event_logs.json,_json,ip-10-10-40-195,,splunk,,2022-04-15T12:06:28.729Z,
1,,,,SYSTEM,User,,,,,,Registry object added or deleted (rule: RegistryEvent),Microsoft-Windows-Sysmon/Operational,,,,,,,,,,,,,,,,,,NT AUTHORITY,,,,,12,,2022-04-15 8:06:28,2022-04-15 8:06:27,INFO,3652,,,,,,,Salena.Adam,C:\windows\system32\svchost.exe,,,,,,,,,-9223372036854775808,,,,,,,,,"Registry object added or deleted:
RuleName: -
EventType: CreateKey
UtcTime: 2022-04-15 12:06:27.692
ProcessGuid: {ef3dcf22-42ae-5f5f-2100-000000000300}
ProcessId: 1524
Image: C:\windows\system32\svchost.exe
TargetObject: HKLM\SOFTWARE\Microsoft\Windows\CurrentVersion\Group Policy\DataStore\Machine",,,,,,,,Info,0,,,,,,,,,,{ef3dcf22-42ae-5f5f-2100-000000000300},1524,,,,{5770385F-C22A-43E0-BF4C-06F5698FFBD9},,,,239012,,,,,,,-,,INFO,2,,,,,,,,,,,,eventlog,im_msvistalog,Microsoft-Windows-Sysmon,,,,,,,,,,,,,,,,,HKLM\SOFTWARE\Microsoft\Windows\CurrentVersion\Group Policy\DataStore\Machine,,,,,,,12,,,,4104,,,,,S-1-5-18,2022-04-15 12:06:28,2,,,"{""Image"":""C:\\windows\\system32\\svchost.exe"",""ProcessId"":""1524"",""EventID"":12,""tags"":[""splunk""],""RecordNumber"":239012,""ProviderGuid"":""{5770385F-C22A-43E0-BF4C-06F5698FFBD9}"",""SourceName"":""Microsoft-Windows-Sysmon"",""OpcodeValue"":0,""EventTime"":""2022-04-15 08:06:27"",""AccountName"":""SYSTEM"",""host"":""cybertees.net"",""SeverityValue"":2,""ExecutionProcessID"":3652,""AccountType"":""User"",""Category"":""Registry object added or deleted (rule: RegistryEvent)"",""SourceModuleName"":""eventlog"",""Domain"":""NT AUTHORITY"",""Message"":""Registry object added or deleted:\r\nRuleName: -\r\nEventType: CreateKey\r\nUtcTime: 2022-04-15 12:06:27.692\r\nProcessGuid: {ef3dcf22-42ae-5f5f-2100-000000000300}\r\nProcessId: 1524\r\nImage: C:\\windows\\system32\\svchost.exe\r\nTargetObject: HKLM\\SOFTWARE\\Microsoft\\Windows\\CurrentVersion\\Group Policy\\DataStore\\Machine"",""port"":60427,""UserID"":""S-1-5-18"",""UtcTime"":""2022-04-15 12:06:27.692"",""timestamp"":""2022-04-15T12:06:28.729Z"",""ThreadID"":4104,""Severity"":""INFO"",""EventTypeOrignal"":""INFO"",""EventType"":""CreateKey"",""Channel"":""Microsoft-Windows-Sysmon/Operational"",""TargetObject"":""HKLM\\SOFTWARE\\Microsoft\\Windows\\CurrentVersion\\Group Policy\\DataStore\\Machine"",""Opcode"":""Info"",""EventReceivedTime"":""2022-04-15 08:06:28"",""@version"":""1"",""Task"":12,""SourceModuleType"":""im_msvistalog"",""RuleName"":""-"",""Hostname"":""Salena.Adam"",""Keywords"":-9223372036854775808,""Version"":2,""ProcessGuid"":""{ef3dcf22-42ae-5f5f-2100-000000000300}""}",2022-04-15T08:06:22.000+0000,8,15,6,april,22,friday,2022,local,,CreateKey,cybertees.net,cyber-host,windowslogs,1,60427,"{"""":"":\\\\\\."","""":"""","""":,"""":[""""],"""":,"""":""{----}"",""",Event_logs.json,_json,ip-10-10-40-195,,splunk,,2022-04-15T12:06:28.729Z,
1,,,,SYSTEM,User,,,,,,Registry value set (rule: RegistryEvent),Microsoft-Windows-Sysmon/Operational,,,,,,,,,,,,,,Binary Data,,,,NT AUTHORITY,,,,,13,,2022-04-15 8:06:28,2022-04-15 8:06:25,INFO,3524,,,,,,,James.browne,C:\windows\system32\svchost.exe,,,,,,,,,-9223372036854775808,,,,,,,,,"Registry value set:
RuleName: -
EventType: SetValue
UtcTime: 2022-04-15 12:06:25.831
ProcessGuid: {2d351099-43cd-5f5f-0e00-000000000400}
ProcessId: 876
Image: C:\windows\system32\svchost.exe
TargetObject: \REGISTRY\A\{880a2083-1f4b-4b97-aa60-39a324efa5ef}\Events\{0a5eda93-c7e2-4793-abfa-53915f1d1e3a}\EventParameters
Details: Binary Data",,,,,,,,Info,0,,,,,,,,,,{2d351099-43cd-5f5f-0e00-000000000400},876,,,,{5770385F-C22A-43E0-BF4C-06F5698FFBD9},,,,425918,,,,,,,-,,INFO,2,,,,,,,,,,,,eventlog,im_msvistalog,Microsoft-Windows-Sysmon,,,,,,,,,,,,,,,,,\REGISTRY\A\{880a2083-1f4b-4b97-aa60-39a324efa5ef}\Events\{0a5eda93-c7e2-4793-abfa-53915f1d1e3a}\EventParameters,,,,,,,13,,,,4688,,,,,S-1-5-18,2022-04-15 12:06:26,2,,,"{""Image"":""C:\\windows\\system32\\svchost.exe"",""ProcessId"":""876"",""EventID"":13,""tags"":[""splunk""],""RecordNumber"":425918,""ProviderGuid"":""{5770385F-C22A-43E0-BF4C-06F5698FFBD9}"",""SourceName"":""Microsoft-Windows-Sysmon"",""OpcodeValue"":0,""EventTime"":""2022-04-15 08:06:25"",""AccountName"":""SYSTEM"",""host"":""cybertees.net"",""SeverityValue"":2,""ExecutionProcessID"":3524,""AccountType"":""User"",""Category"":""Registry value set (rule: RegistryEvent)"",""SourceModuleName"":""eventlog"",""Domain"":""NT AUTHORITY"",""Message"":""Registry value set:\r\nRuleName: -\r\nEventType: SetValue\r\nUtcTime: 2022-04-15 12:06:25.831\r\nProcessGuid: {2d351099-43cd-5f5f-0e00-000000000400}\r\nProcessId: 876\r\nImage: C:\\windows\\system32\\svchost.exe\r\nTargetObject: \\REGISTRY\\A\\{880a2083-1f4b-4b97-aa60-39a324efa5ef}\\Events\\{0a5eda93-c7e2-4793-abfa-53915f1d1e3a}\\EventParameters\r\nDetails: Binary Data"",""port"":60427,""UserID"":""S-1-5-18"",""UtcTime"":""2022-04-15 12:06:25.831"",""timestamp"":""2022-04-15T12:06:28.728Z"",""ThreadID"":4688,""Severity"":""INFO"",""EventTypeOrignal"":""INFO"",""EventType"":""SetValue"",""Channel"":""Microsoft-Windows-Sysmon/Operational"",""TargetObject"":""\\REGISTRY\\A\\{880a2083-1f4b-4b97-aa60-39a324efa5ef}\\Events\\{0a5eda93-c7e2-4793-abfa-53915f1d1e3a}\\EventParameters"",""Details"":""Binary Data"",""Opcode"":""Info"",""EventReceivedTime"":""2022-04-15 08:06:28"",""@version"":""1"",""Task"":13,""SourceModuleType"":""im_msvistalog"",""RuleName"":""-"",""Hostname"":""James.browne"",""Keywords"":-9223372036854775808,""Version"":2,""ProcessGuid"":""{2d351099-43cd-5f5f-0e00-000000000400}""}",2022-04-15T08:06:22.000+0000,8,15,6,april,22,friday,2022,local,,SetValue,cybertees.net,cyber-host,windowslogs,1,60427,"{"""":"":\\\\\\."","""":"""","""":,"""":[""""],"""":,"""":""{----}"",""",Event_logs.json,_json,ip-10-10-40-195,,splunk,,2022-04-15T12:06:28.728Z,
1,,,,SYSTEM,User,,,,,,Registry object added or deleted (rule: RegistryEvent),Microsoft-Windows-Sysmon/Operational,,,,,,,,,,,,,,,,,,NT AUTHORITY,,,,,12,,2022-04-15 8:06:28,2022-04-15 8:06:27,INFO,3652,,,,,,,Salena.Adam,C:\windows\system32\svchost.exe,,,,,,,,,-9223372036854775808,,,,,,,,,"Registry object added or deleted:
RuleName: -
EventType: CreateKey
UtcTime: 2022-04-15 12:06:27.692
ProcessGuid: {ef3dcf22-42ae-5f5f-2100-000000000300}
ProcessId: 1524
Image: C:\windows\system32\svchost.exe
TargetObject: HKLM\SOFTWARE\Microsoft\Windows\CurrentVersion\Group Policy\DataStore\Machine",,,,,,,,Info,0,,,,,,,,,,{ef3dcf22-42ae-5f5f-2100-000000000300},1524,,,,{5770385F-C22A-43E0-BF4C-06F5698FFBD9},,,,239011,,,,,,,-,,INFO,2,,,,,,,,,,,,eventlog,im_msvistalog,Microsoft-Windows-Sysmon,,,,,,,,,,,,,,,,,HKLM\SOFTWARE\Microsoft\Windows\CurrentVersion\Group Policy\DataStore\Machine,,,,,,,12,,,,4104,,,,,S-1-5-18,2022-04-15 12:06:28,2,,,"{""Image"":""C:\\windows\\system32\\svchost.exe"",""ProcessId"":""1524"",""EventID"":12,""tags"":[""splunk""],""RecordNumber"":239011,""ProviderGuid"":""{5770385F-C22A-43E0-BF4C-06F5698FFBD9}"",""SourceName"":""Microsoft-Windows-Sysmon"",""OpcodeValue"":0,""EventTime"":""2022-04-15 08:06:27"",""AccountName"":""SYSTEM"",""host"":""cybertees.net"",""SeverityValue"":2,""ExecutionProcessID"":3652,""AccountType"":""User"",""Category"":""Registry object added or deleted (rule: RegistryEvent)"",""SourceModuleName"":""eventlog"",""Domain"":""NT AUTHORITY"",""Message"":""Registry object added or deleted:\r\nRuleName: -\r\nEventType: CreateKey\r\nUtcTime: 2022-04-15 12:06:27.692\r\nProcessGuid: {ef3dcf22-42ae-5f5f-2100-000000000300}\r\nProcessId: 1524\r\nImage: C:\\windows\\system32\\svchost.exe\r\nTargetObject: HKLM\\SOFTWARE\\Microsoft\\Windows\\CurrentVersion\\Group Policy\\DataStore\\Machine"",""port"":60427,""UserID"":""S-1-5-18"",""UtcTime"":""2022-04-15 12:06:27.692"",""timestamp"":""2022-04-15T12:06:28.728Z"",""ThreadID"":4104,""Severity"":""INFO"",""EventTypeOrignal"":""INFO"",""EventType"":""CreateKey"",""Channel"":""Microsoft-Windows-Sysmon/Operational"",""TargetObject"":""HKLM\\SOFTWARE\\Microsoft\\Windows\\CurrentVersion\\Group Policy\\DataStore\\Machine"",""Opcode"":""Info"",""EventReceivedTime"":""2022-04-15 08:06:28"",""@version"":""1"",""Task"":12,""SourceModuleType"":""im_msvistalog"",""RuleName"":""-"",""Hostname"":""Salena.Adam"",""Keywords"":-9223372036854775808,""Version"":2,""ProcessGuid"":""{ef3dcf22-42ae-5f5f-2100-000000000300}""}",2022-04-15T08:06:22.000+0000,8,15,6,april,22,friday,2022,local,,CreateKey,cybertees.net,cyber-host,windowslogs,1,60427,"{"""":"":\\\\\\."","""":"""","""":,"""":[""""],"""":,"""":""{----}"",""",Event_logs.json,_json,ip-10-10-40-195,,splunk,,2022-04-15T12:06:28.728Z,
