1,,,,SYSTEM,User,,,,,,Registry value set (rule: RegistryEvent),Microsoft-Windows-Sysmon/Operational,,,,,,,,,,,,,,C:\Users\Alberto\AppData\Local\Packages\microsoft.windows.contentdeliverymanager_cw5n1h2txyewy\AC\INetHistory\BackgroundTransferApiGroup,,,,NT AUTHORITY,,,,,13,,2022-04-15 8:06:27,2022-04-15 8:06:25,INFO,3524,,,,,,,James.browne,C:\windows\system32\taskhostw.exe,,,,,,,,,-9223372036854775808,,,,,,,,,"Registry value set:
RuleName: -
EventType: SetValue
UtcTime: 2022-04-15 12:06:25.691
ProcessGuid: {2d351099-5588-5f5f-3903-000000000400}
ProcessId: 8136
Image: C:\windows\system32\taskhostw.exe
TargetObject: HKU\S-1-5-21-4020993649-1037605423-417876593-500_Classes\Local Settings\Software\Microsoft\Windows\CurrentVersion\AppContainer\Storage\microsoft.windows.contentdeliverymanager_cw5n1h2txyewy\Internet Settings\Cache\Extensible Cache\BackgroundTransferApiGroup\CachePath
Details: C:\Users\Alberto\AppData\Local\Packages\microsoft.windows.contentdeliverymanager_cw5n1h2txyewy\AC\INetHistory\BackgroundTransferApiGroup",,,,,,,,Info,0,,,,,,,,,,{2d351099-5588-5f5f-3903-000000000400},8136,,,,{5770385F-C22A-43E0-BF4C-06F5698FFBD9},,,,425649,,,,,,,-,,INFO,2,,,,,,,,,,,,eventlog,im_msvistalog,Microsoft-Windows-Sysmon,,,,,,,,,,,,,,,,,HKU\S-1-5-21-4020993649-1037605423-417876593-500_Classes\Local Settings\Software\Microsoft\Windows\CurrentVersion\AppContainer\Storage\microsoft.windows.contentdeliverymanager_cw5n1h2txyewy\Internet Settings\Cache\Extensible Cache\BackgroundTransferApiGroup\CachePath,,,,,,,13,,,,4688,,,,,S-1-5-18,2022-04-15 12:06:26,2,,,"{""Image"":""C:\\windows\\system32\\taskhostw.exe"",""ProcessId"":""8136"",""EventID"":13,""tags"":[""splunk""],""RecordNumber"":425649,""ProviderGuid"":""{5770385F-C22A-43E0-BF4C-06F5698FFBD9}"",""SourceName"":""Microsoft-Windows-Sysmon"",""OpcodeValue"":0,""EventTime"":""2022-04-15 08:06:25"",""AccountName"":""SYSTEM"",""host"":""cybertees.net"",""SeverityValue"":2,""ExecutionProcessID"":3524,""AccountType"":""User"",""Category"":""Registry value set (rule: RegistryEvent)"",""SourceModuleName"":""eventlog"",""Domain"":""NT AUTHORITY"",""Message"":""Registry value set:\r\nRuleName: -\r\nEventType: SetValue\r\nUtcTime: 2022-04-15 12:06:25.691\r\nProcessGuid: {2d351099-5588-5f5f-3903-000000000400}\r\nProcessId: 8136\r\nImage: C:\\windows\\system32\\taskhostw.exe\r\nTargetObject: HKU\\S-1-5-21-4020993649-1037605423-417876593-500_Classes\\Local Settings\\Software\\Microsoft\\Windows\\CurrentVersion\\AppContainer\\Storage\\microsoft.windows.contentdeliverymanager_cw5n1h2txyewy\\Internet Settings\\Cache\\Extensible Cache\\BackgroundTransferApiGroup\\CachePath\r\nDetails: C:\\Users\\Alberto\\AppData\\Local\\Packages\\microsoft.windows.contentdeliverymanager_cw5n1h2txyewy\\AC\\INetHistory\\BackgroundTransferApiGroup"",""port"":60427,""UserID"":""S-1-5-18"",""UtcTime"":""2022-04-15 12:06:25.691"",""timestamp"":""2022-04-15T12:06:27.569Z"",""ThreadID"":4688,""Severity"":""INFO"",""EventTypeOrignal"":""INFO"",""EventType"":""SetValue"",""Channel"":""Microsoft-Windows-Sysmon/Operational"",""TargetObject"":""HKU\\S-1-5-21-4020993649-1037605423-417876593-500_Classes\\Local Settings\\Software\\Microsoft\\Windows\\CurrentVersion\\AppContainer\\Storage\\microsoft.windows.contentdeliverymanager_cw5n1h2txyewy\\Internet Settings\\Cache\\Extensible Cache\\BackgroundTransferApiGroup\\CachePath"",""Details"":""C:\\Users\\Alberto\\AppData\\Local\\Packages\\microsoft.windows.contentdeliverymanager_cw5n1h2txyewy\\AC\\INetHistory\\BackgroundTransferApiGroup"",""Opcode"":""Info"",""EventReceivedTime"":""2022-04-15 08:06:27"",""@version"":""1"",""Task"":13,""SourceModuleType"":""im_msvistalog"",""RuleName"":""-"",""Hostname"":""James.browne"",""Keywords"":-9223372036854775808,""Version"":2,""ProcessGuid"":""{2d351099-5588-5f5f-3903-000000000400}""}",2022-04-15T08:06:22.000+0000,8,15,6,april,22,friday,2022,local,,SetValue,cybertees.net,cyber-host,windowslogs,1,60427,"{"""":"":\\\\\\."","""":"""","""":,"""":[""""],"""":,"""":""{----}"",""",Event_logs.json,_json,ip-10-10-40-195,,splunk,,2022-04-15T12:06:27.569Z,
1,,,,SYSTEM,User,,,,,,Registry value set (rule: RegistryEvent),Microsoft-Windows-Sysmon/Operational,,,,,,,,,,,,,,:BackgroundTransferApiGroup:,,,,NT AUTHORITY,,,,,13,,2022-04-15 8:06:27,2022-04-15 8:06:25,INFO,3524,,,,,,,James.browne,C:\windows\system32\taskhostw.exe,,,,,,,,,-9223372036854775808,,,,,,,,,"Registry value set:
RuleName: -
EventType: SetValue
UtcTime: 2022-04-15 12:06:25.691
ProcessGuid: {2d351099-5588-5f5f-3903-000000000400}
ProcessId: 8136
Image: C:\windows\system32\taskhostw.exe
TargetObject: HKU\S-1-5-21-4020993649-1037605423-417876593-500_Classes\Local Settings\Software\Microsoft\Windows\CurrentVersion\AppContainer\Storage\microsoft.windows.contentdeliverymanager_cw5n1h2txyewy\Internet Settings\Cache\Extensible Cache\BackgroundTransferApiGroup\CachePrefix
Details: :BackgroundTransferApiGroup:",,,,,,,,Info,0,,,,,,,,,,{2d351099-5588-5f5f-3903-000000000400},8136,,,,{5770385F-C22A-43E0-BF4C-06F5698FFBD9},,,,425648,,,,,,,-,,INFO,2,,,,,,,,,,,,eventlog,im_msvistalog,Microsoft-Windows-Sysmon,,,,,,,,,,,,,,,,,HKU\S-1-5-21-4020993649-1037605423-417876593-500_Classes\Local Settings\Software\Microsoft\Windows\CurrentVersion\AppContainer\Storage\microsoft.windows.contentdeliverymanager_cw5n1h2txyewy\Internet Settings\Cache\Extensible Cache\BackgroundTransferApiGroup\CachePrefix,,,,,,,13,,,,4688,,,,,S-1-5-18,2022-04-15 12:06:26,2,,,"{""Image"":""C:\\windows\\system32\\taskhostw.exe"",""ProcessId"":""8136"",""EventID"":13,""tags"":[""splunk""],""RecordNumber"":425648,""ProviderGuid"":""{5770385F-C22A-43E0-BF4C-06F5698FFBD9}"",""SourceName"":""Microsoft-Windows-Sysmon"",""OpcodeValue"":0,""EventTime"":""2022-04-15 08:06:25"",""AccountName"":""SYSTEM"",""host"":""cybertees.net"",""SeverityValue"":2,""ExecutionProcessID"":3524,""AccountType"":""User"",""Category"":""Registry value set (rule: RegistryEvent)"",""SourceModuleName"":""eventlog"",""Domain"":""NT AUTHORITY"",""Message"":""Registry value set:\r\nRuleName: -\r\nEventType: SetValue\r\nUtcTime: 2022-04-15 12:06:25.691\r\nProcessGuid: {2d351099-5588-5f5f-3903-000000000400}\r\nProcessId: 8136\r\nImage: C:\\windows\\system32\\taskhostw.exe\r\nTargetObject: HKU\\S-1-5-21-4020993649-1037605423-417876593-500_Classes\\Local Settings\\Software\\Microsoft\\Windows\\CurrentVersion\\AppContainer\\Storage\\microsoft.windows.contentdeliverymanager_cw5n1h2txyewy\\Internet Settings\\Cache\\Extensible Cache\\BackgroundTransferApiGroup\\CachePrefix\r\nDetails: :BackgroundTransferApiGroup:"",""port"":60427,""UserID"":""S-1-5-18"",""UtcTime"":""2022-04-15 12:06:25.691"",""timestamp"":""2022-04-15T12:06:27.569Z"",""ThreadID"":4688,""Severity"":""INFO"",""EventTypeOrignal"":""INFO"",""EventType"":""SetValue"",""Channel"":""Microsoft-Windows-Sysmon/Operational"",""TargetObject"":""HKU\\S-1-5-21-4020993649-1037605423-417876593-500_Classes\\Local Settings\\Software\\Microsoft\\Windows\\CurrentVersion\\AppContainer\\Storage\\microsoft.windows.contentdeliverymanager_cw5n1h2txyewy\\Internet Settings\\Cache\\Extensible Cache\\BackgroundTransferApiGroup\\CachePrefix"",""Details"":"":BackgroundTransferApiGroup:"",""Opcode"":""Info"",""EventReceivedTime"":""2022-04-15 08:06:27"",""@version"":""1"",""Task"":13,""SourceModuleType"":""im_msvistalog"",""RuleName"":""-"",""Hostname"":""James.browne"",""Keywords"":-9223372036854775808,""Version"":2,""ProcessGuid"":""{2d351099-5588-5f5f-3903-000000000400}""}",2022-04-15T08:06:22.000+0000,8,15,6,april,22,friday,2022,local,,SetValue,cybertees.net,cyber-host,windowslogs,1,60427,"{"""":"":\\\\\\."","""":"""","""":,"""":[""""],"""":,"""":""{----}"",""",Event_logs.json,_json,ip-10-10-40-195,,splunk,,2022-04-15T12:06:27.569Z,
1,,,,SYSTEM,User,,,,,,Registry object added or deleted (rule: RegistryEvent),Microsoft-Windows-Sysmon/Operational,,,,,,,,,,,,,,,,,,NT AUTHORITY,,,,,12,,2022-04-15 8:06:27,2022-04-15 8:06:25,INFO,3524,,,,,,,James.browne,C:\windows\system32\taskhostw.exe,,,,,,,,,-9223372036854775808,,,,,,,,,"Registry object added or deleted:
RuleName: -
EventType: CreateKey
UtcTime: 2022-04-15 12:06:25.691
ProcessGuid: {2d351099-5588-5f5f-3903-000000000400}
ProcessId: 8136
Image: C:\windows\system32\taskhostw.exe
TargetObject: HKU\S-1-5-21-4020993649-1037605423-417876593-500_Classes\Local Settings\Software\Microsoft\Windows\CurrentVersion\AppContainer\Storage\microsoft.windows.contentdeliverymanager_cw5n1h2txyewy\Internet Settings\Cache\Extensible Cache\BackgroundTransferApiGroup",,,,,,,,Info,0,,,,,,,,,,{2d351099-5588-5f5f-3903-000000000400},8136,,,,{5770385F-C22A-43E0-BF4C-06F5698FFBD9},,,,425647,,,,,,,-,,INFO,2,,,,,,,,,,,,eventlog,im_msvistalog,Microsoft-Windows-Sysmon,,,,,,,,,,,,,,,,,HKU\S-1-5-21-4020993649-1037605423-417876593-500_Classes\Local Settings\Software\Microsoft\Windows\CurrentVersion\AppContainer\Storage\microsoft.windows.contentdeliverymanager_cw5n1h2txyewy\Internet Settings\Cache\Extensible Cache\BackgroundTransferApiGroup,,,,,,,12,,,,4688,,,,,S-1-5-18,2022-04-15 12:06:26,2,,,"{""Image"":""C:\\windows\\system32\\taskhostw.exe"",""ProcessId"":""8136"",""EventID"":12,""tags"":[""splunk""],""RecordNumber"":425647,""ProviderGuid"":""{5770385F-C22A-43E0-BF4C-06F5698FFBD9}"",""SourceName"":""Microsoft-Windows-Sysmon"",""OpcodeValue"":0,""EventTime"":""2022-04-15 08:06:25"",""AccountName"":""SYSTEM"",""host"":""cybertees.net"",""SeverityValue"":2,""ExecutionProcessID"":3524,""AccountType"":""User"",""Category"":""Registry object added or deleted (rule: RegistryEvent)"",""SourceModuleName"":""eventlog"",""Domain"":""NT AUTHORITY"",""Message"":""Registry object added or deleted:\r\nRuleName: -\r\nEventType: CreateKey\r\nUtcTime: 2022-04-15 12:06:25.691\r\nProcessGuid: {2d351099-5588-5f5f-3903-000000000400}\r\nProcessId: 8136\r\nImage: C:\\windows\\system32\\taskhostw.exe\r\nTargetObject: HKU\\S-1-5-21-4020993649-1037605423-417876593-500_Classes\\Local Settings\\Software\\Microsoft\\Windows\\CurrentVersion\\AppContainer\\Storage\\microsoft.windows.contentdeliverymanager_cw5n1h2txyewy\\Internet Settings\\Cache\\Extensible Cache\\BackgroundTransferApiGroup"",""port"":60427,""UserID"":""S-1-5-18"",""UtcTime"":""2022-04-15 12:06:25.691"",""timestamp"":""2022-04-15T12:06:27.569Z"",""ThreadID"":4688,""Severity"":""INFO"",""EventTypeOrignal"":""INFO"",""EventType"":""CreateKey"",""Channel"":""Microsoft-Windows-Sysmon/Operational"",""TargetObject"":""HKU\\S-1-5-21-4020993649-1037605423-417876593-500_Classes\\Local Settings\\Software\\Microsoft\\Windows\\CurrentVersion\\AppContainer\\Storage\\microsoft.windows.contentdeliverymanager_cw5n1h2txyewy\\Internet Settings\\Cache\\Extensible Cache\\BackgroundTransferApiGroup"",""Opcode"":""Info"",""EventReceivedTime"":""2022-04-15 08:06:27"",""@version"":""1"",""Task"":12,""SourceModuleType"":""im_msvistalog"",""RuleName"":""-"",""Hostname"":""James.browne"",""Keywords"":-9223372036854775808,""Version"":2,""ProcessGuid"":""{2d351099-5588-5f5f-3903-000000000400}""}",2022-04-15T08:06:22.000+0000,8,15,6,april,22,friday,2022,local,,CreateKey,cybertees.net,cyber-host,windowslogs,1,60427,"{"""":"":\\\\\\."","""":"""","""":,"""":[""""],"""":,"""":""{----}"",""",Event_logs.json,_json,ip-10-10-40-195,,splunk,,2022-04-15T12:06:27.569Z,
1,,,,SYSTEM,User,,,,,,File created (rule: FileCreate),Microsoft-Windows-Sysmon/Operational,,,,2022-04-15 12:06:26,,,,,,,,,,,,,,NT AUTHORITY,,,,,11,,2022-04-15 8:06:27,2022-04-15 8:06:25,,3524,,,,,,,James.browne,C:\windows\system32\taskhostw.exe,,,,,,,,,-9223372036854775808,,,,,,,,,"File created:
RuleName: -
UtcTime: 2022-04-15 12:06:25.691
ProcessGuid: {2d351099-5588-5f5f-3903-000000000400}
ProcessId: 8136
Image: C:\windows\system32\taskhostw.exe
TargetFilename: C:\Users\Alberto\AppData\Local\Packages\Microsoft.Windows.ContentDeliveryManager_cw5n1h2txyewy\AC\INetHistory\BackgroundTransferApiGroup
CreationUtcTime: 2022-04-15 12:06:25.691",,,,,,,,Info,0,,,,,,,,,,{2d351099-5588-5f5f-3903-000000000400},8136,,,,{5770385F-C22A-43E0-BF4C-06F5698FFBD9},,,,425646,,,,,,,-,,INFO,2,,,,,,,,,,,,eventlog,im_msvistalog,Microsoft-Windows-Sysmon,,,,,,,,,,,,C:\Users\Alberto\AppData\Local\Packages\Microsoft.Windows.ContentDeliveryManager_cw5n1h2txyewy\AC\INetHistory\BackgroundTransferApiGroup,,,,,,,,,,,,11,,,,4688,,,,,S-1-5-18,2022-04-15 12:06:26,2,,,"{""Image"":""C:\\windows\\system32\\taskhostw.exe"",""ProcessId"":""8136"",""EventID"":11,""tags"":[""splunk""],""RecordNumber"":425646,""ProviderGuid"":""{5770385F-C22A-43E0-BF4C-06F5698FFBD9}"",""SourceName"":""Microsoft-Windows-Sysmon"",""OpcodeValue"":0,""EventTime"":""2022-04-15 08:06:25"",""AccountName"":""SYSTEM"",""host"":""cybertees.net"",""SeverityValue"":2,""ExecutionProcessID"":3524,""AccountType"":""User"",""Category"":""File created (rule: FileCreate)"",""SourceModuleName"":""eventlog"",""Domain"":""NT AUTHORITY"",""Message"":""File created:\r\nRuleName: -\r\nUtcTime: 2022-04-15 12:06:25.691\r\nProcessGuid: {2d351099-5588-5f5f-3903-000000000400}\r\nProcessId: 8136\r\nImage: C:\\windows\\system32\\taskhostw.exe\r\nTargetFilename: C:\\Users\\Alberto\\AppData\\Local\\Packages\\Microsoft.Windows.ContentDeliveryManager_cw5n1h2txyewy\\AC\\INetHistory\\BackgroundTransferApiGroup\r\nCreationUtcTime: 2022-04-15 12:06:25.691"",""port"":60427,""UserID"":""S-1-5-18"",""UtcTime"":""2022-04-15 12:06:25.691"",""timestamp"":""2022-04-15T12:06:27.569Z"",""ThreadID"":4688,""TargetFilename"":""C:\\Users\\Alberto\\AppData\\Local\\Packages\\Microsoft.Windows.ContentDeliveryManager_cw5n1h2txyewy\\AC\\INetHistory\\BackgroundTransferApiGroup"",""Severity"":""INFO"",""EventType"":""INFO"",""Channel"":""Microsoft-Windows-Sysmon/Operational"",""Opcode"":""Info"",""EventReceivedTime"":""2022-04-15 08:06:27"",""@version"":""1"",""Task"":11,""SourceModuleType"":""im_msvistalog"",""RuleName"":""-"",""CreationUtcTime"":""2022-04-15 12:06:25.691"",""Hostname"":""James.browne"",""Keywords"":-9223372036854775808,""Version"":2,""ProcessGuid"":""{2d351099-5588-5f5f-3903-000000000400}""}",2022-04-15T08:06:22.000+0000,8,15,6,april,22,friday,2022,local,,INFO,cybertees.net,cyber-host,windowslogs,1,60427,"{"""":"":\\\\\\."","""":"""","""":,"""":[""""],"""":,"""":""{----}"",""",Event_logs.json,_json,ip-10-10-40-195,,splunk,,2022-04-15T12:06:27.569Z,
1,,,,SYSTEM,User,,,,,,Image loaded (rule: ImageLoad),Microsoft-Windows-Sysmon/Operational,,Microsoft Corporation,,,,system Events Broker Client Library,,,,,,,,,,,,NT AUTHORITY,,,,,7,,2022-04-15 8:06:27,2022-04-15 8:06:25,,3524,10.0.18362.959 (WinBuild.160101.0800),,,,,"SHA1=EEB43A05D91FF77D6DF63EF9C85F7664FFFD0138,MD5=867FC3D6667B24CF320AA08A02375DCC,SHA256=F9042686BD2189E1D1A456A6B1B7539394DE8BE6FA2D7C7D59DFC0646D7BAA53,IMPHASH=A8252B2A8223DC657DD3D71367ED56F4",James.browne,C:\Windows\System32\backgroundTaskHost.exe,C:\Windows\System32\SystemEventsBrokerClient.dll,,,,,,,,-9223372036854775808,,,,,,,,,"Image loaded:
RuleName: -
UtcTime: 2022-04-15 12:06:25.691
ProcessGuid: {2d351099-5cc0-5f5f-3904-000000000400}
ProcessId: 5200
Image: C:\Windows\System32\backgroundTaskHost.exe
ImageLoaded: C:\Windows\System32\SystemEventsBrokerClient.dll
FileVersion: 10.0.18362.959 (WinBuild.160101.0800)
Description: system Events Broker Client Library
Product: Microsoft® Windows® Operating System
Company: Microsoft Corporation
OriginalFileName: SystemEventsBrokerClient.dll
Hashes: SHA1=EEB43A05D91FF77D6DF63EF9C85F7664FFFD0138,MD5=867FC3D6667B24CF320AA08A02375DCC,SHA256=F9042686BD2189E1D1A456A6B1B7539394DE8BE6FA2D7C7D59DFC0646D7BAA53,IMPHASH=A8252B2A8223DC657DD3D71367ED56F4
Signed: true
Signature: Microsoft Windows
SignatureStatus: Valid",,,,,,,,Info,0,SystemEventsBrokerClient.dll,,,,,,,,,{2d351099-5cc0-5f5f-3904-000000000400},5200,,Microsoft® Windows® Operating System,,{5770385F-C22A-43E0-BF4C-06F5698FFBD9},,,,425645,,,,,,,-,,INFO,2,,,Microsoft Windows,Valid,TRUE,,,,,,,eventlog,im_msvistalog,Microsoft-Windows-Sysmon,,,,,,,,,,,,,,,,,,,,,,,,7,,,,4700,,,,,S-1-5-18,2022-04-15 12:06:26,3,,,"{""EventID"":7,""RecordNumber"":425645,""ProviderGuid"":""{5770385F-C22A-43E0-BF4C-06F5698FFBD9}"",""SourceName"":""Microsoft-Windows-Sysmon"",""OpcodeValue"":0,""AccountName"":""SYSTEM"",""SignatureStatus"":""Valid"",""SourceModuleName"":""eventlog"",""ExecutionProcessID"":3524,""AccountType"":""User"",""Category"":""Image loaded (rule: ImageLoad)"",""Domain"":""NT AUTHORITY"",""port"":60427,""Company"":""Microsoft Corporation"",""ThreadID"":4700,""Severity"":""INFO"",""EventType"":""INFO"",""Signed"":""true"",""Channel"":""Microsoft-Windows-Sysmon/Operational"",""Opcode"":""Info"",""EventReceivedTime"":""2022-04-15 08:06:27"",""ImageLoaded"":""C:\\Windows\\System32\\SystemEventsBrokerClient.dll"",""Task"":7,""RuleName"":""-"",""Keywords"":-9223372036854775808,""Version"":3,""ProcessId"":""5200"",""Image"":""C:\\Windows\\System32\\backgroundTaskHost.exe"",""Product"":""Microsoft® Windows® Operating System"",""tags"":[""splunk""],""EventTime"":""2022-04-15 08:06:25"",""host"":""cybertees.net"",""SeverityValue"":2,""Message"":""Image loaded:\r\nRuleName: -\r\nUtcTime: 2022-04-15 12:06:25.691\r\nProcessGuid: {2d351099-5cc0-5f5f-3904-000000000400}\r\nProcessId: 5200\r\nImage: C:\\Windows\\System32\\backgroundTaskHost.exe\r\nImageLoaded: C:\\Windows\\System32\\SystemEventsBrokerClient.dll\r\nFileVersion: 10.0.18362.959 (WinBuild.160101.0800)\r\nDescription: system Events Broker Client Library\r\nProduct: Microsoft® Windows® Operating System\r\nCompany: Microsoft Corporation\r\nOriginalFileName: SystemEventsBrokerClient.dll\r\nHashes: SHA1=EEB43A05D91FF77D6DF63EF9C85F7664FFFD0138,MD5=867FC3D6667B24CF320AA08A02375DCC,SHA256=F9042686BD2189E1D1A456A6B1B7539394DE8BE6FA2D7C7D59DFC0646D7BAA53,IMPHASH=A8252B2A8223DC657DD3D71367ED56F4\r\nSigned: true\r\nSignature: Microsoft Windows\r\nSignatureStatus: Valid"",""UtcTime"":""2022-04-15 12:06:25.691"",""UserID"":""S-1-5-18"",""FileVersion"":""10.0.18362.959 (WinBuild.160101.0800)"",""Description"":""system Events Broker Client Library"",""OriginalFileName"":""SystemEventsBrokerClient.dll"",""timestamp"":""2022-04-15T12:06:27.567Z"",""Hashes"":""SHA1=EEB43A05D91FF77D6DF63EF9C85F7664FFFD0138,MD5=867FC3D6667B24CF320AA08A02375DCC,SHA256=F9042686BD2189E1D1A456A6B1B7539394DE8BE6FA2D7C7D59DFC0646D7BAA53,IMPHASH=A8252B2A8223DC657DD3D71367ED56F4"",""Signature"":""Microsoft Windows"",""@version"":""1"",""SourceModuleType"":""im_msvistalog"",""Hostname"":""James.browne"",""ProcessGuid"":""{2d351099-5cc0-5f5f-3904-000000000400}""}",2022-04-15T08:06:22.000+0000,8,15,6,april,22,friday,2022,local,,INFO,cybertees.net,cyber-host,windowslogs,1,60427,"{"""":,"""":,"""":""{----}"","""":""--"","""":,"""":"""","""":"""","""":""""",Event_logs.json,_json,ip-10-10-40-195,,splunk,,2022-04-15T12:06:27.567Z,
1,,,,SYSTEM,User,,,,,C:\windows\SYSTEM32\ntdll.dll+9c534|C:\windows\SYSTEM32\psmserviceexthost.dll+222a3|C:\windows\SYSTEM32\psmserviceexthost.dll+1a172|C:\windows\SYSTEM32\psmserviceexthost.dll+19e3b|C:\windows\SYSTEM32\psmserviceexthost.dll+19318|C:\windows\SYSTEM32\ntdll.dll+3081d|C:\windows\SYSTEM32\ntdll.dll+345b4|C:\windows\System32\KERNEL32.DLL+17bd4|C:\windows\SYSTEM32\ntdll.dll+6ce51,Process accessed (rule: ProcessAccess),Microsoft-Windows-Sysmon/Operational,,,,,,,,,,,,,,,,,,NT AUTHORITY,,,,,10,,2022-04-15 8:06:27,2022-04-15 8:06:26,,3348,,,0x1000,,,,Micheal.Beaven,,,,,,,,,,-9223372036854775808,,,,,,,,,"Process accessed:
RuleName: -
UtcTime: 2022-04-15 12:06:26.164
SourceProcessGUID: {83d0c8c3-43cb-5f5f-1000-000000000400}
SourceProcessId: 900
SourceThreadId: 976
SourceImage: C:\windows\system32\svchost.exe
TargetProcessGUID: {83d0c8c3-4479-5f5f-5602-000000000400}
TargetProcessId: 1268
TargetImage: C:\windows\System32\svchost.exe
GrantedAccess: 0x1000
CallTrace: C:\windows\SYSTEM32\ntdll.dll+9c534|C:\windows\SYSTEM32\psmserviceexthost.dll+222a3|C:\windows\SYSTEM32\psmserviceexthost.dll+1a172|C:\windows\SYSTEM32\psmserviceexthost.dll+19e3b|C:\windows\SYSTEM32\psmserviceexthost.dll+19318|C:\windows\SYSTEM32\ntdll.dll+3081d|C:\windows\SYSTEM32\ntdll.dll+345b4|C:\windows\System32\KERNEL32.DLL+17bd4|C:\windows\SYSTEM32\ntdll.dll+6ce51",,,,,,,,Info,0,,,,,,,,,,,900,,,,{5770385F-C22A-43E0-BF4C-06F5698FFBD9},,,,183340,,,,,,,-,,INFO,2,,,,,,,,,C:\windows\system32\svchost.exe,,,eventlog,im_msvistalog,Microsoft-Windows-Sysmon,,,{83d0c8c3-43cb-5f5f-1000-000000000400},900,976,,,,,,,,,C:\windows\System32\svchost.exe,,,,,,{83d0c8c3-4479-5f5f-5602-000000000400},1268,,,10,,,,4532,,,,,S-1-5-18,2022-04-15 12:06:26,3,,,"{""EventID"":10,""RecordNumber"":183340,""ProviderGuid"":""{5770385F-C22A-43E0-BF4C-06F5698FFBD9}"",""SourceName"":""Microsoft-Windows-Sysmon"",""OpcodeValue"":0,""AccountName"":""SYSTEM"",""SourceImage"":""C:\\windows\\system32\\svchost.exe"",""SourceModuleName"":""eventlog"",""ExecutionProcessID"":3348,""AccountType"":""User"",""Category"":""Process accessed (rule: ProcessAccess)"",""SourceProcessId"":""900"",""Domain"":""NT AUTHORITY"",""port"":60427,""ThreadID"":4532,""Severity"":""INFO"",""EventType"":""INFO"",""Channel"":""Microsoft-Windows-Sysmon/Operational"",""Opcode"":""Info"",""EventReceivedTime"":""2022-04-15 08:06:27"",""Task"":10,""RuleName"":""-"",""Keywords"":-9223372036854775808,""Version"":3,""ProcessId"":""900"",""tags"":[""splunk""],""GrantedAccess"":""0x1000"",""SourceProcessGUID"":""{83d0c8c3-43cb-5f5f-1000-000000000400}"",""EventTime"":""2022-04-15 08:06:26"",""host"":""cybertees.net"",""SeverityValue"":2,""CallTrace"":""C:\\windows\\SYSTEM32\\ntdll.dll+9c534|C:\\windows\\SYSTEM32\\psmserviceexthost.dll+222a3|C:\\windows\\SYSTEM32\\psmserviceexthost.dll+1a172|C:\\windows\\SYSTEM32\\psmserviceexthost.dll+19e3b|C:\\windows\\SYSTEM32\\psmserviceexthost.dll+19318|C:\\windows\\SYSTEM32\\ntdll.dll+3081d|C:\\windows\\SYSTEM32\\ntdll.dll+345b4|C:\\windows\\System32\\KERNEL32.DLL+17bd4|C:\\windows\\SYSTEM32\\ntdll.dll+6ce51"",""Message"":""Process accessed:\r\nRuleName: -\r\nUtcTime: 2022-04-15 12:06:26.164\r\nSourceProcessGUID: {83d0c8c3-43cb-5f5f-1000-000000000400}\r\nSourceProcessId: 900\r\nSourceThreadId: 976\r\nSourceImage: C:\\windows\\system32\\svchost.exe\r\nTargetProcessGUID: {83d0c8c3-4479-5f5f-5602-000000000400}\r\nTargetProcessId: 1268\r\nTargetImage: C:\\windows\\System32\\svchost.exe\r\nGrantedAccess: 0x1000\r\nCallTrace: C:\\windows\\SYSTEM32\\ntdll.dll+9c534|C:\\windows\\SYSTEM32\\psmserviceexthost.dll+222a3|C:\\windows\\SYSTEM32\\psmserviceexthost.dll+1a172|C:\\windows\\SYSTEM32\\psmserviceexthost.dll+19e3b|C:\\windows\\SYSTEM32\\psmserviceexthost.dll+19318|C:\\windows\\SYSTEM32\\ntdll.dll+3081d|C:\\windows\\SYSTEM32\\ntdll.dll+345b4|C:\\windows\\System32\\KERNEL32.DLL+17bd4|C:\\windows\\SYSTEM32\\ntdll.dll+6ce51"",""UtcTime"":""2022-04-15 12:06:26.164"",""UserID"":""S-1-5-18"",""timestamp"":""2022-04-15T12:06:27.566Z"",""TargetProcessId"":""1268"",""SourceThreadId"":""976"",""@version"":""1"",""TargetProcessGUID"":""{83d0c8c3-4479-5f5f-5602-000000000400}"",""SourceModuleType"":""im_msvistalog"",""TargetImage"":""C:\\windows\\System32\\svchost.exe"",""Hostname"":""Micheal.Beaven""}",2022-04-15T08:06:22.000+0000,8,15,6,april,22,friday,2022,local,,INFO,cybertees.net,cyber-host,windowslogs,1,60427,"{"""":,"""":,"""":""{----}"","""":""--"","""":,"""":"""","""":"":\\\\\\",Event_logs.json,_json,ip-10-10-40-195,,splunk,,2022-04-15T12:06:27.566Z,
1,,,,SYSTEM,User,,,,,,Registry value set (rule: RegistryEvent),Microsoft-Windows-Sysmon/Operational,,,,,,,,,,,,,,DWORD (0x00000001),,,,NT AUTHORITY,,,,,13,,2022-04-15 8:06:27,2022-04-15 8:06:25,INFO,3524,,,,,,,James.browne,C:\windows\system32\taskhostw.exe,,,,,,,,,-9223372036854775808,,,,,,,,,"Registry value set:
RuleName: -
EventType: SetValue
UtcTime: 2022-04-15 12:06:25.691
ProcessGuid: {2d351099-5588-5f5f-3903-000000000400}
ProcessId: 8136
Image: C:\windows\system32\taskhostw.exe
TargetObject: HKU\S-1-5-21-4020993649-1037605423-417876593-500_Classes\Local Settings\Software\Microsoft\Windows\CurrentVersion\AppContainer\Storage\microsoft.windows.contentdeliverymanager_cw5n1h2txyewy\Internet Settings\Cache\Extensible Cache\BackgroundTransferApi\CacheLimit
Details: DWORD (0x00000001)",,,,,,,,Info,0,,,,,,,,,,{2d351099-5588-5f5f-3903-000000000400},8136,,,,{5770385F-C22A-43E0-BF4C-06F5698FFBD9},,,,425644,,,,,,,-,,INFO,2,,,,,,,,,,,,eventlog,im_msvistalog,Microsoft-Windows-Sysmon,,,,,,,,,,,,,,,,,HKU\S-1-5-21-4020993649-1037605423-417876593-500_Classes\Local Settings\Software\Microsoft\Windows\CurrentVersion\AppContainer\Storage\microsoft.windows.contentdeliverymanager_cw5n1h2txyewy\Internet Settings\Cache\Extensible Cache\BackgroundTransferApi\CacheLimit,,,,,,,13,,,,4688,,,,,S-1-5-18,2022-04-15 12:06:26,2,,,"{""Image"":""C:\\windows\\system32\\taskhostw.exe"",""ProcessId"":""8136"",""EventID"":13,""tags"":[""splunk""],""RecordNumber"":425644,""ProviderGuid"":""{5770385F-C22A-43E0-BF4C-06F5698FFBD9}"",""SourceName"":""Microsoft-Windows-Sysmon"",""OpcodeValue"":0,""EventTime"":""2022-04-15 08:06:25"",""AccountName"":""SYSTEM"",""host"":""cybertees.net"",""SeverityValue"":2,""ExecutionProcessID"":3524,""AccountType"":""User"",""Category"":""Registry value set (rule: RegistryEvent)"",""SourceModuleName"":""eventlog"",""Domain"":""NT AUTHORITY"",""Message"":""Registry value set:\r\nRuleName: -\r\nEventType: SetValue\r\nUtcTime: 2022-04-15 12:06:25.691\r\nProcessGuid: {2d351099-5588-5f5f-3903-000000000400}\r\nProcessId: 8136\r\nImage: C:\\windows\\system32\\taskhostw.exe\r\nTargetObject: HKU\\S-1-5-21-4020993649-1037605423-417876593-500_Classes\\Local Settings\\Software\\Microsoft\\Windows\\CurrentVersion\\AppContainer\\Storage\\microsoft.windows.contentdeliverymanager_cw5n1h2txyewy\\Internet Settings\\Cache\\Extensible Cache\\BackgroundTransferApi\\CacheLimit\r\nDetails: DWORD (0x00000001)"",""port"":60427,""UserID"":""S-1-5-18"",""UtcTime"":""2022-04-15 12:06:25.691"",""timestamp"":""2022-04-15T12:06:27.566Z"",""ThreadID"":4688,""Severity"":""INFO"",""EventTypeOrignal"":""INFO"",""EventType"":""SetValue"",""Channel"":""Microsoft-Windows-Sysmon/Operational"",""TargetObject"":""HKU\\S-1-5-21-4020993649-1037605423-417876593-500_Classes\\Local Settings\\Software\\Microsoft\\Windows\\CurrentVersion\\AppContainer\\Storage\\microsoft.windows.contentdeliverymanager_cw5n1h2txyewy\\Internet Settings\\Cache\\Extensible Cache\\BackgroundTransferApi\\CacheLimit"",""Details"":""DWORD (0x00000001)"",""Opcode"":""Info"",""EventReceivedTime"":""2022-04-15 08:06:27"",""@version"":""1"",""Task"":13,""SourceModuleType"":""im_msvistalog"",""RuleName"":""-"",""Hostname"":""James.browne"",""Keywords"":-9223372036854775808,""Version"":2,""ProcessGuid"":""{2d351099-5588-5f5f-3903-000000000400}""}",2022-04-15T08:06:22.000+0000,8,15,6,april,22,friday,2022,local,,SetValue,cybertees.net,cyber-host,windowslogs,1,60427,"{"""":"":\\\\\\."","""":"""","""":,"""":[""""],"""":,"""":""{----}"",""",Event_logs.json,_json,ip-10-10-40-195,,splunk,,2022-04-15T12:06:27.566Z,
1,,,,SYSTEM,User,,,,,C:\windows\SYSTEM32\ntdll.dll+9c534|C:\windows\SYSTEM32\psmserviceexthost.dll+222a3|C:\windows\SYSTEM32\psmserviceexthost.dll+1a172|C:\windows\SYSTEM32\psmserviceexthost.dll+19e3b|C:\windows\SYSTEM32\psmserviceexthost.dll+19318|C:\windows\SYSTEM32\ntdll.dll+3081d|C:\windows\SYSTEM32\ntdll.dll+345b4|C:\windows\System32\KERNEL32.DLL+17bd4|C:\windows\SYSTEM32\ntdll.dll+6ce51,Process accessed (rule: ProcessAccess),Microsoft-Windows-Sysmon/Operational,,,,,,,,,,,,,,,,,,NT AUTHORITY,,,,,10,,2022-04-15 8:06:27,2022-04-15 8:06:26,,3348,,,0x1000,,,,Micheal.Beaven,,,,,,,,,,-9223372036854775808,,,,,,,,,"Process accessed:
RuleName: -
UtcTime: 2022-04-15 12:06:26.164
SourceProcessGUID: {83d0c8c3-43cb-5f5f-1000-000000000400}
SourceProcessId: 900
SourceThreadId: 976
SourceImage: C:\windows\system32\svchost.exe
TargetProcessGUID: {83d0c8c3-4479-5f5f-5602-000000000400}
TargetProcessId: 1268
TargetImage: C:\windows\System32\svchost.exe
GrantedAccess: 0x1000
CallTrace: C:\windows\SYSTEM32\ntdll.dll+9c534|C:\windows\SYSTEM32\psmserviceexthost.dll+222a3|C:\windows\SYSTEM32\psmserviceexthost.dll+1a172|C:\windows\SYSTEM32\psmserviceexthost.dll+19e3b|C:\windows\SYSTEM32\psmserviceexthost.dll+19318|C:\windows\SYSTEM32\ntdll.dll+3081d|C:\windows\SYSTEM32\ntdll.dll+345b4|C:\windows\System32\KERNEL32.DLL+17bd4|C:\windows\SYSTEM32\ntdll.dll+6ce51",,,,,,,,Info,0,,,,,,,,,,,900,,,,{5770385F-C22A-43E0-BF4C-06F5698FFBD9},,,,183339,,,,,,,-,,INFO,2,,,,,,,,,C:\windows\system32\svchost.exe,,,eventlog,im_msvistalog,Microsoft-Windows-Sysmon,,,{83d0c8c3-43cb-5f5f-1000-000000000400},900,976,,,,,,,,,C:\windows\System32\svchost.exe,,,,,,{83d0c8c3-4479-5f5f-5602-000000000400},1268,,,10,,,,4532,,,,,S-1-5-18,2022-04-15 12:06:26,3,,,"{""EventID"":10,""RecordNumber"":183339,""ProviderGuid"":""{5770385F-C22A-43E0-BF4C-06F5698FFBD9}"",""SourceName"":""Microsoft-Windows-Sysmon"",""OpcodeValue"":0,""AccountName"":""SYSTEM"",""SourceImage"":""C:\\windows\\system32\\svchost.exe"",""SourceModuleName"":""eventlog"",""ExecutionProcessID"":3348,""AccountType"":""User"",""Category"":""Process accessed (rule: ProcessAccess)"",""SourceProcessId"":""900"",""Domain"":""NT AUTHORITY"",""port"":60427,""ThreadID"":4532,""Severity"":""INFO"",""EventType"":""INFO"",""Channel"":""Microsoft-Windows-Sysmon/Operational"",""Opcode"":""Info"",""EventReceivedTime"":""2022-04-15 08:06:27"",""Task"":10,""RuleName"":""-"",""Keywords"":-9223372036854775808,""Version"":3,""ProcessId"":""900"",""tags"":[""splunk""],""GrantedAccess"":""0x1000"",""SourceProcessGUID"":""{83d0c8c3-43cb-5f5f-1000-000000000400}"",""EventTime"":""2022-04-15 08:06:26"",""host"":""cybertees.net"",""SeverityValue"":2,""CallTrace"":""C:\\windows\\SYSTEM32\\ntdll.dll+9c534|C:\\windows\\SYSTEM32\\psmserviceexthost.dll+222a3|C:\\windows\\SYSTEM32\\psmserviceexthost.dll+1a172|C:\\windows\\SYSTEM32\\psmserviceexthost.dll+19e3b|C:\\windows\\SYSTEM32\\psmserviceexthost.dll+19318|C:\\windows\\SYSTEM32\\ntdll.dll+3081d|C:\\windows\\SYSTEM32\\ntdll.dll+345b4|C:\\windows\\System32\\KERNEL32.DLL+17bd4|C:\\windows\\SYSTEM32\\ntdll.dll+6ce51"",""Message"":""Process accessed:\r\nRuleName: -\r\nUtcTime: 2022-04-15 12:06:26.164\r\nSourceProcessGUID: {83d0c8c3-43cb-5f5f-1000-000000000400}\r\nSourceProcessId: 900\r\nSourceThreadId: 976\r\nSourceImage: C:\\windows\\system32\\svchost.exe\r\nTargetProcessGUID: {83d0c8c3-4479-5f5f-5602-000000000400}\r\nTargetProcessId: 1268\r\nTargetImage: C:\\windows\\System32\\svchost.exe\r\nGrantedAccess: 0x1000\r\nCallTrace: C:\\windows\\SYSTEM32\\ntdll.dll+9c534|C:\\windows\\SYSTEM32\\psmserviceexthost.dll+222a3|C:\\windows\\SYSTEM32\\psmserviceexthost.dll+1a172|C:\\windows\\SYSTEM32\\psmserviceexthost.dll+19e3b|C:\\windows\\SYSTEM32\\psmserviceexthost.dll+19318|C:\\windows\\SYSTEM32\\ntdll.dll+3081d|C:\\windows\\SYSTEM32\\ntdll.dll+345b4|C:\\windows\\System32\\KERNEL32.DLL+17bd4|C:\\windows\\SYSTEM32\\ntdll.dll+6ce51"",""UtcTime"":""2022-04-15 12:06:26.164"",""UserID"":""S-1-5-18"",""timestamp"":""2022-04-15T12:06:27.565Z"",""TargetProcessId"":""1268"",""SourceThreadId"":""976"",""@version"":""1"",""TargetProcessGUID"":""{83d0c8c3-4479-5f5f-5602-000000000400}"",""SourceModuleType"":""im_msvistalog"",""TargetImage"":""C:\\windows\\System32\\svchost.exe"",""Hostname"":""Micheal.Beaven""}",2022-04-15T08:06:22.000+0000,8,15,6,april,22,friday,2022,local,,INFO,cybertees.net,cyber-host,windowslogs,1,60427,"{"""":,"""":,"""":""{----}"","""":""--"","""":,"""":"""","""":"":\\\\\\",Event_logs.json,_json,ip-10-10-40-195,,splunk,,2022-04-15T12:06:27.565Z,
1,,,,SYSTEM,User,,,,,,Registry value set (rule: RegistryEvent),Microsoft-Windows-Sysmon/Operational,,,,,,,,,,,,,,DWORD (0x00000000),,,,NT AUTHORITY,,,,,13,,2022-04-15 8:06:27,2022-04-15 8:06:25,INFO,3524,,,,,,,James.browne,C:\windows\system32\taskhostw.exe,,,,,,,,,-9223372036854775808,,,,,,,,,"Registry value set:
RuleName: -
EventType: SetValue
UtcTime: 2022-04-15 12:06:25.691
ProcessGuid: {2d351099-5588-5f5f-3903-000000000400}
ProcessId: 8136
Image: C:\windows\system32\taskhostw.exe
TargetObject: HKU\S-1-5-21-4020993649-1037605423-417876593-500_Classes\Local Settings\Software\Microsoft\Windows\CurrentVersion\AppContainer\Storage\microsoft.windows.contentdeliverymanager_cw5n1h2txyewy\Internet Settings\Cache\Extensible Cache\BackgroundTransferApi\CacheRepair
Details: DWORD (0x00000000)",,,,,,,,Info,0,,,,,,,,,,{2d351099-5588-5f5f-3903-000000000400},8136,,,,{5770385F-C22A-43E0-BF4C-06F5698FFBD9},,,,425643,,,,,,,-,,INFO,2,,,,,,,,,,,,eventlog,im_msvistalog,Microsoft-Windows-Sysmon,,,,,,,,,,,,,,,,,HKU\S-1-5-21-4020993649-1037605423-417876593-500_Classes\Local Settings\Software\Microsoft\Windows\CurrentVersion\AppContainer\Storage\microsoft.windows.contentdeliverymanager_cw5n1h2txyewy\Internet Settings\Cache\Extensible Cache\BackgroundTransferApi\CacheRepair,,,,,,,13,,,,4688,,,,,S-1-5-18,2022-04-15 12:06:26,2,,,"{""Image"":""C:\\windows\\system32\\taskhostw.exe"",""ProcessId"":""8136"",""EventID"":13,""tags"":[""splunk""],""RecordNumber"":425643,""ProviderGuid"":""{5770385F-C22A-43E0-BF4C-06F5698FFBD9}"",""SourceName"":""Microsoft-Windows-Sysmon"",""OpcodeValue"":0,""EventTime"":""2022-04-15 08:06:25"",""AccountName"":""SYSTEM"",""host"":""cybertees.net"",""SeverityValue"":2,""ExecutionProcessID"":3524,""AccountType"":""User"",""Category"":""Registry value set (rule: RegistryEvent)"",""SourceModuleName"":""eventlog"",""Domain"":""NT AUTHORITY"",""Message"":""Registry value set:\r\nRuleName: -\r\nEventType: SetValue\r\nUtcTime: 2022-04-15 12:06:25.691\r\nProcessGuid: {2d351099-5588-5f5f-3903-000000000400}\r\nProcessId: 8136\r\nImage: C:\\windows\\system32\\taskhostw.exe\r\nTargetObject: HKU\\S-1-5-21-4020993649-1037605423-417876593-500_Classes\\Local Settings\\Software\\Microsoft\\Windows\\CurrentVersion\\AppContainer\\Storage\\microsoft.windows.contentdeliverymanager_cw5n1h2txyewy\\Internet Settings\\Cache\\Extensible Cache\\BackgroundTransferApi\\CacheRepair\r\nDetails: DWORD (0x00000000)"",""port"":60427,""UserID"":""S-1-5-18"",""UtcTime"":""2022-04-15 12:06:25.691"",""timestamp"":""2022-04-15T12:06:27.565Z"",""ThreadID"":4688,""Severity"":""INFO"",""EventTypeOrignal"":""INFO"",""EventType"":""SetValue"",""Channel"":""Microsoft-Windows-Sysmon/Operational"",""TargetObject"":""HKU\\S-1-5-21-4020993649-1037605423-417876593-500_Classes\\Local Settings\\Software\\Microsoft\\Windows\\CurrentVersion\\AppContainer\\Storage\\microsoft.windows.contentdeliverymanager_cw5n1h2txyewy\\Internet Settings\\Cache\\Extensible Cache\\BackgroundTransferApi\\CacheRepair"",""Details"":""DWORD (0x00000000)"",""Opcode"":""Info"",""EventReceivedTime"":""2022-04-15 08:06:27"",""@version"":""1"",""Task"":13,""SourceModuleType"":""im_msvistalog"",""RuleName"":""-"",""Hostname"":""James.browne"",""Keywords"":-9223372036854775808,""Version"":2,""ProcessGuid"":""{2d351099-5588-5f5f-3903-000000000400}""}",2022-04-15T08:06:22.000+0000,8,15,6,april,22,friday,2022,local,,SetValue,cybertees.net,cyber-host,windowslogs,1,60427,"{"""":"":\\\\\\."","""":"""","""":,"""":[""""],"""":,"""":""{----}"",""",Event_logs.json,_json,ip-10-10-40-195,,splunk,,2022-04-15T12:06:27.565Z,
1,,,,SYSTEM,User,,,,,C:\windows\SYSTEM32\ntdll.dll+9c534|C:\windows\SYSTEM32\psmserviceexthost.dll+222a3|C:\windows\SYSTEM32\psmserviceexthost.dll+1a172|C:\windows\SYSTEM32\psmserviceexthost.dll+19e3b|C:\windows\SYSTEM32\psmserviceexthost.dll+19318|C:\windows\SYSTEM32\ntdll.dll+3081d|C:\windows\SYSTEM32\ntdll.dll+345b4|C:\windows\System32\KERNEL32.DLL+17bd4|C:\windows\SYSTEM32\ntdll.dll+6ce51,Process accessed (rule: ProcessAccess),Microsoft-Windows-Sysmon/Operational,,,,,,,,,,,,,,,,,,NT AUTHORITY,,,,,10,,2022-04-15 8:06:27,2022-04-15 8:06:26,,3348,,,0x1000,,,,Micheal.Beaven,,,,,,,,,,-9223372036854775808,,,,,,,,,"Process accessed:
RuleName: -
UtcTime: 2022-04-15 12:06:26.164
SourceProcessGUID: {83d0c8c3-43cb-5f5f-1000-000000000400}
SourceProcessId: 900
SourceThreadId: 1376
SourceImage: C:\windows\system32\svchost.exe
TargetProcessGUID: {83d0c8c3-4479-5f5f-5602-000000000400}
TargetProcessId: 1268
TargetImage: C:\windows\System32\svchost.exe
GrantedAccess: 0x1000
CallTrace: C:\windows\SYSTEM32\ntdll.dll+9c534|C:\windows\SYSTEM32\psmserviceexthost.dll+222a3|C:\windows\SYSTEM32\psmserviceexthost.dll+1a172|C:\windows\SYSTEM32\psmserviceexthost.dll+19e3b|C:\windows\SYSTEM32\psmserviceexthost.dll+19318|C:\windows\SYSTEM32\ntdll.dll+3081d|C:\windows\SYSTEM32\ntdll.dll+345b4|C:\windows\System32\KERNEL32.DLL+17bd4|C:\windows\SYSTEM32\ntdll.dll+6ce51",,,,,,,,Info,0,,,,,,,,,,,900,,,,{5770385F-C22A-43E0-BF4C-06F5698FFBD9},,,,183338,,,,,,,-,,INFO,2,,,,,,,,,C:\windows\system32\svchost.exe,,,eventlog,im_msvistalog,Microsoft-Windows-Sysmon,,,{83d0c8c3-43cb-5f5f-1000-000000000400},900,1376,,,,,,,,,C:\windows\System32\svchost.exe,,,,,,{83d0c8c3-4479-5f5f-5602-000000000400},1268,,,10,,,,4532,,,,,S-1-5-18,2022-04-15 12:06:26,3,,,"{""EventID"":10,""RecordNumber"":183338,""ProviderGuid"":""{5770385F-C22A-43E0-BF4C-06F5698FFBD9}"",""SourceName"":""Microsoft-Windows-Sysmon"",""OpcodeValue"":0,""AccountName"":""SYSTEM"",""SourceImage"":""C:\\windows\\system32\\svchost.exe"",""SourceModuleName"":""eventlog"",""ExecutionProcessID"":3348,""AccountType"":""User"",""Category"":""Process accessed (rule: ProcessAccess)"",""SourceProcessId"":""900"",""Domain"":""NT AUTHORITY"",""port"":60427,""ThreadID"":4532,""Severity"":""INFO"",""EventType"":""INFO"",""Channel"":""Microsoft-Windows-Sysmon/Operational"",""Opcode"":""Info"",""EventReceivedTime"":""2022-04-15 08:06:27"",""Task"":10,""RuleName"":""-"",""Keywords"":-9223372036854775808,""Version"":3,""ProcessId"":""900"",""tags"":[""splunk""],""GrantedAccess"":""0x1000"",""SourceProcessGUID"":""{83d0c8c3-43cb-5f5f-1000-000000000400}"",""EventTime"":""2022-04-15 08:06:26"",""host"":""cybertees.net"",""SeverityValue"":2,""CallTrace"":""C:\\windows\\SYSTEM32\\ntdll.dll+9c534|C:\\windows\\SYSTEM32\\psmserviceexthost.dll+222a3|C:\\windows\\SYSTEM32\\psmserviceexthost.dll+1a172|C:\\windows\\SYSTEM32\\psmserviceexthost.dll+19e3b|C:\\windows\\SYSTEM32\\psmserviceexthost.dll+19318|C:\\windows\\SYSTEM32\\ntdll.dll+3081d|C:\\windows\\SYSTEM32\\ntdll.dll+345b4|C:\\windows\\System32\\KERNEL32.DLL+17bd4|C:\\windows\\SYSTEM32\\ntdll.dll+6ce51"",""Message"":""Process accessed:\r\nRuleName: -\r\nUtcTime: 2022-04-15 12:06:26.164\r\nSourceProcessGUID: {83d0c8c3-43cb-5f5f-1000-000000000400}\r\nSourceProcessId: 900\r\nSourceThreadId: 1376\r\nSourceImage: C:\\windows\\system32\\svchost.exe\r\nTargetProcessGUID: {83d0c8c3-4479-5f5f-5602-000000000400}\r\nTargetProcessId: 1268\r\nTargetImage: C:\\windows\\System32\\svchost.exe\r\nGrantedAccess: 0x1000\r\nCallTrace: C:\\windows\\SYSTEM32\\ntdll.dll+9c534|C:\\windows\\SYSTEM32\\psmserviceexthost.dll+222a3|C:\\windows\\SYSTEM32\\psmserviceexthost.dll+1a172|C:\\windows\\SYSTEM32\\psmserviceexthost.dll+19e3b|C:\\windows\\SYSTEM32\\psmserviceexthost.dll+19318|C:\\windows\\SYSTEM32\\ntdll.dll+3081d|C:\\windows\\SYSTEM32\\ntdll.dll+345b4|C:\\windows\\System32\\KERNEL32.DLL+17bd4|C:\\windows\\SYSTEM32\\ntdll.dll+6ce51"",""UtcTime"":""2022-04-15 12:06:26.164"",""UserID"":""S-1-5-18"",""timestamp"":""2022-04-15T12:06:27.565Z"",""TargetProcessId"":""1268"",""SourceThreadId"":""1376"",""@version"":""1"",""TargetProcessGUID"":""{83d0c8c3-4479-5f5f-5602-000000000400}"",""SourceModuleType"":""im_msvistalog"",""TargetImage"":""C:\\windows\\System32\\svchost.exe"",""Hostname"":""Micheal.Beaven""}",2022-04-15T08:06:22.000+0000,8,15,6,april,22,friday,2022,local,,INFO,cybertees.net,cyber-host,windowslogs,1,60427,"{"""":,"""":,"""":""{----}"","""":""--"","""":,"""":"""","""":"":\\\\\\",Event_logs.json,_json,ip-10-10-40-195,,splunk,,2022-04-15T12:06:27.565Z,
1,,,,SYSTEM,User,,,,,,Registry value set (rule: RegistryEvent),Microsoft-Windows-Sysmon/Operational,,,,,,,,,,,,,,DWORD (0x00000009),,,,NT AUTHORITY,,,,,13,,2022-04-15 8:06:27,2022-04-15 8:06:25,INFO,3524,,,,,,,James.browne,C:\windows\system32\taskhostw.exe,,,,,,,,,-9223372036854775808,,,,,,,,,"Registry value set:
RuleName: -
EventType: SetValue
UtcTime: 2022-04-15 12:06:25.691
ProcessGuid: {2d351099-5588-5f5f-3903-000000000400}
ProcessId: 8136
Image: C:\windows\system32\taskhostw.exe
TargetObject: HKU\S-1-5-21-4020993649-1037605423-417876593-500_Classes\Local Settings\Software\Microsoft\Windows\CurrentVersion\AppContainer\Storage\microsoft.windows.contentdeliverymanager_cw5n1h2txyewy\Internet Settings\Cache\Extensible Cache\BackgroundTransferApi\CacheOptions
Details: DWORD (0x00000009)",,,,,,,,Info,0,,,,,,,,,,{2d351099-5588-5f5f-3903-000000000400},8136,,,,{5770385F-C22A-43E0-BF4C-06F5698FFBD9},,,,425642,,,,,,,-,,INFO,2,,,,,,,,,,,,eventlog,im_msvistalog,Microsoft-Windows-Sysmon,,,,,,,,,,,,,,,,,HKU\S-1-5-21-4020993649-1037605423-417876593-500_Classes\Local Settings\Software\Microsoft\Windows\CurrentVersion\AppContainer\Storage\microsoft.windows.contentdeliverymanager_cw5n1h2txyewy\Internet Settings\Cache\Extensible Cache\BackgroundTransferApi\CacheOptions,,,,,,,13,,,,4688,,,,,S-1-5-18,2022-04-15 12:06:26,2,,,"{""Image"":""C:\\windows\\system32\\taskhostw.exe"",""ProcessId"":""8136"",""EventID"":13,""tags"":[""splunk""],""RecordNumber"":425642,""ProviderGuid"":""{5770385F-C22A-43E0-BF4C-06F5698FFBD9}"",""SourceName"":""Microsoft-Windows-Sysmon"",""OpcodeValue"":0,""EventTime"":""2022-04-15 08:06:25"",""AccountName"":""SYSTEM"",""host"":""cybertees.net"",""SeverityValue"":2,""ExecutionProcessID"":3524,""AccountType"":""User"",""Category"":""Registry value set (rule: RegistryEvent)"",""SourceModuleName"":""eventlog"",""Domain"":""NT AUTHORITY"",""Message"":""Registry value set:\r\nRuleName: -\r\nEventType: SetValue\r\nUtcTime: 2022-04-15 12:06:25.691\r\nProcessGuid: {2d351099-5588-5f5f-3903-000000000400}\r\nProcessId: 8136\r\nImage: C:\\windows\\system32\\taskhostw.exe\r\nTargetObject: HKU\\S-1-5-21-4020993649-1037605423-417876593-500_Classes\\Local Settings\\Software\\Microsoft\\Windows\\CurrentVersion\\AppContainer\\Storage\\microsoft.windows.contentdeliverymanager_cw5n1h2txyewy\\Internet Settings\\Cache\\Extensible Cache\\BackgroundTransferApi\\CacheOptions\r\nDetails: DWORD (0x00000009)"",""port"":60427,""UserID"":""S-1-5-18"",""UtcTime"":""2022-04-15 12:06:25.691"",""timestamp"":""2022-04-15T12:06:27.564Z"",""ThreadID"":4688,""Severity"":""INFO"",""EventTypeOrignal"":""INFO"",""EventType"":""SetValue"",""Channel"":""Microsoft-Windows-Sysmon/Operational"",""TargetObject"":""HKU\\S-1-5-21-4020993649-1037605423-417876593-500_Classes\\Local Settings\\Software\\Microsoft\\Windows\\CurrentVersion\\AppContainer\\Storage\\microsoft.windows.contentdeliverymanager_cw5n1h2txyewy\\Internet Settings\\Cache\\Extensible Cache\\BackgroundTransferApi\\CacheOptions"",""Details"":""DWORD (0x00000009)"",""Opcode"":""Info"",""EventReceivedTime"":""2022-04-15 08:06:27"",""@version"":""1"",""Task"":13,""SourceModuleType"":""im_msvistalog"",""RuleName"":""-"",""Hostname"":""James.browne"",""Keywords"":-9223372036854775808,""Version"":2,""ProcessGuid"":""{2d351099-5588-5f5f-3903-000000000400}""}",2022-04-15T08:06:22.000+0000,8,15,6,april,22,friday,2022,local,,SetValue,cybertees.net,cyber-host,windowslogs,1,60427,"{"""":"":\\\\\\."","""":"""","""":,"""":[""""],"""":,"""":""{----}"",""",Event_logs.json,_json,ip-10-10-40-195,,splunk,,2022-04-15T12:06:27.564Z,
