@version,AccessList,AccessMask,AccessReason,AccountName,AccountType,ActivityID,Application,Archived,AuthenticationPackageName,CallTrace,Category,Channel,CommandLine,Company,ContextInfo,CreationUtcTime,CurrentDirectory,Description,DestAddress,DestPort,DestinationHostname,DestinationIp,DestinationIsIpv6,DestinationPort,DestinationPortName,Details,Device,Direction,DisabledPrivilegeList,Domain,ERROR_EVT_UNRESOLVED,ElevatedToken,EnabledPrivilegeList,EventCountTotal,EventID,EventIdx,EventReceivedTime,EventTime,EventTypeOrignal,ExecutionProcessID,FileVersion,FilterRTID,GrantedAccess,GroupMembership,HandleId,Hashes,Hostname,Image,ImageLoaded,ImpersonationLevel,Initiated,IntegrityLevel,IpAddress,IpPort,IsExecutable,KeyLength,Keywords,LayerName,LayerRTID,LmPackageName,LogonGuid,LogonId,LogonProcessName,LogonType,MandatoryLabel,Message,NewProcessId,NewProcessName,NewSd,ObjectName,ObjectServer,ObjectType,OldSd,Opcode,OpcodeValue,OriginalFileName,ParentCommandLine,ParentImage,ParentProcessGuid,ParentProcessId,ParentProcessName,Payload,PipeName,PrivilegeList,ProcessGuid,ProcessId,ProcessName,Product,Protocol,ProviderGuid,QueryName,QueryResults,QueryStatus,RecordNumber,RelativeTargetName,RemoteMachineID,RemoteUserID,ResourceAttributes,RestrictedAdminMode,RestrictedSidCount,RuleName,Service,Severity,SeverityValue,ShareLocalPath,ShareName,Signature,SignatureStatus,Signed,SourceAddress,SourceHandleId,SourceHostname,SourceImage,SourceIp,SourceIsIpv6,SourceModuleName,SourceModuleType,SourceName,SourcePort,SourcePortName,SourceProcessGUID,SourceProcessId,SourceThreadId,Status,SubjectDomainName,SubjectLogonId,SubjectUserName,SubjectUserSid,TargetDomainName,TargetFilename,TargetHandleId,TargetImage,TargetLinkedLogonId,TargetLogonId,TargetObject,TargetOutboundDomainName,TargetOutboundUserName,TargetProcessGUID,TargetProcessId,TargetUserName,TargetUserSid,Task,TaskContentNew,TaskName,TerminalSessionId,ThreadID,TokenElevationType,TransactionId,TransmittedServices,User,UserID,UtcTime,Version,VirtualAccount,WorkstationName,_raw,_time,date_hour,date_mday,date_minute,date_month,date_second,date_wday,date_year,date_zone,eventtype,extracted_EventType,extracted_host,host,index,linecount,port,punct,source,sourcetype,splunk_server,splunk_server_group,tags{},timeendpos,timestamp,timestartpos
1,,,,SYSTEM,User,,,,,,Registry object added or deleted (rule: RegistryEvent),Microsoft-Windows-Sysmon/Operational,,,,,,,,,,,,,,,,,,NT AUTHORITY,,,,,12,,2022-04-15 8:06:31,2022-04-15 8:06:30,INFO,3524,,,,,,,James.browne,C:\windows\system32\BackgroundTransferHost.exe,,,,,,,,,-9223372036854775808,,,,,,,,,"Registry object added or deleted:
RuleName: -
EventType: CreateKey
UtcTime: 2022-04-15 12:06:30.832
ProcessGuid: {2d351099-5cc2-5f5f-3d04-000000000400}
ProcessId: 5696
Image: C:\windows\system32\BackgroundTransferHost.exe
TargetObject: HKLM\SOFTWARE\Microsoft\EnterpriseCertificates",,,,,,,,Info,0,,,,,,,,,,{2d351099-5cc2-5f5f-3d04-000000000400},5696,,,,{5770385F-C22A-43E0-BF4C-06F5698FFBD9},,,,426869,,,,,,,-,,INFO,2,,,,,,,,,,,,eventlog,im_msvistalog,Microsoft-Windows-Sysmon,,,,,,,,,,,,,,,,,HKLM\SOFTWARE\Microsoft\EnterpriseCertificates,,,,,,,12,,,,4688,,,,,S-1-5-18,2022-04-15 12:06:31,2,,,"{""Image"":""C:\\windows\\system32\\BackgroundTransferHost.exe"",""ProcessId"":""5696"",""EventID"":12,""tags"":[""splunk""],""RecordNumber"":426869,""ProviderGuid"":""{5770385F-C22A-43E0-BF4C-06F5698FFBD9}"",""SourceName"":""Microsoft-Windows-Sysmon"",""OpcodeValue"":0,""EventTime"":""2022-04-15 08:06:30"",""AccountName"":""SYSTEM"",""host"":""cybertees.net"",""SeverityValue"":2,""ExecutionProcessID"":3524,""AccountType"":""User"",""Category"":""Registry object added or deleted (rule: RegistryEvent)"",""SourceModuleName"":""eventlog"",""Domain"":""NT AUTHORITY"",""Message"":""Registry object added or deleted:\r\nRuleName: -\r\nEventType: CreateKey\r\nUtcTime: 2022-04-15 12:06:30.832\r\nProcessGuid: {2d351099-5cc2-5f5f-3d04-000000000400}\r\nProcessId: 5696\r\nImage: C:\\windows\\system32\\BackgroundTransferHost.exe\r\nTargetObject: HKLM\\SOFTWARE\\Microsoft\\EnterpriseCertificates"",""port"":60427,""UserID"":""S-1-5-18"",""UtcTime"":""2022-04-15 12:06:30.832"",""timestamp"":""2022-04-15T12:06:31.275Z"",""ThreadID"":4688,""Severity"":""INFO"",""EventTypeOrignal"":""INFO"",""EventType"":""CreateKey"",""Channel"":""Microsoft-Windows-Sysmon/Operational"",""TargetObject"":""HKLM\\SOFTWARE\\Microsoft\\EnterpriseCertificates"",""Opcode"":""Info"",""EventReceivedTime"":""2022-04-15 08:06:31"",""@version"":""1"",""Task"":12,""SourceModuleType"":""im_msvistalog"",""RuleName"":""-"",""Hostname"":""James.browne"",""Keywords"":-9223372036854775808,""Version"":2,""ProcessGuid"":""{2d351099-5cc2-5f5f-3d04-000000000400}""}",2022-04-15T08:06:28.000+0000,8,15,6,april,28,friday,2022,local,,CreateKey,cybertees.net,cyber-host,windowslogs,1,60427,"{"""":"":\\\\\\."","""":"""","""":,"""":[""""],"""":,"""":""{----}"",""",Event_logs.json,_json,ip-10-10-40-195,,splunk,,2022-04-15T12:06:31.275Z,
1,,,,SYSTEM,User,,,,,,Registry object added or deleted (rule: RegistryEvent),Microsoft-Windows-Sysmon/Operational,,,,,,,,,,,,,,,,,,NT AUTHORITY,,,,,12,,2022-04-15 8:06:31,2022-04-15 8:06:30,INFO,3524,,,,,,,James.browne,C:\windows\system32\BackgroundTransferHost.exe,,,,,,,,,-9223372036854775808,,,,,,,,,"Registry object added or deleted:
RuleName: -
EventType: CreateKey
UtcTime: 2022-04-15 12:06:30.832
ProcessGuid: {2d351099-5cc2-5f5f-3d04-000000000400}
ProcessId: 5696
Image: C:\windows\system32\BackgroundTransferHost.exe
TargetObject: HKLM\SOFTWARE\Microsoft",,,,,,,,Info,0,,,,,,,,,,{2d351099-5cc2-5f5f-3d04-000000000400},5696,,,,{5770385F-C22A-43E0-BF4C-06F5698FFBD9},,,,426868,,,,,,,-,,INFO,2,,,,,,,,,,,,eventlog,im_msvistalog,Microsoft-Windows-Sysmon,,,,,,,,,,,,,,,,,HKLM\SOFTWARE\Microsoft,,,,,,,12,,,,4688,,,,,S-1-5-18,2022-04-15 12:06:31,2,,,"{""Image"":""C:\\windows\\system32\\BackgroundTransferHost.exe"",""ProcessId"":""5696"",""EventID"":12,""tags"":[""splunk""],""RecordNumber"":426868,""ProviderGuid"":""{5770385F-C22A-43E0-BF4C-06F5698FFBD9}"",""SourceName"":""Microsoft-Windows-Sysmon"",""OpcodeValue"":0,""EventTime"":""2022-04-15 08:06:30"",""AccountName"":""SYSTEM"",""host"":""cybertees.net"",""SeverityValue"":2,""ExecutionProcessID"":3524,""AccountType"":""User"",""Category"":""Registry object added or deleted (rule: RegistryEvent)"",""SourceModuleName"":""eventlog"",""Domain"":""NT AUTHORITY"",""Message"":""Registry object added or deleted:\r\nRuleName: -\r\nEventType: CreateKey\r\nUtcTime: 2022-04-15 12:06:30.832\r\nProcessGuid: {2d351099-5cc2-5f5f-3d04-000000000400}\r\nProcessId: 5696\r\nImage: C:\\windows\\system32\\BackgroundTransferHost.exe\r\nTargetObject: HKLM\\SOFTWARE\\Microsoft"",""port"":60427,""UserID"":""S-1-5-18"",""UtcTime"":""2022-04-15 12:06:30.832"",""timestamp"":""2022-04-15T12:06:31.275Z"",""ThreadID"":4688,""Severity"":""INFO"",""EventTypeOrignal"":""INFO"",""EventType"":""CreateKey"",""Channel"":""Microsoft-Windows-Sysmon/Operational"",""TargetObject"":""HKLM\\SOFTWARE\\Microsoft"",""Opcode"":""Info"",""EventReceivedTime"":""2022-04-15 08:06:31"",""@version"":""1"",""Task"":12,""SourceModuleType"":""im_msvistalog"",""RuleName"":""-"",""Hostname"":""James.browne"",""Keywords"":-9223372036854775808,""Version"":2,""ProcessGuid"":""{2d351099-5cc2-5f5f-3d04-000000000400}""}",2022-04-15T08:06:28.000+0000,8,15,6,april,28,friday,2022,local,,CreateKey,cybertees.net,cyber-host,windowslogs,1,60427,"{"""":"":\\\\\\."","""":"""","""":,"""":[""""],"""":,"""":""{----}"",""",Event_logs.json,_json,ip-10-10-40-195,,splunk,,2022-04-15T12:06:31.275Z,
1,,,,SYSTEM,User,,,,,,Registry object added or deleted (rule: RegistryEvent),Microsoft-Windows-Sysmon/Operational,,,,,,,,,,,,,,,,,,NT AUTHORITY,,,,,12,,2022-04-15 8:06:31,2022-04-15 8:06:30,INFO,3524,,,,,,,James.browne,C:\windows\system32\BackgroundTransferHost.exe,,,,,,,,,-9223372036854775808,,,,,,,,,"Registry object added or deleted:
RuleName: -
EventType: CreateKey
UtcTime: 2022-04-15 12:06:30.832
ProcessGuid: {2d351099-5cc2-5f5f-3d04-000000000400}
ProcessId: 5696
Image: C:\windows\system32\BackgroundTransferHost.exe
TargetObject: HKLM\SOFTWARE",,,,,,,,Info,0,,,,,,,,,,{2d351099-5cc2-5f5f-3d04-000000000400},5696,,,,{5770385F-C22A-43E0-BF4C-06F5698FFBD9},,,,426867,,,,,,,-,,INFO,2,,,,,,,,,,,,eventlog,im_msvistalog,Microsoft-Windows-Sysmon,,,,,,,,,,,,,,,,,HKLM\SOFTWARE,,,,,,,12,,,,4688,,,,,S-1-5-18,2022-04-15 12:06:31,2,,,"{""Image"":""C:\\windows\\system32\\BackgroundTransferHost.exe"",""ProcessId"":""5696"",""EventID"":12,""tags"":[""splunk""],""RecordNumber"":426867,""ProviderGuid"":""{5770385F-C22A-43E0-BF4C-06F5698FFBD9}"",""SourceName"":""Microsoft-Windows-Sysmon"",""OpcodeValue"":0,""EventTime"":""2022-04-15 08:06:30"",""AccountName"":""SYSTEM"",""host"":""cybertees.net"",""SeverityValue"":2,""ExecutionProcessID"":3524,""AccountType"":""User"",""Category"":""Registry object added or deleted (rule: RegistryEvent)"",""SourceModuleName"":""eventlog"",""Domain"":""NT AUTHORITY"",""Message"":""Registry object added or deleted:\r\nRuleName: -\r\nEventType: CreateKey\r\nUtcTime: 2022-04-15 12:06:30.832\r\nProcessGuid: {2d351099-5cc2-5f5f-3d04-000000000400}\r\nProcessId: 5696\r\nImage: C:\\windows\\system32\\BackgroundTransferHost.exe\r\nTargetObject: HKLM\\SOFTWARE"",""port"":60427,""UserID"":""S-1-5-18"",""UtcTime"":""2022-04-15 12:06:30.832"",""timestamp"":""2022-04-15T12:06:31.274Z"",""ThreadID"":4688,""Severity"":""INFO"",""EventTypeOrignal"":""INFO"",""EventType"":""CreateKey"",""Channel"":""Microsoft-Windows-Sysmon/Operational"",""TargetObject"":""HKLM\\SOFTWARE"",""Opcode"":""Info"",""EventReceivedTime"":""2022-04-15 08:06:31"",""@version"":""1"",""Task"":12,""SourceModuleType"":""im_msvistalog"",""RuleName"":""-"",""Hostname"":""James.browne"",""Keywords"":-9223372036854775808,""Version"":2,""ProcessGuid"":""{2d351099-5cc2-5f5f-3d04-000000000400}""}",2022-04-15T08:06:28.000+0000,8,15,6,april,28,friday,2022,local,,CreateKey,cybertees.net,cyber-host,windowslogs,1,60427,"{"""":"":\\\\\\."","""":"""","""":,"""":[""""],"""":,"""":""{----}"",""",Event_logs.json,_json,ip-10-10-40-195,,splunk,,2022-04-15T12:06:31.274Z,
1,,,,SYSTEM,User,,,,,,Registry object added or deleted (rule: RegistryEvent),Microsoft-Windows-Sysmon/Operational,,,,,,,,,,,,,,,,,,NT AUTHORITY,,,,,12,,2022-04-15 8:06:31,2022-04-15 8:06:30,INFO,3524,,,,,,,James.browne,C:\windows\system32\BackgroundTransferHost.exe,,,,,,,,,-9223372036854775808,,,,,,,,,"Registry object added or deleted:
RuleName: -
EventType: CreateKey
UtcTime: 2022-04-15 12:06:30.832
ProcessGuid: {2d351099-5cc2-5f5f-3d04-000000000400}
ProcessId: 5696
Image: C:\windows\system32\BackgroundTransferHost.exe
TargetObject: HKLM\SOFTWARE\Microsoft\SystemCertificates",,,,,,,,Info,0,,,,,,,,,,{2d351099-5cc2-5f5f-3d04-000000000400},5696,,,,{5770385F-C22A-43E0-BF4C-06F5698FFBD9},,,,426866,,,,,,,-,,INFO,2,,,,,,,,,,,,eventlog,im_msvistalog,Microsoft-Windows-Sysmon,,,,,,,,,,,,,,,,,HKLM\SOFTWARE\Microsoft\SystemCertificates,,,,,,,12,,,,4688,,,,,S-1-5-18,2022-04-15 12:06:31,2,,,"{""Image"":""C:\\windows\\system32\\BackgroundTransferHost.exe"",""ProcessId"":""5696"",""EventID"":12,""tags"":[""splunk""],""RecordNumber"":426866,""ProviderGuid"":""{5770385F-C22A-43E0-BF4C-06F5698FFBD9}"",""SourceName"":""Microsoft-Windows-Sysmon"",""OpcodeValue"":0,""EventTime"":""2022-04-15 08:06:30"",""AccountName"":""SYSTEM"",""host"":""cybertees.net"",""SeverityValue"":2,""ExecutionProcessID"":3524,""AccountType"":""User"",""Category"":""Registry object added or deleted (rule: RegistryEvent)"",""SourceModuleName"":""eventlog"",""Domain"":""NT AUTHORITY"",""Message"":""Registry object added or deleted:\r\nRuleName: -\r\nEventType: CreateKey\r\nUtcTime: 2022-04-15 12:06:30.832\r\nProcessGuid: {2d351099-5cc2-5f5f-3d04-000000000400}\r\nProcessId: 5696\r\nImage: C:\\windows\\system32\\BackgroundTransferHost.exe\r\nTargetObject: HKLM\\SOFTWARE\\Microsoft\\SystemCertificates"",""port"":60427,""UserID"":""S-1-5-18"",""UtcTime"":""2022-04-15 12:06:30.832"",""timestamp"":""2022-04-15T12:06:31.274Z"",""ThreadID"":4688,""Severity"":""INFO"",""EventTypeOrignal"":""INFO"",""EventType"":""CreateKey"",""Channel"":""Microsoft-Windows-Sysmon/Operational"",""TargetObject"":""HKLM\\SOFTWARE\\Microsoft\\SystemCertificates"",""Opcode"":""Info"",""EventReceivedTime"":""2022-04-15 08:06:31"",""@version"":""1"",""Task"":12,""SourceModuleType"":""im_msvistalog"",""RuleName"":""-"",""Hostname"":""James.browne"",""Keywords"":-9223372036854775808,""Version"":2,""ProcessGuid"":""{2d351099-5cc2-5f5f-3d04-000000000400}""}",2022-04-15T08:06:28.000+0000,8,15,6,april,28,friday,2022,local,,CreateKey,cybertees.net,cyber-host,windowslogs,1,60427,"{"""":"":\\\\\\."","""":"""","""":,"""":[""""],"""":,"""":""{----}"",""",Event_logs.json,_json,ip-10-10-40-195,,splunk,,2022-04-15T12:06:31.274Z,
1,,,,SYSTEM,User,,,,,,Registry object added or deleted (rule: RegistryEvent),Microsoft-Windows-Sysmon/Operational,,,,,,,,,,,,,,,,,,NT AUTHORITY,,,,,12,,2022-04-15 8:06:31,2022-04-15 8:06:30,INFO,3524,,,,,,,James.browne,C:\windows\system32\BackgroundTransferHost.exe,,,,,,,,,-9223372036854775808,,,,,,,,,"Registry object added or deleted:
RuleName: -
EventType: CreateKey
UtcTime: 2022-04-15 12:06:30.832
ProcessGuid: {2d351099-5cc2-5f5f-3d04-000000000400}
ProcessId: 5696
Image: C:\windows\system32\BackgroundTransferHost.exe
TargetObject: HKLM\SOFTWARE\Microsoft",,,,,,,,Info,0,,,,,,,,,,{2d351099-5cc2-5f5f-3d04-000000000400},5696,,,,{5770385F-C22A-43E0-BF4C-06F5698FFBD9},,,,426865,,,,,,,-,,INFO,2,,,,,,,,,,,,eventlog,im_msvistalog,Microsoft-Windows-Sysmon,,,,,,,,,,,,,,,,,HKLM\SOFTWARE\Microsoft,,,,,,,12,,,,4688,,,,,S-1-5-18,2022-04-15 12:06:31,2,,,"{""Image"":""C:\\windows\\system32\\BackgroundTransferHost.exe"",""ProcessId"":""5696"",""EventID"":12,""tags"":[""splunk""],""RecordNumber"":426865,""ProviderGuid"":""{5770385F-C22A-43E0-BF4C-06F5698FFBD9}"",""SourceName"":""Microsoft-Windows-Sysmon"",""OpcodeValue"":0,""EventTime"":""2022-04-15 08:06:30"",""AccountName"":""SYSTEM"",""host"":""cybertees.net"",""SeverityValue"":2,""ExecutionProcessID"":3524,""AccountType"":""User"",""Category"":""Registry object added or deleted (rule: RegistryEvent)"",""SourceModuleName"":""eventlog"",""Domain"":""NT AUTHORITY"",""Message"":""Registry object added or deleted:\r\nRuleName: -\r\nEventType: CreateKey\r\nUtcTime: 2022-04-15 12:06:30.832\r\nProcessGuid: {2d351099-5cc2-5f5f-3d04-000000000400}\r\nProcessId: 5696\r\nImage: C:\\windows\\system32\\BackgroundTransferHost.exe\r\nTargetObject: HKLM\\SOFTWARE\\Microsoft"",""port"":60427,""UserID"":""S-1-5-18"",""UtcTime"":""2022-04-15 12:06:30.832"",""timestamp"":""2022-04-15T12:06:31.273Z"",""ThreadID"":4688,""Severity"":""INFO"",""EventTypeOrignal"":""INFO"",""EventType"":""CreateKey"",""Channel"":""Microsoft-Windows-Sysmon/Operational"",""TargetObject"":""HKLM\\SOFTWARE\\Microsoft"",""Opcode"":""Info"",""EventReceivedTime"":""2022-04-15 08:06:31"",""@version"":""1"",""Task"":12,""SourceModuleType"":""im_msvistalog"",""RuleName"":""-"",""Hostname"":""James.browne"",""Keywords"":-9223372036854775808,""Version"":2,""ProcessGuid"":""{2d351099-5cc2-5f5f-3d04-000000000400}""}",2022-04-15T08:06:28.000+0000,8,15,6,april,28,friday,2022,local,,CreateKey,cybertees.net,cyber-host,windowslogs,1,60427,"{"""":"":\\\\\\."","""":"""","""":,"""":[""""],"""":,"""":""{----}"",""",Event_logs.json,_json,ip-10-10-40-195,,splunk,,2022-04-15T12:06:31.273Z,
1,,,,SYSTEM,User,,,,,,Registry object added or deleted (rule: RegistryEvent),Microsoft-Windows-Sysmon/Operational,,,,,,,,,,,,,,,,,,NT AUTHORITY,,,,,12,,2022-04-15 8:06:31,2022-04-15 8:06:30,INFO,3524,,,,,,,James.browne,C:\windows\system32\BackgroundTransferHost.exe,,,,,,,,,-9223372036854775808,,,,,,,,,"Registry object added or deleted:
RuleName: -
EventType: CreateKey
UtcTime: 2022-04-15 12:06:30.832
ProcessGuid: {2d351099-5cc2-5f5f-3d04-000000000400}
ProcessId: 5696
Image: C:\windows\system32\BackgroundTransferHost.exe
TargetObject: HKLM\SOFTWARE",,,,,,,,Info,0,,,,,,,,,,{2d351099-5cc2-5f5f-3d04-000000000400},5696,,,,{5770385F-C22A-43E0-BF4C-06F5698FFBD9},,,,426864,,,,,,,-,,INFO,2,,,,,,,,,,,,eventlog,im_msvistalog,Microsoft-Windows-Sysmon,,,,,,,,,,,,,,,,,HKLM\SOFTWARE,,,,,,,12,,,,4688,,,,,S-1-5-18,2022-04-15 12:06:31,2,,,"{""Image"":""C:\\windows\\system32\\BackgroundTransferHost.exe"",""ProcessId"":""5696"",""EventID"":12,""tags"":[""splunk""],""RecordNumber"":426864,""ProviderGuid"":""{5770385F-C22A-43E0-BF4C-06F5698FFBD9}"",""SourceName"":""Microsoft-Windows-Sysmon"",""OpcodeValue"":0,""EventTime"":""2022-04-15 08:06:30"",""AccountName"":""SYSTEM"",""host"":""cybertees.net"",""SeverityValue"":2,""ExecutionProcessID"":3524,""AccountType"":""User"",""Category"":""Registry object added or deleted (rule: RegistryEvent)"",""SourceModuleName"":""eventlog"",""Domain"":""NT AUTHORITY"",""Message"":""Registry object added or deleted:\r\nRuleName: -\r\nEventType: CreateKey\r\nUtcTime: 2022-04-15 12:06:30.832\r\nProcessGuid: {2d351099-5cc2-5f5f-3d04-000000000400}\r\nProcessId: 5696\r\nImage: C:\\windows\\system32\\BackgroundTransferHost.exe\r\nTargetObject: HKLM\\SOFTWARE"",""port"":60427,""UserID"":""S-1-5-18"",""UtcTime"":""2022-04-15 12:06:30.832"",""timestamp"":""2022-04-15T12:06:31.273Z"",""ThreadID"":4688,""Severity"":""INFO"",""EventTypeOrignal"":""INFO"",""EventType"":""CreateKey"",""Channel"":""Microsoft-Windows-Sysmon/Operational"",""TargetObject"":""HKLM\\SOFTWARE"",""Opcode"":""Info"",""EventReceivedTime"":""2022-04-15 08:06:31"",""@version"":""1"",""Task"":12,""SourceModuleType"":""im_msvistalog"",""RuleName"":""-"",""Hostname"":""James.browne"",""Keywords"":-9223372036854775808,""Version"":2,""ProcessGuid"":""{2d351099-5cc2-5f5f-3d04-000000000400}""}",2022-04-15T08:06:28.000+0000,8,15,6,april,28,friday,2022,local,,CreateKey,cybertees.net,cyber-host,windowslogs,1,60427,"{"""":"":\\\\\\."","""":"""","""":,"""":[""""],"""":,"""":""{----}"",""",Event_logs.json,_json,ip-10-10-40-195,,splunk,,2022-04-15T12:06:31.273Z,
1,,,,SYSTEM,User,,,,,,Registry object added or deleted (rule: RegistryEvent),Microsoft-Windows-Sysmon/Operational,,,,,,,,,,,,,,,,,,NT AUTHORITY,,,,,12,,2022-04-15 8:06:31,2022-04-15 8:06:30,INFO,3524,,,,,,,James.browne,C:\windows\system32\BackgroundTransferHost.exe,,,,,,,,,-9223372036854775808,,,,,,,,,"Registry object added or deleted:
RuleName: -
EventType: CreateKey
UtcTime: 2022-04-15 12:06:30.832
ProcessGuid: {2d351099-5cc2-5f5f-3d04-000000000400}
ProcessId: 5696
Image: C:\windows\system32\BackgroundTransferHost.exe
TargetObject: HKLM\SOFTWARE\Microsoft\SystemCertificates",,,,,,,,Info,0,,,,,,,,,,{2d351099-5cc2-5f5f-3d04-000000000400},5696,,,,{5770385F-C22A-43E0-BF4C-06F5698FFBD9},,,,426863,,,,,,,-,,INFO,2,,,,,,,,,,,,eventlog,im_msvistalog,Microsoft-Windows-Sysmon,,,,,,,,,,,,,,,,,HKLM\SOFTWARE\Microsoft\SystemCertificates,,,,,,,12,,,,4688,,,,,S-1-5-18,2022-04-15 12:06:31,2,,,"{""Image"":""C:\\windows\\system32\\BackgroundTransferHost.exe"",""ProcessId"":""5696"",""EventID"":12,""tags"":[""splunk""],""RecordNumber"":426863,""ProviderGuid"":""{5770385F-C22A-43E0-BF4C-06F5698FFBD9}"",""SourceName"":""Microsoft-Windows-Sysmon"",""OpcodeValue"":0,""EventTime"":""2022-04-15 08:06:30"",""AccountName"":""SYSTEM"",""host"":""cybertees.net"",""SeverityValue"":2,""ExecutionProcessID"":3524,""AccountType"":""User"",""Category"":""Registry object added or deleted (rule: RegistryEvent)"",""SourceModuleName"":""eventlog"",""Domain"":""NT AUTHORITY"",""Message"":""Registry object added or deleted:\r\nRuleName: -\r\nEventType: CreateKey\r\nUtcTime: 2022-04-15 12:06:30.832\r\nProcessGuid: {2d351099-5cc2-5f5f-3d04-000000000400}\r\nProcessId: 5696\r\nImage: C:\\windows\\system32\\BackgroundTransferHost.exe\r\nTargetObject: HKLM\\SOFTWARE\\Microsoft\\SystemCertificates"",""port"":60427,""UserID"":""S-1-5-18"",""UtcTime"":""2022-04-15 12:06:30.832"",""timestamp"":""2022-04-15T12:06:31.273Z"",""ThreadID"":4688,""Severity"":""INFO"",""EventTypeOrignal"":""INFO"",""EventType"":""CreateKey"",""Channel"":""Microsoft-Windows-Sysmon/Operational"",""TargetObject"":""HKLM\\SOFTWARE\\Microsoft\\SystemCertificates"",""Opcode"":""Info"",""EventReceivedTime"":""2022-04-15 08:06:31"",""@version"":""1"",""Task"":12,""SourceModuleType"":""im_msvistalog"",""RuleName"":""-"",""Hostname"":""James.browne"",""Keywords"":-9223372036854775808,""Version"":2,""ProcessGuid"":""{2d351099-5cc2-5f5f-3d04-000000000400}""}",2022-04-15T08:06:28.000+0000,8,15,6,april,28,friday,2022,local,,CreateKey,cybertees.net,cyber-host,windowslogs,1,60427,"{"""":"":\\\\\\."","""":"""","""":,"""":[""""],"""":,"""":""{----}"",""",Event_logs.json,_json,ip-10-10-40-195,,splunk,,2022-04-15T12:06:31.273Z,
1,,,,SYSTEM,User,,,,,,Registry object added or deleted (rule: RegistryEvent),Microsoft-Windows-Sysmon/Operational,,,,,,,,,,,,,,,,,,NT AUTHORITY,,,,,12,,2022-04-15 8:06:31,2022-04-15 8:06:30,INFO,3524,,,,,,,James.browne,C:\windows\system32\BackgroundTransferHost.exe,,,,,,,,,-9223372036854775808,,,,,,,,,"Registry object added or deleted:
RuleName: -
EventType: CreateKey
UtcTime: 2022-04-15 12:06:30.832
ProcessGuid: {2d351099-5cc2-5f5f-3d04-000000000400}
ProcessId: 5696
Image: C:\windows\system32\BackgroundTransferHost.exe
TargetObject: HKLM\SOFTWARE\Microsoft",,,,,,,,Info,0,,,,,,,,,,{2d351099-5cc2-5f5f-3d04-000000000400},5696,,,,{5770385F-C22A-43E0-BF4C-06F5698FFBD9},,,,426862,,,,,,,-,,INFO,2,,,,,,,,,,,,eventlog,im_msvistalog,Microsoft-Windows-Sysmon,,,,,,,,,,,,,,,,,HKLM\SOFTWARE\Microsoft,,,,,,,12,,,,4688,,,,,S-1-5-18,2022-04-15 12:06:31,2,,,"{""Image"":""C:\\windows\\system32\\BackgroundTransferHost.exe"",""ProcessId"":""5696"",""EventID"":12,""tags"":[""splunk""],""RecordNumber"":426862,""ProviderGuid"":""{5770385F-C22A-43E0-BF4C-06F5698FFBD9}"",""SourceName"":""Microsoft-Windows-Sysmon"",""OpcodeValue"":0,""EventTime"":""2022-04-15 08:06:30"",""AccountName"":""SYSTEM"",""host"":""cybertees.net"",""SeverityValue"":2,""ExecutionProcessID"":3524,""AccountType"":""User"",""Category"":""Registry object added or deleted (rule: RegistryEvent)"",""SourceModuleName"":""eventlog"",""Domain"":""NT AUTHORITY"",""Message"":""Registry object added or deleted:\r\nRuleName: -\r\nEventType: CreateKey\r\nUtcTime: 2022-04-15 12:06:30.832\r\nProcessGuid: {2d351099-5cc2-5f5f-3d04-000000000400}\r\nProcessId: 5696\r\nImage: C:\\windows\\system32\\BackgroundTransferHost.exe\r\nTargetObject: HKLM\\SOFTWARE\\Microsoft"",""port"":60427,""UserID"":""S-1-5-18"",""UtcTime"":""2022-04-15 12:06:30.832"",""timestamp"":""2022-04-15T12:06:31.272Z"",""ThreadID"":4688,""Severity"":""INFO"",""EventTypeOrignal"":""INFO"",""EventType"":""CreateKey"",""Channel"":""Microsoft-Windows-Sysmon/Operational"",""TargetObject"":""HKLM\\SOFTWARE\\Microsoft"",""Opcode"":""Info"",""EventReceivedTime"":""2022-04-15 08:06:31"",""@version"":""1"",""Task"":12,""SourceModuleType"":""im_msvistalog"",""RuleName"":""-"",""Hostname"":""James.browne"",""Keywords"":-9223372036854775808,""Version"":2,""ProcessGuid"":""{2d351099-5cc2-5f5f-3d04-000000000400}""}",2022-04-15T08:06:28.000+0000,8,15,6,april,28,friday,2022,local,,CreateKey,cybertees.net,cyber-host,windowslogs,1,60427,"{"""":"":\\\\\\."","""":"""","""":,"""":[""""],"""":,"""":""{----}"",""",Event_logs.json,_json,ip-10-10-40-195,,splunk,,2022-04-15T12:06:31.272Z,
1,,,,SYSTEM,User,,,,,,Registry object added or deleted (rule: RegistryEvent),Microsoft-Windows-Sysmon/Operational,,,,,,,,,,,,,,,,,,NT AUTHORITY,,,,,12,,2022-04-15 8:06:31,2022-04-15 8:06:30,INFO,3524,,,,,,,James.browne,C:\windows\system32\BackgroundTransferHost.exe,,,,,,,,,-9223372036854775808,,,,,,,,,"Registry object added or deleted:
RuleName: -
EventType: CreateKey
UtcTime: 2022-04-15 12:06:30.832
ProcessGuid: {2d351099-5cc2-5f5f-3d04-000000000400}
ProcessId: 5696
Image: C:\windows\system32\BackgroundTransferHost.exe
TargetObject: HKLM\SOFTWARE",,,,,,,,Info,0,,,,,,,,,,{2d351099-5cc2-5f5f-3d04-000000000400},5696,,,,{5770385F-C22A-43E0-BF4C-06F5698FFBD9},,,,426861,,,,,,,-,,INFO,2,,,,,,,,,,,,eventlog,im_msvistalog,Microsoft-Windows-Sysmon,,,,,,,,,,,,,,,,,HKLM\SOFTWARE,,,,,,,12,,,,4688,,,,,S-1-5-18,2022-04-15 12:06:31,2,,,"{""Image"":""C:\\windows\\system32\\BackgroundTransferHost.exe"",""ProcessId"":""5696"",""EventID"":12,""tags"":[""splunk""],""RecordNumber"":426861,""ProviderGuid"":""{5770385F-C22A-43E0-BF4C-06F5698FFBD9}"",""SourceName"":""Microsoft-Windows-Sysmon"",""OpcodeValue"":0,""EventTime"":""2022-04-15 08:06:30"",""AccountName"":""SYSTEM"",""host"":""cybertees.net"",""SeverityValue"":2,""ExecutionProcessID"":3524,""AccountType"":""User"",""Category"":""Registry object added or deleted (rule: RegistryEvent)"",""SourceModuleName"":""eventlog"",""Domain"":""NT AUTHORITY"",""Message"":""Registry object added or deleted:\r\nRuleName: -\r\nEventType: CreateKey\r\nUtcTime: 2022-04-15 12:06:30.832\r\nProcessGuid: {2d351099-5cc2-5f5f-3d04-000000000400}\r\nProcessId: 5696\r\nImage: C:\\windows\\system32\\BackgroundTransferHost.exe\r\nTargetObject: HKLM\\SOFTWARE"",""port"":60427,""UserID"":""S-1-5-18"",""UtcTime"":""2022-04-15 12:06:30.832"",""timestamp"":""2022-04-15T12:06:31.272Z"",""ThreadID"":4688,""Severity"":""INFO"",""EventTypeOrignal"":""INFO"",""EventType"":""CreateKey"",""Channel"":""Microsoft-Windows-Sysmon/Operational"",""TargetObject"":""HKLM\\SOFTWARE"",""Opcode"":""Info"",""EventReceivedTime"":""2022-04-15 08:06:31"",""@version"":""1"",""Task"":12,""SourceModuleType"":""im_msvistalog"",""RuleName"":""-"",""Hostname"":""James.browne"",""Keywords"":-9223372036854775808,""Version"":2,""ProcessGuid"":""{2d351099-5cc2-5f5f-3d04-000000000400}""}",2022-04-15T08:06:28.000+0000,8,15,6,april,28,friday,2022,local,,CreateKey,cybertees.net,cyber-host,windowslogs,1,60427,"{"""":"":\\\\\\."","""":"""","""":,"""":[""""],"""":,"""":""{----}"",""",Event_logs.json,_json,ip-10-10-40-195,,splunk,,2022-04-15T12:06:31.272Z,
1,,,,SYSTEM,User,,,,,,Registry object added or deleted (rule: RegistryEvent),Microsoft-Windows-Sysmon/Operational,,,,,,,,,,,,,,,,,,NT AUTHORITY,,,,,12,,2022-04-15 8:06:31,2022-04-15 8:06:30,INFO,3524,,,,,,,James.browne,C:\windows\system32\BackgroundTransferHost.exe,,,,,,,,,-9223372036854775808,,,,,,,,,"Registry object added or deleted:
RuleName: -
EventType: CreateKey
UtcTime: 2022-04-15 12:06:30.832
ProcessGuid: {2d351099-5cc2-5f5f-3d04-000000000400}
ProcessId: 5696
Image: C:\windows\system32\BackgroundTransferHost.exe
TargetObject: HKLM\SOFTWARE\Microsoft\SystemCertificates",,,,,,,,Info,0,,,,,,,,,,{2d351099-5cc2-5f5f-3d04-000000000400},5696,,,,{5770385F-C22A-43E0-BF4C-06F5698FFBD9},,,,426860,,,,,,,-,,INFO,2,,,,,,,,,,,,eventlog,im_msvistalog,Microsoft-Windows-Sysmon,,,,,,,,,,,,,,,,,HKLM\SOFTWARE\Microsoft\SystemCertificates,,,,,,,12,,,,4688,,,,,S-1-5-18,2022-04-15 12:06:31,2,,,"{""Image"":""C:\\windows\\system32\\BackgroundTransferHost.exe"",""ProcessId"":""5696"",""EventID"":12,""tags"":[""splunk""],""RecordNumber"":426860,""ProviderGuid"":""{5770385F-C22A-43E0-BF4C-06F5698FFBD9}"",""SourceName"":""Microsoft-Windows-Sysmon"",""OpcodeValue"":0,""EventTime"":""2022-04-15 08:06:30"",""AccountName"":""SYSTEM"",""host"":""cybertees.net"",""SeverityValue"":2,""ExecutionProcessID"":3524,""AccountType"":""User"",""Category"":""Registry object added or deleted (rule: RegistryEvent)"",""SourceModuleName"":""eventlog"",""Domain"":""NT AUTHORITY"",""Message"":""Registry object added or deleted:\r\nRuleName: -\r\nEventType: CreateKey\r\nUtcTime: 2022-04-15 12:06:30.832\r\nProcessGuid: {2d351099-5cc2-5f5f-3d04-000000000400}\r\nProcessId: 5696\r\nImage: C:\\windows\\system32\\BackgroundTransferHost.exe\r\nTargetObject: HKLM\\SOFTWARE\\Microsoft\\SystemCertificates"",""port"":60427,""UserID"":""S-1-5-18"",""UtcTime"":""2022-04-15 12:06:30.832"",""timestamp"":""2022-04-15T12:06:31.271Z"",""ThreadID"":4688,""Severity"":""INFO"",""EventTypeOrignal"":""INFO"",""EventType"":""CreateKey"",""Channel"":""Microsoft-Windows-Sysmon/Operational"",""TargetObject"":""HKLM\\SOFTWARE\\Microsoft\\SystemCertificates"",""Opcode"":""Info"",""EventReceivedTime"":""2022-04-15 08:06:31"",""@version"":""1"",""Task"":12,""SourceModuleType"":""im_msvistalog"",""RuleName"":""-"",""Hostname"":""James.browne"",""Keywords"":-9223372036854775808,""Version"":2,""ProcessGuid"":""{2d351099-5cc2-5f5f-3d04-000000000400}""}",2022-04-15T08:06:28.000+0000,8,15,6,april,28,friday,2022,local,,CreateKey,cybertees.net,cyber-host,windowslogs,1,60427,"{"""":"":\\\\\\."","""":"""","""":,"""":[""""],"""":,"""":""{----}"",""",Event_logs.json,_json,ip-10-10-40-195,,splunk,,2022-04-15T12:06:31.271Z,
1,,,,SYSTEM,User,,,,,,Registry object added or deleted (rule: RegistryEvent),Microsoft-Windows-Sysmon/Operational,,,,,,,,,,,,,,,,,,NT AUTHORITY,,,,,12,,2022-04-15 8:06:31,2022-04-15 8:06:30,INFO,3524,,,,,,,James.browne,C:\windows\system32\BackgroundTransferHost.exe,,,,,,,,,-9223372036854775808,,,,,,,,,"Registry object added or deleted:
RuleName: -
EventType: CreateKey
UtcTime: 2022-04-15 12:06:30.832
ProcessGuid: {2d351099-5cc2-5f5f-3d04-000000000400}
ProcessId: 5696
Image: C:\windows\system32\BackgroundTransferHost.exe
TargetObject: HKLM\SOFTWARE\Microsoft",,,,,,,,Info,0,,,,,,,,,,{2d351099-5cc2-5f5f-3d04-000000000400},5696,,,,{5770385F-C22A-43E0-BF4C-06F5698FFBD9},,,,426859,,,,,,,-,,INFO,2,,,,,,,,,,,,eventlog,im_msvistalog,Microsoft-Windows-Sysmon,,,,,,,,,,,,,,,,,HKLM\SOFTWARE\Microsoft,,,,,,,12,,,,4688,,,,,S-1-5-18,2022-04-15 12:06:31,2,,,"{""Image"":""C:\\windows\\system32\\BackgroundTransferHost.exe"",""ProcessId"":""5696"",""EventID"":12,""tags"":[""splunk""],""RecordNumber"":426859,""ProviderGuid"":""{5770385F-C22A-43E0-BF4C-06F5698FFBD9}"",""SourceName"":""Microsoft-Windows-Sysmon"",""OpcodeValue"":0,""EventTime"":""2022-04-15 08:06:30"",""AccountName"":""SYSTEM"",""host"":""cybertees.net"",""SeverityValue"":2,""ExecutionProcessID"":3524,""AccountType"":""User"",""Category"":""Registry object added or deleted (rule: RegistryEvent)"",""SourceModuleName"":""eventlog"",""Domain"":""NT AUTHORITY"",""Message"":""Registry object added or deleted:\r\nRuleName: -\r\nEventType: CreateKey\r\nUtcTime: 2022-04-15 12:06:30.832\r\nProcessGuid: {2d351099-5cc2-5f5f-3d04-000000000400}\r\nProcessId: 5696\r\nImage: C:\\windows\\system32\\BackgroundTransferHost.exe\r\nTargetObject: HKLM\\SOFTWARE\\Microsoft"",""port"":60427,""UserID"":""S-1-5-18"",""UtcTime"":""2022-04-15 12:06:30.832"",""timestamp"":""2022-04-15T12:06:31.271Z"",""ThreadID"":4688,""Severity"":""INFO"",""EventTypeOrignal"":""INFO"",""EventType"":""CreateKey"",""Channel"":""Microsoft-Windows-Sysmon/Operational"",""TargetObject"":""HKLM\\SOFTWARE\\Microsoft"",""Opcode"":""Info"",""EventReceivedTime"":""2022-04-15 08:06:31"",""@version"":""1"",""Task"":12,""SourceModuleType"":""im_msvistalog"",""RuleName"":""-"",""Hostname"":""James.browne"",""Keywords"":-9223372036854775808,""Version"":2,""ProcessGuid"":""{2d351099-5cc2-5f5f-3d04-000000000400}""}",2022-04-15T08:06:28.000+0000,8,15,6,april,28,friday,2022,local,,CreateKey,cybertees.net,cyber-host,windowslogs,1,60427,"{"""":"":\\\\\\."","""":"""","""":,"""":[""""],"""":,"""":""{----}"",""",Event_logs.json,_json,ip-10-10-40-195,,splunk,,2022-04-15T12:06:31.271Z,
1,,,,SYSTEM,User,,,,,,Registry object added or deleted (rule: RegistryEvent),Microsoft-Windows-Sysmon/Operational,,,,,,,,,,,,,,,,,,NT AUTHORITY,,,,,12,,2022-04-15 8:06:31,2022-04-15 8:06:30,INFO,3524,,,,,,,James.browne,C:\windows\system32\BackgroundTransferHost.exe,,,,,,,,,-9223372036854775808,,,,,,,,,"Registry object added or deleted:
RuleName: -
EventType: CreateKey
UtcTime: 2022-04-15 12:06:30.832
ProcessGuid: {2d351099-5cc2-5f5f-3d04-000000000400}
ProcessId: 5696
Image: C:\windows\system32\BackgroundTransferHost.exe
TargetObject: HKLM\SOFTWARE",,,,,,,,Info,0,,,,,,,,,,{2d351099-5cc2-5f5f-3d04-000000000400},5696,,,,{5770385F-C22A-43E0-BF4C-06F5698FFBD9},,,,426858,,,,,,,-,,INFO,2,,,,,,,,,,,,eventlog,im_msvistalog,Microsoft-Windows-Sysmon,,,,,,,,,,,,,,,,,HKLM\SOFTWARE,,,,,,,12,,,,4688,,,,,S-1-5-18,2022-04-15 12:06:31,2,,,"{""Image"":""C:\\windows\\system32\\BackgroundTransferHost.exe"",""ProcessId"":""5696"",""EventID"":12,""tags"":[""splunk""],""RecordNumber"":426858,""ProviderGuid"":""{5770385F-C22A-43E0-BF4C-06F5698FFBD9}"",""SourceName"":""Microsoft-Windows-Sysmon"",""OpcodeValue"":0,""EventTime"":""2022-04-15 08:06:30"",""AccountName"":""SYSTEM"",""host"":""cybertees.net"",""SeverityValue"":2,""ExecutionProcessID"":3524,""AccountType"":""User"",""Category"":""Registry object added or deleted (rule: RegistryEvent)"",""SourceModuleName"":""eventlog"",""Domain"":""NT AUTHORITY"",""Message"":""Registry object added or deleted:\r\nRuleName: -\r\nEventType: CreateKey\r\nUtcTime: 2022-04-15 12:06:30.832\r\nProcessGuid: {2d351099-5cc2-5f5f-3d04-000000000400}\r\nProcessId: 5696\r\nImage: C:\\windows\\system32\\BackgroundTransferHost.exe\r\nTargetObject: HKLM\\SOFTWARE"",""port"":60427,""UserID"":""S-1-5-18"",""UtcTime"":""2022-04-15 12:06:30.832"",""timestamp"":""2022-04-15T12:06:31.271Z"",""ThreadID"":4688,""Severity"":""INFO"",""EventTypeOrignal"":""INFO"",""EventType"":""CreateKey"",""Channel"":""Microsoft-Windows-Sysmon/Operational"",""TargetObject"":""HKLM\\SOFTWARE"",""Opcode"":""Info"",""EventReceivedTime"":""2022-04-15 08:06:31"",""@version"":""1"",""Task"":12,""SourceModuleType"":""im_msvistalog"",""RuleName"":""-"",""Hostname"":""James.browne"",""Keywords"":-9223372036854775808,""Version"":2,""ProcessGuid"":""{2d351099-5cc2-5f5f-3d04-000000000400}""}",2022-04-15T08:06:28.000+0000,8,15,6,april,28,friday,2022,local,,CreateKey,cybertees.net,cyber-host,windowslogs,1,60427,"{"""":"":\\\\\\."","""":"""","""":,"""":[""""],"""":,"""":""{----}"",""",Event_logs.json,_json,ip-10-10-40-195,,splunk,,2022-04-15T12:06:31.271Z,
1,,,,SYSTEM,User,,,,,,Registry object added or deleted (rule: RegistryEvent),Microsoft-Windows-Sysmon/Operational,,,,,,,,,,,,,,,,,,NT AUTHORITY,,,,,12,,2022-04-15 8:06:31,2022-04-15 8:06:30,INFO,3524,,,,,,,James.browne,C:\windows\system32\BackgroundTransferHost.exe,,,,,,,,,-9223372036854775808,,,,,,,,,"Registry object added or deleted:
RuleName: -
EventType: CreateKey
UtcTime: 2022-04-15 12:06:30.832
ProcessGuid: {2d351099-5cc2-5f5f-3d04-000000000400}
ProcessId: 5696
Image: C:\windows\system32\BackgroundTransferHost.exe
TargetObject: HKU\S-1-5-21-4020993649-1037605423-417876593-500\Software\Microsoft\Windows\CurrentVersion\WinTrust\Trust Providers\Software Publishing",,,,,,,,Info,0,,,,,,,,,,{2d351099-5cc2-5f5f-3d04-000000000400},5696,,,,{5770385F-C22A-43E0-BF4C-06F5698FFBD9},,,,426857,,,,,,,-,,INFO,2,,,,,,,,,,,,eventlog,im_msvistalog,Microsoft-Windows-Sysmon,,,,,,,,,,,,,,,,,HKU\S-1-5-21-4020993649-1037605423-417876593-500\Software\Microsoft\Windows\CurrentVersion\WinTrust\Trust Providers\Software Publishing,,,,,,,12,,,,4688,,,,,S-1-5-18,2022-04-15 12:06:31,2,,,"{""Image"":""C:\\windows\\system32\\BackgroundTransferHost.exe"",""ProcessId"":""5696"",""EventID"":12,""tags"":[""splunk""],""RecordNumber"":426857,""ProviderGuid"":""{5770385F-C22A-43E0-BF4C-06F5698FFBD9}"",""SourceName"":""Microsoft-Windows-Sysmon"",""OpcodeValue"":0,""EventTime"":""2022-04-15 08:06:30"",""AccountName"":""SYSTEM"",""host"":""cybertees.net"",""SeverityValue"":2,""ExecutionProcessID"":3524,""AccountType"":""User"",""Category"":""Registry object added or deleted (rule: RegistryEvent)"",""SourceModuleName"":""eventlog"",""Domain"":""NT AUTHORITY"",""Message"":""Registry object added or deleted:\r\nRuleName: -\r\nEventType: CreateKey\r\nUtcTime: 2022-04-15 12:06:30.832\r\nProcessGuid: {2d351099-5cc2-5f5f-3d04-000000000400}\r\nProcessId: 5696\r\nImage: C:\\windows\\system32\\BackgroundTransferHost.exe\r\nTargetObject: HKU\\S-1-5-21-4020993649-1037605423-417876593-500\\Software\\Microsoft\\Windows\\CurrentVersion\\WinTrust\\Trust Providers\\Software Publishing"",""port"":60427,""UserID"":""S-1-5-18"",""UtcTime"":""2022-04-15 12:06:30.832"",""timestamp"":""2022-04-15T12:06:31.270Z"",""ThreadID"":4688,""Severity"":""INFO"",""EventTypeOrignal"":""INFO"",""EventType"":""CreateKey"",""Channel"":""Microsoft-Windows-Sysmon/Operational"",""TargetObject"":""HKU\\S-1-5-21-4020993649-1037605423-417876593-500\\Software\\Microsoft\\Windows\\CurrentVersion\\WinTrust\\Trust Providers\\Software Publishing"",""Opcode"":""Info"",""EventReceivedTime"":""2022-04-15 08:06:31"",""@version"":""1"",""Task"":12,""SourceModuleType"":""im_msvistalog"",""RuleName"":""-"",""Hostname"":""James.browne"",""Keywords"":-9223372036854775808,""Version"":2,""ProcessGuid"":""{2d351099-5cc2-5f5f-3d04-000000000400}""}",2022-04-15T08:06:28.000+0000,8,15,6,april,28,friday,2022,local,,CreateKey,cybertees.net,cyber-host,windowslogs,1,60427,"{"""":"":\\\\\\."","""":"""","""":,"""":[""""],"""":,"""":""{----}"",""",Event_logs.json,_json,ip-10-10-40-195,,splunk,,2022-04-15T12:06:31.270Z,
1,,,,SYSTEM,User,,,,,,Registry object added or deleted (rule: RegistryEvent),Microsoft-Windows-Sysmon/Operational,,,,,,,,,,,,,,,,,,NT AUTHORITY,,,,,12,,2022-04-15 8:06:31,2022-04-15 8:06:30,INFO,3524,,,,,,,James.browne,C:\windows\system32\BackgroundTransferHost.exe,,,,,,,,,-9223372036854775808,,,,,,,,,"Registry object added or deleted:
RuleName: -
EventType: CreateKey
UtcTime: 2022-04-15 12:06:30.832
ProcessGuid: {2d351099-5cc2-5f5f-3d04-000000000400}
ProcessId: 5696
Image: C:\windows\system32\BackgroundTransferHost.exe
TargetObject: HKU\S-1-5-21-4020993649-1037605423-417876593-500\Software\Microsoft\Windows\CurrentVersion\WinTrust\Trust Providers\Software Publishing",,,,,,,,Info,0,,,,,,,,,,{2d351099-5cc2-5f5f-3d04-000000000400},5696,,,,{5770385F-C22A-43E0-BF4C-06F5698FFBD9},,,,426856,,,,,,,-,,INFO,2,,,,,,,,,,,,eventlog,im_msvistalog,Microsoft-Windows-Sysmon,,,,,,,,,,,,,,,,,HKU\S-1-5-21-4020993649-1037605423-417876593-500\Software\Microsoft\Windows\CurrentVersion\WinTrust\Trust Providers\Software Publishing,,,,,,,12,,,,4688,,,,,S-1-5-18,2022-04-15 12:06:31,2,,,"{""Image"":""C:\\windows\\system32\\BackgroundTransferHost.exe"",""ProcessId"":""5696"",""EventID"":12,""tags"":[""splunk""],""RecordNumber"":426856,""ProviderGuid"":""{5770385F-C22A-43E0-BF4C-06F5698FFBD9}"",""SourceName"":""Microsoft-Windows-Sysmon"",""OpcodeValue"":0,""EventTime"":""2022-04-15 08:06:30"",""AccountName"":""SYSTEM"",""host"":""cybertees.net"",""SeverityValue"":2,""ExecutionProcessID"":3524,""AccountType"":""User"",""Category"":""Registry object added or deleted (rule: RegistryEvent)"",""SourceModuleName"":""eventlog"",""Domain"":""NT AUTHORITY"",""Message"":""Registry object added or deleted:\r\nRuleName: -\r\nEventType: CreateKey\r\nUtcTime: 2022-04-15 12:06:30.832\r\nProcessGuid: {2d351099-5cc2-5f5f-3d04-000000000400}\r\nProcessId: 5696\r\nImage: C:\\windows\\system32\\BackgroundTransferHost.exe\r\nTargetObject: HKU\\S-1-5-21-4020993649-1037605423-417876593-500\\Software\\Microsoft\\Windows\\CurrentVersion\\WinTrust\\Trust Providers\\Software Publishing"",""port"":60427,""UserID"":""S-1-5-18"",""UtcTime"":""2022-04-15 12:06:30.832"",""timestamp"":""2022-04-15T12:06:31.269Z"",""ThreadID"":4688,""Severity"":""INFO"",""EventTypeOrignal"":""INFO"",""EventType"":""CreateKey"",""Channel"":""Microsoft-Windows-Sysmon/Operational"",""TargetObject"":""HKU\\S-1-5-21-4020993649-1037605423-417876593-500\\Software\\Microsoft\\Windows\\CurrentVersion\\WinTrust\\Trust Providers\\Software Publishing"",""Opcode"":""Info"",""EventReceivedTime"":""2022-04-15 08:06:31"",""@version"":""1"",""Task"":12,""SourceModuleType"":""im_msvistalog"",""RuleName"":""-"",""Hostname"":""James.browne"",""Keywords"":-9223372036854775808,""Version"":2,""ProcessGuid"":""{2d351099-5cc2-5f5f-3d04-000000000400}""}",2022-04-15T08:06:28.000+0000,8,15,6,april,28,friday,2022,local,,CreateKey,cybertees.net,cyber-host,windowslogs,1,60427,"{"""":"":\\\\\\."","""":"""","""":,"""":[""""],"""":,"""":""{----}"",""",Event_logs.json,_json,ip-10-10-40-195,,splunk,,2022-04-15T12:06:31.269Z,
1,,,,SYSTEM,User,,,,,,Registry object added or deleted (rule: RegistryEvent),Microsoft-Windows-Sysmon/Operational,,,,,,,,,,,,,,,,,,NT AUTHORITY,,,,,12,,2022-04-15 8:06:31,2022-04-15 8:06:30,INFO,3524,,,,,,,James.browne,C:\windows\system32\BackgroundTransferHost.exe,,,,,,,,,-9223372036854775808,,,,,,,,,"Registry object added or deleted:
RuleName: -
EventType: CreateKey
UtcTime: 2022-04-15 12:06:30.832
ProcessGuid: {2d351099-5cc2-5f5f-3d04-000000000400}
ProcessId: 5696
Image: C:\windows\system32\BackgroundTransferHost.exe
TargetObject: HKU\S-1-5-21-4020993649-1037605423-417876593-500\Software\Microsoft\Windows\CurrentVersion\WinTrust\Trust Providers\Software Publishing",,,,,,,,Info,0,,,,,,,,,,{2d351099-5cc2-5f5f-3d04-000000000400},5696,,,,{5770385F-C22A-43E0-BF4C-06F5698FFBD9},,,,426855,,,,,,,-,,INFO,2,,,,,,,,,,,,eventlog,im_msvistalog,Microsoft-Windows-Sysmon,,,,,,,,,,,,,,,,,HKU\S-1-5-21-4020993649-1037605423-417876593-500\Software\Microsoft\Windows\CurrentVersion\WinTrust\Trust Providers\Software Publishing,,,,,,,12,,,,4688,,,,,S-1-5-18,2022-04-15 12:06:31,2,,,"{""Image"":""C:\\windows\\system32\\BackgroundTransferHost.exe"",""ProcessId"":""5696"",""EventID"":12,""tags"":[""splunk""],""RecordNumber"":426855,""ProviderGuid"":""{5770385F-C22A-43E0-BF4C-06F5698FFBD9}"",""SourceName"":""Microsoft-Windows-Sysmon"",""OpcodeValue"":0,""EventTime"":""2022-04-15 08:06:30"",""AccountName"":""SYSTEM"",""host"":""cybertees.net"",""SeverityValue"":2,""ExecutionProcessID"":3524,""AccountType"":""User"",""Category"":""Registry object added or deleted (rule: RegistryEvent)"",""SourceModuleName"":""eventlog"",""Domain"":""NT AUTHORITY"",""Message"":""Registry object added or deleted:\r\nRuleName: -\r\nEventType: CreateKey\r\nUtcTime: 2022-04-15 12:06:30.832\r\nProcessGuid: {2d351099-5cc2-5f5f-3d04-000000000400}\r\nProcessId: 5696\r\nImage: C:\\windows\\system32\\BackgroundTransferHost.exe\r\nTargetObject: HKU\\S-1-5-21-4020993649-1037605423-417876593-500\\Software\\Microsoft\\Windows\\CurrentVersion\\WinTrust\\Trust Providers\\Software Publishing"",""port"":60427,""UserID"":""S-1-5-18"",""UtcTime"":""2022-04-15 12:06:30.832"",""timestamp"":""2022-04-15T12:06:31.269Z"",""ThreadID"":4688,""Severity"":""INFO"",""EventTypeOrignal"":""INFO"",""EventType"":""CreateKey"",""Channel"":""Microsoft-Windows-Sysmon/Operational"",""TargetObject"":""HKU\\S-1-5-21-4020993649-1037605423-417876593-500\\Software\\Microsoft\\Windows\\CurrentVersion\\WinTrust\\Trust Providers\\Software Publishing"",""Opcode"":""Info"",""EventReceivedTime"":""2022-04-15 08:06:31"",""@version"":""1"",""Task"":12,""SourceModuleType"":""im_msvistalog"",""RuleName"":""-"",""Hostname"":""James.browne"",""Keywords"":-9223372036854775808,""Version"":2,""ProcessGuid"":""{2d351099-5cc2-5f5f-3d04-000000000400}""}",2022-04-15T08:06:28.000+0000,8,15,6,april,28,friday,2022,local,,CreateKey,cybertees.net,cyber-host,windowslogs,1,60427,"{"""":"":\\\\\\."","""":"""","""":,"""":[""""],"""":,"""":""{----}"",""",Event_logs.json,_json,ip-10-10-40-195,,splunk,,2022-04-15T12:06:31.269Z,
1,,,,SYSTEM,User,,,,,,Image loaded (rule: ImageLoad),Microsoft-Windows-Sysmon/Operational,,Microsoft Corporation,,,,Microsoft Enhanced Cryptographic Provider,,,,,,,,,,,,NT AUTHORITY,,,,,7,,2022-04-15 8:06:31,2022-04-15 8:06:30,,3524,10.0.18362.1 (WinBuild.160101.0800),,,,,"SHA1=09310F93E62D8B8BCBBEA36CB3AAF78CB98798EF,MD5=D3102BD5CD3C24E02C68CF6770379402,SHA256=49BF93C5C4D0D4AEE050ED83193DCF3FCB08D50DB5F0B7740436B24B83D14023,IMPHASH=A4C20B1A7B632846186AD47A0810709E",James.browne,C:\Windows\System32\BackgroundTransferHost.exe,C:\Windows\System32\rsaenh.dll,,,,,,,,-9223372036854775808,,,,,,,,,"Image loaded:
RuleName: -
UtcTime: 2022-04-15 12:06:30.832
ProcessGuid: {2d351099-5cc2-5f5f-3d04-000000000400}
ProcessId: 5696
Image: C:\Windows\System32\BackgroundTransferHost.exe
ImageLoaded: C:\Windows\System32\rsaenh.dll
FileVersion: 10.0.18362.1 (WinBuild.160101.0800)
Description: Microsoft Enhanced Cryptographic Provider
Product: Microsoft® Windows® Operating System
Company: Microsoft Corporation
OriginalFileName: rsaenh.dll
Hashes: SHA1=09310F93E62D8B8BCBBEA36CB3AAF78CB98798EF,MD5=D3102BD5CD3C24E02C68CF6770379402,SHA256=49BF93C5C4D0D4AEE050ED83193DCF3FCB08D50DB5F0B7740436B24B83D14023,IMPHASH=A4C20B1A7B632846186AD47A0810709E
Signed: true
Signature: Microsoft Windows
SignatureStatus: Valid",,,,,,,,Info,0,rsaenh.dll,,,,,,,,,{2d351099-5cc2-5f5f-3d04-000000000400},5696,,Microsoft® Windows® Operating System,,{5770385F-C22A-43E0-BF4C-06F5698FFBD9},,,,426854,,,,,,,-,,INFO,2,,,Microsoft Windows,Valid,TRUE,,,,,,,eventlog,im_msvistalog,Microsoft-Windows-Sysmon,,,,,,,,,,,,,,,,,,,,,,,,7,,,,4688,,,,,S-1-5-18,2022-04-15 12:06:31,3,,,"{""EventID"":7,""RecordNumber"":426854,""ProviderGuid"":""{5770385F-C22A-43E0-BF4C-06F5698FFBD9}"",""SourceName"":""Microsoft-Windows-Sysmon"",""OpcodeValue"":0,""AccountName"":""SYSTEM"",""SignatureStatus"":""Valid"",""SourceModuleName"":""eventlog"",""ExecutionProcessID"":3524,""AccountType"":""User"",""Category"":""Image loaded (rule: ImageLoad)"",""Domain"":""NT AUTHORITY"",""port"":60427,""Company"":""Microsoft Corporation"",""ThreadID"":4688,""Severity"":""INFO"",""EventType"":""INFO"",""Signed"":""true"",""Channel"":""Microsoft-Windows-Sysmon/Operational"",""Opcode"":""Info"",""EventReceivedTime"":""2022-04-15 08:06:31"",""ImageLoaded"":""C:\\Windows\\System32\\rsaenh.dll"",""Task"":7,""RuleName"":""-"",""Keywords"":-9223372036854775808,""Version"":3,""ProcessId"":""5696"",""Image"":""C:\\Windows\\System32\\BackgroundTransferHost.exe"",""Product"":""Microsoft® Windows® Operating System"",""tags"":[""splunk""],""EventTime"":""2022-04-15 08:06:30"",""host"":""cybertees.net"",""SeverityValue"":2,""Message"":""Image loaded:\r\nRuleName: -\r\nUtcTime: 2022-04-15 12:06:30.832\r\nProcessGuid: {2d351099-5cc2-5f5f-3d04-000000000400}\r\nProcessId: 5696\r\nImage: C:\\Windows\\System32\\BackgroundTransferHost.exe\r\nImageLoaded: C:\\Windows\\System32\\rsaenh.dll\r\nFileVersion: 10.0.18362.1 (WinBuild.160101.0800)\r\nDescription: Microsoft Enhanced Cryptographic Provider\r\nProduct: Microsoft® Windows® Operating System\r\nCompany: Microsoft Corporation\r\nOriginalFileName: rsaenh.dll\r\nHashes: SHA1=09310F93E62D8B8BCBBEA36CB3AAF78CB98798EF,MD5=D3102BD5CD3C24E02C68CF6770379402,SHA256=49BF93C5C4D0D4AEE050ED83193DCF3FCB08D50DB5F0B7740436B24B83D14023,IMPHASH=A4C20B1A7B632846186AD47A0810709E\r\nSigned: true\r\nSignature: Microsoft Windows\r\nSignatureStatus: Valid"",""UtcTime"":""2022-04-15 12:06:30.832"",""UserID"":""S-1-5-18"",""FileVersion"":""10.0.18362.1 (WinBuild.160101.0800)"",""Description"":""Microsoft Enhanced Cryptographic Provider"",""OriginalFileName"":""rsaenh.dll"",""timestamp"":""2022-04-15T12:06:31.269Z"",""Hashes"":""SHA1=09310F93E62D8B8BCBBEA36CB3AAF78CB98798EF,MD5=D3102BD5CD3C24E02C68CF6770379402,SHA256=49BF93C5C4D0D4AEE050ED83193DCF3FCB08D50DB5F0B7740436B24B83D14023,IMPHASH=A4C20B1A7B632846186AD47A0810709E"",""Signature"":""Microsoft Windows"",""@version"":""1"",""SourceModuleType"":""im_msvistalog"",""Hostname"":""James.browne"",""ProcessGuid"":""{2d351099-5cc2-5f5f-3d04-000000000400}""}",2022-04-15T08:06:28.000+0000,8,15,6,april,28,friday,2022,local,,INFO,cybertees.net,cyber-host,windowslogs,1,60427,"{"""":,"""":,"""":""{----}"","""":""--"","""":,"""":"""","""":"""","""":""""",Event_logs.json,_json,ip-10-10-40-195,,splunk,,2022-04-15T12:06:31.269Z,
