1,,,,,,,,,,,Sensitive Privilege Use,Security,,,,,,,,,,,,,,,,,,,,,,,4673,,2022-04-15 8:06:02,2022-04-15 8:06:02,,4,,,,,,,Micheal.Beaven,,,,,,,,,,-9214364837600034816,,,,,,,,,"A privileged service was called.

Subject:
	Security ID:		S-1-5-18
	Account Name:		WORKSTATION6$
	Account Domain:		Cybertees
	Logon ID:		0x3E7

Service:
	Server:	NT Local Security Authority / Authentication Service
	Service Name:	LsaRegisterLogonProcess()

Process:
	Process ID:	0x2e4
	Process Name:	C:\Windows\System32\lsass.exe

Service Request Information:
	Privileges:		SeTcbPrivilege",,,,,NT Local Security Authority / Authentication Service,,,Info,0,,,,,,,,,SeTcbPrivilege,,0x2e4,C:\Windows\System32\lsass.exe,,,{54849625-5478-4994-A5BA-3E3B0328C30D},,,,55879,,,,,,,,LsaRegisterLogonProcess(),INFO,2,,,,,,,,,,,,eventlog,im_msvistalog,Microsoft-Windows-Security-Auditing,,,,,,,Cybertees,0x3e7,WORKSTATION6$,S-1-5-18,,,,,,,,,,,,,,13056,,,,4120,,,,,,,0,,,"{""ProcessId"":""0x2e4"",""tags"":[""splunk""],""EventID"":4673,""RecordNumber"":55879,""ProviderGuid"":""{54849625-5478-4994-A5BA-3E3B0328C30D}"",""SourceName"":""Microsoft-Windows-Security-Auditing"",""OpcodeValue"":0,""EventTime"":""2022-04-15 08:06:02"",""SubjectUserSid"":""S-1-5-18"",""host"":""cybertees.net"",""SeverityValue"":2,""ExecutionProcessID"":4,""Category"":""Sensitive Privilege Use"",""SubjectLogonId"":""0x3e7"",""Service"":""LsaRegisterLogonProcess()"",""SourceModuleName"":""eventlog"",""Message"":""A privileged service was called.\r\n\r\nSubject:\r\n\tSecurity ID:\t\tS-1-5-18\r\n\tAccount Name:\t\tWORKSTATION6$\r\n\tAccount Domain:\t\tCybertees\r\n\tLogon ID:\t\t0x3E7\r\n\r\nService:\r\n\tServer:\tNT Local Security Authority / Authentication Service\r\n\tService Name:\tLsaRegisterLogonProcess()\r\n\r\nProcess:\r\n\tProcess ID:\t0x2e4\r\n\tProcess Name:\tC:\\Windows\\System32\\lsass.exe\r\n\r\nService Request Information:\r\n\tPrivileges:\t\tSeTcbPrivilege"",""port"":60427,""timestamp"":""2022-04-15T12:06:02.654Z"",""ThreadID"":4120,""SubjectUserName"":""WORKSTATION6$"",""Severity"":""INFO"",""ObjectServer"":""NT Local Security Authority / Authentication Service"",""ProcessName"":""C:\\Windows\\System32\\lsass.exe"",""EventType"":""AUDIT_SUCCESS"",""Channel"":""Security"",""Opcode"":""Info"",""EventReceivedTime"":""2022-04-15 08:06:02"",""@version"":""1"",""Task"":13056,""SubjectDomainName"":""Cybertees"",""SourceModuleType"":""im_msvistalog"",""Hostname"":""Micheal.Beaven"",""Keywords"":-9214364837600034816,""Version"":0,""PrivilegeList"":""SeTcbPrivilege""}",2022-04-15T08:06:02.000+0000,8,15,6,april,2,friday,2022,local,,AUDIT_SUCCESS,cybertees.net,cyber-host,windowslogs,1,60427,"{"""":"""","""":[""""],"""":,"""":,"""":""{----}"","""":""---"","""":,""""",Event_logs.json,_json,ip-10-10-40-195,,splunk,,2022-04-15T12:06:02.654Z,
1,,,,SYSTEM,User,,,,,,Image loaded (rule: ImageLoad),Microsoft-Windows-Sysmon/Operational,,Microsoft Corporation,,,,Kerberos Security Package,,,,,,,,,,,,NT AUTHORITY,,,,,7,,2022-04-15 8:06:02,2022-04-15 8:06:02,,3348,10.0.18362.1016 (WinBuild.160101.0800),,,,,"SHA1=F1B4A5DEF12D8AD51EDB51E72D90F7055BAA6A51,MD5=6EFE2312EAD0EA0027281FE28929578B,SHA256=3E3FBBAE470FF2DA48E37596C1241C2BD81A8261BD461EFA1EF1598B5966A63B,IMPHASH=B50B0756F7F0C467D73295C6BD962D8C",Micheal.Beaven,C:\Windows\System32\svchost.exe,C:\Windows\System32\kerberos.dll,,,,,,,,-9223372036854775808,,,,,,,,,"Image loaded:
RuleName: -
UtcTime: 2022-04-15 12:06:02.155
ProcessGuid: {83d0c8c3-43d3-5f5f-4300-000000000400}
ProcessId: 2368
Image: C:\Windows\System32\svchost.exe
ImageLoaded: C:\Windows\System32\kerberos.dll
FileVersion: 10.0.18362.1016 (WinBuild.160101.0800)
Description: Kerberos Security Package
Product: Microsoft® Windows® Operating System
Company: Microsoft Corporation
OriginalFileName: kerberos.dll
Hashes: SHA1=F1B4A5DEF12D8AD51EDB51E72D90F7055BAA6A51,MD5=6EFE2312EAD0EA0027281FE28929578B,SHA256=3E3FBBAE470FF2DA48E37596C1241C2BD81A8261BD461EFA1EF1598B5966A63B,IMPHASH=B50B0756F7F0C467D73295C6BD962D8C
Signed: true
Signature: Microsoft Windows
SignatureStatus: Valid",,,,,,,,Info,0,kerberos.dll,,,,,,,,,{83d0c8c3-43d3-5f5f-4300-000000000400},2368,,Microsoft® Windows® Operating System,,{5770385F-C22A-43E0-BF4C-06F5698FFBD9},,,,183046,,,,,,,-,,INFO,2,,,Microsoft Windows,Valid,TRUE,,,,,,,eventlog,im_msvistalog,Microsoft-Windows-Sysmon,,,,,,,,,,,,,,,,,,,,,,,,7,,,,4532,,,,,S-1-5-18,2022-04-15 12:06:02,3,,,"{""EventID"":7,""RecordNumber"":183046,""ProviderGuid"":""{5770385F-C22A-43E0-BF4C-06F5698FFBD9}"",""SourceName"":""Microsoft-Windows-Sysmon"",""OpcodeValue"":0,""AccountName"":""SYSTEM"",""SignatureStatus"":""Valid"",""SourceModuleName"":""eventlog"",""ExecutionProcessID"":3348,""AccountType"":""User"",""Category"":""Image loaded (rule: ImageLoad)"",""Domain"":""NT AUTHORITY"",""port"":60427,""Company"":""Microsoft Corporation"",""ThreadID"":4532,""Severity"":""INFO"",""EventType"":""INFO"",""Signed"":""true"",""Channel"":""Microsoft-Windows-Sysmon/Operational"",""Opcode"":""Info"",""EventReceivedTime"":""2022-04-15 08:06:02"",""ImageLoaded"":""C:\\Windows\\System32\\kerberos.dll"",""Task"":7,""RuleName"":""-"",""Keywords"":-9223372036854775808,""Version"":3,""ProcessId"":""2368"",""Image"":""C:\\Windows\\System32\\svchost.exe"",""Product"":""Microsoft® Windows® Operating System"",""tags"":[""splunk""],""EventTime"":""2022-04-15 08:06:02"",""host"":""cybertees.net"",""SeverityValue"":2,""Message"":""Image loaded:\r\nRuleName: -\r\nUtcTime: 2022-04-15 12:06:02.155\r\nProcessGuid: {83d0c8c3-43d3-5f5f-4300-000000000400}\r\nProcessId: 2368\r\nImage: C:\\Windows\\System32\\svchost.exe\r\nImageLoaded: C:\\Windows\\System32\\kerberos.dll\r\nFileVersion: 10.0.18362.1016 (WinBuild.160101.0800)\r\nDescription: Kerberos Security Package\r\nProduct: Microsoft® Windows® Operating System\r\nCompany: Microsoft Corporation\r\nOriginalFileName: kerberos.dll\r\nHashes: SHA1=F1B4A5DEF12D8AD51EDB51E72D90F7055BAA6A51,MD5=6EFE2312EAD0EA0027281FE28929578B,SHA256=3E3FBBAE470FF2DA48E37596C1241C2BD81A8261BD461EFA1EF1598B5966A63B,IMPHASH=B50B0756F7F0C467D73295C6BD962D8C\r\nSigned: true\r\nSignature: Microsoft Windows\r\nSignatureStatus: Valid"",""UtcTime"":""2022-04-15 12:06:02.155"",""UserID"":""S-1-5-18"",""FileVersion"":""10.0.18362.1016 (WinBuild.160101.0800)"",""Description"":""Kerberos Security Package"",""OriginalFileName"":""kerberos.dll"",""timestamp"":""2022-04-15T12:06:02.653Z"",""Hashes"":""SHA1=F1B4A5DEF12D8AD51EDB51E72D90F7055BAA6A51,MD5=6EFE2312EAD0EA0027281FE28929578B,SHA256=3E3FBBAE470FF2DA48E37596C1241C2BD81A8261BD461EFA1EF1598B5966A63B,IMPHASH=B50B0756F7F0C467D73295C6BD962D8C"",""Signature"":""Microsoft Windows"",""@version"":""1"",""SourceModuleType"":""im_msvistalog"",""Hostname"":""Micheal.Beaven"",""ProcessGuid"":""{83d0c8c3-43d3-5f5f-4300-000000000400}""}",2022-04-15T08:06:02.000+0000,8,15,6,april,2,friday,2022,local,,INFO,cybertees.net,cyber-host,windowslogs,1,60427,"{"""":,"""":,"""":""{----}"","""":""--"","""":,"""":"""","""":"""","""":""""",Event_logs.json,_json,ip-10-10-40-195,,splunk,,2022-04-15T12:06:02.653Z,
1,,,,,,{E0F7BC1B-4488-0000-8D57-1F92808AD601},,,,,Group Membership,Security,,,,,,,,,,,,,,,,,,,,,,1,4627,1,2022-04-15 8:06:02,2022-04-15 8:06:02,,740,,,,"
		%{S-1-5-21-4020993649-1037605423-417876593-513}
		%{S-1-1-0}
		%{S-1-5-32-545}
		%{S-1-5-32-555}
		%{S-1-5-32-544}
		%{S-1-5-2}
		%{S-1-5-11}
		%{S-1-5-15}
		%{S-1-5-21-4020993649-1037605423-417876593-512}
		%{S-1-5-21-4020993649-1037605423-417876593-519}
		%{S-1-5-21-4020993649-1037605423-417876593-518}
		%{S-1-18-1}
		%{S-1-5-21-4020993649-1037605423-417876593-572}
		%{S-1-16-12288}",,,Micheal.Beaven,,,,,,,,,,-9214364837600034816,,,,,,,3,,"Group membership information.

Subject:
	Security ID:		S-1-0-0
	Account Name:		-
	Account Domain:		-
	Logon ID:		0x0

Logon Type:			3

New Logon:
	Security ID:		S-1-5-21-4020993649-1037605423-417876593-1104
	Account Name:		James
	Account Domain:		Cybertees.LOCAL
	Logon ID:		0x55100B

Event in sequence:		1 of 1

Group Membership:			
		%{S-1-5-21-4020993649-1037605423-417876593-513}
		%{S-1-1-0}
		%{S-1-5-32-545}
		%{S-1-5-32-555}
		%{S-1-5-32-544}
		%{S-1-5-2}
		%{S-1-5-11}
		%{S-1-5-15}
		%{S-1-5-21-4020993649-1037605423-417876593-512}
		%{S-1-5-21-4020993649-1037605423-417876593-519}
		%{S-1-5-21-4020993649-1037605423-417876593-518}
		%{S-1-18-1}
		%{S-1-5-21-4020993649-1037605423-417876593-572}
		%{S-1-16-12288}

The subject fields indicate the account on the local system which requested the logon. This is most commonly a service such as the Server service, or a local process such as Winlogon.exe or Services.exe.

The logon type field indicates the kind of logon that occurred. The most common types are 2 (interactive) and 3 (network).

The New Logon fields indicate the account for whom the new logon was created, i.e. the account that was logged on.

This event is generated when the Audit Group Membership subcategory is configured.  The Logon ID field can be used to correlate this event with the corresponding user logon event as well as to any other security audit events generated during this logon session.",,,,,,,,Info,0,,,,,,,,,,,,,,,{54849625-5478-4994-A5BA-3E3B0328C30D},,,,55878,,,,,,,,,INFO,2,,,,,,,,,,,,eventlog,im_msvistalog,Microsoft-Windows-Security-Auditing,,,,,,,-,0x0,-,S-1-0-0,Cybertees.LOCAL,,,,,0x55100b,,,,,,James,S-1-5-21-4020993649-1037605423-417876593-1104,12554,,,,3872,,,,,,,0,,,"{""EventID"":4627,""RecordNumber"":55878,""ProviderGuid"":""{54849625-5478-4994-A5BA-3E3B0328C30D}"",""SourceName"":""Microsoft-Windows-Security-Auditing"",""OpcodeValue"":0,""EventTime"":""2022-04-15 08:06:02"",""SubjectUserSid"":""S-1-0-0"",""host"":""cybertees.net"",""SeverityValue"":2,""ExecutionProcessID"":740,""Category"":""Group Membership"",""SubjectLogonId"":""0x0"",""TargetUserName"":""James"",""SourceModuleName"":""eventlog"",""ActivityID"":""{E0F7BC1B-4488-0000-8D57-1F92808AD601}"",""Message"":""Group membership information.\r\n\r\nSubject:\r\n\tSecurity ID:\t\tS-1-0-0\r\n\tAccount Name:\t\t-\r\n\tAccount Domain:\t\t-\r\n\tLogon ID:\t\t0x0\r\n\r\nLogon Type:\t\t\t3\r\n\r\nNew Logon:\r\n\tSecurity ID:\t\tS-1-5-21-4020993649-1037605423-417876593-1104\r\n\tAccount Name:\t\tJames\r\n\tAccount Domain:\t\tCybertees.LOCAL\r\n\tLogon ID:\t\t0x55100B\r\n\r\nEvent in sequence:\t\t1 of 1\r\n\r\nGroup Membership:\t\t\t\r\n\t\t%{S-1-5-21-4020993649-1037605423-417876593-513}\r\n\t\t%{S-1-1-0}\r\n\t\t%{S-1-5-32-545}\r\n\t\t%{S-1-5-32-555}\r\n\t\t%{S-1-5-32-544}\r\n\t\t%{S-1-5-2}\r\n\t\t%{S-1-5-11}\r\n\t\t%{S-1-5-15}\r\n\t\t%{S-1-5-21-4020993649-1037605423-417876593-512}\r\n\t\t%{S-1-5-21-4020993649-1037605423-417876593-519}\r\n\t\t%{S-1-5-21-4020993649-1037605423-417876593-518}\r\n\t\t%{S-1-18-1}\r\n\t\t%{S-1-5-21-4020993649-1037605423-417876593-572}\r\n\t\t%{S-1-16-12288}\r\n\r\nThe subject fields indicate the account on the local system which requested the logon. This is most commonly a service such as the Server service, or a local process such as Winlogon.exe or Services.exe.\r\n\r\nThe logon type field indicates the kind of logon that occurred. The most common types are 2 (interactive) and 3 (network).\r\n\r\nThe New Logon fields indicate the account for whom the new logon was created, i.e. the account that was logged on.\r\n\r\nThis event is generated when the Audit Group Membership subcategory is configured.  The Logon ID field can be used to correlate this event with the corresponding user logon event as well as to any other security audit events generated during this logon session."",""port"":60427,""TargetUserSid"":""S-1-5-21-4020993649-1037605423-417876593-1104"",""timestamp"":""2022-04-15T12:06:02.653Z"",""ThreadID"":3872,""SubjectUserName"":""-"",""EventCountTotal"":""1"",""Severity"":""INFO"",""EventType"":""AUDIT_SUCCESS"",""Channel"":""Security"",""TargetLogonId"":""0x55100b"",""EventIdx"":""1"",""Opcode"":""Info"",""EventReceivedTime"":""2022-04-15 08:06:02"",""@version"":""1"",""Task"":12554,""SubjectDomainName"":""-"",""GroupMembership"":""\r\n\t\t%{S-1-5-21-4020993649-1037605423-417876593-513}\r\n\t\t%{S-1-1-0}\r\n\t\t%{S-1-5-32-545}\r\n\t\t%{S-1-5-32-555}\r\n\t\t%{S-1-5-32-544}\r\n\t\t%{S-1-5-2}\r\n\t\t%{S-1-5-11}\r\n\t\t%{S-1-5-15}\r\n\t\t%{S-1-5-21-4020993649-1037605423-417876593-512}\r\n\t\t%{S-1-5-21-4020993649-1037605423-417876593-519}\r\n\t\t%{S-1-5-21-4020993649-1037605423-417876593-518}\r\n\t\t%{S-1-18-1}\r\n\t\t%{S-1-5-21-4020993649-1037605423-417876593-572}\r\n\t\t%{S-1-16-12288}"",""SourceModuleType"":""im_msvistalog"",""TargetDomainName"":""Cybertees.LOCAL"",""LogonType"":""3"",""Hostname"":""Micheal.Beaven"",""Keywords"":-9214364837600034816,""Version"":0,""tags"":[""splunk""]}",2022-04-15T08:06:02.000+0000,8,15,6,april,2,friday,2022,local,,AUDIT_SUCCESS,cybertees.net,cyber-host,windowslogs,1,60427,"{"""":,"""":,"""":""{----}"","""":""---"","""":,"""":""--_::"","""":""-",Event_logs.json,_json,ip-10-10-40-195,,splunk,,2022-04-15T12:06:02.653Z,
1,,,,SYSTEM,User,,,,,,Image loaded (rule: ImageLoad),Microsoft-Windows-Sysmon/Operational,,Microsoft Corporation,,,,Cryptography Manager,,,,,,,,,,,,NT AUTHORITY,,,,,7,,2022-04-15 8:06:02,2022-04-15 8:06:02,,3348,10.0.18362.113 (WinBuild.160101.0800),,,,,"SHA1=BE97D68743A482E079B2444C526B2807A1A4944B,MD5=D688CD24DFA347ED9C3EFD8F7756D404,SHA256=F4BA3B1A3CFE6C67562642F012D1567510DA4BEFFA27FD4B4257A500158FC011,IMPHASH=EEE9E3C69E3AA8A672BA845111314DF0",Micheal.Beaven,C:\Windows\System32\svchost.exe,C:\Windows\System32\cryptdll.dll,,,,,,,,-9223372036854775808,,,,,,,,,"Image loaded:
RuleName: -
UtcTime: 2022-04-15 12:06:02.139
ProcessGuid: {83d0c8c3-43cb-5f5f-1100-000000000400}
ProcessId: 1000
Image: C:\Windows\System32\svchost.exe
ImageLoaded: C:\Windows\System32\cryptdll.dll
FileVersion: 10.0.18362.113 (WinBuild.160101.0800)
Description: Cryptography Manager
Product: Microsoft® Windows® Operating System
Company: Microsoft Corporation
OriginalFileName: cryptdll.dll
Hashes: SHA1=BE97D68743A482E079B2444C526B2807A1A4944B,MD5=D688CD24DFA347ED9C3EFD8F7756D404,SHA256=F4BA3B1A3CFE6C67562642F012D1567510DA4BEFFA27FD4B4257A500158FC011,IMPHASH=EEE9E3C69E3AA8A672BA845111314DF0
Signed: true
Signature: Microsoft Windows
SignatureStatus: Valid",,,,,,,,Info,0,cryptdll.dll,,,,,,,,,{83d0c8c3-43cb-5f5f-1100-000000000400},1000,,Microsoft® Windows® Operating System,,{5770385F-C22A-43E0-BF4C-06F5698FFBD9},,,,183045,,,,,,,-,,INFO,2,,,Microsoft Windows,Valid,TRUE,,,,,,,eventlog,im_msvistalog,Microsoft-Windows-Sysmon,,,,,,,,,,,,,,,,,,,,,,,,7,,,,4532,,,,,S-1-5-18,2022-04-15 12:06:02,3,,,"{""EventID"":7,""RecordNumber"":183045,""ProviderGuid"":""{5770385F-C22A-43E0-BF4C-06F5698FFBD9}"",""SourceName"":""Microsoft-Windows-Sysmon"",""OpcodeValue"":0,""AccountName"":""SYSTEM"",""SignatureStatus"":""Valid"",""SourceModuleName"":""eventlog"",""ExecutionProcessID"":3348,""AccountType"":""User"",""Category"":""Image loaded (rule: ImageLoad)"",""Domain"":""NT AUTHORITY"",""port"":60427,""Company"":""Microsoft Corporation"",""ThreadID"":4532,""Severity"":""INFO"",""EventType"":""INFO"",""Signed"":""true"",""Channel"":""Microsoft-Windows-Sysmon/Operational"",""Opcode"":""Info"",""EventReceivedTime"":""2022-04-15 08:06:02"",""ImageLoaded"":""C:\\Windows\\System32\\cryptdll.dll"",""Task"":7,""RuleName"":""-"",""Keywords"":-9223372036854775808,""Version"":3,""ProcessId"":""1000"",""Image"":""C:\\Windows\\System32\\svchost.exe"",""Product"":""Microsoft® Windows® Operating System"",""tags"":[""splunk""],""EventTime"":""2022-04-15 08:06:02"",""host"":""cybertees.net"",""SeverityValue"":2,""Message"":""Image loaded:\r\nRuleName: -\r\nUtcTime: 2022-04-15 12:06:02.139\r\nProcessGuid: {83d0c8c3-43cb-5f5f-1100-000000000400}\r\nProcessId: 1000\r\nImage: C:\\Windows\\System32\\svchost.exe\r\nImageLoaded: C:\\Windows\\System32\\cryptdll.dll\r\nFileVersion: 10.0.18362.113 (WinBuild.160101.0800)\r\nDescription: Cryptography Manager\r\nProduct: Microsoft® Windows® Operating System\r\nCompany: Microsoft Corporation\r\nOriginalFileName: cryptdll.dll\r\nHashes: SHA1=BE97D68743A482E079B2444C526B2807A1A4944B,MD5=D688CD24DFA347ED9C3EFD8F7756D404,SHA256=F4BA3B1A3CFE6C67562642F012D1567510DA4BEFFA27FD4B4257A500158FC011,IMPHASH=EEE9E3C69E3AA8A672BA845111314DF0\r\nSigned: true\r\nSignature: Microsoft Windows\r\nSignatureStatus: Valid"",""UtcTime"":""2022-04-15 12:06:02.139"",""UserID"":""S-1-5-18"",""FileVersion"":""10.0.18362.113 (WinBuild.160101.0800)"",""Description"":""Cryptography Manager"",""OriginalFileName"":""cryptdll.dll"",""timestamp"":""2022-04-15T12:06:02.652Z"",""Hashes"":""SHA1=BE97D68743A482E079B2444C526B2807A1A4944B,MD5=D688CD24DFA347ED9C3EFD8F7756D404,SHA256=F4BA3B1A3CFE6C67562642F012D1567510DA4BEFFA27FD4B4257A500158FC011,IMPHASH=EEE9E3C69E3AA8A672BA845111314DF0"",""Signature"":""Microsoft Windows"",""@version"":""1"",""SourceModuleType"":""im_msvistalog"",""Hostname"":""Micheal.Beaven"",""ProcessGuid"":""{83d0c8c3-43cb-5f5f-1100-000000000400}""}",2022-04-15T08:06:02.000+0000,8,15,6,april,2,friday,2022,local,,INFO,cybertees.net,cyber-host,windowslogs,1,60427,"{"""":,"""":,"""":""{----}"","""":""--"","""":,"""":"""","""":"""","""":""""",Event_logs.json,_json,ip-10-10-40-195,,splunk,,2022-04-15T12:06:02.652Z,
1,,,,,,{E0F7BC1B-4488-0000-8D57-1F92808AD601},,,Kerberos,,Logon,Security,,,,,,,,,,,,,,,,,,,,%%1842,,,4624,,2022-04-15 8:06:02,2022-04-15 8:06:02,,740,,,,,,,Micheal.Beaven,,,%%1833,,,172.90.12.11,60063,,0,-9214364837600034816,,,-,{24fec352-508d-8c71-aadb-f7c549792fb5},,Kerberos,3,,"An account was successfully logged on.

Subject:
	Security ID:		S-1-0-0
	Account Name:		-
	Account Domain:		-
	Logon ID:		0x0

Logon Information:
	Logon Type:		3
	Restricted Admin Mode:	-
	Virtual Account:		No
	Elevated Token:		Yes

Impersonation Level:		Impersonation

New Logon:
	Security ID:		S-1-5-21-4020993649-1037605423-417876593-1104
	Account Name:		James
	Account Domain:		Cybertees.LOCAL
	Logon ID:		0x55100B
	Linked Logon ID:		0x0
	Network Account Name:	-
	Network Account Domain:	-
	Logon GUID:		{24fec352-508d-8c71-aadb-f7c549792fb5}

Process Information:
	Process ID:		0x0
	Process Name:		-

Network Information:
	Workstation Name:	-
	Source Network Address:	172.90.12.11
	Source Port:		60063

Detailed Authentication Information:
	Logon Process:		Kerberos
	Authentication Package:	Kerberos
	Transited Services:	-
	Package Name (NTLM only):	-
	Key Length:		0

This event is generated when a logon session is created. It is generated on the computer that was accessed.

The subject fields indicate the account on the local system which requested the logon. This is most commonly a service such as the Server service, or a local process such as Winlogon.exe or Services.exe.

The logon type field indicates the kind of logon that occurred. The most common types are 2 (interactive) and 3 (network).

The New Logon fields indicate the account for whom the new logon was created, i.e. the account that was logged on.

The network fields indicate where a remote logon request originated. Workstation name is not always available and may be left blank in some cases.

The impersonation level field indicates the extent to which a process in the logon session can impersonate.

The authentication information fields provide detailed information about this specific logon request.
	- Logon GUID is a unique identifier that can be used to correlate this event with a KDC event.
	- Transited services indicate which intermediate services have participated in this logon request.
	- Package name indicates which sub-protocol was used among the NTLM protocols.
	- Key length indicates the length of the generated session key. This will be 0 if no session key was requested.",,,,,,,,Info,0,,,,,,,,,,,0x0,-,,,{54849625-5478-4994-A5BA-3E3B0328C30D},,,,55877,,,,,-,,,,INFO,2,,,,,,,,,,,,eventlog,im_msvistalog,Microsoft-Windows-Security-Auditing,,,,,,,-,0x0,-,S-1-0-0,Cybertees.LOCAL,,,,0x0,0x55100b,,-,-,,,James,S-1-5-21-4020993649-1037605423-417876593-1104,12544,,,,3872,,,-,,,,2,%%1843,-,"{""TargetOutboundUserName"":""-"",""EventID"":4624,""LogonProcessName"":""Kerberos"",""RecordNumber"":55877,""ProviderGuid"":""{54849625-5478-4994-A5BA-3E3B0328C30D}"",""SourceName"":""Microsoft-Windows-Security-Auditing"",""OpcodeValue"":0,""TargetLinkedLogonId"":""0x0"",""SourceModuleName"":""eventlog"",""WorkstationName"":""-"",""ExecutionProcessID"":740,""Category"":""Logon"",""RestrictedAdminMode"":""-"",""ActivityID"":""{E0F7BC1B-4488-0000-8D57-1F92808AD601}"",""port"":60427,""TargetUserSid"":""S-1-5-21-4020993649-1037605423-417876593-1104"",""VirtualAccount"":""%%1843"",""ThreadID"":3872,""SubjectUserName"":""-"",""IpPort"":""60063"",""Severity"":""INFO"",""ProcessName"":""-"",""ElevatedToken"":""%%1842"",""EventType"":""AUDIT_SUCCESS"",""Channel"":""Security"",""LmPackageName"":""-"",""TargetLogonId"":""0x55100b"",""Opcode"":""Info"",""EventReceivedTime"":""2022-04-15 08:06:02"",""Task"":12544,""SubjectDomainName"":""-"",""LogonGuid"":""{24fec352-508d-8c71-aadb-f7c549792fb5}"",""TargetDomainName"":""Cybertees.LOCAL"",""TransmittedServices"":""-"",""Keywords"":-9214364837600034816,""Version"":2,""ProcessId"":""0x0"",""tags"":[""splunk""],""SubjectUserSid"":""S-1-0-0"",""EventTime"":""2022-04-15 08:06:02"",""host"":""cybertees.net"",""SeverityValue"":2,""SubjectLogonId"":""0x0"",""TargetUserName"":""James"",""KeyLength"":""0"",""Message"":""An account was successfully logged on.\r\n\r\nSubject:\r\n\tSecurity ID:\t\tS-1-0-0\r\n\tAccount Name:\t\t-\r\n\tAccount Domain:\t\t-\r\n\tLogon ID:\t\t0x0\r\n\r\nLogon Information:\r\n\tLogon Type:\t\t3\r\n\tRestricted Admin Mode:\t-\r\n\tVirtual Account:\t\tNo\r\n\tElevated Token:\t\tYes\r\n\r\nImpersonation Level:\t\tImpersonation\r\n\r\nNew Logon:\r\n\tSecurity ID:\t\tS-1-5-21-4020993649-1037605423-417876593-1104\r\n\tAccount Name:\t\tJames\r\n\tAccount Domain:\t\tCybertees.LOCAL\r\n\tLogon ID:\t\t0x55100B\r\n\tLinked Logon ID:\t\t0x0\r\n\tNetwork Account Name:\t-\r\n\tNetwork Account Domain:\t-\r\n\tLogon GUID:\t\t{24fec352-508d-8c71-aadb-f7c549792fb5}\r\n\r\nProcess Information:\r\n\tProcess ID:\t\t0x0\r\n\tProcess Name:\t\t-\r\n\r\nNetwork Information:\r\n\tWorkstation Name:\t-\r\n\tSource Network Address:\t172.90.12.11\r\n\tSource Port:\t\t60063\r\n\r\nDetailed Authentication Information:\r\n\tLogon Process:\t\tKerberos\r\n\tAuthentication Package:\tKerberos\r\n\tTransited Services:\t-\r\n\tPackage Name (NTLM only):\t-\r\n\tKey Length:\t\t0\r\n\r\nThis event is generated when a logon session is created. It is generated on the computer that was accessed.\r\n\r\nThe subject fields indicate the account on the local system which requested the logon. This is most commonly a service such as the Server service, or a local process such as Winlogon.exe or Services.exe.\r\n\r\nThe logon type field indicates the kind of logon that occurred. The most common types are 2 (interactive) and 3 (network).\r\n\r\nThe New Logon fields indicate the account for whom the new logon was created, i.e. the account that was logged on.\r\n\r\nThe network fields indicate where a remote logon request originated. Workstation name is not always available and may be left blank in some cases.\r\n\r\nThe impersonation level field indicates the extent to which a process in the logon session can impersonate.\r\n\r\nThe authentication information fields provide detailed information about this specific logon request.\r\n\t- Logon GUID is a unique identifier that can be used to correlate this event with a KDC event.\r\n\t- Transited services indicate which intermediate services have participated in this logon request.\r\n\t- Package name indicates which sub-protocol was used among the NTLM protocols.\r\n\t- Key length indicates the length of the generated session key. This will be 0 if no session key was requested."",""timestamp"":""2022-04-15T12:06:02.651Z"",""AuthenticationPackageName"":""Kerberos"",""IpAddress"":""172.90.12.11"",""ImpersonationLevel"":""%%1833"",""@version"":""1"",""SourceModuleType"":""im_msvistalog"",""LogonType"":""3"",""Hostname"":""Micheal.Beaven"",""TargetOutboundDomainName"":""-""}",2022-04-15T08:06:02.000+0000,8,15,6,april,2,friday,2022,local,,AUDIT_SUCCESS,cybertees.net,cyber-host,windowslogs,1,60427,"{"""":""-"","""":,"""":"""","""":,"""":""{----}"","""":""---"","""":,"""":",Event_logs.json,_json,ip-10-10-40-195,,splunk,,2022-04-15T12:06:02.651Z,
1,,,,SYSTEM,User,,,,,C:\windows\SYSTEM32\ntdll.dll+9c534|C:\windows\SYSTEM32\psmserviceexthost.dll+222a3|C:\windows\SYSTEM32\psmserviceexthost.dll+1a172|C:\windows\SYSTEM32\psmserviceexthost.dll+19e3b|C:\windows\SYSTEM32\psmserviceexthost.dll+19318|C:\windows\SYSTEM32\ntdll.dll+3081d|C:\windows\SYSTEM32\ntdll.dll+345b4|C:\windows\System32\KERNEL32.DLL+17bd4|C:\windows\SYSTEM32\ntdll.dll+6ce51,Process accessed (rule: ProcessAccess),Microsoft-Windows-Sysmon/Operational,,,,,,,,,,,,,,,,,,NT AUTHORITY,,,,,10,,2022-04-15 8:06:02,2022-04-15 8:06:02,,3348,,,0x1000,,,,Micheal.Beaven,,,,,,,,,,-9223372036854775808,,,,,,,,,"Process accessed:
RuleName: -
UtcTime: 2022-04-15 12:06:02.139
SourceProcessGUID: {83d0c8c3-43cb-5f5f-1000-000000000400}
SourceProcessId: 900
SourceThreadId: 1376
SourceImage: C:\windows\system32\svchost.exe
TargetProcessGUID: {83d0c8c3-4479-5f5f-5602-000000000400}
TargetProcessId: 1268
TargetImage: C:\windows\System32\svchost.exe
GrantedAccess: 0x1000
CallTrace: C:\windows\SYSTEM32\ntdll.dll+9c534|C:\windows\SYSTEM32\psmserviceexthost.dll+222a3|C:\windows\SYSTEM32\psmserviceexthost.dll+1a172|C:\windows\SYSTEM32\psmserviceexthost.dll+19e3b|C:\windows\SYSTEM32\psmserviceexthost.dll+19318|C:\windows\SYSTEM32\ntdll.dll+3081d|C:\windows\SYSTEM32\ntdll.dll+345b4|C:\windows\System32\KERNEL32.DLL+17bd4|C:\windows\SYSTEM32\ntdll.dll+6ce51",,,,,,,,Info,0,,,,,,,,,,,900,,,,{5770385F-C22A-43E0-BF4C-06F5698FFBD9},,,,183044,,,,,,,-,,INFO,2,,,,,,,,,C:\windows\system32\svchost.exe,,,eventlog,im_msvistalog,Microsoft-Windows-Sysmon,,,{83d0c8c3-43cb-5f5f-1000-000000000400},900,1376,,,,,,,,,C:\windows\System32\svchost.exe,,,,,,{83d0c8c3-4479-5f5f-5602-000000000400},1268,,,10,,,,4532,,,,,S-1-5-18,2022-04-15 12:06:02,3,,,"{""EventID"":10,""RecordNumber"":183044,""ProviderGuid"":""{5770385F-C22A-43E0-BF4C-06F5698FFBD9}"",""SourceName"":""Microsoft-Windows-Sysmon"",""OpcodeValue"":0,""AccountName"":""SYSTEM"",""SourceImage"":""C:\\windows\\system32\\svchost.exe"",""SourceModuleName"":""eventlog"",""ExecutionProcessID"":3348,""AccountType"":""User"",""Category"":""Process accessed (rule: ProcessAccess)"",""SourceProcessId"":""900"",""Domain"":""NT AUTHORITY"",""port"":60427,""ThreadID"":4532,""Severity"":""INFO"",""EventType"":""INFO"",""Channel"":""Microsoft-Windows-Sysmon/Operational"",""Opcode"":""Info"",""EventReceivedTime"":""2022-04-15 08:06:02"",""Task"":10,""RuleName"":""-"",""Keywords"":-9223372036854775808,""Version"":3,""ProcessId"":""900"",""tags"":[""splunk""],""GrantedAccess"":""0x1000"",""SourceProcessGUID"":""{83d0c8c3-43cb-5f5f-1000-000000000400}"",""EventTime"":""2022-04-15 08:06:02"",""host"":""cybertees.net"",""SeverityValue"":2,""CallTrace"":""C:\\windows\\SYSTEM32\\ntdll.dll+9c534|C:\\windows\\SYSTEM32\\psmserviceexthost.dll+222a3|C:\\windows\\SYSTEM32\\psmserviceexthost.dll+1a172|C:\\windows\\SYSTEM32\\psmserviceexthost.dll+19e3b|C:\\windows\\SYSTEM32\\psmserviceexthost.dll+19318|C:\\windows\\SYSTEM32\\ntdll.dll+3081d|C:\\windows\\SYSTEM32\\ntdll.dll+345b4|C:\\windows\\System32\\KERNEL32.DLL+17bd4|C:\\windows\\SYSTEM32\\ntdll.dll+6ce51"",""Message"":""Process accessed:\r\nRuleName: -\r\nUtcTime: 2022-04-15 12:06:02.139\r\nSourceProcessGUID: {83d0c8c3-43cb-5f5f-1000-000000000400}\r\nSourceProcessId: 900\r\nSourceThreadId: 1376\r\nSourceImage: C:\\windows\\system32\\svchost.exe\r\nTargetProcessGUID: {83d0c8c3-4479-5f5f-5602-000000000400}\r\nTargetProcessId: 1268\r\nTargetImage: C:\\windows\\System32\\svchost.exe\r\nGrantedAccess: 0x1000\r\nCallTrace: C:\\windows\\SYSTEM32\\ntdll.dll+9c534|C:\\windows\\SYSTEM32\\psmserviceexthost.dll+222a3|C:\\windows\\SYSTEM32\\psmserviceexthost.dll+1a172|C:\\windows\\SYSTEM32\\psmserviceexthost.dll+19e3b|C:\\windows\\SYSTEM32\\psmserviceexthost.dll+19318|C:\\windows\\SYSTEM32\\ntdll.dll+3081d|C:\\windows\\SYSTEM32\\ntdll.dll+345b4|C:\\windows\\System32\\KERNEL32.DLL+17bd4|C:\\windows\\SYSTEM32\\ntdll.dll+6ce51"",""UtcTime"":""2022-04-15 12:06:02.139"",""UserID"":""S-1-5-18"",""timestamp"":""2022-04-15T12:06:02.650Z"",""TargetProcessId"":""1268"",""SourceThreadId"":""1376"",""@version"":""1"",""TargetProcessGUID"":""{83d0c8c3-4479-5f5f-5602-000000000400}"",""SourceModuleType"":""im_msvistalog"",""TargetImage"":""C:\\windows\\System32\\svchost.exe"",""Hostname"":""Micheal.Beaven""}",2022-04-15T08:06:02.000+0000,8,15,6,april,2,friday,2022,local,,INFO,cybertees.net,cyber-host,windowslogs,1,60427,"{"""":,"""":,"""":""{----}"","""":""--"","""":,"""":"""","""":"":\\\\\\",Event_logs.json,_json,ip-10-10-40-195,,splunk,,2022-04-15T12:06:02.650Z,
1,,,,,,{E0F7BC1B-4488-0000-8D57-1F92808AD601},,,,,Special Logon,Security,,,,,,,,,,,,,,,,,,,,,,,4672,,2022-04-15 8:06:02,2022-04-15 8:06:02,,740,,,,,,,Micheal.Beaven,,,,,,,,,,-9214364837600034816,,,,,,,,,"Special privileges assigned to new logon.

Subject:
	Security ID:		S-1-5-21-4020993649-1037605423-417876593-1104
	Account Name:		James
	Account Domain:		Cybertees
	Logon ID:		0x55100B

