1,,,,,,,\device\harddiskvolume2\windows\system32\svchost.exe,,,,Filtering Platform Connection,Security,,,,,,,,,,,,,,,,,,,,,,,5154,,2022-04-15 8:06:14,2022-04-15 8:06:08,,4,,70224,,,,,James.browne,,,,,,,,,,-9214364837600034816,%%14609,42,,,,,,,"The Windows Filtering Platform has permitted an application or service to listen on a port for incoming connections.

Application Information:
	Process ID:		8632
	Application Name:	\device\harddiskvolume2\windows\system32\svchost.exe

Network Information:
	Source Address:		::
	Source Port:		7680
	Protocol:		6

Filter Information:
	Filter Run-Time ID:	70224
	Layer Name:		Listen
	Layer Run-Time ID:	42",,,,,,,,Info,0,,,,,,,,,,,8632,,,6,{54849625-5478-4994-A5BA-3E3B0328C30D},,,,75182,,,,,,,,,INFO,2,,,,,,::,,,,,,eventlog,im_msvistalog,Microsoft-Windows-Security-Auditing,7680,,,,,,,,,,,,,,,,,,,,,,,12810,,,,1020,,,,,,,0,,,"{""ProcessId"":""8632"",""tags"":[""splunk""],""EventID"":5154,""RecordNumber"":75182,""ProviderGuid"":""{54849625-5478-4994-A5BA-3E3B0328C30D}"",""SourceName"":""Microsoft-Windows-Security-Auditing"",""OpcodeValue"":0,""EventTime"":""2022-04-15 08:06:08"",""FilterRTID"":""70224"",""host"":""cybertees.net"",""SeverityValue"":2,""ExecutionProcessID"":4,""Category"":""Filtering Platform Connection"",""SourceModuleName"":""eventlog"",""Message"":""The Windows Filtering Platform has permitted an application or service to listen on a port for incoming connections.\r\n\r\nApplication Information:\r\n\tProcess ID:\t\t8632\r\n\tApplication Name:\t\\device\\harddiskvolume2\\windows\\system32\\svchost.exe\r\n\r\nNetwork Information:\r\n\tSource Address:\t\t::\r\n\tSource Port:\t\t7680\r\n\tProtocol:\t\t6\r\n\r\nFilter Information:\r\n\tFilter Run-Time ID:\t70224\r\n\tLayer Name:\t\tListen\r\n\tLayer Run-Time ID:\t42"",""port"":60427,""Protocol"":""6"",""timestamp"":""2022-04-15T12:06:14.227Z"",""ThreadID"":1020,""Severity"":""INFO"",""EventType"":""AUDIT_SUCCESS"",""Channel"":""Security"",""SourceAddress"":""::"",""Opcode"":""Info"",""EventReceivedTime"":""2022-04-15 08:06:14"",""@version"":""1"",""Task"":12810,""SourceModuleType"":""im_msvistalog"",""LayerName"":""%%14609"",""LayerRTID"":""42"",""Hostname"":""James.browne"",""Application"":""\\device\\harddiskvolume2\\windows\\system32\\svchost.exe"",""Keywords"":-9214364837600034816,""Version"":0,""SourcePort"":""7680""}",2022-04-15T08:06:12.000+0000,8,15,6,april,12,friday,2022,local,,AUDIT_SUCCESS,cybertees.net,cyber-host,windowslogs,1,60427,"{"""":"""","""":[""""],"""":,"""":,"""":""{----}"","""":""---"","""":,""""",Event_logs.json,_json,ip-10-10-40-195,,splunk,,2022-04-15T12:06:14.227Z,
1,,,,SYSTEM,User,,,,,,Image loaded (rule: ImageLoad),Microsoft-Windows-Sysmon/Operational,,Microsoft Corporation,,,,Policy Manager DLL,,,,,,,,,,,,NT AUTHORITY,,,,,7,,2022-04-15 8:06:14,2022-04-15 8:06:08,,3524,10.0.18362.1082 (WinBuild.160101.0800),,,,,"SHA1=66C0F53594BDA0AC6E38A426C096468C4208DDA9,MD5=6851FD30BACCF03C2DAE1D2143B0821A,SHA256=C821BE2403C4C9767889330C9D75283286DE3ECB773B2FDAC953D05707842916,IMPHASH=F0B61F4E8E75370CBCCD4574386676E5",James.browne,C:\Windows\System32\svchost.exe,C:\Windows\System32\policymanager.dll,,,,,,,,-9223372036854775808,,,,,,,,,"Image loaded:
RuleName: -
UtcTime: 2022-04-15 12:06:08.310
ProcessGuid: {2d351099-5caf-5f5f-3304-000000000400}
ProcessId: 8632
Image: C:\Windows\System32\svchost.exe
ImageLoaded: C:\Windows\System32\policymanager.dll
FileVersion: 10.0.18362.1082 (WinBuild.160101.0800)
Description: Policy Manager DLL
Product: Microsoft Windows Operating System
Company: Microsoft Corporation
OriginalFileName: PolicyManager.dll
Hashes: SHA1=66C0F53594BDA0AC6E38A426C096468C4208DDA9,MD5=6851FD30BACCF03C2DAE1D2143B0821A,SHA256=C821BE2403C4C9767889330C9D75283286DE3ECB773B2FDAC953D05707842916,IMPHASH=F0B61F4E8E75370CBCCD4574386676E5
Signed: true
Signature: Microsoft Windows
SignatureStatus: Valid",,,,,,,,Info,0,PolicyManager.dll,,,,,,,,,{2d351099-5caf-5f5f-3304-000000000400},8632,,Microsoft Windows Operating System,,{5770385F-C22A-43E0-BF4C-06F5698FFBD9},,,,424272,,,,,,,-,,INFO,2,,,Microsoft Windows,Valid,TRUE,,,,,,,eventlog,im_msvistalog,Microsoft-Windows-Sysmon,,,,,,,,,,,,,,,,,,,,,,,,7,,,,4688,,,,,S-1-5-18,2022-04-15 12:06:08,3,,,"{""EventID"":7,""RecordNumber"":424272,""ProviderGuid"":""{5770385F-C22A-43E0-BF4C-06F5698FFBD9}"",""SourceName"":""Microsoft-Windows-Sysmon"",""OpcodeValue"":0,""AccountName"":""SYSTEM"",""SignatureStatus"":""Valid"",""SourceModuleName"":""eventlog"",""ExecutionProcessID"":3524,""AccountType"":""User"",""Category"":""Image loaded (rule: ImageLoad)"",""Domain"":""NT AUTHORITY"",""port"":60427,""Company"":""Microsoft Corporation"",""ThreadID"":4688,""Severity"":""INFO"",""EventType"":""INFO"",""Signed"":""true"",""Channel"":""Microsoft-Windows-Sysmon/Operational"",""Opcode"":""Info"",""EventReceivedTime"":""2022-04-15 08:06:14"",""ImageLoaded"":""C:\\Windows\\System32\\policymanager.dll"",""Task"":7,""RuleName"":""-"",""Keywords"":-9223372036854775808,""Version"":3,""ProcessId"":""8632"",""Image"":""C:\\Windows\\System32\\svchost.exe"",""Product"":""Microsoft Windows Operating System"",""tags"":[""splunk""],""EventTime"":""2022-04-15 08:06:08"",""host"":""cybertees.net"",""SeverityValue"":2,""Message"":""Image loaded:\r\nRuleName: -\r\nUtcTime: 2022-04-15 12:06:08.310\r\nProcessGuid: {2d351099-5caf-5f5f-3304-000000000400}\r\nProcessId: 8632\r\nImage: C:\\Windows\\System32\\svchost.exe\r\nImageLoaded: C:\\Windows\\System32\\policymanager.dll\r\nFileVersion: 10.0.18362.1082 (WinBuild.160101.0800)\r\nDescription: Policy Manager DLL\r\nProduct: Microsoft Windows Operating System\r\nCompany: Microsoft Corporation\r\nOriginalFileName: PolicyManager.dll\r\nHashes: SHA1=66C0F53594BDA0AC6E38A426C096468C4208DDA9,MD5=6851FD30BACCF03C2DAE1D2143B0821A,SHA256=C821BE2403C4C9767889330C9D75283286DE3ECB773B2FDAC953D05707842916,IMPHASH=F0B61F4E8E75370CBCCD4574386676E5\r\nSigned: true\r\nSignature: Microsoft Windows\r\nSignatureStatus: Valid"",""UtcTime"":""2022-04-15 12:06:08.310"",""UserID"":""S-1-5-18"",""FileVersion"":""10.0.18362.1082 (WinBuild.160101.0800)"",""Description"":""Policy Manager DLL"",""OriginalFileName"":""PolicyManager.dll"",""timestamp"":""2022-04-15T12:06:14.227Z"",""Hashes"":""SHA1=66C0F53594BDA0AC6E38A426C096468C4208DDA9,MD5=6851FD30BACCF03C2DAE1D2143B0821A,SHA256=C821BE2403C4C9767889330C9D75283286DE3ECB773B2FDAC953D05707842916,IMPHASH=F0B61F4E8E75370CBCCD4574386676E5"",""Signature"":""Microsoft Windows"",""@version"":""1"",""SourceModuleType"":""im_msvistalog"",""Hostname"":""James.browne"",""ProcessGuid"":""{2d351099-5caf-5f5f-3304-000000000400}""}",2022-04-15T08:06:12.000+0000,8,15,6,april,12,friday,2022,local,,INFO,cybertees.net,cyber-host,windowslogs,1,60427,"{"""":,"""":,"""":""{----}"","""":""--"","""":,"""":"""","""":"""","""":""""",Event_logs.json,_json,ip-10-10-40-195,,splunk,,2022-04-15T12:06:14.227Z,
1,,,,SYSTEM,User,,,,,,Registry object added or deleted (rule: RegistryEvent),Microsoft-Windows-Sysmon/Operational,,,,,,,,,,,,,,,,,,NT AUTHORITY,,,,,12,,2022-04-15 8:06:14,2022-04-15 8:06:08,INFO,3524,,,,,,,James.browne,C:\windows\System32\svchost.exe,,,,,,,,,-9223372036854775808,,,,,,,,,"Registry object added or deleted:
RuleName: -
EventType: CreateKey
UtcTime: 2022-04-15 12:06:08.310
ProcessGuid: {2d351099-5caf-5f5f-3304-000000000400}
ProcessId: 8632
Image: C:\windows\System32\svchost.exe
TargetObject: HKU\S-1-5-20\Software\Microsoft\Windows\CurrentVersion\DeliveryOptimization\Settings",,,,,,,,Info,0,,,,,,,,,,{2d351099-5caf-5f5f-3304-000000000400},8632,,,,{5770385F-C22A-43E0-BF4C-06F5698FFBD9},,,,424271,,,,,,,-,,INFO,2,,,,,,,,,,,,eventlog,im_msvistalog,Microsoft-Windows-Sysmon,,,,,,,,,,,,,,,,,HKU\S-1-5-20\Software\Microsoft\Windows\CurrentVersion\DeliveryOptimization\Settings,,,,,,,12,,,,4688,,,,,S-1-5-18,2022-04-15 12:06:08,2,,,"{""Image"":""C:\\windows\\System32\\svchost.exe"",""ProcessId"":""8632"",""EventID"":12,""tags"":[""splunk""],""RecordNumber"":424271,""ProviderGuid"":""{5770385F-C22A-43E0-BF4C-06F5698FFBD9}"",""SourceName"":""Microsoft-Windows-Sysmon"",""OpcodeValue"":0,""EventTime"":""2022-04-15 08:06:08"",""AccountName"":""SYSTEM"",""host"":""cybertees.net"",""SeverityValue"":2,""ExecutionProcessID"":3524,""AccountType"":""User"",""Category"":""Registry object added or deleted (rule: RegistryEvent)"",""SourceModuleName"":""eventlog"",""Domain"":""NT AUTHORITY"",""Message"":""Registry object added or deleted:\r\nRuleName: -\r\nEventType: CreateKey\r\nUtcTime: 2022-04-15 12:06:08.310\r\nProcessGuid: {2d351099-5caf-5f5f-3304-000000000400}\r\nProcessId: 8632\r\nImage: C:\\windows\\System32\\svchost.exe\r\nTargetObject: HKU\\S-1-5-20\\Software\\Microsoft\\Windows\\CurrentVersion\\DeliveryOptimization\\Settings"",""port"":60427,""UserID"":""S-1-5-18"",""UtcTime"":""2022-04-15 12:06:08.310"",""timestamp"":""2022-04-15T12:06:14.226Z"",""ThreadID"":4688,""Severity"":""INFO"",""EventTypeOrignal"":""INFO"",""EventType"":""CreateKey"",""Channel"":""Microsoft-Windows-Sysmon/Operational"",""TargetObject"":""HKU\\S-1-5-20\\Software\\Microsoft\\Windows\\CurrentVersion\\DeliveryOptimization\\Settings"",""Opcode"":""Info"",""EventReceivedTime"":""2022-04-15 08:06:14"",""@version"":""1"",""Task"":12,""SourceModuleType"":""im_msvistalog"",""RuleName"":""-"",""Hostname"":""James.browne"",""Keywords"":-9223372036854775808,""Version"":2,""ProcessGuid"":""{2d351099-5caf-5f5f-3304-000000000400}""}",2022-04-15T08:06:12.000+0000,8,15,6,april,12,friday,2022,local,,CreateKey,cybertees.net,cyber-host,windowslogs,1,60427,"{"""":"":\\\\\\."","""":"""","""":,"""":[""""],"""":,"""":""{----}"",""",Event_logs.json,_json,ip-10-10-40-195,,splunk,,2022-04-15T12:06:14.226Z,
1,,,,,,,\device\harddiskvolume2\windows\system32\svchost.exe,,,,Filtering Platform Connection,Security,,,,,,,,,,,,,,,,,,,,,,,5154,,2022-04-15 8:06:14,2022-04-15 8:06:08,,4,,70490,,,,,James.browne,,,,,,,,,,-9214364837600034816,%%14609,42,,,,,,,"The Windows Filtering Platform has permitted an application or service to listen on a port for incoming connections.

Application Information:
	Process ID:		1044
	Application Name:	\device\harddiskvolume2\windows\system32\svchost.exe

Network Information:
	Source Address:		::
	Source Port:		3389
	Protocol:		6

Filter Information:
	Filter Run-Time ID:	70490
	Layer Name:		Listen
	Layer Run-Time ID:	42",,,,,,,,Info,0,,,,,,,,,,,1044,,,6,{54849625-5478-4994-A5BA-3E3B0328C30D},,,,75181,,,,,,,,,INFO,2,,,,,,::,,,,,,eventlog,im_msvistalog,Microsoft-Windows-Security-Auditing,3389,,,,,,,,,,,,,,,,,,,,,,,12810,,,,1020,,,,,,,0,,,"{""ProcessId"":""1044"",""tags"":[""splunk""],""EventID"":5154,""RecordNumber"":75181,""ProviderGuid"":""{54849625-5478-4994-A5BA-3E3B0328C30D}"",""SourceName"":""Microsoft-Windows-Security-Auditing"",""OpcodeValue"":0,""EventTime"":""2022-04-15 08:06:08"",""FilterRTID"":""70490"",""host"":""cybertees.net"",""SeverityValue"":2,""ExecutionProcessID"":4,""Category"":""Filtering Platform Connection"",""SourceModuleName"":""eventlog"",""Message"":""The Windows Filtering Platform has permitted an application or service to listen on a port for incoming connections.\r\n\r\nApplication Information:\r\n\tProcess ID:\t\t1044\r\n\tApplication Name:\t\\device\\harddiskvolume2\\windows\\system32\\svchost.exe\r\n\r\nNetwork Information:\r\n\tSource Address:\t\t::\r\n\tSource Port:\t\t3389\r\n\tProtocol:\t\t6\r\n\r\nFilter Information:\r\n\tFilter Run-Time ID:\t70490\r\n\tLayer Name:\t\tListen\r\n\tLayer Run-Time ID:\t42"",""port"":60427,""Protocol"":""6"",""timestamp"":""2022-04-15T12:06:14.226Z"",""ThreadID"":1020,""Severity"":""INFO"",""EventType"":""AUDIT_SUCCESS"",""Channel"":""Security"",""SourceAddress"":""::"",""Opcode"":""Info"",""EventReceivedTime"":""2022-04-15 08:06:14"",""@version"":""1"",""Task"":12810,""SourceModuleType"":""im_msvistalog"",""LayerName"":""%%14609"",""LayerRTID"":""42"",""Hostname"":""James.browne"",""Application"":""\\device\\harddiskvolume2\\windows\\system32\\svchost.exe"",""Keywords"":-9214364837600034816,""Version"":0,""SourcePort"":""3389""}",2022-04-15T08:06:12.000+0000,8,15,6,april,12,friday,2022,local,,AUDIT_SUCCESS,cybertees.net,cyber-host,windowslogs,1,60427,"{"""":"""","""":[""""],"""":,"""":,"""":""{----}"","""":""---"","""":,""""",Event_logs.json,_json,ip-10-10-40-195,,splunk,,2022-04-15T12:06:14.226Z,
1,,,,SYSTEM,User,,,,,,Registry object added or deleted (rule: RegistryEvent),Microsoft-Windows-Sysmon/Operational,,,,,,,,,,,,,,,,,,NT AUTHORITY,,,,,12,,2022-04-15 8:06:14,2022-04-15 8:06:08,INFO,3524,,,,,,,James.browne,C:\windows\System32\svchost.exe,,,,,,,,,-9223372036854775808,,,,,,,,,"Registry object added or deleted:
RuleName: -
EventType: CreateKey
UtcTime: 2022-04-15 12:06:08.310
ProcessGuid: {2d351099-5caf-5f5f-3304-000000000400}
ProcessId: 8632
Image: C:\windows\System32\svchost.exe
TargetObject: HKU\S-1-5-20\Software\Microsoft\Windows\CurrentVersion\DeliveryOptimization\Config",,,,,,,,Info,0,,,,,,,,,,{2d351099-5caf-5f5f-3304-000000000400},8632,,,,{5770385F-C22A-43E0-BF4C-06F5698FFBD9},,,,424270,,,,,,,-,,INFO,2,,,,,,,,,,,,eventlog,im_msvistalog,Microsoft-Windows-Sysmon,,,,,,,,,,,,,,,,,HKU\S-1-5-20\Software\Microsoft\Windows\CurrentVersion\DeliveryOptimization\Config,,,,,,,12,,,,4688,,,,,S-1-5-18,2022-04-15 12:06:08,2,,,"{""Image"":""C:\\windows\\System32\\svchost.exe"",""ProcessId"":""8632"",""EventID"":12,""tags"":[""splunk""],""RecordNumber"":424270,""ProviderGuid"":""{5770385F-C22A-43E0-BF4C-06F5698FFBD9}"",""SourceName"":""Microsoft-Windows-Sysmon"",""OpcodeValue"":0,""EventTime"":""2022-04-15 08:06:08"",""AccountName"":""SYSTEM"",""host"":""cybertees.net"",""SeverityValue"":2,""ExecutionProcessID"":3524,""AccountType"":""User"",""Category"":""Registry object added or deleted (rule: RegistryEvent)"",""SourceModuleName"":""eventlog"",""Domain"":""NT AUTHORITY"",""Message"":""Registry object added or deleted:\r\nRuleName: -\r\nEventType: CreateKey\r\nUtcTime: 2022-04-15 12:06:08.310\r\nProcessGuid: {2d351099-5caf-5f5f-3304-000000000400}\r\nProcessId: 8632\r\nImage: C:\\windows\\System32\\svchost.exe\r\nTargetObject: HKU\\S-1-5-20\\Software\\Microsoft\\Windows\\CurrentVersion\\DeliveryOptimization\\Config"",""port"":60427,""UserID"":""S-1-5-18"",""UtcTime"":""2022-04-15 12:06:08.310"",""timestamp"":""2022-04-15T12:06:14.225Z"",""ThreadID"":4688,""Severity"":""INFO"",""EventTypeOrignal"":""INFO"",""EventType"":""CreateKey"",""Channel"":""Microsoft-Windows-Sysmon/Operational"",""TargetObject"":""HKU\\S-1-5-20\\Software\\Microsoft\\Windows\\CurrentVersion\\DeliveryOptimization\\Config"",""Opcode"":""Info"",""EventReceivedTime"":""2022-04-15 08:06:14"",""@version"":""1"",""Task"":12,""SourceModuleType"":""im_msvistalog"",""RuleName"":""-"",""Hostname"":""James.browne"",""Keywords"":-9223372036854775808,""Version"":2,""ProcessGuid"":""{2d351099-5caf-5f5f-3304-000000000400}""}",2022-04-15T08:06:12.000+0000,8,15,6,april,12,friday,2022,local,,CreateKey,cybertees.net,cyber-host,windowslogs,1,60427,"{"""":"":\\\\\\."","""":"""","""":,"""":[""""],"""":,"""":""{----}"",""",Event_logs.json,_json,ip-10-10-40-195,,splunk,,2022-04-15T12:06:14.225Z,
1,,,,,,,\device\harddiskvolume2\windows\system32\lsass.exe,,,,Filtering Platform Connection,Security,,,,,,,,,,,,,,,,,,,,,,,5154,,2022-04-15 8:06:14,2022-04-15 8:06:08,,4,,0,,,,,James.browne,,,,,,,,,,-9214364837600034816,%%14609,40,,,,,,,"The Windows Filtering Platform has permitted an application or service to listen on a port for incoming connections.

Application Information:
	Process ID:		740
	Application Name:	\device\harddiskvolume2\windows\system32\lsass.exe

Network Information:
	Source Address:		0.0.0.0
	Source Port:		49674
	Protocol:		6

Filter Information:
	Filter Run-Time ID:	0
	Layer Name:		Listen
	Layer Run-Time ID:	40",,,,,,,,Info,0,,,,,,,,,,,740,,,6,{54849625-5478-4994-A5BA-3E3B0328C30D},,,,75180,,,,,,,,,INFO,2,,,,,,0.0.0.0,,,,,,eventlog,im_msvistalog,Microsoft-Windows-Security-Auditing,49674,,,,,,,,,,,,,,,,,,,,,,,12810,,,,1020,,,,,,,0,,,"{""ProcessId"":""740"",""tags"":[""splunk""],""EventID"":5154,""RecordNumber"":75180,""ProviderGuid"":""{54849625-5478-4994-A5BA-3E3B0328C30D}"",""SourceName"":""Microsoft-Windows-Security-Auditing"",""OpcodeValue"":0,""EventTime"":""2022-04-15 08:06:08"",""FilterRTID"":""0"",""host"":""cybertees.net"",""SeverityValue"":2,""ExecutionProcessID"":4,""Category"":""Filtering Platform Connection"",""SourceModuleName"":""eventlog"",""Message"":""The Windows Filtering Platform has permitted an application or service to listen on a port for incoming connections.\r\n\r\nApplication Information:\r\n\tProcess ID:\t\t740\r\n\tApplication Name:\t\\device\\harddiskvolume2\\windows\\system32\\lsass.exe\r\n\r\nNetwork Information:\r\n\tSource Address:\t\t0.0.0.0\r\n\tSource Port:\t\t49674\r\n\tProtocol:\t\t6\r\n\r\nFilter Information:\r\n\tFilter Run-Time ID:\t0\r\n\tLayer Name:\t\tListen\r\n\tLayer Run-Time ID:\t40"",""port"":60427,""Protocol"":""6"",""timestamp"":""2022-04-15T12:06:14.225Z"",""ThreadID"":1020,""Severity"":""INFO"",""EventType"":""AUDIT_SUCCESS"",""Channel"":""Security"",""SourceAddress"":""0.0.0.0"",""Opcode"":""Info"",""EventReceivedTime"":""2022-04-15 08:06:14"",""@version"":""1"",""Task"":12810,""SourceModuleType"":""im_msvistalog"",""LayerName"":""%%14609"",""LayerRTID"":""40"",""Hostname"":""James.browne"",""Application"":""\\device\\harddiskvolume2\\windows\\system32\\lsass.exe"",""Keywords"":-9214364837600034816,""Version"":0,""SourcePort"":""49674""}",2022-04-15T08:06:12.000+0000,8,15,6,april,12,friday,2022,local,,AUDIT_SUCCESS,cybertees.net,cyber-host,windowslogs,1,60427,"{"""":"""","""":[""""],"""":,"""":,"""":""{----}"","""":""---"","""":,""""",Event_logs.json,_json,ip-10-10-40-195,,splunk,,2022-04-15T12:06:14.225Z,
1,,,,SYSTEM,User,,,,,,Image loaded (rule: ImageLoad),Microsoft-Windows-Sysmon/Operational,,Microsoft Corporation,,,,COM+ Configuration Catalog,,,,,,,,,,,,NT AUTHORITY,,,,,7,,2022-04-15 8:06:14,2022-04-15 8:06:08,,3524,2001.12.10941.16384 (WinBuild.160101.0800),,,,,"SHA1=7DE7C7E87CFA639E8C4DF269E38FB69A391D6790,MD5=4B179D7C6AA9424831847BA6BACDB260,SHA256=F0541B07D7B00C8D09BC72DF7E2D974F83482E42CD88B4E8260B832B7A71682E,IMPHASH=70F94828FF194145825265FE7BA88C95",James.browne,C:\Windows\System32\svchost.exe,C:\Windows\System32\clbcatq.dll,,,,,,,,-9223372036854775808,,,,,,,,,"Image loaded:
RuleName: -
UtcTime: 2022-04-15 12:06:08.300
ProcessGuid: {2d351099-5caf-5f5f-3304-000000000400}
ProcessId: 8632
Image: C:\Windows\System32\svchost.exe
ImageLoaded: C:\Windows\System32\clbcatq.dll
FileVersion: 2001.12.10941.16384 (WinBuild.160101.0800)
Description: COM+ Configuration Catalog
Product: Microsoft Windows Operating System
Company: Microsoft Corporation
OriginalFileName: CLBCATQ.DLL
Hashes: SHA1=7DE7C7E87CFA639E8C4DF269E38FB69A391D6790,MD5=4B179D7C6AA9424831847BA6BACDB260,SHA256=F0541B07D7B00C8D09BC72DF7E2D974F83482E42CD88B4E8260B832B7A71682E,IMPHASH=70F94828FF194145825265FE7BA88C95
Signed: true
Signature: Microsoft Windows
SignatureStatus: Valid",,,,,,,,Info,0,CLBCATQ.DLL,,,,,,,,,{2d351099-5caf-5f5f-3304-000000000400},8632,,Microsoft Windows Operating System,,{5770385F-C22A-43E0-BF4C-06F5698FFBD9},,,,424269,,,,,,,-,,INFO,2,,,Microsoft Windows,Valid,TRUE,,,,,,,eventlog,im_msvistalog,Microsoft-Windows-Sysmon,,,,,,,,,,,,,,,,,,,,,,,,7,,,,4688,,,,,S-1-5-18,2022-04-15 12:06:08,3,,,"{""EventID"":7,""RecordNumber"":424269,""ProviderGuid"":""{5770385F-C22A-43E0-BF4C-06F5698FFBD9}"",""SourceName"":""Microsoft-Windows-Sysmon"",""OpcodeValue"":0,""AccountName"":""SYSTEM"",""SignatureStatus"":""Valid"",""SourceModuleName"":""eventlog"",""ExecutionProcessID"":3524,""AccountType"":""User"",""Category"":""Image loaded (rule: ImageLoad)"",""Domain"":""NT AUTHORITY"",""port"":60427,""Company"":""Microsoft Corporation"",""ThreadID"":4688,""Severity"":""INFO"",""EventType"":""INFO"",""Signed"":""true"",""Channel"":""Microsoft-Windows-Sysmon/Operational"",""Opcode"":""Info"",""EventReceivedTime"":""2022-04-15 08:06:14"",""ImageLoaded"":""C:\\Windows\\System32\\clbcatq.dll"",""Task"":7,""RuleName"":""-"",""Keywords"":-9223372036854775808,""Version"":3,""ProcessId"":""8632"",""Image"":""C:\\Windows\\System32\\svchost.exe"",""Product"":""Microsoft Windows Operating System"",""tags"":[""splunk""],""EventTime"":""2022-04-15 08:06:08"",""host"":""cybertees.net"",""SeverityValue"":2,""Message"":""Image loaded:\r\nRuleName: -\r\nUtcTime: 2022-04-15 12:06:08.300\r\nProcessGuid: {2d351099-5caf-5f5f-3304-000000000400}\r\nProcessId: 8632\r\nImage: C:\\Windows\\System32\\svchost.exe\r\nImageLoaded: C:\\Windows\\System32\\clbcatq.dll\r\nFileVersion: 2001.12.10941.16384 (WinBuild.160101.0800)\r\nDescription: COM+ Configuration Catalog\r\nProduct: Microsoft Windows Operating System\r\nCompany: Microsoft Corporation\r\nOriginalFileName: CLBCATQ.DLL\r\nHashes: SHA1=7DE7C7E87CFA639E8C4DF269E38FB69A391D6790,MD5=4B179D7C6AA9424831847BA6BACDB260,SHA256=F0541B07D7B00C8D09BC72DF7E2D974F83482E42CD88B4E8260B832B7A71682E,IMPHASH=70F94828FF194145825265FE7BA88C95\r\nSigned: true\r\nSignature: Microsoft Windows\r\nSignatureStatus: Valid"",""UtcTime"":""2022-04-15 12:06:08.300"",""UserID"":""S-1-5-18"",""FileVersion"":""2001.12.10941.16384 (WinBuild.160101.0800)"",""Description"":""COM+ Configuration Catalog"",""OriginalFileName"":""CLBCATQ.DLL"",""timestamp"":""2022-04-15T12:06:14.224Z"",""Hashes"":""SHA1=7DE7C7E87CFA639E8C4DF269E38FB69A391D6790,MD5=4B179D7C6AA9424831847BA6BACDB260,SHA256=F0541B07D7B00C8D09BC72DF7E2D974F83482E42CD88B4E8260B832B7A71682E,IMPHASH=70F94828FF194145825265FE7BA88C95"",""Signature"":""Microsoft Windows"",""@version"":""1"",""SourceModuleType"":""im_msvistalog"",""Hostname"":""James.browne"",""ProcessGuid"":""{2d351099-5caf-5f5f-3304-000000000400}""}",2022-04-15T08:06:12.000+0000,8,15,6,april,12,friday,2022,local,,INFO,cybertees.net,cyber-host,windowslogs,1,60427,"{"""":,"""":,"""":""{----}"","""":""--"","""":,"""":"""","""":"""","""":""""",Event_logs.json,_json,ip-10-10-40-195,,splunk,,2022-04-15T12:06:14.224Z,
1,,,,,,,\device\harddiskvolume2\windows\system32\lsass.exe,,,,Filtering Platform Connection,Security,,,,,,,,,,,,,,,,,,,,,,,5154,,2022-04-15 8:06:14,2022-04-15 8:06:08,,4,,0,,,,,James.browne,,,,,,,,,,-9214364837600034816,%%14609,42,,,,,,,"The Windows Filtering Platform has permitted an application or service to listen on a port for incoming connections.

Application Information:
	Process ID:		740
	Application Name:	\device\harddiskvolume2\windows\system32\lsass.exe

Network Information:
	Source Address:		::
	Source Port:		49664
	Protocol:		6

Filter Information:
	Filter Run-Time ID:	0
	Layer Name:		Listen
	Layer Run-Time ID:	42",,,,,,,,Info,0,,,,,,,,,,,740,,,6,{54849625-5478-4994-A5BA-3E3B0328C30D},,,,75179,,,,,,,,,INFO,2,,,,,,::,,,,,,eventlog,im_msvistalog,Microsoft-Windows-Security-Auditing,49664,,,,,,,,,,,,,,,,,,,,,,,12810,,,,1020,,,,,,,0,,,"{""ProcessId"":""740"",""tags"":[""splunk""],""EventID"":5154,""RecordNumber"":75179,""ProviderGuid"":""{54849625-5478-4994-A5BA-3E3B0328C30D}"",""SourceName"":""Microsoft-Windows-Security-Auditing"",""OpcodeValue"":0,""EventTime"":""2022-04-15 08:06:08"",""FilterRTID"":""0"",""host"":""cybertees.net"",""SeverityValue"":2,""ExecutionProcessID"":4,""Category"":""Filtering Platform Connection"",""SourceModuleName"":""eventlog"",""Message"":""The Windows Filtering Platform has permitted an application or service to listen on a port for incoming connections.\r\n\r\nApplication Information:\r\n\tProcess ID:\t\t740\r\n\tApplication Name:\t\\device\\harddiskvolume2\\windows\\system32\\lsass.exe\r\n\r\nNetwork Information:\r\n\tSource Address:\t\t::\r\n\tSource Port:\t\t49664\r\n\tProtocol:\t\t6\r\n\r\nFilter Information:\r\n\tFilter Run-Time ID:\t0\r\n\tLayer Name:\t\tListen\r\n\tLayer Run-Time ID:\t42"",""port"":60427,""Protocol"":""6"",""timestamp"":""2022-04-15T12:06:14.224Z"",""ThreadID"":1020,""Severity"":""INFO"",""EventType"":""AUDIT_SUCCESS"",""Channel"":""Security"",""SourceAddress"":""::"",""Opcode"":""Info"",""EventReceivedTime"":""2022-04-15 08:06:14"",""@version"":""1"",""Task"":12810,""SourceModuleType"":""im_msvistalog"",""LayerName"":""%%14609"",""LayerRTID"":""42"",""Hostname"":""James.browne"",""Application"":""\\device\\harddiskvolume2\\windows\\system32\\lsass.exe"",""Keywords"":-9214364837600034816,""Version"":0,""SourcePort"":""49664""}",2022-04-15T08:06:12.000+0000,8,15,6,april,12,friday,2022,local,,AUDIT_SUCCESS,cybertees.net,cyber-host,windowslogs,1,60427,"{"""":"""","""":[""""],"""":,"""":,"""":""{----}"","""":""---"","""":,""""",Event_logs.json,_json,ip-10-10-40-195,,splunk,,2022-04-15T12:06:14.224Z,
1,,,,SYSTEM,User,,,,,,Image loaded (rule: ImageLoad),Microsoft-Windows-Sysmon/Operational,,Microsoft Corporation,,,,OLE32 Extensions for Win32,,,,,,,,,,,,NT AUTHORITY,,,,,7,,2022-04-15 8:06:14,2022-04-15 8:06:08,,3524,11.00.18362.815 (WinBuild.160101.0800),,,,,"SHA1=2EA4577B34C0955C4E16D6D67DF5F078DF142E7B,MD5=485794D66DD54BEC3E2540D886DF1F38,SHA256=FD3852EFFA554A3ACFDBEA5745E22D338DA3326F45943AD0F97290D6E02B6AB0,IMPHASH=75660DEE439E0444CAA3BB74E19C02F0",James.browne,C:\Windows\System32\taskhostw.exe,C:\Windows\System32\urlmon.dll,,,,,,,,-9223372036854775808,,,,,,,,,"Image loaded:
RuleName: -
UtcTime: 2022-04-15 12:06:08.263
ProcessGuid: {2d351099-43e5-5f5f-7e00-000000000400}
ProcessId: 4864
Image: C:\Windows\System32\taskhostw.exe
ImageLoaded: C:\Windows\System32\urlmon.dll
FileVersion: 11.00.18362.815 (WinBuild.160101.0800)
Description: OLE32 Extensions for Win32
Product: Internet Explorer
Company: Microsoft Corporation
OriginalFileName: UrlMon.dll
Hashes: SHA1=2EA4577B34C0955C4E16D6D67DF5F078DF142E7B,MD5=485794D66DD54BEC3E2540D886DF1F38,SHA256=FD3852EFFA554A3ACFDBEA5745E22D338DA3326F45943AD0F97290D6E02B6AB0,IMPHASH=75660DEE439E0444CAA3BB74E19C02F0
Signed: true
Signature: Microsoft Windows
SignatureStatus: Valid",,,,,,,,Info,0,UrlMon.dll,,,,,,,,,{2d351099-43e5-5f5f-7e00-000000000400},4864,,Internet Explorer,,{5770385F-C22A-43E0-BF4C-06F5698FFBD9},,,,424268,,,,,,,-,,INFO,2,,,Microsoft Windows,Valid,TRUE,,,,,,,eventlog,im_msvistalog,Microsoft-Windows-Sysmon,,,,,,,,,,,,,,,,,,,,,,,,7,,,,4688,,,,,S-1-5-18,2022-04-15 12:06:08,3,,,"{""EventID"":7,""RecordNumber"":424268,""ProviderGuid"":""{5770385F-C22A-43E0-BF4C-06F5698FFBD9}"",""SourceName"":""Microsoft-Windows-Sysmon"",""OpcodeValue"":0,""AccountName"":""SYSTEM"",""SignatureStatus"":""Valid"",""SourceModuleName"":""eventlog"",""ExecutionProcessID"":3524,""AccountType"":""User"",""Category"":""Image loaded (rule: ImageLoad)"",""Domain"":""NT AUTHORITY"",""port"":60427,""Company"":""Microsoft Corporation"",""ThreadID"":4688,""Severity"":""INFO"",""EventType"":""INFO"",""Signed"":""true"",""Channel"":""Microsoft-Windows-Sysmon/Operational"",""Opcode"":""Info"",""EventReceivedTime"":""2022-04-15 08:06:14"",""ImageLoaded"":""C:\\Windows\\System32\\urlmon.dll"",""Task"":7,""RuleName"":""-"",""Keywords"":-9223372036854775808,""Version"":3,""ProcessId"":""4864"",""Image"":""C:\\Windows\\System32\\taskhostw.exe"",""Product"":""Internet Explorer"",""tags"":[""splunk""],""EventTime"":""2022-04-15 08:06:08"",""host"":""cybertees.net"",""SeverityValue"":2,""Message"":""Image loaded:\r\nRuleName: -\r\nUtcTime: 2022-04-15 12:06:08.263\r\nProcessGuid: {2d351099-43e5-5f5f-7e00-000000000400}\r\nProcessId: 4864\r\nImage: C:\\Windows\\System32\\taskhostw.exe\r\nImageLoaded: C:\\Windows\\System32\\urlmon.dll\r\nFileVersion: 11.00.18362.815 (WinBuild.160101.0800)\r\nDescription: OLE32 Extensions for Win32\r\nProduct: Internet Explorer\r\nCompany: Microsoft Corporation\r\nOriginalFileName: UrlMon.dll\r\nHashes: SHA1=2EA4577B34C0955C4E16D6D67DF5F078DF142E7B,MD5=485794D66DD54BEC3E2540D886DF1F38,SHA256=FD3852EFFA554A3ACFDBEA5745E22D338DA3326F45943AD0F97290D6E02B6AB0,IMPHASH=75660DEE439E0444CAA3BB74E19C02F0\r\nSigned: true\r\nSignature: Microsoft Windows\r\nSignatureStatus: Valid"",""UtcTime"":""2022-04-15 12:06:08.263"",""UserID"":""S-1-5-18"",""FileVersion"":""11.00.18362.815 (WinBuild.160101.0800)"",""Description"":""OLE32 Extensions for Win32"",""OriginalFileName"":""UrlMon.dll"",""timestamp"":""2022-04-15T12:06:14.224Z"",""Hashes"":""SHA1=2EA4577B34C0955C4E16D6D67DF5F078DF142E7B,MD5=485794D66DD54BEC3E2540D886DF1F38,SHA256=FD3852EFFA554A3ACFDBEA5745E22D338DA3326F45943AD0F97290D6E02B6AB0,IMPHASH=75660DEE439E0444CAA3BB74E19C02F0"",""Signature"":""Microsoft Windows"",""@version"":""1"",""SourceModuleType"":""im_msvistalog"",""Hostname"":""James.browne"",""ProcessGuid"":""{2d351099-43e5-5f5f-7e00-000000000400}""}",2022-04-15T08:06:12.000+0000,8,15,6,april,12,friday,2022,local,,INFO,cybertees.net,cyber-host,windowslogs,1,60427,"{"""":,"""":,"""":""{----}"","""":""--"","""":,"""":"""","""":"""","""":""""",Event_logs.json,_json,ip-10-10-40-195,,splunk,,2022-04-15T12:06:14.224Z,
1,,,,,,,System,,,,Filtering Platform Connection,Security,,,,,,,,,,,,,,,,,,,,,,,5154,,2022-04-15 8:06:14,2022-04-15 8:06:08,,4,,70267,,,,,James.browne,,,,,,,,,,-9214364837600034816,%%14609,40,,,,,,,"The Windows Filtering Platform has permitted an application or service to listen on a port for incoming connections.

Application Information:
	Process ID:		4
	Application Name:	System

Network Information:
	Source Address:		172.90.12.11
	Source Port:		139
	Protocol:		6

Filter Information:
	Filter Run-Time ID:	70267
	Layer Name:		Listen
	Layer Run-Time ID:	40",,,,,,,,Info,0,,,,,,,,,,,4,,,6,{54849625-5478-4994-A5BA-3E3B0328C30D},,,,75178,,,,,,,,,INFO,2,,,,,,172.90.12.11,,,,,,eventlog,im_msvistalog,Microsoft-Windows-Security-Auditing,139,,,,,,,,,,,,,,,,,,,,,,,12810,,,,1020,,,,,,,0,,,"{""ProcessId"":""4"",""tags"":[""splunk""],""EventID"":5154,""RecordNumber"":75178,""ProviderGuid"":""{54849625-5478-4994-A5BA-3E3B0328C30D}"",""SourceName"":""Microsoft-Windows-Security-Auditing"",""OpcodeValue"":0,""EventTime"":""2022-04-15 08:06:08"",""FilterRTID"":""70267"",""host"":""cybertees.net"",""SeverityValue"":2,""ExecutionProcessID"":4,""Category"":""Filtering Platform Connection"",""SourceModuleName"":""eventlog"",""Message"":""The Windows Filtering Platform has permitted an application or service to listen on a port for incoming connections.\r\n\r\nApplication Information:\r\n\tProcess ID:\t\t4\r\n\tApplication Name:\tSystem\r\n\r\nNetwork Information:\r\n\tSource Address:\t\t172.90.12.11\r\n\tSource Port:\t\t139\r\n\tProtocol:\t\t6\r\n\r\nFilter Information:\r\n\tFilter Run-Time ID:\t70267\r\n\tLayer Name:\t\tListen\r\n\tLayer Run-Time ID:\t40"",""port"":60427,""Protocol"":""6"",""timestamp"":""2022-04-15T12:06:14.224Z"",""ThreadID"":1020,""Severity"":""INFO"",""EventType"":""AUDIT_SUCCESS"",""Channel"":""Security"",""SourceAddress"":""172.90.12.11"",""Opcode"":""Info"",""EventReceivedTime"":""2022-04-15 08:06:14"",""@version"":""1"",""Task"":12810,""SourceModuleType"":""im_msvistalog"",""LayerName"":""%%14609"",""LayerRTID"":""40"",""Hostname"":""James.browne"",""Application"":""System"",""Keywords"":-9214364837600034816,""Version"":0,""SourcePort"":""139""}",2022-04-15T08:06:12.000+0000,8,15,6,april,12,friday,2022,local,,AUDIT_SUCCESS,cybertees.net,cyber-host,windowslogs,1,60427,"{"""":"""","""":[""""],"""":,"""":,"""":""{----}"","""":""---"","""":,""""",Event_logs.json,_json,ip-10-10-40-195,,splunk,,2022-04-15T12:06:14.224Z,
1,,,,SYSTEM,User,,,,,,Image loaded (rule: ImageLoad),Microsoft-Windows-Sysmon/Operational,,Microsoft Corporation,,,,Exploit Guard Configuration Helper,,,,,,,,,,,,NT AUTHORITY,,,,,7,,2022-04-15 8:06:14,2022-04-15 8:06:08,,3524,10.0.18362.1 (WinBuild.160101.0800),,,,,"SHA1=999E71DA554F91575BC0D96049C622F9B6D4481E,MD5=3CA365088223DD328FA705F9D4A3B956,SHA256=C40F87FC49F1499476ACBB42936E7D7D50154145F181AA6EC0A0E069AAFAE027,IMPHASH=26E2D28A23EABBEAD30360E3A8B53005",James.browne,C:\Windows\System32\taskhostw.exe,C:\Windows\System32\MitigationConfiguration.dll,,,,,,,,-9223372036854775808,,,,,,,,,"Image loaded:
RuleName: -
UtcTime: 2022-04-15 12:06:08.263
ProcessGuid: {2d351099-43e5-5f5f-7e00-000000000400}
ProcessId: 4864
Image: C:\Windows\System32\taskhostw.exe
ImageLoaded: C:\Windows\System32\MitigationConfiguration.dll
FileVersion: 10.0.18362.1 (WinBuild.160101.0800)
Description: Exploit Guard Configuration Helper
Product: Microsoft Windows Operating System
Company: Microsoft Corporation
OriginalFileName: MitigationConfiguration.dll
Hashes: SHA1=999E71DA554F91575BC0D96049C622F9B6D4481E,MD5=3CA365088223DD328FA705F9D4A3B956,SHA256=C40F87FC49F1499476ACBB42936E7D7D50154145F181AA6EC0A0E069AAFAE027,IMPHASH=26E2D28A23EABBEAD30360E3A8B53005
Signed: true
Signature: Microsoft Windows
SignatureStatus: Valid",,,,,,,,Info,0,MitigationConfiguration.dll,,,,,,,,,{2d351099-43e5-5f5f-7e00-000000000400},4864,,Microsoft Windows Operating System,,{5770385F-C22A-43E0-BF4C-06F5698FFBD9},,,,424267,,,,,,,-,,INFO,2,,,Microsoft Windows,Valid,TRUE,,,,,,,eventlog,im_msvistalog,Microsoft-Windows-Sysmon,,,,,,,,,,,,,,,,,,,,,,,,7,,,,4700,,,,,S-1-5-18,2022-04-15 12:06:08,3,,,"{""EventID"":7,""RecordNumber"":424267,""ProviderGuid"":""{5770385F-C22A-43E0-BF4C-06F5698FFBD9}"",""SourceName"":""Microsoft-Windows-Sysmon"",""OpcodeValue"":0,""AccountName"":""SYSTEM"",""SignatureStatus"":""Valid"",""SourceModuleName"":""eventlog"",""ExecutionProcessID"":3524,""AccountType"":""User"",""Category"":""Image loaded (rule: ImageLoad)"",""Domain"":""NT AUTHORITY"",""port"":60427,""Company"":""Microsoft Corporation"",""ThreadID"":4700,""Severity"":""INFO"",""EventType"":""INFO"",""Signed"":""true"",""Channel"":""Microsoft-Windows-Sysmon/Operational"",""Opcode"":""Info"",""EventReceivedTime"":""2022-04-15 08:06:14"",""ImageLoaded"":""C:\\Windows\\System32\\MitigationConfiguration.dll"",""Task"":7,""RuleName"":""-"",""Keywords"":-9223372036854775808,""Version"":3,""ProcessId"":""4864"",""Image"":""C:\\Windows\\System32\\taskhostw.exe"",""Product"":""Microsoft Windows Operating System"",""tags"":[""splunk""],""EventTime"":""2022-04-15 08:06:08"",""host"":""cybertees.net"",""SeverityValue"":2,""Message"":""Image loaded:\r\nRuleName: -\r\nUtcTime: 2022-04-15 12:06:08.263\r\nProcessGuid: {2d351099-43e5-5f5f-7e00-000000000400}\r\nProcessId: 4864\r\nImage: C:\\Windows\\System32\\taskhostw.exe\r\nImageLoaded: C:\\Windows\\System32\\MitigationConfiguration.dll\r\nFileVersion: 10.0.18362.1 (WinBuild.160101.0800)\r\nDescription: Exploit Guard Configuration Helper\r\nProduct: Microsoft Windows Operating System\r\nCompany: Microsoft Corporation\r\nOriginalFileName: MitigationConfiguration.dll\r\nHashes: SHA1=999E71DA554F91575BC0D96049C622F9B6D4481E,MD5=3CA365088223DD328FA705F9D4A3B956,SHA256=C40F87FC49F1499476ACBB42936E7D7D50154145F181AA6EC0A0E069AAFAE027,IMPHASH=26E2D28A23EABBEAD30360E3A8B53005\r\nSigned: true\r\nSignature: Microsoft Windows\r\nSignatureStatus: Valid"",""UtcTime"":""2022-04-15 12:06:08.263"",""UserID"":""S-1-5-18"",""FileVersion"":""10.0.18362.1 (WinBuild.160101.0800)"",""Description"":""Exploit Guard Configuration Helper"",""OriginalFileName"":""MitigationConfiguration.dll"",""timestamp"":""2022-04-15T12:06:14.223Z"",""Hashes"":""SHA1=999E71DA554F91575BC0D96049C622F9B6D4481E,MD5=3CA365088223DD328FA705F9D4A3B956,SHA256=C40F87FC49F1499476ACBB42936E7D7D50154145F181AA6EC0A0E069AAFAE027,IMPHASH=26E2D28A23EABBEAD30360E3A8B53005"",""Signature"":""Microsoft Windows"",""@version"":""1"",""SourceModuleType"":""im_msvistalog"",""Hostname"":""James.browne"",""ProcessGuid"":""{2d351099-43e5-5f5f-7e00-000000000400}""}",2022-04-15T08:06:12.000+0000,8,15,6,april,12,friday,2022,local,,INFO,cybertees.net,cyber-host,windowslogs,1,60427,"{"""":,"""":,"""":""{----}"","""":""--"","""":,"""":"""","""":"""","""":""""",Event_logs.json,_json,ip-10-10-40-195,,splunk,,2022-04-15T12:06:14.223Z,
1,,,,,,,\device\harddiskvolume2\windows\system32\svchost.exe,,,,Filtering Platform Connection,Security,,,,,,,,,,,,,,,,,,,,,,,5154,,2022-04-15 8:06:14,2022-04-15 8:06:08,,4,,0,,,,,James.browne,,,,,,,,,,-9214364837600034816,%%14609,40,,,,,,,"The Windows Filtering Platform has permitted an application or service to listen on a port for incoming connections.

Application Information:
	Process ID:		2088
	Application Name:	\device\harddiskvolume2\windows\system32\svchost.exe

Network Information:
	Source Address:		0.0.0.0
	Source Port:		49670
	Protocol:		6

Filter Information:
	Filter Run-Time ID:	0
	Layer Name:		Listen
	Layer Run-Time ID:	40",,,,,,,,Info,0,,,,,,,,,,,2088,,,6,{54849625-5478-4994-A5BA-3E3B0328C30D},,,,75177,,,,,,,,,INFO,2,,,,,,0.0.0.0,,,,,,eventlog,im_msvistalog,Microsoft-Windows-Security-Auditing,49670,,,,,,,,,,,,,,,,,,,,,,,12810,,,,1020,,,,,,,0,,,"{""ProcessId"":""2088"",""tags"":[""splunk""],""EventID"":5154,""RecordNumber"":75177,""ProviderGuid"":""{54849625-5478-4994-A5BA-3E3B0328C30D}"",""SourceName"":""Microsoft-Windows-Security-Auditing"",""OpcodeValue"":0,""EventTime"":""2022-04-15 08:06:08"",""FilterRTID"":""0"",""host"":""cybertees.net"",""SeverityValue"":2,""ExecutionProcessID"":4,""Category"":""Filtering Platform Connection"",""SourceModuleName"":""eventlog"",""Message"":""The Windows Filtering Platform has permitted an application or service to listen on a port for incoming connections.\r\n\r\nApplication Information:\r\n\tProcess ID:\t\t2088\r\n\tApplication Name:\t\\device\\harddiskvolume2\\windows\\system32\\svchost.exe\r\n\r\nNetwork Information:\r\n\tSource Address:\t\t0.0.0.0\r\n\tSource Port:\t\t49670\r\n\tProtocol:\t\t6\r\n\r\nFilter Information:\r\n\tFilter Run-Time ID:\t0\r\n\tLayer Name:\t\tListen\r\n\tLayer Run-Time ID:\t40"",""port"":60427,""Protocol"":""6"",""timestamp"":""2022-04-15T12:06:14.222Z"",""ThreadID"":1020,""Severity"":""INFO"",""EventType"":""AUDIT_SUCCESS"",""Channel"":""Security"",""SourceAddress"":""0.0.0.0"",""Opcode"":""Info"",""EventReceivedTime"":""2022-04-15 08:06:14"",""@version"":""1"",""Task"":12810,""SourceModuleType"":""im_msvistalog"",""LayerName"":""%%14609"",""LayerRTID"":""40"",""Hostname"":""James.browne"",""Application"":""\\device\\harddiskvolume2\\windows\\system32\\svchost.exe"",""Keywords"":-9214364837600034816,""Version"":0,""SourcePort"":""49670""}",2022-04-15T08:06:12.000+0000,8,15,6,april,12,friday,2022,local,,AUDIT_SUCCESS,cybertees.net,cyber-host,windowslogs,1,60427,"{"""":"""","""":[""""],"""":,"""":,"""":""{----}"","""":""---"","""":,""""",Event_logs.json,_json,ip-10-10-40-195,,splunk,,2022-04-15T12:06:14.222Z,
1,,,,SYSTEM,User,,,,,,Image loaded (rule: ImageLoad),Microsoft-Windows-Sysmon/Operational,,Microsoft Corporation,,,,DIMS Job DLL,,,,,,,,,,,,NT AUTHORITY,,,,,7,,2022-04-15 8:06:14,2022-04-15 8:06:08,,3524,10.0.18362.1 (WinBuild.160101.0800),,,,,"SHA1=353A94BCC0F56354B1B13A2C36019232BCC4B7C7,MD5=FB360A9A2D2131C9B4F2272B65370D0C,SHA256=B50350C40C642DDEB1ABFCC80F90FA3BB60E0954417B0B86FD6061CEF24340BC,IMPHASH=8AAF968616D021984BC8B1C2D6AB1F0A",James.browne,C:\Windows\System32\taskhostw.exe,C:\Windows\System32\dimsjob.dll,,,,,,,,-9223372036854775808,,,,,,,,,"Image loaded:
RuleName: -
UtcTime: 2022-04-15 12:06:08.248
ProcessGuid: {2d351099-43e5-5f5f-7e00-000000000400}
ProcessId: 4864
Image: C:\Windows\System32\taskhostw.exe
ImageLoaded: C:\Windows\System32\dimsjob.dll
FileVersion: 10.0.18362.1 (WinBuild.160101.0800)
Description: DIMS Job DLL
Product: Microsoft Windows Operating System
Company: Microsoft Corporation
OriginalFileName: dimsjob.dll
Hashes: SHA1=353A94BCC0F56354B1B13A2C36019232BCC4B7C7,MD5=FB360A9A2D2131C9B4F2272B65370D0C,SHA256=B50350C40C642DDEB1ABFCC80F90FA3BB60E0954417B0B86FD6061CEF24340BC,IMPHASH=8AAF968616D021984BC8B1C2D6AB1F0A
Signed: true
Signature: Microsoft Windows
SignatureStatus: Valid",,,,,,,,Info,0,dimsjob.dll,,,,,,,,,{2d351099-43e5-5f5f-7e00-000000000400},4864,,Microsoft Windows Operating System,,{5770385F-C22A-43E0-BF4C-06F5698FFBD9},,,,424266,,,,,,,-,,INFO,2,,,Microsoft Windows,Valid,TRUE,,,,,,,eventlog,im_msvistalog,Microsoft-Windows-Sysmon,,,,,,,,,,,,,,,,,,,,,,,,7,,,,4688,,,,,S-1-5-18,2022-04-15 12:06:08,3,,,"{""EventID"":7,""RecordNumber"":424266,""ProviderGuid"":""{5770385F-C22A-43E0-BF4C-06F5698FFBD9}"",""SourceName"":""Microsoft-Windows-Sysmon"",""OpcodeValue"":0,""AccountName"":""SYSTEM"",""SignatureStatus"":""Valid"",""SourceModuleName"":""eventlog"",""ExecutionProcessID"":3524,""AccountType"":""User"",""Category"":""Image loaded (rule: ImageLoad)"",""Domain"":""NT AUTHORITY"",""port"":60427,""Company"":""Microsoft Corporation"",""ThreadID"":4688,""Severity"":""INFO"",""EventType"":""INFO"",""Signed"":""true"",""Channel"":""Microsoft-Windows-Sysmon/Operational"",""Opcode"":""Info"",""EventReceivedTime"":""2022-04-15 08:06:14"",""ImageLoaded"":""C:\\Windows\\System32\\dimsjob.dll"",""Task"":7,""RuleName"":""-"",""Keywords"":-9223372036854775808,""Version"":3,""ProcessId"":""4864"",""Image"":""C:\\Windows\\System32\\taskhostw.exe"",""Product"":""Microsoft Windows Operating System"",""tags"":[""splunk""],""EventTime"":""2022-04-15 08:06:08"",""host"":""cybertees.net"",""SeverityValue"":2,""Message"":""Image loaded:\r\nRuleName: -\r\nUtcTime: 2022-04-15 12:06:08.248\r\nProcessGuid: {2d351099-43e5-5f5f-7e00-000000000400}\r\nProcessId: 4864\r\nImage: C:\\Windows\\System32\\taskhostw.exe\r\nImageLoaded: C:\\Windows\\System32\\dimsjob.dll\r\nFileVersion: 10.0.18362.1 (WinBuild.160101.0800)\r\nDescription: DIMS Job DLL\r\nProduct: Microsoft Windows Operating System\r\nCompany: Microsoft Corporation\r\nOriginalFileName: dimsjob.dll\r\nHashes: SHA1=353A94BCC0F56354B1B13A2C36019232BCC4B7C7,MD5=FB360A9A2D2131C9B4F2272B65370D0C,SHA256=B50350C40C642DDEB1ABFCC80F90FA3BB60E0954417B0B86FD6061CEF24340BC,IMPHASH=8AAF968616D021984BC8B1C2D6AB1F0A\r\nSigned: true\r\nSignature: Microsoft Windows\r\nSignatureStatus: Valid"",""UtcTime"":""2022-04-15 12:06:08.248"",""UserID"":""S-1-5-18"",""FileVersion"":""10.0.18362.1 (WinBuild.160101.0800)"",""Description"":""DIMS Job DLL"",""OriginalFileName"":""dimsjob.dll"",""timestamp"":""2022-04-15T12:06:14.222Z"",""Hashes"":""SHA1=353A94BCC0F56354B1B13A2C36019232BCC4B7C7,MD5=FB360A9A2D2131C9B4F2272B65370D0C,SHA256=B50350C40C642DDEB1ABFCC80F90FA3BB60E0954417B0B86FD6061CEF24340BC,IMPHASH=8AAF968616D021984BC8B1C2D6AB1F0A"",""Signature"":""Microsoft Windows"",""@version"":""1"",""SourceModuleType"":""im_msvistalog"",""Hostname"":""James.browne"",""ProcessGuid"":""{2d351099-43e5-5f5f-7e00-000000000400}""}",2022-04-15T08:06:12.000+0000,8,15,6,april,12,friday,2022,local,,INFO,cybertees.net,cyber-host,windowslogs,1,60427,"{"""":,"""":,"""":""{----}"","""":""--"","""":,"""":"""","""":"""","""":""""",Event_logs.json,_json,ip-10-10-40-195,,splunk,,2022-04-15T12:06:14.222Z,
1,,,,,,,System,,,,Filtering Platform Connection,Security,,,,,,,,,,,,,,,,,,,,,,,5154,,2022-04-15 8:06:14,2022-04-15 8:06:08,,4,,0,,,,,James.browne,,,,,,,,,,-9214364837600034816,%%14609,40,,,,,,,"The Windows Filtering Platform has permitted an application or service to listen on a port for incoming connections.

Application Information:
	Process ID:		4
	Application Name:	System

Network Information:
	Source Address:		127.0.0.1
	Source Port:		10333
	Protocol:		6

Filter Information:
	Filter Run-Time ID:	0
	Layer Name:		Listen
	Layer Run-Time ID:	40",,,,,,,,Info,0,,,,,,,,,,,4,,,6,{54849625-5478-4994-A5BA-3E3B0328C30D},,,,75176,,,,,,,,,INFO,2,,,,,,127.0.0.1,,,,,,eventlog,im_msvistalog,Microsoft-Windows-Security-Auditing,10333,,,,,,,,,,,,,,,,,,,,,,,12810,,,,1020,,,,,,,0,,,"{""ProcessId"":""4"",""tags"":[""splunk""],""EventID"":5154,""RecordNumber"":75176,""ProviderGuid"":""{54849625-5478-4994-A5BA-3E3B0328C30D}"",""SourceName"":""Microsoft-Windows-Security-Auditing"",""OpcodeValue"":0,""EventTime"":""2022-04-15 08:06:08"",""FilterRTID"":""0"",""host"":""cybertees.net"",""SeverityValue"":2,""ExecutionProcessID"":4,""Category"":""Filtering Platform Connection"",""SourceModuleName"":""eventlog"",""Message"":""The Windows Filtering Platform has permitted an application or service to listen on a port for incoming connections.\r\n\r\nApplication Information:\r\n\tProcess ID:\t\t4\r\n\tApplication Name:\tSystem\r\n\r\nNetwork Information:\r\n\tSource Address:\t\t127.0.0.1\r\n\tSource Port:\t\t10333\r\n\tProtocol:\t\t6\r\n\r\nFilter Information:\r\n\tFilter Run-Time ID:\t0\r\n\tLayer Name:\t\tListen\r\n\tLayer Run-Time ID:\t40"",""port"":60427,""Protocol"":""6"",""timestamp"":""2022-04-15T12:06:14.222Z"",""ThreadID"":1020,""Severity"":""INFO"",""EventType"":""AUDIT_SUCCESS"",""Channel"":""Security"",""SourceAddress"":""127.0.0.1"",""Opcode"":""Info"",""EventReceivedTime"":""2022-04-15 08:06:14"",""@version"":""1"",""Task"":12810,""SourceModuleType"":""im_msvistalog"",""LayerName"":""%%14609"",""LayerRTID"":""40"",""Hostname"":""James.browne"",""Application"":""System"",""Keywords"":-9214364837600034816,""Version"":0,""SourcePort"":""10333""}",2022-04-15T08:06:12.000+0000,8,15,6,april,12,friday,2022,local,,AUDIT_SUCCESS,cybertees.net,cyber-host,windowslogs,1,60427,"{"""":"""","""":[""""],"""":,"""":,"""":""{----}"","""":""---"","""":,""""",Event_logs.json,_json,ip-10-10-40-195,,splunk,,2022-04-15T12:06:14.222Z,
1,,,,SYSTEM,User,,,,,,File created (rule: FileCreate),Microsoft-Windows-Sysmon/Operational,,,,2022-04-15 10:19:32,,,,,,,,,,,,,,NT AUTHORITY,,,,,11,,2022-04-15 8:06:14,2022-04-15 8:06:08,,3524,,,,,,,James.browne,C:\windows\system32\svchost.exe,,,,,,,,,-9223372036854775808,,,,,,,,,"File created:
RuleName: -
UtcTime: 2022-04-15 12:06:08.248
ProcessGuid: {2d351099-43cf-5f5f-2700-000000000400}
ProcessId: 1616
Image: C:\windows\system32\svchost.exe
TargetFilename: C:\Windows\Prefetch\SVCHOST.EXE-90E431AE.pf
CreationUtcTime: 2022-04-15 10:19:32.151",,,,,,,,Info,0,,,,,,,,,,{2d351099-43cf-5f5f-2700-000000000400},1616,,,,{5770385F-C22A-43E0-BF4C-06F5698FFBD9},,,,424265,,,,,,,-,,INFO,2,,,,,,,,,,,,eventlog,im_msvistalog,Microsoft-Windows-Sysmon,,,,,,,,,,,,C:\Windows\Prefetch\SVCHOST.EXE-90E431AE.pf,,,,,,,,,,,,11,,,,4688,,,,,S-1-5-18,2022-04-15 12:06:08,2,,,"{""Image"":""C:\\windows\\system32\\svchost.exe"",""ProcessId"":""1616"",""EventID"":11,""tags"":[""splunk""],""RecordNumber"":424265,""ProviderGuid"":""{5770385F-C22A-43E0-BF4C-06F5698FFBD9}"",""SourceName"":""Microsoft-Windows-Sysmon"",""OpcodeValue"":0,""EventTime"":""2022-04-15 08:06:08"",""AccountName"":""SYSTEM"",""host"":""cybertees.net"",""SeverityValue"":2,""ExecutionProcessID"":3524,""AccountType"":""User"",""Category"":""File created (rule: FileCreate)"",""SourceModuleName"":""eventlog"",""Domain"":""NT AUTHORITY"",""Message"":""File created:\r\nRuleName: -\r\nUtcTime: 2022-04-15 12:06:08.248\r\nProcessGuid: {2d351099-43cf-5f5f-2700-000000000400}\r\nProcessId: 1616\r\nImage: C:\\windows\\system32\\svchost.exe\r\nTargetFilename: C:\\Windows\\Prefetch\\SVCHOST.EXE-90E431AE.pf\r\nCreationUtcTime: 2022-04-15 10:19:32.151"",""port"":60427,""UserID"":""S-1-5-18"",""UtcTime"":""2022-04-15 12:06:08.248"",""timestamp"":""2022-04-15T12:06:14.221Z"",""ThreadID"":4688,""TargetFilename"":""C:\\Windows\\Prefetch\\SVCHOST.EXE-90E431AE.pf"",""Severity"":""INFO"",""EventType"":""INFO"",""Channel"":""Microsoft-Windows-Sysmon/Operational"",""Opcode"":""Info"",""EventReceivedTime"":""2022-04-15 08:06:14"",""@version"":""1"",""Task"":11,""SourceModuleType"":""im_msvistalog"",""RuleName"":""-"",""CreationUtcTime"":""2022-04-15 10:19:32.151"",""Hostname"":""James.browne"",""Keywords"":-9223372036854775808,""Version"":2,""ProcessGuid"":""{2d351099-43cf-5f5f-2700-000000000400}""}",2022-04-15T08:06:12.000+0000,8,15,6,april,12,friday,2022,local,,INFO,cybertees.net,cyber-host,windowslogs,1,60427,"{"""":"":\\\\\\."","""":"""","""":,"""":[""""],"""":,"""":""{----}"",""",Event_logs.json,_json,ip-10-10-40-195,,splunk,,2022-04-15T12:06:14.221Z,
