1,,,,SYSTEM,User,,,,,C:\windows\SYSTEM32\ntdll.dll+9d104|C:\windows\SYSTEM32\CSRSRV.dll+1430|C:\windows\SYSTEM32\CSRSRV.dll+5fd9|C:\windows\SYSTEM32\ntdll.dll+6ce5f,Process accessed (rule: ProcessAccess),Microsoft-Windows-Sysmon/Operational,,,,,,,,,,,,,,,,,,NT AUTHORITY,,,,,10,,2022-04-15 8:06:24,2022-04-15 8:06:24,,3524,,,0x1fffff,,,,James.browne,,,,,,,,,,-9223372036854775808,,,,,,,,,"Process accessed:
RuleName: -
UtcTime: 2022-04-15 12:06:24.393
SourceProcessGUID: {2d351099-5582-5f5f-2503-000000000400}
SourceProcessId: 3032
SourceThreadId: 2988
SourceImage: C:\windows\system32\csrss.exe
TargetProcessGUID: {2d351099-5cc0-5f5f-3904-000000000400}
TargetProcessId: 5200
TargetImage: C:\windows\system32\backgroundTaskHost.exe
GrantedAccess: 0x1FFFFF
CallTrace: C:\windows\SYSTEM32\ntdll.dll+9d104|C:\windows\SYSTEM32\CSRSRV.dll+1430|C:\windows\SYSTEM32\CSRSRV.dll+5fd9|C:\windows\SYSTEM32\ntdll.dll+6ce5f",,,,,,,,Info,0,,,,,,,,,,,3032,,,,{5770385F-C22A-43E0-BF4C-06F5698FFBD9},,,,424802,,,,,,,-,,INFO,2,,,,,,,,,C:\windows\system32\csrss.exe,,,eventlog,im_msvistalog,Microsoft-Windows-Sysmon,,,{2d351099-5582-5f5f-2503-000000000400},3032,2988,,,,,,,,,C:\windows\system32\backgroundTaskHost.exe,,,,,,{2d351099-5cc0-5f5f-3904-000000000400},5200,,,10,,,,4688,,,,,S-1-5-18,2022-04-15 12:06:24,3,,,"{""EventID"":10,""RecordNumber"":424802,""ProviderGuid"":""{5770385F-C22A-43E0-BF4C-06F5698FFBD9}"",""SourceName"":""Microsoft-Windows-Sysmon"",""OpcodeValue"":0,""AccountName"":""SYSTEM"",""SourceImage"":""C:\\windows\\system32\\csrss.exe"",""SourceModuleName"":""eventlog"",""ExecutionProcessID"":3524,""AccountType"":""User"",""Category"":""Process accessed (rule: ProcessAccess)"",""SourceProcessId"":""3032"",""Domain"":""NT AUTHORITY"",""port"":60427,""ThreadID"":4688,""Severity"":""INFO"",""EventType"":""INFO"",""Channel"":""Microsoft-Windows-Sysmon/Operational"",""Opcode"":""Info"",""EventReceivedTime"":""2022-04-15 08:06:24"",""Task"":10,""RuleName"":""-"",""Keywords"":-9223372036854775808,""Version"":3,""ProcessId"":""3032"",""tags"":[""splunk""],""GrantedAccess"":""0x1fffff"",""SourceProcessGUID"":""{2d351099-5582-5f5f-2503-000000000400}"",""EventTime"":""2022-04-15 08:06:24"",""host"":""cybertees.net"",""SeverityValue"":2,""CallTrace"":""C:\\windows\\SYSTEM32\\ntdll.dll+9d104|C:\\windows\\SYSTEM32\\CSRSRV.dll+1430|C:\\windows\\SYSTEM32\\CSRSRV.dll+5fd9|C:\\windows\\SYSTEM32\\ntdll.dll+6ce5f"",""Message"":""Process accessed:\r\nRuleName: -\r\nUtcTime: 2022-04-15 12:06:24.393\r\nSourceProcessGUID: {2d351099-5582-5f5f-2503-000000000400}\r\nSourceProcessId: 3032\r\nSourceThreadId: 2988\r\nSourceImage: C:\\windows\\system32\\csrss.exe\r\nTargetProcessGUID: {2d351099-5cc0-5f5f-3904-000000000400}\r\nTargetProcessId: 5200\r\nTargetImage: C:\\windows\\system32\\backgroundTaskHost.exe\r\nGrantedAccess: 0x1FFFFF\r\nCallTrace: C:\\windows\\SYSTEM32\\ntdll.dll+9d104|C:\\windows\\SYSTEM32\\CSRSRV.dll+1430|C:\\windows\\SYSTEM32\\CSRSRV.dll+5fd9|C:\\windows\\SYSTEM32\\ntdll.dll+6ce5f"",""UtcTime"":""2022-04-15 12:06:24.393"",""UserID"":""S-1-5-18"",""timestamp"":""2022-04-15T12:06:25.015Z"",""TargetProcessId"":""5200"",""SourceThreadId"":""2988"",""@version"":""1"",""TargetProcessGUID"":""{2d351099-5cc0-5f5f-3904-000000000400}"",""SourceModuleType"":""im_msvistalog"",""TargetImage"":""C:\\windows\\system32\\backgroundTaskHost.exe"",""Hostname"":""James.browne""}",2022-04-15T08:06:22.000+0000,8,15,6,april,22,friday,2022,local,,INFO,cybertees.net,cyber-host,windowslogs,1,60427,"{"""":,"""":,"""":""{----}"","""":""--"","""":,"""":"""","""":"":\\\\\\",Event_logs.json,_json,ip-10-10-40-195,,splunk,,2022-04-15T12:06:25.015Z,
1,,,,SYSTEM,User,,,,,,Image loaded (rule: ImageLoad),Microsoft-Windows-Sysmon/Operational,,Microsoft Corporation,,,,Windows NT BASE API Client DLL,,,,,,,,,,,,NT AUTHORITY,,,,,7,,2022-04-15 8:06:24,2022-04-15 8:06:24,,3524,10.0.18362.1049 (WinBuild.160101.0800),,,,,"SHA1=0BE0E331F4F9C2ED8C9D989CDCFD10463FE3E047,MD5=D62F3401037D0D0CE1F41555B72F1B60,SHA256=B51E88CCD1517E923A7A3E21B2AFC856927D529F5C5668A072B4B12AC70AD46B,IMPHASH=16003AF856720C35351BB8C14AD0B0A8",James.browne,C:\Windows\System32\backgroundTaskHost.exe,C:\Windows\System32\KernelBase.dll,,,,,,,,-9223372036854775808,,,,,,,,,"Image loaded:
RuleName: -
UtcTime: 2022-04-15 12:06:24.393
ProcessGuid: {2d351099-5cc0-5f5f-3904-000000000400}
ProcessId: 5200
Image: C:\Windows\System32\backgroundTaskHost.exe
ImageLoaded: C:\Windows\System32\KernelBase.dll
FileVersion: 10.0.18362.1049 (WinBuild.160101.0800)
Description: Windows NT BASE API Client DLL
Product: Microsoft Windows Operating System
Company: Microsoft Corporation
OriginalFileName: Kernelbase.dll
Hashes: SHA1=0BE0E331F4F9C2ED8C9D989CDCFD10463FE3E047,MD5=D62F3401037D0D0CE1F41555B72F1B60,SHA256=B51E88CCD1517E923A7A3E21B2AFC856927D529F5C5668A072B4B12AC70AD46B,IMPHASH=16003AF856720C35351BB8C14AD0B0A8
Signed: true
Signature: Microsoft Windows
SignatureStatus: Valid",,,,,,,,Info,0,Kernelbase.dll,,,,,,,,,{2d351099-5cc0-5f5f-3904-000000000400},5200,,Microsoft Windows Operating System,,{5770385F-C22A-43E0-BF4C-06F5698FFBD9},,,,424801,,,,,,,-,,INFO,2,,,Microsoft Windows,Valid,TRUE,,,,,,,eventlog,im_msvistalog,Microsoft-Windows-Sysmon,,,,,,,,,,,,,,,,,,,,,,,,7,,,,4688,,,,,S-1-5-18,2022-04-15 12:06:24,3,,,"{""EventID"":7,""RecordNumber"":424801,""ProviderGuid"":""{5770385F-C22A-43E0-BF4C-06F5698FFBD9}"",""SourceName"":""Microsoft-Windows-Sysmon"",""OpcodeValue"":0,""AccountName"":""SYSTEM"",""SignatureStatus"":""Valid"",""SourceModuleName"":""eventlog"",""ExecutionProcessID"":3524,""AccountType"":""User"",""Category"":""Image loaded (rule: ImageLoad)"",""Domain"":""NT AUTHORITY"",""port"":60427,""Company"":""Microsoft Corporation"",""ThreadID"":4688,""Severity"":""INFO"",""EventType"":""INFO"",""Signed"":""true"",""Channel"":""Microsoft-Windows-Sysmon/Operational"",""Opcode"":""Info"",""EventReceivedTime"":""2022-04-15 08:06:24"",""ImageLoaded"":""C:\\Windows\\System32\\KernelBase.dll"",""Task"":7,""RuleName"":""-"",""Keywords"":-9223372036854775808,""Version"":3,""ProcessId"":""5200"",""Image"":""C:\\Windows\\System32\\backgroundTaskHost.exe"",""Product"":""Microsoft Windows Operating System"",""tags"":[""splunk""],""EventTime"":""2022-04-15 08:06:24"",""host"":""cybertees.net"",""SeverityValue"":2,""Message"":""Image loaded:\r\nRuleName: -\r\nUtcTime: 2022-04-15 12:06:24.393\r\nProcessGuid: {2d351099-5cc0-5f5f-3904-000000000400}\r\nProcessId: 5200\r\nImage: C:\\Windows\\System32\\backgroundTaskHost.exe\r\nImageLoaded: C:\\Windows\\System32\\KernelBase.dll\r\nFileVersion: 10.0.18362.1049 (WinBuild.160101.0800)\r\nDescription: Windows NT BASE API Client DLL\r\nProduct: Microsoft Windows Operating System\r\nCompany: Microsoft Corporation\r\nOriginalFileName: Kernelbase.dll\r\nHashes: SHA1=0BE0E331F4F9C2ED8C9D989CDCFD10463FE3E047,MD5=D62F3401037D0D0CE1F41555B72F1B60,SHA256=B51E88CCD1517E923A7A3E21B2AFC856927D529F5C5668A072B4B12AC70AD46B,IMPHASH=16003AF856720C35351BB8C14AD0B0A8\r\nSigned: true\r\nSignature: Microsoft Windows\r\nSignatureStatus: Valid"",""UtcTime"":""2022-04-15 12:06:24.393"",""UserID"":""S-1-5-18"",""FileVersion"":""10.0.18362.1049 (WinBuild.160101.0800)"",""Description"":""Windows NT BASE API Client DLL"",""OriginalFileName"":""Kernelbase.dll"",""timestamp"":""2022-04-15T12:06:25.015Z"",""Hashes"":""SHA1=0BE0E331F4F9C2ED8C9D989CDCFD10463FE3E047,MD5=D62F3401037D0D0CE1F41555B72F1B60,SHA256=B51E88CCD1517E923A7A3E21B2AFC856927D529F5C5668A072B4B12AC70AD46B,IMPHASH=16003AF856720C35351BB8C14AD0B0A8"",""Signature"":""Microsoft Windows"",""@version"":""1"",""SourceModuleType"":""im_msvistalog"",""Hostname"":""James.browne"",""ProcessGuid"":""{2d351099-5cc0-5f5f-3904-000000000400}""}",2022-04-15T08:06:22.000+0000,8,15,6,april,22,friday,2022,local,,INFO,cybertees.net,cyber-host,windowslogs,1,60427,"{"""":,"""":,"""":""{----}"","""":""--"","""":,"""":"""","""":"""","""":""""",Event_logs.json,_json,ip-10-10-40-195,,splunk,,2022-04-15T12:06:25.015Z,
1,,,,SYSTEM,User,,,,,,Image loaded (rule: ImageLoad),Microsoft-Windows-Sysmon/Operational,,Microsoft Corporation,,,,Windows NT BASE API Client DLL,,,,,,,,,,,,NT AUTHORITY,,,,,7,,2022-04-15 8:06:24,2022-04-15 8:06:24,,3524,10.0.18362.1082 (WinBuild.160101.0800),,,,,"SHA1=9044BFB6E7D920BB4586123237B512238F2EA726,MD5=B78D8D39F63C5B7B9A2F4BC31076C954,SHA256=08BE2EE23EE5A7722C4BACA3BD8F0EABA7A56302F0051E6802A36D35AB0BC41C,IMPHASH=F9F97E60CFCD78BE051D9570C88FFB6F",James.browne,C:\Windows\System32\backgroundTaskHost.exe,C:\Windows\System32\kernel32.dll,,,,,,,,-9223372036854775808,,,,,,,,,"Image loaded:
RuleName: -
UtcTime: 2022-04-15 12:06:24.393
ProcessGuid: {2d351099-5cc0-5f5f-3904-000000000400}
ProcessId: 5200
Image: C:\Windows\System32\backgroundTaskHost.exe
ImageLoaded: C:\Windows\System32\kernel32.dll
FileVersion: 10.0.18362.1082 (WinBuild.160101.0800)
Description: Windows NT BASE API Client DLL
Product: Microsoft Windows Operating System
Company: Microsoft Corporation
OriginalFileName: kernel32
Hashes: SHA1=9044BFB6E7D920BB4586123237B512238F2EA726,MD5=B78D8D39F63C5B7B9A2F4BC31076C954,SHA256=08BE2EE23EE5A7722C4BACA3BD8F0EABA7A56302F0051E6802A36D35AB0BC41C,IMPHASH=F9F97E60CFCD78BE051D9570C88FFB6F
Signed: true
Signature: Microsoft Windows
SignatureStatus: Valid",,,,,,,,Info,0,kernel32,,,,,,,,,{2d351099-5cc0-5f5f-3904-000000000400},5200,,Microsoft Windows Operating System,,{5770385F-C22A-43E0-BF4C-06F5698FFBD9},,,,424800,,,,,,,-,,INFO,2,,,Microsoft Windows,Valid,TRUE,,,,,,,eventlog,im_msvistalog,Microsoft-Windows-Sysmon,,,,,,,,,,,,,,,,,,,,,,,,7,,,,4688,,,,,S-1-5-18,2022-04-15 12:06:24,3,,,"{""EventID"":7,""RecordNumber"":424800,""ProviderGuid"":""{5770385F-C22A-43E0-BF4C-06F5698FFBD9}"",""SourceName"":""Microsoft-Windows-Sysmon"",""OpcodeValue"":0,""AccountName"":""SYSTEM"",""SignatureStatus"":""Valid"",""SourceModuleName"":""eventlog"",""ExecutionProcessID"":3524,""AccountType"":""User"",""Category"":""Image loaded (rule: ImageLoad)"",""Domain"":""NT AUTHORITY"",""port"":60427,""Company"":""Microsoft Corporation"",""ThreadID"":4688,""Severity"":""INFO"",""EventType"":""INFO"",""Signed"":""true"",""Channel"":""Microsoft-Windows-Sysmon/Operational"",""Opcode"":""Info"",""EventReceivedTime"":""2022-04-15 08:06:24"",""ImageLoaded"":""C:\\Windows\\System32\\kernel32.dll"",""Task"":7,""RuleName"":""-"",""Keywords"":-9223372036854775808,""Version"":3,""ProcessId"":""5200"",""Image"":""C:\\Windows\\System32\\backgroundTaskHost.exe"",""Product"":""Microsoft Windows Operating System"",""tags"":[""splunk""],""EventTime"":""2022-04-15 08:06:24"",""host"":""cybertees.net"",""SeverityValue"":2,""Message"":""Image loaded:\r\nRuleName: -\r\nUtcTime: 2022-04-15 12:06:24.393\r\nProcessGuid: {2d351099-5cc0-5f5f-3904-000000000400}\r\nProcessId: 5200\r\nImage: C:\\Windows\\System32\\backgroundTaskHost.exe\r\nImageLoaded: C:\\Windows\\System32\\kernel32.dll\r\nFileVersion: 10.0.18362.1082 (WinBuild.160101.0800)\r\nDescription: Windows NT BASE API Client DLL\r\nProduct: Microsoft Windows Operating System\r\nCompany: Microsoft Corporation\r\nOriginalFileName: kernel32\r\nHashes: SHA1=9044BFB6E7D920BB4586123237B512238F2EA726,MD5=B78D8D39F63C5B7B9A2F4BC31076C954,SHA256=08BE2EE23EE5A7722C4BACA3BD8F0EABA7A56302F0051E6802A36D35AB0BC41C,IMPHASH=F9F97E60CFCD78BE051D9570C88FFB6F\r\nSigned: true\r\nSignature: Microsoft Windows\r\nSignatureStatus: Valid"",""UtcTime"":""2022-04-15 12:06:24.393"",""UserID"":""S-1-5-18"",""FileVersion"":""10.0.18362.1082 (WinBuild.160101.0800)"",""Description"":""Windows NT BASE API Client DLL"",""OriginalFileName"":""kernel32"",""timestamp"":""2022-04-15T12:06:25.014Z"",""Hashes"":""SHA1=9044BFB6E7D920BB4586123237B512238F2EA726,MD5=B78D8D39F63C5B7B9A2F4BC31076C954,SHA256=08BE2EE23EE5A7722C4BACA3BD8F0EABA7A56302F0051E6802A36D35AB0BC41C,IMPHASH=F9F97E60CFCD78BE051D9570C88FFB6F"",""Signature"":""Microsoft Windows"",""@version"":""1"",""SourceModuleType"":""im_msvistalog"",""Hostname"":""James.browne"",""ProcessGuid"":""{2d351099-5cc0-5f5f-3904-000000000400}""}",2022-04-15T08:06:22.000+0000,8,15,6,april,22,friday,2022,local,,INFO,cybertees.net,cyber-host,windowslogs,1,60427,"{"""":,"""":,"""":""{----}"","""":""--"","""":,"""":"""","""":"""","""":""""",Event_logs.json,_json,ip-10-10-40-195,,splunk,,2022-04-15T12:06:25.014Z,
1,,,,SYSTEM,User,,,,,,Image loaded (rule: ImageLoad),Microsoft-Windows-Sysmon/Operational,,Microsoft Corporation,,,,NT Layer DLL,,,,,,,,,,,,NT AUTHORITY,,,,,7,,2022-04-15 8:06:24,2022-04-15 8:06:24,,3524,10.0.18362.1049 (WinBuild.160101.0800),,,,,"SHA1=BFD8EE26537D8C30A5FE2C9753AEED3BB6930004,MD5=BD5F9D4684E7BCB9D41D298297A73956,SHA256=FB9DA8BAF27DADDE620C2D8D3CADDD4CF7BF405A9BC8E870A73B6CF163046176,IMPHASH=00000000000000000000000000000000",James.browne,C:\Windows\System32\backgroundTaskHost.exe,C:\Windows\System32\ntdll.dll,,,,,,,,-9223372036854775808,,,,,,,,,"Image loaded:
RuleName: -
UtcTime: 2022-04-15 12:06:24.393
ProcessGuid: {2d351099-5cc0-5f5f-3904-000000000400}
ProcessId: 5200
Image: C:\Windows\System32\backgroundTaskHost.exe
ImageLoaded: C:\Windows\System32\ntdll.dll
FileVersion: 10.0.18362.1049 (WinBuild.160101.0800)
Description: NT Layer DLL
Product: Microsoft Windows Operating System
Company: Microsoft Corporation
OriginalFileName: ntdll.dll
Hashes: SHA1=BFD8EE26537D8C30A5FE2C9753AEED3BB6930004,MD5=BD5F9D4684E7BCB9D41D298297A73956,SHA256=FB9DA8BAF27DADDE620C2D8D3CADDD4CF7BF405A9BC8E870A73B6CF163046176,IMPHASH=00000000000000000000000000000000
Signed: true
Signature: Microsoft Windows
SignatureStatus: Valid",,,,,,,,Info,0,ntdll.dll,,,,,,,,,{2d351099-5cc0-5f5f-3904-000000000400},5200,,Microsoft Windows Operating System,,{5770385F-C22A-43E0-BF4C-06F5698FFBD9},,,,424799,,,,,,,-,,INFO,2,,,Microsoft Windows,Valid,TRUE,,,,,,,eventlog,im_msvistalog,Microsoft-Windows-Sysmon,,,,,,,,,,,,,,,,,,,,,,,,7,,,,4688,,,,,S-1-5-18,2022-04-15 12:06:24,3,,,"{""EventID"":7,""RecordNumber"":424799,""ProviderGuid"":""{5770385F-C22A-43E0-BF4C-06F5698FFBD9}"",""SourceName"":""Microsoft-Windows-Sysmon"",""OpcodeValue"":0,""AccountName"":""SYSTEM"",""SignatureStatus"":""Valid"",""SourceModuleName"":""eventlog"",""ExecutionProcessID"":3524,""AccountType"":""User"",""Category"":""Image loaded (rule: ImageLoad)"",""Domain"":""NT AUTHORITY"",""port"":60427,""Company"":""Microsoft Corporation"",""ThreadID"":4688,""Severity"":""INFO"",""EventType"":""INFO"",""Signed"":""true"",""Channel"":""Microsoft-Windows-Sysmon/Operational"",""Opcode"":""Info"",""EventReceivedTime"":""2022-04-15 08:06:24"",""ImageLoaded"":""C:\\Windows\\System32\\ntdll.dll"",""Task"":7,""RuleName"":""-"",""Keywords"":-9223372036854775808,""Version"":3,""ProcessId"":""5200"",""Image"":""C:\\Windows\\System32\\backgroundTaskHost.exe"",""Product"":""Microsoft Windows Operating System"",""tags"":[""splunk""],""EventTime"":""2022-04-15 08:06:24"",""host"":""cybertees.net"",""SeverityValue"":2,""Message"":""Image loaded:\r\nRuleName: -\r\nUtcTime: 2022-04-15 12:06:24.393\r\nProcessGuid: {2d351099-5cc0-5f5f-3904-000000000400}\r\nProcessId: 5200\r\nImage: C:\\Windows\\System32\\backgroundTaskHost.exe\r\nImageLoaded: C:\\Windows\\System32\\ntdll.dll\r\nFileVersion: 10.0.18362.1049 (WinBuild.160101.0800)\r\nDescription: NT Layer DLL\r\nProduct: Microsoft Windows Operating System\r\nCompany: Microsoft Corporation\r\nOriginalFileName: ntdll.dll\r\nHashes: SHA1=BFD8EE26537D8C30A5FE2C9753AEED3BB6930004,MD5=BD5F9D4684E7BCB9D41D298297A73956,SHA256=FB9DA8BAF27DADDE620C2D8D3CADDD4CF7BF405A9BC8E870A73B6CF163046176,IMPHASH=00000000000000000000000000000000\r\nSigned: true\r\nSignature: Microsoft Windows\r\nSignatureStatus: Valid"",""UtcTime"":""2022-04-15 12:06:24.393"",""UserID"":""S-1-5-18"",""FileVersion"":""10.0.18362.1049 (WinBuild.160101.0800)"",""Description"":""NT Layer DLL"",""OriginalFileName"":""ntdll.dll"",""timestamp"":""2022-04-15T12:06:25.014Z"",""Hashes"":""SHA1=BFD8EE26537D8C30A5FE2C9753AEED3BB6930004,MD5=BD5F9D4684E7BCB9D41D298297A73956,SHA256=FB9DA8BAF27DADDE620C2D8D3CADDD4CF7BF405A9BC8E870A73B6CF163046176,IMPHASH=00000000000000000000000000000000"",""Signature"":""Microsoft Windows"",""@version"":""1"",""SourceModuleType"":""im_msvistalog"",""Hostname"":""James.browne"",""ProcessGuid"":""{2d351099-5cc0-5f5f-3904-000000000400}""}",2022-04-15T08:06:22.000+0000,8,15,6,april,22,friday,2022,local,,INFO,cybertees.net,cyber-host,windowslogs,1,60427,"{"""":,"""":,"""":""{----}"","""":""--"","""":,"""":"""","""":"""","""":""""",Event_logs.json,_json,ip-10-10-40-195,,splunk,,2022-04-15T12:06:25.014Z,
1,,,,SYSTEM,User,,,,,,Image loaded (rule: ImageLoad),Microsoft-Windows-Sysmon/Operational,,Microsoft Corporation,,,,Background Task Host,,,,,,,,,,,,NT AUTHORITY,,,,,7,,2022-04-15 8:06:24,2022-04-15 8:06:24,,3524,10.0.18362.1 (WinBuild.160101.0800),,,,,"SHA1=DC27F57A3BA5D13B476B1FD0872B8972744A01F8,MD5=E22E7BD6B146BDE93DC48643B772D8BB,SHA256=74B3323405CDFB85CFC9D5C1CD29C816C80361DF154801E44F14863C9058906E,IMPHASH=D2ACF1CBC4A6DB14A34C687B9362D66B",James.browne,C:\Windows\System32\backgroundTaskHost.exe,C:\Windows\System32\backgroundTaskHost.exe,,,,,,,,-9223372036854775808,,,,,,,,,"Image loaded:
RuleName: -
UtcTime: 2022-04-15 12:06:24.393
ProcessGuid: {2d351099-5cc0-5f5f-3904-000000000400}
ProcessId: 5200
Image: C:\Windows\System32\backgroundTaskHost.exe
ImageLoaded: C:\Windows\System32\backgroundTaskHost.exe
FileVersion: 10.0.18362.1 (WinBuild.160101.0800)
Description: Background Task Host
Product: Microsoft Windows Operating System
Company: Microsoft Corporation
OriginalFileName: backgroundTaskHost.exe
Hashes: SHA1=DC27F57A3BA5D13B476B1FD0872B8972744A01F8,MD5=E22E7BD6B146BDE93DC48643B772D8BB,SHA256=74B3323405CDFB85CFC9D5C1CD29C816C80361DF154801E44F14863C9058906E,IMPHASH=D2ACF1CBC4A6DB14A34C687B9362D66B
Signed: true
Signature: Microsoft Windows
SignatureStatus: Valid",,,,,,,,Info,0,backgroundTaskHost.exe,,,,,,,,,{2d351099-5cc0-5f5f-3904-000000000400},5200,,Microsoft Windows Operating System,,{5770385F-C22A-43E0-BF4C-06F5698FFBD9},,,,424798,,,,,,,-,,INFO,2,,,Microsoft Windows,Valid,TRUE,,,,,,,eventlog,im_msvistalog,Microsoft-Windows-Sysmon,,,,,,,,,,,,,,,,,,,,,,,,7,,,,4688,,,,,S-1-5-18,2022-04-15 12:06:24,3,,,"{""EventID"":7,""RecordNumber"":424798,""ProviderGuid"":""{5770385F-C22A-43E0-BF4C-06F5698FFBD9}"",""SourceName"":""Microsoft-Windows-Sysmon"",""OpcodeValue"":0,""AccountName"":""SYSTEM"",""SignatureStatus"":""Valid"",""SourceModuleName"":""eventlog"",""ExecutionProcessID"":3524,""AccountType"":""User"",""Category"":""Image loaded (rule: ImageLoad)"",""Domain"":""NT AUTHORITY"",""port"":60427,""Company"":""Microsoft Corporation"",""ThreadID"":4688,""Severity"":""INFO"",""EventType"":""INFO"",""Signed"":""true"",""Channel"":""Microsoft-Windows-Sysmon/Operational"",""Opcode"":""Info"",""EventReceivedTime"":""2022-04-15 08:06:24"",""ImageLoaded"":""C:\\Windows\\System32\\backgroundTaskHost.exe"",""Task"":7,""RuleName"":""-"",""Keywords"":-9223372036854775808,""Version"":3,""ProcessId"":""5200"",""Image"":""C:\\Windows\\System32\\backgroundTaskHost.exe"",""Product"":""Microsoft Windows Operating System"",""tags"":[""splunk""],""EventTime"":""2022-04-15 08:06:24"",""host"":""cybertees.net"",""SeverityValue"":2,""Message"":""Image loaded:\r\nRuleName: -\r\nUtcTime: 2022-04-15 12:06:24.393\r\nProcessGuid: {2d351099-5cc0-5f5f-3904-000000000400}\r\nProcessId: 5200\r\nImage: C:\\Windows\\System32\\backgroundTaskHost.exe\r\nImageLoaded: C:\\Windows\\System32\\backgroundTaskHost.exe\r\nFileVersion: 10.0.18362.1 (WinBuild.160101.0800)\r\nDescription: Background Task Host\r\nProduct: Microsoft Windows Operating System\r\nCompany: Microsoft Corporation\r\nOriginalFileName: backgroundTaskHost.exe\r\nHashes: SHA1=DC27F57A3BA5D13B476B1FD0872B8972744A01F8,MD5=E22E7BD6B146BDE93DC48643B772D8BB,SHA256=74B3323405CDFB85CFC9D5C1CD29C816C80361DF154801E44F14863C9058906E,IMPHASH=D2ACF1CBC4A6DB14A34C687B9362D66B\r\nSigned: true\r\nSignature: Microsoft Windows\r\nSignatureStatus: Valid"",""UtcTime"":""2022-04-15 12:06:24.393"",""UserID"":""S-1-5-18"",""FileVersion"":""10.0.18362.1 (WinBuild.160101.0800)"",""Description"":""Background Task Host"",""OriginalFileName"":""backgroundTaskHost.exe"",""timestamp"":""2022-04-15T12:06:25.013Z"",""Hashes"":""SHA1=DC27F57A3BA5D13B476B1FD0872B8972744A01F8,MD5=E22E7BD6B146BDE93DC48643B772D8BB,SHA256=74B3323405CDFB85CFC9D5C1CD29C816C80361DF154801E44F14863C9058906E,IMPHASH=D2ACF1CBC4A6DB14A34C687B9362D66B"",""Signature"":""Microsoft Windows"",""@version"":""1"",""SourceModuleType"":""im_msvistalog"",""Hostname"":""James.browne"",""ProcessGuid"":""{2d351099-5cc0-5f5f-3904-000000000400}""}",2022-04-15T08:06:22.000+0000,8,15,6,april,22,friday,2022,local,,INFO,cybertees.net,cyber-host,windowslogs,1,60427,"{"""":,"""":,"""":""{----}"","""":""--"","""":,"""":"""","""":"""","""":""""",Event_logs.json,_json,ip-10-10-40-195,,splunk,,2022-04-15T12:06:25.013Z,
1,,,,SYSTEM,User,,,,,C:\windows\SYSTEM32\ntdll.dll+9c534|C:\windows\system32\basesrv.DLL+2fba|C:\windows\SYSTEM32\CSRSRV.dll+5af4|C:\windows\SYSTEM32\ntdll.dll+6ce5f,Process accessed (rule: ProcessAccess),Microsoft-Windows-Sysmon/Operational,,,,,,,,,,,,,,,,,,NT AUTHORITY,,,,,10,,2022-04-15 8:06:24,2022-04-15 8:06:24,,3524,,,0x1fffff,,,,James.browne,,,,,,,,,,-9223372036854775808,,,,,,,,,"Process accessed:
RuleName: -
UtcTime: 2022-04-15 12:06:24.393
SourceProcessGUID: {2d351099-43cc-5f5f-0600-000000000400}
SourceProcessId: 524
SourceThreadId: 644
SourceImage: C:\windows\system32\csrss.exe
TargetProcessGUID: {2d351099-5cc0-5f5f-3904-000000000400}
TargetProcessId: 5200
TargetImage: C:\windows\system32\backgroundTaskHost.exe
GrantedAccess: 0x1FFFFF
CallTrace: C:\windows\SYSTEM32\ntdll.dll+9c534|C:\windows\system32\basesrv.DLL+2fba|C:\windows\SYSTEM32\CSRSRV.dll+5af4|C:\windows\SYSTEM32\ntdll.dll+6ce5f",,,,,,,,Info,0,,,,,,,,,,,524,,,,{5770385F-C22A-43E0-BF4C-06F5698FFBD9},,,,424797,,,,,,,-,,INFO,2,,,,,,,,,C:\windows\system32\csrss.exe,,,eventlog,im_msvistalog,Microsoft-Windows-Sysmon,,,{2d351099-43cc-5f5f-0600-000000000400},524,644,,,,,,,,,C:\windows\system32\backgroundTaskHost.exe,,,,,,{2d351099-5cc0-5f5f-3904-000000000400},5200,,,10,,,,4688,,,,,S-1-5-18,2022-04-15 12:06:24,3,,,"{""EventID"":10,""RecordNumber"":424797,""ProviderGuid"":""{5770385F-C22A-43E0-BF4C-06F5698FFBD9}"",""SourceName"":""Microsoft-Windows-Sysmon"",""OpcodeValue"":0,""AccountName"":""SYSTEM"",""SourceImage"":""C:\\windows\\system32\\csrss.exe"",""SourceModuleName"":""eventlog"",""ExecutionProcessID"":3524,""AccountType"":""User"",""Category"":""Process accessed (rule: ProcessAccess)"",""SourceProcessId"":""524"",""Domain"":""NT AUTHORITY"",""port"":60427,""ThreadID"":4688,""Severity"":""INFO"",""EventType"":""INFO"",""Channel"":""Microsoft-Windows-Sysmon/Operational"",""Opcode"":""Info"",""EventReceivedTime"":""2022-04-15 08:06:24"",""Task"":10,""RuleName"":""-"",""Keywords"":-9223372036854775808,""Version"":3,""ProcessId"":""524"",""tags"":[""splunk""],""GrantedAccess"":""0x1fffff"",""SourceProcessGUID"":""{2d351099-43cc-5f5f-0600-000000000400}"",""EventTime"":""2022-04-15 08:06:24"",""host"":""cybertees.net"",""SeverityValue"":2,""CallTrace"":""C:\\windows\\SYSTEM32\\ntdll.dll+9c534|C:\\windows\\system32\\basesrv.DLL+2fba|C:\\windows\\SYSTEM32\\CSRSRV.dll+5af4|C:\\windows\\SYSTEM32\\ntdll.dll+6ce5f"",""Message"":""Process accessed:\r\nRuleName: -\r\nUtcTime: 2022-04-15 12:06:24.393\r\nSourceProcessGUID: {2d351099-43cc-5f5f-0600-000000000400}\r\nSourceProcessId: 524\r\nSourceThreadId: 644\r\nSourceImage: C:\\windows\\system32\\csrss.exe\r\nTargetProcessGUID: {2d351099-5cc0-5f5f-3904-000000000400}\r\nTargetProcessId: 5200\r\nTargetImage: C:\\windows\\system32\\backgroundTaskHost.exe\r\nGrantedAccess: 0x1FFFFF\r\nCallTrace: C:\\windows\\SYSTEM32\\ntdll.dll+9c534|C:\\windows\\system32\\basesrv.DLL+2fba|C:\\windows\\SYSTEM32\\CSRSRV.dll+5af4|C:\\windows\\SYSTEM32\\ntdll.dll+6ce5f"",""UtcTime"":""2022-04-15 12:06:24.393"",""UserID"":""S-1-5-18"",""timestamp"":""2022-04-15T12:06:25.013Z"",""TargetProcessId"":""5200"",""SourceThreadId"":""644"",""@version"":""1"",""TargetProcessGUID"":""{2d351099-5cc0-5f5f-3904-000000000400}"",""SourceModuleType"":""im_msvistalog"",""TargetImage"":""C:\\windows\\system32\\backgroundTaskHost.exe"",""Hostname"":""James.browne""}",2022-04-15T08:06:22.000+0000,8,15,6,april,22,friday,2022,local,,INFO,cybertees.net,cyber-host,windowslogs,1,60427,"{"""":,"""":,"""":""{----}"","""":""--"","""":,"""":"""","""":"":\\\\\\",Event_logs.json,_json,ip-10-10-40-195,,splunk,,2022-04-15T12:06:25.013Z,
1,,,,SYSTEM,User,,,,,C:\windows\SYSTEM32\ntdll.dll+9d8e4|C:\windows\System32\KERNELBASE.dll+59e1a|C:\windows\System32\KERNELBASE.dll+55ec3|C:\windows\System32\KERNEL32.DLL+1c9af|c:\windows\system32\rpcss.dll+10856|c:\windows\system32\rpcss.dll+449a6|c:\windows\system32\rpcss.dll+44736|C:\windows\System32\RPCRT4.dll+76a53|C:\windows\System32\RPCRT4.dll+1364b|C:\windows\System32\RPCRT4.dll+1451a|C:\windows\System32\RPCRT4.dll+54998|C:\windows\System32\RPCRT4.dll+2c951|C:\windows\System32\RPCRT4.dll+2c20b|C:\windows\System32\RPCRT4.dll+1a86f|C:\windows\System32\RPCRT4.dll+19d1a|C:\windows\System32\RPCRT4.dll+19301|C:\windows\System32\RPCRT4.dll+18d6e|C:\windows\System32\RPCRT4.dll+169a5|C:\windows\SYSTEM32\ntdll.dll+333ed|C:\windows\SYSTEM32\ntdll.dll+34142|C:\windows\System32\KERNEL32.DLL+17bd4|C:\windows\SYSTEM32\ntdll.dll+6ce51,Process accessed (rule: ProcessAccess),Microsoft-Windows-Sysmon/Operational,,,,,,,,,,,,,,,,,,NT AUTHORITY,,,,,10,,2022-04-15 8:06:24,2022-04-15 8:06:24,,3524,,,0x1fffff,,,,James.browne,,,,,,,,,,-9223372036854775808,,,,,,,,,"Process accessed:
RuleName: -
UtcTime: 2022-04-15 12:06:24.393
SourceProcessGUID: {2d351099-43cd-5f5f-0e00-000000000400}
SourceProcessId: 876
SourceThreadId: 3016
SourceImage: C:\windows\system32\svchost.exe
TargetProcessGUID: {2d351099-5cc0-5f5f-3904-000000000400}
TargetProcessId: 5200
TargetImage: C:\windows\system32\backgroundTaskHost.exe
GrantedAccess: 0x1FFFFF
CallTrace: C:\windows\SYSTEM32\ntdll.dll+9d8e4|C:\windows\System32\KERNELBASE.dll+59e1a|C:\windows\System32\KERNELBASE.dll+55ec3|C:\windows\System32\KERNEL32.DLL+1c9af|c:\windows\system32\rpcss.dll+10856|c:\windows\system32\rpcss.dll+449a6|c:\windows\system32\rpcss.dll+44736|C:\windows\System32\RPCRT4.dll+76a53|C:\windows\System32\RPCRT4.dll+1364b|C:\windows\System32\RPCRT4.dll+1451a|C:\windows\System32\RPCRT4.dll+54998|C:\windows\System32\RPCRT4.dll+2c951|C:\windows\System32\RPCRT4.dll+2c20b|C:\windows\System32\RPCRT4.dll+1a86f|C:\windows\System32\RPCRT4.dll+19d1a|C:\windows\System32\RPCRT4.dll+19301|C:\windows\System32\RPCRT4.dll+18d6e|C:\windows\System32\RPCRT4.dll+169a5|C:\windows\SYSTEM32\ntdll.dll+333ed|C:\windows\SYSTEM32\ntdll.dll+34142|C:\windows\System32\KERNEL32.DLL+17bd4|C:\windows\SYSTEM32\ntdll.dll+6ce51",,,,,,,,Info,0,,,,,,,,,,,876,,,,{5770385F-C22A-43E0-BF4C-06F5698FFBD9},,,,424796,,,,,,,-,,INFO,2,,,,,,,,,C:\windows\system32\svchost.exe,,,eventlog,im_msvistalog,Microsoft-Windows-Sysmon,,,{2d351099-43cd-5f5f-0e00-000000000400},876,3016,,,,,,,,,C:\windows\system32\backgroundTaskHost.exe,,,,,,{2d351099-5cc0-5f5f-3904-000000000400},5200,,,10,,,,4688,,,,,S-1-5-18,2022-04-15 12:06:24,3,,,"{""EventID"":10,""RecordNumber"":424796,""ProviderGuid"":""{5770385F-C22A-43E0-BF4C-06F5698FFBD9}"",""SourceName"":""Microsoft-Windows-Sysmon"",""OpcodeValue"":0,""AccountName"":""SYSTEM"",""SourceImage"":""C:\\windows\\system32\\svchost.exe"",""SourceModuleName"":""eventlog"",""ExecutionProcessID"":3524,""AccountType"":""User"",""Category"":""Process accessed (rule: ProcessAccess)"",""SourceProcessId"":""876"",""Domain"":""NT AUTHORITY"",""port"":60427,""ThreadID"":4688,""Severity"":""INFO"",""EventType"":""INFO"",""Channel"":""Microsoft-Windows-Sysmon/Operational"",""Opcode"":""Info"",""EventReceivedTime"":""2022-04-15 08:06:24"",""Task"":10,""RuleName"":""-"",""Keywords"":-9223372036854775808,""Version"":3,""ProcessId"":""876"",""tags"":[""splunk""],""GrantedAccess"":""0x1fffff"",""SourceProcessGUID"":""{2d351099-43cd-5f5f-0e00-000000000400}"",""EventTime"":""2022-04-15 08:06:24"",""host"":""cybertees.net"",""SeverityValue"":2,""CallTrace"":""C:\\windows\\SYSTEM32\\ntdll.dll+9d8e4|C:\\windows\\System32\\KERNELBASE.dll+59e1a|C:\\windows\\System32\\KERNELBASE.dll+55ec3|C:\\windows\\System32\\KERNEL32.DLL+1c9af|c:\\windows\\system32\\rpcss.dll+10856|c:\\windows\\system32\\rpcss.dll+449a6|c:\\windows\\system32\\rpcss.dll+44736|C:\\windows\\System32\\RPCRT4.dll+76a53|C:\\windows\\System32\\RPCRT4.dll+1364b|C:\\windows\\System32\\RPCRT4.dll+1451a|C:\\windows\\System32\\RPCRT4.dll+54998|C:\\windows\\System32\\RPCRT4.dll+2c951|C:\\windows\\System32\\RPCRT4.dll+2c20b|C:\\windows\\System32\\RPCRT4.dll+1a86f|C:\\windows\\System32\\RPCRT4.dll+19d1a|C:\\windows\\System32\\RPCRT4.dll+19301|C:\\windows\\System32\\RPCRT4.dll+18d6e|C:\\windows\\System32\\RPCRT4.dll+169a5|C:\\windows\\SYSTEM32\\ntdll.dll+333ed|C:\\windows\\SYSTEM32\\ntdll.dll+34142|C:\\windows\\System32\\KERNEL32.DLL+17bd4|C:\\windows\\SYSTEM32\\ntdll.dll+6ce51"",""Message"":""Process accessed:\r\nRuleName: -\r\nUtcTime: 2022-04-15 12:06:24.393\r\nSourceProcessGUID: {2d351099-43cd-5f5f-0e00-000000000400}\r\nSourceProcessId: 876\r\nSourceThreadId: 3016\r\nSourceImage: C:\\windows\\system32\\svchost.exe\r\nTargetProcessGUID: {2d351099-5cc0-5f5f-3904-000000000400}\r\nTargetProcessId: 5200\r\nTargetImage: C:\\windows\\system32\\backgroundTaskHost.exe\r\nGrantedAccess: 0x1FFFFF\r\nCallTrace: C:\\windows\\SYSTEM32\\ntdll.dll+9d8e4|C:\\windows\\System32\\KERNELBASE.dll+59e1a|C:\\windows\\System32\\KERNELBASE.dll+55ec3|C:\\windows\\System32\\KERNEL32.DLL+1c9af|c:\\windows\\system32\\rpcss.dll+10856|c:\\windows\\system32\\rpcss.dll+449a6|c:\\windows\\system32\\rpcss.dll+44736|C:\\windows\\System32\\RPCRT4.dll+76a53|C:\\windows\\System32\\RPCRT4.dll+1364b|C:\\windows\\System32\\RPCRT4.dll+1451a|C:\\windows\\System32\\RPCRT4.dll+54998|C:\\windows\\System32\\RPCRT4.dll+2c951|C:\\windows\\System32\\RPCRT4.dll+2c20b|C:\\windows\\System32\\RPCRT4.dll+1a86f|C:\\windows\\System32\\RPCRT4.dll+19d1a|C:\\windows\\System32\\RPCRT4.dll+19301|C:\\windows\\System32\\RPCRT4.dll+18d6e|C:\\windows\\System32\\RPCRT4.dll+169a5|C:\\windows\\SYSTEM32\\ntdll.dll+333ed|C:\\windows\\SYSTEM32\\ntdll.dll+34142|C:\\windows\\System32\\KERNEL32.DLL+17bd4|C:\\windows\\SYSTEM32\\ntdll.dll+6ce51"",""UtcTime"":""2022-04-15 12:06:24.393"",""UserID"":""S-1-5-18"",""timestamp"":""2022-04-15T12:06:25.012Z"",""TargetProcessId"":""5200"",""SourceThreadId"":""3016"",""@version"":""1"",""TargetProcessGUID"":""{2d351099-5cc0-5f5f-3904-000000000400}"",""SourceModuleType"":""im_msvistalog"",""TargetImage"":""C:\\windows\\system32\\backgroundTaskHost.exe"",""Hostname"":""James.browne""}",2022-04-15T08:06:22.000+0000,8,15,6,april,22,friday,2022,local,,INFO,cybertees.net,cyber-host,windowslogs,1,60427,"{"""":,"""":,"""":""{----}"","""":""--"","""":,"""":"""","""":"":\\\\\\",Event_logs.json,_json,ip-10-10-40-195,,splunk,,2022-04-15T12:06:25.012Z,
1,,,,SYSTEM,User,,,,,,Process Create (rule: ProcessCreate),Microsoft-Windows-Sysmon/Operational,"""C:\windows\system32\backgroundTaskHost.exe"" -ServerName:App.AppXmtcan0h2tfbfy7k9kn8hbxb6dmzz1zh0.mca",Microsoft Corporation,,,C:\Windows\SystemApps\Microsoft.Windows.ContentDeliveryManager_cw5n1h2txyewy\,Background Task Host,,,,,,,,,,,,NT AUTHORITY,,,,,1,,2022-04-15 8:06:24,2022-04-15 8:06:24,,3524,10.0.18362.1 (WinBuild.160101.0800),,,,,"SHA1=DC27F57A3BA5D13B476B1FD0872B8972744A01F8,MD5=E22E7BD6B146BDE93DC48643B772D8BB,SHA256=74B3323405CDFB85CFC9D5C1CD29C816C80361DF154801E44F14863C9058906E,IMPHASH=D2ACF1CBC4A6DB14A34C687B9362D66B",James.browne,C:\Windows\System32\backgroundTaskHost.exe,,,,AppContainer,,,,,-9223372036854775808,,,,{2d351099-5585-5f5f-aad5-7e0000000000},0x7ed5aa,,,,"Process Create:
RuleName: -
UtcTime: 2022-04-15 12:06:24.404
ProcessGuid: {2d351099-5cc0-5f5f-3904-000000000400}
ProcessId: 5200
Image: C:\Windows\System32\backgroundTaskHost.exe
FileVersion: 10.0.18362.1 (WinBuild.160101.0800)
Description: Background Task Host
Product: Microsoft Windows Operating System
Company: Microsoft Corporation
OriginalFileName: backgroundTaskHost.exe
CommandLine: ""C:\windows\system32\backgroundTaskHost.exe"" -ServerName:App.AppXmtcan0h2tfbfy7k9kn8hbxb6dmzz1zh0.mca
CurrentDirectory: C:\Windows\SystemApps\Microsoft.Windows.ContentDeliveryManager_cw5n1h2txyewy\
User: Cybertees\Alberto
LogonGuid: {2d351099-5585-5f5f-aad5-7e0000000000}
LogonId: 0x7ED5AA
TerminalSessionId: 3
IntegrityLevel: AppContainer
Hashes: SHA1=DC27F57A3BA5D13B476B1FD0872B8972744A01F8,MD5=E22E7BD6B146BDE93DC48643B772D8BB,SHA256=74B3323405CDFB85CFC9D5C1CD29C816C80361DF154801E44F14863C9058906E,IMPHASH=D2ACF1CBC4A6DB14A34C687B9362D66B
ParentProcessGuid: {2d351099-43cd-5f5f-0e00-000000000400}
ParentProcessId: 876
ParentImage: C:\Windows\System32\svchost.exe
ParentCommandLine: C:\windows\system32\svchost.exe -k DcomLaunch -p",,,,,,,,Info,0,backgroundTaskHost.exe,C:\windows\system32\svchost.exe -k DcomLaunch -p,C:\Windows\System32\svchost.exe,{2d351099-43cd-5f5f-0e00-000000000400},876,,,,,{2d351099-5cc0-5f5f-3904-000000000400},5200,,Microsoft Windows Operating System,,{5770385F-C22A-43E0-BF4C-06F5698FFBD9},,,,424795,,,,,,,-,,INFO,2,,,,,,,,,,,,eventlog,im_msvistalog,Microsoft-Windows-Sysmon,,,,,,,,,,,,,,,,,,,,,,,,1,,,3,4688,,,,Cybertees\Alberto,S-1-5-18,2022-04-15 12:06:24,5,,,"{""EventID"":1,""RecordNumber"":424795,""ProviderGuid"":""{5770385F-C22A-43E0-BF4C-06F5698FFBD9}"",""SourceName"":""Microsoft-Windows-Sysmon"",""OpcodeValue"":0,""AccountName"":""SYSTEM"",""SourceModuleName"":""eventlog"",""ExecutionProcessID"":3524,""AccountType"":""User"",""Category"":""Process Create (rule: ProcessCreate)"",""Domain"":""NT AUTHORITY"",""User"":""Cybertees\\Alberto"",""port"":60427,""Company"":""Microsoft Corporation"",""ParentProcessId"":""876"",""ThreadID"":4688,""CurrentDirectory"":""C:\\Windows\\SystemApps\\Microsoft.Windows.ContentDeliveryManager_cw5n1h2txyewy\\"",""Severity"":""INFO"",""IntegrityLevel"":""AppContainer"",""EventType"":""INFO"",""TerminalSessionId"":""3"",""Channel"":""Microsoft-Windows-Sysmon/Operational"",""ParentImage"":""C:\\Windows\\System32\\svchost.exe"",""Opcode"":""Info"",""EventReceivedTime"":""2022-04-15 08:06:24"",""Task"":1,""LogonGuid"":""{2d351099-5585-5f5f-aad5-7e0000000000}"",""RuleName"":""-"",""Keywords"":-9223372036854775808,""Version"":5,""ProcessId"":""5200"",""Image"":""C:\\Windows\\System32\\backgroundTaskHost.exe"",""Product"":""Microsoft Windows Operating System"",""tags"":[""splunk""],""EventTime"":""2022-04-15 08:06:24"",""CommandLine"":""\""C:\\windows\\system32\\backgroundTaskHost.exe\"" -ServerName:App.AppXmtcan0h2tfbfy7k9kn8hbxb6dmzz1zh0.mca"",""host"":""cybertees.net"",""SeverityValue"":2,""Message"":""Process Create:\r\nRuleName: -\r\nUtcTime: 2022-04-15 12:06:24.404\r\nProcessGuid: {2d351099-5cc0-5f5f-3904-000000000400}\r\nProcessId: 5200\r\nImage: C:\\Windows\\System32\\backgroundTaskHost.exe\r\nFileVersion: 10.0.18362.1 (WinBuild.160101.0800)\r\nDescription: Background Task Host\r\nProduct: Microsoft Windows Operating System\r\nCompany: Microsoft Corporation\r\nOriginalFileName: backgroundTaskHost.exe\r\nCommandLine: \""C:\\windows\\system32\\backgroundTaskHost.exe\"" -ServerName:App.AppXmtcan0h2tfbfy7k9kn8hbxb6dmzz1zh0.mca\r\nCurrentDirectory: C:\\Windows\\SystemApps\\Microsoft.Windows.ContentDeliveryManager_cw5n1h2txyewy\\\r\nUser: Cybertees\\Alberto\r\nLogonGuid: {2d351099-5585-5f5f-aad5-7e0000000000}\r\nLogonId: 0x7ED5AA\r\nTerminalSessionId: 3\r\nIntegrityLevel: AppContainer\r\nHashes: SHA1=DC27F57A3BA5D13B476B1FD0872B8972744A01F8,MD5=E22E7BD6B146BDE93DC48643B772D8BB,SHA256=74B3323405CDFB85CFC9D5C1CD29C816C80361DF154801E44F14863C9058906E,IMPHASH=D2ACF1CBC4A6DB14A34C687B9362D66B\r\nParentProcessGuid: {2d351099-43cd-5f5f-0e00-000000000400}\r\nParentProcessId: 876\r\nParentImage: C:\\Windows\\System32\\svchost.exe\r\nParentCommandLine: C:\\windows\\system32\\svchost.exe -k DcomLaunch -p"",""UtcTime"":""2022-04-15 12:06:24.404"",""UserID"":""S-1-5-18"",""FileVersion"":""10.0.18362.1 (WinBuild.160101.0800)"",""Description"":""Background Task Host"",""OriginalFileName"":""backgroundTaskHost.exe"",""timestamp"":""2022-04-15T12:06:25.012Z"",""Hashes"":""SHA1=DC27F57A3BA5D13B476B1FD0872B8972744A01F8,MD5=E22E7BD6B146BDE93DC48643B772D8BB,SHA256=74B3323405CDFB85CFC9D5C1CD29C816C80361DF154801E44F14863C9058906E,IMPHASH=D2ACF1CBC4A6DB14A34C687B9362D66B"",""LogonId"":""0x7ed5aa"",""ParentCommandLine"":""C:\\windows\\system32\\svchost.exe -k DcomLaunch -p"",""ParentProcessGuid"":""{2d351099-43cd-5f5f-0e00-000000000400}"",""@version"":""1"",""SourceModuleType"":""im_msvistalog"",""Hostname"":""James.browne"",""ProcessGuid"":""{2d351099-5cc0-5f5f-3904-000000000400}""}",2022-04-15T08:06:22.000+0000,8,15,6,april,22,friday,2022,local,,INFO,cybertees.net,cyber-host,windowslogs,1,60427,"{"""":,"""":,"""":""{----}"","""":""--"","""":,"""":"""","""":"""","""":,""",Event_logs.json,_json,ip-10-10-40-195,,splunk,,2022-04-15T12:06:25.012Z,
1,,,,SYSTEM,User,,,,,,Registry object added or deleted (rule: RegistryEvent),Microsoft-Windows-Sysmon/Operational,,,,,,,,,,,,,,,,,,NT AUTHORITY,,,,,12,,2022-04-15 8:06:24,2022-04-15 8:06:24,INFO,3524,,,,,,,James.browne,C:\windows\system32\svchost.exe,,,,,,,,,-9223372036854775808,,,,,,,,,"Registry object added or deleted:
RuleName: -
EventType: CreateKey
UtcTime: 2022-04-15 12:06:24.378
ProcessGuid: {2d351099-43cd-5f5f-0e00-000000000400}
ProcessId: 876
Image: C:\windows\system32\svchost.exe
TargetObject: HKU\S-1-5-21-4020993649-1037605423-417876593-500\Software\Microsoft\Windows NT\CurrentVersion\HostActivityManager",,,,,,,,Info,0,,,,,,,,,,{2d351099-43cd-5f5f-0e00-000000000400},876,,,,{5770385F-C22A-43E0-BF4C-06F5698FFBD9},,,,424794,,,,,,,-,,INFO,2,,,,,,,,,,,,eventlog,im_msvistalog,Microsoft-Windows-Sysmon,,,,,,,,,,,,,,,,,HKU\S-1-5-21-4020993649-1037605423-417876593-500\Software\Microsoft\Windows NT\CurrentVersion\HostActivityManager,,,,,,,12,,,,4688,,,,,S-1-5-18,2022-04-15 12:06:24,2,,,"{""Image"":""C:\\windows\\system32\\svchost.exe"",""ProcessId"":""876"",""EventID"":12,""tags"":[""splunk""],""RecordNumber"":424794,""ProviderGuid"":""{5770385F-C22A-43E0-BF4C-06F5698FFBD9}"",""SourceName"":""Microsoft-Windows-Sysmon"",""OpcodeValue"":0,""EventTime"":""2022-04-15 08:06:24"",""AccountName"":""SYSTEM"",""host"":""cybertees.net"",""SeverityValue"":2,""ExecutionProcessID"":3524,""AccountType"":""User"",""Category"":""Registry object added or deleted (rule: RegistryEvent)"",""SourceModuleName"":""eventlog"",""Domain"":""NT AUTHORITY"",""Message"":""Registry object added or deleted:\r\nRuleName: -\r\nEventType: CreateKey\r\nUtcTime: 2022-04-15 12:06:24.378\r\nProcessGuid: {2d351099-43cd-5f5f-0e00-000000000400}\r\nProcessId: 876\r\nImage: C:\\windows\\system32\\svchost.exe\r\nTargetObject: HKU\\S-1-5-21-4020993649-1037605423-417876593-500\\Software\\Microsoft\\Windows NT\\CurrentVersion\\HostActivityManager"",""port"":60427,""UserID"":""S-1-5-18"",""UtcTime"":""2022-04-15 12:06:24.378"",""timestamp"":""2022-04-15T12:06:25.011Z"",""ThreadID"":4688,""Severity"":""INFO"",""EventTypeOrignal"":""INFO"",""EventType"":""CreateKey"",""Channel"":""Microsoft-Windows-Sysmon/Operational"",""TargetObject"":""HKU\\S-1-5-21-4020993649-1037605423-417876593-500\\Software\\Microsoft\\Windows NT\\CurrentVersion\\HostActivityManager"",""Opcode"":""Info"",""EventReceivedTime"":""2022-04-15 08:06:24"",""@version"":""1"",""Task"":12,""SourceModuleType"":""im_msvistalog"",""RuleName"":""-"",""Hostname"":""James.browne"",""Keywords"":-9223372036854775808,""Version"":2,""ProcessGuid"":""{2d351099-43cd-5f5f-0e00-000000000400}""}",2022-04-15T08:06:22.000+0000,8,15,6,april,22,friday,2022,local,,CreateKey,cybertees.net,cyber-host,windowslogs,1,60427,"{"""":"":\\\\\\."","""":"""","""":,"""":[""""],"""":,"""":""{----}"",""",Event_logs.json,_json,ip-10-10-40-195,,splunk,,2022-04-15T12:06:25.011Z,
1,,,,SYSTEM,User,,,,,,Registry object added or deleted (rule: RegistryEvent),Microsoft-Windows-Sysmon/Operational,,,,,,,,,,,,,,,,,,NT AUTHORITY,,,,,12,,2022-04-15 8:06:24,2022-04-15 8:06:24,INFO,3524,,,,,,,James.browne,C:\windows\system32\svchost.exe,,,,,,,,,-9223372036854775808,,,,,,,,,"Registry object added or deleted:
RuleName: -
EventType: CreateKey
UtcTime: 2022-04-15 12:06:24.378
ProcessGuid: {2d351099-43cd-5f5f-0e00-000000000400}
ProcessId: 876
Image: C:\windows\system32\svchost.exe
TargetObject: HKU\S-1-5-21-4020993649-1037605423-417876593-500\Software\Microsoft\Windows NT\CurrentVersion\HostActivityManager\Volatile",,,,,,,,Info,0,,,,,,,,,,{2d351099-43cd-5f5f-0e00-000000000400},876,,,,{5770385F-C22A-43E0-BF4C-06F5698FFBD9},,,,424793,,,,,,,-,,INFO,2,,,,,,,,,,,,eventlog,im_msvistalog,Microsoft-Windows-Sysmon,,,,,,,,,,,,,,,,,HKU\S-1-5-21-4020993649-1037605423-417876593-500\Software\Microsoft\Windows NT\CurrentVersion\HostActivityManager\Volatile,,,,,,,12,,,,4688,,,,,S-1-5-18,2022-04-15 12:06:24,2,,,"{""Image"":""C:\\windows\\system32\\svchost.exe"",""ProcessId"":""876"",""EventID"":12,""tags"":[""splunk""],""RecordNumber"":424793,""ProviderGuid"":""{5770385F-C22A-43E0-BF4C-06F5698FFBD9}"",""SourceName"":""Microsoft-Windows-Sysmon"",""OpcodeValue"":0,""EventTime"":""2022-04-15 08:06:24"",""AccountName"":""SYSTEM"",""host"":""cybertees.net"",""SeverityValue"":2,""ExecutionProcessID"":3524,""AccountType"":""User"",""Category"":""Registry object added or deleted (rule: RegistryEvent)"",""SourceModuleName"":""eventlog"",""Domain"":""NT AUTHORITY"",""Message"":""Registry object added or deleted:\r\nRuleName: -\r\nEventType: CreateKey\r\nUtcTime: 2022-04-15 12:06:24.378\r\nProcessGuid: {2d351099-43cd-5f5f-0e00-000000000400}\r\nProcessId: 876\r\nImage: C:\\windows\\system32\\svchost.exe\r\nTargetObject: HKU\\S-1-5-21-4020993649-1037605423-417876593-500\\Software\\Microsoft\\Windows NT\\CurrentVersion\\HostActivityManager\\Volatile"",""port"":60427,""UserID"":""S-1-5-18"",""UtcTime"":""2022-04-15 12:06:24.378"",""timestamp"":""2022-04-15T12:06:25.011Z"",""ThreadID"":4688,""Severity"":""INFO"",""EventTypeOrignal"":""INFO"",""EventType"":""CreateKey"",""Channel"":""Microsoft-Windows-Sysmon/Operational"",""TargetObject"":""HKU\\S-1-5-21-4020993649-1037605423-417876593-500\\Software\\Microsoft\\Windows NT\\CurrentVersion\\HostActivityManager\\Volatile"",""Opcode"":""Info"",""EventReceivedTime"":""2022-04-15 08:06:24"",""@version"":""1"",""Task"":12,""SourceModuleType"":""im_msvistalog"",""RuleName"":""-"",""Hostname"":""James.browne"",""Keywords"":-9223372036854775808,""Version"":2,""ProcessGuid"":""{2d351099-43cd-5f5f-0e00-000000000400}""}",2022-04-15T08:06:22.000+0000,8,15,6,april,22,friday,2022,local,,CreateKey,cybertees.net,cyber-host,windowslogs,1,60427,"{"""":"":\\\\\\."","""":"""","""":,"""":[""""],"""":,"""":""{----}"",""",Event_logs.json,_json,ip-10-10-40-195,,splunk,,2022-04-15T12:06:25.011Z,
1,,,,SYSTEM,User,,,,,,Registry object added or deleted (rule: RegistryEvent),Microsoft-Windows-Sysmon/Operational,,,,,,,,,,,,,,,,,,NT AUTHORITY,,,,,12,,2022-04-15 8:06:24,2022-04-15 8:06:24,INFO,3524,,,,,,,James.browne,C:\windows\system32\svchost.exe,,,,,,,,,-9223372036854775808,,,,,,,,,"Registry object added or deleted:
RuleName: -
EventType: CreateKey
UtcTime: 2022-04-15 12:06:24.378
ProcessGuid: {2d351099-43cd-5f5f-0e00-000000000400}
ProcessId: 876
Image: C:\windows\system32\svchost.exe
TargetObject: HKU\S-1-5-21-4020993649-1037605423-417876593-500\Software\Microsoft\Windows NT\CurrentVersion\HostActivityManager",,,,,,,,Info,0,,,,,,,,,,{2d351099-43cd-5f5f-0e00-000000000400},876,,,,{5770385F-C22A-43E0-BF4C-06F5698FFBD9},,,,424792,,,,,,,-,,INFO,2,,,,,,,,,,,,eventlog,im_msvistalog,Microsoft-Windows-Sysmon,,,,,,,,,,,,,,,,,HKU\S-1-5-21-4020993649-1037605423-417876593-500\Software\Microsoft\Windows NT\CurrentVersion\HostActivityManager,,,,,,,12,,,,4688,,,,,S-1-5-18,2022-04-15 12:06:24,2,,,"{""Image"":""C:\\windows\\system32\\svchost.exe"",""ProcessId"":""876"",""EventID"":12,""tags"":[""splunk""],""RecordNumber"":424792,""ProviderGuid"":""{5770385F-C22A-43E0-BF4C-06F5698FFBD9}"",""SourceName"":""Microsoft-Windows-Sysmon"",""OpcodeValue"":0,""EventTime"":""2022-04-15 08:06:24"",""AccountName"":""SYSTEM"",""host"":""cybertees.net"",""SeverityValue"":2,""ExecutionProcessID"":3524,""AccountType"":""User"",""Category"":""Registry object added or deleted (rule: RegistryEvent)"",""SourceModuleName"":""eventlog"",""Domain"":""NT AUTHORITY"",""Message"":""Registry object added or deleted:\r\nRuleName: -\r\nEventType: CreateKey\r\nUtcTime: 2022-04-15 12:06:24.378\r\nProcessGuid: {2d351099-43cd-5f5f-0e00-000000000400}\r\nProcessId: 876\r\nImage: C:\\windows\\system32\\svchost.exe\r\nTargetObject: HKU\\S-1-5-21-4020993649-1037605423-417876593-500\\Software\\Microsoft\\Windows NT\\CurrentVersion\\HostActivityManager"",""port"":60427,""UserID"":""S-1-5-18"",""UtcTime"":""2022-04-15 12:06:24.378"",""timestamp"":""2022-04-15T12:06:25.010Z"",""ThreadID"":4688,""Severity"":""INFO"",""EventTypeOrignal"":""INFO"",""EventType"":""CreateKey"",""Channel"":""Microsoft-Windows-Sysmon/Operational"",""TargetObject"":""HKU\\S-1-5-21-4020993649-1037605423-417876593-500\\Software\\Microsoft\\Windows NT\\CurrentVersion\\HostActivityManager"",""Opcode"":""Info"",""EventReceivedTime"":""2022-04-15 08:06:24"",""@version"":""1"",""Task"":12,""SourceModuleType"":""im_msvistalog"",""RuleName"":""-"",""Hostname"":""James.browne"",""Keywords"":-9223372036854775808,""Version"":2,""ProcessGuid"":""{2d351099-43cd-5f5f-0e00-000000000400}""}",2022-04-15T08:06:22.000+0000,8,15,6,april,22,friday,2022,local,,CreateKey,cybertees.net,cyber-host,windowslogs,1,60427,"{"""":"":\\\\\\."","""":"""","""":,"""":[""""],"""":,"""":""{----}"",""",Event_logs.json,_json,ip-10-10-40-195,,splunk,,2022-04-15T12:06:25.010Z,
