1,,,,SYSTEM,User,,,,,,Registry value set (rule: RegistryEvent),Microsoft-Windows-Sysmon/Operational,,,,,,,,,,,,,,\\?\C:\System Volume Information\DFSR\Config\Replica_FBF3D8C4-4456-43FE-846F-89DEC902C23A.XML,,,,NT AUTHORITY,,,,,13,,2022-04-15 8:06:12,2022-04-15 8:06:12,INFO,3652,,,,,,,Salena.Adam,C:\windows\system32\DFSRs.exe,,,,,,,,,-9223372036854775808,,,,,,,,,"Registry value set:
RuleName: -
EventType: SetValue
UtcTime: 2022-04-15 12:06:12.325
ProcessGuid: {ef3dcf22-42bc-5f5f-4d00-000000000300}
ProcessId: 3368
Image: C:\windows\system32\DFSRs.exe
TargetObject: HKLM\System\CurrentControlSet\Services\DFSR\Parameters\Replication Groups\FBF3D8C4-4456-43FE-846F-89DEC902C23A\Replica Set Configuration File
Details: \\?\C:\System Volume Information\DFSR\Config\Replica_FBF3D8C4-4456-43FE-846F-89DEC902C23A.XML",,,,,,,,Info,0,,,,,,,,,,{ef3dcf22-42bc-5f5f-4d00-000000000300},3368,,,,{5770385F-C22A-43E0-BF4C-06F5698FFBD9},,,,238952,,,,,,,-,,INFO,2,,,,,,,,,,,,eventlog,im_msvistalog,Microsoft-Windows-Sysmon,,,,,,,,,,,,,,,,,HKLM\System\CurrentControlSet\Services\DFSR\Parameters\Replication Groups\FBF3D8C4-4456-43FE-846F-89DEC902C23A\Replica Set Configuration File,,,,,,,13,,,,4104,,,,,S-1-5-18,2022-04-15 12:06:12,2,,,"{""Image"":""C:\\windows\\system32\\DFSRs.exe"",""ProcessId"":""3368"",""EventID"":13,""tags"":[""splunk""],""RecordNumber"":238952,""ProviderGuid"":""{5770385F-C22A-43E0-BF4C-06F5698FFBD9}"",""SourceName"":""Microsoft-Windows-Sysmon"",""OpcodeValue"":0,""EventTime"":""2022-04-15 08:06:12"",""AccountName"":""SYSTEM"",""host"":""cybertees.net"",""SeverityValue"":2,""ExecutionProcessID"":3652,""AccountType"":""User"",""Category"":""Registry value set (rule: RegistryEvent)"",""SourceModuleName"":""eventlog"",""Domain"":""NT AUTHORITY"",""Message"":""Registry value set:\r\nRuleName: -\r\nEventType: SetValue\r\nUtcTime: 2022-04-15 12:06:12.325\r\nProcessGuid: {ef3dcf22-42bc-5f5f-4d00-000000000300}\r\nProcessId: 3368\r\nImage: C:\\windows\\system32\\DFSRs.exe\r\nTargetObject: HKLM\\System\\CurrentControlSet\\Services\\DFSR\\Parameters\\Replication Groups\\FBF3D8C4-4456-43FE-846F-89DEC902C23A\\Replica Set Configuration File\r\nDetails: \\\\?\\C:\\System Volume Information\\DFSR\\Config\\Replica_FBF3D8C4-4456-43FE-846F-89DEC902C23A.XML"",""port"":60427,""UserID"":""S-1-5-18"",""UtcTime"":""2022-04-15 12:06:12.325"",""timestamp"":""2022-04-15T12:06:12.991Z"",""ThreadID"":4104,""Severity"":""INFO"",""EventTypeOrignal"":""INFO"",""EventType"":""SetValue"",""Channel"":""Microsoft-Windows-Sysmon/Operational"",""TargetObject"":""HKLM\\System\\CurrentControlSet\\Services\\DFSR\\Parameters\\Replication Groups\\FBF3D8C4-4456-43FE-846F-89DEC902C23A\\Replica Set Configuration File"",""Details"":""\\\\?\\C:\\System Volume Information\\DFSR\\Config\\Replica_FBF3D8C4-4456-43FE-846F-89DEC902C23A.XML"",""Opcode"":""Info"",""EventReceivedTime"":""2022-04-15 08:06:12"",""@version"":""1"",""Task"":13,""SourceModuleType"":""im_msvistalog"",""RuleName"":""-"",""Hostname"":""Salena.Adam"",""Keywords"":-9223372036854775808,""Version"":2,""ProcessGuid"":""{ef3dcf22-42bc-5f5f-4d00-000000000300}""}",2022-04-15T08:06:12.000+0000,8,15,6,april,12,friday,2022,local,,SetValue,cybertees.net,cyber-host,windowslogs,1,60427,"{"""":"":\\\\\\."","""":"""","""":,"""":[""""],"""":,"""":""{----}"",""",Event_logs.json,_json,ip-10-10-40-195,,splunk,,2022-04-15T12:06:12.991Z,
1,,,,SYSTEM,User,,,,,,Image loaded (rule: ImageLoad),Microsoft-Windows-Sysmon/Operational,,Microsoft Corporation,,,,Power Profile Helper DLL,,,,,,,,,,,,NT AUTHORITY,,,,,7,,2022-04-15 8:06:12,2022-04-15 8:06:08,,3524,10.0.18362.1 (WinBuild.160101.0800),,,,,"SHA1=30D5ADBC0664977C27B65622F514632581C9AF45,MD5=07B027B1E0B775FAE815E487F28137B9,SHA256=21358CE9A416C7F6DB063095102E91F014BDB85B08A4E783E17234792C9B483A,IMPHASH=817FF4748665EB442F0081A91349F764",James.browne,C:\Windows\System32\svchost.exe,C:\Windows\System32\powrprof.dll,,,,,,,,-9223372036854775808,,,,,,,,,"Image loaded:
RuleName: -
UtcTime: 2022-04-15 12:06:07.998
ProcessGuid: {2d351099-5caf-5f5f-3604-000000000400}
ProcessId: 9512
Image: C:\Windows\System32\svchost.exe
ImageLoaded: C:\Windows\System32\powrprof.dll
FileVersion: 10.0.18362.1 (WinBuild.160101.0800)
Description: Power Profile Helper DLL
Product: Microsoft® Windows® Operating System
Company: Microsoft Corporation
OriginalFileName: POWRPROF.DLL
Hashes: SHA1=30D5ADBC0664977C27B65622F514632581C9AF45,MD5=07B027B1E0B775FAE815E487F28137B9,SHA256=21358CE9A416C7F6DB063095102E91F014BDB85B08A4E783E17234792C9B483A,IMPHASH=817FF4748665EB442F0081A91349F764
Signed: true
Signature: Microsoft Windows
SignatureStatus: Valid",,,,,,,,Info,0,POWRPROF.DLL,,,,,,,,,{2d351099-5caf-5f5f-3604-000000000400},9512,,Microsoft® Windows® Operating System,,{5770385F-C22A-43E0-BF4C-06F5698FFBD9},,,,424053,,,,,,,-,,INFO,2,,,Microsoft Windows,Valid,TRUE,,,,,,,eventlog,im_msvistalog,Microsoft-Windows-Sysmon,,,,,,,,,,,,,,,,,,,,,,,,7,,,,4688,,,,,S-1-5-18,2022-04-15 12:06:08,3,,,"{""EventID"":7,""RecordNumber"":424053,""ProviderGuid"":""{5770385F-C22A-43E0-BF4C-06F5698FFBD9}"",""SourceName"":""Microsoft-Windows-Sysmon"",""OpcodeValue"":0,""AccountName"":""SYSTEM"",""SignatureStatus"":""Valid"",""SourceModuleName"":""eventlog"",""ExecutionProcessID"":3524,""AccountType"":""User"",""Category"":""Image loaded (rule: ImageLoad)"",""Domain"":""NT AUTHORITY"",""port"":60427,""Company"":""Microsoft Corporation"",""ThreadID"":4688,""Severity"":""INFO"",""EventType"":""INFO"",""Signed"":""true"",""Channel"":""Microsoft-Windows-Sysmon/Operational"",""Opcode"":""Info"",""EventReceivedTime"":""2022-04-15 08:06:12"",""ImageLoaded"":""C:\\Windows\\System32\\powrprof.dll"",""Task"":7,""RuleName"":""-"",""Keywords"":-9223372036854775808,""Version"":3,""ProcessId"":""9512"",""Image"":""C:\\Windows\\System32\\svchost.exe"",""Product"":""Microsoft® Windows® Operating System"",""tags"":[""splunk""],""EventTime"":""2022-04-15 08:06:08"",""host"":""cybertees.net"",""SeverityValue"":2,""Message"":""Image loaded:\r\nRuleName: -\r\nUtcTime: 2022-04-15 12:06:07.998\r\nProcessGuid: {2d351099-5caf-5f5f-3604-000000000400}\r\nProcessId: 9512\r\nImage: C:\\Windows\\System32\\svchost.exe\r\nImageLoaded: C:\\Windows\\System32\\powrprof.dll\r\nFileVersion: 10.0.18362.1 (WinBuild.160101.0800)\r\nDescription: Power Profile Helper DLL\r\nProduct: Microsoft® Windows® Operating System\r\nCompany: Microsoft Corporation\r\nOriginalFileName: POWRPROF.DLL\r\nHashes: SHA1=30D5ADBC0664977C27B65622F514632581C9AF45,MD5=07B027B1E0B775FAE815E487F28137B9,SHA256=21358CE9A416C7F6DB063095102E91F014BDB85B08A4E783E17234792C9B483A,IMPHASH=817FF4748665EB442F0081A91349F764\r\nSigned: true\r\nSignature: Microsoft Windows\r\nSignatureStatus: Valid"",""UtcTime"":""2022-04-15 12:06:07.998"",""UserID"":""S-1-5-18"",""FileVersion"":""10.0.18362.1 (WinBuild.160101.0800)"",""Description"":""Power Profile Helper DLL"",""OriginalFileName"":""POWRPROF.DLL"",""timestamp"":""2022-04-15T12:06:12.990Z"",""Hashes"":""SHA1=30D5ADBC0664977C27B65622F514632581C9AF45,MD5=07B027B1E0B775FAE815E487F28137B9,SHA256=21358CE9A416C7F6DB063095102E91F014BDB85B08A4E783E17234792C9B483A,IMPHASH=817FF4748665EB442F0081A91349F764"",""Signature"":""Microsoft Windows"",""@version"":""1"",""SourceModuleType"":""im_msvistalog"",""Hostname"":""James.browne"",""ProcessGuid"":""{2d351099-5caf-5f5f-3604-000000000400}""}",2022-04-15T08:06:12.000+0000,8,15,6,april,12,friday,2022,local,,INFO,cybertees.net,cyber-host,windowslogs,1,60427,"{"""":,"""":,"""":""{----}"","""":""--"","""":,"""":"""","""":"""","""":""""",Event_logs.json,_json,ip-10-10-40-195,,splunk,,2022-04-15T12:06:12.990Z,
1,,,,,,,\device\harddiskvolume2\windows\system32\svchost.exe,,,,Filtering Platform Connection,Security,,,,,,,,,,,,,,,,,,,,,,,5154,,2022-04-15 8:06:12,2022-04-15 8:06:08,,4,,0,,,,,James.browne,,,,,,,,,,-9214364837600034816,%%14609,40,,,,,,,"The Windows Filtering Platform has permitted an application or service to listen on a port for incoming connections.

Application Information:
	Process ID:		1516
	Application Name:	\device\harddiskvolume2\windows\system32\svchost.exe

Network Information:
	Source Address:		0.0.0.0
	Source Port:		49666
	Protocol:		6

Filter Information:
	Filter Run-Time ID:	0
	Layer Name:		Listen
	Layer Run-Time ID:	40",,,,,,,,Info,0,,,,,,,,,,,1516,,,6,{54849625-5478-4994-A5BA-3E3B0328C30D},,,,74960,,,,,,,,,INFO,2,,,,,,0.0.0.0,,,,,,eventlog,im_msvistalog,Microsoft-Windows-Security-Auditing,49666,,,,,,,,,,,,,,,,,,,,,,,12810,,,,1512,,,,,,,0,,,"{""ProcessId"":""1516"",""tags"":[""splunk""],""EventID"":5154,""RecordNumber"":74960,""ProviderGuid"":""{54849625-5478-4994-A5BA-3E3B0328C30D}"",""SourceName"":""Microsoft-Windows-Security-Auditing"",""OpcodeValue"":0,""EventTime"":""2022-04-15 08:06:08"",""FilterRTID"":""0"",""host"":""cybertees.net"",""SeverityValue"":2,""ExecutionProcessID"":4,""Category"":""Filtering Platform Connection"",""SourceModuleName"":""eventlog"",""Message"":""The Windows Filtering Platform has permitted an application or service to listen on a port for incoming connections.\r\n\r\nApplication Information:\r\n\tProcess ID:\t\t1516\r\n\tApplication Name:\t\\device\\harddiskvolume2\\windows\\system32\\svchost.exe\r\n\r\nNetwork Information:\r\n\tSource Address:\t\t0.0.0.0\r\n\tSource Port:\t\t49666\r\n\tProtocol:\t\t6\r\n\r\nFilter Information:\r\n\tFilter Run-Time ID:\t0\r\n\tLayer Name:\t\tListen\r\n\tLayer Run-Time ID:\t40"",""port"":60427,""Protocol"":""6"",""timestamp"":""2022-04-15T12:06:12.989Z"",""ThreadID"":1512,""Severity"":""INFO"",""EventType"":""AUDIT_SUCCESS"",""Channel"":""Security"",""SourceAddress"":""0.0.0.0"",""Opcode"":""Info"",""EventReceivedTime"":""2022-04-15 08:06:12"",""@version"":""1"",""Task"":12810,""SourceModuleType"":""im_msvistalog"",""LayerName"":""%%14609"",""LayerRTID"":""40"",""Hostname"":""James.browne"",""Application"":""\\device\\harddiskvolume2\\windows\\system32\\svchost.exe"",""Keywords"":-9214364837600034816,""Version"":0,""SourcePort"":""49666""}",2022-04-15T08:06:12.000+0000,8,15,6,april,12,friday,2022,local,,AUDIT_SUCCESS,cybertees.net,cyber-host,windowslogs,1,60427,"{"""":"""","""":[""""],"""":,"""":,"""":""{----}"","""":""---"","""":,""""",Event_logs.json,_json,ip-10-10-40-195,,splunk,,2022-04-15T12:06:12.989Z,
1,,,,SYSTEM,User,,,,,,Registry object added or deleted (rule: RegistryEvent),Microsoft-Windows-Sysmon/Operational,,,,,,,,,,,,,,,,,,NT AUTHORITY,,,,,12,,2022-04-15 8:06:12,2022-04-15 8:06:12,INFO,3652,,,,,,,Salena.Adam,C:\windows\system32\DFSRs.exe,,,,,,,,,-9223372036854775808,,,,,,,,,"Registry object added or deleted:
RuleName: -
EventType: CreateKey
UtcTime: 2022-04-15 12:06:12.325
ProcessGuid: {ef3dcf22-42bc-5f5f-4d00-000000000300}
ProcessId: 3368
Image: C:\windows\system32\DFSRs.exe
TargetObject: HKLM\System\CurrentControlSet\Services\DFSR\Parameters\Replication Groups\FBF3D8C4-4456-43FE-846F-89DEC902C23A",,,,,,,,Info,0,,,,,,,,,,{ef3dcf22-42bc-5f5f-4d00-000000000300},3368,,,,{5770385F-C22A-43E0-BF4C-06F5698FFBD9},,,,238951,,,,,,,-,,INFO,2,,,,,,,,,,,,eventlog,im_msvistalog,Microsoft-Windows-Sysmon,,,,,,,,,,,,,,,,,HKLM\System\CurrentControlSet\Services\DFSR\Parameters\Replication Groups\FBF3D8C4-4456-43FE-846F-89DEC902C23A,,,,,,,12,,,,4104,,,,,S-1-5-18,2022-04-15 12:06:12,2,,,"{""Image"":""C:\\windows\\system32\\DFSRs.exe"",""ProcessId"":""3368"",""EventID"":12,""tags"":[""splunk""],""RecordNumber"":238951,""ProviderGuid"":""{5770385F-C22A-43E0-BF4C-06F5698FFBD9}"",""SourceName"":""Microsoft-Windows-Sysmon"",""OpcodeValue"":0,""EventTime"":""2022-04-15 08:06:12"",""AccountName"":""SYSTEM"",""host"":""cybertees.net"",""SeverityValue"":2,""ExecutionProcessID"":3652,""AccountType"":""User"",""Category"":""Registry object added or deleted (rule: RegistryEvent)"",""SourceModuleName"":""eventlog"",""Domain"":""NT AUTHORITY"",""Message"":""Registry object added or deleted:\r\nRuleName: -\r\nEventType: CreateKey\r\nUtcTime: 2022-04-15 12:06:12.325\r\nProcessGuid: {ef3dcf22-42bc-5f5f-4d00-000000000300}\r\nProcessId: 3368\r\nImage: C:\\windows\\system32\\DFSRs.exe\r\nTargetObject: HKLM\\System\\CurrentControlSet\\Services\\DFSR\\Parameters\\Replication Groups\\FBF3D8C4-4456-43FE-846F-89DEC902C23A"",""port"":60427,""UserID"":""S-1-5-18"",""UtcTime"":""2022-04-15 12:06:12.325"",""timestamp"":""2022-04-15T12:06:12.989Z"",""ThreadID"":4104,""Severity"":""INFO"",""EventTypeOrignal"":""INFO"",""EventType"":""CreateKey"",""Channel"":""Microsoft-Windows-Sysmon/Operational"",""TargetObject"":""HKLM\\System\\CurrentControlSet\\Services\\DFSR\\Parameters\\Replication Groups\\FBF3D8C4-4456-43FE-846F-89DEC902C23A"",""Opcode"":""Info"",""EventReceivedTime"":""2022-04-15 08:06:12"",""@version"":""1"",""Task"":12,""SourceModuleType"":""im_msvistalog"",""RuleName"":""-"",""Hostname"":""Salena.Adam"",""Keywords"":-9223372036854775808,""Version"":2,""ProcessGuid"":""{ef3dcf22-42bc-5f5f-4d00-000000000300}""}",2022-04-15T08:06:12.000+0000,8,15,6,april,12,friday,2022,local,,CreateKey,cybertees.net,cyber-host,windowslogs,1,60427,"{"""":"":\\\\\\."","""":"""","""":,"""":[""""],"""":,"""":""{----}"",""",Event_logs.json,_json,ip-10-10-40-195,,splunk,,2022-04-15T12:06:12.989Z,
1,,,,SYSTEM,User,,,,,,Image loaded (rule: ImageLoad),Microsoft-Windows-Sysmon/Operational,,Microsoft Corporation,,,,Windows Cryptographic Primitives Library,,,,,,,,,,,,NT AUTHORITY,,,,,7,,2022-04-15 8:06:12,2022-04-15 8:06:08,,3524,10.0.18362.267 (WinBuild.160101.0800),,,,,"SHA1=421C35E0949143DE72C8F98776565D24815AD47E,MD5=F46778029BE7D755EBDCDF048EA62A4B,SHA256=907A4D1D405283AD24BBA1F9A763C5118A33574F3E0EC7FC543F65B24CC0A748,IMPHASH=E5649DCD6FA9472DB9A89CCD123913C0",James.browne,C:\Windows\System32\svchost.exe,C:\Windows\System32\bcrypt.dll,,,,,,,,-9223372036854775808,,,,,,,,,"Image loaded:
RuleName: -
UtcTime: 2022-04-15 12:06:07.982
ProcessGuid: {2d351099-5caf-5f5f-3604-000000000400}
ProcessId: 9512
Image: C:\Windows\System32\svchost.exe
ImageLoaded: C:\Windows\System32\bcrypt.dll
FileVersion: 10.0.18362.267 (WinBuild.160101.0800)
Description: Windows Cryptographic Primitives Library
Product: Microsoft® Windows® Operating System
Company: Microsoft Corporation
OriginalFileName: bcrypt.dll
Hashes: SHA1=421C35E0949143DE72C8F98776565D24815AD47E,MD5=F46778029BE7D755EBDCDF048EA62A4B,SHA256=907A4D1D405283AD24BBA1F9A763C5118A33574F3E0EC7FC543F65B24CC0A748,IMPHASH=E5649DCD6FA9472DB9A89CCD123913C0
Signed: true
Signature: Microsoft Windows
SignatureStatus: Valid",,,,,,,,Info,0,bcrypt.dll,,,,,,,,,{2d351099-5caf-5f5f-3604-000000000400},9512,,Microsoft® Windows® Operating System,,{5770385F-C22A-43E0-BF4C-06F5698FFBD9},,,,424052,,,,,,,-,,INFO,2,,,Microsoft Windows,Valid,TRUE,,,,,,,eventlog,im_msvistalog,Microsoft-Windows-Sysmon,,,,,,,,,,,,,,,,,,,,,,,,7,,,,4688,,,,,S-1-5-18,2022-04-15 12:06:08,3,,,"{""EventID"":7,""RecordNumber"":424052,""ProviderGuid"":""{5770385F-C22A-43E0-BF4C-06F5698FFBD9}"",""SourceName"":""Microsoft-Windows-Sysmon"",""OpcodeValue"":0,""AccountName"":""SYSTEM"",""SignatureStatus"":""Valid"",""SourceModuleName"":""eventlog"",""ExecutionProcessID"":3524,""AccountType"":""User"",""Category"":""Image loaded (rule: ImageLoad)"",""Domain"":""NT AUTHORITY"",""port"":60427,""Company"":""Microsoft Corporation"",""ThreadID"":4688,""Severity"":""INFO"",""EventType"":""INFO"",""Signed"":""true"",""Channel"":""Microsoft-Windows-Sysmon/Operational"",""Opcode"":""Info"",""EventReceivedTime"":""2022-04-15 08:06:12"",""ImageLoaded"":""C:\\Windows\\System32\\bcrypt.dll"",""Task"":7,""RuleName"":""-"",""Keywords"":-9223372036854775808,""Version"":3,""ProcessId"":""9512"",""Image"":""C:\\Windows\\System32\\svchost.exe"",""Product"":""Microsoft® Windows® Operating System"",""tags"":[""splunk""],""EventTime"":""2022-04-15 08:06:08"",""host"":""cybertees.net"",""SeverityValue"":2,""Message"":""Image loaded:\r\nRuleName: -\r\nUtcTime: 2022-04-15 12:06:07.982\r\nProcessGuid: {2d351099-5caf-5f5f-3604-000000000400}\r\nProcessId: 9512\r\nImage: C:\\Windows\\System32\\svchost.exe\r\nImageLoaded: C:\\Windows\\System32\\bcrypt.dll\r\nFileVersion: 10.0.18362.267 (WinBuild.160101.0800)\r\nDescription: Windows Cryptographic Primitives Library\r\nProduct: Microsoft® Windows® Operating System\r\nCompany: Microsoft Corporation\r\nOriginalFileName: bcrypt.dll\r\nHashes: SHA1=421C35E0949143DE72C8F98776565D24815AD47E,MD5=F46778029BE7D755EBDCDF048EA62A4B,SHA256=907A4D1D405283AD24BBA1F9A763C5118A33574F3E0EC7FC543F65B24CC0A748,IMPHASH=E5649DCD6FA9472DB9A89CCD123913C0\r\nSigned: true\r\nSignature: Microsoft Windows\r\nSignatureStatus: Valid"",""UtcTime"":""2022-04-15 12:06:07.982"",""UserID"":""S-1-5-18"",""FileVersion"":""10.0.18362.267 (WinBuild.160101.0800)"",""Description"":""Windows Cryptographic Primitives Library"",""OriginalFileName"":""bcrypt.dll"",""timestamp"":""2022-04-15T12:06:12.988Z"",""Hashes"":""SHA1=421C35E0949143DE72C8F98776565D24815AD47E,MD5=F46778029BE7D755EBDCDF048EA62A4B,SHA256=907A4D1D405283AD24BBA1F9A763C5118A33574F3E0EC7FC543F65B24CC0A748,IMPHASH=E5649DCD6FA9472DB9A89CCD123913C0"",""Signature"":""Microsoft Windows"",""@version"":""1"",""SourceModuleType"":""im_msvistalog"",""Hostname"":""James.browne"",""ProcessGuid"":""{2d351099-5caf-5f5f-3604-000000000400}""}",2022-04-15T08:06:12.000+0000,8,15,6,april,12,friday,2022,local,,INFO,cybertees.net,cyber-host,windowslogs,1,60427,"{"""":,"""":,"""":""{----}"","""":""--"","""":,"""":"""","""":"""","""":""""",Event_logs.json,_json,ip-10-10-40-195,,splunk,,2022-04-15T12:06:12.988Z,
1,,,,,,,\device\harddiskvolume2\windows\system32\services.exe,,,,Filtering Platform Connection,Security,,,,,,,,,,,,,,,,,,,,,,,5154,,2022-04-15 8:06:12,2022-04-15 8:06:08,,4,,0,,,,,James.browne,,,,,,,,,,-9214364837600034816,%%14609,42,,,,,,,"The Windows Filtering Platform has permitted an application or service to listen on a port for incoming connections.

Application Information:
	Process ID:		732
	Application Name:	\device\harddiskvolume2\windows\system32\services.exe

Network Information:
	Source Address:		::
	Source Port:		58714
	Protocol:		6

Filter Information:
	Filter Run-Time ID:	0
	Layer Name:		Listen
	Layer Run-Time ID:	42",,,,,,,,Info,0,,,,,,,,,,,732,,,6,{54849625-5478-4994-A5BA-3E3B0328C30D},,,,74959,,,,,,,,,INFO,2,,,,,,::,,,,,,eventlog,im_msvistalog,Microsoft-Windows-Security-Auditing,58714,,,,,,,,,,,,,,,,,,,,,,,12810,,,,1512,,,,,,,0,,,"{""ProcessId"":""732"",""tags"":[""splunk""],""EventID"":5154,""RecordNumber"":74959,""ProviderGuid"":""{54849625-5478-4994-A5BA-3E3B0328C30D}"",""SourceName"":""Microsoft-Windows-Security-Auditing"",""OpcodeValue"":0,""EventTime"":""2022-04-15 08:06:08"",""FilterRTID"":""0"",""host"":""cybertees.net"",""SeverityValue"":2,""ExecutionProcessID"":4,""Category"":""Filtering Platform Connection"",""SourceModuleName"":""eventlog"",""Message"":""The Windows Filtering Platform has permitted an application or service to listen on a port for incoming connections.\r\n\r\nApplication Information:\r\n\tProcess ID:\t\t732\r\n\tApplication Name:\t\\device\\harddiskvolume2\\windows\\system32\\services.exe\r\n\r\nNetwork Information:\r\n\tSource Address:\t\t::\r\n\tSource Port:\t\t58714\r\n\tProtocol:\t\t6\r\n\r\nFilter Information:\r\n\tFilter Run-Time ID:\t0\r\n\tLayer Name:\t\tListen\r\n\tLayer Run-Time ID:\t42"",""port"":60427,""Protocol"":""6"",""timestamp"":""2022-04-15T12:06:12.988Z"",""ThreadID"":1512,""Severity"":""INFO"",""EventType"":""AUDIT_SUCCESS"",""Channel"":""Security"",""SourceAddress"":""::"",""Opcode"":""Info"",""EventReceivedTime"":""2022-04-15 08:06:12"",""@version"":""1"",""Task"":12810,""SourceModuleType"":""im_msvistalog"",""LayerName"":""%%14609"",""LayerRTID"":""42"",""Hostname"":""James.browne"",""Application"":""\\device\\harddiskvolume2\\windows\\system32\\services.exe"",""Keywords"":-9214364837600034816,""Version"":0,""SourcePort"":""58714""}",2022-04-15T08:06:12.000+0000,8,15,6,april,12,friday,2022,local,,AUDIT_SUCCESS,cybertees.net,cyber-host,windowslogs,1,60427,"{"""":"""","""":[""""],"""":,"""":,"""":""{----}"","""":""---"","""":,""""",Event_logs.json,_json,ip-10-10-40-195,,splunk,,2022-04-15T12:06:12.988Z,
1,,,,SYSTEM,User,,,,,,File created (rule: FileCreate),Microsoft-Windows-Sysmon/Operational,,,,2022-04-15 12:06:12,,,,,,,,,,,,,,NT AUTHORITY,,,,,11,,2022-04-15 8:06:12,2022-04-15 8:06:12,,3652,,,,,,,Salena.Adam,C:\windows\system32\DFSRs.exe,,,,,,,,,-9223372036854775808,,,,,,,,,"File created:
RuleName: -
UtcTime: 2022-04-15 12:06:12.325
ProcessGuid: {ef3dcf22-42bc-5f5f-4d00-000000000300}
ProcessId: 3368
Image: C:\windows\system32\DFSRs.exe
TargetFilename: C:\System Volume Information\DFSR\Config\Replica_FBF3D8C4-4456-43FE-846F-89DEC902C23A.XML.TMP
CreationUtcTime: 2022-04-15 12:06:12.325",,,,,,,,Info,0,,,,,,,,,,{ef3dcf22-42bc-5f5f-4d00-000000000300},3368,,,,{5770385F-C22A-43E0-BF4C-06F5698FFBD9},,,,238950,,,,,,,-,,INFO,2,,,,,,,,,,,,eventlog,im_msvistalog,Microsoft-Windows-Sysmon,,,,,,,,,,,,C:\System Volume Information\DFSR\Config\Replica_FBF3D8C4-4456-43FE-846F-89DEC902C23A.XML.TMP,,,,,,,,,,,,11,,,,4104,,,,,S-1-5-18,2022-04-15 12:06:12,2,,,"{""Image"":""C:\\windows\\system32\\DFSRs.exe"",""ProcessId"":""3368"",""EventID"":11,""tags"":[""splunk""],""RecordNumber"":238950,""ProviderGuid"":""{5770385F-C22A-43E0-BF4C-06F5698FFBD9}"",""SourceName"":""Microsoft-Windows-Sysmon"",""OpcodeValue"":0,""EventTime"":""2022-04-15 08:06:12"",""AccountName"":""SYSTEM"",""host"":""cybertees.net"",""SeverityValue"":2,""ExecutionProcessID"":3652,""AccountType"":""User"",""Category"":""File created (rule: FileCreate)"",""SourceModuleName"":""eventlog"",""Domain"":""NT AUTHORITY"",""Message"":""File created:\r\nRuleName: -\r\nUtcTime: 2022-04-15 12:06:12.325\r\nProcessGuid: {ef3dcf22-42bc-5f5f-4d00-000000000300}\r\nProcessId: 3368\r\nImage: C:\\windows\\system32\\DFSRs.exe\r\nTargetFilename: C:\\System Volume Information\\DFSR\\Config\\Replica_FBF3D8C4-4456-43FE-846F-89DEC902C23A.XML.TMP\r\nCreationUtcTime: 2022-04-15 12:06:12.325"",""port"":60427,""UserID"":""S-1-5-18"",""UtcTime"":""2022-04-15 12:06:12.325"",""timestamp"":""2022-04-15T12:06:12.988Z"",""ThreadID"":4104,""TargetFilename"":""C:\\System Volume Information\\DFSR\\Config\\Replica_FBF3D8C4-4456-43FE-846F-89DEC902C23A.XML.TMP"",""Severity"":""INFO"",""EventType"":""INFO"",""Channel"":""Microsoft-Windows-Sysmon/Operational"",""Opcode"":""Info"",""EventReceivedTime"":""2022-04-15 08:06:12"",""@version"":""1"",""Task"":11,""SourceModuleType"":""im_msvistalog"",""RuleName"":""-"",""CreationUtcTime"":""2022-04-15 12:06:12.325"",""Hostname"":""Salena.Adam"",""Keywords"":-9223372036854775808,""Version"":2,""ProcessGuid"":""{ef3dcf22-42bc-5f5f-4d00-000000000300}""}",2022-04-15T08:06:12.000+0000,8,15,6,april,12,friday,2022,local,,INFO,cybertees.net,cyber-host,windowslogs,1,60427,"{"""":"":\\\\\\."","""":"""","""":,"""":[""""],"""":,"""":""{----}"",""",Event_logs.json,_json,ip-10-10-40-195,,splunk,,2022-04-15T12:06:12.988Z,
1,,,,SYSTEM,User,,,,,,Image loaded (rule: ImageLoad),Microsoft-Windows-Sysmon/Operational,,Microsoft Corporation,,,,Windows Setup API,,,,,,,,,,,,NT AUTHORITY,,,,,7,,2022-04-15 8:06:12,2022-04-15 8:06:08,,3524,10.0.18362.1 (WinBuild.160101.0800),,,,,"SHA1=2EB4B872612BFEF3697F7CD2948044A16B98B51B,MD5=04B058D188908EB631CED20F7B2EA3D9,SHA256=F9AA66AA0B302FD79D34447C371816237D8915F371CD53F19744B720B6A03B99,IMPHASH=C99B549EFE7A882B1FC7F457615E8522",James.browne,C:\Windows\System32\svchost.exe,C:\Windows\System32\setupapi.dll,,,,,,,,-9223372036854775808,,,,,,,,,"Image loaded:
RuleName: -
UtcTime: 2022-04-15 12:06:07.982
ProcessGuid: {2d351099-5caf-5f5f-3604-000000000400}
ProcessId: 9512
Image: C:\Windows\System32\svchost.exe
ImageLoaded: C:\Windows\System32\setupapi.dll
FileVersion: 10.0.18362.1 (WinBuild.160101.0800)
Description: Windows Setup API
Product: Microsoft® Windows® Operating System
Company: Microsoft Corporation
OriginalFileName: SETUPAPI.DLL
Hashes: SHA1=2EB4B872612BFEF3697F7CD2948044A16B98B51B,MD5=04B058D188908EB631CED20F7B2EA3D9,SHA256=F9AA66AA0B302FD79D34447C371816237D8915F371CD53F19744B720B6A03B99,IMPHASH=C99B549EFE7A882B1FC7F457615E8522
Signed: true
Signature: Microsoft Windows
SignatureStatus: Valid",,,,,,,,Info,0,SETUPAPI.DLL,,,,,,,,,{2d351099-5caf-5f5f-3604-000000000400},9512,,Microsoft® Windows® Operating System,,{5770385F-C22A-43E0-BF4C-06F5698FFBD9},,,,424051,,,,,,,-,,INFO,2,,,Microsoft Windows,Valid,TRUE,,,,,,,eventlog,im_msvistalog,Microsoft-Windows-Sysmon,,,,,,,,,,,,,,,,,,,,,,,,7,,,,4688,,,,,S-1-5-18,2022-04-15 12:06:08,3,,,"{""EventID"":7,""RecordNumber"":424051,""ProviderGuid"":""{5770385F-C22A-43E0-BF4C-06F5698FFBD9}"",""SourceName"":""Microsoft-Windows-Sysmon"",""OpcodeValue"":0,""AccountName"":""SYSTEM"",""SignatureStatus"":""Valid"",""SourceModuleName"":""eventlog"",""ExecutionProcessID"":3524,""AccountType"":""User"",""Category"":""Image loaded (rule: ImageLoad)"",""Domain"":""NT AUTHORITY"",""port"":60427,""Company"":""Microsoft Corporation"",""ThreadID"":4688,""Severity"":""INFO"",""EventType"":""INFO"",""Signed"":""true"",""Channel"":""Microsoft-Windows-Sysmon/Operational"",""Opcode"":""Info"",""EventReceivedTime"":""2022-04-15 08:06:12"",""ImageLoaded"":""C:\\Windows\\System32\\setupapi.dll"",""Task"":7,""RuleName"":""-"",""Keywords"":-9223372036854775808,""Version"":3,""ProcessId"":""9512"",""Image"":""C:\\Windows\\System32\\svchost.exe"",""Product"":""Microsoft® Windows® Operating System"",""tags"":[""splunk""],""EventTime"":""2022-04-15 08:06:08"",""host"":""cybertees.net"",""SeverityValue"":2,""Message"":""Image loaded:\r\nRuleName: -\r\nUtcTime: 2022-04-15 12:06:07.982\r\nProcessGuid: {2d351099-5caf-5f5f-3604-000000000400}\r\nProcessId: 9512\r\nImage: C:\\Windows\\System32\\svchost.exe\r\nImageLoaded: C:\\Windows\\System32\\setupapi.dll\r\nFileVersion: 10.0.18362.1 (WinBuild.160101.0800)\r\nDescription: Windows Setup API\r\nProduct: Microsoft® Windows® Operating System\r\nCompany: Microsoft Corporation\r\nOriginalFileName: SETUPAPI.DLL\r\nHashes: SHA1=2EB4B872612BFEF3697F7CD2948044A16B98B51B,MD5=04B058D188908EB631CED20F7B2EA3D9,SHA256=F9AA66AA0B302FD79D34447C371816237D8915F371CD53F19744B720B6A03B99,IMPHASH=C99B549EFE7A882B1FC7F457615E8522\r\nSigned: true\r\nSignature: Microsoft Windows\r\nSignatureStatus: Valid"",""UtcTime"":""2022-04-15 12:06:07.982"",""UserID"":""S-1-5-18"",""FileVersion"":""10.0.18362.1 (WinBuild.160101.0800)"",""Description"":""Windows Setup API"",""OriginalFileName"":""SETUPAPI.DLL"",""timestamp"":""2022-04-15T12:06:12.987Z"",""Hashes"":""SHA1=2EB4B872612BFEF3697F7CD2948044A16B98B51B,MD5=04B058D188908EB631CED20F7B2EA3D9,SHA256=F9AA66AA0B302FD79D34447C371816237D8915F371CD53F19744B720B6A03B99,IMPHASH=C99B549EFE7A882B1FC7F457615E8522"",""Signature"":""Microsoft Windows"",""@version"":""1"",""SourceModuleType"":""im_msvistalog"",""Hostname"":""James.browne"",""ProcessGuid"":""{2d351099-5caf-5f5f-3604-000000000400}""}",2022-04-15T08:06:12.000+0000,8,15,6,april,12,friday,2022,local,,INFO,cybertees.net,cyber-host,windowslogs,1,60427,"{"""":,"""":,"""":""{----}"","""":""--"","""":,"""":"""","""":"""","""":""""",Event_logs.json,_json,ip-10-10-40-195,,splunk,,2022-04-15T12:06:12.987Z,
1,,,,,,,\device\harddiskvolume2\windows\system32\wininit.exe,,,,Filtering Platform Connection,Security,,,,,,,,,,,,,,,,,,,,,,,5154,,2022-04-15 8:06:12,2022-04-15 8:06:08,,4,,0,,,,,James.browne,,,,,,,,,,-9214364837600034816,%%14609,40,,,,,,,"The Windows Filtering Platform has permitted an application or service to listen on a port for incoming connections.

Application Information:
	Process ID:		596
	Application Name:	\device\harddiskvolume2\windows\system32\wininit.exe

Network Information:
	Source Address:		0.0.0.0
	Source Port:		49665
	Protocol:		6

Filter Information:
	Filter Run-Time ID:	0
	Layer Name:		Listen
	Layer Run-Time ID:	40",,,,,,,,Info,0,,,,,,,,,,,596,,,6,{54849625-5478-4994-A5BA-3E3B0328C30D},,,,74958,,,,,,,,,INFO,2,,,,,,0.0.0.0,,,,,,eventlog,im_msvistalog,Microsoft-Windows-Security-Auditing,49665,,,,,,,,,,,,,,,,,,,,,,,12810,,,,1512,,,,,,,0,,,"{""ProcessId"":""596"",""tags"":[""splunk""],""EventID"":5154,""RecordNumber"":74958,""ProviderGuid"":""{54849625-5478-4994-A5BA-3E3B0328C30D}"",""SourceName"":""Microsoft-Windows-Security-Auditing"",""OpcodeValue"":0,""EventTime"":""2022-04-15 08:06:08"",""FilterRTID"":""0"",""host"":""cybertees.net"",""SeverityValue"":2,""ExecutionProcessID"":4,""Category"":""Filtering Platform Connection"",""SourceModuleName"":""eventlog"",""Message"":""The Windows Filtering Platform has permitted an application or service to listen on a port for incoming connections.\r\n\r\nApplication Information:\r\n\tProcess ID:\t\t596\r\n\tApplication Name:\t\\device\\harddiskvolume2\\windows\\system32\\wininit.exe\r\n\r\nNetwork Information:\r\n\tSource Address:\t\t0.0.0.0\r\n\tSource Port:\t\t49665\r\n\tProtocol:\t\t6\r\n\r\nFilter Information:\r\n\tFilter Run-Time ID:\t0\r\n\tLayer Name:\t\tListen\r\n\tLayer Run-Time ID:\t40"",""port"":60427,""Protocol"":""6"",""timestamp"":""2022-04-15T12:06:12.986Z"",""ThreadID"":1512,""Severity"":""INFO"",""EventType"":""AUDIT_SUCCESS"",""Channel"":""Security"",""SourceAddress"":""0.0.0.0"",""Opcode"":""Info"",""EventReceivedTime"":""2022-04-15 08:06:12"",""@version"":""1"",""Task"":12810,""SourceModuleType"":""im_msvistalog"",""LayerName"":""%%14609"",""LayerRTID"":""40"",""Hostname"":""James.browne"",""Application"":""\\device\\harddiskvolume2\\windows\\system32\\wininit.exe"",""Keywords"":-9214364837600034816,""Version"":0,""SourcePort"":""49665""}",2022-04-15T08:06:12.000+0000,8,15,6,april,12,friday,2022,local,,AUDIT_SUCCESS,cybertees.net,cyber-host,windowslogs,1,60427,"{"""":"""","""":[""""],"""":,"""":,"""":""{----}"","""":""---"","""":,""""",Event_logs.json,_json,ip-10-10-40-195,,splunk,,2022-04-15T12:06:12.986Z,
1,,,,SYSTEM,User,,,,,,Registry object added or deleted (rule: RegistryEvent),Microsoft-Windows-Sysmon/Operational,,,,,,,,,,,,,,,,,,NT AUTHORITY,,,,,12,,2022-04-15 8:06:12,2022-04-15 8:06:12,INFO,3652,,,,,,,Salena.Adam,C:\windows\system32\lsass.exe,,,,,,,,,-9223372036854775808,,,,,,,,,"Registry object added or deleted:
RuleName: -
EventType: CreateKey
UtcTime: 2022-04-15 12:06:12.309
ProcessGuid: {ef3dcf22-42a7-5f5f-0c00-000000000300}
ProcessId: 700
Image: C:\windows\system32\lsass.exe
TargetObject: HKLM\System\CurrentControlSet\Services\Tcpip\Parameters",,,,,,,,Info,0,,,,,,,,,,{ef3dcf22-42a7-5f5f-0c00-000000000300},700,,,,{5770385F-C22A-43E0-BF4C-06F5698FFBD9},,,,238949,,,,,,,-,,INFO,2,,,,,,,,,,,,eventlog,im_msvistalog,Microsoft-Windows-Sysmon,,,,,,,,,,,,,,,,,HKLM\System\CurrentControlSet\Services\Tcpip\Parameters,,,,,,,12,,,,4104,,,,,S-1-5-18,2022-04-15 12:06:12,2,,,"{""Image"":""C:\\windows\\system32\\lsass.exe"",""ProcessId"":""700"",""EventID"":12,""tags"":[""splunk""],""RecordNumber"":238949,""ProviderGuid"":""{5770385F-C22A-43E0-BF4C-06F5698FFBD9}"",""SourceName"":""Microsoft-Windows-Sysmon"",""OpcodeValue"":0,""EventTime"":""2022-04-15 08:06:12"",""AccountName"":""SYSTEM"",""host"":""cybertees.net"",""SeverityValue"":2,""ExecutionProcessID"":3652,""AccountType"":""User"",""Category"":""Registry object added or deleted (rule: RegistryEvent)"",""SourceModuleName"":""eventlog"",""Domain"":""NT AUTHORITY"",""Message"":""Registry object added or deleted:\r\nRuleName: -\r\nEventType: CreateKey\r\nUtcTime: 2022-04-15 12:06:12.309\r\nProcessGuid: {ef3dcf22-42a7-5f5f-0c00-000000000300}\r\nProcessId: 700\r\nImage: C:\\windows\\system32\\lsass.exe\r\nTargetObject: HKLM\\System\\CurrentControlSet\\Services\\Tcpip\\Parameters"",""port"":60427,""UserID"":""S-1-5-18"",""UtcTime"":""2022-04-15 12:06:12.309"",""timestamp"":""2022-04-15T12:06:12.986Z"",""ThreadID"":4104,""Severity"":""INFO"",""EventTypeOrignal"":""INFO"",""EventType"":""CreateKey"",""Channel"":""Microsoft-Windows-Sysmon/Operational"",""TargetObject"":""HKLM\\System\\CurrentControlSet\\Services\\Tcpip\\Parameters"",""Opcode"":""Info"",""EventReceivedTime"":""2022-04-15 08:06:12"",""@version"":""1"",""Task"":12,""SourceModuleType"":""im_msvistalog"",""RuleName"":""-"",""Hostname"":""Salena.Adam"",""Keywords"":-9223372036854775808,""Version"":2,""ProcessGuid"":""{ef3dcf22-42a7-5f5f-0c00-000000000300}""}",2022-04-15T08:06:12.000+0000,8,15,6,april,12,friday,2022,local,,CreateKey,cybertees.net,cyber-host,windowslogs,1,60427,"{"""":"":\\\\\\."","""":"""","""":,"""":[""""],"""":,"""":""{----}"",""",Event_logs.json,_json,ip-10-10-40-195,,splunk,,2022-04-15T12:06:12.986Z,
1,,,,SYSTEM,User,,,,,,Image loaded (rule: ImageLoad),Microsoft-Windows-Sysmon/Operational,,Microsoft Corporation,,,,COM+ Configuration Catalog,,,,,,,,,,,,NT AUTHORITY,,,,,7,,2022-04-15 8:06:12,2022-04-15 8:06:07,,3524,2001.12.10941.16384 (WinBuild.160101.0800),,,,,"SHA1=7DE7C7E87CFA639E8C4DF269E38FB69A391D6790,MD5=4B179D7C6AA9424831847BA6BACDB260,SHA256=F0541B07D7B00C8D09BC72DF7E2D974F83482E42CD88B4E8260B832B7A71682E,IMPHASH=70F94828FF194145825265FE7BA88C95",James.browne,C:\Windows\System32\svchost.exe,C:\Windows\System32\clbcatq.dll,,,,,,,,-9223372036854775808,,,,,,,,,"Image loaded:
RuleName: -
UtcTime: 2022-04-15 12:06:07.982
ProcessGuid: {2d351099-5caf-5f5f-3604-000000000400}
ProcessId: 9512
Image: C:\Windows\System32\svchost.exe
ImageLoaded: C:\Windows\System32\clbcatq.dll
FileVersion: 2001.12.10941.16384 (WinBuild.160101.0800)
Description: COM+ Configuration Catalog
Product: Microsoft® Windows® Operating System
Company: Microsoft Corporation
OriginalFileName: CLBCATQ.DLL
Hashes: SHA1=7DE7C7E87CFA639E8C4DF269E38FB69A391D6790,MD5=4B179D7C6AA9424831847BA6BACDB260,SHA256=F0541B07D7B00C8D09BC72DF7E2D974F83482E42CD88B4E8260B832B7A71682E,IMPHASH=70F94828FF194145825265FE7BA88C95
Signed: true
Signature: Microsoft Windows
SignatureStatus: Valid",,,,,,,,Info,0,CLBCATQ.DLL,,,,,,,,,{2d351099-5caf-5f5f-3604-000000000400},9512,,Microsoft® Windows® Operating System,,{5770385F-C22A-43E0-BF4C-06F5698FFBD9},,,,424050,,,,,,,-,,INFO,2,,,Microsoft Windows,Valid,TRUE,,,,,,,eventlog,im_msvistalog,Microsoft-Windows-Sysmon,,,,,,,,,,,,,,,,,,,,,,,,7,,,,4688,,,,,S-1-5-18,2022-04-15 12:06:08,3,,,"{""EventID"":7,""RecordNumber"":424050,""ProviderGuid"":""{5770385F-C22A-43E0-BF4C-06F5698FFBD9}"",""SourceName"":""Microsoft-Windows-Sysmon"",""OpcodeValue"":0,""AccountName"":""SYSTEM"",""SignatureStatus"":""Valid"",""SourceModuleName"":""eventlog"",""ExecutionProcessID"":3524,""AccountType"":""User"",""Category"":""Image loaded (rule: ImageLoad)"",""Domain"":""NT AUTHORITY"",""port"":60427,""Company"":""Microsoft Corporation"",""ThreadID"":4688,""Severity"":""INFO"",""EventType"":""INFO"",""Signed"":""true"",""Channel"":""Microsoft-Windows-Sysmon/Operational"",""Opcode"":""Info"",""EventReceivedTime"":""2022-04-15 08:06:12"",""ImageLoaded"":""C:\\Windows\\System32\\clbcatq.dll"",""Task"":7,""RuleName"":""-"",""Keywords"":-9223372036854775808,""Version"":3,""ProcessId"":""9512"",""Image"":""C:\\Windows\\System32\\svchost.exe"",""Product"":""Microsoft® Windows® Operating System"",""tags"":[""splunk""],""EventTime"":""2022-04-15 08:06:07"",""host"":""cybertees.net"",""SeverityValue"":2,""Message"":""Image loaded:\r\nRuleName: -\r\nUtcTime: 2022-04-15 12:06:07.982\r\nProcessGuid: {2d351099-5caf-5f5f-3604-000000000400}\r\nProcessId: 9512\r\nImage: C:\\Windows\\System32\\svchost.exe\r\nImageLoaded: C:\\Windows\\System32\\clbcatq.dll\r\nFileVersion: 2001.12.10941.16384 (WinBuild.160101.0800)\r\nDescription: COM+ Configuration Catalog\r\nProduct: Microsoft® Windows® Operating System\r\nCompany: Microsoft Corporation\r\nOriginalFileName: CLBCATQ.DLL\r\nHashes: SHA1=7DE7C7E87CFA639E8C4DF269E38FB69A391D6790,MD5=4B179D7C6AA9424831847BA6BACDB260,SHA256=F0541B07D7B00C8D09BC72DF7E2D974F83482E42CD88B4E8260B832B7A71682E,IMPHASH=70F94828FF194145825265FE7BA88C95\r\nSigned: true\r\nSignature: Microsoft Windows\r\nSignatureStatus: Valid"",""UtcTime"":""2022-04-15 12:06:07.982"",""UserID"":""S-1-5-18"",""FileVersion"":""2001.12.10941.16384 (WinBuild.160101.0800)"",""Description"":""COM+ Configuration Catalog"",""OriginalFileName"":""CLBCATQ.DLL"",""timestamp"":""2022-04-15T12:06:12.985Z"",""Hashes"":""SHA1=7DE7C7E87CFA639E8C4DF269E38FB69A391D6790,MD5=4B179D7C6AA9424831847BA6BACDB260,SHA256=F0541B07D7B00C8D09BC72DF7E2D974F83482E42CD88B4E8260B832B7A71682E,IMPHASH=70F94828FF194145825265FE7BA88C95"",""Signature"":""Microsoft Windows"",""@version"":""1"",""SourceModuleType"":""im_msvistalog"",""Hostname"":""James.browne"",""ProcessGuid"":""{2d351099-5caf-5f5f-3604-000000000400}""}",2022-04-15T08:06:12.000+0000,8,15,6,april,12,friday,2022,local,,INFO,cybertees.net,cyber-host,windowslogs,1,60427,"{"""":,"""":,"""":""{----}"","""":""--"","""":,"""":"""","""":"""","""":""""",Event_logs.json,_json,ip-10-10-40-195,,splunk,,2022-04-15T12:06:12.985Z,
1,,,,SYSTEM,User,,,,,,File created (rule: FileCreate),Microsoft-Windows-Sysmon/Operational,,,,2022-04-15 10:16:11,,,,,,,,,,,,,,NT AUTHORITY,,,,,11,,2022-04-15 8:06:12,2022-04-15 8:06:11,,3652,,,,,,,Salena.Adam,C:\windows\System32\svchost.exe,,,,,,,,,-9223372036854775808,,,,,,,,,"File created:
RuleName: -
UtcTime: 2022-04-15 12:06:11.889
ProcessGuid: {ef3dcf22-42ae-5f5f-2000-000000000300}
ProcessId: 1460
Image: C:\windows\System32\svchost.exe
TargetFilename: C:\Windows\ServiceState\EventLog\Data\lastalive1.dat
CreationUtcTime: 2022-04-15 10:16:10.930",,,,,,,,Info,0,,,,,,,,,,{ef3dcf22-42ae-5f5f-2000-000000000300},1460,,,,{5770385F-C22A-43E0-BF4C-06F5698FFBD9},,,,238948,,,,,,,-,,INFO,2,,,,,,,,,,,,eventlog,im_msvistalog,Microsoft-Windows-Sysmon,,,,,,,,,,,,C:\Windows\ServiceState\EventLog\Data\lastalive1.dat,,,,,,,,,,,,11,,,,4104,,,,,S-1-5-18,2022-04-15 12:06:12,2,,,"{""Image"":""C:\\windows\\System32\\svchost.exe"",""ProcessId"":""1460"",""EventID"":11,""tags"":[""splunk""],""RecordNumber"":238948,""ProviderGuid"":""{5770385F-C22A-43E0-BF4C-06F5698FFBD9}"",""SourceName"":""Microsoft-Windows-Sysmon"",""OpcodeValue"":0,""EventTime"":""2022-04-15 08:06:11"",""AccountName"":""SYSTEM"",""host"":""cybertees.net"",""SeverityValue"":2,""ExecutionProcessID"":3652,""AccountType"":""User"",""Category"":""File created (rule: FileCreate)"",""SourceModuleName"":""eventlog"",""Domain"":""NT AUTHORITY"",""Message"":""File created:\r\nRuleName: -\r\nUtcTime: 2022-04-15 12:06:11.889\r\nProcessGuid: {ef3dcf22-42ae-5f5f-2000-000000000300}\r\nProcessId: 1460\r\nImage: C:\\windows\\System32\\svchost.exe\r\nTargetFilename: C:\\Windows\\ServiceState\\EventLog\\Data\\lastalive1.dat\r\nCreationUtcTime: 2022-04-15 10:16:10.930"",""port"":60427,""UserID"":""S-1-5-18"",""UtcTime"":""2022-04-15 12:06:11.889"",""timestamp"":""2022-04-15T12:06:12.985Z"",""ThreadID"":4104,""TargetFilename"":""C:\\Windows\\ServiceState\\EventLog\\Data\\lastalive1.dat"",""Severity"":""INFO"",""EventType"":""INFO"",""Channel"":""Microsoft-Windows-Sysmon/Operational"",""Opcode"":""Info"",""EventReceivedTime"":""2022-04-15 08:06:12"",""@version"":""1"",""Task"":11,""SourceModuleType"":""im_msvistalog"",""RuleName"":""-"",""CreationUtcTime"":""2022-04-15 10:16:10.930"",""Hostname"":""Salena.Adam"",""Keywords"":-9223372036854775808,""Version"":2,""ProcessGuid"":""{ef3dcf22-42ae-5f5f-2000-000000000300}""}",2022-04-15T08:06:12.000+0000,8,15,6,april,12,friday,2022,local,,INFO,cybertees.net,cyber-host,windowslogs,1,60427,"{"""":"":\\\\\\."","""":"""","""":,"""":[""""],"""":,"""":""{----}"",""",Event_logs.json,_json,ip-10-10-40-195,,splunk,,2022-04-15T12:06:12.985Z,
1,,,,,,,\device\harddiskvolume2\windows\system32\svchost.exe,,,,Filtering Platform Connection,Security,,,,,,,,,,,,,,,,,,,,,,,5154,,2022-04-15 8:06:12,2022-04-15 8:06:08,,4,,70416,,,,,James.browne,,,,,,,,,,-9214364837600034816,%%14609,40,,,,,,,"The Windows Filtering Platform has permitted an application or service to listen on a port for incoming connections.

Application Information:
	Process ID:		6076
	Application Name:	\device\harddiskvolume2\windows\system32\svchost.exe

Network Information:
	Source Address:		0.0.0.0
	Source Port:		5040
	Protocol:		6

Filter Information:
	Filter Run-Time ID:	70416
	Layer Name:		Listen
	Layer Run-Time ID:	40",,,,,,,,Info,0,,,,,,,,,,,6076,,,6,{54849625-5478-4994-A5BA-3E3B0328C30D},,,,74957,,,,,,,,,INFO,2,,,,,,0.0.0.0,,,,,,eventlog,im_msvistalog,Microsoft-Windows-Security-Auditing,5040,,,,,,,,,,,,,,,,,,,,,,,12810,,,,1512,,,,,,,0,,,"{""ProcessId"":""6076"",""tags"":[""splunk""],""EventID"":5154,""RecordNumber"":74957,""ProviderGuid"":""{54849625-5478-4994-A5BA-3E3B0328C30D}"",""SourceName"":""Microsoft-Windows-Security-Auditing"",""OpcodeValue"":0,""EventTime"":""2022-04-15 08:06:08"",""FilterRTID"":""70416"",""host"":""cybertees.net"",""SeverityValue"":2,""ExecutionProcessID"":4,""Category"":""Filtering Platform Connection"",""SourceModuleName"":""eventlog"",""Message"":""The Windows Filtering Platform has permitted an application or service to listen on a port for incoming connections.\r\n\r\nApplication Information:\r\n\tProcess ID:\t\t6076\r\n\tApplication Name:\t\\device\\harddiskvolume2\\windows\\system32\\svchost.exe\r\n\r\nNetwork Information:\r\n\tSource Address:\t\t0.0.0.0\r\n\tSource Port:\t\t5040\r\n\tProtocol:\t\t6\r\n\r\nFilter Information:\r\n\tFilter Run-Time ID:\t70416\r\n\tLayer Name:\t\tListen\r\n\tLayer Run-Time ID:\t40"",""port"":60427,""Protocol"":""6"",""timestamp"":""2022-04-15T12:06:12.984Z"",""ThreadID"":1512,""Severity"":""INFO"",""EventType"":""AUDIT_SUCCESS"",""Channel"":""Security"",""SourceAddress"":""0.0.0.0"",""Opcode"":""Info"",""EventReceivedTime"":""2022-04-15 08:06:12"",""@version"":""1"",""Task"":12810,""SourceModuleType"":""im_msvistalog"",""LayerName"":""%%14609"",""LayerRTID"":""40"",""Hostname"":""James.browne"",""Application"":""\\device\\harddiskvolume2\\windows\\system32\\svchost.exe"",""Keywords"":-9214364837600034816,""Version"":0,""SourcePort"":""5040""}",2022-04-15T08:06:12.000+0000,8,15,6,april,12,friday,2022,local,,AUDIT_SUCCESS,cybertees.net,cyber-host,windowslogs,1,60427,"{"""":"""","""":[""""],"""":,"""":,"""":""{----}"","""":""---"","""":,""""",Event_logs.json,_json,ip-10-10-40-195,,splunk,,2022-04-15T12:06:12.984Z,
1,,,,SYSTEM,User,,,,,,Image loaded (rule: ImageLoad),Microsoft-Windows-Sysmon/Operational,,Microsoft Corporation,,,,Microsoft® C Runtime Library,,,,,,,,,,,,NT AUTHORITY,,,,,7,,2022-04-15 8:06:12,2022-04-15 8:06:07,,3524,10.0.18362.815 (WinBuild.160101.0800),,,,,"SHA1=3C9938AFD7E9E2427750B0BBF21D3905502C2416,MD5=D327A488FF346D2A2ACC7D018F80A615,SHA256=F60BA64AF20B44D13275955ECA2949C471F2C812CD3908AF63B145DEAEB4E4F3,IMPHASH=7F555C87AEA488E97B6067A0419ED3B4",James.browne,C:\Windows\System32\svchost.exe,C:\Windows\System32\msvcp_win.dll,,,,,,,,-9223372036854775808,,,,,,,,,"Image loaded:
RuleName: -
UtcTime: 2022-04-15 12:06:07.982
ProcessGuid: {2d351099-5caf-5f5f-3704-000000000400}
ProcessId: 5620
Image: C:\Windows\System32\svchost.exe
ImageLoaded: C:\Windows\System32\msvcp_win.dll
FileVersion: 10.0.18362.815 (WinBuild.160101.0800)
Description: Microsoft® C Runtime Library
Product: Microsoft® Windows® Operating System
Company: Microsoft Corporation
OriginalFileName: msvcp_win.dll
Hashes: SHA1=3C9938AFD7E9E2427750B0BBF21D3905502C2416,MD5=D327A488FF346D2A2ACC7D018F80A615,SHA256=F60BA64AF20B44D13275955ECA2949C471F2C812CD3908AF63B145DEAEB4E4F3,IMPHASH=7F555C87AEA488E97B6067A0419ED3B4
Signed: true
Signature: Microsoft Windows
SignatureStatus: Valid",,,,,,,,Info,0,msvcp_win.dll,,,,,,,,,{2d351099-5caf-5f5f-3704-000000000400},5620,,Microsoft® Windows® Operating System,,{5770385F-C22A-43E0-BF4C-06F5698FFBD9},,,,424049,,,,,,,-,,INFO,2,,,Microsoft Windows,Valid,TRUE,,,,,,,eventlog,im_msvistalog,Microsoft-Windows-Sysmon,,,,,,,,,,,,,,,,,,,,,,,,7,,,,4688,,,,,S-1-5-18,2022-04-15 12:06:08,3,,,"{""EventID"":7,""RecordNumber"":424049,""ProviderGuid"":""{5770385F-C22A-43E0-BF4C-06F5698FFBD9}"",""SourceName"":""Microsoft-Windows-Sysmon"",""OpcodeValue"":0,""AccountName"":""SYSTEM"",""SignatureStatus"":""Valid"",""SourceModuleName"":""eventlog"",""ExecutionProcessID"":3524,""AccountType"":""User"",""Category"":""Image loaded (rule: ImageLoad)"",""Domain"":""NT AUTHORITY"",""port"":60427,""Company"":""Microsoft Corporation"",""ThreadID"":4688,""Severity"":""INFO"",""EventType"":""INFO"",""Signed"":""true"",""Channel"":""Microsoft-Windows-Sysmon/Operational"",""Opcode"":""Info"",""EventReceivedTime"":""2022-04-15 08:06:12"",""ImageLoaded"":""C:\\Windows\\System32\\msvcp_win.dll"",""Task"":7,""RuleName"":""-"",""Keywords"":-9223372036854775808,""Version"":3,""ProcessId"":""5620"",""Image"":""C:\\Windows\\System32\\svchost.exe"",""Product"":""Microsoft® Windows® Operating System"",""tags"":[""splunk""],""EventTime"":""2022-04-15 08:06:07"",""host"":""cybertees.net"",""SeverityValue"":2,""Message"":""Image loaded:\r\nRuleName: -\r\nUtcTime: 2022-04-15 12:06:07.982\r\nProcessGuid: {2d351099-5caf-5f5f-3704-000000000400}\r\nProcessId: 5620\r\nImage: C:\\Windows\\System32\\svchost.exe\r\nImageLoaded: C:\\Windows\\System32\\msvcp_win.dll\r\nFileVersion: 10.0.18362.815 (WinBuild.160101.0800)\r\nDescription: Microsoft® C Runtime Library\r\nProduct: Microsoft® Windows® Operating System\r\nCompany: Microsoft Corporation\r\nOriginalFileName: msvcp_win.dll\r\nHashes: SHA1=3C9938AFD7E9E2427750B0BBF21D3905502C2416,MD5=D327A488FF346D2A2ACC7D018F80A615,SHA256=F60BA64AF20B44D13275955ECA2949C471F2C812CD3908AF63B145DEAEB4E4F3,IMPHASH=7F555C87AEA488E97B6067A0419ED3B4\r\nSigned: true\r\nSignature: Microsoft Windows\r\nSignatureStatus: Valid"",""UtcTime"":""2022-04-15 12:06:07.982"",""UserID"":""S-1-5-18"",""FileVersion"":""10.0.18362.815 (WinBuild.160101.0800)"",""Description"":""Microsoft® C Runtime Library"",""OriginalFileName"":""msvcp_win.dll"",""timestamp"":""2022-04-15T12:06:12.984Z"",""Hashes"":""SHA1=3C9938AFD7E9E2427750B0BBF21D3905502C2416,MD5=D327A488FF346D2A2ACC7D018F80A615,SHA256=F60BA64AF20B44D13275955ECA2949C471F2C812CD3908AF63B145DEAEB4E4F3,IMPHASH=7F555C87AEA488E97B6067A0419ED3B4"",""Signature"":""Microsoft Windows"",""@version"":""1"",""SourceModuleType"":""im_msvistalog"",""Hostname"":""James.browne"",""ProcessGuid"":""{2d351099-5caf-5f5f-3704-000000000400}""}",2022-04-15T08:06:12.000+0000,8,15,6,april,12,friday,2022,local,,INFO,cybertees.net,cyber-host,windowslogs,1,60427,"{"""":,"""":,"""":""{----}"","""":""--"","""":,"""":"""","""":"""","""":""""",Event_logs.json,_json,ip-10-10-40-195,,splunk,,2022-04-15T12:06:12.984Z,
1,,,,,,,\device\harddiskvolume2\windows\system32\svchost.exe,,,,Filtering Platform Connection,Security,,,,,,,,,,,,,,,,,,,,,,,5154,,2022-04-15 8:06:12,2022-04-15 8:06:08,,4,,70307,,,,,James.browne,,,,,,,,,,-9214364837600034816,%%14609,40,,,,,,,"The Windows Filtering Platform has permitted an application or service to listen on a port for incoming connections.

Application Information:
	Process ID:		996
	Application Name:	\device\harddiskvolume2\windows\system32\svchost.exe

Network Information:
	Source Address:		0.0.0.0
	Source Port:		135
	Protocol:		6

Filter Information:
	Filter Run-Time ID:	70307
	Layer Name:		Listen
	Layer Run-Time ID:	40",,,,,,,,Info,0,,,,,,,,,,,996,,,6,{54849625-5478-4994-A5BA-3E3B0328C30D},,,,74956,,,,,,,,,INFO,2,,,,,,0.0.0.0,,,,,,eventlog,im_msvistalog,Microsoft-Windows-Security-Auditing,135,,,,,,,,,,,,,,,,,,,,,,,12810,,,,1512,,,,,,,0,,,"{""ProcessId"":""996"",""tags"":[""splunk""],""EventID"":5154,""RecordNumber"":74956,""ProviderGuid"":""{54849625-5478-4994-A5BA-3E3B0328C30D}"",""SourceName"":""Microsoft-Windows-Security-Auditing"",""OpcodeValue"":0,""EventTime"":""2022-04-15 08:06:08"",""FilterRTID"":""70307"",""host"":""cybertees.net"",""SeverityValue"":2,""ExecutionProcessID"":4,""Category"":""Filtering Platform Connection"",""SourceModuleName"":""eventlog"",""Message"":""The Windows Filtering Platform has permitted an application or service to listen on a port for incoming connections.\r\n\r\nApplication Information:\r\n\tProcess ID:\t\t996\r\n\tApplication Name:\t\\device\\harddiskvolume2\\windows\\system32\\svchost.exe\r\n\r\nNetwork Information:\r\n\tSource Address:\t\t0.0.0.0\r\n\tSource Port:\t\t135\r\n\tProtocol:\t\t6\r\n\r\nFilter Information:\r\n\tFilter Run-Time ID:\t70307\r\n\tLayer Name:\t\tListen\r\n\tLayer Run-Time ID:\t40"",""port"":60427,""Protocol"":""6"",""timestamp"":""2022-04-15T12:06:12.984Z"",""ThreadID"":1512,""Severity"":""INFO"",""EventType"":""AUDIT_SUCCESS"",""Channel"":""Security"",""SourceAddress"":""0.0.0.0"",""Opcode"":""Info"",""EventReceivedTime"":""2022-04-15 08:06:12"",""@version"":""1"",""Task"":12810,""SourceModuleType"":""im_msvistalog"",""LayerName"":""%%14609"",""LayerRTID"":""40"",""Hostname"":""James.browne"",""Application"":""\\device\\harddiskvolume2\\windows\\system32\\svchost.exe"",""Keywords"":-9214364837600034816,""Version"":0,""SourcePort"":""135""}",2022-04-15T08:06:12.000+0000,8,15,6,april,12,friday,2022,local,,AUDIT_SUCCESS,cybertees.net,cyber-host,windowslogs,1,60427,"{"""":"""","""":[""""],"""":,"""":,"""":""{----}"","""":""---"","""":,""""",Event_logs.json,_json,ip-10-10-40-195,,splunk,,2022-04-15T12:06:12.984Z,
