Disabled Privileges:
			-",,,,,,,,Info,0,,,,,,,,,,,0xcac,C:\Windows\System32\svchost.exe,,,{54849625-5478-4994-A5BA-3E3B0328C30D},,,,73705,,,,,,,,,INFO,2,,,,,,,,,,,,eventlog,im_msvistalog,Microsoft-Windows-Security-Auditing,,,,,,,Cybertees,0x3e7,WORKSTATION5$,S-1-5-18,Cybertees,,,,,0x3e7,,,,,,WORKSTATION5$,S-1-5-18,13317,,,,5692,,,,,,,0,,,"{""tags"":[""splunk""],""EventID"":4703,""RecordNumber"":73705,""ProviderGuid"":""{54849625-5478-4994-A5BA-3E3B0328C30D}"",""SourceName"":""Microsoft-Windows-Security-Auditing"",""OpcodeValue"":0,""EventTime"":""2022-04-15 08:06:07"",""SubjectUserSid"":""S-1-5-18"",""host"":""cybertees.net"",""SeverityValue"":2,""ExecutionProcessID"":4,""Category"":""Token Right Adjusted Events"",""SubjectLogonId"":""0x3e7"",""TargetUserName"":""WORKSTATION5$"",""SourceModuleName"":""eventlog"",""Message"":""A token right was adjusted.\r\n\r\nSubject:\r\n\tSecurity ID:\t\tS-1-5-18\r\n\tAccount Name:\t\tWORKSTATION5$\r\n\tAccount Domain:\t\tCybertees\r\n\tLogon ID:\t\t0x3E7\r\n\r\nTarget Account:\r\n\tSecurity ID:\t\tS-1-5-18\r\n\tAccount Name:\t\tWORKSTATION5$\r\n\tAccount Domain:\t\tCybertees\r\n\tLogon ID:\t\t0x3E7\r\n\r\nProcess Information:\r\n\tProcess ID:\t\t0xcac\r\n\tProcess Name:\t\tC:\\Windows\\System32\\svchost.exe\r\n\r\nEnabled Privileges:\r\n\t\t\tSeAssignPrimaryTokenPrivilege\r\n\t\t\tSeIncreaseQuotaPrivilege\r\n\t\t\tSeSecurityPrivilege\r\n\t\t\tSeTakeOwnershipPrivilege\r\n\t\t\tSeLoadDriverPrivilege\r\n\t\t\tSeBackupPrivilege\r\n\t\t\tSeRestorePrivilege\r\n\t\t\tSeShutdownPrivilege\r\n\r\nDisabled Privileges:\r\n\t\t\t-"",""port"":60427,""TargetUserSid"":""S-1-5-18"",""timestamp"":""2022-04-15T12:06:10.360Z"",""ThreadID"":5692,""SubjectUserName"":""WORKSTATION5$"",""Severity"":""INFO"",""ProcessName"":""C:\\Windows\\System32\\svchost.exe"",""DisabledPrivilegeList"":""-"",""EventType"":""AUDIT_SUCCESS"",""Channel"":""Security"",""TargetLogonId"":""0x3e7"",""Opcode"":""Info"",""EnabledPrivilegeList"":""SeAssignPrimaryTokenPrivilege\r\n\t\t\tSeIncreaseQuotaPrivilege\r\n\t\t\tSeSecurityPrivilege\r\n\t\t\tSeTakeOwnershipPrivilege\r\n\t\t\tSeLoadDriverPrivilege\r\n\t\t\tSeBackupPrivilege\r\n\t\t\tSeRestorePrivilege\r\n\t\t\tSeShutdownPrivilege"",""EventReceivedTime"":""2022-04-15 08:06:10"",""@version"":""1"",""Task"":13317,""SubjectDomainName"":""Cybertees"",""SourceModuleType"":""im_msvistalog"",""TargetDomainName"":""Cybertees"",""Hostname"":""James.browne"",""Keywords"":-9214364837600034816,""Version"":0,""ProcessId"":""0xcac""}",2022-04-15T08:06:07.000+0000,8,15,6,april,7,friday,2022,local,,AUDIT_SUCCESS,cybertees.net,cyber-host,windowslogs,1,60427,"{"""":[""""],"""":,"""":,"""":""{----}"","""":""---"","""":,"""":""--_:",Event_logs.json,_json,ip-10-10-40-195,,splunk,,2022-04-15T12:06:10.360Z,
1,,,,,,,,,,,Token Right Adjusted Events,Security,,,,,,,,,,,,,,,,,-,,,,"SeAssignPrimaryTokenPrivilege
			SeIncreaseQuotaPrivilege
			SeSecurityPrivilege
			SeTakeOwnershipPrivilege
			SeLoadDriverPrivilege
			SeBackupPrivilege
			SeRestorePrivilege
			SeShutdownPrivilege",,4703,,2022-04-15 8:06:10,2022-04-15 8:06:07,,4,,,,,,,James.browne,,,,,,,,,,-9214364837600034816,,,,,,,,,"A token right was adjusted.

Subject:
	Security ID:		S-1-5-18
	Account Name:		WORKSTATION5$
	Account Domain:		Cybertees
	Logon ID:		0x3E7

Target Account:
	Security ID:		S-1-5-18
	Account Name:		WORKSTATION5$
	Account Domain:		Cybertees
	Logon ID:		0x3E7

Process Information:
	Process ID:		0xcac
	Process Name:		C:\Windows\System32\svchost.exe

Enabled Privileges:
			SeAssignPrimaryTokenPrivilege
			SeIncreaseQuotaPrivilege
			SeSecurityPrivilege
			SeTakeOwnershipPrivilege
			SeLoadDriverPrivilege
			SeBackupPrivilege
			SeRestorePrivilege
			SeShutdownPrivilege

Disabled Privileges:
			-",,,,,,,,Info,0,,,,,,,,,,,0xcac,C:\Windows\System32\svchost.exe,,,{54849625-5478-4994-A5BA-3E3B0328C30D},,,,73704,,,,,,,,,INFO,2,,,,,,,,,,,,eventlog,im_msvistalog,Microsoft-Windows-Security-Auditing,,,,,,,Cybertees,0x3e7,WORKSTATION5$,S-1-5-18,Cybertees,,,,,0x3e7,,,,,,WORKSTATION5$,S-1-5-18,13317,,,,2916,,,,,,,0,,,"{""tags"":[""splunk""],""EventID"":4703,""RecordNumber"":73704,""ProviderGuid"":""{54849625-5478-4994-A5BA-3E3B0328C30D}"",""SourceName"":""Microsoft-Windows-Security-Auditing"",""OpcodeValue"":0,""EventTime"":""2022-04-15 08:06:07"",""SubjectUserSid"":""S-1-5-18"",""host"":""cybertees.net"",""SeverityValue"":2,""ExecutionProcessID"":4,""Category"":""Token Right Adjusted Events"",""SubjectLogonId"":""0x3e7"",""TargetUserName"":""WORKSTATION5$"",""SourceModuleName"":""eventlog"",""Message"":""A token right was adjusted.\r\n\r\nSubject:\r\n\tSecurity ID:\t\tS-1-5-18\r\n\tAccount Name:\t\tWORKSTATION5$\r\n\tAccount Domain:\t\tCybertees\r\n\tLogon ID:\t\t0x3E7\r\n\r\nTarget Account:\r\n\tSecurity ID:\t\tS-1-5-18\r\n\tAccount Name:\t\tWORKSTATION5$\r\n\tAccount Domain:\t\tCybertees\r\n\tLogon ID:\t\t0x3E7\r\n\r\nProcess Information:\r\n\tProcess ID:\t\t0xcac\r\n\tProcess Name:\t\tC:\\Windows\\System32\\svchost.exe\r\n\r\nEnabled Privileges:\r\n\t\t\tSeAssignPrimaryTokenPrivilege\r\n\t\t\tSeIncreaseQuotaPrivilege\r\n\t\t\tSeSecurityPrivilege\r\n\t\t\tSeTakeOwnershipPrivilege\r\n\t\t\tSeLoadDriverPrivilege\r\n\t\t\tSeBackupPrivilege\r\n\t\t\tSeRestorePrivilege\r\n\t\t\tSeShutdownPrivilege\r\n\r\nDisabled Privileges:\r\n\t\t\t-"",""port"":60427,""TargetUserSid"":""S-1-5-18"",""timestamp"":""2022-04-15T12:06:10.360Z"",""ThreadID"":2916,""SubjectUserName"":""WORKSTATION5$"",""Severity"":""INFO"",""ProcessName"":""C:\\Windows\\System32\\svchost.exe"",""DisabledPrivilegeList"":""-"",""EventType"":""AUDIT_SUCCESS"",""Channel"":""Security"",""TargetLogonId"":""0x3e7"",""Opcode"":""Info"",""EnabledPrivilegeList"":""SeAssignPrimaryTokenPrivilege\r\n\t\t\tSeIncreaseQuotaPrivilege\r\n\t\t\tSeSecurityPrivilege\r\n\t\t\tSeTakeOwnershipPrivilege\r\n\t\t\tSeLoadDriverPrivilege\r\n\t\t\tSeBackupPrivilege\r\n\t\t\tSeRestorePrivilege\r\n\t\t\tSeShutdownPrivilege"",""EventReceivedTime"":""2022-04-15 08:06:10"",""@version"":""1"",""Task"":13317,""SubjectDomainName"":""Cybertees"",""SourceModuleType"":""im_msvistalog"",""TargetDomainName"":""Cybertees"",""Hostname"":""James.browne"",""Keywords"":-9214364837600034816,""Version"":0,""ProcessId"":""0xcac""}",2022-04-15T08:06:07.000+0000,8,15,6,april,7,friday,2022,local,,AUDIT_SUCCESS,cybertees.net,cyber-host,windowslogs,1,60427,"{"""":[""""],"""":,"""":,"""":""{----}"","""":""---"","""":,"""":""--_:",Event_logs.json,_json,ip-10-10-40-195,,splunk,,2022-04-15T12:06:10.360Z,
1,,,,,,,,,,,Registry,Security,,,,,,,,,,,,,,,,,,,,,,,4658,,2022-04-15 8:06:10,2022-04-15 8:06:07,,4,,,,,0x94,,James.browne,,,,,,,,,,-9214364837600034816,,,,,,,,,"The handle to an object was closed.

Subject :
	Security ID:		S-1-5-18
	Account Name:		WORKSTATION5$
	Account Domain:		Cybertees
	Logon ID:		0x3E7

Object:
	Object Server:		Security
	Handle ID:		0x94

Process Information:
	Process ID:		0x1460
	Process Name:		C:\Windows\System32\svchost.exe",,,,,Security,,,Info,0,,,,,,,,,,,0x1460,C:\Windows\System32\svchost.exe,,,{54849625-5478-4994-A5BA-3E3B0328C30D},,,,73703,,,,,,,,,INFO,2,,,,,,,,,,,,eventlog,im_msvistalog,Microsoft-Windows-Security-Auditing,,,,,,,Cybertees,0x3e7,WORKSTATION5$,S-1-5-18,,,,,,,,,,,,,,12801,,,,1020,,,,,,,0,,,"{""tags"":[""splunk""],""EventID"":4658,""RecordNumber"":73703,""ProviderGuid"":""{54849625-5478-4994-A5BA-3E3B0328C30D}"",""SourceName"":""Microsoft-Windows-Security-Auditing"",""OpcodeValue"":0,""EventTime"":""2022-04-15 08:06:07"",""SubjectUserSid"":""S-1-5-18"",""host"":""cybertees.net"",""SeverityValue"":2,""ExecutionProcessID"":4,""Category"":""Registry"",""SubjectLogonId"":""0x3e7"",""SourceModuleName"":""eventlog"",""Message"":""The handle to an object was closed.\r\n\r\nSubject :\r\n\tSecurity ID:\t\tS-1-5-18\r\n\tAccount Name:\t\tWORKSTATION5$\r\n\tAccount Domain:\t\tCybertees\r\n\tLogon ID:\t\t0x3E7\r\n\r\nObject:\r\n\tObject Server:\t\tSecurity\r\n\tHandle ID:\t\t0x94\r\n\r\nProcess Information:\r\n\tProcess ID:\t\t0x1460\r\n\tProcess Name:\t\tC:\\Windows\\System32\\svchost.exe"",""port"":60427,""timestamp"":""2022-04-15T12:06:10.360Z"",""ThreadID"":1020,""SubjectUserName"":""WORKSTATION5$"",""Severity"":""INFO"",""ObjectServer"":""Security"",""ProcessName"":""C:\\Windows\\System32\\svchost.exe"",""EventType"":""AUDIT_SUCCESS"",""Channel"":""Security"",""Opcode"":""Info"",""EventReceivedTime"":""2022-04-15 08:06:10"",""@version"":""1"",""Task"":12801,""SubjectDomainName"":""Cybertees"",""HandleId"":""0x94"",""SourceModuleType"":""im_msvistalog"",""Hostname"":""James.browne"",""Keywords"":-9214364837600034816,""Version"":0,""ProcessId"":""0x1460""}",2022-04-15T08:06:07.000+0000,8,15,6,april,7,friday,2022,local,,AUDIT_SUCCESS,cybertees.net,cyber-host,windowslogs,1,60427,"{"""":[""""],"""":,"""":,"""":""{----}"","""":""---"","""":,"""":""--_:",Event_logs.json,_json,ip-10-10-40-195,,splunk,,2022-04-15T12:06:10.360Z,
1,"%%4432
				",0x1,,,,,,,,,Registry,Security,,,,,,,,,,,,,,,,,,,,,,,4663,,2022-04-15 8:06:10,2022-04-15 8:06:07,,4,,,,,0x94,,James.browne,,,,,,,,,,-9214364837600034816,,,,,,,,,"An attempt was made to access an object.

Subject:
	Security ID:		S-1-5-18
	Account Name:		WORKSTATION5$
	Account Domain:		Cybertees
	Logon ID:		0x3E7

Object:
	Object Server:		Security
	Object Type:		Key
	Object Name:		\REGISTRY\MACHINE\SYSTEM\ControlSet001\Control\Lsa
	Handle ID:		0x94
	Resource Attributes:	-

Process Information:
	Process ID:		0x1460
	Process Name:		C:\Windows\System32\svchost.exe

Access Request Information:
	Accesses:		Query key value
				
	Access Mask:		0x1",,,,\REGISTRY\MACHINE\SYSTEM\ControlSet001\Control\Lsa,Security,Key,,Info,0,,,,,,,,,,,0x1460,C:\Windows\System32\svchost.exe,,,{54849625-5478-4994-A5BA-3E3B0328C30D},,,,73702,,,,-,,,,,INFO,2,,,,,,,,,,,,eventlog,im_msvistalog,Microsoft-Windows-Security-Auditing,,,,,,,Cybertees,0x3e7,WORKSTATION5$,S-1-5-18,,,,,,,,,,,,,,12801,,,,1020,,,,,,,1,,,"{""tags"":[""splunk""],""EventID"":4663,""RecordNumber"":73702,""ProviderGuid"":""{54849625-5478-4994-A5BA-3E3B0328C30D}"",""SourceName"":""Microsoft-Windows-Security-Auditing"",""OpcodeValue"":0,""EventTime"":""2022-04-15 08:06:07"",""SubjectUserSid"":""S-1-5-18"",""host"":""cybertees.net"",""SeverityValue"":2,""ExecutionProcessID"":4,""Category"":""Registry"",""SubjectLogonId"":""0x3e7"",""AccessList"":""%%4432\r\n\t\t\t\t"",""SourceModuleName"":""eventlog"",""Message"":""An attempt was made to access an object.\r\n\r\nSubject:\r\n\tSecurity ID:\t\tS-1-5-18\r\n\tAccount Name:\t\tWORKSTATION5$\r\n\tAccount Domain:\t\tCybertees\r\n\tLogon ID:\t\t0x3E7\r\n\r\nObject:\r\n\tObject Server:\t\tSecurity\r\n\tObject Type:\t\tKey\r\n\tObject Name:\t\t\\REGISTRY\\MACHINE\\SYSTEM\\ControlSet001\\Control\\Lsa\r\n\tHandle ID:\t\t0x94\r\n\tResource Attributes:\t-\r\n\r\nProcess Information:\r\n\tProcess ID:\t\t0x1460\r\n\tProcess Name:\t\tC:\\Windows\\System32\\svchost.exe\r\n\r\nAccess Request Information:\r\n\tAccesses:\t\tQuery key value\r\n\t\t\t\t\r\n\tAccess Mask:\t\t0x1"",""port"":60427,""timestamp"":""2022-04-15T12:06:10.359Z"",""ThreadID"":1020,""SubjectUserName"":""WORKSTATION5$"",""Severity"":""INFO"",""ObjectServer"":""Security"",""ProcessName"":""C:\\Windows\\System32\\svchost.exe"",""ResourceAttributes"":""-"",""EventType"":""AUDIT_SUCCESS"",""Channel"":""Security"",""ObjectType"":""Key"",""Opcode"":""Info"",""ObjectName"":""\\REGISTRY\\MACHINE\\SYSTEM\\ControlSet001\\Control\\Lsa"",""EventReceivedTime"":""2022-04-15 08:06:10"",""@version"":""1"",""Task"":12801,""SubjectDomainName"":""Cybertees"",""HandleId"":""0x94"",""AccessMask"":""0x1"",""SourceModuleType"":""im_msvistalog"",""Hostname"":""James.browne"",""Keywords"":-9214364837600034816,""Version"":1,""ProcessId"":""0x1460""}",2022-04-15T08:06:07.000+0000,8,15,6,april,7,friday,2022,local,,AUDIT_SUCCESS,cybertees.net,cyber-host,windowslogs,1,60427,"{"""":[""""],"""":,"""":,"""":""{----}"","""":""---"","""":,"""":""--_:",Event_logs.json,_json,ip-10-10-40-195,,splunk,,2022-04-15T12:06:10.359Z,
1,"%%4432
				",0x1,-,,,,,,,,Registry,Security,,,,,,,,,,,,,,,,,,,,,,,4656,,2022-04-15 8:06:10,2022-04-15 8:06:07,,4,,,,,0x94,,James.browne,,,,,,,,,,-9214364837600034816,,,,,,,,,"A handle to an object was requested.

Subject:
	Security ID:		S-1-5-18
	Account Name:		WORKSTATION5$
	Account Domain:		Cybertees
	Logon ID:		0x3E7

Object:
	Object Server:		Security
	Object Type:		Key
	Object Name:		\REGISTRY\MACHINE\SYSTEM\ControlSet001\Control\Lsa
	Handle ID:		0x94
	Resource Attributes:	-

Process Information:
	Process ID:		0x1460
	Process Name:		C:\Windows\System32\svchost.exe

Access Request Information:
	Transaction ID:		{00000000-0000-0000-0000-000000000000}
	Accesses:		Query key value
				
	Access Reasons:		-
	Access Mask:		0x1
	Privileges Used for Access Check:	-
	Restricted SID Count:	0",,,,\REGISTRY\MACHINE\SYSTEM\ControlSet001\Control\Lsa,Security,Key,,Info,0,,,,,,,,,-,,0x1460,C:\Windows\System32\svchost.exe,,,{54849625-5478-4994-A5BA-3E3B0328C30D},,,,73701,,,,-,,0,,,INFO,2,,,,,,,,,,,,eventlog,im_msvistalog,Microsoft-Windows-Security-Auditing,,,,,,,Cybertees,0x3e7,WORKSTATION5$,S-1-5-18,,,,,,,,,,,,,,12801,,,,1020,,{00000000-0000-0000-0000-000000000000},,,,,1,,,"{""EventID"":4656,""RecordNumber"":73701,""ProviderGuid"":""{54849625-5478-4994-A5BA-3E3B0328C30D}"",""SourceName"":""Microsoft-Windows-Security-Auditing"",""OpcodeValue"":0,""AccessList"":""%%4432\r\n\t\t\t\t"",""AccessReason"":""-"",""SourceModuleName"":""eventlog"",""ExecutionProcessID"":4,""Category"":""Registry"",""port"":60427,""ThreadID"":1020,""SubjectUserName"":""WORKSTATION5$"",""Severity"":""INFO"",""ObjectServer"":""Security"",""ProcessName"":""C:\\Windows\\System32\\svchost.exe"",""ResourceAttributes"":""-"",""EventType"":""AUDIT_SUCCESS"",""Channel"":""Security"",""ObjectType"":""Key"",""Opcode"":""Info"",""ObjectName"":""\\REGISTRY\\MACHINE\\SYSTEM\\ControlSet001\\Control\\Lsa"",""EventReceivedTime"":""2022-04-15 08:06:10"",""Task"":12801,""SubjectDomainName"":""Cybertees"",""HandleId"":""0x94"",""Keywords"":-9214364837600034816,""Version"":1,""ProcessId"":""0x1460"",""tags"":[""splunk""],""SubjectUserSid"":""S-1-5-18"",""EventTime"":""2022-04-15 08:06:07"",""host"":""cybertees.net"",""SeverityValue"":2,""SubjectLogonId"":""0x3e7"",""Message"":""A handle to an object was requested.\r\n\r\nSubject:\r\n\tSecurity ID:\t\tS-1-5-18\r\n\tAccount Name:\t\tWORKSTATION5$\r\n\tAccount Domain:\t\tCybertees\r\n\tLogon ID:\t\t0x3E7\r\n\r\nObject:\r\n\tObject Server:\t\tSecurity\r\n\tObject Type:\t\tKey\r\n\tObject Name:\t\t\\REGISTRY\\MACHINE\\SYSTEM\\ControlSet001\\Control\\Lsa\r\n\tHandle ID:\t\t0x94\r\n\tResource Attributes:\t-\r\n\r\nProcess Information:\r\n\tProcess ID:\t\t0x1460\r\n\tProcess Name:\t\tC:\\Windows\\System32\\svchost.exe\r\n\r\nAccess Request Information:\r\n\tTransaction ID:\t\t{00000000-0000-0000-0000-000000000000}\r\n\tAccesses:\t\tQuery key value\r\n\t\t\t\t\r\n\tAccess Reasons:\t\t-\r\n\tAccess Mask:\t\t0x1\r\n\tPrivileges Used for Access Check:\t-\r\n\tRestricted SID Count:\t0"",""timestamp"":""2022-04-15T12:06:10.359Z"",""@version"":""1"",""AccessMask"":""0x1"",""SourceModuleType"":""im_msvistalog"",""RestrictedSidCount"":""0"",""TransactionId"":""{00000000-0000-0000-0000-000000000000}"",""Hostname"":""James.browne"",""PrivilegeList"":""-""}",2022-04-15T08:06:07.000+0000,8,15,6,april,7,friday,2022,local,,AUDIT_SUCCESS,cybertees.net,cyber-host,windowslogs,1,60427,"{"""":,"""":,"""":""{----}"","""":""---"","""":,"""":""%%\\\\\\"",""""",Event_logs.json,_json,ip-10-10-40-195,,splunk,,2022-04-15T12:06:10.359Z,
1,,,,,,,,,,,Registry,Security,,,,,,,,,,,,,,,,,,,,,,,4658,,2022-04-15 8:06:10,2022-04-15 8:06:07,,4,,,,,0x3ce0,,James.browne,,,,,,,,,,-9214364837600034816,,,,,,,,,"The handle to an object was closed.

Subject :
	Security ID:		S-1-5-18
	Account Name:		WORKSTATION5$
	Account Domain:		Cybertees
	Logon ID:		0x3E7

Object:
	Object Server:		Security
	Handle ID:		0x3ce0

Process Information:
	Process ID:		0x1460
	Process Name:		C:\Windows\System32\svchost.exe",,,,,Security,,,Info,0,,,,,,,,,,,0x1460,C:\Windows\System32\svchost.exe,,,{54849625-5478-4994-A5BA-3E3B0328C30D},,,,73700,,,,,,,,,INFO,2,,,,,,,,,,,,eventlog,im_msvistalog,Microsoft-Windows-Security-Auditing,,,,,,,Cybertees,0x3e7,WORKSTATION5$,S-1-5-18,,,,,,,,,,,,,,12801,,,,1020,,,,,,,0,,,"{""tags"":[""splunk""],""EventID"":4658,""RecordNumber"":73700,""ProviderGuid"":""{54849625-5478-4994-A5BA-3E3B0328C30D}"",""SourceName"":""Microsoft-Windows-Security-Auditing"",""OpcodeValue"":0,""EventTime"":""2022-04-15 08:06:07"",""SubjectUserSid"":""S-1-5-18"",""host"":""cybertees.net"",""SeverityValue"":2,""ExecutionProcessID"":4,""Category"":""Registry"",""SubjectLogonId"":""0x3e7"",""SourceModuleName"":""eventlog"",""Message"":""The handle to an object was closed.\r\n\r\nSubject :\r\n\tSecurity ID:\t\tS-1-5-18\r\n\tAccount Name:\t\tWORKSTATION5$\r\n\tAccount Domain:\t\tCybertees\r\n\tLogon ID:\t\t0x3E7\r\n\r\nObject:\r\n\tObject Server:\t\tSecurity\r\n\tHandle ID:\t\t0x3ce0\r\n\r\nProcess Information:\r\n\tProcess ID:\t\t0x1460\r\n\tProcess Name:\t\tC:\\Windows\\System32\\svchost.exe"",""port"":60427,""timestamp"":""2022-04-15T12:06:10.359Z"",""ThreadID"":1020,""SubjectUserName"":""WORKSTATION5$"",""Severity"":""INFO"",""ObjectServer"":""Security"",""ProcessName"":""C:\\Windows\\System32\\svchost.exe"",""EventType"":""AUDIT_SUCCESS"",""Channel"":""Security"",""Opcode"":""Info"",""EventReceivedTime"":""2022-04-15 08:06:10"",""@version"":""1"",""Task"":12801,""SubjectDomainName"":""Cybertees"",""HandleId"":""0x3ce0"",""SourceModuleType"":""im_msvistalog"",""Hostname"":""James.browne"",""Keywords"":-9214364837600034816,""Version"":0,""ProcessId"":""0x1460""}",2022-04-15T08:06:07.000+0000,8,15,6,april,7,friday,2022,local,,AUDIT_SUCCESS,cybertees.net,cyber-host,windowslogs,1,60427,"{"""":[""""],"""":,"""":,"""":""{----}"","""":""---"","""":,"""":""--_:",Event_logs.json,_json,ip-10-10-40-195,,splunk,,2022-04-15T12:06:10.359Z,
1,,,,,,,,,,,Handle Manipulation,Security,,,,,,,,,,,,,,,,,,,,,,,4690,,2022-04-15 8:06:10,2022-04-15 8:06:07,,4,,,,,,,James.browne,,,,,,,,,,-9214364837600034816,,,,,,,,,"An attempt was made to duplicate a handle to an object.

Subject:
	Security ID:		S-1-5-18
	Account Name:		WORKSTATION5$
	Account Domain:		Cybertees
	Logon ID:		0x3E7

Source Handle Information:
	Source Handle ID:	0x94
	Source Process ID:	0x1460

New Handle Information:
	Target Handle ID:	0x3ce0
	Target Process ID:	0x4",,,,,,,,Info,0,,,,,,,,,,,0x1460,,,,{54849625-5478-4994-A5BA-3E3B0328C30D},,,,73699,,,,,,,,,INFO,2,,,,,,,0x94,,,,,eventlog,im_msvistalog,Microsoft-Windows-Security-Auditing,,,,0x1460,,,Cybertees,0x3e7,WORKSTATION5$,S-1-5-18,,,0x3ce0,,,,,,,,0x4,,,12807,,,,1020,,,,,,,0,,,"{""tags"":[""splunk""],""EventID"":4690,""RecordNumber"":73699,""ProviderGuid"":""{54849625-5478-4994-A5BA-3E3B0328C30D}"",""SourceName"":""Microsoft-Windows-Security-Auditing"",""OpcodeValue"":0,""EventTime"":""2022-04-15 08:06:07"",""SubjectUserSid"":""S-1-5-18"",""host"":""cybertees.net"",""SeverityValue"":2,""ExecutionProcessID"":4,""Category"":""Handle Manipulation"",""SubjectLogonId"":""0x3e7"",""SourceProcessId"":""0x1460"",""SourceModuleName"":""eventlog"",""SourceHandleId"":""0x94"",""Message"":""An attempt was made to duplicate a handle to an object.\r\n\r\nSubject:\r\n\tSecurity ID:\t\tS-1-5-18\r\n\tAccount Name:\t\tWORKSTATION5$\r\n\tAccount Domain:\t\tCybertees\r\n\tLogon ID:\t\t0x3E7\r\n\r\nSource Handle Information:\r\n\tSource Handle ID:\t0x94\r\n\tSource Process ID:\t0x1460\r\n\r\nNew Handle Information:\r\n\tTarget Handle ID:\t0x3ce0\r\n\tTarget Process ID:\t0x4"",""port"":60427,""timestamp"":""2022-04-15T12:06:10.358Z"",""ThreadID"":1020,""TargetProcessId"":""0x4"",""SubjectUserName"":""WORKSTATION5$"",""Severity"":""INFO"",""EventType"":""AUDIT_SUCCESS"",""Channel"":""Security"",""Opcode"":""Info"",""EventReceivedTime"":""2022-04-15 08:06:10"",""@version"":""1"",""Task"":12807,""SubjectDomainName"":""Cybertees"",""SourceModuleType"":""im_msvistalog"",""TargetHandleId"":""0x3ce0"",""Hostname"":""James.browne"",""Keywords"":-9214364837600034816,""Version"":0,""ProcessId"":""0x1460""}",2022-04-15T08:06:07.000+0000,8,15,6,april,7,friday,2022,local,,AUDIT_SUCCESS,cybertees.net,cyber-host,windowslogs,1,60427,"{"""":[""""],"""":,"""":,"""":""{----}"","""":""---"","""":,"""":""--_:",Event_logs.json,_json,ip-10-10-40-195,,splunk,,2022-04-15T12:06:10.358Z,
1,,,,,,,,,,,Token Right Adjusted Events,Security,,,,,,,,,,,,,,,,,-,,,,"SeAssignPrimaryTokenPrivilege
			SeIncreaseQuotaPrivilege
			SeSecurityPrivilege
			SeTakeOwnershipPrivilege
			SeLoadDriverPrivilege
			SeSystemtimePrivilege
			SeBackupPrivilege
			SeRestorePrivilege
			SeShutdownPrivilege
			SeSystemEnvironmentPrivilege
			SeUndockPrivilege
			SeManageVolumePrivilege",,4703,,2022-04-15 8:06:10,2022-04-15 8:06:07,,4,,,,,,,James.browne,,,,,,,,,,-9214364837600034816,,,,,,,,,"A token right was adjusted.

Subject:
	Security ID:		S-1-5-18
	Account Name:		WORKSTATION5$
	Account Domain:		Cybertees
	Logon ID:		0x3E7

Target Account:
	Security ID:		S-1-5-18
	Account Name:		WORKSTATION5$
	Account Domain:		Cybertees
	Logon ID:		0x3E7

Process Information:
	Process ID:		0xcac
	Process Name:		C:\Windows\System32\svchost.exe

Enabled Privileges:
			SeAssignPrimaryTokenPrivilege
			SeIncreaseQuotaPrivilege
			SeSecurityPrivilege
			SeTakeOwnershipPrivilege
			SeLoadDriverPrivilege
			SeSystemtimePrivilege
			SeBackupPrivilege
			SeRestorePrivilege
			SeShutdownPrivilege
			SeSystemEnvironmentPrivilege
			SeUndockPrivilege
			SeManageVolumePrivilege

Disabled Privileges:
			-",,,,,,,,Info,0,,,,,,,,,,,0xcac,C:\Windows\System32\svchost.exe,,,{54849625-5478-4994-A5BA-3E3B0328C30D},,,,73698,,,,,,,,,INFO,2,,,,,,,,,,,,eventlog,im_msvistalog,Microsoft-Windows-Security-Auditing,,,,,,,Cybertees,0x3e7,WORKSTATION5$,S-1-5-18,Cybertees,,,,,0x3e7,,,,,,WORKSTATION5$,S-1-5-18,13317,,,,1512,,,,,,,0,,,"{""tags"":[""splunk""],""EventID"":4703,""RecordNumber"":73698,""ProviderGuid"":""{54849625-5478-4994-A5BA-3E3B0328C30D}"",""SourceName"":""Microsoft-Windows-Security-Auditing"",""OpcodeValue"":0,""EventTime"":""2022-04-15 08:06:07"",""SubjectUserSid"":""S-1-5-18"",""host"":""cybertees.net"",""SeverityValue"":2,""ExecutionProcessID"":4,""Category"":""Token Right Adjusted Events"",""SubjectLogonId"":""0x3e7"",""TargetUserName"":""WORKSTATION5$"",""SourceModuleName"":""eventlog"",""Message"":""A token right was adjusted.\r\n\r\nSubject:\r\n\tSecurity ID:\t\tS-1-5-18\r\n\tAccount Name:\t\tWORKSTATION5$\r\n\tAccount Domain:\t\tCybertees\r\n\tLogon ID:\t\t0x3E7\r\n\r\nTarget Account:\r\n\tSecurity ID:\t\tS-1-5-18\r\n\tAccount Name:\t\tWORKSTATION5$\r\n\tAccount Domain:\t\tCybertees\r\n\tLogon ID:\t\t0x3E7\r\n\r\nProcess Information:\r\n\tProcess ID:\t\t0xcac\r\n\tProcess Name:\t\tC:\\Windows\\System32\\svchost.exe\r\n\r\nEnabled Privileges:\r\n\t\t\tSeAssignPrimaryTokenPrivilege\r\n\t\t\tSeIncreaseQuotaPrivilege\r\n\t\t\tSeSecurityPrivilege\r\n\t\t\tSeTakeOwnershipPrivilege\r\n\t\t\tSeLoadDriverPrivilege\r\n\t\t\tSeSystemtimePrivilege\r\n\t\t\tSeBackupPrivilege\r\n\t\t\tSeRestorePrivilege\r\n\t\t\tSeShutdownPrivilege\r\n\t\t\tSeSystemEnvironmentPrivilege\r\n\t\t\tSeUndockPrivilege\r\n\t\t\tSeManageVolumePrivilege\r\n\r\nDisabled Privileges:\r\n\t\t\t-"",""port"":60427,""TargetUserSid"":""S-1-5-18"",""timestamp"":""2022-04-15T12:06:10.358Z"",""ThreadID"":1512,""SubjectUserName"":""WORKSTATION5$"",""Severity"":""INFO"",""ProcessName"":""C:\\Windows\\System32\\svchost.exe"",""DisabledPrivilegeList"":""-"",""EventType"":""AUDIT_SUCCESS"",""Channel"":""Security"",""TargetLogonId"":""0x3e7"",""Opcode"":""Info"",""EnabledPrivilegeList"":""SeAssignPrimaryTokenPrivilege\r\n\t\t\tSeIncreaseQuotaPrivilege\r\n\t\t\tSeSecurityPrivilege\r\n\t\t\tSeTakeOwnershipPrivilege\r\n\t\t\tSeLoadDriverPrivilege\r\n\t\t\tSeSystemtimePrivilege\r\n\t\t\tSeBackupPrivilege\r\n\t\t\tSeRestorePrivilege\r\n\t\t\tSeShutdownPrivilege\r\n\t\t\tSeSystemEnvironmentPrivilege\r\n\t\t\tSeUndockPrivilege\r\n\t\t\tSeManageVolumePrivilege"",""EventReceivedTime"":""2022-04-15 08:06:10"",""@version"":""1"",""Task"":13317,""SubjectDomainName"":""Cybertees"",""SourceModuleType"":""im_msvistalog"",""TargetDomainName"":""Cybertees"",""Hostname"":""James.browne"",""Keywords"":-9214364837600034816,""Version"":0,""ProcessId"":""0xcac""}",2022-04-15T08:06:07.000+0000,8,15,6,april,7,friday,2022,local,,AUDIT_SUCCESS,cybertees.net,cyber-host,windowslogs,1,60427,"{"""":[""""],"""":,"""":,"""":""{----}"","""":""---"","""":,"""":""--_:",Event_logs.json,_json,ip-10-10-40-195,,splunk,,2022-04-15T12:06:10.358Z,
1,,,,,,,,,,,Token Right Adjusted Events,Security,,,,,,,,,,,,,,,,,-,,,,"SeAssignPrimaryTokenPrivilege
			SeIncreaseQuotaPrivilege
			SeSecurityPrivilege
			SeTakeOwnershipPrivilege
			SeLoadDriverPrivilege
			SeBackupPrivilege
			SeRestorePrivilege
			SeShutdownPrivilege",,4703,,2022-04-15 8:06:10,2022-04-15 8:06:07,,4,,,,,,,James.browne,,,,,,,,,,-9214364837600034816,,,,,,,,,"A token right was adjusted.

Subject:
	Security ID:		S-1-5-18
	Account Name:		WORKSTATION5$
	Account Domain:		Cybertees
	Logon ID:		0x3E7

Target Account:
	Security ID:		S-1-5-18
	Account Name:		WORKSTATION5$
	Account Domain:		Cybertees
	Logon ID:		0x3E7

Process Information:
	Process ID:		0xcac
	Process Name:		C:\Windows\System32\svchost.exe

Enabled Privileges:
			SeAssignPrimaryTokenPrivilege
			SeIncreaseQuotaPrivilege
			SeSecurityPrivilege
			SeTakeOwnershipPrivilege
			SeLoadDriverPrivilege
			SeBackupPrivilege
			SeRestorePrivilege
			SeShutdownPrivilege

Disabled Privileges:
			-",,,,,,,,Info,0,,,,,,,,,,,0xcac,C:\Windows\System32\svchost.exe,,,{54849625-5478-4994-A5BA-3E3B0328C30D},,,,73697,,,,,,,,,INFO,2,,,,,,,,,,,,eventlog,im_msvistalog,Microsoft-Windows-Security-Auditing,,,,,,,Cybertees,0x3e7,WORKSTATION5$,S-1-5-18,Cybertees,,,,,0x3e7,,,,,,WORKSTATION5$,S-1-5-18,13317,,,,1020,,,,,,,0,,,"{""tags"":[""splunk""],""EventID"":4703,""RecordNumber"":73697,""ProviderGuid"":""{54849625-5478-4994-A5BA-3E3B0328C30D}"",""SourceName"":""Microsoft-Windows-Security-Auditing"",""OpcodeValue"":0,""EventTime"":""2022-04-15 08:06:07"",""SubjectUserSid"":""S-1-5-18"",""host"":""cybertees.net"",""SeverityValue"":2,""ExecutionProcessID"":4,""Category"":""Token Right Adjusted Events"",""SubjectLogonId"":""0x3e7"",""TargetUserName"":""WORKSTATION5$"",""SourceModuleName"":""eventlog"",""Message"":""A token right was adjusted.\r\n\r\nSubject:\r\n\tSecurity ID:\t\tS-1-5-18\r\n\tAccount Name:\t\tWORKSTATION5$\r\n\tAccount Domain:\t\tCybertees\r\n\tLogon ID:\t\t0x3E7\r\n\r\nTarget Account:\r\n\tSecurity ID:\t\tS-1-5-18\r\n\tAccount Name:\t\tWORKSTATION5$\r\n\tAccount Domain:\t\tCybertees\r\n\tLogon ID:\t\t0x3E7\r\n\r\nProcess Information:\r\n\tProcess ID:\t\t0xcac\r\n\tProcess Name:\t\tC:\\Windows\\System32\\svchost.exe\r\n\r\nEnabled Privileges:\r\n\t\t\tSeAssignPrimaryTokenPrivilege\r\n\t\t\tSeIncreaseQuotaPrivilege\r\n\t\t\tSeSecurityPrivilege\r\n\t\t\tSeTakeOwnershipPrivilege\r\n\t\t\tSeLoadDriverPrivilege\r\n\t\t\tSeBackupPrivilege\r\n\t\t\tSeRestorePrivilege\r\n\t\t\tSeShutdownPrivilege\r\n\r\nDisabled Privileges:\r\n\t\t\t-"",""port"":60427,""TargetUserSid"":""S-1-5-18"",""timestamp"":""2022-04-15T12:06:10.358Z"",""ThreadID"":1020,""SubjectUserName"":""WORKSTATION5$"",""Severity"":""INFO"",""ProcessName"":""C:\\Windows\\System32\\svchost.exe"",""DisabledPrivilegeList"":""-"",""EventType"":""AUDIT_SUCCESS"",""Channel"":""Security"",""TargetLogonId"":""0x3e7"",""Opcode"":""Info"",""EnabledPrivilegeList"":""SeAssignPrimaryTokenPrivilege\r\n\t\t\tSeIncreaseQuotaPrivilege\r\n\t\t\tSeSecurityPrivilege\r\n\t\t\tSeTakeOwnershipPrivilege\r\n\t\t\tSeLoadDriverPrivilege\r\n\t\t\tSeBackupPrivilege\r\n\t\t\tSeRestorePrivilege\r\n\t\t\tSeShutdownPrivilege"",""EventReceivedTime"":""2022-04-15 08:06:10"",""@version"":""1"",""Task"":13317,""SubjectDomainName"":""Cybertees"",""SourceModuleType"":""im_msvistalog"",""TargetDomainName"":""Cybertees"",""Hostname"":""James.browne"",""Keywords"":-9214364837600034816,""Version"":0,""ProcessId"":""0xcac""}",2022-04-15T08:06:07.000+0000,8,15,6,april,7,friday,2022,local,,AUDIT_SUCCESS,cybertees.net,cyber-host,windowslogs,1,60427,"{"""":[""""],"""":,"""":,"""":""{----}"","""":""---"","""":,"""":""--_:",Event_logs.json,_json,ip-10-10-40-195,,splunk,,2022-04-15T12:06:10.358Z,
1,,,,,,,,,,,Token Right Adjusted Events,Security,,,,,,,,,,,,,,,,,-,,,,"SeAssignPrimaryTokenPrivilege
			SeIncreaseQuotaPrivilege
			SeSecurityPrivilege
			SeTakeOwnershipPrivilege
			SeLoadDriverPrivilege
			SeBackupPrivilege
			SeRestorePrivilege
			SeShutdownPrivilege",,4703,,2022-04-15 8:06:10,2022-04-15 8:06:07,,4,,,,,,,James.browne,,,,,,,,,,-9214364837600034816,,,,,,,,,"A token right was adjusted.

Subject:
	Security ID:		S-1-5-18
	Account Name:		WORKSTATION5$
	Account Domain:		Cybertees
	Logon ID:		0x3E7

Target Account:
	Security ID:		S-1-5-18
	Account Name:		WORKSTATION5$
	Account Domain:		Cybertees
	Logon ID:		0x3E7

Process Information:
	Process ID:		0xcac
	Process Name:		C:\Windows\System32\svchost.exe

Enabled Privileges:
			SeAssignPrimaryTokenPrivilege
			SeIncreaseQuotaPrivilege
			SeSecurityPrivilege
			SeTakeOwnershipPrivilege
			SeLoadDriverPrivilege
			SeBackupPrivilege
			SeRestorePrivilege
			SeShutdownPrivilege

Disabled Privileges:
			-",,,,,,,,Info,0,,,,,,,,,,,0xcac,C:\Windows\System32\svchost.exe,,,{54849625-5478-4994-A5BA-3E3B0328C30D},,,,73696,,,,,,,,,INFO,2,,,,,,,,,,,,eventlog,im_msvistalog,Microsoft-Windows-Security-Auditing,,,,,,,Cybertees,0x3e7,WORKSTATION5$,S-1-5-18,Cybertees,,,,,0x3e7,,,,,,WORKSTATION5$,S-1-5-18,13317,,,,1020,,,,,,,0,,,"{""tags"":[""splunk""],""EventID"":4703,""RecordNumber"":73696,""ProviderGuid"":""{54849625-5478-4994-A5BA-3E3B0328C30D}"",""SourceName"":""Microsoft-Windows-Security-Auditing"",""OpcodeValue"":0,""EventTime"":""2022-04-15 08:06:07"",""SubjectUserSid"":""S-1-5-18"",""host"":""cybertees.net"",""SeverityValue"":2,""ExecutionProcessID"":4,""Category"":""Token Right Adjusted Events"",""SubjectLogonId"":""0x3e7"",""TargetUserName"":""WORKSTATION5$"",""SourceModuleName"":""eventlog"",""Message"":""A token right was adjusted.\r\n\r\nSubject:\r\n\tSecurity ID:\t\tS-1-5-18\r\n\tAccount Name:\t\tWORKSTATION5$\r\n\tAccount Domain:\t\tCybertees\r\n\tLogon ID:\t\t0x3E7\r\n\r\nTarget Account:\r\n\tSecurity ID:\t\tS-1-5-18\r\n\tAccount Name:\t\tWORKSTATION5$\r\n\tAccount Domain:\t\tCybertees\r\n\tLogon ID:\t\t0x3E7\r\n\r\nProcess Information:\r\n\tProcess ID:\t\t0xcac\r\n\tProcess Name:\t\tC:\\Windows\\System32\\svchost.exe\r\n\r\nEnabled Privileges:\r\n\t\t\tSeAssignPrimaryTokenPrivilege\r\n\t\t\tSeIncreaseQuotaPrivilege\r\n\t\t\tSeSecurityPrivilege\r\n\t\t\tSeTakeOwnershipPrivilege\r\n\t\t\tSeLoadDriverPrivilege\r\n\t\t\tSeBackupPrivilege\r\n\t\t\tSeRestorePrivilege\r\n\t\t\tSeShutdownPrivilege\r\n\r\nDisabled Privileges:\r\n\t\t\t-"",""port"":60427,""TargetUserSid"":""S-1-5-18"",""timestamp"":""2022-04-15T12:06:10.357Z"",""ThreadID"":1020,""SubjectUserName"":""WORKSTATION5$"",""Severity"":""INFO"",""ProcessName"":""C:\\Windows\\System32\\svchost.exe"",""DisabledPrivilegeList"":""-"",""EventType"":""AUDIT_SUCCESS"",""Channel"":""Security"",""TargetLogonId"":""0x3e7"",""Opcode"":""Info"",""EnabledPrivilegeList"":""SeAssignPrimaryTokenPrivilege\r\n\t\t\tSeIncreaseQuotaPrivilege\r\n\t\t\tSeSecurityPrivilege\r\n\t\t\tSeTakeOwnershipPrivilege\r\n\t\t\tSeLoadDriverPrivilege\r\n\t\t\tSeBackupPrivilege\r\n\t\t\tSeRestorePrivilege\r\n\t\t\tSeShutdownPrivilege"",""EventReceivedTime"":""2022-04-15 08:06:10"",""@version"":""1"",""Task"":13317,""SubjectDomainName"":""Cybertees"",""SourceModuleType"":""im_msvistalog"",""TargetDomainName"":""Cybertees"",""Hostname"":""James.browne"",""Keywords"":-9214364837600034816,""Version"":0,""ProcessId"":""0xcac""}",2022-04-15T08:06:07.000+0000,8,15,6,april,7,friday,2022,local,,AUDIT_SUCCESS,cybertees.net,cyber-host,windowslogs,1,60427,"{"""":[""""],"""":,"""":,"""":""{----}"","""":""---"","""":,"""":""--_:",Event_logs.json,_json,ip-10-10-40-195,,splunk,,2022-04-15T12:06:10.357Z,
1,,,,,,,,,,,Registry,Security,,,,,,,,,,,,,,,,,,,,,,,4658,,2022-04-15 8:06:10,2022-04-15 8:06:07,,4,,,,,0x7c,,James.browne,,,,,,,,,,-9214364837600034816,,,,,,,,,"The handle to an object was closed.

Subject :
	Security ID:		S-1-5-18
	Account Name:		WORKSTATION5$
	Account Domain:		Cybertees
	Logon ID:		0x3E7

Object:
	Object Server:		Security
	Handle ID:		0x7c

Process Information:
	Process ID:		0x7bc
	Process Name:		C:\Windows\System32\svchost.exe",,,,,Security,,,Info,0,,,,,,,,,,,0x7bc,C:\Windows\System32\svchost.exe,,,{54849625-5478-4994-A5BA-3E3B0328C30D},,,,73695,,,,,,,,,INFO,2,,,,,,,,,,,,eventlog,im_msvistalog,Microsoft-Windows-Security-Auditing,,,,,,,Cybertees,0x3e7,WORKSTATION5$,S-1-5-18,,,,,,,,,,,,,,12801,,,,1512,,,,,,,0,,,"{""tags"":[""splunk""],""EventID"":4658,""RecordNumber"":73695,""ProviderGuid"":""{54849625-5478-4994-A5BA-3E3B0328C30D}"",""SourceName"":""Microsoft-Windows-Security-Auditing"",""OpcodeValue"":0,""EventTime"":""2022-04-15 08:06:07"",""SubjectUserSid"":""S-1-5-18"",""host"":""cybertees.net"",""SeverityValue"":2,""ExecutionProcessID"":4,""Category"":""Registry"",""SubjectLogonId"":""0x3e7"",""SourceModuleName"":""eventlog"",""Message"":""The handle to an object was closed.\r\n\r\nSubject :\r\n\tSecurity ID:\t\tS-1-5-18\r\n\tAccount Name:\t\tWORKSTATION5$\r\n\tAccount Domain:\t\tCybertees\r\n\tLogon ID:\t\t0x3E7\r\n\r\nObject:\r\n\tObject Server:\t\tSecurity\r\n\tHandle ID:\t\t0x7c\r\n\r\nProcess Information:\r\n\tProcess ID:\t\t0x7bc\r\n\tProcess Name:\t\tC:\\Windows\\System32\\svchost.exe"",""port"":60427,""timestamp"":""2022-04-15T12:06:10.357Z"",""ThreadID"":1512,""SubjectUserName"":""WORKSTATION5$"",""Severity"":""INFO"",""ObjectServer"":""Security"",""ProcessName"":""C:\\Windows\\System32\\svchost.exe"",""EventType"":""AUDIT_SUCCESS"",""Channel"":""Security"",""Opcode"":""Info"",""EventReceivedTime"":""2022-04-15 08:06:10"",""@version"":""1"",""Task"":12801,""SubjectDomainName"":""Cybertees"",""HandleId"":""0x7c"",""SourceModuleType"":""im_msvistalog"",""Hostname"":""James.browne"",""Keywords"":-9214364837600034816,""Version"":0,""ProcessId"":""0x7bc""}",2022-04-15T08:06:07.000+0000,8,15,6,april,7,friday,2022,local,,AUDIT_SUCCESS,cybertees.net,cyber-host,windowslogs,1,60427,"{"""":[""""],"""":,"""":,"""":""{----}"","""":""---"","""":,"""":""--_:",Event_logs.json,_json,ip-10-10-40-195,,splunk,,2022-04-15T12:06:10.357Z,
1,"%%4432
				",0x1,,,,,,,,,Registry,Security,,,,,,,,,,,,,,,,,,,,,,,4663,,2022-04-15 8:06:10,2022-04-15 8:06:07,,4,,,,,0x7c,,James.browne,,,,,,,,,,-9214364837600034816,,,,,,,,,"An attempt was made to access an object.

Subject:
	Security ID:		S-1-5-18
	Account Name:		WORKSTATION5$
	Account Domain:		Cybertees
	Logon ID:		0x3E7

Object:
	Object Server:		Security
	Object Type:		Key
	Object Name:		\REGISTRY\MACHINE\SYSTEM\ControlSet001\Control\Lsa
	Handle ID:		0x7c
	Resource Attributes:	-

Process Information:
	Process ID:		0x7bc
	Process Name:		C:\Windows\System32\svchost.exe

Access Request Information:
	Accesses:		Query key value
				
	Access Mask:		0x1",,,,\REGISTRY\MACHINE\SYSTEM\ControlSet001\Control\Lsa,Security,Key,,Info,0,,,,,,,,,,,0x7bc,C:\Windows\System32\svchost.exe,,,{54849625-5478-4994-A5BA-3E3B0328C30D},,,,73694,,,,-,,,,,INFO,2,,,,,,,,,,,,eventlog,im_msvistalog,Microsoft-Windows-Security-Auditing,,,,,,,Cybertees,0x3e7,WORKSTATION5$,S-1-5-18,,,,,,,,,,,,,,12801,,,,1512,,,,,,,1,,,"{""tags"":[""splunk""],""EventID"":4663,""RecordNumber"":73694,""ProviderGuid"":""{54849625-5478-4994-A5BA-3E3B0328C30D}"",""SourceName"":""Microsoft-Windows-Security-Auditing"",""OpcodeValue"":0,""EventTime"":""2022-04-15 08:06:07"",""SubjectUserSid"":""S-1-5-18"",""host"":""cybertees.net"",""SeverityValue"":2,""ExecutionProcessID"":4,""Category"":""Registry"",""SubjectLogonId"":""0x3e7"",""AccessList"":""%%4432\r\n\t\t\t\t"",""SourceModuleName"":""eventlog"",""Message"":""An attempt was made to access an object.\r\n\r\nSubject:\r\n\tSecurity ID:\t\tS-1-5-18\r\n\tAccount Name:\t\tWORKSTATION5$\r\n\tAccount Domain:\t\tCybertees\r\n\tLogon ID:\t\t0x3E7\r\n\r\nObject:\r\n\tObject Server:\t\tSecurity\r\n\tObject Type:\t\tKey\r\n\tObject Name:\t\t\\REGISTRY\\MACHINE\\SYSTEM\\ControlSet001\\Control\\Lsa\r\n\tHandle ID:\t\t0x7c\r\n\tResource Attributes:\t-\r\n\r\nProcess Information:\r\n\tProcess ID:\t\t0x7bc\r\n\tProcess Name:\t\tC:\\Windows\\System32\\svchost.exe\r\n\r\nAccess Request Information:\r\n\tAccesses:\t\tQuery key value\r\n\t\t\t\t\r\n\tAccess Mask:\t\t0x1"",""port"":60427,""timestamp"":""2022-04-15T12:06:10.356Z"",""ThreadID"":1512,""SubjectUserName"":""WORKSTATION5$"",""Severity"":""INFO"",""ObjectServer"":""Security"",""ProcessName"":""C:\\Windows\\System32\\svchost.exe"",""ResourceAttributes"":""-"",""EventType"":""AUDIT_SUCCESS"",""Channel"":""Security"",""ObjectType"":""Key"",""Opcode"":""Info"",""ObjectName"":""\\REGISTRY\\MACHINE\\SYSTEM\\ControlSet001\\Control\\Lsa"",""EventReceivedTime"":""2022-04-15 08:06:10"",""@version"":""1"",""Task"":12801,""SubjectDomainName"":""Cybertees"",""HandleId"":""0x7c"",""AccessMask"":""0x1"",""SourceModuleType"":""im_msvistalog"",""Hostname"":""James.browne"",""Keywords"":-9214364837600034816,""Version"":1,""ProcessId"":""0x7bc""}",2022-04-15T08:06:07.000+0000,8,15,6,april,7,friday,2022,local,,AUDIT_SUCCESS,cybertees.net,cyber-host,windowslogs,1,60427,"{"""":[""""],"""":,"""":,"""":""{----}"","""":""---"","""":,"""":""--_:",Event_logs.json,_json,ip-10-10-40-195,,splunk,,2022-04-15T12:06:10.356Z,
1,"%%4432
				",0x1,-,,,,,,,,Registry,Security,,,,,,,,,,,,,,,,,,,,,,,4656,,2022-04-15 8:06:10,2022-04-15 8:06:07,,4,,,,,0x7c,,James.browne,,,,,,,,,,-9214364837600034816,,,,,,,,,"A handle to an object was requested.

Subject:
	Security ID:		S-1-5-18
	Account Name:		WORKSTATION5$
	Account Domain:		Cybertees
	Logon ID:		0x3E7

Object:
	Object Server:		Security
	Object Type:		Key
	Object Name:		\REGISTRY\MACHINE\SYSTEM\ControlSet001\Control\Lsa
	Handle ID:		0x7c
	Resource Attributes:	-

Process Information:
	Process ID:		0x7bc
	Process Name:		C:\Windows\System32\svchost.exe

Access Request Information:
	Transaction ID:		{00000000-0000-0000-0000-000000000000}
	Accesses:		Query key value
				
	Access Reasons:		-
	Access Mask:		0x1
	Privileges Used for Access Check:	-
	Restricted SID Count:	0",,,,\REGISTRY\MACHINE\SYSTEM\ControlSet001\Control\Lsa,Security,Key,,Info,0,,,,,,,,,-,,0x7bc,C:\Windows\System32\svchost.exe,,,{54849625-5478-4994-A5BA-3E3B0328C30D},,,,73693,,,,-,,0,,,INFO,2,,,,,,,,,,,,eventlog,im_msvistalog,Microsoft-Windows-Security-Auditing,,,,,,,Cybertees,0x3e7,WORKSTATION5$,S-1-5-18,,,,,,,,,,,,,,12801,,,,1512,,{00000000-0000-0000-0000-000000000000},,,,,1,,,"{""EventID"":4656,""RecordNumber"":73693,""ProviderGuid"":""{54849625-5478-4994-A5BA-3E3B0328C30D}"",""SourceName"":""Microsoft-Windows-Security-Auditing"",""OpcodeValue"":0,""AccessList"":""%%4432\r\n\t\t\t\t"",""AccessReason"":""-"",""SourceModuleName"":""eventlog"",""ExecutionProcessID"":4,""Category"":""Registry"",""port"":60427,""ThreadID"":1512,""SubjectUserName"":""WORKSTATION5$"",""Severity"":""INFO"",""ObjectServer"":""Security"",""ProcessName"":""C:\\Windows\\System32\\svchost.exe"",""ResourceAttributes"":""-"",""EventType"":""AUDIT_SUCCESS"",""Channel"":""Security"",""ObjectType"":""Key"",""Opcode"":""Info"",""ObjectName"":""\\REGISTRY\\MACHINE\\SYSTEM\\ControlSet001\\Control\\Lsa"",""EventReceivedTime"":""2022-04-15 08:06:10"",""Task"":12801,""SubjectDomainName"":""Cybertees"",""HandleId"":""0x7c"",""Keywords"":-9214364837600034816,""Version"":1,""ProcessId"":""0x7bc"",""tags"":[""splunk""],""SubjectUserSid"":""S-1-5-18"",""EventTime"":""2022-04-15 08:06:07"",""host"":""cybertees.net"",""SeverityValue"":2,""SubjectLogonId"":""0x3e7"",""Message"":""A handle to an object was requested.\r\n\r\nSubject:\r\n\tSecurity ID:\t\tS-1-5-18\r\n\tAccount Name:\t\tWORKSTATION5$\r\n\tAccount Domain:\t\tCybertees\r\n\tLogon ID:\t\t0x3E7\r\n\r\nObject:\r\n\tObject Server:\t\tSecurity\r\n\tObject Type:\t\tKey\r\n\tObject Name:\t\t\\REGISTRY\\MACHINE\\SYSTEM\\ControlSet001\\Control\\Lsa\r\n\tHandle ID:\t\t0x7c\r\n\tResource Attributes:\t-\r\n\r\nProcess Information:\r\n\tProcess ID:\t\t0x7bc\r\n\tProcess Name:\t\tC:\\Windows\\System32\\svchost.exe\r\n\r\nAccess Request Information:\r\n\tTransaction ID:\t\t{00000000-0000-0000-0000-000000000000}\r\n\tAccesses:\t\tQuery key value\r\n\t\t\t\t\r\n\tAccess Reasons:\t\t-\r\n\tAccess Mask:\t\t0x1\r\n\tPrivileges Used for Access Check:\t-\r\n\tRestricted SID Count:\t0"",""timestamp"":""2022-04-15T12:06:10.355Z"",""@version"":""1"",""AccessMask"":""0x1"",""SourceModuleType"":""im_msvistalog"",""RestrictedSidCount"":""0"",""TransactionId"":""{00000000-0000-0000-0000-000000000000}"",""Hostname"":""James.browne"",""PrivilegeList"":""-""}",2022-04-15T08:06:07.000+0000,8,15,6,april,7,friday,2022,local,,AUDIT_SUCCESS,cybertees.net,cyber-host,windowslogs,1,60427,"{"""":,"""":,"""":""{----}"","""":""---"","""":,"""":""%%\\\\\\"",""""",Event_logs.json,_json,ip-10-10-40-195,,splunk,,2022-04-15T12:06:10.355Z,
1,,,,,,,,,,,Registry,Security,,,,,,,,,,,,,,,,,,,,,,,4658,,2022-04-15 8:06:10,2022-04-15 8:06:07,,4,,,,,0x2eb0,,James.browne,,,,,,,,,,-9214364837600034816,,,,,,,,,"The handle to an object was closed.

Subject :
	Security ID:		S-1-5-18
	Account Name:		WORKSTATION5$
	Account Domain:		Cybertees
	Logon ID:		0x3E7

Object:
	Object Server:		Security
	Handle ID:		0x2eb0

Process Information:
	Process ID:		0x7bc
	Process Name:		C:\Windows\System32\svchost.exe",,,,,Security,,,Info,0,,,,,,,,,,,0x7bc,C:\Windows\System32\svchost.exe,,,{54849625-5478-4994-A5BA-3E3B0328C30D},,,,73692,,,,,,,,,INFO,2,,,,,,,,,,,,eventlog,im_msvistalog,Microsoft-Windows-Security-Auditing,,,,,,,Cybertees,0x3e7,WORKSTATION5$,S-1-5-18,,,,,,,,,,,,,,12801,,,,1512,,,,,,,0,,,"{""tags"":[""splunk""],""EventID"":4658,""RecordNumber"":73692,""ProviderGuid"":""{54849625-5478-4994-A5BA-3E3B0328C30D}"",""SourceName"":""Microsoft-Windows-Security-Auditing"",""OpcodeValue"":0,""EventTime"":""2022-04-15 08:06:07"",""SubjectUserSid"":""S-1-5-18"",""host"":""cybertees.net"",""SeverityValue"":2,""ExecutionProcessID"":4,""Category"":""Registry"",""SubjectLogonId"":""0x3e7"",""SourceModuleName"":""eventlog"",""Message"":""The handle to an object was closed.\r\n\r\nSubject :\r\n\tSecurity ID:\t\tS-1-5-18\r\n\tAccount Name:\t\tWORKSTATION5$\r\n\tAccount Domain:\t\tCybertees\r\n\tLogon ID:\t\t0x3E7\r\n\r\nObject:\r\n\tObject Server:\t\tSecurity\r\n\tHandle ID:\t\t0x2eb0\r\n\r\nProcess Information:\r\n\tProcess ID:\t\t0x7bc\r\n\tProcess Name:\t\tC:\\Windows\\System32\\svchost.exe"",""port"":60427,""timestamp"":""2022-04-15T12:06:10.355Z"",""ThreadID"":1512,""SubjectUserName"":""WORKSTATION5$"",""Severity"":""INFO"",""ObjectServer"":""Security"",""ProcessName"":""C:\\Windows\\System32\\svchost.exe"",""EventType"":""AUDIT_SUCCESS"",""Channel"":""Security"",""Opcode"":""Info"",""EventReceivedTime"":""2022-04-15 08:06:10"",""@version"":""1"",""Task"":12801,""SubjectDomainName"":""Cybertees"",""HandleId"":""0x2eb0"",""SourceModuleType"":""im_msvistalog"",""Hostname"":""James.browne"",""Keywords"":-9214364837600034816,""Version"":0,""ProcessId"":""0x7bc""}",2022-04-15T08:06:07.000+0000,8,15,6,april,7,friday,2022,local,,AUDIT_SUCCESS,cybertees.net,cyber-host,windowslogs,1,60427,"{"""":[""""],"""":,"""":,"""":""{----}"","""":""---"","""":,"""":""--_:",Event_logs.json,_json,ip-10-10-40-195,,splunk,,2022-04-15T12:06:10.355Z,
1,,,,,,,,,,,Handle Manipulation,Security,,,,,,,,,,,,,,,,,,,,,,,4690,,2022-04-15 8:06:10,2022-04-15 8:06:07,,4,,,,,,,James.browne,,,,,,,,,,-9214364837600034816,,,,,,,,,"An attempt was made to duplicate a handle to an object.

Subject:
	Security ID:		S-1-5-18
	Account Name:		WORKSTATION5$
	Account Domain:		Cybertees
	Logon ID:		0x3E7

Source Handle Information:
	Source Handle ID:	0x7c
	Source Process ID:	0x7bc

New Handle Information:
	Target Handle ID:	0x2eb0
	Target Process ID:	0x4",,,,,,,,Info,0,,,,,,,,,,,0x7bc,,,,{54849625-5478-4994-A5BA-3E3B0328C30D},,,,73691,,,,,,,,,INFO,2,,,,,,,0x7c,,,,,eventlog,im_msvistalog,Microsoft-Windows-Security-Auditing,,,,0x7bc,,,Cybertees,0x3e7,WORKSTATION5$,S-1-5-18,,,0x2eb0,,,,,,,,0x4,,,12807,,,,1512,,,,,,,0,,,"{""tags"":[""splunk""],""EventID"":4690,""RecordNumber"":73691,""ProviderGuid"":""{54849625-5478-4994-A5BA-3E3B0328C30D}"",""SourceName"":""Microsoft-Windows-Security-Auditing"",""OpcodeValue"":0,""EventTime"":""2022-04-15 08:06:07"",""SubjectUserSid"":""S-1-5-18"",""host"":""cybertees.net"",""SeverityValue"":2,""ExecutionProcessID"":4,""Category"":""Handle Manipulation"",""SubjectLogonId"":""0x3e7"",""SourceProcessId"":""0x7bc"",""SourceModuleName"":""eventlog"",""SourceHandleId"":""0x7c"",""Message"":""An attempt was made to duplicate a handle to an object.\r\n\r\nSubject:\r\n\tSecurity ID:\t\tS-1-5-18\r\n\tAccount Name:\t\tWORKSTATION5$\r\n\tAccount Domain:\t\tCybertees\r\n\tLogon ID:\t\t0x3E7\r\n\r\nSource Handle Information:\r\n\tSource Handle ID:\t0x7c\r\n\tSource Process ID:\t0x7bc\r\n\r\nNew Handle Information:\r\n\tTarget Handle ID:\t0x2eb0\r\n\tTarget Process ID:\t0x4"",""port"":60427,""timestamp"":""2022-04-15T12:06:10.355Z"",""ThreadID"":1512,""TargetProcessId"":""0x4"",""SubjectUserName"":""WORKSTATION5$"",""Severity"":""INFO"",""EventType"":""AUDIT_SUCCESS"",""Channel"":""Security"",""Opcode"":""Info"",""EventReceivedTime"":""2022-04-15 08:06:10"",""@version"":""1"",""Task"":12807,""SubjectDomainName"":""Cybertees"",""SourceModuleType"":""im_msvistalog"",""TargetHandleId"":""0x2eb0"",""Hostname"":""James.browne"",""Keywords"":-9214364837600034816,""Version"":0,""ProcessId"":""0x7bc""}",2022-04-15T08:06:07.000+0000,8,15,6,april,7,friday,2022,local,,AUDIT_SUCCESS,cybertees.net,cyber-host,windowslogs,1,60427,"{"""":[""""],"""":,"""":,"""":""{----}"","""":""---"","""":,"""":""--_:",Event_logs.json,_json,ip-10-10-40-195,,splunk,,2022-04-15T12:06:10.355Z,
1,,,,,,,,,,,Registry,Security,,,,,,,,,,,,,,,,,,,,,,,4658,,2022-04-15 8:06:10,2022-04-15 8:06:07,,4,,,,,0x90,,James.browne,,,,,,,,,,-9214364837600034816,,,,,,,,,"The handle to an object was closed.

Subject :
	Security ID:		S-1-5-18
	Account Name:		WORKSTATION5$
	Account Domain:		Cybertees
	Logon ID:		0x3E7

Object:
	Object Server:		Security
	Handle ID:		0x90

Process Information:
	Process ID:		0x2528
	Process Name:		C:\Windows\System32\svchost.exe",,,,,Security,,,Info,0,,,,,,,,,,,0x2528,C:\Windows\System32\svchost.exe,,,{54849625-5478-4994-A5BA-3E3B0328C30D},,,,73690,,,,,,,,,INFO,2,,,,,,,,,,,,eventlog,im_msvistalog,Microsoft-Windows-Security-Auditing,,,,,,,Cybertees,0x3e7,WORKSTATION5$,S-1-5-18,,,,,,,,,,,,,,12801,,,,2916,,,,,,,0,,,"{""tags"":[""splunk""],""EventID"":4658,""RecordNumber"":73690,""ProviderGuid"":""{54849625-5478-4994-A5BA-3E3B0328C30D}"",""SourceName"":""Microsoft-Windows-Security-Auditing"",""OpcodeValue"":0,""EventTime"":""2022-04-15 08:06:07"",""SubjectUserSid"":""S-1-5-18"",""host"":""cybertees.net"",""SeverityValue"":2,""ExecutionProcessID"":4,""Category"":""Registry"",""SubjectLogonId"":""0x3e7"",""SourceModuleName"":""eventlog"",""Message"":""The handle to an object was closed.\r\n\r\nSubject :\r\n\tSecurity ID:\t\tS-1-5-18\r\n\tAccount Name:\t\tWORKSTATION5$\r\n\tAccount Domain:\t\tCybertees\r\n\tLogon ID:\t\t0x3E7\r\n\r\nObject:\r\n\tObject Server:\t\tSecurity\r\n\tHandle ID:\t\t0x90\r\n\r\nProcess Information:\r\n\tProcess ID:\t\t0x2528\r\n\tProcess Name:\t\tC:\\Windows\\System32\\svchost.exe"",""port"":60427,""timestamp"":""2022-04-15T12:06:10.355Z"",""ThreadID"":2916,""SubjectUserName"":""WORKSTATION5$"",""Severity"":""INFO"",""ObjectServer"":""Security"",""ProcessName"":""C:\\Windows\\System32\\svchost.exe"",""EventType"":""AUDIT_SUCCESS"",""Channel"":""Security"",""Opcode"":""Info"",""EventReceivedTime"":""2022-04-15 08:06:10"",""@version"":""1"",""Task"":12801,""SubjectDomainName"":""Cybertees"",""HandleId"":""0x90"",""SourceModuleType"":""im_msvistalog"",""Hostname"":""James.browne"",""Keywords"":-9214364837600034816,""Version"":0,""ProcessId"":""0x2528""}",2022-04-15T08:06:07.000+0000,8,15,6,april,7,friday,2022,local,,AUDIT_SUCCESS,cybertees.net,cyber-host,windowslogs,1,60427,"{"""":[""""],"""":,"""":,"""":""{----}"","""":""---"","""":,"""":""--_:",Event_logs.json,_json,ip-10-10-40-195,,splunk,,2022-04-15T12:06:10.355Z,
1,"%%4432
				",0x1,,,,,,,,,Registry,Security,,,,,,,,,,,,,,,,,,,,,,,4663,,2022-04-15 8:06:10,2022-04-15 8:06:07,,4,,,,,0x90,,James.browne,,,,,,,,,,-9214364837600034816,,,,,,,,,"An attempt was made to access an object.

Subject:
	Security ID:		S-1-5-18
	Account Name:		WORKSTATION5$
	Account Domain:		Cybertees
	Logon ID:		0x3E7

Object:
	Object Server:		Security
	Object Type:		Key
	Object Name:		\REGISTRY\MACHINE\SYSTEM\ControlSet001\Control\Lsa
	Handle ID:		0x90
	Resource Attributes:	-

Process Information:
	Process ID:		0x2528
	Process Name:		C:\Windows\System32\svchost.exe

