The authentication information fields provide detailed information about this specific logon request.
	- Logon GUID is a unique identifier that can be used to correlate this event with a KDC event.
	- Transited services indicate which intermediate services have participated in this logon request.
	- Package name indicates which sub-protocol was used among the NTLM protocols.
	- Key length indicates the length of the generated session key. This will be 0 if no session key was requested.",,,,,,,,Info,0,,,,,,,,,,,0x0,-,,,{54849625-5478-4994-A5BA-3E3B0328C30D},,,,228458,,,,,-,,,,INFO,2,,,,,,,,,,,,eventlog,im_msvistalog,Microsoft-Windows-Security-Auditing,,,,,,,-,0x0,-,S-1-0-0,Cybertees.LOCAL,,,,0x0,0x576af6,,-,-,,,WORKSTATION5$,S-1-5-21-4020993649-1037605423-417876593-1113,12544,,,,3168,,,-,,,,2,%%1843,-,"{""TargetOutboundUserName"":""-"",""EventID"":4624,""LogonProcessName"":""Kerberos"",""RecordNumber"":228458,""ProviderGuid"":""{54849625-5478-4994-A5BA-3E3B0328C30D}"",""SourceName"":""Microsoft-Windows-Security-Auditing"",""OpcodeValue"":0,""TargetLinkedLogonId"":""0x0"",""SourceModuleName"":""eventlog"",""WorkstationName"":""-"",""ExecutionProcessID"":700,""Category"":""Logon"",""RestrictedAdminMode"":""-"",""port"":60427,""TargetUserSid"":""S-1-5-21-4020993649-1037605423-417876593-1113"",""VirtualAccount"":""%%1843"",""ThreadID"":3168,""SubjectUserName"":""-"",""IpPort"":""60092"",""Severity"":""INFO"",""ProcessName"":""-"",""ElevatedToken"":""%%1842"",""EventType"":""AUDIT_SUCCESS"",""Channel"":""Security"",""LmPackageName"":""-"",""TargetLogonId"":""0x576af6"",""Opcode"":""Info"",""EventReceivedTime"":""2022-04-15 08:06:10"",""Task"":12544,""SubjectDomainName"":""-"",""LogonGuid"":""{ed04e1ac-be14-3827-5a51-8966d0b221b3}"",""TargetDomainName"":""Cybertees.LOCAL"",""TransmittedServices"":""-"",""Keywords"":-9214364837600034816,""Version"":2,""ProcessId"":""0x0"",""tags"":[""splunk""],""SubjectUserSid"":""S-1-0-0"",""EventTime"":""2022-04-15 08:06:09"",""host"":""cybertees.net"",""SeverityValue"":2,""SubjectLogonId"":""0x0"",""TargetUserName"":""WORKSTATION5$"",""KeyLength"":""0"",""Message"":""An account was successfully logged on.\r\n\r\nSubject:\r\n\tSecurity ID:\t\tS-1-0-0\r\n\tAccount Name:\t\t-\r\n\tAccount Domain:\t\t-\r\n\tLogon ID:\t\t0x0\r\n\r\nLogon Information:\r\n\tLogon Type:\t\t3\r\n\tRestricted Admin Mode:\t-\r\n\tVirtual Account:\t\tNo\r\n\tElevated Token:\t\tYes\r\n\r\nImpersonation Level:\t\tImpersonation\r\n\r\nNew Logon:\r\n\tSecurity ID:\t\tS-1-5-21-4020993649-1037605423-417876593-1113\r\n\tAccount Name:\t\tWORKSTATION5$\r\n\tAccount Domain:\t\tCybertees.LOCAL\r\n\tLogon ID:\t\t0x576AF6\r\n\tLinked Logon ID:\t\t0x0\r\n\tNetwork Account Name:\t-\r\n\tNetwork Account Domain:\t-\r\n\tLogon GUID:\t\t{ed04e1ac-be14-3827-5a51-8966d0b221b3}\r\n\r\nProcess Information:\r\n\tProcess ID:\t\t0x0\r\n\tProcess Name:\t\t-\r\n\r\nNetwork Information:\r\n\tWorkstation Name:\t-\r\n\tSource Network Address:\t172.90.12.11\r\n\tSource Port:\t\t60092\r\n\r\nDetailed Authentication Information:\r\n\tLogon Process:\t\tKerberos\r\n\tAuthentication Package:\tKerberos\r\n\tTransited Services:\t-\r\n\tPackage Name (NTLM only):\t-\r\n\tKey Length:\t\t0\r\n\r\nThis event is generated when a logon session is created. It is generated on the computer that was accessed.\r\n\r\nThe subject fields indicate the account on the local system which requested the logon. This is most commonly a service such as the Server service, or a local process such as Winlogon.exe or Services.exe.\r\n\r\nThe logon type field indicates the kind of logon that occurred. The most common types are 2 (interactive) and 3 (network).\r\n\r\nThe New Logon fields indicate the account for whom the new logon was created, i.e. the account that was logged on.\r\n\r\nThe network fields indicate where a remote logon request originated. Workstation name is not always available and may be left blank in some cases.\r\n\r\nThe impersonation level field indicates the extent to which a process in the logon session can impersonate.\r\n\r\nThe authentication information fields provide detailed information about this specific logon request.\r\n\t- Logon GUID is a unique identifier that can be used to correlate this event with a KDC event.\r\n\t- Transited services indicate which intermediate services have participated in this logon request.\r\n\t- Package name indicates which sub-protocol was used among the NTLM protocols.\r\n\t- Key length indicates the length of the generated session key. This will be 0 if no session key was requested."",""timestamp"":""2022-04-15T12:06:10.425Z"",""AuthenticationPackageName"":""Kerberos"",""IpAddress"":""172.90.12.11"",""ImpersonationLevel"":""%%1833"",""@version"":""1"",""SourceModuleType"":""im_msvistalog"",""LogonType"":""3"",""Hostname"":""Salena.Adam"",""TargetOutboundDomainName"":""-""}",2022-04-15T08:06:07.000+0000,8,15,6,april,7,friday,2022,local,,AUDIT_SUCCESS,cybertees.net,cyber-host,windowslogs,1,60427,"{"""":""-"","""":,"""":"""","""":,"""":""{----}"","""":""---"","""":,"""":",Event_logs.json,_json,ip-10-10-40-195,,splunk,,2022-04-15T12:06:10.425Z,
1,,,,,,,\device\harddiskvolume2\windows\system32\svchost.exe,,,,Filtering Platform Connection,Security,,,,,,,,,,,,,,,,,,,,,,,5158,,2022-04-15 8:06:10,2022-04-15 8:06:08,,4,,70420,,,,,James.browne,,,,,,,,,,-9214364837600034816,%%14608,36,,,,,,,"The Windows Filtering Platform has permitted a bind to a local port.

Application Information:
	Process ID:		1812
	Application Name:	\device\harddiskvolume2\windows\system32\svchost.exe

Network Information:
	Source Address:		0.0.0.0
	Source Port:		5353
	Protocol:		17

Filter Information:
	Filter Run-Time ID:	70420
	Layer Name:		Resource Assignment
	Layer Run-Time ID:	36",,,,,,,,Info,0,,,,,,,,,,,1812,,,17,{54849625-5478-4994-A5BA-3E3B0328C30D},,,,73866,,,,,,,,,INFO,2,,,,,,0.0.0.0,,,,,,eventlog,im_msvistalog,Microsoft-Windows-Security-Auditing,5353,,,,,,,,,,,,,,,,,,,,,,,12810,,,,1512,,,,,,,0,,,"{""ProcessId"":""1812"",""tags"":[""splunk""],""EventID"":5158,""RecordNumber"":73866,""ProviderGuid"":""{54849625-5478-4994-A5BA-3E3B0328C30D}"",""SourceName"":""Microsoft-Windows-Security-Auditing"",""OpcodeValue"":0,""EventTime"":""2022-04-15 08:06:08"",""FilterRTID"":""70420"",""host"":""cybertees.net"",""SeverityValue"":2,""ExecutionProcessID"":4,""Category"":""Filtering Platform Connection"",""SourceModuleName"":""eventlog"",""Message"":""The Windows Filtering Platform has permitted a bind to a local port.\r\n\r\nApplication Information:\r\n\tProcess ID:\t\t1812\r\n\tApplication Name:\t\\device\\harddiskvolume2\\windows\\system32\\svchost.exe\r\n\r\nNetwork Information:\r\n\tSource Address:\t\t0.0.0.0\r\n\tSource Port:\t\t5353\r\n\tProtocol:\t\t17\r\n\r\nFilter Information:\r\n\tFilter Run-Time ID:\t70420\r\n\tLayer Name:\t\tResource Assignment\r\n\tLayer Run-Time ID:\t36"",""port"":60427,""Protocol"":""17"",""timestamp"":""2022-04-15T12:06:10.424Z"",""ThreadID"":1512,""Severity"":""INFO"",""EventType"":""AUDIT_SUCCESS"",""Channel"":""Security"",""SourceAddress"":""0.0.0.0"",""Opcode"":""Info"",""EventReceivedTime"":""2022-04-15 08:06:10"",""@version"":""1"",""Task"":12810,""SourceModuleType"":""im_msvistalog"",""LayerName"":""%%14608"",""LayerRTID"":""36"",""Hostname"":""James.browne"",""Application"":""\\device\\harddiskvolume2\\windows\\system32\\svchost.exe"",""Keywords"":-9214364837600034816,""Version"":0,""SourcePort"":""5353""}",2022-04-15T08:06:07.000+0000,8,15,6,april,7,friday,2022,local,,AUDIT_SUCCESS,cybertees.net,cyber-host,windowslogs,1,60427,"{"""":"""","""":[""""],"""":,"""":,"""":""{----}"","""":""---"","""":,""""",Event_logs.json,_json,ip-10-10-40-195,,splunk,,2022-04-15T12:06:10.424Z,
1,,,,,,,\device\harddiskvolume2\windows\system32\lsass.exe,,,,Filtering Platform Connection,Security,,,,,,,172.18.38.5,389,,,,,,,,%%14592,,,,,,,5156,,2022-04-15 8:06:10,2022-04-15 8:06:09,,4,,69848,,,,,Salena.Adam,,,,,,,,,,-9214364837600034816,%%14610,44,,,,,,,"The Windows Filtering Platform has permitted a connection.

Application Information:
	Process ID:		700
	Application Name:	\device\harddiskvolume2\windows\system32\lsass.exe

Network Information:
	Direction:		Inbound
	Source Address:		172.90.12.11
	Source Port:		60092
	Destination Address:	172.18.38.5
	Destination Port:		389
	Protocol:		6

Filter Information:
	Filter Run-Time ID:	69848
	Layer Name:		Receive/Accept
	Layer Run-Time ID:	44",,,,,,,,Info,0,,,,,,,,,,,700,,,6,{54849625-5478-4994-A5BA-3E3B0328C30D},,,,228457,,S-1-0-0,S-1-0-0,,,,,,INFO,2,,,,,,172.90.12.11,,,,,,eventlog,im_msvistalog,Microsoft-Windows-Security-Auditing,60092,,,,,,,,,,,,,,,,,,,,,,,12810,,,,96,,,,,,,1,,,"{""ProcessId"":""700"",""tags"":[""splunk""],""EventID"":5156,""RecordNumber"":228457,""ProviderGuid"":""{54849625-5478-4994-A5BA-3E3B0328C30D}"",""SourceName"":""Microsoft-Windows-Security-Auditing"",""OpcodeValue"":0,""EventTime"":""2022-04-15 08:06:09"",""FilterRTID"":""69848"",""host"":""cybertees.net"",""SeverityValue"":2,""ExecutionProcessID"":4,""Category"":""Filtering Platform Connection"",""SourceModuleName"":""eventlog"",""Direction"":""%%14592"",""Message"":""The Windows Filtering Platform has permitted a connection.\r\n\r\nApplication Information:\r\n\tProcess ID:\t\t700\r\n\tApplication Name:\t\\device\\harddiskvolume2\\windows\\system32\\lsass.exe\r\n\r\nNetwork Information:\r\n\tDirection:\t\tInbound\r\n\tSource Address:\t\t172.90.12.11\r\n\tSource Port:\t\t60092\r\n\tDestination Address:\t172.18.38.5\r\n\tDestination Port:\t\t389\r\n\tProtocol:\t\t6\r\n\r\nFilter Information:\r\n\tFilter Run-Time ID:\t69848\r\n\tLayer Name:\t\tReceive/Accept\r\n\tLayer Run-Time ID:\t44"",""port"":60427,""RemoteMachineID"":""S-1-0-0"",""Protocol"":""6"",""timestamp"":""2022-04-15T12:06:10.424Z"",""ThreadID"":96,""Severity"":""INFO"",""EventType"":""AUDIT_SUCCESS"",""Channel"":""Security"",""SourceAddress"":""172.90.12.11"",""Opcode"":""Info"",""EventReceivedTime"":""2022-04-15 08:06:10"",""DestAddress"":""172.18.38.5"",""@version"":""1"",""Task"":12810,""SourceModuleType"":""im_msvistalog"",""LayerName"":""%%14610"",""DestPort"":""389"",""LayerRTID"":""44"",""RemoteUserID"":""S-1-0-0"",""Hostname"":""Salena.Adam"",""Application"":""\\device\\harddiskvolume2\\windows\\system32\\lsass.exe"",""Keywords"":-9214364837600034816,""Version"":1,""SourcePort"":""60092""}",2022-04-15T08:06:07.000+0000,8,15,6,april,7,friday,2022,local,,AUDIT_SUCCESS,cybertees.net,cyber-host,windowslogs,1,60427,"{"""":"""","""":[""""],"""":,"""":,"""":""{----}"","""":""---"","""":,""""",Event_logs.json,_json,ip-10-10-40-195,,splunk,,2022-04-15T12:06:10.424Z,
1,,,,,,,,,,,Logoff,Security,,,,,,,,,,,,,,,,,,,,,,,4634,,2022-04-15 8:06:10,2022-04-15 8:06:09,,700,,,,,,,Salena.Adam,,,,,,,,,,-9214364837600034816,,,,,,,3,,"An account was logged off.

Subject:
	Security ID:		S-1-5-21-4020993649-1037605423-417876593-1113
	Account Name:		WORKSTATION5$
	Account Domain:		Cybertees
	Logon ID:		0x576AD8

Logon Type:			3

This event is generated when a logon session is destroyed. It may be positively correlated with a logon event using the Logon ID value. Logon IDs are only unique between reboots on the same computer.",,,,,,,,Info,0,,,,,,,,,,,,,,,{54849625-5478-4994-A5BA-3E3B0328C30D},,,,228456,,,,,,,,,INFO,2,,,,,,,,,,,,eventlog,im_msvistalog,Microsoft-Windows-Security-Auditing,,,,,,,,,,,Cybertees,,,,,0x576ad8,,,,,,WORKSTATION5$,S-1-5-21-4020993649-1037605423-417876593-1113,12545,,,,5660,,,,,,,0,,,"{""EventID"":4634,""RecordNumber"":228456,""ProviderGuid"":""{54849625-5478-4994-A5BA-3E3B0328C30D}"",""SourceName"":""Microsoft-Windows-Security-Auditing"",""OpcodeValue"":0,""EventTime"":""2022-04-15 08:06:09"",""SourceModuleName"":""eventlog"",""host"":""cybertees.net"",""SeverityValue"":2,""ExecutionProcessID"":700,""Category"":""Logoff"",""TargetUserName"":""WORKSTATION5$"",""Message"":""An account was logged off.\r\n\r\nSubject:\r\n\tSecurity ID:\t\tS-1-5-21-4020993649-1037605423-417876593-1113\r\n\tAccount Name:\t\tWORKSTATION5$\r\n\tAccount Domain:\t\tCybertees\r\n\tLogon ID:\t\t0x576AD8\r\n\r\nLogon Type:\t\t\t3\r\n\r\nThis event is generated when a logon session is destroyed. It may be positively correlated with a logon event using the Logon ID value. Logon IDs are only unique between reboots on the same computer."",""port"":60427,""TargetUserSid"":""S-1-5-21-4020993649-1037605423-417876593-1113"",""timestamp"":""2022-04-15T12:06:10.424Z"",""ThreadID"":5660,""Severity"":""INFO"",""EventType"":""AUDIT_SUCCESS"",""Channel"":""Security"",""TargetLogonId"":""0x576ad8"",""Opcode"":""Info"",""EventReceivedTime"":""2022-04-15 08:06:10"",""@version"":""1"",""Task"":12545,""SourceModuleType"":""im_msvistalog"",""TargetDomainName"":""Cybertees"",""LogonType"":""3"",""Hostname"":""Salena.Adam"",""Keywords"":-9214364837600034816,""Version"":0,""tags"":[""splunk""]}",2022-04-15T08:06:07.000+0000,8,15,6,april,7,friday,2022,local,,AUDIT_SUCCESS,cybertees.net,cyber-host,windowslogs,1,60427,"{"""":,"""":,"""":""{----}"","""":""---"","""":,"""":""--_::"","""":""""",Event_logs.json,_json,ip-10-10-40-195,,splunk,,2022-04-15T12:06:10.424Z,
1,,,,,,,\device\harddiskvolume2\windows\system32\svchost.exe,,,,Filtering Platform Connection,Security,,,,,,,,,,,,,,,,,,,,,,,5158,,2022-04-15 8:06:10,2022-04-15 8:06:08,,4,,0,,,,,James.browne,,,,,,,,,,-9214364837600034816,%%14608,36,,,,,,,"The Windows Filtering Platform has permitted a bind to a local port.

Application Information:
	Process ID:		5564
	Application Name:	\device\harddiskvolume2\windows\system32\svchost.exe

Network Information:
	Source Address:		127.0.0.1
	Source Port:		49455
	Protocol:		17

Filter Information:
	Filter Run-Time ID:	0
	Layer Name:		Resource Assignment
	Layer Run-Time ID:	36",,,,,,,,Info,0,,,,,,,,,,,5564,,,17,{54849625-5478-4994-A5BA-3E3B0328C30D},,,,73865,,,,,,,,,INFO,2,,,,,,127.0.0.1,,,,,,eventlog,im_msvistalog,Microsoft-Windows-Security-Auditing,49455,,,,,,,,,,,,,,,,,,,,,,,12810,,,,1512,,,,,,,0,,,"{""ProcessId"":""5564"",""tags"":[""splunk""],""EventID"":5158,""RecordNumber"":73865,""ProviderGuid"":""{54849625-5478-4994-A5BA-3E3B0328C30D}"",""SourceName"":""Microsoft-Windows-Security-Auditing"",""OpcodeValue"":0,""EventTime"":""2022-04-15 08:06:08"",""FilterRTID"":""0"",""host"":""cybertees.net"",""SeverityValue"":2,""ExecutionProcessID"":4,""Category"":""Filtering Platform Connection"",""SourceModuleName"":""eventlog"",""Message"":""The Windows Filtering Platform has permitted a bind to a local port.\r\n\r\nApplication Information:\r\n\tProcess ID:\t\t5564\r\n\tApplication Name:\t\\device\\harddiskvolume2\\windows\\system32\\svchost.exe\r\n\r\nNetwork Information:\r\n\tSource Address:\t\t127.0.0.1\r\n\tSource Port:\t\t49455\r\n\tProtocol:\t\t17\r\n\r\nFilter Information:\r\n\tFilter Run-Time ID:\t0\r\n\tLayer Name:\t\tResource Assignment\r\n\tLayer Run-Time ID:\t36"",""port"":60427,""Protocol"":""17"",""timestamp"":""2022-04-15T12:06:10.424Z"",""ThreadID"":1512,""Severity"":""INFO"",""EventType"":""AUDIT_SUCCESS"",""Channel"":""Security"",""SourceAddress"":""127.0.0.1"",""Opcode"":""Info"",""EventReceivedTime"":""2022-04-15 08:06:10"",""@version"":""1"",""Task"":12810,""SourceModuleType"":""im_msvistalog"",""LayerName"":""%%14608"",""LayerRTID"":""36"",""Hostname"":""James.browne"",""Application"":""\\device\\harddiskvolume2\\windows\\system32\\svchost.exe"",""Keywords"":-9214364837600034816,""Version"":0,""SourcePort"":""49455""}",2022-04-15T08:06:07.000+0000,8,15,6,april,7,friday,2022,local,,AUDIT_SUCCESS,cybertees.net,cyber-host,windowslogs,1,60427,"{"""":"""","""":[""""],"""":,"""":,"""":""{----}"","""":""---"","""":,""""",Event_logs.json,_json,ip-10-10-40-195,,splunk,,2022-04-15T12:06:10.424Z,
1,,,,,,,,,,,Group Membership,Security,,,,,,,,,,,,,,,,,,,,,,1,4627,1,2022-04-15 8:06:10,2022-04-15 8:06:09,,700,,,,"
		%{S-1-5-21-4020993649-1037605423-417876593-515}
		%{S-1-1-0}
		%{S-1-5-32-554}
		%{S-1-5-32-545}
		%{S-1-5-32-555}
		%{S-1-5-2}
		%{S-1-5-11}
		%{S-1-5-15}
		%{S-1-18-1}
		%{S-1-16-8448}",,,Salena.Adam,,,,,,,,,,-9214364837600034816,,,,,,,3,,"Group membership information.

Subject:
	Security ID:		S-1-0-0
	Account Name:		-
	Account Domain:		-
	Logon ID:		0x0

Logon Type:			3

New Logon:
	Security ID:		S-1-5-21-4020993649-1037605423-417876593-1113
	Account Name:		WORKSTATION5$
	Account Domain:		Cybertees.LOCAL
	Logon ID:		0x576AD8

Event in sequence:		1 of 1

Group Membership:			
		%{S-1-5-21-4020993649-1037605423-417876593-515}
		%{S-1-1-0}
		%{S-1-5-32-554}
		%{S-1-5-32-545}
		%{S-1-5-32-555}
		%{S-1-5-2}
		%{S-1-5-11}
		%{S-1-5-15}
		%{S-1-18-1}
		%{S-1-16-8448}

The subject fields indicate the account on the local system which requested the logon. This is most commonly a service such as the Server service, or a local process such as Winlogon.exe or Services.exe.

The logon type field indicates the kind of logon that occurred. The most common types are 2 (interactive) and 3 (network).

The New Logon fields indicate the account for whom the new logon was created, i.e. the account that was logged on.

This event is generated when the Audit Group Membership subcategory is configured.  The Logon ID field can be used to correlate this event with the corresponding user logon event as well as to any other security audit events generated during this logon session.",,,,,,,,Info,0,,,,,,,,,,,,,,,{54849625-5478-4994-A5BA-3E3B0328C30D},,,,228455,,,,,,,,,INFO,2,,,,,,,,,,,,eventlog,im_msvistalog,Microsoft-Windows-Security-Auditing,,,,,,,-,0x0,-,S-1-0-0,Cybertees.LOCAL,,,,,0x576ad8,,,,,,WORKSTATION5$,S-1-5-21-4020993649-1037605423-417876593-1113,12554,,,,3168,,,,,,,0,,,"{""EventID"":4627,""RecordNumber"":228455,""ProviderGuid"":""{54849625-5478-4994-A5BA-3E3B0328C30D}"",""SourceName"":""Microsoft-Windows-Security-Auditing"",""OpcodeValue"":0,""EventTime"":""2022-04-15 08:06:09"",""SubjectUserSid"":""S-1-0-0"",""host"":""cybertees.net"",""SeverityValue"":2,""ExecutionProcessID"":700,""Category"":""Group Membership"",""SubjectLogonId"":""0x0"",""TargetUserName"":""WORKSTATION5$"",""SourceModuleName"":""eventlog"",""Message"":""Group membership information.\r\n\r\nSubject:\r\n\tSecurity ID:\t\tS-1-0-0\r\n\tAccount Name:\t\t-\r\n\tAccount Domain:\t\t-\r\n\tLogon ID:\t\t0x0\r\n\r\nLogon Type:\t\t\t3\r\n\r\nNew Logon:\r\n\tSecurity ID:\t\tS-1-5-21-4020993649-1037605423-417876593-1113\r\n\tAccount Name:\t\tWORKSTATION5$\r\n\tAccount Domain:\t\tCybertees.LOCAL\r\n\tLogon ID:\t\t0x576AD8\r\n\r\nEvent in sequence:\t\t1 of 1\r\n\r\nGroup Membership:\t\t\t\r\n\t\t%{S-1-5-21-4020993649-1037605423-417876593-515}\r\n\t\t%{S-1-1-0}\r\n\t\t%{S-1-5-32-554}\r\n\t\t%{S-1-5-32-545}\r\n\t\t%{S-1-5-32-555}\r\n\t\t%{S-1-5-2}\r\n\t\t%{S-1-5-11}\r\n\t\t%{S-1-5-15}\r\n\t\t%{S-1-18-1}\r\n\t\t%{S-1-16-8448}\r\n\r\nThe subject fields indicate the account on the local system which requested the logon. This is most commonly a service such as the Server service, or a local process such as Winlogon.exe or Services.exe.\r\n\r\nThe logon type field indicates the kind of logon that occurred. The most common types are 2 (interactive) and 3 (network).\r\n\r\nThe New Logon fields indicate the account for whom the new logon was created, i.e. the account that was logged on.\r\n\r\nThis event is generated when the Audit Group Membership subcategory is configured.  The Logon ID field can be used to correlate this event with the corresponding user logon event as well as to any other security audit events generated during this logon session."",""port"":60427,""TargetUserSid"":""S-1-5-21-4020993649-1037605423-417876593-1113"",""timestamp"":""2022-04-15T12:06:10.424Z"",""ThreadID"":3168,""SubjectUserName"":""-"",""EventCountTotal"":""1"",""Severity"":""INFO"",""EventType"":""AUDIT_SUCCESS"",""Channel"":""Security"",""TargetLogonId"":""0x576ad8"",""EventIdx"":""1"",""Opcode"":""Info"",""EventReceivedTime"":""2022-04-15 08:06:10"",""@version"":""1"",""Task"":12554,""SubjectDomainName"":""-"",""GroupMembership"":""\r\n\t\t%{S-1-5-21-4020993649-1037605423-417876593-515}\r\n\t\t%{S-1-1-0}\r\n\t\t%{S-1-5-32-554}\r\n\t\t%{S-1-5-32-545}\r\n\t\t%{S-1-5-32-555}\r\n\t\t%{S-1-5-2}\r\n\t\t%{S-1-5-11}\r\n\t\t%{S-1-5-15}\r\n\t\t%{S-1-18-1}\r\n\t\t%{S-1-16-8448}"",""SourceModuleType"":""im_msvistalog"",""TargetDomainName"":""Cybertees.LOCAL"",""LogonType"":""3"",""Hostname"":""Salena.Adam"",""Keywords"":-9214364837600034816,""Version"":0,""tags"":[""splunk""]}",2022-04-15T08:06:07.000+0000,8,15,6,april,7,friday,2022,local,,AUDIT_SUCCESS,cybertees.net,cyber-host,windowslogs,1,60427,"{"""":,"""":,"""":""{----}"","""":""---"","""":,"""":""--_::"","""":""-",Event_logs.json,_json,ip-10-10-40-195,,splunk,,2022-04-15T12:06:10.424Z,
1,,,,,,,\device\harddiskvolume2\windows\system32\svchost.exe,,,,Filtering Platform Connection,Security,,,,,,,,,,,,,,,,,,,,,,,5158,,2022-04-15 8:06:10,2022-04-15 8:06:08,,4,,0,,,,,James.browne,,,,,,,,,,-9214364837600034816,%%14608,38,,,,,,,"The Windows Filtering Platform has permitted a bind to a local port.

Application Information:
	Process ID:		5564
	Application Name:	\device\harddiskvolume2\windows\system32\svchost.exe

Network Information:
	Source Address:		::1
	Source Port:		49453
	Protocol:		17

Filter Information:
	Filter Run-Time ID:	0
	Layer Name:		Resource Assignment
	Layer Run-Time ID:	38",,,,,,,,Info,0,,,,,,,,,,,5564,,,17,{54849625-5478-4994-A5BA-3E3B0328C30D},,,,73864,,,,,,,,,INFO,2,,,,,,::1,,,,,,eventlog,im_msvistalog,Microsoft-Windows-Security-Auditing,49453,,,,,,,,,,,,,,,,,,,,,,,12810,,,,1512,,,,,,,0,,,"{""ProcessId"":""5564"",""tags"":[""splunk""],""EventID"":5158,""RecordNumber"":73864,""ProviderGuid"":""{54849625-5478-4994-A5BA-3E3B0328C30D}"",""SourceName"":""Microsoft-Windows-Security-Auditing"",""OpcodeValue"":0,""EventTime"":""2022-04-15 08:06:08"",""FilterRTID"":""0"",""host"":""cybertees.net"",""SeverityValue"":2,""ExecutionProcessID"":4,""Category"":""Filtering Platform Connection"",""SourceModuleName"":""eventlog"",""Message"":""The Windows Filtering Platform has permitted a bind to a local port.\r\n\r\nApplication Information:\r\n\tProcess ID:\t\t5564\r\n\tApplication Name:\t\\device\\harddiskvolume2\\windows\\system32\\svchost.exe\r\n\r\nNetwork Information:\r\n\tSource Address:\t\t::1\r\n\tSource Port:\t\t49453\r\n\tProtocol:\t\t17\r\n\r\nFilter Information:\r\n\tFilter Run-Time ID:\t0\r\n\tLayer Name:\t\tResource Assignment\r\n\tLayer Run-Time ID:\t38"",""port"":60427,""Protocol"":""17"",""timestamp"":""2022-04-15T12:06:10.424Z"",""ThreadID"":1512,""Severity"":""INFO"",""EventType"":""AUDIT_SUCCESS"",""Channel"":""Security"",""SourceAddress"":""::1"",""Opcode"":""Info"",""EventReceivedTime"":""2022-04-15 08:06:10"",""@version"":""1"",""Task"":12810,""SourceModuleType"":""im_msvistalog"",""LayerName"":""%%14608"",""LayerRTID"":""38"",""Hostname"":""James.browne"",""Application"":""\\device\\harddiskvolume2\\windows\\system32\\svchost.exe"",""Keywords"":-9214364837600034816,""Version"":0,""SourcePort"":""49453""}",2022-04-15T08:06:07.000+0000,8,15,6,april,7,friday,2022,local,,AUDIT_SUCCESS,cybertees.net,cyber-host,windowslogs,1,60427,"{"""":"""","""":[""""],"""":,"""":,"""":""{----}"","""":""---"","""":,""""",Event_logs.json,_json,ip-10-10-40-195,,splunk,,2022-04-15T12:06:10.424Z,
1,,,,,,,,,Kerberos,,Logon,Security,,,,,,,,,,,,,,,,,,,,%%1842,,,4624,,2022-04-15 8:06:10,2022-04-15 8:06:09,,700,,,,,,,Salena.Adam,,,%%1833,,,172.90.12.11,60091,,0,-9214364837600034816,,,-,{ed04e1ac-be14-3827-5a51-8966d0b221b3},,Kerberos,3,,"An account was successfully logged on.

Subject:
	Security ID:		S-1-0-0
	Account Name:		-
	Account Domain:		-
	Logon ID:		0x0

Logon Information:
	Logon Type:		3
	Restricted Admin Mode:	-
	Virtual Account:		No
	Elevated Token:		Yes

Impersonation Level:		Impersonation

New Logon:
	Security ID:		S-1-5-21-4020993649-1037605423-417876593-1113
	Account Name:		WORKSTATION5$
	Account Domain:		Cybertees.LOCAL
	Logon ID:		0x576AD8
	Linked Logon ID:		0x0
	Network Account Name:	-
	Network Account Domain:	-
	Logon GUID:		{ed04e1ac-be14-3827-5a51-8966d0b221b3}

Process Information:
	Process ID:		0x0
	Process Name:		-

Network Information:
	Workstation Name:	-
	Source Network Address:	172.90.12.11
	Source Port:		60091

Detailed Authentication Information:
	Logon Process:		Kerberos
	Authentication Package:	Kerberos
	Transited Services:	-
	Package Name (NTLM only):	-
	Key Length:		0

This event is generated when a logon session is created. It is generated on the computer that was accessed.

The subject fields indicate the account on the local system which requested the logon. This is most commonly a service such as the Server service, or a local process such as Winlogon.exe or Services.exe.

The logon type field indicates the kind of logon that occurred. The most common types are 2 (interactive) and 3 (network).

The New Logon fields indicate the account for whom the new logon was created, i.e. the account that was logged on.

The network fields indicate where a remote logon request originated. Workstation name is not always available and may be left blank in some cases.

The impersonation level field indicates the extent to which a process in the logon session can impersonate.

The authentication information fields provide detailed information about this specific logon request.
	- Logon GUID is a unique identifier that can be used to correlate this event with a KDC event.
	- Transited services indicate which intermediate services have participated in this logon request.
	- Package name indicates which sub-protocol was used among the NTLM protocols.
	- Key length indicates the length of the generated session key. This will be 0 if no session key was requested.",,,,,,,,Info,0,,,,,,,,,,,0x0,-,,,{54849625-5478-4994-A5BA-3E3B0328C30D},,,,228454,,,,,-,,,,INFO,2,,,,,,,,,,,,eventlog,im_msvistalog,Microsoft-Windows-Security-Auditing,,,,,,,-,0x0,-,S-1-0-0,Cybertees.LOCAL,,,,0x0,0x576ad8,,-,-,,,WORKSTATION5$,S-1-5-21-4020993649-1037605423-417876593-1113,12544,,,,3168,,,-,,,,2,%%1843,-,"{""TargetOutboundUserName"":""-"",""EventID"":4624,""LogonProcessName"":""Kerberos"",""RecordNumber"":228454,""ProviderGuid"":""{54849625-5478-4994-A5BA-3E3B0328C30D}"",""SourceName"":""Microsoft-Windows-Security-Auditing"",""OpcodeValue"":0,""TargetLinkedLogonId"":""0x0"",""SourceModuleName"":""eventlog"",""WorkstationName"":""-"",""ExecutionProcessID"":700,""Category"":""Logon"",""RestrictedAdminMode"":""-"",""port"":60427,""TargetUserSid"":""S-1-5-21-4020993649-1037605423-417876593-1113"",""VirtualAccount"":""%%1843"",""ThreadID"":3168,""SubjectUserName"":""-"",""IpPort"":""60091"",""Severity"":""INFO"",""ProcessName"":""-"",""ElevatedToken"":""%%1842"",""EventType"":""AUDIT_SUCCESS"",""Channel"":""Security"",""LmPackageName"":""-"",""TargetLogonId"":""0x576ad8"",""Opcode"":""Info"",""EventReceivedTime"":""2022-04-15 08:06:10"",""Task"":12544,""SubjectDomainName"":""-"",""LogonGuid"":""{ed04e1ac-be14-3827-5a51-8966d0b221b3}"",""TargetDomainName"":""Cybertees.LOCAL"",""TransmittedServices"":""-"",""Keywords"":-9214364837600034816,""Version"":2,""ProcessId"":""0x0"",""tags"":[""splunk""],""SubjectUserSid"":""S-1-0-0"",""EventTime"":""2022-04-15 08:06:09"",""host"":""cybertees.net"",""SeverityValue"":2,""SubjectLogonId"":""0x0"",""TargetUserName"":""WORKSTATION5$"",""KeyLength"":""0"",""Message"":""An account was successfully logged on.\r\n\r\nSubject:\r\n\tSecurity ID:\t\tS-1-0-0\r\n\tAccount Name:\t\t-\r\n\tAccount Domain:\t\t-\r\n\tLogon ID:\t\t0x0\r\n\r\nLogon Information:\r\n\tLogon Type:\t\t3\r\n\tRestricted Admin Mode:\t-\r\n\tVirtual Account:\t\tNo\r\n\tElevated Token:\t\tYes\r\n\r\nImpersonation Level:\t\tImpersonation\r\n\r\nNew Logon:\r\n\tSecurity ID:\t\tS-1-5-21-4020993649-1037605423-417876593-1113\r\n\tAccount Name:\t\tWORKSTATION5$\r\n\tAccount Domain:\t\tCybertees.LOCAL\r\n\tLogon ID:\t\t0x576AD8\r\n\tLinked Logon ID:\t\t0x0\r\n\tNetwork Account Name:\t-\r\n\tNetwork Account Domain:\t-\r\n\tLogon GUID:\t\t{ed04e1ac-be14-3827-5a51-8966d0b221b3}\r\n\r\nProcess Information:\r\n\tProcess ID:\t\t0x0\r\n\tProcess Name:\t\t-\r\n\r\nNetwork Information:\r\n\tWorkstation Name:\t-\r\n\tSource Network Address:\t172.90.12.11\r\n\tSource Port:\t\t60091\r\n\r\nDetailed Authentication Information:\r\n\tLogon Process:\t\tKerberos\r\n\tAuthentication Package:\tKerberos\r\n\tTransited Services:\t-\r\n\tPackage Name (NTLM only):\t-\r\n\tKey Length:\t\t0\r\n\r\nThis event is generated when a logon session is created. It is generated on the computer that was accessed.\r\n\r\nThe subject fields indicate the account on the local system which requested the logon. This is most commonly a service such as the Server service, or a local process such as Winlogon.exe or Services.exe.\r\n\r\nThe logon type field indicates the kind of logon that occurred. The most common types are 2 (interactive) and 3 (network).\r\n\r\nThe New Logon fields indicate the account for whom the new logon was created, i.e. the account that was logged on.\r\n\r\nThe network fields indicate where a remote logon request originated. Workstation name is not always available and may be left blank in some cases.\r\n\r\nThe impersonation level field indicates the extent to which a process in the logon session can impersonate.\r\n\r\nThe authentication information fields provide detailed information about this specific logon request.\r\n\t- Logon GUID is a unique identifier that can be used to correlate this event with a KDC event.\r\n\t- Transited services indicate which intermediate services have participated in this logon request.\r\n\t- Package name indicates which sub-protocol was used among the NTLM protocols.\r\n\t- Key length indicates the length of the generated session key. This will be 0 if no session key was requested."",""timestamp"":""2022-04-15T12:06:10.422Z"",""AuthenticationPackageName"":""Kerberos"",""IpAddress"":""172.90.12.11"",""ImpersonationLevel"":""%%1833"",""@version"":""1"",""SourceModuleType"":""im_msvistalog"",""LogonType"":""3"",""Hostname"":""Salena.Adam"",""TargetOutboundDomainName"":""-""}",2022-04-15T08:06:07.000+0000,8,15,6,april,7,friday,2022,local,,AUDIT_SUCCESS,cybertees.net,cyber-host,windowslogs,1,60427,"{"""":""-"","""":,"""":"""","""":,"""":""{----}"","""":""---"","""":,"""":",Event_logs.json,_json,ip-10-10-40-195,,splunk,,2022-04-15T12:06:10.422Z,
1,,,,,,,\device\harddiskvolume2\windows\system32\svchost.exe,,,,Filtering Platform Connection,Security,,,,,,,,,,,,,,,,,,,,,,,5158,,2022-04-15 8:06:10,2022-04-15 8:06:08,,4,,70492,,,,,James.browne,,,,,,,,,,-9214364837600034816,%%14608,36,,,,,,,"The Windows Filtering Platform has permitted a bind to a local port.

Application Information:
	Process ID:		1044
	Application Name:	\device\harddiskvolume2\windows\system32\svchost.exe

Network Information:
	Source Address:		0.0.0.0
	Source Port:		3389
	Protocol:		17

Filter Information:
	Filter Run-Time ID:	70492
	Layer Name:		Resource Assignment
	Layer Run-Time ID:	36",,,,,,,,Info,0,,,,,,,,,,,1044,,,17,{54849625-5478-4994-A5BA-3E3B0328C30D},,,,73863,,,,,,,,,INFO,2,,,,,,0.0.0.0,,,,,,eventlog,im_msvistalog,Microsoft-Windows-Security-Auditing,3389,,,,,,,,,,,,,,,,,,,,,,,12810,,,,1512,,,,,,,0,,,"{""ProcessId"":""1044"",""tags"":[""splunk""],""EventID"":5158,""RecordNumber"":73863,""ProviderGuid"":""{54849625-5478-4994-A5BA-3E3B0328C30D}"",""SourceName"":""Microsoft-Windows-Security-Auditing"",""OpcodeValue"":0,""EventTime"":""2022-04-15 08:06:08"",""FilterRTID"":""70492"",""host"":""cybertees.net"",""SeverityValue"":2,""ExecutionProcessID"":4,""Category"":""Filtering Platform Connection"",""SourceModuleName"":""eventlog"",""Message"":""The Windows Filtering Platform has permitted a bind to a local port.\r\n\r\nApplication Information:\r\n\tProcess ID:\t\t1044\r\n\tApplication Name:\t\\device\\harddiskvolume2\\windows\\system32\\svchost.exe\r\n\r\nNetwork Information:\r\n\tSource Address:\t\t0.0.0.0\r\n\tSource Port:\t\t3389\r\n\tProtocol:\t\t17\r\n\r\nFilter Information:\r\n\tFilter Run-Time ID:\t70492\r\n\tLayer Name:\t\tResource Assignment\r\n\tLayer Run-Time ID:\t36"",""port"":60427,""Protocol"":""17"",""timestamp"":""2022-04-15T12:06:10.421Z"",""ThreadID"":1512,""Severity"":""INFO"",""EventType"":""AUDIT_SUCCESS"",""Channel"":""Security"",""SourceAddress"":""0.0.0.0"",""Opcode"":""Info"",""EventReceivedTime"":""2022-04-15 08:06:10"",""@version"":""1"",""Task"":12810,""SourceModuleType"":""im_msvistalog"",""LayerName"":""%%14608"",""LayerRTID"":""36"",""Hostname"":""James.browne"",""Application"":""\\device\\harddiskvolume2\\windows\\system32\\svchost.exe"",""Keywords"":-9214364837600034816,""Version"":0,""SourcePort"":""3389""}",2022-04-15T08:06:07.000+0000,8,15,6,april,7,friday,2022,local,,AUDIT_SUCCESS,cybertees.net,cyber-host,windowslogs,1,60427,"{"""":"""","""":[""""],"""":,"""":,"""":""{----}"","""":""---"","""":,""""",Event_logs.json,_json,ip-10-10-40-195,,splunk,,2022-04-15T12:06:10.421Z,
1,,,,,,,\device\harddiskvolume2\windows\system32\lsass.exe,,,,Filtering Platform Connection,Security,,,,,,,172.18.38.5,389,,,,,,,,%%14592,,,,,,,5156,,2022-04-15 8:06:10,2022-04-15 8:06:09,,4,,69848,,,,,Salena.Adam,,,,,,,,,,-9214364837600034816,%%14610,44,,,,,,,"The Windows Filtering Platform has permitted a connection.

Application Information:
	Process ID:		700
	Application Name:	\device\harddiskvolume2\windows\system32\lsass.exe

Network Information:
	Direction:		Inbound
	Source Address:		172.90.12.11
	Source Port:		60091
	Destination Address:	172.18.38.5
	Destination Port:		389
	Protocol:		6

Filter Information:
	Filter Run-Time ID:	69848
	Layer Name:		Receive/Accept
	Layer Run-Time ID:	44",,,,,,,,Info,0,,,,,,,,,,,700,,,6,{54849625-5478-4994-A5BA-3E3B0328C30D},,,,228453,,S-1-0-0,S-1-0-0,,,,,,INFO,2,,,,,,172.90.12.11,,,,,,eventlog,im_msvistalog,Microsoft-Windows-Security-Auditing,60091,,,,,,,,,,,,,,,,,,,,,,,12810,,,,96,,,,,,,1,,,"{""ProcessId"":""700"",""tags"":[""splunk""],""EventID"":5156,""RecordNumber"":228453,""ProviderGuid"":""{54849625-5478-4994-A5BA-3E3B0328C30D}"",""SourceName"":""Microsoft-Windows-Security-Auditing"",""OpcodeValue"":0,""EventTime"":""2022-04-15 08:06:09"",""FilterRTID"":""69848"",""host"":""cybertees.net"",""SeverityValue"":2,""ExecutionProcessID"":4,""Category"":""Filtering Platform Connection"",""SourceModuleName"":""eventlog"",""Direction"":""%%14592"",""Message"":""The Windows Filtering Platform has permitted a connection.\r\n\r\nApplication Information:\r\n\tProcess ID:\t\t700\r\n\tApplication Name:\t\\device\\harddiskvolume2\\windows\\system32\\lsass.exe\r\n\r\nNetwork Information:\r\n\tDirection:\t\tInbound\r\n\tSource Address:\t\t172.90.12.11\r\n\tSource Port:\t\t60091\r\n\tDestination Address:\t172.18.38.5\r\n\tDestination Port:\t\t389\r\n\tProtocol:\t\t6\r\n\r\nFilter Information:\r\n\tFilter Run-Time ID:\t69848\r\n\tLayer Name:\t\tReceive/Accept\r\n\tLayer Run-Time ID:\t44"",""port"":60427,""RemoteMachineID"":""S-1-0-0"",""Protocol"":""6"",""timestamp"":""2022-04-15T12:06:10.421Z"",""ThreadID"":96,""Severity"":""INFO"",""EventType"":""AUDIT_SUCCESS"",""Channel"":""Security"",""SourceAddress"":""172.90.12.11"",""Opcode"":""Info"",""EventReceivedTime"":""2022-04-15 08:06:10"",""DestAddress"":""172.18.38.5"",""@version"":""1"",""Task"":12810,""SourceModuleType"":""im_msvistalog"",""LayerName"":""%%14610"",""DestPort"":""389"",""LayerRTID"":""44"",""RemoteUserID"":""S-1-0-0"",""Hostname"":""Salena.Adam"",""Application"":""\\device\\harddiskvolume2\\windows\\system32\\lsass.exe"",""Keywords"":-9214364837600034816,""Version"":1,""SourcePort"":""60091""}",2022-04-15T08:06:07.000+0000,8,15,6,april,7,friday,2022,local,,AUDIT_SUCCESS,cybertees.net,cyber-host,windowslogs,1,60427,"{"""":"""","""":[""""],"""":,"""":,"""":""{----}"","""":""---"","""":,""""",Event_logs.json,_json,ip-10-10-40-195,,splunk,,2022-04-15T12:06:10.421Z,
1,,,,,,,\device\harddiskvolume2\windows\system32\svchost.exe,,,,Filtering Platform Connection,Security,,,,,,,,,,,,,,,,,,,,,,,5158,,2022-04-15 8:06:10,2022-04-15 8:06:08,,4,,70412,,,,,James.browne,,,,,,,,,,-9214364837600034816,%%14608,36,,,,,,,"The Windows Filtering Platform has permitted a bind to a local port.

Application Information:
	Process ID:		6076
	Application Name:	\device\harddiskvolume2\windows\system32\svchost.exe

Network Information:
	Source Address:		0.0.0.0
	Source Port:		5050
	Protocol:		17

Filter Information:
	Filter Run-Time ID:	70412
	Layer Name:		Resource Assignment
	Layer Run-Time ID:	36",,,,,,,,Info,0,,,,,,,,,,,6076,,,17,{54849625-5478-4994-A5BA-3E3B0328C30D},,,,73862,,,,,,,,,INFO,2,,,,,,0.0.0.0,,,,,,eventlog,im_msvistalog,Microsoft-Windows-Security-Auditing,5050,,,,,,,,,,,,,,,,,,,,,,,12810,,,,1512,,,,,,,0,,,"{""ProcessId"":""6076"",""tags"":[""splunk""],""EventID"":5158,""RecordNumber"":73862,""ProviderGuid"":""{54849625-5478-4994-A5BA-3E3B0328C30D}"",""SourceName"":""Microsoft-Windows-Security-Auditing"",""OpcodeValue"":0,""EventTime"":""2022-04-15 08:06:08"",""FilterRTID"":""70412"",""host"":""cybertees.net"",""SeverityValue"":2,""ExecutionProcessID"":4,""Category"":""Filtering Platform Connection"",""SourceModuleName"":""eventlog"",""Message"":""The Windows Filtering Platform has permitted a bind to a local port.\r\n\r\nApplication Information:\r\n\tProcess ID:\t\t6076\r\n\tApplication Name:\t\\device\\harddiskvolume2\\windows\\system32\\svchost.exe\r\n\r\nNetwork Information:\r\n\tSource Address:\t\t0.0.0.0\r\n\tSource Port:\t\t5050\r\n\tProtocol:\t\t17\r\n\r\nFilter Information:\r\n\tFilter Run-Time ID:\t70412\r\n\tLayer Name:\t\tResource Assignment\r\n\tLayer Run-Time ID:\t36"",""port"":60427,""Protocol"":""17"",""timestamp"":""2022-04-15T12:06:10.421Z"",""ThreadID"":1512,""Severity"":""INFO"",""EventType"":""AUDIT_SUCCESS"",""Channel"":""Security"",""SourceAddress"":""0.0.0.0"",""Opcode"":""Info"",""EventReceivedTime"":""2022-04-15 08:06:10"",""@version"":""1"",""Task"":12810,""SourceModuleType"":""im_msvistalog"",""LayerName"":""%%14608"",""LayerRTID"":""36"",""Hostname"":""James.browne"",""Application"":""\\device\\harddiskvolume2\\windows\\system32\\svchost.exe"",""Keywords"":-9214364837600034816,""Version"":0,""SourcePort"":""5050""}",2022-04-15T08:06:07.000+0000,8,15,6,april,7,friday,2022,local,,AUDIT_SUCCESS,cybertees.net,cyber-host,windowslogs,1,60427,"{"""":"""","""":[""""],"""":,"""":,"""":""{----}"","""":""---"","""":,""""",Event_logs.json,_json,ip-10-10-40-195,,splunk,,2022-04-15T12:06:10.421Z,
1,,,,,,,,,,,Logoff,Security,,,,,,,,,,,,,,,,,,,,,,,4634,,2022-04-15 8:06:10,2022-04-15 8:06:09,,700,,,,,,,Salena.Adam,,,,,,,,,,-9214364837600034816,,,,,,,3,,"An account was logged off.

Subject:
	Security ID:		S-1-5-21-4020993649-1037605423-417876593-1113
	Account Name:		WORKSTATION5$
	Account Domain:		Cybertees
	Logon ID:		0x576AB6

Logon Type:			3

This event is generated when a logon session is destroyed. It may be positively correlated with a logon event using the Logon ID value. Logon IDs are only unique between reboots on the same computer.",,,,,,,,Info,0,,,,,,,,,,,,,,,{54849625-5478-4994-A5BA-3E3B0328C30D},,,,228452,,,,,,,,,INFO,2,,,,,,,,,,,,eventlog,im_msvistalog,Microsoft-Windows-Security-Auditing,,,,,,,,,,,Cybertees,,,,,0x576ab6,,,,,,WORKSTATION5$,S-1-5-21-4020993649-1037605423-417876593-1113,12545,,,,5660,,,,,,,0,,,"{""EventID"":4634,""RecordNumber"":228452,""ProviderGuid"":""{54849625-5478-4994-A5BA-3E3B0328C30D}"",""SourceName"":""Microsoft-Windows-Security-Auditing"",""OpcodeValue"":0,""EventTime"":""2022-04-15 08:06:09"",""SourceModuleName"":""eventlog"",""host"":""cybertees.net"",""SeverityValue"":2,""ExecutionProcessID"":700,""Category"":""Logoff"",""TargetUserName"":""WORKSTATION5$"",""Message"":""An account was logged off.\r\n\r\nSubject:\r\n\tSecurity ID:\t\tS-1-5-21-4020993649-1037605423-417876593-1113\r\n\tAccount Name:\t\tWORKSTATION5$\r\n\tAccount Domain:\t\tCybertees\r\n\tLogon ID:\t\t0x576AB6\r\n\r\nLogon Type:\t\t\t3\r\n\r\nThis event is generated when a logon session is destroyed. It may be positively correlated with a logon event using the Logon ID value. Logon IDs are only unique between reboots on the same computer."",""port"":60427,""TargetUserSid"":""S-1-5-21-4020993649-1037605423-417876593-1113"",""timestamp"":""2022-04-15T12:06:10.421Z"",""ThreadID"":5660,""Severity"":""INFO"",""EventType"":""AUDIT_SUCCESS"",""Channel"":""Security"",""TargetLogonId"":""0x576ab6"",""Opcode"":""Info"",""EventReceivedTime"":""2022-04-15 08:06:10"",""@version"":""1"",""Task"":12545,""SourceModuleType"":""im_msvistalog"",""TargetDomainName"":""Cybertees"",""LogonType"":""3"",""Hostname"":""Salena.Adam"",""Keywords"":-9214364837600034816,""Version"":0,""tags"":[""splunk""]}",2022-04-15T08:06:07.000+0000,8,15,6,april,7,friday,2022,local,,AUDIT_SUCCESS,cybertees.net,cyber-host,windowslogs,1,60427,"{"""":,"""":,"""":""{----}"","""":""---"","""":,"""":""--_::"","""":""""",Event_logs.json,_json,ip-10-10-40-195,,splunk,,2022-04-15T12:06:10.421Z,
1,,,,,,,\device\harddiskvolume2\windows\system32\svchost.exe,,,,Filtering Platform Connection,Security,,,,,,,,,,,,,,,,,,,,,,,5154,,2022-04-15 8:06:10,2022-04-15 8:06:08,,4,,70488,,,,,James.browne,,,,,,,,,,-9214364837600034816,%%14609,40,,,,,,,"The Windows Filtering Platform has permitted an application or service to listen on a port for incoming connections.

Application Information:
	Process ID:		1044
	Application Name:	\device\harddiskvolume2\windows\system32\svchost.exe

Network Information:
	Source Address:		0.0.0.0
	Source Port:		3389
	Protocol:		6

Filter Information:
	Filter Run-Time ID:	70488
	Layer Name:		Listen
	Layer Run-Time ID:	40",,,,,,,,Info,0,,,,,,,,,,,1044,,,6,{54849625-5478-4994-A5BA-3E3B0328C30D},,,,73861,,,,,,,,,INFO,2,,,,,,0.0.0.0,,,,,,eventlog,im_msvistalog,Microsoft-Windows-Security-Auditing,3389,,,,,,,,,,,,,,,,,,,,,,,12810,,,,1512,,,,,,,0,,,"{""ProcessId"":""1044"",""tags"":[""splunk""],""EventID"":5154,""RecordNumber"":73861,""ProviderGuid"":""{54849625-5478-4994-A5BA-3E3B0328C30D}"",""SourceName"":""Microsoft-Windows-Security-Auditing"",""OpcodeValue"":0,""EventTime"":""2022-04-15 08:06:08"",""FilterRTID"":""70488"",""host"":""cybertees.net"",""SeverityValue"":2,""ExecutionProcessID"":4,""Category"":""Filtering Platform Connection"",""SourceModuleName"":""eventlog"",""Message"":""The Windows Filtering Platform has permitted an application or service to listen on a port for incoming connections.\r\n\r\nApplication Information:\r\n\tProcess ID:\t\t1044\r\n\tApplication Name:\t\\device\\harddiskvolume2\\windows\\system32\\svchost.exe\r\n\r\nNetwork Information:\r\n\tSource Address:\t\t0.0.0.0\r\n\tSource Port:\t\t3389\r\n\tProtocol:\t\t6\r\n\r\nFilter Information:\r\n\tFilter Run-Time ID:\t70488\r\n\tLayer Name:\t\tListen\r\n\tLayer Run-Time ID:\t40"",""port"":60427,""Protocol"":""6"",""timestamp"":""2022-04-15T12:06:10.420Z"",""ThreadID"":1512,""Severity"":""INFO"",""EventType"":""AUDIT_SUCCESS"",""Channel"":""Security"",""SourceAddress"":""0.0.0.0"",""Opcode"":""Info"",""EventReceivedTime"":""2022-04-15 08:06:10"",""@version"":""1"",""Task"":12810,""SourceModuleType"":""im_msvistalog"",""LayerName"":""%%14609"",""LayerRTID"":""40"",""Hostname"":""James.browne"",""Application"":""\\device\\harddiskvolume2\\windows\\system32\\svchost.exe"",""Keywords"":-9214364837600034816,""Version"":0,""SourcePort"":""3389""}",2022-04-15T08:06:07.000+0000,8,15,6,april,7,friday,2022,local,,AUDIT_SUCCESS,cybertees.net,cyber-host,windowslogs,1,60427,"{"""":"""","""":[""""],"""":,"""":,"""":""{----}"","""":""---"","""":,""""",Event_logs.json,_json,ip-10-10-40-195,,splunk,,2022-04-15T12:06:10.420Z,
1,,,,,,,,,,,Group Membership,Security,,,,,,,,,,,,,,,,,,,,,,1,4627,1,2022-04-15 8:06:10,2022-04-15 8:06:09,,700,,,,"
		%{S-1-5-21-4020993649-1037605423-417876593-515}
		%{S-1-1-0}
		%{S-1-5-32-554}
		%{S-1-5-32-545}
		%{S-1-5-32-555}
		%{S-1-5-2}
		%{S-1-5-11}
		%{S-1-5-15}
		%{S-1-18-1}
		%{S-1-16-8448}",,,Salena.Adam,,,,,,,,,,-9214364837600034816,,,,,,,3,,"Group membership information.

Subject:
	Security ID:		S-1-0-0
	Account Name:		-
	Account Domain:		-
	Logon ID:		0x0

Logon Type:			3

New Logon:
	Security ID:		S-1-5-21-4020993649-1037605423-417876593-1113
	Account Name:		WORKSTATION5$
	Account Domain:		Cybertees.LOCAL
	Logon ID:		0x576AB6

Event in sequence:		1 of 1

Group Membership:			
		%{S-1-5-21-4020993649-1037605423-417876593-515}
		%{S-1-1-0}
		%{S-1-5-32-554}
		%{S-1-5-32-545}
		%{S-1-5-32-555}
		%{S-1-5-2}
		%{S-1-5-11}
		%{S-1-5-15}
		%{S-1-18-1}
		%{S-1-16-8448}

The subject fields indicate the account on the local system which requested the logon. This is most commonly a service such as the Server service, or a local process such as Winlogon.exe or Services.exe.

The logon type field indicates the kind of logon that occurred. The most common types are 2 (interactive) and 3 (network).

The New Logon fields indicate the account for whom the new logon was created, i.e. the account that was logged on.

