1,,,,SYSTEM,User,,,,,,Registry object added or deleted (rule: RegistryEvent),Microsoft-Windows-Sysmon/Operational,,,,,,,,,,,,,,,,,,NT AUTHORITY,,,,,12,,2022-04-15 8:06:27,2022-04-15 8:06:25,INFO,3524,,,,,,,James.browne,C:\windows\system32\backgroundTaskHost.exe,,,,,,,,,-9223372036854775808,,,,,,,,,"Registry object added or deleted:
RuleName: -
EventType: CreateKey
UtcTime: 2022-04-15 12:06:25.675
ProcessGuid: {2d351099-5cc0-5f5f-3904-000000000400}
ProcessId: 5200
Image: C:\windows\system32\backgroundTaskHost.exe
TargetObject: \REGISTRY\A\{24ba27e4-e200-c615-e39b-bc4b3589a3be}\LocalState",,,,,,,,Info,0,,,,,,,,,,{2d351099-5cc0-5f5f-3904-000000000400},5200,,,,{5770385F-C22A-43E0-BF4C-06F5698FFBD9},,,,425629,,,,,,,-,,INFO,2,,,,,,,,,,,,eventlog,im_msvistalog,Microsoft-Windows-Sysmon,,,,,,,,,,,,,,,,,\REGISTRY\A\{24ba27e4-e200-c615-e39b-bc4b3589a3be}\LocalState,,,,,,,12,,,,4688,,,,,S-1-5-18,2022-04-15 12:06:26,2,,,"{""Image"":""C:\\windows\\system32\\backgroundTaskHost.exe"",""ProcessId"":""5200"",""EventID"":12,""tags"":[""splunk""],""RecordNumber"":425629,""ProviderGuid"":""{5770385F-C22A-43E0-BF4C-06F5698FFBD9}"",""SourceName"":""Microsoft-Windows-Sysmon"",""OpcodeValue"":0,""EventTime"":""2022-04-15 08:06:25"",""AccountName"":""SYSTEM"",""host"":""cybertees.net"",""SeverityValue"":2,""ExecutionProcessID"":3524,""AccountType"":""User"",""Category"":""Registry object added or deleted (rule: RegistryEvent)"",""SourceModuleName"":""eventlog"",""Domain"":""NT AUTHORITY"",""Message"":""Registry object added or deleted:\r\nRuleName: -\r\nEventType: CreateKey\r\nUtcTime: 2022-04-15 12:06:25.675\r\nProcessGuid: {2d351099-5cc0-5f5f-3904-000000000400}\r\nProcessId: 5200\r\nImage: C:\\windows\\system32\\backgroundTaskHost.exe\r\nTargetObject: \\REGISTRY\\A\\{24ba27e4-e200-c615-e39b-bc4b3589a3be}\\LocalState"",""port"":60427,""UserID"":""S-1-5-18"",""UtcTime"":""2022-04-15 12:06:25.675"",""timestamp"":""2022-04-15T12:06:27.557Z"",""ThreadID"":4688,""Severity"":""INFO"",""EventTypeOrignal"":""INFO"",""EventType"":""CreateKey"",""Channel"":""Microsoft-Windows-Sysmon/Operational"",""TargetObject"":""\\REGISTRY\\A\\{24ba27e4-e200-c615-e39b-bc4b3589a3be}\\LocalState"",""Opcode"":""Info"",""EventReceivedTime"":""2022-04-15 08:06:27"",""@version"":""1"",""Task"":12,""SourceModuleType"":""im_msvistalog"",""RuleName"":""-"",""Hostname"":""James.browne"",""Keywords"":-9223372036854775808,""Version"":2,""ProcessGuid"":""{2d351099-5cc0-5f5f-3904-000000000400}""}",2022-04-15T08:06:22.000+0000,8,15,6,april,22,friday,2022,local,,CreateKey,cybertees.net,cyber-host,windowslogs,1,60427,"{"""":"":\\\\\\."","""":"""","""":,"""":[""""],"""":,"""":""{----}"",""",Event_logs.json,_json,ip-10-10-40-195,,splunk,,2022-04-15T12:06:27.557Z,
1,,,,SYSTEM,User,,,,,,Registry object added or deleted (rule: RegistryEvent),Microsoft-Windows-Sysmon/Operational,,,,,,,,,,,,,,,,,,NT AUTHORITY,,,,,12,,2022-04-15 8:06:27,2022-04-15 8:06:25,INFO,3524,,,,,,,James.browne,C:\windows\system32\backgroundTaskHost.exe,,,,,,,,,-9223372036854775808,,,,,,,,,"Registry object added or deleted:
RuleName: -
EventType: CreateKey
UtcTime: 2022-04-15 12:06:25.675
ProcessGuid: {2d351099-5cc0-5f5f-3904-000000000400}
ProcessId: 5200
Image: C:\windows\system32\backgroundTaskHost.exe
TargetObject: \REGISTRY\A\{24ba27e4-e200-c615-e39b-bc4b3589a3be}\LocalState",,,,,,,,Info,0,,,,,,,,,,{2d351099-5cc0-5f5f-3904-000000000400},5200,,,,{5770385F-C22A-43E0-BF4C-06F5698FFBD9},,,,425628,,,,,,,-,,INFO,2,,,,,,,,,,,,eventlog,im_msvistalog,Microsoft-Windows-Sysmon,,,,,,,,,,,,,,,,,\REGISTRY\A\{24ba27e4-e200-c615-e39b-bc4b3589a3be}\LocalState,,,,,,,12,,,,4688,,,,,S-1-5-18,2022-04-15 12:06:26,2,,,"{""Image"":""C:\\windows\\system32\\backgroundTaskHost.exe"",""ProcessId"":""5200"",""EventID"":12,""tags"":[""splunk""],""RecordNumber"":425628,""ProviderGuid"":""{5770385F-C22A-43E0-BF4C-06F5698FFBD9}"",""SourceName"":""Microsoft-Windows-Sysmon"",""OpcodeValue"":0,""EventTime"":""2022-04-15 08:06:25"",""AccountName"":""SYSTEM"",""host"":""cybertees.net"",""SeverityValue"":2,""ExecutionProcessID"":3524,""AccountType"":""User"",""Category"":""Registry object added or deleted (rule: RegistryEvent)"",""SourceModuleName"":""eventlog"",""Domain"":""NT AUTHORITY"",""Message"":""Registry object added or deleted:\r\nRuleName: -\r\nEventType: CreateKey\r\nUtcTime: 2022-04-15 12:06:25.675\r\nProcessGuid: {2d351099-5cc0-5f5f-3904-000000000400}\r\nProcessId: 5200\r\nImage: C:\\windows\\system32\\backgroundTaskHost.exe\r\nTargetObject: \\REGISTRY\\A\\{24ba27e4-e200-c615-e39b-bc4b3589a3be}\\LocalState"",""port"":60427,""UserID"":""S-1-5-18"",""UtcTime"":""2022-04-15 12:06:25.675"",""timestamp"":""2022-04-15T12:06:27.557Z"",""ThreadID"":4688,""Severity"":""INFO"",""EventTypeOrignal"":""INFO"",""EventType"":""CreateKey"",""Channel"":""Microsoft-Windows-Sysmon/Operational"",""TargetObject"":""\\REGISTRY\\A\\{24ba27e4-e200-c615-e39b-bc4b3589a3be}\\LocalState"",""Opcode"":""Info"",""EventReceivedTime"":""2022-04-15 08:06:27"",""@version"":""1"",""Task"":12,""SourceModuleType"":""im_msvistalog"",""RuleName"":""-"",""Hostname"":""James.browne"",""Keywords"":-9223372036854775808,""Version"":2,""ProcessGuid"":""{2d351099-5cc0-5f5f-3904-000000000400}""}",2022-04-15T08:06:22.000+0000,8,15,6,april,22,friday,2022,local,,CreateKey,cybertees.net,cyber-host,windowslogs,1,60427,"{"""":"":\\\\\\."","""":"""","""":,"""":[""""],"""":,"""":""{----}"",""",Event_logs.json,_json,ip-10-10-40-195,,splunk,,2022-04-15T12:06:27.557Z,
1,,,,SYSTEM,User,,,,,,Registry object added or deleted (rule: RegistryEvent),Microsoft-Windows-Sysmon/Operational,,,,,,,,,,,,,,,,,,NT AUTHORITY,,,,,12,,2022-04-15 8:06:27,2022-04-15 8:06:25,INFO,3524,,,,,,,James.browne,C:\windows\system32\backgroundTaskHost.exe,,,,,,,,,-9223372036854775808,,,,,,,,,"Registry object added or deleted:
RuleName: -
EventType: CreateKey
UtcTime: 2022-04-15 12:06:25.675
ProcessGuid: {2d351099-5cc0-5f5f-3904-000000000400}
ProcessId: 5200
Image: C:\windows\system32\backgroundTaskHost.exe
TargetObject: \REGISTRY\A\{24ba27e4-e200-c615-e39b-bc4b3589a3be}\LocalState",,,,,,,,Info,0,,,,,,,,,,{2d351099-5cc0-5f5f-3904-000000000400},5200,,,,{5770385F-C22A-43E0-BF4C-06F5698FFBD9},,,,425627,,,,,,,-,,INFO,2,,,,,,,,,,,,eventlog,im_msvistalog,Microsoft-Windows-Sysmon,,,,,,,,,,,,,,,,,\REGISTRY\A\{24ba27e4-e200-c615-e39b-bc4b3589a3be}\LocalState,,,,,,,12,,,,4688,,,,,S-1-5-18,2022-04-15 12:06:26,2,,,"{""Image"":""C:\\windows\\system32\\backgroundTaskHost.exe"",""ProcessId"":""5200"",""EventID"":12,""tags"":[""splunk""],""RecordNumber"":425627,""ProviderGuid"":""{5770385F-C22A-43E0-BF4C-06F5698FFBD9}"",""SourceName"":""Microsoft-Windows-Sysmon"",""OpcodeValue"":0,""EventTime"":""2022-04-15 08:06:25"",""AccountName"":""SYSTEM"",""host"":""cybertees.net"",""SeverityValue"":2,""ExecutionProcessID"":3524,""AccountType"":""User"",""Category"":""Registry object added or deleted (rule: RegistryEvent)"",""SourceModuleName"":""eventlog"",""Domain"":""NT AUTHORITY"",""Message"":""Registry object added or deleted:\r\nRuleName: -\r\nEventType: CreateKey\r\nUtcTime: 2022-04-15 12:06:25.675\r\nProcessGuid: {2d351099-5cc0-5f5f-3904-000000000400}\r\nProcessId: 5200\r\nImage: C:\\windows\\system32\\backgroundTaskHost.exe\r\nTargetObject: \\REGISTRY\\A\\{24ba27e4-e200-c615-e39b-bc4b3589a3be}\\LocalState"",""port"":60427,""UserID"":""S-1-5-18"",""UtcTime"":""2022-04-15 12:06:25.675"",""timestamp"":""2022-04-15T12:06:27.557Z"",""ThreadID"":4688,""Severity"":""INFO"",""EventTypeOrignal"":""INFO"",""EventType"":""CreateKey"",""Channel"":""Microsoft-Windows-Sysmon/Operational"",""TargetObject"":""\\REGISTRY\\A\\{24ba27e4-e200-c615-e39b-bc4b3589a3be}\\LocalState"",""Opcode"":""Info"",""EventReceivedTime"":""2022-04-15 08:06:27"",""@version"":""1"",""Task"":12,""SourceModuleType"":""im_msvistalog"",""RuleName"":""-"",""Hostname"":""James.browne"",""Keywords"":-9223372036854775808,""Version"":2,""ProcessGuid"":""{2d351099-5cc0-5f5f-3904-000000000400}""}",2022-04-15T08:06:22.000+0000,8,15,6,april,22,friday,2022,local,,CreateKey,cybertees.net,cyber-host,windowslogs,1,60427,"{"""":"":\\\\\\."","""":"""","""":,"""":[""""],"""":,"""":""{----}"",""",Event_logs.json,_json,ip-10-10-40-195,,splunk,,2022-04-15T12:06:27.557Z,
1,,,,SYSTEM,User,,,,,C:\windows\SYSTEM32\ntdll.dll+9d104|C:\windows\System32\RPCRT4.dll+2d2f4|C:\windows\System32\combase.dll+b84ab|C:\Windows\System32\RuntimeBroker.exe+3a5b|C:\Windows\System32\RuntimeBroker.exe+38be|C:\windows\System32\RPCRT4.dll+76a53|C:\windows\System32\RPCRT4.dll+da036|C:\windows\System32\RPCRT4.dll+38359|C:\windows\System32\combase.dll+a5cd3|C:\windows\System32\combase.dll+8d0a3|C:\windows\System32\combase.dll+8ce93|C:\windows\System32\combase.dll+a9516|C:\windows\System32\combase.dll+8a4ba|C:\windows\System32\combase.dll+a47ad|C:\windows\System32\combase.dll+4019c|C:\windows\System32\combase.dll+40a01|C:\windows\System32\combase.dll+421a8|C:\windows\System32\RPCRT4.dll+54998|C:\windows\System32\RPCRT4.dll+2c951|C:\windows\System32\RPCRT4.dll+2c4a0|C:\windows\System32\RPCRT4.dll+1a6bf|C:\windows\System32\RPCRT4.dll+19d1a|C:\windows\System32\RPCRT4.dll+19301|C:\windows\System32\RPCRT4.dll+18d6e,Process accessed (rule: ProcessAccess),Microsoft-Windows-Sysmon/Operational,,,,,,,,,,,,,,,,,,NT AUTHORITY,,,,,10,,2022-04-15 8:06:27,2022-04-15 8:06:25,,3524,,,0x1000,,,,James.browne,,,,,,,,,,-9223372036854775808,,,,,,,,,"Process accessed:
RuleName: -
UtcTime: 2022-04-15 12:06:25.675
SourceProcessGUID: {2d351099-5cc0-5f5f-3b04-000000000400}
SourceProcessId: 9496
SourceThreadId: 9468
SourceImage: C:\Windows\System32\RuntimeBroker.exe
TargetProcessGUID: {2d351099-5cc0-5f5f-3904-000000000400}
TargetProcessId: 5200
TargetImage: C:\windows\system32\backgroundTaskHost.exe
GrantedAccess: 0x1000
CallTrace: C:\windows\SYSTEM32\ntdll.dll+9d104|C:\windows\System32\RPCRT4.dll+2d2f4|C:\windows\System32\combase.dll+b84ab|C:\Windows\System32\RuntimeBroker.exe+3a5b|C:\Windows\System32\RuntimeBroker.exe+38be|C:\windows\System32\RPCRT4.dll+76a53|C:\windows\System32\RPCRT4.dll+da036|C:\windows\System32\RPCRT4.dll+38359|C:\windows\System32\combase.dll+a5cd3|C:\windows\System32\combase.dll+8d0a3|C:\windows\System32\combase.dll+8ce93|C:\windows\System32\combase.dll+a9516|C:\windows\System32\combase.dll+8a4ba|C:\windows\System32\combase.dll+a47ad|C:\windows\System32\combase.dll+4019c|C:\windows\System32\combase.dll+40a01|C:\windows\System32\combase.dll+421a8|C:\windows\System32\RPCRT4.dll+54998|C:\windows\System32\RPCRT4.dll+2c951|C:\windows\System32\RPCRT4.dll+2c4a0|C:\windows\System32\RPCRT4.dll+1a6bf|C:\windows\System32\RPCRT4.dll+19d1a|C:\windows\System32\RPCRT4.dll+19301|C:\windows\System32\RPCRT4.dll+18d6e",,,,,,,,Info,0,,,,,,,,,,,9496,,,,{5770385F-C22A-43E0-BF4C-06F5698FFBD9},,,,425626,,,,,,,-,,INFO,2,,,,,,,,,C:\Windows\System32\RuntimeBroker.exe,,,eventlog,im_msvistalog,Microsoft-Windows-Sysmon,,,{2d351099-5cc0-5f5f-3b04-000000000400},9496,9468,,,,,,,,,C:\windows\system32\backgroundTaskHost.exe,,,,,,{2d351099-5cc0-5f5f-3904-000000000400},5200,,,10,,,,4688,,,,,S-1-5-18,2022-04-15 12:06:26,3,,,"{""EventID"":10,""RecordNumber"":425626,""ProviderGuid"":""{5770385F-C22A-43E0-BF4C-06F5698FFBD9}"",""SourceName"":""Microsoft-Windows-Sysmon"",""OpcodeValue"":0,""AccountName"":""SYSTEM"",""SourceImage"":""C:\\Windows\\System32\\RuntimeBroker.exe"",""SourceModuleName"":""eventlog"",""ExecutionProcessID"":3524,""AccountType"":""User"",""Category"":""Process accessed (rule: ProcessAccess)"",""SourceProcessId"":""9496"",""Domain"":""NT AUTHORITY"",""port"":60427,""ThreadID"":4688,""Severity"":""INFO"",""EventType"":""INFO"",""Channel"":""Microsoft-Windows-Sysmon/Operational"",""Opcode"":""Info"",""EventReceivedTime"":""2022-04-15 08:06:27"",""Task"":10,""RuleName"":""-"",""Keywords"":-9223372036854775808,""Version"":3,""ProcessId"":""9496"",""tags"":[""splunk""],""GrantedAccess"":""0x1000"",""SourceProcessGUID"":""{2d351099-5cc0-5f5f-3b04-000000000400}"",""EventTime"":""2022-04-15 08:06:25"",""host"":""cybertees.net"",""SeverityValue"":2,""CallTrace"":""C:\\windows\\SYSTEM32\\ntdll.dll+9d104|C:\\windows\\System32\\RPCRT4.dll+2d2f4|C:\\windows\\System32\\combase.dll+b84ab|C:\\Windows\\System32\\RuntimeBroker.exe+3a5b|C:\\Windows\\System32\\RuntimeBroker.exe+38be|C:\\windows\\System32\\RPCRT4.dll+76a53|C:\\windows\\System32\\RPCRT4.dll+da036|C:\\windows\\System32\\RPCRT4.dll+38359|C:\\windows\\System32\\combase.dll+a5cd3|C:\\windows\\System32\\combase.dll+8d0a3|C:\\windows\\System32\\combase.dll+8ce93|C:\\windows\\System32\\combase.dll+a9516|C:\\windows\\System32\\combase.dll+8a4ba|C:\\windows\\System32\\combase.dll+a47ad|C:\\windows\\System32\\combase.dll+4019c|C:\\windows\\System32\\combase.dll+40a01|C:\\windows\\System32\\combase.dll+421a8|C:\\windows\\System32\\RPCRT4.dll+54998|C:\\windows\\System32\\RPCRT4.dll+2c951|C:\\windows\\System32\\RPCRT4.dll+2c4a0|C:\\windows\\System32\\RPCRT4.dll+1a6bf|C:\\windows\\System32\\RPCRT4.dll+19d1a|C:\\windows\\System32\\RPCRT4.dll+19301|C:\\windows\\System32\\RPCRT4.dll+18d6e"",""Message"":""Process accessed:\r\nRuleName: -\r\nUtcTime: 2022-04-15 12:06:25.675\r\nSourceProcessGUID: {2d351099-5cc0-5f5f-3b04-000000000400}\r\nSourceProcessId: 9496\r\nSourceThreadId: 9468\r\nSourceImage: C:\\Windows\\System32\\RuntimeBroker.exe\r\nTargetProcessGUID: {2d351099-5cc0-5f5f-3904-000000000400}\r\nTargetProcessId: 5200\r\nTargetImage: C:\\windows\\system32\\backgroundTaskHost.exe\r\nGrantedAccess: 0x1000\r\nCallTrace: C:\\windows\\SYSTEM32\\ntdll.dll+9d104|C:\\windows\\System32\\RPCRT4.dll+2d2f4|C:\\windows\\System32\\combase.dll+b84ab|C:\\Windows\\System32\\RuntimeBroker.exe+3a5b|C:\\Windows\\System32\\RuntimeBroker.exe+38be|C:\\windows\\System32\\RPCRT4.dll+76a53|C:\\windows\\System32\\RPCRT4.dll+da036|C:\\windows\\System32\\RPCRT4.dll+38359|C:\\windows\\System32\\combase.dll+a5cd3|C:\\windows\\System32\\combase.dll+8d0a3|C:\\windows\\System32\\combase.dll+8ce93|C:\\windows\\System32\\combase.dll+a9516|C:\\windows\\System32\\combase.dll+8a4ba|C:\\windows\\System32\\combase.dll+a47ad|C:\\windows\\System32\\combase.dll+4019c|C:\\windows\\System32\\combase.dll+40a01|C:\\windows\\System32\\combase.dll+421a8|C:\\windows\\System32\\RPCRT4.dll+54998|C:\\windows\\System32\\RPCRT4.dll+2c951|C:\\windows\\System32\\RPCRT4.dll+2c4a0|C:\\windows\\System32\\RPCRT4.dll+1a6bf|C:\\windows\\System32\\RPCRT4.dll+19d1a|C:\\windows\\System32\\RPCRT4.dll+19301|C:\\windows\\System32\\RPCRT4.dll+18d6e"",""UtcTime"":""2022-04-15 12:06:25.675"",""UserID"":""S-1-5-18"",""timestamp"":""2022-04-15T12:06:27.555Z"",""TargetProcessId"":""5200"",""SourceThreadId"":""9468"",""@version"":""1"",""TargetProcessGUID"":""{2d351099-5cc0-5f5f-3904-000000000400}"",""SourceModuleType"":""im_msvistalog"",""TargetImage"":""C:\\windows\\system32\\backgroundTaskHost.exe"",""Hostname"":""James.browne""}",2022-04-15T08:06:22.000+0000,8,15,6,april,22,friday,2022,local,,INFO,cybertees.net,cyber-host,windowslogs,1,60427,"{"""":,"""":,"""":""{----}"","""":""--"","""":,"""":"""","""":"":\\\\\\",Event_logs.json,_json,ip-10-10-40-195,,splunk,,2022-04-15T12:06:27.555Z,
1,,,,SYSTEM,User,,,,,,Registry object added or deleted (rule: RegistryEvent),Microsoft-Windows-Sysmon/Operational,,,,,,,,,,,,,,,,,,NT AUTHORITY,,,,,12,,2022-04-15 8:06:27,2022-04-15 8:06:25,INFO,3524,,,,,,,James.browne,C:\windows\system32\backgroundTaskHost.exe,,,,,,,,,-9223372036854775808,,,,,,,,,"Registry object added or deleted:
RuleName: -
EventType: CreateKey
UtcTime: 2022-04-15 12:06:25.675
ProcessGuid: {2d351099-5cc0-5f5f-3904-000000000400}
ProcessId: 5200
Image: C:\windows\system32\backgroundTaskHost.exe
TargetObject: \REGISTRY\A\{24ba27e4-e200-c615-e39b-bc4b3589a3be}\LocalState",,,,,,,,Info,0,,,,,,,,,,{2d351099-5cc0-5f5f-3904-000000000400},5200,,,,{5770385F-C22A-43E0-BF4C-06F5698FFBD9},,,,425625,,,,,,,-,,INFO,2,,,,,,,,,,,,eventlog,im_msvistalog,Microsoft-Windows-Sysmon,,,,,,,,,,,,,,,,,\REGISTRY\A\{24ba27e4-e200-c615-e39b-bc4b3589a3be}\LocalState,,,,,,,12,,,,4688,,,,,S-1-5-18,2022-04-15 12:06:26,2,,,"{""Image"":""C:\\windows\\system32\\backgroundTaskHost.exe"",""ProcessId"":""5200"",""EventID"":12,""tags"":[""splunk""],""RecordNumber"":425625,""ProviderGuid"":""{5770385F-C22A-43E0-BF4C-06F5698FFBD9}"",""SourceName"":""Microsoft-Windows-Sysmon"",""OpcodeValue"":0,""EventTime"":""2022-04-15 08:06:25"",""AccountName"":""SYSTEM"",""host"":""cybertees.net"",""SeverityValue"":2,""ExecutionProcessID"":3524,""AccountType"":""User"",""Category"":""Registry object added or deleted (rule: RegistryEvent)"",""SourceModuleName"":""eventlog"",""Domain"":""NT AUTHORITY"",""Message"":""Registry object added or deleted:\r\nRuleName: -\r\nEventType: CreateKey\r\nUtcTime: 2022-04-15 12:06:25.675\r\nProcessGuid: {2d351099-5cc0-5f5f-3904-000000000400}\r\nProcessId: 5200\r\nImage: C:\\windows\\system32\\backgroundTaskHost.exe\r\nTargetObject: \\REGISTRY\\A\\{24ba27e4-e200-c615-e39b-bc4b3589a3be}\\LocalState"",""port"":60427,""UserID"":""S-1-5-18"",""UtcTime"":""2022-04-15 12:06:25.675"",""timestamp"":""2022-04-15T12:06:27.555Z"",""ThreadID"":4688,""Severity"":""INFO"",""EventTypeOrignal"":""INFO"",""EventType"":""CreateKey"",""Channel"":""Microsoft-Windows-Sysmon/Operational"",""TargetObject"":""\\REGISTRY\\A\\{24ba27e4-e200-c615-e39b-bc4b3589a3be}\\LocalState"",""Opcode"":""Info"",""EventReceivedTime"":""2022-04-15 08:06:27"",""@version"":""1"",""Task"":12,""SourceModuleType"":""im_msvistalog"",""RuleName"":""-"",""Hostname"":""James.browne"",""Keywords"":-9223372036854775808,""Version"":2,""ProcessGuid"":""{2d351099-5cc0-5f5f-3904-000000000400}""}",2022-04-15T08:06:22.000+0000,8,15,6,april,22,friday,2022,local,,CreateKey,cybertees.net,cyber-host,windowslogs,1,60427,"{"""":"":\\\\\\."","""":"""","""":,"""":[""""],"""":,"""":""{----}"",""",Event_logs.json,_json,ip-10-10-40-195,,splunk,,2022-04-15T12:06:27.555Z,
1,,,,SYSTEM,User,,,,,,Registry value set (rule: RegistryEvent),Microsoft-Windows-Sysmon/Operational,,,,,,,,,,,,,,Binary Data,,,,NT AUTHORITY,,,,,13,,2022-04-15 8:06:27,2022-04-15 8:06:25,INFO,3524,,,,,,,James.browne,C:\windows\system32\backgroundTaskHost.exe,,,,,,,,,-9223372036854775808,,,,,,,,,"Registry value set:
RuleName: -
EventType: SetValue
UtcTime: 2022-04-15 12:06:25.675
ProcessGuid: {2d351099-5cc0-5f5f-3904-000000000400}
ProcessId: 5200
Image: C:\windows\system32\backgroundTaskHost.exe
TargetObject: \REGISTRY\A\{24ba27e4-e200-c615-e39b-bc4b3589a3be}\LocalState\Common\TaskExecutionCountSinceLastReset
Details: Binary Data",,,,,,,,Info,0,,,,,,,,,,{2d351099-5cc0-5f5f-3904-000000000400},5200,,,,{5770385F-C22A-43E0-BF4C-06F5698FFBD9},,,,425624,,,,,,,-,,INFO,2,,,,,,,,,,,,eventlog,im_msvistalog,Microsoft-Windows-Sysmon,,,,,,,,,,,,,,,,,\REGISTRY\A\{24ba27e4-e200-c615-e39b-bc4b3589a3be}\LocalState\Common\TaskExecutionCountSinceLastReset,,,,,,,13,,,,4688,,,,,S-1-5-18,2022-04-15 12:06:26,2,,,"{""Image"":""C:\\windows\\system32\\backgroundTaskHost.exe"",""ProcessId"":""5200"",""EventID"":13,""tags"":[""splunk""],""RecordNumber"":425624,""ProviderGuid"":""{5770385F-C22A-43E0-BF4C-06F5698FFBD9}"",""SourceName"":""Microsoft-Windows-Sysmon"",""OpcodeValue"":0,""EventTime"":""2022-04-15 08:06:25"",""AccountName"":""SYSTEM"",""host"":""cybertees.net"",""SeverityValue"":2,""ExecutionProcessID"":3524,""AccountType"":""User"",""Category"":""Registry value set (rule: RegistryEvent)"",""SourceModuleName"":""eventlog"",""Domain"":""NT AUTHORITY"",""Message"":""Registry value set:\r\nRuleName: -\r\nEventType: SetValue\r\nUtcTime: 2022-04-15 12:06:25.675\r\nProcessGuid: {2d351099-5cc0-5f5f-3904-000000000400}\r\nProcessId: 5200\r\nImage: C:\\windows\\system32\\backgroundTaskHost.exe\r\nTargetObject: \\REGISTRY\\A\\{24ba27e4-e200-c615-e39b-bc4b3589a3be}\\LocalState\\Common\\TaskExecutionCountSinceLastReset\r\nDetails: Binary Data"",""port"":60427,""UserID"":""S-1-5-18"",""UtcTime"":""2022-04-15 12:06:25.675"",""timestamp"":""2022-04-15T12:06:27.554Z"",""ThreadID"":4688,""Severity"":""INFO"",""EventTypeOrignal"":""INFO"",""EventType"":""SetValue"",""Channel"":""Microsoft-Windows-Sysmon/Operational"",""TargetObject"":""\\REGISTRY\\A\\{24ba27e4-e200-c615-e39b-bc4b3589a3be}\\LocalState\\Common\\TaskExecutionCountSinceLastReset"",""Details"":""Binary Data"",""Opcode"":""Info"",""EventReceivedTime"":""2022-04-15 08:06:27"",""@version"":""1"",""Task"":13,""SourceModuleType"":""im_msvistalog"",""RuleName"":""-"",""Hostname"":""James.browne"",""Keywords"":-9223372036854775808,""Version"":2,""ProcessGuid"":""{2d351099-5cc0-5f5f-3904-000000000400}""}",2022-04-15T08:06:22.000+0000,8,15,6,april,22,friday,2022,local,,SetValue,cybertees.net,cyber-host,windowslogs,1,60427,"{"""":"":\\\\\\."","""":"""","""":,"""":[""""],"""":,"""":""{----}"",""",Event_logs.json,_json,ip-10-10-40-195,,splunk,,2022-04-15T12:06:27.554Z,
1,,,,SYSTEM,User,,,,,,Registry object added or deleted (rule: RegistryEvent),Microsoft-Windows-Sysmon/Operational,,,,,,,,,,,,,,,,,,NT AUTHORITY,,,,,12,,2022-04-15 8:06:27,2022-04-15 8:06:25,INFO,3524,,,,,,,James.browne,C:\windows\system32\backgroundTaskHost.exe,,,,,,,,,-9223372036854775808,,,,,,,,,"Registry object added or deleted:
RuleName: -
EventType: CreateKey
UtcTime: 2022-04-15 12:06:25.675
ProcessGuid: {2d351099-5cc0-5f5f-3904-000000000400}
ProcessId: 5200
Image: C:\windows\system32\backgroundTaskHost.exe
TargetObject: \REGISTRY\A\{24ba27e4-e200-c615-e39b-bc4b3589a3be}\LocalState",,,,,,,,Info,0,,,,,,,,,,{2d351099-5cc0-5f5f-3904-000000000400},5200,,,,{5770385F-C22A-43E0-BF4C-06F5698FFBD9},,,,425623,,,,,,,-,,INFO,2,,,,,,,,,,,,eventlog,im_msvistalog,Microsoft-Windows-Sysmon,,,,,,,,,,,,,,,,,\REGISTRY\A\{24ba27e4-e200-c615-e39b-bc4b3589a3be}\LocalState,,,,,,,12,,,,4688,,,,,S-1-5-18,2022-04-15 12:06:26,2,,,"{""Image"":""C:\\windows\\system32\\backgroundTaskHost.exe"",""ProcessId"":""5200"",""EventID"":12,""tags"":[""splunk""],""RecordNumber"":425623,""ProviderGuid"":""{5770385F-C22A-43E0-BF4C-06F5698FFBD9}"",""SourceName"":""Microsoft-Windows-Sysmon"",""OpcodeValue"":0,""EventTime"":""2022-04-15 08:06:25"",""AccountName"":""SYSTEM"",""host"":""cybertees.net"",""SeverityValue"":2,""ExecutionProcessID"":3524,""AccountType"":""User"",""Category"":""Registry object added or deleted (rule: RegistryEvent)"",""SourceModuleName"":""eventlog"",""Domain"":""NT AUTHORITY"",""Message"":""Registry object added or deleted:\r\nRuleName: -\r\nEventType: CreateKey\r\nUtcTime: 2022-04-15 12:06:25.675\r\nProcessGuid: {2d351099-5cc0-5f5f-3904-000000000400}\r\nProcessId: 5200\r\nImage: C:\\windows\\system32\\backgroundTaskHost.exe\r\nTargetObject: \\REGISTRY\\A\\{24ba27e4-e200-c615-e39b-bc4b3589a3be}\\LocalState"",""port"":60427,""UserID"":""S-1-5-18"",""UtcTime"":""2022-04-15 12:06:25.675"",""timestamp"":""2022-04-15T12:06:27.554Z"",""ThreadID"":4688,""Severity"":""INFO"",""EventTypeOrignal"":""INFO"",""EventType"":""CreateKey"",""Channel"":""Microsoft-Windows-Sysmon/Operational"",""TargetObject"":""\\REGISTRY\\A\\{24ba27e4-e200-c615-e39b-bc4b3589a3be}\\LocalState"",""Opcode"":""Info"",""EventReceivedTime"":""2022-04-15 08:06:27"",""@version"":""1"",""Task"":12,""SourceModuleType"":""im_msvistalog"",""RuleName"":""-"",""Hostname"":""James.browne"",""Keywords"":-9223372036854775808,""Version"":2,""ProcessGuid"":""{2d351099-5cc0-5f5f-3904-000000000400}""}",2022-04-15T08:06:22.000+0000,8,15,6,april,22,friday,2022,local,,CreateKey,cybertees.net,cyber-host,windowslogs,1,60427,"{"""":"":\\\\\\."","""":"""","""":,"""":[""""],"""":,"""":""{----}"",""",Event_logs.json,_json,ip-10-10-40-195,,splunk,,2022-04-15T12:06:27.554Z,
1,,,,SYSTEM,User,,,,,,Registry object added or deleted (rule: RegistryEvent),Microsoft-Windows-Sysmon/Operational,,,,,,,,,,,,,,,,,,NT AUTHORITY,,,,,12,,2022-04-15 8:06:27,2022-04-15 8:06:25,INFO,3524,,,,,,,James.browne,C:\windows\system32\backgroundTaskHost.exe,,,,,,,,,-9223372036854775808,,,,,,,,,"Registry object added or deleted:
RuleName: -
EventType: CreateKey
UtcTime: 2022-04-15 12:06:25.659
ProcessGuid: {2d351099-5cc0-5f5f-3904-000000000400}
ProcessId: 5200
Image: C:\windows\system32\backgroundTaskHost.exe
TargetObject: \REGISTRY\A\{24ba27e4-e200-c615-e39b-bc4b3589a3be}\LocalState",,,,,,,,Info,0,,,,,,,,,,{2d351099-5cc0-5f5f-3904-000000000400},5200,,,,{5770385F-C22A-43E0-BF4C-06F5698FFBD9},,,,425622,,,,,,,-,,INFO,2,,,,,,,,,,,,eventlog,im_msvistalog,Microsoft-Windows-Sysmon,,,,,,,,,,,,,,,,,\REGISTRY\A\{24ba27e4-e200-c615-e39b-bc4b3589a3be}\LocalState,,,,,,,12,,,,4688,,,,,S-1-5-18,2022-04-15 12:06:26,2,,,"{""Image"":""C:\\windows\\system32\\backgroundTaskHost.exe"",""ProcessId"":""5200"",""EventID"":12,""tags"":[""splunk""],""RecordNumber"":425622,""ProviderGuid"":""{5770385F-C22A-43E0-BF4C-06F5698FFBD9}"",""SourceName"":""Microsoft-Windows-Sysmon"",""OpcodeValue"":0,""EventTime"":""2022-04-15 08:06:25"",""AccountName"":""SYSTEM"",""host"":""cybertees.net"",""SeverityValue"":2,""ExecutionProcessID"":3524,""AccountType"":""User"",""Category"":""Registry object added or deleted (rule: RegistryEvent)"",""SourceModuleName"":""eventlog"",""Domain"":""NT AUTHORITY"",""Message"":""Registry object added or deleted:\r\nRuleName: -\r\nEventType: CreateKey\r\nUtcTime: 2022-04-15 12:06:25.659\r\nProcessGuid: {2d351099-5cc0-5f5f-3904-000000000400}\r\nProcessId: 5200\r\nImage: C:\\windows\\system32\\backgroundTaskHost.exe\r\nTargetObject: \\REGISTRY\\A\\{24ba27e4-e200-c615-e39b-bc4b3589a3be}\\LocalState"",""port"":60427,""UserID"":""S-1-5-18"",""UtcTime"":""2022-04-15 12:06:25.659"",""timestamp"":""2022-04-15T12:06:27.553Z"",""ThreadID"":4688,""Severity"":""INFO"",""EventTypeOrignal"":""INFO"",""EventType"":""CreateKey"",""Channel"":""Microsoft-Windows-Sysmon/Operational"",""TargetObject"":""\\REGISTRY\\A\\{24ba27e4-e200-c615-e39b-bc4b3589a3be}\\LocalState"",""Opcode"":""Info"",""EventReceivedTime"":""2022-04-15 08:06:27"",""@version"":""1"",""Task"":12,""SourceModuleType"":""im_msvistalog"",""RuleName"":""-"",""Hostname"":""James.browne"",""Keywords"":-9223372036854775808,""Version"":2,""ProcessGuid"":""{2d351099-5cc0-5f5f-3904-000000000400}""}",2022-04-15T08:06:22.000+0000,8,15,6,april,22,friday,2022,local,,CreateKey,cybertees.net,cyber-host,windowslogs,1,60427,"{"""":"":\\\\\\."","""":"""","""":,"""":[""""],"""":,"""":""{----}"",""",Event_logs.json,_json,ip-10-10-40-195,,splunk,,2022-04-15T12:06:27.553Z,
1,,,,SYSTEM,User,,,,,,Registry object added or deleted (rule: RegistryEvent),Microsoft-Windows-Sysmon/Operational,,,,,,,,,,,,,,,,,,NT AUTHORITY,,,,,12,,2022-04-15 8:06:27,2022-04-15 8:06:25,INFO,3524,,,,,,,James.browne,C:\windows\system32\backgroundTaskHost.exe,,,,,,,,,-9223372036854775808,,,,,,,,,"Registry object added or deleted:
RuleName: -
EventType: CreateKey
UtcTime: 2022-04-15 12:06:25.659
ProcessGuid: {2d351099-5cc0-5f5f-3904-000000000400}
ProcessId: 5200
Image: C:\windows\system32\backgroundTaskHost.exe
TargetObject: \REGISTRY\A\{24ba27e4-e200-c615-e39b-bc4b3589a3be}\LocalState\Service Configuration\3EC6F4C9-3F98-4D4B-B9F8-287F21AB537C\Placements\SubscribedContent-280815",,,,,,,,Info,0,,,,,,,,,,{2d351099-5cc0-5f5f-3904-000000000400},5200,,,,{5770385F-C22A-43E0-BF4C-06F5698FFBD9},,,,425621,,,,,,,-,,INFO,2,,,,,,,,,,,,eventlog,im_msvistalog,Microsoft-Windows-Sysmon,,,,,,,,,,,,,,,,,\REGISTRY\A\{24ba27e4-e200-c615-e39b-bc4b3589a3be}\LocalState\Service Configuration\3EC6F4C9-3F98-4D4B-B9F8-287F21AB537C\Placements\SubscribedContent-280815,,,,,,,12,,,,4688,,,,,S-1-5-18,2022-04-15 12:06:26,2,,,"{""Image"":""C:\\windows\\system32\\backgroundTaskHost.exe"",""ProcessId"":""5200"",""EventID"":12,""tags"":[""splunk""],""RecordNumber"":425621,""ProviderGuid"":""{5770385F-C22A-43E0-BF4C-06F5698FFBD9}"",""SourceName"":""Microsoft-Windows-Sysmon"",""OpcodeValue"":0,""EventTime"":""2022-04-15 08:06:25"",""AccountName"":""SYSTEM"",""host"":""cybertees.net"",""SeverityValue"":2,""ExecutionProcessID"":3524,""AccountType"":""User"",""Category"":""Registry object added or deleted (rule: RegistryEvent)"",""SourceModuleName"":""eventlog"",""Domain"":""NT AUTHORITY"",""Message"":""Registry object added or deleted:\r\nRuleName: -\r\nEventType: CreateKey\r\nUtcTime: 2022-04-15 12:06:25.659\r\nProcessGuid: {2d351099-5cc0-5f5f-3904-000000000400}\r\nProcessId: 5200\r\nImage: C:\\windows\\system32\\backgroundTaskHost.exe\r\nTargetObject: \\REGISTRY\\A\\{24ba27e4-e200-c615-e39b-bc4b3589a3be}\\LocalState\\Service Configuration\\3EC6F4C9-3F98-4D4B-B9F8-287F21AB537C\\Placements\\SubscribedContent-280815"",""port"":60427,""UserID"":""S-1-5-18"",""UtcTime"":""2022-04-15 12:06:25.659"",""timestamp"":""2022-04-15T12:06:27.553Z"",""ThreadID"":4688,""Severity"":""INFO"",""EventTypeOrignal"":""INFO"",""EventType"":""CreateKey"",""Channel"":""Microsoft-Windows-Sysmon/Operational"",""TargetObject"":""\\REGISTRY\\A\\{24ba27e4-e200-c615-e39b-bc4b3589a3be}\\LocalState\\Service Configuration\\3EC6F4C9-3F98-4D4B-B9F8-287F21AB537C\\Placements\\SubscribedContent-280815"",""Opcode"":""Info"",""EventReceivedTime"":""2022-04-15 08:06:27"",""@version"":""1"",""Task"":12,""SourceModuleType"":""im_msvistalog"",""RuleName"":""-"",""Hostname"":""James.browne"",""Keywords"":-9223372036854775808,""Version"":2,""ProcessGuid"":""{2d351099-5cc0-5f5f-3904-000000000400}""}",2022-04-15T08:06:22.000+0000,8,15,6,april,22,friday,2022,local,,CreateKey,cybertees.net,cyber-host,windowslogs,1,60427,"{"""":"":\\\\\\."","""":"""","""":,"""":[""""],"""":,"""":""{----}"",""",Event_logs.json,_json,ip-10-10-40-195,,splunk,,2022-04-15T12:06:27.553Z,
1,,,,SYSTEM,User,,,,,,Registry object added or deleted (rule: RegistryEvent),Microsoft-Windows-Sysmon/Operational,,,,,,,,,,,,,,,,,,NT AUTHORITY,,,,,12,,2022-04-15 8:06:27,2022-04-15 8:06:25,INFO,3524,,,,,,,James.browne,C:\windows\system32\backgroundTaskHost.exe,,,,,,,,,-9223372036854775808,,,,,,,,,"Registry object added or deleted:
RuleName: -
EventType: CreateKey
UtcTime: 2022-04-15 12:06:25.659
ProcessGuid: {2d351099-5cc0-5f5f-3904-000000000400}
ProcessId: 5200
Image: C:\windows\system32\backgroundTaskHost.exe
TargetObject: \REGISTRY\A\{24ba27e4-e200-c615-e39b-bc4b3589a3be}\LocalState",,,,,,,,Info,0,,,,,,,,,,{2d351099-5cc0-5f5f-3904-000000000400},5200,,,,{5770385F-C22A-43E0-BF4C-06F5698FFBD9},,,,425620,,,,,,,-,,INFO,2,,,,,,,,,,,,eventlog,im_msvistalog,Microsoft-Windows-Sysmon,,,,,,,,,,,,,,,,,\REGISTRY\A\{24ba27e4-e200-c615-e39b-bc4b3589a3be}\LocalState,,,,,,,12,,,,4688,,,,,S-1-5-18,2022-04-15 12:06:26,2,,,"{""Image"":""C:\\windows\\system32\\backgroundTaskHost.exe"",""ProcessId"":""5200"",""EventID"":12,""tags"":[""splunk""],""RecordNumber"":425620,""ProviderGuid"":""{5770385F-C22A-43E0-BF4C-06F5698FFBD9}"",""SourceName"":""Microsoft-Windows-Sysmon"",""OpcodeValue"":0,""EventTime"":""2022-04-15 08:06:25"",""AccountName"":""SYSTEM"",""host"":""cybertees.net"",""SeverityValue"":2,""ExecutionProcessID"":3524,""AccountType"":""User"",""Category"":""Registry object added or deleted (rule: RegistryEvent)"",""SourceModuleName"":""eventlog"",""Domain"":""NT AUTHORITY"",""Message"":""Registry object added or deleted:\r\nRuleName: -\r\nEventType: CreateKey\r\nUtcTime: 2022-04-15 12:06:25.659\r\nProcessGuid: {2d351099-5cc0-5f5f-3904-000000000400}\r\nProcessId: 5200\r\nImage: C:\\windows\\system32\\backgroundTaskHost.exe\r\nTargetObject: \\REGISTRY\\A\\{24ba27e4-e200-c615-e39b-bc4b3589a3be}\\LocalState"",""port"":60427,""UserID"":""S-1-5-18"",""UtcTime"":""2022-04-15 12:06:25.659"",""timestamp"":""2022-04-15T12:06:27.552Z"",""ThreadID"":4688,""Severity"":""INFO"",""EventTypeOrignal"":""INFO"",""EventType"":""CreateKey"",""Channel"":""Microsoft-Windows-Sysmon/Operational"",""TargetObject"":""\\REGISTRY\\A\\{24ba27e4-e200-c615-e39b-bc4b3589a3be}\\LocalState"",""Opcode"":""Info"",""EventReceivedTime"":""2022-04-15 08:06:27"",""@version"":""1"",""Task"":12,""SourceModuleType"":""im_msvistalog"",""RuleName"":""-"",""Hostname"":""James.browne"",""Keywords"":-9223372036854775808,""Version"":2,""ProcessGuid"":""{2d351099-5cc0-5f5f-3904-000000000400}""}",2022-04-15T08:06:22.000+0000,8,15,6,april,22,friday,2022,local,,CreateKey,cybertees.net,cyber-host,windowslogs,1,60427,"{"""":"":\\\\\\."","""":"""","""":,"""":[""""],"""":,"""":""{----}"",""",Event_logs.json,_json,ip-10-10-40-195,,splunk,,2022-04-15T12:06:27.552Z,
1,,,,SYSTEM,User,,,,,C:\windows\SYSTEM32\ntdll.dll+9d104|C:\windows\System32\RPCRT4.dll+2d2f4|C:\windows\System32\combase.dll+b84ab|C:\Windows\System32\RuntimeBroker.exe+3a5b|C:\Windows\System32\RuntimeBroker.exe+38be|C:\windows\System32\RPCRT4.dll+76a53|C:\windows\System32\RPCRT4.dll+da036|C:\windows\System32\RPCRT4.dll+38359|C:\windows\System32\combase.dll+a5cd3|C:\windows\System32\combase.dll+8d0a3|C:\windows\System32\combase.dll+8ce93|C:\windows\System32\combase.dll+a9516|C:\windows\System32\combase.dll+8a4ba|C:\windows\System32\combase.dll+a47ad|C:\windows\System32\combase.dll+4019c|C:\windows\System32\combase.dll+40a01|C:\windows\System32\combase.dll+421a8|C:\windows\System32\RPCRT4.dll+54998|C:\windows\System32\RPCRT4.dll+2c951|C:\windows\System32\RPCRT4.dll+2c4a0|C:\windows\System32\RPCRT4.dll+1a6bf|C:\windows\System32\RPCRT4.dll+19d1a|C:\windows\System32\RPCRT4.dll+19301|C:\windows\System32\RPCRT4.dll+18d6e,Process accessed (rule: ProcessAccess),Microsoft-Windows-Sysmon/Operational,,,,,,,,,,,,,,,,,,NT AUTHORITY,,,,,10,,2022-04-15 8:06:27,2022-04-15 8:06:25,,3524,,,0x1000,,,,James.browne,,,,,,,,,,-9223372036854775808,,,,,,,,,"Process accessed:
RuleName: -
UtcTime: 2022-04-15 12:06:25.659
SourceProcessGUID: {2d351099-5cc0-5f5f-3b04-000000000400}
SourceProcessId: 9496
SourceThreadId: 9468
SourceImage: C:\Windows\System32\RuntimeBroker.exe
TargetProcessGUID: {2d351099-5cc0-5f5f-3904-000000000400}
TargetProcessId: 5200
TargetImage: C:\windows\system32\backgroundTaskHost.exe
GrantedAccess: 0x1000
CallTrace: C:\windows\SYSTEM32\ntdll.dll+9d104|C:\windows\System32\RPCRT4.dll+2d2f4|C:\windows\System32\combase.dll+b84ab|C:\Windows\System32\RuntimeBroker.exe+3a5b|C:\Windows\System32\RuntimeBroker.exe+38be|C:\windows\System32\RPCRT4.dll+76a53|C:\windows\System32\RPCRT4.dll+da036|C:\windows\System32\RPCRT4.dll+38359|C:\windows\System32\combase.dll+a5cd3|C:\windows\System32\combase.dll+8d0a3|C:\windows\System32\combase.dll+8ce93|C:\windows\System32\combase.dll+a9516|C:\windows\System32\combase.dll+8a4ba|C:\windows\System32\combase.dll+a47ad|C:\windows\System32\combase.dll+4019c|C:\windows\System32\combase.dll+40a01|C:\windows\System32\combase.dll+421a8|C:\windows\System32\RPCRT4.dll+54998|C:\windows\System32\RPCRT4.dll+2c951|C:\windows\System32\RPCRT4.dll+2c4a0|C:\windows\System32\RPCRT4.dll+1a6bf|C:\windows\System32\RPCRT4.dll+19d1a|C:\windows\System32\RPCRT4.dll+19301|C:\windows\System32\RPCRT4.dll+18d6e",,,,,,,,Info,0,,,,,,,,,,,9496,,,,{5770385F-C22A-43E0-BF4C-06F5698FFBD9},,,,425619,,,,,,,-,,INFO,2,,,,,,,,,C:\Windows\System32\RuntimeBroker.exe,,,eventlog,im_msvistalog,Microsoft-Windows-Sysmon,,,{2d351099-5cc0-5f5f-3b04-000000000400},9496,9468,,,,,,,,,C:\windows\system32\backgroundTaskHost.exe,,,,,,{2d351099-5cc0-5f5f-3904-000000000400},5200,,,10,,,,4688,,,,,S-1-5-18,2022-04-15 12:06:26,3,,,"{""EventID"":10,""RecordNumber"":425619,""ProviderGuid"":""{5770385F-C22A-43E0-BF4C-06F5698FFBD9}"",""SourceName"":""Microsoft-Windows-Sysmon"",""OpcodeValue"":0,""AccountName"":""SYSTEM"",""SourceImage"":""C:\\Windows\\System32\\RuntimeBroker.exe"",""SourceModuleName"":""eventlog"",""ExecutionProcessID"":3524,""AccountType"":""User"",""Category"":""Process accessed (rule: ProcessAccess)"",""SourceProcessId"":""9496"",""Domain"":""NT AUTHORITY"",""port"":60427,""ThreadID"":4688,""Severity"":""INFO"",""EventType"":""INFO"",""Channel"":""Microsoft-Windows-Sysmon/Operational"",""Opcode"":""Info"",""EventReceivedTime"":""2022-04-15 08:06:27"",""Task"":10,""RuleName"":""-"",""Keywords"":-9223372036854775808,""Version"":3,""ProcessId"":""9496"",""tags"":[""splunk""],""GrantedAccess"":""0x1000"",""SourceProcessGUID"":""{2d351099-5cc0-5f5f-3b04-000000000400}"",""EventTime"":""2022-04-15 08:06:25"",""host"":""cybertees.net"",""SeverityValue"":2,""CallTrace"":""C:\\windows\\SYSTEM32\\ntdll.dll+9d104|C:\\windows\\System32\\RPCRT4.dll+2d2f4|C:\\windows\\System32\\combase.dll+b84ab|C:\\Windows\\System32\\RuntimeBroker.exe+3a5b|C:\\Windows\\System32\\RuntimeBroker.exe+38be|C:\\windows\\System32\\RPCRT4.dll+76a53|C:\\windows\\System32\\RPCRT4.dll+da036|C:\\windows\\System32\\RPCRT4.dll+38359|C:\\windows\\System32\\combase.dll+a5cd3|C:\\windows\\System32\\combase.dll+8d0a3|C:\\windows\\System32\\combase.dll+8ce93|C:\\windows\\System32\\combase.dll+a9516|C:\\windows\\System32\\combase.dll+8a4ba|C:\\windows\\System32\\combase.dll+a47ad|C:\\windows\\System32\\combase.dll+4019c|C:\\windows\\System32\\combase.dll+40a01|C:\\windows\\System32\\combase.dll+421a8|C:\\windows\\System32\\RPCRT4.dll+54998|C:\\windows\\System32\\RPCRT4.dll+2c951|C:\\windows\\System32\\RPCRT4.dll+2c4a0|C:\\windows\\System32\\RPCRT4.dll+1a6bf|C:\\windows\\System32\\RPCRT4.dll+19d1a|C:\\windows\\System32\\RPCRT4.dll+19301|C:\\windows\\System32\\RPCRT4.dll+18d6e"",""Message"":""Process accessed:\r\nRuleName: -\r\nUtcTime: 2022-04-15 12:06:25.659\r\nSourceProcessGUID: {2d351099-5cc0-5f5f-3b04-000000000400}\r\nSourceProcessId: 9496\r\nSourceThreadId: 9468\r\nSourceImage: C:\\Windows\\System32\\RuntimeBroker.exe\r\nTargetProcessGUID: {2d351099-5cc0-5f5f-3904-000000000400}\r\nTargetProcessId: 5200\r\nTargetImage: C:\\windows\\system32\\backgroundTaskHost.exe\r\nGrantedAccess: 0x1000\r\nCallTrace: C:\\windows\\SYSTEM32\\ntdll.dll+9d104|C:\\windows\\System32\\RPCRT4.dll+2d2f4|C:\\windows\\System32\\combase.dll+b84ab|C:\\Windows\\System32\\RuntimeBroker.exe+3a5b|C:\\Windows\\System32\\RuntimeBroker.exe+38be|C:\\windows\\System32\\RPCRT4.dll+76a53|C:\\windows\\System32\\RPCRT4.dll+da036|C:\\windows\\System32\\RPCRT4.dll+38359|C:\\windows\\System32\\combase.dll+a5cd3|C:\\windows\\System32\\combase.dll+8d0a3|C:\\windows\\System32\\combase.dll+8ce93|C:\\windows\\System32\\combase.dll+a9516|C:\\windows\\System32\\combase.dll+8a4ba|C:\\windows\\System32\\combase.dll+a47ad|C:\\windows\\System32\\combase.dll+4019c|C:\\windows\\System32\\combase.dll+40a01|C:\\windows\\System32\\combase.dll+421a8|C:\\windows\\System32\\RPCRT4.dll+54998|C:\\windows\\System32\\RPCRT4.dll+2c951|C:\\windows\\System32\\RPCRT4.dll+2c4a0|C:\\windows\\System32\\RPCRT4.dll+1a6bf|C:\\windows\\System32\\RPCRT4.dll+19d1a|C:\\windows\\System32\\RPCRT4.dll+19301|C:\\windows\\System32\\RPCRT4.dll+18d6e"",""UtcTime"":""2022-04-15 12:06:25.659"",""UserID"":""S-1-5-18"",""timestamp"":""2022-04-15T12:06:27.552Z"",""TargetProcessId"":""5200"",""SourceThreadId"":""9468"",""@version"":""1"",""TargetProcessGUID"":""{2d351099-5cc0-5f5f-3904-000000000400}"",""SourceModuleType"":""im_msvistalog"",""TargetImage"":""C:\\windows\\system32\\backgroundTaskHost.exe"",""Hostname"":""James.browne""}",2022-04-15T08:06:22.000+0000,8,15,6,april,22,friday,2022,local,,INFO,cybertees.net,cyber-host,windowslogs,1,60427,"{"""":,"""":,"""":""{----}"","""":""--"","""":,"""":"""","""":"":\\\\\\",Event_logs.json,_json,ip-10-10-40-195,,splunk,,2022-04-15T12:06:27.552Z,
1,,,,SYSTEM,User,,,,,,Registry object added or deleted (rule: RegistryEvent),Microsoft-Windows-Sysmon/Operational,,,,,,,,,,,,,,,,,,NT AUTHORITY,,,,,12,,2022-04-15 8:06:27,2022-04-15 8:06:25,INFO,3524,,,,,,,James.browne,C:\windows\system32\backgroundTaskHost.exe,,,,,,,,,-9223372036854775808,,,,,,,,,"Registry object added or deleted:
RuleName: -
EventType: CreateKey
UtcTime: 2022-04-15 12:06:25.659
ProcessGuid: {2d351099-5cc0-5f5f-3904-000000000400}
ProcessId: 5200
Image: C:\windows\system32\backgroundTaskHost.exe
TargetObject: \REGISTRY\A\{24ba27e4-e200-c615-e39b-bc4b3589a3be}\LocalState",,,,,,,,Info,0,,,,,,,,,,{2d351099-5cc0-5f5f-3904-000000000400},5200,,,,{5770385F-C22A-43E0-BF4C-06F5698FFBD9},,,,425618,,,,,,,-,,INFO,2,,,,,,,,,,,,eventlog,im_msvistalog,Microsoft-Windows-Sysmon,,,,,,,,,,,,,,,,,\REGISTRY\A\{24ba27e4-e200-c615-e39b-bc4b3589a3be}\LocalState,,,,,,,12,,,,4688,,,,,S-1-5-18,2022-04-15 12:06:26,2,,,"{""Image"":""C:\\windows\\system32\\backgroundTaskHost.exe"",""ProcessId"":""5200"",""EventID"":12,""tags"":[""splunk""],""RecordNumber"":425618,""ProviderGuid"":""{5770385F-C22A-43E0-BF4C-06F5698FFBD9}"",""SourceName"":""Microsoft-Windows-Sysmon"",""OpcodeValue"":0,""EventTime"":""2022-04-15 08:06:25"",""AccountName"":""SYSTEM"",""host"":""cybertees.net"",""SeverityValue"":2,""ExecutionProcessID"":3524,""AccountType"":""User"",""Category"":""Registry object added or deleted (rule: RegistryEvent)"",""SourceModuleName"":""eventlog"",""Domain"":""NT AUTHORITY"",""Message"":""Registry object added or deleted:\r\nRuleName: -\r\nEventType: CreateKey\r\nUtcTime: 2022-04-15 12:06:25.659\r\nProcessGuid: {2d351099-5cc0-5f5f-3904-000000000400}\r\nProcessId: 5200\r\nImage: C:\\windows\\system32\\backgroundTaskHost.exe\r\nTargetObject: \\REGISTRY\\A\\{24ba27e4-e200-c615-e39b-bc4b3589a3be}\\LocalState"",""port"":60427,""UserID"":""S-1-5-18"",""UtcTime"":""2022-04-15 12:06:25.659"",""timestamp"":""2022-04-15T12:06:27.551Z"",""ThreadID"":4688,""Severity"":""INFO"",""EventTypeOrignal"":""INFO"",""EventType"":""CreateKey"",""Channel"":""Microsoft-Windows-Sysmon/Operational"",""TargetObject"":""\\REGISTRY\\A\\{24ba27e4-e200-c615-e39b-bc4b3589a3be}\\LocalState"",""Opcode"":""Info"",""EventReceivedTime"":""2022-04-15 08:06:27"",""@version"":""1"",""Task"":12,""SourceModuleType"":""im_msvistalog"",""RuleName"":""-"",""Hostname"":""James.browne"",""Keywords"":-9223372036854775808,""Version"":2,""ProcessGuid"":""{2d351099-5cc0-5f5f-3904-000000000400}""}",2022-04-15T08:06:22.000+0000,8,15,6,april,22,friday,2022,local,,CreateKey,cybertees.net,cyber-host,windowslogs,1,60427,"{"""":"":\\\\\\."","""":"""","""":,"""":[""""],"""":,"""":""{----}"",""",Event_logs.json,_json,ip-10-10-40-195,,splunk,,2022-04-15T12:06:27.551Z,
1,,,,SYSTEM,User,,,,,,Registry object added or deleted (rule: RegistryEvent),Microsoft-Windows-Sysmon/Operational,,,,,,,,,,,,,,,,,,NT AUTHORITY,,,,,12,,2022-04-15 8:06:27,2022-04-15 8:06:25,INFO,3524,,,,,,,James.browne,C:\windows\system32\backgroundTaskHost.exe,,,,,,,,,-9223372036854775808,,,,,,,,,"Registry object added or deleted:
RuleName: -
EventType: CreateKey
UtcTime: 2022-04-15 12:06:25.659
ProcessGuid: {2d351099-5cc0-5f5f-3904-000000000400}
ProcessId: 5200
Image: C:\windows\system32\backgroundTaskHost.exe
TargetObject: \REGISTRY\A\{24ba27e4-e200-c615-e39b-bc4b3589a3be}\LocalState",,,,,,,,Info,0,,,,,,,,,,{2d351099-5cc0-5f5f-3904-000000000400},5200,,,,{5770385F-C22A-43E0-BF4C-06F5698FFBD9},,,,425617,,,,,,,-,,INFO,2,,,,,,,,,,,,eventlog,im_msvistalog,Microsoft-Windows-Sysmon,,,,,,,,,,,,,,,,,\REGISTRY\A\{24ba27e4-e200-c615-e39b-bc4b3589a3be}\LocalState,,,,,,,12,,,,4688,,,,,S-1-5-18,2022-04-15 12:06:26,2,,,"{""Image"":""C:\\windows\\system32\\backgroundTaskHost.exe"",""ProcessId"":""5200"",""EventID"":12,""tags"":[""splunk""],""RecordNumber"":425617,""ProviderGuid"":""{5770385F-C22A-43E0-BF4C-06F5698FFBD9}"",""SourceName"":""Microsoft-Windows-Sysmon"",""OpcodeValue"":0,""EventTime"":""2022-04-15 08:06:25"",""AccountName"":""SYSTEM"",""host"":""cybertees.net"",""SeverityValue"":2,""ExecutionProcessID"":3524,""AccountType"":""User"",""Category"":""Registry object added or deleted (rule: RegistryEvent)"",""SourceModuleName"":""eventlog"",""Domain"":""NT AUTHORITY"",""Message"":""Registry object added or deleted:\r\nRuleName: -\r\nEventType: CreateKey\r\nUtcTime: 2022-04-15 12:06:25.659\r\nProcessGuid: {2d351099-5cc0-5f5f-3904-000000000400}\r\nProcessId: 5200\r\nImage: C:\\windows\\system32\\backgroundTaskHost.exe\r\nTargetObject: \\REGISTRY\\A\\{24ba27e4-e200-c615-e39b-bc4b3589a3be}\\LocalState"",""port"":60427,""UserID"":""S-1-5-18"",""UtcTime"":""2022-04-15 12:06:25.659"",""timestamp"":""2022-04-15T12:06:27.551Z"",""ThreadID"":4688,""Severity"":""INFO"",""EventTypeOrignal"":""INFO"",""EventType"":""CreateKey"",""Channel"":""Microsoft-Windows-Sysmon/Operational"",""TargetObject"":""\\REGISTRY\\A\\{24ba27e4-e200-c615-e39b-bc4b3589a3be}\\LocalState"",""Opcode"":""Info"",""EventReceivedTime"":""2022-04-15 08:06:27"",""@version"":""1"",""Task"":12,""SourceModuleType"":""im_msvistalog"",""RuleName"":""-"",""Hostname"":""James.browne"",""Keywords"":-9223372036854775808,""Version"":2,""ProcessGuid"":""{2d351099-5cc0-5f5f-3904-000000000400}""}",2022-04-15T08:06:22.000+0000,8,15,6,april,22,friday,2022,local,,CreateKey,cybertees.net,cyber-host,windowslogs,1,60427,"{"""":"":\\\\\\."","""":"""","""":,"""":[""""],"""":,"""":""{----}"",""",Event_logs.json,_json,ip-10-10-40-195,,splunk,,2022-04-15T12:06:27.551Z,
1,,,,SYSTEM,User,,,,,,Registry object added or deleted (rule: RegistryEvent),Microsoft-Windows-Sysmon/Operational,,,,,,,,,,,,,,,,,,NT AUTHORITY,,,,,12,,2022-04-15 8:06:27,2022-04-15 8:06:25,INFO,3524,,,,,,,James.browne,C:\windows\system32\backgroundTaskHost.exe,,,,,,,,,-9223372036854775808,,,,,,,,,"Registry object added or deleted:
RuleName: -
EventType: CreateKey
UtcTime: 2022-04-15 12:06:25.659
ProcessGuid: {2d351099-5cc0-5f5f-3904-000000000400}
ProcessId: 5200
Image: C:\windows\system32\backgroundTaskHost.exe
TargetObject: \REGISTRY\A\{24ba27e4-e200-c615-e39b-bc4b3589a3be}\LocalState",,,,,,,,Info,0,,,,,,,,,,{2d351099-5cc0-5f5f-3904-000000000400},5200,,,,{5770385F-C22A-43E0-BF4C-06F5698FFBD9},,,,425616,,,,,,,-,,INFO,2,,,,,,,,,,,,eventlog,im_msvistalog,Microsoft-Windows-Sysmon,,,,,,,,,,,,,,,,,\REGISTRY\A\{24ba27e4-e200-c615-e39b-bc4b3589a3be}\LocalState,,,,,,,12,,,,4688,,,,,S-1-5-18,2022-04-15 12:06:26,2,,,"{""Image"":""C:\\windows\\system32\\backgroundTaskHost.exe"",""ProcessId"":""5200"",""EventID"":12,""tags"":[""splunk""],""RecordNumber"":425616,""ProviderGuid"":""{5770385F-C22A-43E0-BF4C-06F5698FFBD9}"",""SourceName"":""Microsoft-Windows-Sysmon"",""OpcodeValue"":0,""EventTime"":""2022-04-15 08:06:25"",""AccountName"":""SYSTEM"",""host"":""cybertees.net"",""SeverityValue"":2,""ExecutionProcessID"":3524,""AccountType"":""User"",""Category"":""Registry object added or deleted (rule: RegistryEvent)"",""SourceModuleName"":""eventlog"",""Domain"":""NT AUTHORITY"",""Message"":""Registry object added or deleted:\r\nRuleName: -\r\nEventType: CreateKey\r\nUtcTime: 2022-04-15 12:06:25.659\r\nProcessGuid: {2d351099-5cc0-5f5f-3904-000000000400}\r\nProcessId: 5200\r\nImage: C:\\windows\\system32\\backgroundTaskHost.exe\r\nTargetObject: \\REGISTRY\\A\\{24ba27e4-e200-c615-e39b-bc4b3589a3be}\\LocalState"",""port"":60427,""UserID"":""S-1-5-18"",""UtcTime"":""2022-04-15 12:06:25.659"",""timestamp"":""2022-04-15T12:06:27.551Z"",""ThreadID"":4688,""Severity"":""INFO"",""EventTypeOrignal"":""INFO"",""EventType"":""CreateKey"",""Channel"":""Microsoft-Windows-Sysmon/Operational"",""TargetObject"":""\\REGISTRY\\A\\{24ba27e4-e200-c615-e39b-bc4b3589a3be}\\LocalState"",""Opcode"":""Info"",""EventReceivedTime"":""2022-04-15 08:06:27"",""@version"":""1"",""Task"":12,""SourceModuleType"":""im_msvistalog"",""RuleName"":""-"",""Hostname"":""James.browne"",""Keywords"":-9223372036854775808,""Version"":2,""ProcessGuid"":""{2d351099-5cc0-5f5f-3904-000000000400}""}",2022-04-15T08:06:22.000+0000,8,15,6,april,22,friday,2022,local,,CreateKey,cybertees.net,cyber-host,windowslogs,1,60427,"{"""":"":\\\\\\."","""":"""","""":,"""":[""""],"""":,"""":""{----}"",""",Event_logs.json,_json,ip-10-10-40-195,,splunk,,2022-04-15T12:06:27.551Z,
