1,,,,,,,\device\harddiskvolume2\windows\system32\lsass.exe,,,,Filtering Platform Connection,Security,,,,,,,,,,,,,,,,,,,,,,,5154,,2022-04-15 8:06:14,2022-04-15 8:06:08,,4,,0,,,,,James.browne,,,,,,,,,,-9214364837600034816,%%14609,42,,,,,,,"The Windows Filtering Platform has permitted an application or service to listen on a port for incoming connections.

Application Information:
	Process ID:		740
	Application Name:	\device\harddiskvolume2\windows\system32\lsass.exe

Network Information:
	Source Address:		::
	Source Port:		49664
	Protocol:		6

Filter Information:
	Filter Run-Time ID:	0
	Layer Name:		Listen
	Layer Run-Time ID:	42",,,,,,,,Info,0,,,,,,,,,,,740,,,6,{54849625-5478-4994-A5BA-3E3B0328C30D},,,,75445,,,,,,,,,INFO,2,,,,,,::,,,,,,eventlog,im_msvistalog,Microsoft-Windows-Security-Auditing,49664,,,,,,,,,,,,,,,,,,,,,,,12810,,,,1512,,,,,,,0,,,"{""ProcessId"":""740"",""tags"":[""splunk""],""EventID"":5154,""RecordNumber"":75445,""ProviderGuid"":""{54849625-5478-4994-A5BA-3E3B0328C30D}"",""SourceName"":""Microsoft-Windows-Security-Auditing"",""OpcodeValue"":0,""EventTime"":""2022-04-15 08:06:08"",""FilterRTID"":""0"",""host"":""cybertees.net"",""SeverityValue"":2,""ExecutionProcessID"":4,""Category"":""Filtering Platform Connection"",""SourceModuleName"":""eventlog"",""Message"":""The Windows Filtering Platform has permitted an application or service to listen on a port for incoming connections.\r\n\r\nApplication Information:\r\n\tProcess ID:\t\t740\r\n\tApplication Name:\t\\device\\harddiskvolume2\\windows\\system32\\lsass.exe\r\n\r\nNetwork Information:\r\n\tSource Address:\t\t::\r\n\tSource Port:\t\t49664\r\n\tProtocol:\t\t6\r\n\r\nFilter Information:\r\n\tFilter Run-Time ID:\t0\r\n\tLayer Name:\t\tListen\r\n\tLayer Run-Time ID:\t42"",""port"":60427,""Protocol"":""6"",""timestamp"":""2022-04-15T12:06:14.473Z"",""ThreadID"":1512,""Severity"":""INFO"",""EventType"":""AUDIT_SUCCESS"",""Channel"":""Security"",""SourceAddress"":""::"",""Opcode"":""Info"",""EventReceivedTime"":""2022-04-15 08:06:14"",""@version"":""1"",""Task"":12810,""SourceModuleType"":""im_msvistalog"",""LayerName"":""%%14609"",""LayerRTID"":""42"",""Hostname"":""James.browne"",""Application"":""\\device\\harddiskvolume2\\windows\\system32\\lsass.exe"",""Keywords"":-9214364837600034816,""Version"":0,""SourcePort"":""49664""}",2022-04-15T08:06:12.000+0000,8,15,6,april,12,friday,2022,local,,AUDIT_SUCCESS,cybertees.net,cyber-host,windowslogs,1,60427,"{"""":"""","""":[""""],"""":,"""":,"""":""{----}"","""":""---"","""":,""""",Event_logs.json,_json,ip-10-10-40-195,,splunk,,2022-04-15T12:06:14.473Z,
1,,,,SYSTEM,User,,,,,,Registry object added or deleted (rule: RegistryEvent),Microsoft-Windows-Sysmon/Operational,,,,,,,,,,,,,,,,,,NT AUTHORITY,,,,,12,,2022-04-15 8:06:14,2022-04-15 8:06:09,INFO,3524,,,,,,,James.browne,C:\windows\system32\taskhostw.exe,,,,,,,,,-9223372036854775808,,,,,,,,,"Registry object added or deleted:
RuleName: -
EventType: CreateKey
UtcTime: 2022-04-15 12:06:09.154
ProcessGuid: {2d351099-43e5-5f5f-7e00-000000000400}
ProcessId: 4864
Image: C:\windows\system32\taskhostw.exe
TargetObject: HKLM\SOFTWARE\Microsoft\Windows\CurrentVersion\Flighting\Build",,,,,,,,Info,0,,,,,,,,,,{2d351099-43e5-5f5f-7e00-000000000400},4864,,,,{5770385F-C22A-43E0-BF4C-06F5698FFBD9},,,,424532,,,,,,,-,,INFO,2,,,,,,,,,,,,eventlog,im_msvistalog,Microsoft-Windows-Sysmon,,,,,,,,,,,,,,,,,HKLM\SOFTWARE\Microsoft\Windows\CurrentVersion\Flighting\Build,,,,,,,12,,,,4688,,,,,S-1-5-18,2022-04-15 12:06:09,2,,,"{""Image"":""C:\\windows\\system32\\taskhostw.exe"",""ProcessId"":""4864"",""EventID"":12,""tags"":[""splunk""],""RecordNumber"":424532,""ProviderGuid"":""{5770385F-C22A-43E0-BF4C-06F5698FFBD9}"",""SourceName"":""Microsoft-Windows-Sysmon"",""OpcodeValue"":0,""EventTime"":""2022-04-15 08:06:09"",""AccountName"":""SYSTEM"",""host"":""cybertees.net"",""SeverityValue"":2,""ExecutionProcessID"":3524,""AccountType"":""User"",""Category"":""Registry object added or deleted (rule: RegistryEvent)"",""SourceModuleName"":""eventlog"",""Domain"":""NT AUTHORITY"",""Message"":""Registry object added or deleted:\r\nRuleName: -\r\nEventType: CreateKey\r\nUtcTime: 2022-04-15 12:06:09.154\r\nProcessGuid: {2d351099-43e5-5f5f-7e00-000000000400}\r\nProcessId: 4864\r\nImage: C:\\windows\\system32\\taskhostw.exe\r\nTargetObject: HKLM\\SOFTWARE\\Microsoft\\Windows\\CurrentVersion\\Flighting\\Build"",""port"":60427,""UserID"":""S-1-5-18"",""UtcTime"":""2022-04-15 12:06:09.154"",""timestamp"":""2022-04-15T12:06:14.473Z"",""ThreadID"":4688,""Severity"":""INFO"",""EventTypeOrignal"":""INFO"",""EventType"":""CreateKey"",""Channel"":""Microsoft-Windows-Sysmon/Operational"",""TargetObject"":""HKLM\\SOFTWARE\\Microsoft\\Windows\\CurrentVersion\\Flighting\\Build"",""Opcode"":""Info"",""EventReceivedTime"":""2022-04-15 08:06:14"",""@version"":""1"",""Task"":12,""SourceModuleType"":""im_msvistalog"",""RuleName"":""-"",""Hostname"":""James.browne"",""Keywords"":-9223372036854775808,""Version"":2,""ProcessGuid"":""{2d351099-43e5-5f5f-7e00-000000000400}""}",2022-04-15T08:06:12.000+0000,8,15,6,april,12,friday,2022,local,,CreateKey,cybertees.net,cyber-host,windowslogs,1,60427,"{"""":"":\\\\\\."","""":"""","""":,"""":[""""],"""":,"""":""{----}"",""",Event_logs.json,_json,ip-10-10-40-195,,splunk,,2022-04-15T12:06:14.473Z,
1,,,,,,,System,,,,Filtering Platform Connection,Security,,,,,,,,,,,,,,,,,,,,,,,5154,,2022-04-15 8:06:14,2022-04-15 8:06:08,,4,,70267,,,,,James.browne,,,,,,,,,,-9214364837600034816,%%14609,40,,,,,,,"The Windows Filtering Platform has permitted an application or service to listen on a port for incoming connections.

Application Information:
	Process ID:		4
	Application Name:	System

Network Information:
	Source Address:		172.90.12.11
	Source Port:		139
	Protocol:		6

Filter Information:
	Filter Run-Time ID:	70267
	Layer Name:		Listen
	Layer Run-Time ID:	40",,,,,,,,Info,0,,,,,,,,,,,4,,,6,{54849625-5478-4994-A5BA-3E3B0328C30D},,,,75444,,,,,,,,,INFO,2,,,,,,172.90.12.11,,,,,,eventlog,im_msvistalog,Microsoft-Windows-Security-Auditing,139,,,,,,,,,,,,,,,,,,,,,,,12810,,,,1512,,,,,,,0,,,"{""ProcessId"":""4"",""tags"":[""splunk""],""EventID"":5154,""RecordNumber"":75444,""ProviderGuid"":""{54849625-5478-4994-A5BA-3E3B0328C30D}"",""SourceName"":""Microsoft-Windows-Security-Auditing"",""OpcodeValue"":0,""EventTime"":""2022-04-15 08:06:08"",""FilterRTID"":""70267"",""host"":""cybertees.net"",""SeverityValue"":2,""ExecutionProcessID"":4,""Category"":""Filtering Platform Connection"",""SourceModuleName"":""eventlog"",""Message"":""The Windows Filtering Platform has permitted an application or service to listen on a port for incoming connections.\r\n\r\nApplication Information:\r\n\tProcess ID:\t\t4\r\n\tApplication Name:\tSystem\r\n\r\nNetwork Information:\r\n\tSource Address:\t\t172.90.12.11\r\n\tSource Port:\t\t139\r\n\tProtocol:\t\t6\r\n\r\nFilter Information:\r\n\tFilter Run-Time ID:\t70267\r\n\tLayer Name:\t\tListen\r\n\tLayer Run-Time ID:\t40"",""port"":60427,""Protocol"":""6"",""timestamp"":""2022-04-15T12:06:14.472Z"",""ThreadID"":1512,""Severity"":""INFO"",""EventType"":""AUDIT_SUCCESS"",""Channel"":""Security"",""SourceAddress"":""172.90.12.11"",""Opcode"":""Info"",""EventReceivedTime"":""2022-04-15 08:06:14"",""@version"":""1"",""Task"":12810,""SourceModuleType"":""im_msvistalog"",""LayerName"":""%%14609"",""LayerRTID"":""40"",""Hostname"":""James.browne"",""Application"":""System"",""Keywords"":-9214364837600034816,""Version"":0,""SourcePort"":""139""}",2022-04-15T08:06:12.000+0000,8,15,6,april,12,friday,2022,local,,AUDIT_SUCCESS,cybertees.net,cyber-host,windowslogs,1,60427,"{"""":"""","""":[""""],"""":,"""":,"""":""{----}"","""":""---"","""":,""""",Event_logs.json,_json,ip-10-10-40-195,,splunk,,2022-04-15T12:06:14.472Z,
1,,,,SYSTEM,User,,,,,,Registry object added or deleted (rule: RegistryEvent),Microsoft-Windows-Sysmon/Operational,,,,,,,,,,,,,,,,,,NT AUTHORITY,,,,,12,,2022-04-15 8:06:14,2022-04-15 8:06:09,INFO,3524,,,,,,,James.browne,C:\windows\system32\taskhostw.exe,,,,,,,,,-9223372036854775808,,,,,,,,,"Registry object added or deleted:
RuleName: -
EventType: CreateKey
UtcTime: 2022-04-15 12:06:09.154
ProcessGuid: {2d351099-43e5-5f5f-7e00-000000000400}
ProcessId: 4864
Image: C:\windows\system32\taskhostw.exe
TargetObject: HKLM\SOFTWARE\Microsoft\WindowsSelfHost\FIDs\Unknown",,,,,,,,Info,0,,,,,,,,,,{2d351099-43e5-5f5f-7e00-000000000400},4864,,,,{5770385F-C22A-43E0-BF4C-06F5698FFBD9},,,,424531,,,,,,,-,,INFO,2,,,,,,,,,,,,eventlog,im_msvistalog,Microsoft-Windows-Sysmon,,,,,,,,,,,,,,,,,HKLM\SOFTWARE\Microsoft\WindowsSelfHost\FIDs\Unknown,,,,,,,12,,,,4688,,,,,S-1-5-18,2022-04-15 12:06:09,2,,,"{""Image"":""C:\\windows\\system32\\taskhostw.exe"",""ProcessId"":""4864"",""EventID"":12,""tags"":[""splunk""],""RecordNumber"":424531,""ProviderGuid"":""{5770385F-C22A-43E0-BF4C-06F5698FFBD9}"",""SourceName"":""Microsoft-Windows-Sysmon"",""OpcodeValue"":0,""EventTime"":""2022-04-15 08:06:09"",""AccountName"":""SYSTEM"",""host"":""cybertees.net"",""SeverityValue"":2,""ExecutionProcessID"":3524,""AccountType"":""User"",""Category"":""Registry object added or deleted (rule: RegistryEvent)"",""SourceModuleName"":""eventlog"",""Domain"":""NT AUTHORITY"",""Message"":""Registry object added or deleted:\r\nRuleName: -\r\nEventType: CreateKey\r\nUtcTime: 2022-04-15 12:06:09.154\r\nProcessGuid: {2d351099-43e5-5f5f-7e00-000000000400}\r\nProcessId: 4864\r\nImage: C:\\windows\\system32\\taskhostw.exe\r\nTargetObject: HKLM\\SOFTWARE\\Microsoft\\WindowsSelfHost\\FIDs\\Unknown"",""port"":60427,""UserID"":""S-1-5-18"",""UtcTime"":""2022-04-15 12:06:09.154"",""timestamp"":""2022-04-15T12:06:14.472Z"",""ThreadID"":4688,""Severity"":""INFO"",""EventTypeOrignal"":""INFO"",""EventType"":""CreateKey"",""Channel"":""Microsoft-Windows-Sysmon/Operational"",""TargetObject"":""HKLM\\SOFTWARE\\Microsoft\\WindowsSelfHost\\FIDs\\Unknown"",""Opcode"":""Info"",""EventReceivedTime"":""2022-04-15 08:06:14"",""@version"":""1"",""Task"":12,""SourceModuleType"":""im_msvistalog"",""RuleName"":""-"",""Hostname"":""James.browne"",""Keywords"":-9223372036854775808,""Version"":2,""ProcessGuid"":""{2d351099-43e5-5f5f-7e00-000000000400}""}",2022-04-15T08:06:12.000+0000,8,15,6,april,12,friday,2022,local,,CreateKey,cybertees.net,cyber-host,windowslogs,1,60427,"{"""":"":\\\\\\."","""":"""","""":,"""":[""""],"""":,"""":""{----}"",""",Event_logs.json,_json,ip-10-10-40-195,,splunk,,2022-04-15T12:06:14.472Z,
1,,,,,,,\device\harddiskvolume2\windows\system32\svchost.exe,,,,Filtering Platform Connection,Security,,,,,,,,,,,,,,,,,,,,,,,5154,,2022-04-15 8:06:14,2022-04-15 8:06:08,,4,,0,,,,,James.browne,,,,,,,,,,-9214364837600034816,%%14609,40,,,,,,,"The Windows Filtering Platform has permitted an application or service to listen on a port for incoming connections.

Application Information:
	Process ID:		2088
	Application Name:	\device\harddiskvolume2\windows\system32\svchost.exe

Network Information:
	Source Address:		0.0.0.0
	Source Port:		49670
	Protocol:		6

Filter Information:
	Filter Run-Time ID:	0
	Layer Name:		Listen
	Layer Run-Time ID:	40",,,,,,,,Info,0,,,,,,,,,,,2088,,,6,{54849625-5478-4994-A5BA-3E3B0328C30D},,,,75443,,,,,,,,,INFO,2,,,,,,0.0.0.0,,,,,,eventlog,im_msvistalog,Microsoft-Windows-Security-Auditing,49670,,,,,,,,,,,,,,,,,,,,,,,12810,,,,1512,,,,,,,0,,,"{""ProcessId"":""2088"",""tags"":[""splunk""],""EventID"":5154,""RecordNumber"":75443,""ProviderGuid"":""{54849625-5478-4994-A5BA-3E3B0328C30D}"",""SourceName"":""Microsoft-Windows-Security-Auditing"",""OpcodeValue"":0,""EventTime"":""2022-04-15 08:06:08"",""FilterRTID"":""0"",""host"":""cybertees.net"",""SeverityValue"":2,""ExecutionProcessID"":4,""Category"":""Filtering Platform Connection"",""SourceModuleName"":""eventlog"",""Message"":""The Windows Filtering Platform has permitted an application or service to listen on a port for incoming connections.\r\n\r\nApplication Information:\r\n\tProcess ID:\t\t2088\r\n\tApplication Name:\t\\device\\harddiskvolume2\\windows\\system32\\svchost.exe\r\n\r\nNetwork Information:\r\n\tSource Address:\t\t0.0.0.0\r\n\tSource Port:\t\t49670\r\n\tProtocol:\t\t6\r\n\r\nFilter Information:\r\n\tFilter Run-Time ID:\t0\r\n\tLayer Name:\t\tListen\r\n\tLayer Run-Time ID:\t40"",""port"":60427,""Protocol"":""6"",""timestamp"":""2022-04-15T12:06:14.471Z"",""ThreadID"":1512,""Severity"":""INFO"",""EventType"":""AUDIT_SUCCESS"",""Channel"":""Security"",""SourceAddress"":""0.0.0.0"",""Opcode"":""Info"",""EventReceivedTime"":""2022-04-15 08:06:14"",""@version"":""1"",""Task"":12810,""SourceModuleType"":""im_msvistalog"",""LayerName"":""%%14609"",""LayerRTID"":""40"",""Hostname"":""James.browne"",""Application"":""\\device\\harddiskvolume2\\windows\\system32\\svchost.exe"",""Keywords"":-9214364837600034816,""Version"":0,""SourcePort"":""49670""}",2022-04-15T08:06:12.000+0000,8,15,6,april,12,friday,2022,local,,AUDIT_SUCCESS,cybertees.net,cyber-host,windowslogs,1,60427,"{"""":"""","""":[""""],"""":,"""":,"""":""{----}"","""":""---"","""":,""""",Event_logs.json,_json,ip-10-10-40-195,,splunk,,2022-04-15T12:06:14.471Z,
1,,,,SYSTEM,User,,,,,,Registry object added or deleted (rule: RegistryEvent),Microsoft-Windows-Sysmon/Operational,,,,,,,,,,,,,,,,,,NT AUTHORITY,,,,,12,,2022-04-15 8:06:14,2022-04-15 8:06:09,INFO,3524,,,,,,,James.browne,C:\windows\system32\taskhostw.exe,,,,,,,,,-9223372036854775808,,,,,,,,,"Registry object added or deleted:
RuleName: -
EventType: CreateKey
UtcTime: 2022-04-15 12:06:09.154
ProcessGuid: {2d351099-43e5-5f5f-7e00-000000000400}
ProcessId: 4864
Image: C:\windows\system32\taskhostw.exe
TargetObject: HKLM\SOFTWARE\Microsoft\WindowsSelfHost\FIDs\ByFID",,,,,,,,Info,0,,,,,,,,,,{2d351099-43e5-5f5f-7e00-000000000400},4864,,,,{5770385F-C22A-43E0-BF4C-06F5698FFBD9},,,,424530,,,,,,,-,,INFO,2,,,,,,,,,,,,eventlog,im_msvistalog,Microsoft-Windows-Sysmon,,,,,,,,,,,,,,,,,HKLM\SOFTWARE\Microsoft\WindowsSelfHost\FIDs\ByFID,,,,,,,12,,,,4688,,,,,S-1-5-18,2022-04-15 12:06:09,2,,,"{""Image"":""C:\\windows\\system32\\taskhostw.exe"",""ProcessId"":""4864"",""EventID"":12,""tags"":[""splunk""],""RecordNumber"":424530,""ProviderGuid"":""{5770385F-C22A-43E0-BF4C-06F5698FFBD9}"",""SourceName"":""Microsoft-Windows-Sysmon"",""OpcodeValue"":0,""EventTime"":""2022-04-15 08:06:09"",""AccountName"":""SYSTEM"",""host"":""cybertees.net"",""SeverityValue"":2,""ExecutionProcessID"":3524,""AccountType"":""User"",""Category"":""Registry object added or deleted (rule: RegistryEvent)"",""SourceModuleName"":""eventlog"",""Domain"":""NT AUTHORITY"",""Message"":""Registry object added or deleted:\r\nRuleName: -\r\nEventType: CreateKey\r\nUtcTime: 2022-04-15 12:06:09.154\r\nProcessGuid: {2d351099-43e5-5f5f-7e00-000000000400}\r\nProcessId: 4864\r\nImage: C:\\windows\\system32\\taskhostw.exe\r\nTargetObject: HKLM\\SOFTWARE\\Microsoft\\WindowsSelfHost\\FIDs\\ByFID"",""port"":60427,""UserID"":""S-1-5-18"",""UtcTime"":""2022-04-15 12:06:09.154"",""timestamp"":""2022-04-15T12:06:14.471Z"",""ThreadID"":4688,""Severity"":""INFO"",""EventTypeOrignal"":""INFO"",""EventType"":""CreateKey"",""Channel"":""Microsoft-Windows-Sysmon/Operational"",""TargetObject"":""HKLM\\SOFTWARE\\Microsoft\\WindowsSelfHost\\FIDs\\ByFID"",""Opcode"":""Info"",""EventReceivedTime"":""2022-04-15 08:06:14"",""@version"":""1"",""Task"":12,""SourceModuleType"":""im_msvistalog"",""RuleName"":""-"",""Hostname"":""James.browne"",""Keywords"":-9223372036854775808,""Version"":2,""ProcessGuid"":""{2d351099-43e5-5f5f-7e00-000000000400}""}",2022-04-15T08:06:12.000+0000,8,15,6,april,12,friday,2022,local,,CreateKey,cybertees.net,cyber-host,windowslogs,1,60427,"{"""":"":\\\\\\."","""":"""","""":,"""":[""""],"""":,"""":""{----}"",""",Event_logs.json,_json,ip-10-10-40-195,,splunk,,2022-04-15T12:06:14.471Z,
1,,,,,,,System,,,,Filtering Platform Connection,Security,,,,,,,,,,,,,,,,,,,,,,,5154,,2022-04-15 8:06:14,2022-04-15 8:06:08,,4,,0,,,,,James.browne,,,,,,,,,,-9214364837600034816,%%14609,40,,,,,,,"The Windows Filtering Platform has permitted an application or service to listen on a port for incoming connections.

Application Information:
	Process ID:		4
	Application Name:	System

Network Information:
	Source Address:		127.0.0.1
	Source Port:		10333
	Protocol:		6

Filter Information:
	Filter Run-Time ID:	0
	Layer Name:		Listen
	Layer Run-Time ID:	40",,,,,,,,Info,0,,,,,,,,,,,4,,,6,{54849625-5478-4994-A5BA-3E3B0328C30D},,,,75442,,,,,,,,,INFO,2,,,,,,127.0.0.1,,,,,,eventlog,im_msvistalog,Microsoft-Windows-Security-Auditing,10333,,,,,,,,,,,,,,,,,,,,,,,12810,,,,1512,,,,,,,0,,,"{""ProcessId"":""4"",""tags"":[""splunk""],""EventID"":5154,""RecordNumber"":75442,""ProviderGuid"":""{54849625-5478-4994-A5BA-3E3B0328C30D}"",""SourceName"":""Microsoft-Windows-Security-Auditing"",""OpcodeValue"":0,""EventTime"":""2022-04-15 08:06:08"",""FilterRTID"":""0"",""host"":""cybertees.net"",""SeverityValue"":2,""ExecutionProcessID"":4,""Category"":""Filtering Platform Connection"",""SourceModuleName"":""eventlog"",""Message"":""The Windows Filtering Platform has permitted an application or service to listen on a port for incoming connections.\r\n\r\nApplication Information:\r\n\tProcess ID:\t\t4\r\n\tApplication Name:\tSystem\r\n\r\nNetwork Information:\r\n\tSource Address:\t\t127.0.0.1\r\n\tSource Port:\t\t10333\r\n\tProtocol:\t\t6\r\n\r\nFilter Information:\r\n\tFilter Run-Time ID:\t0\r\n\tLayer Name:\t\tListen\r\n\tLayer Run-Time ID:\t40"",""port"":60427,""Protocol"":""6"",""timestamp"":""2022-04-15T12:06:14.471Z"",""ThreadID"":1512,""Severity"":""INFO"",""EventType"":""AUDIT_SUCCESS"",""Channel"":""Security"",""SourceAddress"":""127.0.0.1"",""Opcode"":""Info"",""EventReceivedTime"":""2022-04-15 08:06:14"",""@version"":""1"",""Task"":12810,""SourceModuleType"":""im_msvistalog"",""LayerName"":""%%14609"",""LayerRTID"":""40"",""Hostname"":""James.browne"",""Application"":""System"",""Keywords"":-9214364837600034816,""Version"":0,""SourcePort"":""10333""}",2022-04-15T08:06:12.000+0000,8,15,6,april,12,friday,2022,local,,AUDIT_SUCCESS,cybertees.net,cyber-host,windowslogs,1,60427,"{"""":"""","""":[""""],"""":,"""":,"""":""{----}"","""":""---"","""":,""""",Event_logs.json,_json,ip-10-10-40-195,,splunk,,2022-04-15T12:06:14.471Z,
1,,,,SYSTEM,User,,,,,,Registry object added or deleted (rule: RegistryEvent),Microsoft-Windows-Sysmon/Operational,,,,,,,,,,,,,,,,,,NT AUTHORITY,,,,,12,,2022-04-15 8:06:14,2022-04-15 8:06:09,INFO,3524,,,,,,,James.browne,C:\windows\system32\taskhostw.exe,,,,,,,,,-9223372036854775808,,,,,,,,,"Registry object added or deleted:
RuleName: -
EventType: CreateKey
UtcTime: 2022-04-15 12:06:09.154
ProcessGuid: {2d351099-43e5-5f5f-7e00-000000000400}
ProcessId: 4864
Image: C:\windows\system32\taskhostw.exe
TargetObject: HKLM\SOFTWARE\Microsoft\WindowsSelfHost\FIDs",,,,,,,,Info,0,,,,,,,,,,{2d351099-43e5-5f5f-7e00-000000000400},4864,,,,{5770385F-C22A-43E0-BF4C-06F5698FFBD9},,,,424529,,,,,,,-,,INFO,2,,,,,,,,,,,,eventlog,im_msvistalog,Microsoft-Windows-Sysmon,,,,,,,,,,,,,,,,,HKLM\SOFTWARE\Microsoft\WindowsSelfHost\FIDs,,,,,,,12,,,,4688,,,,,S-1-5-18,2022-04-15 12:06:09,2,,,"{""Image"":""C:\\windows\\system32\\taskhostw.exe"",""ProcessId"":""4864"",""EventID"":12,""tags"":[""splunk""],""RecordNumber"":424529,""ProviderGuid"":""{5770385F-C22A-43E0-BF4C-06F5698FFBD9}"",""SourceName"":""Microsoft-Windows-Sysmon"",""OpcodeValue"":0,""EventTime"":""2022-04-15 08:06:09"",""AccountName"":""SYSTEM"",""host"":""cybertees.net"",""SeverityValue"":2,""ExecutionProcessID"":3524,""AccountType"":""User"",""Category"":""Registry object added or deleted (rule: RegistryEvent)"",""SourceModuleName"":""eventlog"",""Domain"":""NT AUTHORITY"",""Message"":""Registry object added or deleted:\r\nRuleName: -\r\nEventType: CreateKey\r\nUtcTime: 2022-04-15 12:06:09.154\r\nProcessGuid: {2d351099-43e5-5f5f-7e00-000000000400}\r\nProcessId: 4864\r\nImage: C:\\windows\\system32\\taskhostw.exe\r\nTargetObject: HKLM\\SOFTWARE\\Microsoft\\WindowsSelfHost\\FIDs"",""port"":60427,""UserID"":""S-1-5-18"",""UtcTime"":""2022-04-15 12:06:09.154"",""timestamp"":""2022-04-15T12:06:14.470Z"",""ThreadID"":4688,""Severity"":""INFO"",""EventTypeOrignal"":""INFO"",""EventType"":""CreateKey"",""Channel"":""Microsoft-Windows-Sysmon/Operational"",""TargetObject"":""HKLM\\SOFTWARE\\Microsoft\\WindowsSelfHost\\FIDs"",""Opcode"":""Info"",""EventReceivedTime"":""2022-04-15 08:06:14"",""@version"":""1"",""Task"":12,""SourceModuleType"":""im_msvistalog"",""RuleName"":""-"",""Hostname"":""James.browne"",""Keywords"":-9223372036854775808,""Version"":2,""ProcessGuid"":""{2d351099-43e5-5f5f-7e00-000000000400}""}",2022-04-15T08:06:12.000+0000,8,15,6,april,12,friday,2022,local,,CreateKey,cybertees.net,cyber-host,windowslogs,1,60427,"{"""":"":\\\\\\."","""":"""","""":,"""":[""""],"""":,"""":""{----}"",""",Event_logs.json,_json,ip-10-10-40-195,,splunk,,2022-04-15T12:06:14.470Z,
1,,,,,,,\device\harddiskvolume2\windows\system32\spoolsv.exe,,,,Filtering Platform Connection,Security,,,,,,,,,,,,,,,,,,,,,,,5154,,2022-04-15 8:06:14,2022-04-15 8:06:08,,4,,70283,,,,,James.browne,,,,,,,,,,-9214364837600034816,%%14609,40,,,,,,,"The Windows Filtering Platform has permitted an application or service to listen on a port for incoming connections.

Application Information:
	Process ID:		2956
	Application Name:	\device\harddiskvolume2\windows\system32\spoolsv.exe

Network Information:
	Source Address:		0.0.0.0
	Source Port:		49669
	Protocol:		6

Filter Information:
	Filter Run-Time ID:	70283
	Layer Name:		Listen
	Layer Run-Time ID:	40",,,,,,,,Info,0,,,,,,,,,,,2956,,,6,{54849625-5478-4994-A5BA-3E3B0328C30D},,,,75441,,,,,,,,,INFO,2,,,,,,0.0.0.0,,,,,,eventlog,im_msvistalog,Microsoft-Windows-Security-Auditing,49669,,,,,,,,,,,,,,,,,,,,,,,12810,,,,1512,,,,,,,0,,,"{""ProcessId"":""2956"",""tags"":[""splunk""],""EventID"":5154,""RecordNumber"":75441,""ProviderGuid"":""{54849625-5478-4994-A5BA-3E3B0328C30D}"",""SourceName"":""Microsoft-Windows-Security-Auditing"",""OpcodeValue"":0,""EventTime"":""2022-04-15 08:06:08"",""FilterRTID"":""70283"",""host"":""cybertees.net"",""SeverityValue"":2,""ExecutionProcessID"":4,""Category"":""Filtering Platform Connection"",""SourceModuleName"":""eventlog"",""Message"":""The Windows Filtering Platform has permitted an application or service to listen on a port for incoming connections.\r\n\r\nApplication Information:\r\n\tProcess ID:\t\t2956\r\n\tApplication Name:\t\\device\\harddiskvolume2\\windows\\system32\\spoolsv.exe\r\n\r\nNetwork Information:\r\n\tSource Address:\t\t0.0.0.0\r\n\tSource Port:\t\t49669\r\n\tProtocol:\t\t6\r\n\r\nFilter Information:\r\n\tFilter Run-Time ID:\t70283\r\n\tLayer Name:\t\tListen\r\n\tLayer Run-Time ID:\t40"",""port"":60427,""Protocol"":""6"",""timestamp"":""2022-04-15T12:06:14.470Z"",""ThreadID"":1512,""Severity"":""INFO"",""EventType"":""AUDIT_SUCCESS"",""Channel"":""Security"",""SourceAddress"":""0.0.0.0"",""Opcode"":""Info"",""EventReceivedTime"":""2022-04-15 08:06:14"",""@version"":""1"",""Task"":12810,""SourceModuleType"":""im_msvistalog"",""LayerName"":""%%14609"",""LayerRTID"":""40"",""Hostname"":""James.browne"",""Application"":""\\device\\harddiskvolume2\\windows\\system32\\spoolsv.exe"",""Keywords"":-9214364837600034816,""Version"":0,""SourcePort"":""49669""}",2022-04-15T08:06:12.000+0000,8,15,6,april,12,friday,2022,local,,AUDIT_SUCCESS,cybertees.net,cyber-host,windowslogs,1,60427,"{"""":"""","""":[""""],"""":,"""":,"""":""{----}"","""":""---"","""":,""""",Event_logs.json,_json,ip-10-10-40-195,,splunk,,2022-04-15T12:06:14.470Z,
1,,,,SYSTEM,User,,,,,,Registry object added or deleted (rule: RegistryEvent),Microsoft-Windows-Sysmon/Operational,,,,,,,,,,,,,,,,,,NT AUTHORITY,,,,,12,,2022-04-15 8:06:14,2022-04-15 8:06:09,INFO,3524,,,,,,,James.browne,C:\windows\system32\taskhostw.exe,,,,,,,,,-9223372036854775808,,,,,,,,,"Registry object added or deleted:
RuleName: -
EventType: CreateKey
UtcTime: 2022-04-15 12:06:09.138
ProcessGuid: {2d351099-43e5-5f5f-7e00-000000000400}
ProcessId: 4864
Image: C:\windows\system32\taskhostw.exe
TargetObject: HKLM\SOFTWARE\Microsoft\Windows\CurrentVersion\Wosc\Client\Persistent\ClientState\FCON",,,,,,,,Info,0,,,,,,,,,,{2d351099-43e5-5f5f-7e00-000000000400},4864,,,,{5770385F-C22A-43E0-BF4C-06F5698FFBD9},,,,424528,,,,,,,-,,INFO,2,,,,,,,,,,,,eventlog,im_msvistalog,Microsoft-Windows-Sysmon,,,,,,,,,,,,,,,,,HKLM\SOFTWARE\Microsoft\Windows\CurrentVersion\Wosc\Client\Persistent\ClientState\FCON,,,,,,,12,,,,4688,,,,,S-1-5-18,2022-04-15 12:06:09,2,,,"{""Image"":""C:\\windows\\system32\\taskhostw.exe"",""ProcessId"":""4864"",""EventID"":12,""tags"":[""splunk""],""RecordNumber"":424528,""ProviderGuid"":""{5770385F-C22A-43E0-BF4C-06F5698FFBD9}"",""SourceName"":""Microsoft-Windows-Sysmon"",""OpcodeValue"":0,""EventTime"":""2022-04-15 08:06:09"",""AccountName"":""SYSTEM"",""host"":""cybertees.net"",""SeverityValue"":2,""ExecutionProcessID"":3524,""AccountType"":""User"",""Category"":""Registry object added or deleted (rule: RegistryEvent)"",""SourceModuleName"":""eventlog"",""Domain"":""NT AUTHORITY"",""Message"":""Registry object added or deleted:\r\nRuleName: -\r\nEventType: CreateKey\r\nUtcTime: 2022-04-15 12:06:09.138\r\nProcessGuid: {2d351099-43e5-5f5f-7e00-000000000400}\r\nProcessId: 4864\r\nImage: C:\\windows\\system32\\taskhostw.exe\r\nTargetObject: HKLM\\SOFTWARE\\Microsoft\\Windows\\CurrentVersion\\Wosc\\Client\\Persistent\\ClientState\\FCON"",""port"":60427,""UserID"":""S-1-5-18"",""UtcTime"":""2022-04-15 12:06:09.138"",""timestamp"":""2022-04-15T12:06:14.469Z"",""ThreadID"":4688,""Severity"":""INFO"",""EventTypeOrignal"":""INFO"",""EventType"":""CreateKey"",""Channel"":""Microsoft-Windows-Sysmon/Operational"",""TargetObject"":""HKLM\\SOFTWARE\\Microsoft\\Windows\\CurrentVersion\\Wosc\\Client\\Persistent\\ClientState\\FCON"",""Opcode"":""Info"",""EventReceivedTime"":""2022-04-15 08:06:14"",""@version"":""1"",""Task"":12,""SourceModuleType"":""im_msvistalog"",""RuleName"":""-"",""Hostname"":""James.browne"",""Keywords"":-9223372036854775808,""Version"":2,""ProcessGuid"":""{2d351099-43e5-5f5f-7e00-000000000400}""}",2022-04-15T08:06:12.000+0000,8,15,6,april,12,friday,2022,local,,CreateKey,cybertees.net,cyber-host,windowslogs,1,60427,"{"""":"":\\\\\\."","""":"""","""":,"""":[""""],"""":,"""":""{----}"",""",Event_logs.json,_json,ip-10-10-40-195,,splunk,,2022-04-15T12:06:14.469Z,
1,,,,,,,\device\harddiskvolume2\windows\system32\svchost.exe,,,,Filtering Platform Connection,Security,,,,,,,,,,,,,,,,,,,,,,,5154,,2022-04-15 8:06:14,2022-04-15 8:06:08,,4,,0,,,,,James.browne,,,,,,,,,,-9214364837600034816,%%14609,40,,,,,,,"The Windows Filtering Platform has permitted an application or service to listen on a port for incoming connections.

Application Information:
	Process ID:		1388
	Application Name:	\device\harddiskvolume2\windows\system32\svchost.exe

Network Information:
	Source Address:		0.0.0.0
	Source Port:		49667
	Protocol:		6

Filter Information:
	Filter Run-Time ID:	0
	Layer Name:		Listen
	Layer Run-Time ID:	40",,,,,,,,Info,0,,,,,,,,,,,1388,,,6,{54849625-5478-4994-A5BA-3E3B0328C30D},,,,75440,,,,,,,,,INFO,2,,,,,,0.0.0.0,,,,,,eventlog,im_msvistalog,Microsoft-Windows-Security-Auditing,49667,,,,,,,,,,,,,,,,,,,,,,,12810,,,,1512,,,,,,,0,,,"{""ProcessId"":""1388"",""tags"":[""splunk""],""EventID"":5154,""RecordNumber"":75440,""ProviderGuid"":""{54849625-5478-4994-A5BA-3E3B0328C30D}"",""SourceName"":""Microsoft-Windows-Security-Auditing"",""OpcodeValue"":0,""EventTime"":""2022-04-15 08:06:08"",""FilterRTID"":""0"",""host"":""cybertees.net"",""SeverityValue"":2,""ExecutionProcessID"":4,""Category"":""Filtering Platform Connection"",""SourceModuleName"":""eventlog"",""Message"":""The Windows Filtering Platform has permitted an application or service to listen on a port for incoming connections.\r\n\r\nApplication Information:\r\n\tProcess ID:\t\t1388\r\n\tApplication Name:\t\\device\\harddiskvolume2\\windows\\system32\\svchost.exe\r\n\r\nNetwork Information:\r\n\tSource Address:\t\t0.0.0.0\r\n\tSource Port:\t\t49667\r\n\tProtocol:\t\t6\r\n\r\nFilter Information:\r\n\tFilter Run-Time ID:\t0\r\n\tLayer Name:\t\tListen\r\n\tLayer Run-Time ID:\t40"",""port"":60427,""Protocol"":""6"",""timestamp"":""2022-04-15T12:06:14.468Z"",""ThreadID"":1512,""Severity"":""INFO"",""EventType"":""AUDIT_SUCCESS"",""Channel"":""Security"",""SourceAddress"":""0.0.0.0"",""Opcode"":""Info"",""EventReceivedTime"":""2022-04-15 08:06:14"",""@version"":""1"",""Task"":12810,""SourceModuleType"":""im_msvistalog"",""LayerName"":""%%14609"",""LayerRTID"":""40"",""Hostname"":""James.browne"",""Application"":""\\device\\harddiskvolume2\\windows\\system32\\svchost.exe"",""Keywords"":-9214364837600034816,""Version"":0,""SourcePort"":""49667""}",2022-04-15T08:06:12.000+0000,8,15,6,april,12,friday,2022,local,,AUDIT_SUCCESS,cybertees.net,cyber-host,windowslogs,1,60427,"{"""":"""","""":[""""],"""":,"""":,"""":""{----}"","""":""---"","""":,""""",Event_logs.json,_json,ip-10-10-40-195,,splunk,,2022-04-15T12:06:14.468Z,
1,,,,SYSTEM,User,,,,,,Registry object added or deleted (rule: RegistryEvent),Microsoft-Windows-Sysmon/Operational,,,,,,,,,,,,,,,,,,NT AUTHORITY,,,,,12,,2022-04-15 8:06:14,2022-04-15 8:06:09,INFO,3524,,,,,,,James.browne,C:\windows\system32\taskhostw.exe,,,,,,,,,-9223372036854775808,,,,,,,,,"Registry object added or deleted:
RuleName: -
EventType: CreateKey
UtcTime: 2022-04-15 12:06:09.138
ProcessGuid: {2d351099-43e5-5f5f-7e00-000000000400}
ProcessId: 4864
Image: C:\windows\system32\taskhostw.exe
TargetObject: HKLM\SOFTWARE\Microsoft\Windows\CurrentVersion\Wosc\Client\Persistent\ClientState",,,,,,,,Info,0,,,,,,,,,,{2d351099-43e5-5f5f-7e00-000000000400},4864,,,,{5770385F-C22A-43E0-BF4C-06F5698FFBD9},,,,424527,,,,,,,-,,INFO,2,,,,,,,,,,,,eventlog,im_msvistalog,Microsoft-Windows-Sysmon,,,,,,,,,,,,,,,,,HKLM\SOFTWARE\Microsoft\Windows\CurrentVersion\Wosc\Client\Persistent\ClientState,,,,,,,12,,,,4688,,,,,S-1-5-18,2022-04-15 12:06:09,2,,,"{""Image"":""C:\\windows\\system32\\taskhostw.exe"",""ProcessId"":""4864"",""EventID"":12,""tags"":[""splunk""],""RecordNumber"":424527,""ProviderGuid"":""{5770385F-C22A-43E0-BF4C-06F5698FFBD9}"",""SourceName"":""Microsoft-Windows-Sysmon"",""OpcodeValue"":0,""EventTime"":""2022-04-15 08:06:09"",""AccountName"":""SYSTEM"",""host"":""cybertees.net"",""SeverityValue"":2,""ExecutionProcessID"":3524,""AccountType"":""User"",""Category"":""Registry object added or deleted (rule: RegistryEvent)"",""SourceModuleName"":""eventlog"",""Domain"":""NT AUTHORITY"",""Message"":""Registry object added or deleted:\r\nRuleName: -\r\nEventType: CreateKey\r\nUtcTime: 2022-04-15 12:06:09.138\r\nProcessGuid: {2d351099-43e5-5f5f-7e00-000000000400}\r\nProcessId: 4864\r\nImage: C:\\windows\\system32\\taskhostw.exe\r\nTargetObject: HKLM\\SOFTWARE\\Microsoft\\Windows\\CurrentVersion\\Wosc\\Client\\Persistent\\ClientState"",""port"":60427,""UserID"":""S-1-5-18"",""UtcTime"":""2022-04-15 12:06:09.138"",""timestamp"":""2022-04-15T12:06:14.468Z"",""ThreadID"":4688,""Severity"":""INFO"",""EventTypeOrignal"":""INFO"",""EventType"":""CreateKey"",""Channel"":""Microsoft-Windows-Sysmon/Operational"",""TargetObject"":""HKLM\\SOFTWARE\\Microsoft\\Windows\\CurrentVersion\\Wosc\\Client\\Persistent\\ClientState"",""Opcode"":""Info"",""EventReceivedTime"":""2022-04-15 08:06:14"",""@version"":""1"",""Task"":12,""SourceModuleType"":""im_msvistalog"",""RuleName"":""-"",""Hostname"":""James.browne"",""Keywords"":-9223372036854775808,""Version"":2,""ProcessGuid"":""{2d351099-43e5-5f5f-7e00-000000000400}""}",2022-04-15T08:06:12.000+0000,8,15,6,april,12,friday,2022,local,,CreateKey,cybertees.net,cyber-host,windowslogs,1,60427,"{"""":"":\\\\\\."","""":"""","""":,"""":[""""],"""":,"""":""{----}"",""",Event_logs.json,_json,ip-10-10-40-195,,splunk,,2022-04-15T12:06:14.468Z,
1,,,,,,,System,,,,Filtering Platform Connection,Security,,,,,,,,,,,,,,,,,,,,,,,5154,,2022-04-15 8:06:14,2022-04-15 8:06:08,,4,,70273,,,,,James.browne,,,,,,,,,,-9214364837600034816,%%14609,42,,,,,,,"The Windows Filtering Platform has permitted an application or service to listen on a port for incoming connections.

Application Information:
	Process ID:		4
	Application Name:	System

Network Information:
	Source Address:		::
	Source Port:		445
	Protocol:		6

Filter Information:
	Filter Run-Time ID:	70273
	Layer Name:		Listen
	Layer Run-Time ID:	42",,,,,,,,Info,0,,,,,,,,,,,4,,,6,{54849625-5478-4994-A5BA-3E3B0328C30D},,,,75439,,,,,,,,,INFO,2,,,,,,::,,,,,,eventlog,im_msvistalog,Microsoft-Windows-Security-Auditing,445,,,,,,,,,,,,,,,,,,,,,,,12810,,,,1512,,,,,,,0,,,"{""ProcessId"":""4"",""tags"":[""splunk""],""EventID"":5154,""RecordNumber"":75439,""ProviderGuid"":""{54849625-5478-4994-A5BA-3E3B0328C30D}"",""SourceName"":""Microsoft-Windows-Security-Auditing"",""OpcodeValue"":0,""EventTime"":""2022-04-15 08:06:08"",""FilterRTID"":""70273"",""host"":""cybertees.net"",""SeverityValue"":2,""ExecutionProcessID"":4,""Category"":""Filtering Platform Connection"",""SourceModuleName"":""eventlog"",""Message"":""The Windows Filtering Platform has permitted an application or service to listen on a port for incoming connections.\r\n\r\nApplication Information:\r\n\tProcess ID:\t\t4\r\n\tApplication Name:\tSystem\r\n\r\nNetwork Information:\r\n\tSource Address:\t\t::\r\n\tSource Port:\t\t445\r\n\tProtocol:\t\t6\r\n\r\nFilter Information:\r\n\tFilter Run-Time ID:\t70273\r\n\tLayer Name:\t\tListen\r\n\tLayer Run-Time ID:\t42"",""port"":60427,""Protocol"":""6"",""timestamp"":""2022-04-15T12:06:14.467Z"",""ThreadID"":1512,""Severity"":""INFO"",""EventType"":""AUDIT_SUCCESS"",""Channel"":""Security"",""SourceAddress"":""::"",""Opcode"":""Info"",""EventReceivedTime"":""2022-04-15 08:06:14"",""@version"":""1"",""Task"":12810,""SourceModuleType"":""im_msvistalog"",""LayerName"":""%%14609"",""LayerRTID"":""42"",""Hostname"":""James.browne"",""Application"":""System"",""Keywords"":-9214364837600034816,""Version"":0,""SourcePort"":""445""}",2022-04-15T08:06:12.000+0000,8,15,6,april,12,friday,2022,local,,AUDIT_SUCCESS,cybertees.net,cyber-host,windowslogs,1,60427,"{"""":"""","""":[""""],"""":,"""":,"""":""{----}"","""":""---"","""":,""""",Event_logs.json,_json,ip-10-10-40-195,,splunk,,2022-04-15T12:06:14.467Z,
1,,,,SYSTEM,User,,,,,,Registry object added or deleted (rule: RegistryEvent),Microsoft-Windows-Sysmon/Operational,,,,,,,,,,,,,,,,,,NT AUTHORITY,,,,,12,,2022-04-15 8:06:14,2022-04-15 8:06:09,INFO,3524,,,,,,,James.browne,C:\windows\system32\taskhostw.exe,,,,,,,,,-9223372036854775808,,,,,,,,,"Registry object added or deleted:
RuleName: -
EventType: CreateKey
UtcTime: 2022-04-15 12:06:09.138
ProcessGuid: {2d351099-43e5-5f5f-7e00-000000000400}
ProcessId: 4864
Image: C:\windows\system32\taskhostw.exe
TargetObject: HKLM\SOFTWARE\Microsoft\Windows\CurrentVersion\Wosc\Client\Persistent",,,,,,,,Info,0,,,,,,,,,,{2d351099-43e5-5f5f-7e00-000000000400},4864,,,,{5770385F-C22A-43E0-BF4C-06F5698FFBD9},,,,424526,,,,,,,-,,INFO,2,,,,,,,,,,,,eventlog,im_msvistalog,Microsoft-Windows-Sysmon,,,,,,,,,,,,,,,,,HKLM\SOFTWARE\Microsoft\Windows\CurrentVersion\Wosc\Client\Persistent,,,,,,,12,,,,4688,,,,,S-1-5-18,2022-04-15 12:06:09,2,,,"{""Image"":""C:\\windows\\system32\\taskhostw.exe"",""ProcessId"":""4864"",""EventID"":12,""tags"":[""splunk""],""RecordNumber"":424526,""ProviderGuid"":""{5770385F-C22A-43E0-BF4C-06F5698FFBD9}"",""SourceName"":""Microsoft-Windows-Sysmon"",""OpcodeValue"":0,""EventTime"":""2022-04-15 08:06:09"",""AccountName"":""SYSTEM"",""host"":""cybertees.net"",""SeverityValue"":2,""ExecutionProcessID"":3524,""AccountType"":""User"",""Category"":""Registry object added or deleted (rule: RegistryEvent)"",""SourceModuleName"":""eventlog"",""Domain"":""NT AUTHORITY"",""Message"":""Registry object added or deleted:\r\nRuleName: -\r\nEventType: CreateKey\r\nUtcTime: 2022-04-15 12:06:09.138\r\nProcessGuid: {2d351099-43e5-5f5f-7e00-000000000400}\r\nProcessId: 4864\r\nImage: C:\\windows\\system32\\taskhostw.exe\r\nTargetObject: HKLM\\SOFTWARE\\Microsoft\\Windows\\CurrentVersion\\Wosc\\Client\\Persistent"",""port"":60427,""UserID"":""S-1-5-18"",""UtcTime"":""2022-04-15 12:06:09.138"",""timestamp"":""2022-04-15T12:06:14.467Z"",""ThreadID"":4688,""Severity"":""INFO"",""EventTypeOrignal"":""INFO"",""EventType"":""CreateKey"",""Channel"":""Microsoft-Windows-Sysmon/Operational"",""TargetObject"":""HKLM\\SOFTWARE\\Microsoft\\Windows\\CurrentVersion\\Wosc\\Client\\Persistent"",""Opcode"":""Info"",""EventReceivedTime"":""2022-04-15 08:06:14"",""@version"":""1"",""Task"":12,""SourceModuleType"":""im_msvistalog"",""RuleName"":""-"",""Hostname"":""James.browne"",""Keywords"":-9223372036854775808,""Version"":2,""ProcessGuid"":""{2d351099-43e5-5f5f-7e00-000000000400}""}",2022-04-15T08:06:12.000+0000,8,15,6,april,12,friday,2022,local,,CreateKey,cybertees.net,cyber-host,windowslogs,1,60427,"{"""":"":\\\\\\."","""":"""","""":,"""":[""""],"""":,"""":""{----}"",""",Event_logs.json,_json,ip-10-10-40-195,,splunk,,2022-04-15T12:06:14.467Z,
1,,,,,,,\device\harddiskvolume2\windows\system32\svchost.exe,,,,Filtering Platform Connection,Security,,,,,,,,,,,,,,,,,,,,,,,5154,,2022-04-15 8:06:14,2022-04-15 8:06:08,,4,,0,,,,,James.browne,,,,,,,,,,-9214364837600034816,%%14609,40,,,,,,,"The Windows Filtering Platform has permitted an application or service to listen on a port for incoming connections.

Application Information:
	Process ID:		1516
	Application Name:	\device\harddiskvolume2\windows\system32\svchost.exe

Network Information:
	Source Address:		0.0.0.0
	Source Port:		49666
	Protocol:		6

Filter Information:
	Filter Run-Time ID:	0
	Layer Name:		Listen
	Layer Run-Time ID:	40",,,,,,,,Info,0,,,,,,,,,,,1516,,,6,{54849625-5478-4994-A5BA-3E3B0328C30D},,,,75438,,,,,,,,,INFO,2,,,,,,0.0.0.0,,,,,,eventlog,im_msvistalog,Microsoft-Windows-Security-Auditing,49666,,,,,,,,,,,,,,,,,,,,,,,12810,,,,1020,,,,,,,0,,,"{""ProcessId"":""1516"",""tags"":[""splunk""],""EventID"":5154,""RecordNumber"":75438,""ProviderGuid"":""{54849625-5478-4994-A5BA-3E3B0328C30D}"",""SourceName"":""Microsoft-Windows-Security-Auditing"",""OpcodeValue"":0,""EventTime"":""2022-04-15 08:06:08"",""FilterRTID"":""0"",""host"":""cybertees.net"",""SeverityValue"":2,""ExecutionProcessID"":4,""Category"":""Filtering Platform Connection"",""SourceModuleName"":""eventlog"",""Message"":""The Windows Filtering Platform has permitted an application or service to listen on a port for incoming connections.\r\n\r\nApplication Information:\r\n\tProcess ID:\t\t1516\r\n\tApplication Name:\t\\device\\harddiskvolume2\\windows\\system32\\svchost.exe\r\n\r\nNetwork Information:\r\n\tSource Address:\t\t0.0.0.0\r\n\tSource Port:\t\t49666\r\n\tProtocol:\t\t6\r\n\r\nFilter Information:\r\n\tFilter Run-Time ID:\t0\r\n\tLayer Name:\t\tListen\r\n\tLayer Run-Time ID:\t40"",""port"":60427,""Protocol"":""6"",""timestamp"":""2022-04-15T12:06:14.466Z"",""ThreadID"":1020,""Severity"":""INFO"",""EventType"":""AUDIT_SUCCESS"",""Channel"":""Security"",""SourceAddress"":""0.0.0.0"",""Opcode"":""Info"",""EventReceivedTime"":""2022-04-15 08:06:14"",""@version"":""1"",""Task"":12810,""SourceModuleType"":""im_msvistalog"",""LayerName"":""%%14609"",""LayerRTID"":""40"",""Hostname"":""James.browne"",""Application"":""\\device\\harddiskvolume2\\windows\\system32\\svchost.exe"",""Keywords"":-9214364837600034816,""Version"":0,""SourcePort"":""49666""}",2022-04-15T08:06:12.000+0000,8,15,6,april,12,friday,2022,local,,AUDIT_SUCCESS,cybertees.net,cyber-host,windowslogs,1,60427,"{"""":"""","""":[""""],"""":,"""":,"""":""{----}"","""":""---"","""":,""""",Event_logs.json,_json,ip-10-10-40-195,,splunk,,2022-04-15T12:06:14.466Z,
1,,,,SYSTEM,User,,,,,,Registry value set (rule: RegistryEvent),Microsoft-Windows-Sysmon/Operational,,,,,,,,,,,,,,Binary Data,,,,NT AUTHORITY,,,,,13,,2022-04-15 8:06:14,2022-04-15 8:06:09,INFO,3524,,,,,,,James.browne,C:\windows\system32\svchost.exe,,,,,,,,,-9223372036854775808,,,,,,,,,"Registry value set:
RuleName: -
EventType: SetValue
UtcTime: 2022-04-15 12:06:09.138
ProcessGuid: {2d351099-43cf-5f5f-2000-000000000400}
ProcessId: 1388
Image: C:\windows\system32\svchost.exe
TargetObject: HKLM\SOFTWARE\Microsoft\Windows NT\CurrentVersion\Schedule\TaskCache\Tasks\{027D2824-ECCD-438B-A4EA-D7A4EF86A06F}\DynamicInfo
Details: Binary Data",,,,,,,,Info,0,,,,,,,,,,{2d351099-43cf-5f5f-2000-000000000400},1388,,,,{5770385F-C22A-43E0-BF4C-06F5698FFBD9},,,,424525,,,,,,,-,,INFO,2,,,,,,,,,,,,eventlog,im_msvistalog,Microsoft-Windows-Sysmon,,,,,,,,,,,,,,,,,HKLM\SOFTWARE\Microsoft\Windows NT\CurrentVersion\Schedule\TaskCache\Tasks\{027D2824-ECCD-438B-A4EA-D7A4EF86A06F}\DynamicInfo,,,,,,,13,,,,4688,,,,,S-1-5-18,2022-04-15 12:06:09,2,,,"{""Image"":""C:\\windows\\system32\\svchost.exe"",""ProcessId"":""1388"",""EventID"":13,""tags"":[""splunk""],""RecordNumber"":424525,""ProviderGuid"":""{5770385F-C22A-43E0-BF4C-06F5698FFBD9}"",""SourceName"":""Microsoft-Windows-Sysmon"",""OpcodeValue"":0,""EventTime"":""2022-04-15 08:06:09"",""AccountName"":""SYSTEM"",""host"":""cybertees.net"",""SeverityValue"":2,""ExecutionProcessID"":3524,""AccountType"":""User"",""Category"":""Registry value set (rule: RegistryEvent)"",""SourceModuleName"":""eventlog"",""Domain"":""NT AUTHORITY"",""Message"":""Registry value set:\r\nRuleName: -\r\nEventType: SetValue\r\nUtcTime: 2022-04-15 12:06:09.138\r\nProcessGuid: {2d351099-43cf-5f5f-2000-000000000400}\r\nProcessId: 1388\r\nImage: C:\\windows\\system32\\svchost.exe\r\nTargetObject: HKLM\\SOFTWARE\\Microsoft\\Windows NT\\CurrentVersion\\Schedule\\TaskCache\\Tasks\\{027D2824-ECCD-438B-A4EA-D7A4EF86A06F}\\DynamicInfo\r\nDetails: Binary Data"",""port"":60427,""UserID"":""S-1-5-18"",""UtcTime"":""2022-04-15 12:06:09.138"",""timestamp"":""2022-04-15T12:06:14.466Z"",""ThreadID"":4688,""Severity"":""INFO"",""EventTypeOrignal"":""INFO"",""EventType"":""SetValue"",""Channel"":""Microsoft-Windows-Sysmon/Operational"",""TargetObject"":""HKLM\\SOFTWARE\\Microsoft\\Windows NT\\CurrentVersion\\Schedule\\TaskCache\\Tasks\\{027D2824-ECCD-438B-A4EA-D7A4EF86A06F}\\DynamicInfo"",""Details"":""Binary Data"",""Opcode"":""Info"",""EventReceivedTime"":""2022-04-15 08:06:14"",""@version"":""1"",""Task"":13,""SourceModuleType"":""im_msvistalog"",""RuleName"":""-"",""Hostname"":""James.browne"",""Keywords"":-9223372036854775808,""Version"":2,""ProcessGuid"":""{2d351099-43cf-5f5f-2000-000000000400}""}",2022-04-15T08:06:12.000+0000,8,15,6,april,12,friday,2022,local,,SetValue,cybertees.net,cyber-host,windowslogs,1,60427,"{"""":"":\\\\\\."","""":"""","""":,"""":[""""],"""":,"""":""{----}"",""",Event_logs.json,_json,ip-10-10-40-195,,splunk,,2022-04-15T12:06:14.466Z,
1,,,,,,,\device\harddiskvolume2\windows\system32\services.exe,,,,Filtering Platform Connection,Security,,,,,,,,,,,,,,,,,,,,,,,5154,,2022-04-15 8:06:14,2022-04-15 8:06:08,,4,,0,,,,,James.browne,,,,,,,,,,-9214364837600034816,%%14609,42,,,,,,,"The Windows Filtering Platform has permitted an application or service to listen on a port for incoming connections.

Application Information:
	Process ID:		732
	Application Name:	\device\harddiskvolume2\windows\system32\services.exe

Network Information:
	Source Address:		::
	Source Port:		58714
	Protocol:		6

Filter Information:
	Filter Run-Time ID:	0
	Layer Name:		Listen
	Layer Run-Time ID:	42",,,,,,,,Info,0,,,,,,,,,,,732,,,6,{54849625-5478-4994-A5BA-3E3B0328C30D},,,,75437,,,,,,,,,INFO,2,,,,,,::,,,,,,eventlog,im_msvistalog,Microsoft-Windows-Security-Auditing,58714,,,,,,,,,,,,,,,,,,,,,,,12810,,,,1020,,,,,,,0,,,"{""ProcessId"":""732"",""tags"":[""splunk""],""EventID"":5154,""RecordNumber"":75437,""ProviderGuid"":""{54849625-5478-4994-A5BA-3E3B0328C30D}"",""SourceName"":""Microsoft-Windows-Security-Auditing"",""OpcodeValue"":0,""EventTime"":""2022-04-15 08:06:08"",""FilterRTID"":""0"",""host"":""cybertees.net"",""SeverityValue"":2,""ExecutionProcessID"":4,""Category"":""Filtering Platform Connection"",""SourceModuleName"":""eventlog"",""Message"":""The Windows Filtering Platform has permitted an application or service to listen on a port for incoming connections.\r\n\r\nApplication Information:\r\n\tProcess ID:\t\t732\r\n\tApplication Name:\t\\device\\harddiskvolume2\\windows\\system32\\services.exe\r\n\r\nNetwork Information:\r\n\tSource Address:\t\t::\r\n\tSource Port:\t\t58714\r\n\tProtocol:\t\t6\r\n\r\nFilter Information:\r\n\tFilter Run-Time ID:\t0\r\n\tLayer Name:\t\tListen\r\n\tLayer Run-Time ID:\t42"",""port"":60427,""Protocol"":""6"",""timestamp"":""2022-04-15T12:06:14.465Z"",""ThreadID"":1020,""Severity"":""INFO"",""EventType"":""AUDIT_SUCCESS"",""Channel"":""Security"",""SourceAddress"":""::"",""Opcode"":""Info"",""EventReceivedTime"":""2022-04-15 08:06:14"",""@version"":""1"",""Task"":12810,""SourceModuleType"":""im_msvistalog"",""LayerName"":""%%14609"",""LayerRTID"":""42"",""Hostname"":""James.browne"",""Application"":""\\device\\harddiskvolume2\\windows\\system32\\services.exe"",""Keywords"":-9214364837600034816,""Version"":0,""SourcePort"":""58714""}",2022-04-15T08:06:12.000+0000,8,15,6,april,12,friday,2022,local,,AUDIT_SUCCESS,cybertees.net,cyber-host,windowslogs,1,60427,"{"""":"""","""":[""""],"""":,"""":,"""":""{----}"","""":""---"","""":,""""",Event_logs.json,_json,ip-10-10-40-195,,splunk,,2022-04-15T12:06:14.465Z,
1,,,,SYSTEM,User,,,,,,Registry object added or deleted (rule: RegistryEvent),Microsoft-Windows-Sysmon/Operational,,,,,,,,,,,,,,,,,,NT AUTHORITY,,,,,12,,2022-04-15 8:06:14,2022-04-15 8:06:09,INFO,3524,,,,,,,James.browne,C:\windows\system32\svchost.exe,,,,,,,,,-9223372036854775808,,,,,,,,,"Registry object added or deleted:
RuleName: -
EventType: CreateKey
UtcTime: 2022-04-15 12:06:09.138
ProcessGuid: {2d351099-43cf-5f5f-2000-000000000400}
ProcessId: 1388
Image: C:\windows\system32\svchost.exe
TargetObject: HKLM\SOFTWARE\Microsoft\Windows NT\CurrentVersion\Schedule\TaskCache\Tasks\{027D2824-ECCD-438B-A4EA-D7A4EF86A06F}",,,,,,,,Info,0,,,,,,,,,,{2d351099-43cf-5f5f-2000-000000000400},1388,,,,{5770385F-C22A-43E0-BF4C-06F5698FFBD9},,,,424524,,,,,,,-,,INFO,2,,,,,,,,,,,,eventlog,im_msvistalog,Microsoft-Windows-Sysmon,,,,,,,,,,,,,,,,,HKLM\SOFTWARE\Microsoft\Windows NT\CurrentVersion\Schedule\TaskCache\Tasks\{027D2824-ECCD-438B-A4EA-D7A4EF86A06F},,,,,,,12,,,,4688,,,,,S-1-5-18,2022-04-15 12:06:09,2,,,"{""Image"":""C:\\windows\\system32\\svchost.exe"",""ProcessId"":""1388"",""EventID"":12,""tags"":[""splunk""],""RecordNumber"":424524,""ProviderGuid"":""{5770385F-C22A-43E0-BF4C-06F5698FFBD9}"",""SourceName"":""Microsoft-Windows-Sysmon"",""OpcodeValue"":0,""EventTime"":""2022-04-15 08:06:09"",""AccountName"":""SYSTEM"",""host"":""cybertees.net"",""SeverityValue"":2,""ExecutionProcessID"":3524,""AccountType"":""User"",""Category"":""Registry object added or deleted (rule: RegistryEvent)"",""SourceModuleName"":""eventlog"",""Domain"":""NT AUTHORITY"",""Message"":""Registry object added or deleted:\r\nRuleName: -\r\nEventType: CreateKey\r\nUtcTime: 2022-04-15 12:06:09.138\r\nProcessGuid: {2d351099-43cf-5f5f-2000-000000000400}\r\nProcessId: 1388\r\nImage: C:\\windows\\system32\\svchost.exe\r\nTargetObject: HKLM\\SOFTWARE\\Microsoft\\Windows NT\\CurrentVersion\\Schedule\\TaskCache\\Tasks\\{027D2824-ECCD-438B-A4EA-D7A4EF86A06F}"",""port"":60427,""UserID"":""S-1-5-18"",""UtcTime"":""2022-04-15 12:06:09.138"",""timestamp"":""2022-04-15T12:06:14.465Z"",""ThreadID"":4688,""Severity"":""INFO"",""EventTypeOrignal"":""INFO"",""EventType"":""CreateKey"",""Channel"":""Microsoft-Windows-Sysmon/Operational"",""TargetObject"":""HKLM\\SOFTWARE\\Microsoft\\Windows NT\\CurrentVersion\\Schedule\\TaskCache\\Tasks\\{027D2824-ECCD-438B-A4EA-D7A4EF86A06F}"",""Opcode"":""Info"",""EventReceivedTime"":""2022-04-15 08:06:14"",""@version"":""1"",""Task"":12,""SourceModuleType"":""im_msvistalog"",""RuleName"":""-"",""Hostname"":""James.browne"",""Keywords"":-9223372036854775808,""Version"":2,""ProcessGuid"":""{2d351099-43cf-5f5f-2000-000000000400}""}",2022-04-15T08:06:12.000+0000,8,15,6,april,12,friday,2022,local,,CreateKey,cybertees.net,cyber-host,windowslogs,1,60427,"{"""":"":\\\\\\."","""":"""","""":,"""":[""""],"""":,"""":""{----}"",""",Event_logs.json,_json,ip-10-10-40-195,,splunk,,2022-04-15T12:06:14.465Z,
