Type 3 is a limited token with administrative privileges removed and administrative groups disabled.  The limited token is used when User Account Control is enabled, the application does not require administrative privilege, and the user does not choose to start the program using Run as administrator.",0x21b8,C:\Windows\System32\svchost.exe,,,,,,Info,0,,,,,,C:\Windows\System32\services.exe,,,,,0x2dc,,,,{54849625-5478-4994-A5BA-3E3B0328C30D},,,,73639,,,,,,,,,INFO,2,,,,,,,,,,,,eventlog,im_msvistalog,Microsoft-Windows-Security-Auditing,,,,,,,Cybertees,0x3e7,WORKSTATION5$,S-1-5-18,Cybertees,,,,,0x3e4,,,,,,WORKSTATION5$,S-1-0-0,13312,,,,1996,%%1936,,,,,,2,,,"{""tags"":[""splunk""],""EventID"":4688,""RecordNumber"":73639,""ProviderGuid"":""{54849625-5478-4994-A5BA-3E3B0328C30D}"",""SourceName"":""Microsoft-Windows-Security-Auditing"",""OpcodeValue"":0,""EventTime"":""2022-04-15 08:06:07"",""SubjectUserSid"":""S-1-5-18"",""host"":""cybertees.net"",""SeverityValue"":2,""ExecutionProcessID"":4,""Category"":""Process Creation"",""SubjectLogonId"":""0x3e7"",""CommandLine"":""C:\\windows\\System32\\svchost.exe -k NetworkService -p -s DoSvc"",""TargetUserName"":""WORKSTATION5$"",""SourceModuleName"":""eventlog"",""Message"":""A new process has been created.\r\n\r\nCreator Subject:\r\n\tSecurity ID:\t\tS-1-5-18\r\n\tAccount Name:\t\tWORKSTATION5$\r\n\tAccount Domain:\t\tCybertees\r\n\tLogon ID:\t\t0x3E7\r\n\r\nTarget Subject:\r\n\tSecurity ID:\t\tS-1-0-0\r\n\tAccount Name:\t\tWORKSTATION5$\r\n\tAccount Domain:\t\tCybertees\r\n\tLogon ID:\t\t0x3E4\r\n\r\nProcess Information:\r\n\tNew Process ID:\t\t0x21b8\r\n\tNew Process Name:\tC:\\Windows\\System32\\svchost.exe\r\n\tToken Elevation Type:\t%%1936\r\n\tMandatory Label:\t\tS-1-16-16384\r\n\tCreator Process ID:\t0x2dc\r\n\tCreator Process Name:\tC:\\Windows\\System32\\services.exe\r\n\tProcess Command Line:\tC:\\windows\\System32\\svchost.exe -k NetworkService -p -s DoSvc\r\n\r\nToken Elevation Type indicates the type of token that was assigned to the new process in accordance with User Account Control policy.\r\n\r\nType 1 is a full token with no privileges removed or groups disabled.  A full token is only used if User Account Control is disabled or if the user is the built-in Administrator account or a service account.\r\n\r\nType 2 is an elevated token with no privileges removed or groups disabled.  An elevated token is used when User Account Control is enabled and the user chooses to start the program using Run as administrator.  An elevated token is also used when an application is configured to always require administrative privilege or to always require maximum privilege, and the user is a member of the Administrators group.\r\n\r\nType 3 is a limited token with administrative privileges removed and administrative groups disabled.  The limited token is used when User Account Control is enabled, the application does not require administrative privilege, and the user does not choose to start the program using Run as administrator."",""port"":60427,""TargetUserSid"":""S-1-0-0"",""timestamp"":""2022-04-15T12:06:10.334Z"",""ThreadID"":1996,""SubjectUserName"":""WORKSTATION5$"",""Severity"":""INFO"",""MandatoryLabel"":""S-1-16-16384"",""EventType"":""AUDIT_SUCCESS"",""Channel"":""Security"",""TargetLogonId"":""0x3e4"",""ParentProcessName"":""C:\\Windows\\System32\\services.exe"",""Opcode"":""Info"",""NewProcessId"":""0x21b8"",""EventReceivedTime"":""2022-04-15 08:06:10"",""@version"":""1"",""Task"":13312,""SubjectDomainName"":""Cybertees"",""NewProcessName"":""C:\\Windows\\System32\\svchost.exe"",""SourceModuleType"":""im_msvistalog"",""TargetDomainName"":""Cybertees"",""TokenElevationType"":""%%1936"",""Hostname"":""James.browne"",""Keywords"":-9214364837600034816,""Version"":2,""ProcessId"":""0x2dc""}",2022-04-15T08:06:07.000+0000,8,15,6,april,7,friday,2022,local,,AUDIT_SUCCESS,cybertees.net,cyber-host,windowslogs,1,60427,"{"""":[""""],"""":,"""":,"""":""{----}"","""":""---"","""":,"""":""--_:",Event_logs.json,_json,ip-10-10-40-195,,splunk,,2022-04-15T12:06:10.334Z,
1,,,,,,,,,,,Registry,Security,,,,,,,,,,,,,,,,,,,,,,,4658,,2022-04-15 8:06:10,2022-04-15 8:06:07,,4,,,,,0xc4c,,James.browne,,,,,,,,,,-9214364837600034816,,,,,,,,,"The handle to an object was closed.

Subject :
	Security ID:		S-1-5-18
	Account Name:		WORKSTATION5$
	Account Domain:		Cybertees
	Logon ID:		0x3E7

Object:
	Object Server:		Security
	Handle ID:		0xc4c

Process Information:
	Process ID:		0x2dc
	Process Name:		C:\Windows\System32\services.exe",,,,,Security,,,Info,0,,,,,,,,,,,0x2dc,C:\Windows\System32\services.exe,,,{54849625-5478-4994-A5BA-3E3B0328C30D},,,,73638,,,,,,,,,INFO,2,,,,,,,,,,,,eventlog,im_msvistalog,Microsoft-Windows-Security-Auditing,,,,,,,Cybertees,0x3e7,WORKSTATION5$,S-1-5-18,,,,,,,,,,,,,,12801,,,,1996,,,,,,,0,,,"{""tags"":[""splunk""],""EventID"":4658,""RecordNumber"":73638,""ProviderGuid"":""{54849625-5478-4994-A5BA-3E3B0328C30D}"",""SourceName"":""Microsoft-Windows-Security-Auditing"",""OpcodeValue"":0,""EventTime"":""2022-04-15 08:06:07"",""SubjectUserSid"":""S-1-5-18"",""host"":""cybertees.net"",""SeverityValue"":2,""ExecutionProcessID"":4,""Category"":""Registry"",""SubjectLogonId"":""0x3e7"",""SourceModuleName"":""eventlog"",""Message"":""The handle to an object was closed.\r\n\r\nSubject :\r\n\tSecurity ID:\t\tS-1-5-18\r\n\tAccount Name:\t\tWORKSTATION5$\r\n\tAccount Domain:\t\tCybertees\r\n\tLogon ID:\t\t0x3E7\r\n\r\nObject:\r\n\tObject Server:\t\tSecurity\r\n\tHandle ID:\t\t0xc4c\r\n\r\nProcess Information:\r\n\tProcess ID:\t\t0x2dc\r\n\tProcess Name:\t\tC:\\Windows\\System32\\services.exe"",""port"":60427,""timestamp"":""2022-04-15T12:06:10.334Z"",""ThreadID"":1996,""SubjectUserName"":""WORKSTATION5$"",""Severity"":""INFO"",""ObjectServer"":""Security"",""ProcessName"":""C:\\Windows\\System32\\services.exe"",""EventType"":""AUDIT_SUCCESS"",""Channel"":""Security"",""Opcode"":""Info"",""EventReceivedTime"":""2022-04-15 08:06:10"",""@version"":""1"",""Task"":12801,""SubjectDomainName"":""Cybertees"",""HandleId"":""0xc4c"",""SourceModuleType"":""im_msvistalog"",""Hostname"":""James.browne"",""Keywords"":-9214364837600034816,""Version"":0,""ProcessId"":""0x2dc""}",2022-04-15T08:06:07.000+0000,8,15,6,april,7,friday,2022,local,,AUDIT_SUCCESS,cybertees.net,cyber-host,windowslogs,1,60427,"{"""":[""""],"""":,"""":,"""":""{----}"","""":""---"","""":,"""":""--_:",Event_logs.json,_json,ip-10-10-40-195,,splunk,,2022-04-15T12:06:10.334Z,
1,"%%4432
				",0x1,,,,,,,,,Registry,Security,,,,,,,,,,,,,,,,,,,,,,,4663,,2022-04-15 8:06:10,2022-04-15 8:06:07,,4,,,,,0xc4c,,James.browne,,,,,,,,,,-9214364837600034816,,,,,,,,,"An attempt was made to access an object.

Subject:
	Security ID:		S-1-5-18
	Account Name:		WORKSTATION5$
	Account Domain:		Cybertees
	Logon ID:		0x3E7

Object:
	Object Server:		Security
	Object Type:		Key
	Object Name:		\REGISTRY\MACHINE\SYSTEM\ControlSet001\Control\Session Manager\Environment
	Handle ID:		0xc4c
	Resource Attributes:	-

Process Information:
	Process ID:		0x2dc
	Process Name:		C:\Windows\System32\services.exe

Access Request Information:
	Accesses:		Query key value
				
	Access Mask:		0x1",,,,\REGISTRY\MACHINE\SYSTEM\ControlSet001\Control\Session Manager\Environment,Security,Key,,Info,0,,,,,,,,,,,0x2dc,C:\Windows\System32\services.exe,,,{54849625-5478-4994-A5BA-3E3B0328C30D},,,,73637,,,,-,,,,,INFO,2,,,,,,,,,,,,eventlog,im_msvistalog,Microsoft-Windows-Security-Auditing,,,,,,,Cybertees,0x3e7,WORKSTATION5$,S-1-5-18,,,,,,,,,,,,,,12801,,,,1996,,,,,,,1,,,"{""tags"":[""splunk""],""EventID"":4663,""RecordNumber"":73637,""ProviderGuid"":""{54849625-5478-4994-A5BA-3E3B0328C30D}"",""SourceName"":""Microsoft-Windows-Security-Auditing"",""OpcodeValue"":0,""EventTime"":""2022-04-15 08:06:07"",""SubjectUserSid"":""S-1-5-18"",""host"":""cybertees.net"",""SeverityValue"":2,""ExecutionProcessID"":4,""Category"":""Registry"",""SubjectLogonId"":""0x3e7"",""AccessList"":""%%4432\r\n\t\t\t\t"",""SourceModuleName"":""eventlog"",""Message"":""An attempt was made to access an object.\r\n\r\nSubject:\r\n\tSecurity ID:\t\tS-1-5-18\r\n\tAccount Name:\t\tWORKSTATION5$\r\n\tAccount Domain:\t\tCybertees\r\n\tLogon ID:\t\t0x3E7\r\n\r\nObject:\r\n\tObject Server:\t\tSecurity\r\n\tObject Type:\t\tKey\r\n\tObject Name:\t\t\\REGISTRY\\MACHINE\\SYSTEM\\ControlSet001\\Control\\Session Manager\\Environment\r\n\tHandle ID:\t\t0xc4c\r\n\tResource Attributes:\t-\r\n\r\nProcess Information:\r\n\tProcess ID:\t\t0x2dc\r\n\tProcess Name:\t\tC:\\Windows\\System32\\services.exe\r\n\r\nAccess Request Information:\r\n\tAccesses:\t\tQuery key value\r\n\t\t\t\t\r\n\tAccess Mask:\t\t0x1"",""port"":60427,""timestamp"":""2022-04-15T12:06:10.333Z"",""ThreadID"":1996,""SubjectUserName"":""WORKSTATION5$"",""Severity"":""INFO"",""ObjectServer"":""Security"",""ProcessName"":""C:\\Windows\\System32\\services.exe"",""ResourceAttributes"":""-"",""EventType"":""AUDIT_SUCCESS"",""Channel"":""Security"",""ObjectType"":""Key"",""Opcode"":""Info"",""ObjectName"":""\\REGISTRY\\MACHINE\\SYSTEM\\ControlSet001\\Control\\Session Manager\\Environment"",""EventReceivedTime"":""2022-04-15 08:06:10"",""@version"":""1"",""Task"":12801,""SubjectDomainName"":""Cybertees"",""HandleId"":""0xc4c"",""AccessMask"":""0x1"",""SourceModuleType"":""im_msvistalog"",""Hostname"":""James.browne"",""Keywords"":-9214364837600034816,""Version"":1,""ProcessId"":""0x2dc""}",2022-04-15T08:06:07.000+0000,8,15,6,april,7,friday,2022,local,,AUDIT_SUCCESS,cybertees.net,cyber-host,windowslogs,1,60427,"{"""":[""""],"""":,"""":,"""":""{----}"","""":""---"","""":,"""":""--_:",Event_logs.json,_json,ip-10-10-40-195,,splunk,,2022-04-15T12:06:10.333Z,
1,"%%1538
				%%4432
				%%4435
				%%4436
				",0x20019,-,,,,,,,,Registry,Security,,,,,,,,,,,,,,,,,,,,,,,4656,,2022-04-15 8:06:10,2022-04-15 8:06:07,,4,,,,,0xc4c,,James.browne,,,,,,,,,,-9214364837600034816,,,,,,,,,"A handle to an object was requested.

Subject:
	Security ID:		S-1-5-18
	Account Name:		WORKSTATION5$
	Account Domain:		Cybertees
	Logon ID:		0x3E7

Object:
	Object Server:		Security
	Object Type:		Key
	Object Name:		\REGISTRY\MACHINE\SYSTEM\ControlSet001\Control\Session Manager\Environment
	Handle ID:		0xc4c
	Resource Attributes:	-

Process Information:
	Process ID:		0x2dc
	Process Name:		C:\Windows\System32\services.exe

Access Request Information:
	Transaction ID:		{00000000-0000-0000-0000-000000000000}
	Accesses:		READ_CONTROL
				Query key value
				Enumerate sub-keys
				Notify about changes to keys
				
	Access Reasons:		-
	Access Mask:		0x20019
	Privileges Used for Access Check:	-
	Restricted SID Count:	0",,,,\REGISTRY\MACHINE\SYSTEM\ControlSet001\Control\Session Manager\Environment,Security,Key,,Info,0,,,,,,,,,-,,0x2dc,C:\Windows\System32\services.exe,,,{54849625-5478-4994-A5BA-3E3B0328C30D},,,,73636,,,,-,,0,,,INFO,2,,,,,,,,,,,,eventlog,im_msvistalog,Microsoft-Windows-Security-Auditing,,,,,,,Cybertees,0x3e7,WORKSTATION5$,S-1-5-18,,,,,,,,,,,,,,12801,,,,1996,,{00000000-0000-0000-0000-000000000000},,,,,1,,,"{""EventID"":4656,""RecordNumber"":73636,""ProviderGuid"":""{54849625-5478-4994-A5BA-3E3B0328C30D}"",""SourceName"":""Microsoft-Windows-Security-Auditing"",""OpcodeValue"":0,""AccessList"":""%%1538\r\n\t\t\t\t%%4432\r\n\t\t\t\t%%4435\r\n\t\t\t\t%%4436\r\n\t\t\t\t"",""AccessReason"":""-"",""SourceModuleName"":""eventlog"",""ExecutionProcessID"":4,""Category"":""Registry"",""port"":60427,""ThreadID"":1996,""SubjectUserName"":""WORKSTATION5$"",""Severity"":""INFO"",""ObjectServer"":""Security"",""ProcessName"":""C:\\Windows\\System32\\services.exe"",""ResourceAttributes"":""-"",""EventType"":""AUDIT_SUCCESS"",""Channel"":""Security"",""ObjectType"":""Key"",""Opcode"":""Info"",""ObjectName"":""\\REGISTRY\\MACHINE\\SYSTEM\\ControlSet001\\Control\\Session Manager\\Environment"",""EventReceivedTime"":""2022-04-15 08:06:10"",""Task"":12801,""SubjectDomainName"":""Cybertees"",""HandleId"":""0xc4c"",""Keywords"":-9214364837600034816,""Version"":1,""ProcessId"":""0x2dc"",""tags"":[""splunk""],""SubjectUserSid"":""S-1-5-18"",""EventTime"":""2022-04-15 08:06:07"",""host"":""cybertees.net"",""SeverityValue"":2,""SubjectLogonId"":""0x3e7"",""Message"":""A handle to an object was requested.\r\n\r\nSubject:\r\n\tSecurity ID:\t\tS-1-5-18\r\n\tAccount Name:\t\tWORKSTATION5$\r\n\tAccount Domain:\t\tCybertees\r\n\tLogon ID:\t\t0x3E7\r\n\r\nObject:\r\n\tObject Server:\t\tSecurity\r\n\tObject Type:\t\tKey\r\n\tObject Name:\t\t\\REGISTRY\\MACHINE\\SYSTEM\\ControlSet001\\Control\\Session Manager\\Environment\r\n\tHandle ID:\t\t0xc4c\r\n\tResource Attributes:\t-\r\n\r\nProcess Information:\r\n\tProcess ID:\t\t0x2dc\r\n\tProcess Name:\t\tC:\\Windows\\System32\\services.exe\r\n\r\nAccess Request Information:\r\n\tTransaction ID:\t\t{00000000-0000-0000-0000-000000000000}\r\n\tAccesses:\t\tREAD_CONTROL\r\n\t\t\t\tQuery key value\r\n\t\t\t\tEnumerate sub-keys\r\n\t\t\t\tNotify about changes to keys\r\n\t\t\t\t\r\n\tAccess Reasons:\t\t-\r\n\tAccess Mask:\t\t0x20019\r\n\tPrivileges Used for Access Check:\t-\r\n\tRestricted SID Count:\t0"",""timestamp"":""2022-04-15T12:06:10.333Z"",""@version"":""1"",""AccessMask"":""0x20019"",""SourceModuleType"":""im_msvistalog"",""RestrictedSidCount"":""0"",""TransactionId"":""{00000000-0000-0000-0000-000000000000}"",""Hostname"":""James.browne"",""PrivilegeList"":""-""}",2022-04-15T08:06:07.000+0000,8,15,6,april,7,friday,2022,local,,AUDIT_SUCCESS,cybertees.net,cyber-host,windowslogs,1,60427,"{"""":,"""":,"""":""{----}"","""":""---"","""":,"""":""%%\\\\\\%%\\",Event_logs.json,_json,ip-10-10-40-195,,splunk,,2022-04-15T12:06:10.333Z,
1,,,,SYSTEM,User,,,,,,Network connection detected (rule: NetworkConnect),Microsoft-Windows-Sysmon/Operational,,,,,,,,,-,172.18.38.5,FALSE,88,-,,,,,NT AUTHORITY,,,,,3,,2022-04-15 8:06:10,2022-04-15 8:06:08,,3652,,,,,,,Salena.Adam,C:\Windows\System32\lsass.exe,,,FALSE,,,,,,-9223372036854775808,,,,,,,,,"Network connection detected:
RuleName: -
UtcTime: 2022-04-15 12:06:06.955
ProcessGuid: {ef3dcf22-42a7-5f5f-0c00-000000000300}
ProcessId: 700
Image: C:\Windows\System32\lsass.exe
User: NT AUTHORITY\SYSTEM
Protocol: tcp
Initiated: false
SourceIsIpv6: false
SourceIp: 172.90.12.11
SourceHostname: -
SourcePort: 60076
SourcePortName: -
DestinationIsIpv6: false
DestinationIp: 172.18.38.5
DestinationHostname: -
DestinationPort: 88
DestinationPortName: -",,,,,,,,Info,0,,,,,,,,,,{ef3dcf22-42a7-5f5f-0c00-000000000300},700,,,tcp,{5770385F-C22A-43E0-BF4C-06F5698FFBD9},,,,238938,,,,,,,-,,INFO,2,,,,,,,,-,,172.90.12.11,FALSE,eventlog,im_msvistalog,Microsoft-Windows-Sysmon,60076,-,,,,,,,,,,,,,,,,,,,,,,3,,,,4112,,,,NT AUTHORITY\SYSTEM,S-1-5-18,2022-04-15 12:06:07,5,,,"{""ProcessGuid"":""{ef3dcf22-42a7-5f5f-0c00-000000000300}"",""EventID"":3,""RecordNumber"":238938,""ProviderGuid"":""{5770385F-C22A-43E0-BF4C-06F5698FFBD9}"",""SourceName"":""Microsoft-Windows-Sysmon"",""OpcodeValue"":0,""AccountName"":""SYSTEM"",""Initiated"":""false"",""SourceIp"":""172.90.12.11"",""DestinationHostname"":""-"",""ExecutionProcessID"":3652,""AccountType"":""User"",""Category"":""Network connection detected (rule: NetworkConnect)"",""SourceModuleName"":""eventlog"",""Domain"":""NT AUTHORITY"",""User"":""NT AUTHORITY\\SYSTEM"",""port"":60427,""SourceIsIpv6"":""false"",""Protocol"":""tcp"",""DestinationPort"":""88"",""ThreadID"":4112,""Severity"":""INFO"",""DestinationIsIpv6"":""false"",""EventType"":""INFO"",""Channel"":""Microsoft-Windows-Sysmon/Operational"",""DestinationPortName"":""-"",""Opcode"":""Info"",""EventReceivedTime"":""2022-04-15 08:06:10"",""Task"":3,""RuleName"":""-"",""SourceHostname"":""-"",""Keywords"":-9223372036854775808,""Version"":5,""ProcessId"":""700"",""Image"":""C:\\Windows\\System32\\lsass.exe"",""tags"":[""splunk""],""EventTime"":""2022-04-15 08:06:08"",""host"":""cybertees.net"",""SeverityValue"":2,""Message"":""Network connection detected:\r\nRuleName: -\r\nUtcTime: 2022-04-15 12:06:06.955\r\nProcessGuid: {ef3dcf22-42a7-5f5f-0c00-000000000300}\r\nProcessId: 700\r\nImage: C:\\Windows\\System32\\lsass.exe\r\nUser: NT AUTHORITY\\SYSTEM\r\nProtocol: tcp\r\nInitiated: false\r\nSourceIsIpv6: false\r\nSourceIp: 172.90.12.11\r\nSourceHostname: -\r\nSourcePort: 60076\r\nSourcePortName: -\r\nDestinationIsIpv6: false\r\nDestinationIp: 172.18.38.5\r\nDestinationHostname: -\r\nDestinationPort: 88\r\nDestinationPortName: -"",""UtcTime"":""2022-04-15 12:06:06.955"",""UserID"":""S-1-5-18"",""timestamp"":""2022-04-15T12:06:10.333Z"",""@version"":""1"",""SourceModuleType"":""im_msvistalog"",""SourcePortName"":""-"",""Hostname"":""Salena.Adam"",""DestinationIp"":""172.18.38.5"",""SourcePort"":""60076""}",2022-04-15T08:06:07.000+0000,8,15,6,april,7,friday,2022,local,,INFO,cybertees.net,cyber-host,windowslogs,1,60427,"{"""":""{----}"","""":,"""":,"""":""{----}"","""":""--"","""":,"""":""""",Event_logs.json,_json,ip-10-10-40-195,,splunk,,2022-04-15T12:06:10.333Z,
1,,,,,,,,,,,Registry,Security,,,,,,,,,,,,,,,,,,,,,,,4658,,2022-04-15 8:06:10,2022-04-15 8:06:07,,4,,,,,0x3154,,James.browne,,,,,,,,,,-9214364837600034816,,,,,,,,,"The handle to an object was closed.

Subject :
	Security ID:		S-1-5-18
	Account Name:		WORKSTATION5$
	Account Domain:		Cybertees
	Logon ID:		0x3E7

Object:
	Object Server:		Security
	Handle ID:		0x3154

Process Information:
	Process ID:		0x2dc
	Process Name:		C:\Windows\System32\services.exe",,,,,Security,,,Info,0,,,,,,,,,,,0x2dc,C:\Windows\System32\services.exe,,,{54849625-5478-4994-A5BA-3E3B0328C30D},,,,73635,,,,,,,,,INFO,2,,,,,,,,,,,,eventlog,im_msvistalog,Microsoft-Windows-Security-Auditing,,,,,,,Cybertees,0x3e7,WORKSTATION5$,S-1-5-18,,,,,,,,,,,,,,12801,,,,1996,,,,,,,0,,,"{""tags"":[""splunk""],""EventID"":4658,""RecordNumber"":73635,""ProviderGuid"":""{54849625-5478-4994-A5BA-3E3B0328C30D}"",""SourceName"":""Microsoft-Windows-Security-Auditing"",""OpcodeValue"":0,""EventTime"":""2022-04-15 08:06:07"",""SubjectUserSid"":""S-1-5-18"",""host"":""cybertees.net"",""SeverityValue"":2,""ExecutionProcessID"":4,""Category"":""Registry"",""SubjectLogonId"":""0x3e7"",""SourceModuleName"":""eventlog"",""Message"":""The handle to an object was closed.\r\n\r\nSubject :\r\n\tSecurity ID:\t\tS-1-5-18\r\n\tAccount Name:\t\tWORKSTATION5$\r\n\tAccount Domain:\t\tCybertees\r\n\tLogon ID:\t\t0x3E7\r\n\r\nObject:\r\n\tObject Server:\t\tSecurity\r\n\tHandle ID:\t\t0x3154\r\n\r\nProcess Information:\r\n\tProcess ID:\t\t0x2dc\r\n\tProcess Name:\t\tC:\\Windows\\System32\\services.exe"",""port"":60427,""timestamp"":""2022-04-15T12:06:10.333Z"",""ThreadID"":1996,""SubjectUserName"":""WORKSTATION5$"",""Severity"":""INFO"",""ObjectServer"":""Security"",""ProcessName"":""C:\\Windows\\System32\\services.exe"",""EventType"":""AUDIT_SUCCESS"",""Channel"":""Security"",""Opcode"":""Info"",""EventReceivedTime"":""2022-04-15 08:06:10"",""@version"":""1"",""Task"":12801,""SubjectDomainName"":""Cybertees"",""HandleId"":""0x3154"",""SourceModuleType"":""im_msvistalog"",""Hostname"":""James.browne"",""Keywords"":-9214364837600034816,""Version"":0,""ProcessId"":""0x2dc""}",2022-04-15T08:06:07.000+0000,8,15,6,april,7,friday,2022,local,,AUDIT_SUCCESS,cybertees.net,cyber-host,windowslogs,1,60427,"{"""":[""""],"""":,"""":,"""":""{----}"","""":""---"","""":,"""":""--_:",Event_logs.json,_json,ip-10-10-40-195,,splunk,,2022-04-15T12:06:10.333Z,
1,,,,SYSTEM,User,,,,,,Network connection detected (rule: NetworkConnect),Microsoft-Windows-Sysmon/Operational,,,,,,,,,-,172.18.38.5,FALSE,445,-,,,,,NT AUTHORITY,,,,,3,,2022-04-15 8:06:10,2022-04-15 8:06:08,,3652,,,,,,,Salena.Adam,System,,,FALSE,,,,,,-9223372036854775808,,,,,,,,,"Network connection detected:
RuleName: -
UtcTime: 2022-04-15 12:06:06.951
ProcessGuid: {ef3dcf22-42a0-5f5f-0100-000000000300}
ProcessId: 4
Image: System
User: NT AUTHORITY\SYSTEM
Protocol: tcp
Initiated: false
SourceIsIpv6: false
SourceIp: 172.90.12.11
SourceHostname: -
SourcePort: 60075
SourcePortName: -
DestinationIsIpv6: false
DestinationIp: 172.18.38.5
DestinationHostname: -
DestinationPort: 445
DestinationPortName: -",,,,,,,,Info,0,,,,,,,,,,{ef3dcf22-42a0-5f5f-0100-000000000300},4,,,tcp,{5770385F-C22A-43E0-BF4C-06F5698FFBD9},,,,238937,,,,,,,-,,INFO,2,,,,,,,,-,,172.90.12.11,FALSE,eventlog,im_msvistalog,Microsoft-Windows-Sysmon,60075,-,,,,,,,,,,,,,,,,,,,,,,3,,,,4112,,,,NT AUTHORITY\SYSTEM,S-1-5-18,2022-04-15 12:06:07,5,,,"{""ProcessGuid"":""{ef3dcf22-42a0-5f5f-0100-000000000300}"",""EventID"":3,""RecordNumber"":238937,""ProviderGuid"":""{5770385F-C22A-43E0-BF4C-06F5698FFBD9}"",""SourceName"":""Microsoft-Windows-Sysmon"",""OpcodeValue"":0,""AccountName"":""SYSTEM"",""Initiated"":""false"",""SourceIp"":""172.90.12.11"",""DestinationHostname"":""-"",""ExecutionProcessID"":3652,""AccountType"":""User"",""Category"":""Network connection detected (rule: NetworkConnect)"",""SourceModuleName"":""eventlog"",""Domain"":""NT AUTHORITY"",""User"":""NT AUTHORITY\\SYSTEM"",""port"":60427,""SourceIsIpv6"":""false"",""Protocol"":""tcp"",""DestinationPort"":""445"",""ThreadID"":4112,""Severity"":""INFO"",""DestinationIsIpv6"":""false"",""EventType"":""INFO"",""Channel"":""Microsoft-Windows-Sysmon/Operational"",""DestinationPortName"":""-"",""Opcode"":""Info"",""EventReceivedTime"":""2022-04-15 08:06:10"",""Task"":3,""RuleName"":""-"",""SourceHostname"":""-"",""Keywords"":-9223372036854775808,""Version"":5,""ProcessId"":""4"",""Image"":""System"",""tags"":[""splunk""],""EventTime"":""2022-04-15 08:06:08"",""host"":""cybertees.net"",""SeverityValue"":2,""Message"":""Network connection detected:\r\nRuleName: -\r\nUtcTime: 2022-04-15 12:06:06.951\r\nProcessGuid: {ef3dcf22-42a0-5f5f-0100-000000000300}\r\nProcessId: 4\r\nImage: System\r\nUser: NT AUTHORITY\\SYSTEM\r\nProtocol: tcp\r\nInitiated: false\r\nSourceIsIpv6: false\r\nSourceIp: 172.90.12.11\r\nSourceHostname: -\r\nSourcePort: 60075\r\nSourcePortName: -\r\nDestinationIsIpv6: false\r\nDestinationIp: 172.18.38.5\r\nDestinationHostname: -\r\nDestinationPort: 445\r\nDestinationPortName: -"",""UtcTime"":""2022-04-15 12:06:06.951"",""UserID"":""S-1-5-18"",""timestamp"":""2022-04-15T12:06:10.332Z"",""@version"":""1"",""SourceModuleType"":""im_msvistalog"",""SourcePortName"":""-"",""Hostname"":""Salena.Adam"",""DestinationIp"":""172.18.38.5"",""SourcePort"":""60075""}",2022-04-15T08:06:07.000+0000,8,15,6,april,7,friday,2022,local,,INFO,cybertees.net,cyber-host,windowslogs,1,60427,"{"""":""{----}"","""":,"""":,"""":""{----}"","""":""--"","""":,"""":""""",Event_logs.json,_json,ip-10-10-40-195,,splunk,,2022-04-15T12:06:10.332Z,
1,,,,,,,,,,,Handle Manipulation,Security,,,,,,,,,,,,,,,,,,,,,,,4690,,2022-04-15 8:06:09,2022-04-15 8:06:07,,4,,,,,,,James.browne,,,,,,,,,,-9214364837600034816,,,,,,,,,"An attempt was made to duplicate a handle to an object.

Subject:
	Security ID:		S-1-5-18
	Account Name:		WORKSTATION5$
	Account Domain:		Cybertees
	Logon ID:		0x3E7

Source Handle Information:
	Source Handle ID:	0xc4c
	Source Process ID:	0x2dc

New Handle Information:
	Target Handle ID:	0x3154
	Target Process ID:	0x4",,,,,,,,Info,0,,,,,,,,,,,0x2dc,,,,{54849625-5478-4994-A5BA-3E3B0328C30D},,,,73634,,,,,,,,,INFO,2,,,,,,,0xc4c,,,,,eventlog,im_msvistalog,Microsoft-Windows-Security-Auditing,,,,0x2dc,,,Cybertees,0x3e7,WORKSTATION5$,S-1-5-18,,,0x3154,,,,,,,,0x4,,,12807,,,,1996,,,,,,,0,,,"{""tags"":[""splunk""],""EventID"":4690,""RecordNumber"":73634,""ProviderGuid"":""{54849625-5478-4994-A5BA-3E3B0328C30D}"",""SourceName"":""Microsoft-Windows-Security-Auditing"",""OpcodeValue"":0,""EventTime"":""2022-04-15 08:06:07"",""SubjectUserSid"":""S-1-5-18"",""host"":""cybertees.net"",""SeverityValue"":2,""ExecutionProcessID"":4,""Category"":""Handle Manipulation"",""SubjectLogonId"":""0x3e7"",""SourceProcessId"":""0x2dc"",""SourceModuleName"":""eventlog"",""SourceHandleId"":""0xc4c"",""Message"":""An attempt was made to duplicate a handle to an object.\r\n\r\nSubject:\r\n\tSecurity ID:\t\tS-1-5-18\r\n\tAccount Name:\t\tWORKSTATION5$\r\n\tAccount Domain:\t\tCybertees\r\n\tLogon ID:\t\t0x3E7\r\n\r\nSource Handle Information:\r\n\tSource Handle ID:\t0xc4c\r\n\tSource Process ID:\t0x2dc\r\n\r\nNew Handle Information:\r\n\tTarget Handle ID:\t0x3154\r\n\tTarget Process ID:\t0x4"",""port"":60427,""timestamp"":""2022-04-15T12:06:09.331Z"",""ThreadID"":1996,""TargetProcessId"":""0x4"",""SubjectUserName"":""WORKSTATION5$"",""Severity"":""INFO"",""EventType"":""AUDIT_SUCCESS"",""Channel"":""Security"",""Opcode"":""Info"",""EventReceivedTime"":""2022-04-15 08:06:09"",""@version"":""1"",""Task"":12807,""SubjectDomainName"":""Cybertees"",""SourceModuleType"":""im_msvistalog"",""TargetHandleId"":""0x3154"",""Hostname"":""James.browne"",""Keywords"":-9214364837600034816,""Version"":0,""ProcessId"":""0x2dc""}",2022-04-15T08:06:07.000+0000,8,15,6,april,7,friday,2022,local,,AUDIT_SUCCESS,cybertees.net,cyber-host,windowslogs,1,60427,"{"""":[""""],"""":,"""":,"""":""{----}"","""":""---"","""":,"""":""--_:",Event_logs.json,_json,ip-10-10-40-195,,splunk,,2022-04-15T12:06:09.331Z,
1,,,,,,,,,,,Authorization Policy Change,Security,,,,,,,,,,,,,,,,,,,,,,,4670,,2022-04-15 8:06:09,2022-04-15 8:06:07,,4,,,,,0xc44,,James.browne,,,,,,,,,,-9214364837600034816,,,,,,,,,"Permissions on an object were changed.

Subject:
	Security ID:		S-1-5-18
	Account Name:		WORKSTATION5$
	Account Domain:		Cybertees
	Logon ID:		0x3E7

Object:
	Object Server:	Security
	Object Type:	Token
	Object Name:	-
	Handle ID:	0xc44

Process:
	Process ID:	0x2dc
	Process Name:	C:\Windows\System32\services.exe

Permissions Change:
	Original Security Descriptor:	D:(A;;GA;;;SY)(A;;GA;;;NS)
	New Security Descriptor:	D:(A;;GA;;;SY)(A;;RC;;;OW)(A;;GA;;;S-1-5-80-3055155277-3816794035-3994065555-2874236192-2193176987)",,,D:(A;;GA;;;SY)(A;;RC;;;OW)(A;;GA;;;S-1-5-80-3055155277-3816794035-3994065555-2874236192-2193176987),-,Security,Token,D:(A;;GA;;;SY)(A;;GA;;;NS),Info,0,,,,,,,,,,,0x2dc,C:\Windows\System32\services.exe,,,{54849625-5478-4994-A5BA-3E3B0328C30D},,,,73633,,,,,,,,,INFO,2,,,,,,,,,,,,eventlog,im_msvistalog,Microsoft-Windows-Security-Auditing,,,,,,,Cybertees,0x3e7,WORKSTATION5$,S-1-5-18,,,,,,,,,,,,,,13570,,,,1996,,,,,,,0,,,"{""tags"":[""splunk""],""EventID"":4670,""RecordNumber"":73633,""ProviderGuid"":""{54849625-5478-4994-A5BA-3E3B0328C30D}"",""SourceName"":""Microsoft-Windows-Security-Auditing"",""OpcodeValue"":0,""EventTime"":""2022-04-15 08:06:07"",""SubjectUserSid"":""S-1-5-18"",""host"":""cybertees.net"",""SeverityValue"":2,""ExecutionProcessID"":4,""Category"":""Authorization Policy Change"",""SubjectLogonId"":""0x3e7"",""SourceModuleName"":""eventlog"",""Message"":""Permissions on an object were changed.\r\n\r\nSubject:\r\n\tSecurity ID:\t\tS-1-5-18\r\n\tAccount Name:\t\tWORKSTATION5$\r\n\tAccount Domain:\t\tCybertees\r\n\tLogon ID:\t\t0x3E7\r\n\r\nObject:\r\n\tObject Server:\tSecurity\r\n\tObject Type:\tToken\r\n\tObject Name:\t-\r\n\tHandle ID:\t0xc44\r\n\r\nProcess:\r\n\tProcess ID:\t0x2dc\r\n\tProcess Name:\tC:\\Windows\\System32\\services.exe\r\n\r\nPermissions Change:\r\n\tOriginal Security Descriptor:\tD:(A;;GA;;;SY)(A;;GA;;;NS)\r\n\tNew Security Descriptor:\tD:(A;;GA;;;SY)(A;;RC;;;OW)(A;;GA;;;S-1-5-80-3055155277-3816794035-3994065555-2874236192-2193176987)"",""port"":60427,""timestamp"":""2022-04-15T12:06:09.330Z"",""ThreadID"":1996,""NewSd"":""D:(A;;GA;;;SY)(A;;RC;;;OW)(A;;GA;;;S-1-5-80-3055155277-3816794035-3994065555-2874236192-2193176987)"",""SubjectUserName"":""WORKSTATION5$"",""Severity"":""INFO"",""ObjectServer"":""Security"",""ProcessName"":""C:\\Windows\\System32\\services.exe"",""EventType"":""AUDIT_SUCCESS"",""Channel"":""Security"",""ObjectType"":""Token"",""Opcode"":""Info"",""ObjectName"":""-"",""OldSd"":""D:(A;;GA;;;SY)(A;;GA;;;NS)"",""EventReceivedTime"":""2022-04-15 08:06:09"",""@version"":""1"",""Task"":13570,""SubjectDomainName"":""Cybertees"",""HandleId"":""0xc44"",""SourceModuleType"":""im_msvistalog"",""Hostname"":""James.browne"",""Keywords"":-9214364837600034816,""Version"":0,""ProcessId"":""0x2dc""}",2022-04-15T08:06:07.000+0000,8,15,6,april,7,friday,2022,local,,AUDIT_SUCCESS,cybertees.net,cyber-host,windowslogs,1,60427,"{"""":[""""],"""":,"""":,"""":""{----}"","""":""---"","""":,"""":""--_:",Event_logs.json,_json,ip-10-10-40-195,,splunk,,2022-04-15T12:06:09.330Z,
1,,,,,,,,,,,Registry,Security,,,,,,,,,,,,,,,,,,,,,,,4658,,2022-04-15 8:06:09,2022-04-15 8:06:07,,4,,,,,0x53c,,James.browne,,,,,,,,,,-9214364837600034816,,,,,,,,,"The handle to an object was closed.

Subject :
	Security ID:		S-1-5-18
	Account Name:		WORKSTATION5$
	Account Domain:		Cybertees
	Logon ID:		0x3E7

Object:
	Object Server:		Security
	Handle ID:		0x53c

Process Information:
	Process ID:		0x844
	Process Name:		C:\Windows\System32\svchost.exe",,,,,Security,,,Info,0,,,,,,,,,,,0x844,C:\Windows\System32\svchost.exe,,,{54849625-5478-4994-A5BA-3E3B0328C30D},,,,73632,,,,,,,,,INFO,2,,,,,,,,,,,,eventlog,im_msvistalog,Microsoft-Windows-Security-Auditing,,,,,,,Cybertees,0x3e7,WORKSTATION5$,S-1-5-18,,,,,,,,,,,,,,12801,,,,2916,,,,,,,0,,,"{""tags"":[""splunk""],""EventID"":4658,""RecordNumber"":73632,""ProviderGuid"":""{54849625-5478-4994-A5BA-3E3B0328C30D}"",""SourceName"":""Microsoft-Windows-Security-Auditing"",""OpcodeValue"":0,""EventTime"":""2022-04-15 08:06:07"",""SubjectUserSid"":""S-1-5-18"",""host"":""cybertees.net"",""SeverityValue"":2,""ExecutionProcessID"":4,""Category"":""Registry"",""SubjectLogonId"":""0x3e7"",""SourceModuleName"":""eventlog"",""Message"":""The handle to an object was closed.\r\n\r\nSubject :\r\n\tSecurity ID:\t\tS-1-5-18\r\n\tAccount Name:\t\tWORKSTATION5$\r\n\tAccount Domain:\t\tCybertees\r\n\tLogon ID:\t\t0x3E7\r\n\r\nObject:\r\n\tObject Server:\t\tSecurity\r\n\tHandle ID:\t\t0x53c\r\n\r\nProcess Information:\r\n\tProcess ID:\t\t0x844\r\n\tProcess Name:\t\tC:\\Windows\\System32\\svchost.exe"",""port"":60427,""timestamp"":""2022-04-15T12:06:09.330Z"",""ThreadID"":2916,""SubjectUserName"":""WORKSTATION5$"",""Severity"":""INFO"",""ObjectServer"":""Security"",""ProcessName"":""C:\\Windows\\System32\\svchost.exe"",""EventType"":""AUDIT_SUCCESS"",""Channel"":""Security"",""Opcode"":""Info"",""EventReceivedTime"":""2022-04-15 08:06:09"",""@version"":""1"",""Task"":12801,""SubjectDomainName"":""Cybertees"",""HandleId"":""0x53c"",""SourceModuleType"":""im_msvistalog"",""Hostname"":""James.browne"",""Keywords"":-9214364837600034816,""Version"":0,""ProcessId"":""0x844""}",2022-04-15T08:06:07.000+0000,8,15,6,april,7,friday,2022,local,,AUDIT_SUCCESS,cybertees.net,cyber-host,windowslogs,1,60427,"{"""":[""""],"""":,"""":,"""":""{----}"","""":""---"","""":,"""":""--_:",Event_logs.json,_json,ip-10-10-40-195,,splunk,,2022-04-15T12:06:09.330Z,
1,"%%4432
				",0x1,,,,,,,,,Registry,Security,,,,,,,,,,,,,,,,,,,,,,,4663,,2022-04-15 8:06:09,2022-04-15 8:06:07,,4,,,,,0x53c,,James.browne,,,,,,,,,,-9214364837600034816,,,,,,,,,"An attempt was made to access an object.

Subject:
	Security ID:		S-1-5-18
	Account Name:		WORKSTATION5$
	Account Domain:		Cybertees
	Logon ID:		0x3E7

Object:
	Object Server:		Security
	Object Type:		Key
	Object Name:		\REGISTRY\MACHINE\SOFTWARE\Microsoft\Windows NT\CurrentVersion\Winlogon
	Handle ID:		0x53c
	Resource Attributes:	-

Process Information:
	Process ID:		0x844
	Process Name:		C:\Windows\System32\svchost.exe

Access Request Information:
	Accesses:		Query key value
				
	Access Mask:		0x1",,,,\REGISTRY\MACHINE\SOFTWARE\Microsoft\Windows NT\CurrentVersion\Winlogon,Security,Key,,Info,0,,,,,,,,,,,0x844,C:\Windows\System32\svchost.exe,,,{54849625-5478-4994-A5BA-3E3B0328C30D},,,,73631,,,,-,,,,,INFO,2,,,,,,,,,,,,eventlog,im_msvistalog,Microsoft-Windows-Security-Auditing,,,,,,,Cybertees,0x3e7,WORKSTATION5$,S-1-5-18,,,,,,,,,,,,,,12801,,,,2916,,,,,,,1,,,"{""tags"":[""splunk""],""EventID"":4663,""RecordNumber"":73631,""ProviderGuid"":""{54849625-5478-4994-A5BA-3E3B0328C30D}"",""SourceName"":""Microsoft-Windows-Security-Auditing"",""OpcodeValue"":0,""EventTime"":""2022-04-15 08:06:07"",""SubjectUserSid"":""S-1-5-18"",""host"":""cybertees.net"",""SeverityValue"":2,""ExecutionProcessID"":4,""Category"":""Registry"",""SubjectLogonId"":""0x3e7"",""AccessList"":""%%4432\r\n\t\t\t\t"",""SourceModuleName"":""eventlog"",""Message"":""An attempt was made to access an object.\r\n\r\nSubject:\r\n\tSecurity ID:\t\tS-1-5-18\r\n\tAccount Name:\t\tWORKSTATION5$\r\n\tAccount Domain:\t\tCybertees\r\n\tLogon ID:\t\t0x3E7\r\n\r\nObject:\r\n\tObject Server:\t\tSecurity\r\n\tObject Type:\t\tKey\r\n\tObject Name:\t\t\\REGISTRY\\MACHINE\\SOFTWARE\\Microsoft\\Windows NT\\CurrentVersion\\Winlogon\r\n\tHandle ID:\t\t0x53c\r\n\tResource Attributes:\t-\r\n\r\nProcess Information:\r\n\tProcess ID:\t\t0x844\r\n\tProcess Name:\t\tC:\\Windows\\System32\\svchost.exe\r\n\r\nAccess Request Information:\r\n\tAccesses:\t\tQuery key value\r\n\t\t\t\t\r\n\tAccess Mask:\t\t0x1"",""port"":60427,""timestamp"":""2022-04-15T12:06:09.330Z"",""ThreadID"":2916,""SubjectUserName"":""WORKSTATION5$"",""Severity"":""INFO"",""ObjectServer"":""Security"",""ProcessName"":""C:\\Windows\\System32\\svchost.exe"",""ResourceAttributes"":""-"",""EventType"":""AUDIT_SUCCESS"",""Channel"":""Security"",""ObjectType"":""Key"",""Opcode"":""Info"",""ObjectName"":""\\REGISTRY\\MACHINE\\SOFTWARE\\Microsoft\\Windows NT\\CurrentVersion\\Winlogon"",""EventReceivedTime"":""2022-04-15 08:06:09"",""@version"":""1"",""Task"":12801,""SubjectDomainName"":""Cybertees"",""HandleId"":""0x53c"",""AccessMask"":""0x1"",""SourceModuleType"":""im_msvistalog"",""Hostname"":""James.browne"",""Keywords"":-9214364837600034816,""Version"":1,""ProcessId"":""0x844""}",2022-04-15T08:06:07.000+0000,8,15,6,april,7,friday,2022,local,,AUDIT_SUCCESS,cybertees.net,cyber-host,windowslogs,1,60427,"{"""":[""""],"""":,"""":,"""":""{----}"","""":""---"","""":,"""":""--_:",Event_logs.json,_json,ip-10-10-40-195,,splunk,,2022-04-15T12:06:09.330Z,
1,"%%1538
				%%4432
				%%4435
				%%4436
				",0x20019,-,,,,,,,,Registry,Security,,,,,,,,,,,,,,,,,,,,,,,4656,,2022-04-15 8:06:09,2022-04-15 8:06:07,,4,,,,,0x53c,,James.browne,,,,,,,,,,-9214364837600034816,,,,,,,,,"A handle to an object was requested.

Subject:
	Security ID:		S-1-5-18
	Account Name:		WORKSTATION5$
	Account Domain:		Cybertees
	Logon ID:		0x3E7

Object:
	Object Server:		Security
	Object Type:		Key
	Object Name:		\REGISTRY\MACHINE\SOFTWARE\Microsoft\Windows NT\CurrentVersion\Winlogon
	Handle ID:		0x53c
	Resource Attributes:	-

Process Information:
	Process ID:		0x844
	Process Name:		C:\Windows\System32\svchost.exe

Access Request Information:
	Transaction ID:		{00000000-0000-0000-0000-000000000000}
	Accesses:		READ_CONTROL
				Query key value
				Enumerate sub-keys
				Notify about changes to keys
				
	Access Reasons:		-
	Access Mask:		0x20019
	Privileges Used for Access Check:	-
	Restricted SID Count:	0",,,,\REGISTRY\MACHINE\SOFTWARE\Microsoft\Windows NT\CurrentVersion\Winlogon,Security,Key,,Info,0,,,,,,,,,-,,0x844,C:\Windows\System32\svchost.exe,,,{54849625-5478-4994-A5BA-3E3B0328C30D},,,,73630,,,,-,,0,,,INFO,2,,,,,,,,,,,,eventlog,im_msvistalog,Microsoft-Windows-Security-Auditing,,,,,,,Cybertees,0x3e7,WORKSTATION5$,S-1-5-18,,,,,,,,,,,,,,12801,,,,2916,,{00000000-0000-0000-0000-000000000000},,,,,1,,,"{""EventID"":4656,""RecordNumber"":73630,""ProviderGuid"":""{54849625-5478-4994-A5BA-3E3B0328C30D}"",""SourceName"":""Microsoft-Windows-Security-Auditing"",""OpcodeValue"":0,""AccessList"":""%%1538\r\n\t\t\t\t%%4432\r\n\t\t\t\t%%4435\r\n\t\t\t\t%%4436\r\n\t\t\t\t"",""AccessReason"":""-"",""SourceModuleName"":""eventlog"",""ExecutionProcessID"":4,""Category"":""Registry"",""port"":60427,""ThreadID"":2916,""SubjectUserName"":""WORKSTATION5$"",""Severity"":""INFO"",""ObjectServer"":""Security"",""ProcessName"":""C:\\Windows\\System32\\svchost.exe"",""ResourceAttributes"":""-"",""EventType"":""AUDIT_SUCCESS"",""Channel"":""Security"",""ObjectType"":""Key"",""Opcode"":""Info"",""ObjectName"":""\\REGISTRY\\MACHINE\\SOFTWARE\\Microsoft\\Windows NT\\CurrentVersion\\Winlogon"",""EventReceivedTime"":""2022-04-15 08:06:09"",""Task"":12801,""SubjectDomainName"":""Cybertees"",""HandleId"":""0x53c"",""Keywords"":-9214364837600034816,""Version"":1,""ProcessId"":""0x844"",""tags"":[""splunk""],""SubjectUserSid"":""S-1-5-18"",""EventTime"":""2022-04-15 08:06:07"",""host"":""cybertees.net"",""SeverityValue"":2,""SubjectLogonId"":""0x3e7"",""Message"":""A handle to an object was requested.\r\n\r\nSubject:\r\n\tSecurity ID:\t\tS-1-5-18\r\n\tAccount Name:\t\tWORKSTATION5$\r\n\tAccount Domain:\t\tCybertees\r\n\tLogon ID:\t\t0x3E7\r\n\r\nObject:\r\n\tObject Server:\t\tSecurity\r\n\tObject Type:\t\tKey\r\n\tObject Name:\t\t\\REGISTRY\\MACHINE\\SOFTWARE\\Microsoft\\Windows NT\\CurrentVersion\\Winlogon\r\n\tHandle ID:\t\t0x53c\r\n\tResource Attributes:\t-\r\n\r\nProcess Information:\r\n\tProcess ID:\t\t0x844\r\n\tProcess Name:\t\tC:\\Windows\\System32\\svchost.exe\r\n\r\nAccess Request Information:\r\n\tTransaction ID:\t\t{00000000-0000-0000-0000-000000000000}\r\n\tAccesses:\t\tREAD_CONTROL\r\n\t\t\t\tQuery key value\r\n\t\t\t\tEnumerate sub-keys\r\n\t\t\t\tNotify about changes to keys\r\n\t\t\t\t\r\n\tAccess Reasons:\t\t-\r\n\tAccess Mask:\t\t0x20019\r\n\tPrivileges Used for Access Check:\t-\r\n\tRestricted SID Count:\t0"",""timestamp"":""2022-04-15T12:06:09.329Z"",""@version"":""1"",""AccessMask"":""0x20019"",""SourceModuleType"":""im_msvistalog"",""RestrictedSidCount"":""0"",""TransactionId"":""{00000000-0000-0000-0000-000000000000}"",""Hostname"":""James.browne"",""PrivilegeList"":""-""}",2022-04-15T08:06:07.000+0000,8,15,6,april,7,friday,2022,local,,AUDIT_SUCCESS,cybertees.net,cyber-host,windowslogs,1,60427,"{"""":,"""":,"""":""{----}"","""":""---"","""":,"""":""%%\\\\\\%%\\",Event_logs.json,_json,ip-10-10-40-195,,splunk,,2022-04-15T12:06:09.329Z,
1,,,,,,,,,,,Registry,Security,,,,,,,,,,,,,,,,,,,,,,,4658,,2022-04-15 8:06:09,2022-04-15 8:06:07,,4,,,,,0x1acc,,James.browne,,,,,,,,,,-9214364837600034816,,,,,,,,,"The handle to an object was closed.

Subject :
	Security ID:		S-1-5-18
	Account Name:		WORKSTATION5$
	Account Domain:		Cybertees
	Logon ID:		0x3E7

Object:
	Object Server:		Security
	Handle ID:		0x1acc

Process Information:
	Process ID:		0x844
	Process Name:		C:\Windows\System32\svchost.exe",,,,,Security,,,Info,0,,,,,,,,,,,0x844,C:\Windows\System32\svchost.exe,,,{54849625-5478-4994-A5BA-3E3B0328C30D},,,,73629,,,,,,,,,INFO,2,,,,,,,,,,,,eventlog,im_msvistalog,Microsoft-Windows-Security-Auditing,,,,,,,Cybertees,0x3e7,WORKSTATION5$,S-1-5-18,,,,,,,,,,,,,,12801,,,,2916,,,,,,,0,,,"{""tags"":[""splunk""],""EventID"":4658,""RecordNumber"":73629,""ProviderGuid"":""{54849625-5478-4994-A5BA-3E3B0328C30D}"",""SourceName"":""Microsoft-Windows-Security-Auditing"",""OpcodeValue"":0,""EventTime"":""2022-04-15 08:06:07"",""SubjectUserSid"":""S-1-5-18"",""host"":""cybertees.net"",""SeverityValue"":2,""ExecutionProcessID"":4,""Category"":""Registry"",""SubjectLogonId"":""0x3e7"",""SourceModuleName"":""eventlog"",""Message"":""The handle to an object was closed.\r\n\r\nSubject :\r\n\tSecurity ID:\t\tS-1-5-18\r\n\tAccount Name:\t\tWORKSTATION5$\r\n\tAccount Domain:\t\tCybertees\r\n\tLogon ID:\t\t0x3E7\r\n\r\nObject:\r\n\tObject Server:\t\tSecurity\r\n\tHandle ID:\t\t0x1acc\r\n\r\nProcess Information:\r\n\tProcess ID:\t\t0x844\r\n\tProcess Name:\t\tC:\\Windows\\System32\\svchost.exe"",""port"":60427,""timestamp"":""2022-04-15T12:06:09.329Z"",""ThreadID"":2916,""SubjectUserName"":""WORKSTATION5$"",""Severity"":""INFO"",""ObjectServer"":""Security"",""ProcessName"":""C:\\Windows\\System32\\svchost.exe"",""EventType"":""AUDIT_SUCCESS"",""Channel"":""Security"",""Opcode"":""Info"",""EventReceivedTime"":""2022-04-15 08:06:09"",""@version"":""1"",""Task"":12801,""SubjectDomainName"":""Cybertees"",""HandleId"":""0x1acc"",""SourceModuleType"":""im_msvistalog"",""Hostname"":""James.browne"",""Keywords"":-9214364837600034816,""Version"":0,""ProcessId"":""0x844""}",2022-04-15T08:06:07.000+0000,8,15,6,april,7,friday,2022,local,,AUDIT_SUCCESS,cybertees.net,cyber-host,windowslogs,1,60427,"{"""":[""""],"""":,"""":,"""":""{----}"","""":""---"","""":,"""":""--_:",Event_logs.json,_json,ip-10-10-40-195,,splunk,,2022-04-15T12:06:09.329Z,
1,,,,,,,,,,,Handle Manipulation,Security,,,,,,,,,,,,,,,,,,,,,,,4690,,2022-04-15 8:06:09,2022-04-15 8:06:07,,4,,,,,,,James.browne,,,,,,,,,,-9214364837600034816,,,,,,,,,"An attempt was made to duplicate a handle to an object.

Subject:
	Security ID:		S-1-5-18
	Account Name:		WORKSTATION5$
	Account Domain:		Cybertees
	Logon ID:		0x3E7

Source Handle Information:
	Source Handle ID:	0x53c
	Source Process ID:	0x844

New Handle Information:
	Target Handle ID:	0x1acc
	Target Process ID:	0x4",,,,,,,,Info,0,,,,,,,,,,,0x844,,,,{54849625-5478-4994-A5BA-3E3B0328C30D},,,,73628,,,,,,,,,INFO,2,,,,,,,0x53c,,,,,eventlog,im_msvistalog,Microsoft-Windows-Security-Auditing,,,,0x844,,,Cybertees,0x3e7,WORKSTATION5$,S-1-5-18,,,0x1acc,,,,,,,,0x4,,,12807,,,,2916,,,,,,,0,,,"{""tags"":[""splunk""],""EventID"":4690,""RecordNumber"":73628,""ProviderGuid"":""{54849625-5478-4994-A5BA-3E3B0328C30D}"",""SourceName"":""Microsoft-Windows-Security-Auditing"",""OpcodeValue"":0,""EventTime"":""2022-04-15 08:06:07"",""SubjectUserSid"":""S-1-5-18"",""host"":""cybertees.net"",""SeverityValue"":2,""ExecutionProcessID"":4,""Category"":""Handle Manipulation"",""SubjectLogonId"":""0x3e7"",""SourceProcessId"":""0x844"",""SourceModuleName"":""eventlog"",""SourceHandleId"":""0x53c"",""Message"":""An attempt was made to duplicate a handle to an object.\r\n\r\nSubject:\r\n\tSecurity ID:\t\tS-1-5-18\r\n\tAccount Name:\t\tWORKSTATION5$\r\n\tAccount Domain:\t\tCybertees\r\n\tLogon ID:\t\t0x3E7\r\n\r\nSource Handle Information:\r\n\tSource Handle ID:\t0x53c\r\n\tSource Process ID:\t0x844\r\n\r\nNew Handle Information:\r\n\tTarget Handle ID:\t0x1acc\r\n\tTarget Process ID:\t0x4"",""port"":60427,""timestamp"":""2022-04-15T12:06:09.328Z"",""ThreadID"":2916,""TargetProcessId"":""0x4"",""SubjectUserName"":""WORKSTATION5$"",""Severity"":""INFO"",""EventType"":""AUDIT_SUCCESS"",""Channel"":""Security"",""Opcode"":""Info"",""EventReceivedTime"":""2022-04-15 08:06:09"",""@version"":""1"",""Task"":12807,""SubjectDomainName"":""Cybertees"",""SourceModuleType"":""im_msvistalog"",""TargetHandleId"":""0x1acc"",""Hostname"":""James.browne"",""Keywords"":-9214364837600034816,""Version"":0,""ProcessId"":""0x844""}",2022-04-15T08:06:07.000+0000,8,15,6,april,7,friday,2022,local,,AUDIT_SUCCESS,cybertees.net,cyber-host,windowslogs,1,60427,"{"""":[""""],"""":,"""":,"""":""{----}"","""":""---"","""":,"""":""--_:",Event_logs.json,_json,ip-10-10-40-195,,splunk,,2022-04-15T12:06:09.328Z,
1,,,,,,,,,,,Registry,Security,,,,,,,,,,,,,,,,,,,,,,,4658,,2022-04-15 8:06:09,2022-04-15 8:06:07,,4,,,,,0x53c,,James.browne,,,,,,,,,,-9214364837600034816,,,,,,,,,"The handle to an object was closed.

Subject :
	Security ID:		S-1-5-18
	Account Name:		WORKSTATION5$
	Account Domain:		Cybertees
	Logon ID:		0x3E7

Object:
	Object Server:		Security
	Handle ID:		0x53c

Process Information:
	Process ID:		0x844
	Process Name:		C:\Windows\System32\svchost.exe",,,,,Security,,,Info,0,,,,,,,,,,,0x844,C:\Windows\System32\svchost.exe,,,{54849625-5478-4994-A5BA-3E3B0328C30D},,,,73627,,,,,,,,,INFO,2,,,,,,,,,,,,eventlog,im_msvistalog,Microsoft-Windows-Security-Auditing,,,,,,,Cybertees,0x3e7,WORKSTATION5$,S-1-5-18,,,,,,,,,,,,,,12801,,,,2916,,,,,,,0,,,"{""tags"":[""splunk""],""EventID"":4658,""RecordNumber"":73627,""ProviderGuid"":""{54849625-5478-4994-A5BA-3E3B0328C30D}"",""SourceName"":""Microsoft-Windows-Security-Auditing"",""OpcodeValue"":0,""EventTime"":""2022-04-15 08:06:07"",""SubjectUserSid"":""S-1-5-18"",""host"":""cybertees.net"",""SeverityValue"":2,""ExecutionProcessID"":4,""Category"":""Registry"",""SubjectLogonId"":""0x3e7"",""SourceModuleName"":""eventlog"",""Message"":""The handle to an object was closed.\r\n\r\nSubject :\r\n\tSecurity ID:\t\tS-1-5-18\r\n\tAccount Name:\t\tWORKSTATION5$\r\n\tAccount Domain:\t\tCybertees\r\n\tLogon ID:\t\t0x3E7\r\n\r\nObject:\r\n\tObject Server:\t\tSecurity\r\n\tHandle ID:\t\t0x53c\r\n\r\nProcess Information:\r\n\tProcess ID:\t\t0x844\r\n\tProcess Name:\t\tC:\\Windows\\System32\\svchost.exe"",""port"":60427,""timestamp"":""2022-04-15T12:06:09.328Z"",""ThreadID"":2916,""SubjectUserName"":""WORKSTATION5$"",""Severity"":""INFO"",""ObjectServer"":""Security"",""ProcessName"":""C:\\Windows\\System32\\svchost.exe"",""EventType"":""AUDIT_SUCCESS"",""Channel"":""Security"",""Opcode"":""Info"",""EventReceivedTime"":""2022-04-15 08:06:09"",""@version"":""1"",""Task"":12801,""SubjectDomainName"":""Cybertees"",""HandleId"":""0x53c"",""SourceModuleType"":""im_msvistalog"",""Hostname"":""James.browne"",""Keywords"":-9214364837600034816,""Version"":0,""ProcessId"":""0x844""}",2022-04-15T08:06:07.000+0000,8,15,6,april,7,friday,2022,local,,AUDIT_SUCCESS,cybertees.net,cyber-host,windowslogs,1,60427,"{"""":[""""],"""":,"""":,"""":""{----}"","""":""---"","""":,"""":""--_:",Event_logs.json,_json,ip-10-10-40-195,,splunk,,2022-04-15T12:06:09.328Z,
1,"%%4432
				",0x1,,,,,,,,,Registry,Security,,,,,,,,,,,,,,,,,,,,,,,4663,,2022-04-15 8:06:09,2022-04-15 8:06:07,,4,,,,,0x53c,,James.browne,,,,,,,,,,-9214364837600034816,,,,,,,,,"An attempt was made to access an object.

Subject:
	Security ID:		S-1-5-18
	Account Name:		WORKSTATION5$
	Account Domain:		Cybertees
	Logon ID:		0x3E7

Object:
	Object Server:		Security
	Object Type:		Key
	Object Name:		\REGISTRY\MACHINE\SOFTWARE\Microsoft\Windows NT\CurrentVersion\Winlogon
	Handle ID:		0x53c
	Resource Attributes:	-

Process Information:
	Process ID:		0x844
	Process Name:		C:\Windows\System32\svchost.exe

Access Request Information:
	Accesses:		Query key value
				
	Access Mask:		0x1",,,,\REGISTRY\MACHINE\SOFTWARE\Microsoft\Windows NT\CurrentVersion\Winlogon,Security,Key,,Info,0,,,,,,,,,,,0x844,C:\Windows\System32\svchost.exe,,,{54849625-5478-4994-A5BA-3E3B0328C30D},,,,73626,,,,-,,,,,INFO,2,,,,,,,,,,,,eventlog,im_msvistalog,Microsoft-Windows-Security-Auditing,,,,,,,Cybertees,0x3e7,WORKSTATION5$,S-1-5-18,,,,,,,,,,,,,,12801,,,,2916,,,,,,,1,,,"{""tags"":[""splunk""],""EventID"":4663,""RecordNumber"":73626,""ProviderGuid"":""{54849625-5478-4994-A5BA-3E3B0328C30D}"",""SourceName"":""Microsoft-Windows-Security-Auditing"",""OpcodeValue"":0,""EventTime"":""2022-04-15 08:06:07"",""SubjectUserSid"":""S-1-5-18"",""host"":""cybertees.net"",""SeverityValue"":2,""ExecutionProcessID"":4,""Category"":""Registry"",""SubjectLogonId"":""0x3e7"",""AccessList"":""%%4432\r\n\t\t\t\t"",""SourceModuleName"":""eventlog"",""Message"":""An attempt was made to access an object.\r\n\r\nSubject:\r\n\tSecurity ID:\t\tS-1-5-18\r\n\tAccount Name:\t\tWORKSTATION5$\r\n\tAccount Domain:\t\tCybertees\r\n\tLogon ID:\t\t0x3E7\r\n\r\nObject:\r\n\tObject Server:\t\tSecurity\r\n\tObject Type:\t\tKey\r\n\tObject Name:\t\t\\REGISTRY\\MACHINE\\SOFTWARE\\Microsoft\\Windows NT\\CurrentVersion\\Winlogon\r\n\tHandle ID:\t\t0x53c\r\n\tResource Attributes:\t-\r\n\r\nProcess Information:\r\n\tProcess ID:\t\t0x844\r\n\tProcess Name:\t\tC:\\Windows\\System32\\svchost.exe\r\n\r\nAccess Request Information:\r\n\tAccesses:\t\tQuery key value\r\n\t\t\t\t\r\n\tAccess Mask:\t\t0x1"",""port"":60427,""timestamp"":""2022-04-15T12:06:09.327Z"",""ThreadID"":2916,""SubjectUserName"":""WORKSTATION5$"",""Severity"":""INFO"",""ObjectServer"":""Security"",""ProcessName"":""C:\\Windows\\System32\\svchost.exe"",""ResourceAttributes"":""-"",""EventType"":""AUDIT_SUCCESS"",""Channel"":""Security"",""ObjectType"":""Key"",""Opcode"":""Info"",""ObjectName"":""\\REGISTRY\\MACHINE\\SOFTWARE\\Microsoft\\Windows NT\\CurrentVersion\\Winlogon"",""EventReceivedTime"":""2022-04-15 08:06:09"",""@version"":""1"",""Task"":12801,""SubjectDomainName"":""Cybertees"",""HandleId"":""0x53c"",""AccessMask"":""0x1"",""SourceModuleType"":""im_msvistalog"",""Hostname"":""James.browne"",""Keywords"":-9214364837600034816,""Version"":1,""ProcessId"":""0x844""}",2022-04-15T08:06:07.000+0000,8,15,6,april,7,friday,2022,local,,AUDIT_SUCCESS,cybertees.net,cyber-host,windowslogs,1,60427,"{"""":[""""],"""":,"""":,"""":""{----}"","""":""---"","""":,"""":""--_:",Event_logs.json,_json,ip-10-10-40-195,,splunk,,2022-04-15T12:06:09.327Z,
1,"%%1538
				%%4432
				%%4435
				%%4436
				",0x20019,-,,,,,,,,Registry,Security,,,,,,,,,,,,,,,,,,,,,,,4656,,2022-04-15 8:06:09,2022-04-15 8:06:07,,4,,,,,0x53c,,James.browne,,,,,,,,,,-9214364837600034816,,,,,,,,,"A handle to an object was requested.

Subject:
	Security ID:		S-1-5-18
	Account Name:		WORKSTATION5$
	Account Domain:		Cybertees
	Logon ID:		0x3E7

Object:
	Object Server:		Security
	Object Type:		Key
	Object Name:		\REGISTRY\MACHINE\SOFTWARE\Microsoft\Windows NT\CurrentVersion\Winlogon
	Handle ID:		0x53c
	Resource Attributes:	-

Process Information:
	Process ID:		0x844
	Process Name:		C:\Windows\System32\svchost.exe

