1,,,,SYSTEM,User,,,,,,Registry value set (rule: RegistryEvent),Microsoft-Windows-Sysmon/Operational,,,,,,,,,,,,,,DWORD (0x0146adb6),,,,NT AUTHORITY,,,,,13,,2022-04-15 8:06:12,2022-04-15 8:06:07,INFO,3524,,,,,,,James.browne,C:\windows\system32\svchost.exe,,,,,,,,,-9223372036854775808,,,,,,,,,"Registry value set:
RuleName: -
EventType: SetValue
UtcTime: 2022-04-15 12:06:07.810
ProcessGuid: {2d351099-5cae-5f5f-3204-000000000400}
ProcessId: 2116
Image: C:\windows\system32\svchost.exe
TargetObject: HKLM\SOFTWARE\Microsoft\Windows\CurrentVersion\Group Policy\Status\GPExtensions\{827D319E-6EAC-11D2-A4EA-00C04F79F83A}\LastPolicyTime
Details: DWORD (0x0146adb6)",,,,,,,,Info,0,,,,,,,,,,{2d351099-5cae-5f5f-3204-000000000400},2116,,,,{5770385F-C22A-43E0-BF4C-06F5698FFBD9},,,,423857,,,,,,,-,,INFO,2,,,,,,,,,,,,eventlog,im_msvistalog,Microsoft-Windows-Sysmon,,,,,,,,,,,,,,,,,HKLM\SOFTWARE\Microsoft\Windows\CurrentVersion\Group Policy\Status\GPExtensions\{827D319E-6EAC-11D2-A4EA-00C04F79F83A}\LastPolicyTime,,,,,,,13,,,,4688,,,,,S-1-5-18,2022-04-15 12:06:08,2,,,"{""Image"":""C:\\windows\\system32\\svchost.exe"",""ProcessId"":""2116"",""EventID"":13,""tags"":[""splunk""],""RecordNumber"":423857,""ProviderGuid"":""{5770385F-C22A-43E0-BF4C-06F5698FFBD9}"",""SourceName"":""Microsoft-Windows-Sysmon"",""OpcodeValue"":0,""EventTime"":""2022-04-15 08:06:07"",""AccountName"":""SYSTEM"",""host"":""cybertees.net"",""SeverityValue"":2,""ExecutionProcessID"":3524,""AccountType"":""User"",""Category"":""Registry value set (rule: RegistryEvent)"",""SourceModuleName"":""eventlog"",""Domain"":""NT AUTHORITY"",""Message"":""Registry value set:\r\nRuleName: -\r\nEventType: SetValue\r\nUtcTime: 2022-04-15 12:06:07.810\r\nProcessGuid: {2d351099-5cae-5f5f-3204-000000000400}\r\nProcessId: 2116\r\nImage: C:\\windows\\system32\\svchost.exe\r\nTargetObject: HKLM\\SOFTWARE\\Microsoft\\Windows\\CurrentVersion\\Group Policy\\Status\\GPExtensions\\{827D319E-6EAC-11D2-A4EA-00C04F79F83A}\\LastPolicyTime\r\nDetails: DWORD (0x0146adb6)"",""port"":60427,""UserID"":""S-1-5-18"",""UtcTime"":""2022-04-15 12:06:07.810"",""timestamp"":""2022-04-15T12:06:12.773Z"",""ThreadID"":4688,""Severity"":""INFO"",""EventTypeOrignal"":""INFO"",""EventType"":""SetValue"",""Channel"":""Microsoft-Windows-Sysmon/Operational"",""TargetObject"":""HKLM\\SOFTWARE\\Microsoft\\Windows\\CurrentVersion\\Group Policy\\Status\\GPExtensions\\{827D319E-6EAC-11D2-A4EA-00C04F79F83A}\\LastPolicyTime"",""Details"":""DWORD (0x0146adb6)"",""Opcode"":""Info"",""EventReceivedTime"":""2022-04-15 08:06:12"",""@version"":""1"",""Task"":13,""SourceModuleType"":""im_msvistalog"",""RuleName"":""-"",""Hostname"":""James.browne"",""Keywords"":-9223372036854775808,""Version"":2,""ProcessGuid"":""{2d351099-5cae-5f5f-3204-000000000400}""}",2022-04-15T08:06:07.000+0000,8,15,6,april,7,friday,2022,local,,SetValue,cybertees.net,cyber-host,windowslogs,1,60427,"{"""":"":\\\\\\."","""":"""","""":,"""":[""""],"""":,"""":""{----}"",""",Event_logs.json,_json,ip-10-10-40-195,,splunk,,2022-04-15T12:06:12.773Z,
1,,,,SYSTEM,User,,,,,,Registry value set (rule: RegistryEvent),Microsoft-Windows-Sysmon/Operational,,,,,,,,,,,,,,DWORD (0x00000000),,,,NT AUTHORITY,,,,,13,,2022-04-15 8:06:12,2022-04-15 8:06:07,INFO,3524,,,,,,,James.browne,C:\windows\system32\svchost.exe,,,,,,,,,-9223372036854775808,,,,,,,,,"Registry value set:
RuleName: -
EventType: SetValue
UtcTime: 2022-04-15 12:06:07.810
ProcessGuid: {2d351099-5cae-5f5f-3204-000000000400}
ProcessId: 2116
Image: C:\windows\system32\svchost.exe
TargetObject: HKLM\SOFTWARE\Microsoft\Windows\CurrentVersion\Group Policy\Status\GPExtensions\{827D319E-6EAC-11D2-A4EA-00C04F79F83A}\RsopStatus
Details: DWORD (0x00000000)",,,,,,,,Info,0,,,,,,,,,,{2d351099-5cae-5f5f-3204-000000000400},2116,,,,{5770385F-C22A-43E0-BF4C-06F5698FFBD9},,,,423856,,,,,,,-,,INFO,2,,,,,,,,,,,,eventlog,im_msvistalog,Microsoft-Windows-Sysmon,,,,,,,,,,,,,,,,,HKLM\SOFTWARE\Microsoft\Windows\CurrentVersion\Group Policy\Status\GPExtensions\{827D319E-6EAC-11D2-A4EA-00C04F79F83A}\RsopStatus,,,,,,,13,,,,4688,,,,,S-1-5-18,2022-04-15 12:06:08,2,,,"{""Image"":""C:\\windows\\system32\\svchost.exe"",""ProcessId"":""2116"",""EventID"":13,""tags"":[""splunk""],""RecordNumber"":423856,""ProviderGuid"":""{5770385F-C22A-43E0-BF4C-06F5698FFBD9}"",""SourceName"":""Microsoft-Windows-Sysmon"",""OpcodeValue"":0,""EventTime"":""2022-04-15 08:06:07"",""AccountName"":""SYSTEM"",""host"":""cybertees.net"",""SeverityValue"":2,""ExecutionProcessID"":3524,""AccountType"":""User"",""Category"":""Registry value set (rule: RegistryEvent)"",""SourceModuleName"":""eventlog"",""Domain"":""NT AUTHORITY"",""Message"":""Registry value set:\r\nRuleName: -\r\nEventType: SetValue\r\nUtcTime: 2022-04-15 12:06:07.810\r\nProcessGuid: {2d351099-5cae-5f5f-3204-000000000400}\r\nProcessId: 2116\r\nImage: C:\\windows\\system32\\svchost.exe\r\nTargetObject: HKLM\\SOFTWARE\\Microsoft\\Windows\\CurrentVersion\\Group Policy\\Status\\GPExtensions\\{827D319E-6EAC-11D2-A4EA-00C04F79F83A}\\RsopStatus\r\nDetails: DWORD (0x00000000)"",""port"":60427,""UserID"":""S-1-5-18"",""UtcTime"":""2022-04-15 12:06:07.810"",""timestamp"":""2022-04-15T12:06:12.773Z"",""ThreadID"":4688,""Severity"":""INFO"",""EventTypeOrignal"":""INFO"",""EventType"":""SetValue"",""Channel"":""Microsoft-Windows-Sysmon/Operational"",""TargetObject"":""HKLM\\SOFTWARE\\Microsoft\\Windows\\CurrentVersion\\Group Policy\\Status\\GPExtensions\\{827D319E-6EAC-11D2-A4EA-00C04F79F83A}\\RsopStatus"",""Details"":""DWORD (0x00000000)"",""Opcode"":""Info"",""EventReceivedTime"":""2022-04-15 08:06:12"",""@version"":""1"",""Task"":13,""SourceModuleType"":""im_msvistalog"",""RuleName"":""-"",""Hostname"":""James.browne"",""Keywords"":-9223372036854775808,""Version"":2,""ProcessGuid"":""{2d351099-5cae-5f5f-3204-000000000400}""}",2022-04-15T08:06:07.000+0000,8,15,6,april,7,friday,2022,local,,SetValue,cybertees.net,cyber-host,windowslogs,1,60427,"{"""":"":\\\\\\."","""":"""","""":,"""":[""""],"""":,"""":""{----}"",""",Event_logs.json,_json,ip-10-10-40-195,,splunk,,2022-04-15T12:06:12.773Z,
1,,,,,,,\device\harddiskvolume2\windows\system32\lsass.exe,,,,Filtering Platform Connection,Security,,,,,,,,,,,,,,,,,,,,,,,5154,,2022-04-15 8:06:12,2022-04-15 8:06:08,,4,,0,,,,,James.browne,,,,,,,,,,-9214364837600034816,%%14609,42,,,,,,,"The Windows Filtering Platform has permitted an application or service to listen on a port for incoming connections.

Application Information:
	Process ID:		740
	Application Name:	\device\harddiskvolume2\windows\system32\lsass.exe

Network Information:
	Source Address:		::
	Source Port:		49674
	Protocol:		6

Filter Information:
	Filter Run-Time ID:	0
	Layer Name:		Listen
	Layer Run-Time ID:	42",,,,,,,,Info,0,,,,,,,,,,,740,,,6,{54849625-5478-4994-A5BA-3E3B0328C30D},,,,74761,,,,,,,,,INFO,2,,,,,,::,,,,,,eventlog,im_msvistalog,Microsoft-Windows-Security-Auditing,49674,,,,,,,,,,,,,,,,,,,,,,,12810,,,,1020,,,,,,,0,,,"{""ProcessId"":""740"",""tags"":[""splunk""],""EventID"":5154,""RecordNumber"":74761,""ProviderGuid"":""{54849625-5478-4994-A5BA-3E3B0328C30D}"",""SourceName"":""Microsoft-Windows-Security-Auditing"",""OpcodeValue"":0,""EventTime"":""2022-04-15 08:06:08"",""FilterRTID"":""0"",""host"":""cybertees.net"",""SeverityValue"":2,""ExecutionProcessID"":4,""Category"":""Filtering Platform Connection"",""SourceModuleName"":""eventlog"",""Message"":""The Windows Filtering Platform has permitted an application or service to listen on a port for incoming connections.\r\n\r\nApplication Information:\r\n\tProcess ID:\t\t740\r\n\tApplication Name:\t\\device\\harddiskvolume2\\windows\\system32\\lsass.exe\r\n\r\nNetwork Information:\r\n\tSource Address:\t\t::\r\n\tSource Port:\t\t49674\r\n\tProtocol:\t\t6\r\n\r\nFilter Information:\r\n\tFilter Run-Time ID:\t0\r\n\tLayer Name:\t\tListen\r\n\tLayer Run-Time ID:\t42"",""port"":60427,""Protocol"":""6"",""timestamp"":""2022-04-15T12:06:12.772Z"",""ThreadID"":1020,""Severity"":""INFO"",""EventType"":""AUDIT_SUCCESS"",""Channel"":""Security"",""SourceAddress"":""::"",""Opcode"":""Info"",""EventReceivedTime"":""2022-04-15 08:06:12"",""@version"":""1"",""Task"":12810,""SourceModuleType"":""im_msvistalog"",""LayerName"":""%%14609"",""LayerRTID"":""42"",""Hostname"":""James.browne"",""Application"":""\\device\\harddiskvolume2\\windows\\system32\\lsass.exe"",""Keywords"":-9214364837600034816,""Version"":0,""SourcePort"":""49674""}",2022-04-15T08:06:07.000+0000,8,15,6,april,7,friday,2022,local,,AUDIT_SUCCESS,cybertees.net,cyber-host,windowslogs,1,60427,"{"""":"""","""":[""""],"""":,"""":,"""":""{----}"","""":""---"","""":,""""",Event_logs.json,_json,ip-10-10-40-195,,splunk,,2022-04-15T12:06:12.772Z,
1,,,,,,,\device\harddiskvolume2\windows\system32\lsass.exe,,,,Filtering Platform Connection,Security,,,,,,,,,,,,,,,,,,,,,,,5154,,2022-04-15 8:06:12,2022-04-15 8:06:08,,4,,0,,,,,James.browne,,,,,,,,,,-9214364837600034816,%%14609,40,,,,,,,"The Windows Filtering Platform has permitted an application or service to listen on a port for incoming connections.

Application Information:
	Process ID:		740
	Application Name:	\device\harddiskvolume2\windows\system32\lsass.exe

Network Information:
	Source Address:		0.0.0.0
	Source Port:		49664
	Protocol:		6

Filter Information:
	Filter Run-Time ID:	0
	Layer Name:		Listen
	Layer Run-Time ID:	40",,,,,,,,Info,0,,,,,,,,,,,740,,,6,{54849625-5478-4994-A5BA-3E3B0328C30D},,,,74760,,,,,,,,,INFO,2,,,,,,0.0.0.0,,,,,,eventlog,im_msvistalog,Microsoft-Windows-Security-Auditing,49664,,,,,,,,,,,,,,,,,,,,,,,12810,,,,1020,,,,,,,0,,,"{""ProcessId"":""740"",""tags"":[""splunk""],""EventID"":5154,""RecordNumber"":74760,""ProviderGuid"":""{54849625-5478-4994-A5BA-3E3B0328C30D}"",""SourceName"":""Microsoft-Windows-Security-Auditing"",""OpcodeValue"":0,""EventTime"":""2022-04-15 08:06:08"",""FilterRTID"":""0"",""host"":""cybertees.net"",""SeverityValue"":2,""ExecutionProcessID"":4,""Category"":""Filtering Platform Connection"",""SourceModuleName"":""eventlog"",""Message"":""The Windows Filtering Platform has permitted an application or service to listen on a port for incoming connections.\r\n\r\nApplication Information:\r\n\tProcess ID:\t\t740\r\n\tApplication Name:\t\\device\\harddiskvolume2\\windows\\system32\\lsass.exe\r\n\r\nNetwork Information:\r\n\tSource Address:\t\t0.0.0.0\r\n\tSource Port:\t\t49664\r\n\tProtocol:\t\t6\r\n\r\nFilter Information:\r\n\tFilter Run-Time ID:\t0\r\n\tLayer Name:\t\tListen\r\n\tLayer Run-Time ID:\t40"",""port"":60427,""Protocol"":""6"",""timestamp"":""2022-04-15T12:06:12.772Z"",""ThreadID"":1020,""Severity"":""INFO"",""EventType"":""AUDIT_SUCCESS"",""Channel"":""Security"",""SourceAddress"":""0.0.0.0"",""Opcode"":""Info"",""EventReceivedTime"":""2022-04-15 08:06:12"",""@version"":""1"",""Task"":12810,""SourceModuleType"":""im_msvistalog"",""LayerName"":""%%14609"",""LayerRTID"":""40"",""Hostname"":""James.browne"",""Application"":""\\device\\harddiskvolume2\\windows\\system32\\lsass.exe"",""Keywords"":-9214364837600034816,""Version"":0,""SourcePort"":""49664""}",2022-04-15T08:06:07.000+0000,8,15,6,april,7,friday,2022,local,,AUDIT_SUCCESS,cybertees.net,cyber-host,windowslogs,1,60427,"{"""":"""","""":[""""],"""":,"""":,"""":""{----}"","""":""---"","""":,""""",Event_logs.json,_json,ip-10-10-40-195,,splunk,,2022-04-15T12:06:12.772Z,
1,,,,SYSTEM,User,,,,,,Registry value set (rule: RegistryEvent),Microsoft-Windows-Sysmon/Operational,,,,,,,,,,,,,,DWORD (0x00000000),,,,NT AUTHORITY,,,,,13,,2022-04-15 8:06:12,2022-04-15 8:06:07,INFO,3524,,,,,,,James.browne,C:\windows\system32\svchost.exe,,,,,,,,,-9223372036854775808,,,,,,,,,"Registry value set:
RuleName: -
EventType: SetValue
UtcTime: 2022-04-15 12:06:07.810
ProcessGuid: {2d351099-5cae-5f5f-3204-000000000400}
ProcessId: 2116
Image: C:\windows\system32\svchost.exe
TargetObject: HKLM\SOFTWARE\Microsoft\Windows\CurrentVersion\Group Policy\Status\GPExtensions\{827D319E-6EAC-11D2-A4EA-00C04F79F83A}\Status
Details: DWORD (0x00000000)",,,,,,,,Info,0,,,,,,,,,,{2d351099-5cae-5f5f-3204-000000000400},2116,,,,{5770385F-C22A-43E0-BF4C-06F5698FFBD9},,,,423855,,,,,,,-,,INFO,2,,,,,,,,,,,,eventlog,im_msvistalog,Microsoft-Windows-Sysmon,,,,,,,,,,,,,,,,,HKLM\SOFTWARE\Microsoft\Windows\CurrentVersion\Group Policy\Status\GPExtensions\{827D319E-6EAC-11D2-A4EA-00C04F79F83A}\Status,,,,,,,13,,,,4688,,,,,S-1-5-18,2022-04-15 12:06:08,2,,,"{""Image"":""C:\\windows\\system32\\svchost.exe"",""ProcessId"":""2116"",""EventID"":13,""tags"":[""splunk""],""RecordNumber"":423855,""ProviderGuid"":""{5770385F-C22A-43E0-BF4C-06F5698FFBD9}"",""SourceName"":""Microsoft-Windows-Sysmon"",""OpcodeValue"":0,""EventTime"":""2022-04-15 08:06:07"",""AccountName"":""SYSTEM"",""host"":""cybertees.net"",""SeverityValue"":2,""ExecutionProcessID"":3524,""AccountType"":""User"",""Category"":""Registry value set (rule: RegistryEvent)"",""SourceModuleName"":""eventlog"",""Domain"":""NT AUTHORITY"",""Message"":""Registry value set:\r\nRuleName: -\r\nEventType: SetValue\r\nUtcTime: 2022-04-15 12:06:07.810\r\nProcessGuid: {2d351099-5cae-5f5f-3204-000000000400}\r\nProcessId: 2116\r\nImage: C:\\windows\\system32\\svchost.exe\r\nTargetObject: HKLM\\SOFTWARE\\Microsoft\\Windows\\CurrentVersion\\Group Policy\\Status\\GPExtensions\\{827D319E-6EAC-11D2-A4EA-00C04F79F83A}\\Status\r\nDetails: DWORD (0x00000000)"",""port"":60427,""UserID"":""S-1-5-18"",""UtcTime"":""2022-04-15 12:06:07.810"",""timestamp"":""2022-04-15T12:06:12.772Z"",""ThreadID"":4688,""Severity"":""INFO"",""EventTypeOrignal"":""INFO"",""EventType"":""SetValue"",""Channel"":""Microsoft-Windows-Sysmon/Operational"",""TargetObject"":""HKLM\\SOFTWARE\\Microsoft\\Windows\\CurrentVersion\\Group Policy\\Status\\GPExtensions\\{827D319E-6EAC-11D2-A4EA-00C04F79F83A}\\Status"",""Details"":""DWORD (0x00000000)"",""Opcode"":""Info"",""EventReceivedTime"":""2022-04-15 08:06:12"",""@version"":""1"",""Task"":13,""SourceModuleType"":""im_msvistalog"",""RuleName"":""-"",""Hostname"":""James.browne"",""Keywords"":-9223372036854775808,""Version"":2,""ProcessGuid"":""{2d351099-5cae-5f5f-3204-000000000400}""}",2022-04-15T08:06:07.000+0000,8,15,6,april,7,friday,2022,local,,SetValue,cybertees.net,cyber-host,windowslogs,1,60427,"{"""":"":\\\\\\."","""":"""","""":,"""":[""""],"""":,"""":""{----}"",""",Event_logs.json,_json,ip-10-10-40-195,,splunk,,2022-04-15T12:06:12.772Z,
1,,,,,,,System,,,,Filtering Platform Connection,Security,,,,,,,,,,,,,,,,,,,,,,,5154,,2022-04-15 8:06:12,2022-04-15 8:06:08,,4,,0,,,,,James.browne,,,,,,,,,,-9214364837600034816,%%14609,42,,,,,,,"The Windows Filtering Platform has permitted an application or service to listen on a port for incoming connections.

Application Information:
	Process ID:		4
	Application Name:	System

Network Information:
	Source Address:		::
	Source Port:		47001
	Protocol:		6

Filter Information:
	Filter Run-Time ID:	0
	Layer Name:		Listen
	Layer Run-Time ID:	42",,,,,,,,Info,0,,,,,,,,,,,4,,,6,{54849625-5478-4994-A5BA-3E3B0328C30D},,,,74759,,,,,,,,,INFO,2,,,,,,::,,,,,,eventlog,im_msvistalog,Microsoft-Windows-Security-Auditing,47001,,,,,,,,,,,,,,,,,,,,,,,12810,,,,1020,,,,,,,0,,,"{""ProcessId"":""4"",""tags"":[""splunk""],""EventID"":5154,""RecordNumber"":74759,""ProviderGuid"":""{54849625-5478-4994-A5BA-3E3B0328C30D}"",""SourceName"":""Microsoft-Windows-Security-Auditing"",""OpcodeValue"":0,""EventTime"":""2022-04-15 08:06:08"",""FilterRTID"":""0"",""host"":""cybertees.net"",""SeverityValue"":2,""ExecutionProcessID"":4,""Category"":""Filtering Platform Connection"",""SourceModuleName"":""eventlog"",""Message"":""The Windows Filtering Platform has permitted an application or service to listen on a port for incoming connections.\r\n\r\nApplication Information:\r\n\tProcess ID:\t\t4\r\n\tApplication Name:\tSystem\r\n\r\nNetwork Information:\r\n\tSource Address:\t\t::\r\n\tSource Port:\t\t47001\r\n\tProtocol:\t\t6\r\n\r\nFilter Information:\r\n\tFilter Run-Time ID:\t0\r\n\tLayer Name:\t\tListen\r\n\tLayer Run-Time ID:\t42"",""port"":60427,""Protocol"":""6"",""timestamp"":""2022-04-15T12:06:12.771Z"",""ThreadID"":1020,""Severity"":""INFO"",""EventType"":""AUDIT_SUCCESS"",""Channel"":""Security"",""SourceAddress"":""::"",""Opcode"":""Info"",""EventReceivedTime"":""2022-04-15 08:06:12"",""@version"":""1"",""Task"":12810,""SourceModuleType"":""im_msvistalog"",""LayerName"":""%%14609"",""LayerRTID"":""42"",""Hostname"":""James.browne"",""Application"":""System"",""Keywords"":-9214364837600034816,""Version"":0,""SourcePort"":""47001""}",2022-04-15T08:06:07.000+0000,8,15,6,april,7,friday,2022,local,,AUDIT_SUCCESS,cybertees.net,cyber-host,windowslogs,1,60427,"{"""":"""","""":[""""],"""":,"""":,"""":""{----}"","""":""---"","""":,""""",Event_logs.json,_json,ip-10-10-40-195,,splunk,,2022-04-15T12:06:12.771Z,
1,,,,SYSTEM,User,,,,,,Registry object added or deleted (rule: RegistryEvent),Microsoft-Windows-Sysmon/Operational,,,,,,,,,,,,,,,,,,NT AUTHORITY,,,,,12,,2022-04-15 8:06:12,2022-04-15 8:06:07,INFO,3524,,,,,,,James.browne,C:\windows\system32\svchost.exe,,,,,,,,,-9223372036854775808,,,,,,,,,"Registry object added or deleted:
RuleName: -
EventType: CreateKey
UtcTime: 2022-04-15 12:06:07.810
ProcessGuid: {2d351099-5cae-5f5f-3204-000000000400}
ProcessId: 2116
Image: C:\windows\system32\svchost.exe
TargetObject: HKLM\SOFTWARE\Microsoft\Windows\CurrentVersion\Group Policy\Status\GPExtensions\{827D319E-6EAC-11D2-A4EA-00C04F79F83A}",,,,,,,,Info,0,,,,,,,,,,{2d351099-5cae-5f5f-3204-000000000400},2116,,,,{5770385F-C22A-43E0-BF4C-06F5698FFBD9},,,,423854,,,,,,,-,,INFO,2,,,,,,,,,,,,eventlog,im_msvistalog,Microsoft-Windows-Sysmon,,,,,,,,,,,,,,,,,HKLM\SOFTWARE\Microsoft\Windows\CurrentVersion\Group Policy\Status\GPExtensions\{827D319E-6EAC-11D2-A4EA-00C04F79F83A},,,,,,,12,,,,4688,,,,,S-1-5-18,2022-04-15 12:06:08,2,,,"{""Image"":""C:\\windows\\system32\\svchost.exe"",""ProcessId"":""2116"",""EventID"":12,""tags"":[""splunk""],""RecordNumber"":423854,""ProviderGuid"":""{5770385F-C22A-43E0-BF4C-06F5698FFBD9}"",""SourceName"":""Microsoft-Windows-Sysmon"",""OpcodeValue"":0,""EventTime"":""2022-04-15 08:06:07"",""AccountName"":""SYSTEM"",""host"":""cybertees.net"",""SeverityValue"":2,""ExecutionProcessID"":3524,""AccountType"":""User"",""Category"":""Registry object added or deleted (rule: RegistryEvent)"",""SourceModuleName"":""eventlog"",""Domain"":""NT AUTHORITY"",""Message"":""Registry object added or deleted:\r\nRuleName: -\r\nEventType: CreateKey\r\nUtcTime: 2022-04-15 12:06:07.810\r\nProcessGuid: {2d351099-5cae-5f5f-3204-000000000400}\r\nProcessId: 2116\r\nImage: C:\\windows\\system32\\svchost.exe\r\nTargetObject: HKLM\\SOFTWARE\\Microsoft\\Windows\\CurrentVersion\\Group Policy\\Status\\GPExtensions\\{827D319E-6EAC-11D2-A4EA-00C04F79F83A}"",""port"":60427,""UserID"":""S-1-5-18"",""UtcTime"":""2022-04-15 12:06:07.810"",""timestamp"":""2022-04-15T12:06:12.771Z"",""ThreadID"":4688,""Severity"":""INFO"",""EventTypeOrignal"":""INFO"",""EventType"":""CreateKey"",""Channel"":""Microsoft-Windows-Sysmon/Operational"",""TargetObject"":""HKLM\\SOFTWARE\\Microsoft\\Windows\\CurrentVersion\\Group Policy\\Status\\GPExtensions\\{827D319E-6EAC-11D2-A4EA-00C04F79F83A}"",""Opcode"":""Info"",""EventReceivedTime"":""2022-04-15 08:06:12"",""@version"":""1"",""Task"":12,""SourceModuleType"":""im_msvistalog"",""RuleName"":""-"",""Hostname"":""James.browne"",""Keywords"":-9223372036854775808,""Version"":2,""ProcessGuid"":""{2d351099-5cae-5f5f-3204-000000000400}""}",2022-04-15T08:06:07.000+0000,8,15,6,april,7,friday,2022,local,,CreateKey,cybertees.net,cyber-host,windowslogs,1,60427,"{"""":"":\\\\\\."","""":"""","""":,"""":[""""],"""":,"""":""{----}"",""",Event_logs.json,_json,ip-10-10-40-195,,splunk,,2022-04-15T12:06:12.771Z,
1,,,,SYSTEM,User,,,,,,Registry value set (rule: RegistryEvent),Microsoft-Windows-Sysmon/Operational,,,,,,,,,,,,,,DWORD (0x00000000),,,,NT AUTHORITY,,,,,13,,2022-04-15 8:06:12,2022-04-15 8:06:07,INFO,3524,,,,,,,James.browne,C:\windows\system32\svchost.exe,,,,,,,,,-9223372036854775808,,,,,,,,,"Registry value set:
RuleName: -
EventType: SetValue
UtcTime: 2022-04-15 12:06:07.810
ProcessGuid: {2d351099-5cae-5f5f-3204-000000000400}
ProcessId: 2116
Image: C:\windows\system32\svchost.exe
TargetObject: HKLM\SOFTWARE\Microsoft\Windows\CurrentVersion\Group Policy\History\{827D319E-6EAC-11D2-A4EA-00C04F79F83A}\0\lParam
Details: DWORD (0x00000000)",,,,,,,,Info,0,,,,,,,,,,{2d351099-5cae-5f5f-3204-000000000400},2116,,,,{5770385F-C22A-43E0-BF4C-06F5698FFBD9},,,,423853,,,,,,,-,,INFO,2,,,,,,,,,,,,eventlog,im_msvistalog,Microsoft-Windows-Sysmon,,,,,,,,,,,,,,,,,HKLM\SOFTWARE\Microsoft\Windows\CurrentVersion\Group Policy\History\{827D319E-6EAC-11D2-A4EA-00C04F79F83A}\0\lParam,,,,,,,13,,,,4688,,,,,S-1-5-18,2022-04-15 12:06:08,2,,,"{""Image"":""C:\\windows\\system32\\svchost.exe"",""ProcessId"":""2116"",""EventID"":13,""tags"":[""splunk""],""RecordNumber"":423853,""ProviderGuid"":""{5770385F-C22A-43E0-BF4C-06F5698FFBD9}"",""SourceName"":""Microsoft-Windows-Sysmon"",""OpcodeValue"":0,""EventTime"":""2022-04-15 08:06:07"",""AccountName"":""SYSTEM"",""host"":""cybertees.net"",""SeverityValue"":2,""ExecutionProcessID"":3524,""AccountType"":""User"",""Category"":""Registry value set (rule: RegistryEvent)"",""SourceModuleName"":""eventlog"",""Domain"":""NT AUTHORITY"",""Message"":""Registry value set:\r\nRuleName: -\r\nEventType: SetValue\r\nUtcTime: 2022-04-15 12:06:07.810\r\nProcessGuid: {2d351099-5cae-5f5f-3204-000000000400}\r\nProcessId: 2116\r\nImage: C:\\windows\\system32\\svchost.exe\r\nTargetObject: HKLM\\SOFTWARE\\Microsoft\\Windows\\CurrentVersion\\Group Policy\\History\\{827D319E-6EAC-11D2-A4EA-00C04F79F83A}\\0\\lParam\r\nDetails: DWORD (0x00000000)"",""port"":60427,""UserID"":""S-1-5-18"",""UtcTime"":""2022-04-15 12:06:07.810"",""timestamp"":""2022-04-15T12:06:12.770Z"",""ThreadID"":4688,""Severity"":""INFO"",""EventTypeOrignal"":""INFO"",""EventType"":""SetValue"",""Channel"":""Microsoft-Windows-Sysmon/Operational"",""TargetObject"":""HKLM\\SOFTWARE\\Microsoft\\Windows\\CurrentVersion\\Group Policy\\History\\{827D319E-6EAC-11D2-A4EA-00C04F79F83A}\\0\\lParam"",""Details"":""DWORD (0x00000000)"",""Opcode"":""Info"",""EventReceivedTime"":""2022-04-15 08:06:12"",""@version"":""1"",""Task"":13,""SourceModuleType"":""im_msvistalog"",""RuleName"":""-"",""Hostname"":""James.browne"",""Keywords"":-9223372036854775808,""Version"":2,""ProcessGuid"":""{2d351099-5cae-5f5f-3204-000000000400}""}",2022-04-15T08:06:07.000+0000,8,15,6,april,7,friday,2022,local,,SetValue,cybertees.net,cyber-host,windowslogs,1,60427,"{"""":"":\\\\\\."","""":"""","""":,"""":[""""],"""":,"""":""{----}"",""",Event_logs.json,_json,ip-10-10-40-195,,splunk,,2022-04-15T12:06:12.770Z,
1,,,,,,,\device\harddiskvolume2\windows\system32\svchost.exe,,,,Filtering Platform Connection,Security,,,,,,,,,,,,,,,,,,,,,,,5154,,2022-04-15 8:06:12,2022-04-15 8:06:08,,4,,70224,,,,,James.browne,,,,,,,,,,-9214364837600034816,%%14609,42,,,,,,,"The Windows Filtering Platform has permitted an application or service to listen on a port for incoming connections.

Application Information:
	Process ID:		8632
	Application Name:	\device\harddiskvolume2\windows\system32\svchost.exe

Network Information:
	Source Address:		::
	Source Port:		7680
	Protocol:		6

Filter Information:
	Filter Run-Time ID:	70224
	Layer Name:		Listen
	Layer Run-Time ID:	42",,,,,,,,Info,0,,,,,,,,,,,8632,,,6,{54849625-5478-4994-A5BA-3E3B0328C30D},,,,74758,,,,,,,,,INFO,2,,,,,,::,,,,,,eventlog,im_msvistalog,Microsoft-Windows-Security-Auditing,7680,,,,,,,,,,,,,,,,,,,,,,,12810,,,,1020,,,,,,,0,,,"{""ProcessId"":""8632"",""tags"":[""splunk""],""EventID"":5154,""RecordNumber"":74758,""ProviderGuid"":""{54849625-5478-4994-A5BA-3E3B0328C30D}"",""SourceName"":""Microsoft-Windows-Security-Auditing"",""OpcodeValue"":0,""EventTime"":""2022-04-15 08:06:08"",""FilterRTID"":""70224"",""host"":""cybertees.net"",""SeverityValue"":2,""ExecutionProcessID"":4,""Category"":""Filtering Platform Connection"",""SourceModuleName"":""eventlog"",""Message"":""The Windows Filtering Platform has permitted an application or service to listen on a port for incoming connections.\r\n\r\nApplication Information:\r\n\tProcess ID:\t\t8632\r\n\tApplication Name:\t\\device\\harddiskvolume2\\windows\\system32\\svchost.exe\r\n\r\nNetwork Information:\r\n\tSource Address:\t\t::\r\n\tSource Port:\t\t7680\r\n\tProtocol:\t\t6\r\n\r\nFilter Information:\r\n\tFilter Run-Time ID:\t70224\r\n\tLayer Name:\t\tListen\r\n\tLayer Run-Time ID:\t42"",""port"":60427,""Protocol"":""6"",""timestamp"":""2022-04-15T12:06:12.770Z"",""ThreadID"":1020,""Severity"":""INFO"",""EventType"":""AUDIT_SUCCESS"",""Channel"":""Security"",""SourceAddress"":""::"",""Opcode"":""Info"",""EventReceivedTime"":""2022-04-15 08:06:12"",""@version"":""1"",""Task"":12810,""SourceModuleType"":""im_msvistalog"",""LayerName"":""%%14609"",""LayerRTID"":""42"",""Hostname"":""James.browne"",""Application"":""\\device\\harddiskvolume2\\windows\\system32\\svchost.exe"",""Keywords"":-9214364837600034816,""Version"":0,""SourcePort"":""7680""}",2022-04-15T08:06:07.000+0000,8,15,6,april,7,friday,2022,local,,AUDIT_SUCCESS,cybertees.net,cyber-host,windowslogs,1,60427,"{"""":"""","""":[""""],"""":,"""":,"""":""{----}"","""":""---"","""":,""""",Event_logs.json,_json,ip-10-10-40-195,,splunk,,2022-04-15T12:06:12.770Z,
1,,,,SYSTEM,User,,,,,,Image loaded (rule: ImageLoad),Microsoft-Windows-Sysmon/Operational,,Microsoft Corporation,,,,Authorization Framework,,,,,,,,,,,,NT AUTHORITY,,,,,7,,2022-04-15 8:06:12,2022-04-15 8:06:07,,3524,10.0.18362.1 (WinBuild.160101.0800),,,,,"SHA1=A9D0855857DD0A946BC2B5982353574776EC957A,MD5=984173FF935793794A817ABA374B8B1B,SHA256=AA6F5C2741E76F614932188DDF88320417B40C8DDACF2B044F52D7759FD612FD,IMPHASH=2B609AAA2143BB40347912D3E7AC6AB0",James.browne,C:\Windows\System32\svchost.exe,C:\Windows\System32\authz.dll,,,,,,,,-9223372036854775808,,,,,,,,,"Image loaded:
RuleName: -
UtcTime: 2022-04-15 12:06:07.794
ProcessGuid: {2d351099-5cae-5f5f-3204-000000000400}
ProcessId: 2116
Image: C:\Windows\System32\svchost.exe
ImageLoaded: C:\Windows\System32\authz.dll
FileVersion: 10.0.18362.1 (WinBuild.160101.0800)
Description: Authorization Framework
Product: Microsoft® Windows® Operating System
Company: Microsoft Corporation
OriginalFileName: authz.dll
Hashes: SHA1=A9D0855857DD0A946BC2B5982353574776EC957A,MD5=984173FF935793794A817ABA374B8B1B,SHA256=AA6F5C2741E76F614932188DDF88320417B40C8DDACF2B044F52D7759FD612FD,IMPHASH=2B609AAA2143BB40347912D3E7AC6AB0
Signed: true
Signature: Microsoft Windows
SignatureStatus: Valid",,,,,,,,Info,0,authz.dll,,,,,,,,,{2d351099-5cae-5f5f-3204-000000000400},2116,,Microsoft® Windows® Operating System,,{5770385F-C22A-43E0-BF4C-06F5698FFBD9},,,,423852,,,,,,,-,,INFO,2,,,Microsoft Windows,Valid,TRUE,,,,,,,eventlog,im_msvistalog,Microsoft-Windows-Sysmon,,,,,,,,,,,,,,,,,,,,,,,,7,,,,4700,,,,,S-1-5-18,2022-04-15 12:06:08,3,,,"{""EventID"":7,""RecordNumber"":423852,""ProviderGuid"":""{5770385F-C22A-43E0-BF4C-06F5698FFBD9}"",""SourceName"":""Microsoft-Windows-Sysmon"",""OpcodeValue"":0,""AccountName"":""SYSTEM"",""SignatureStatus"":""Valid"",""SourceModuleName"":""eventlog"",""ExecutionProcessID"":3524,""AccountType"":""User"",""Category"":""Image loaded (rule: ImageLoad)"",""Domain"":""NT AUTHORITY"",""port"":60427,""Company"":""Microsoft Corporation"",""ThreadID"":4700,""Severity"":""INFO"",""EventType"":""INFO"",""Signed"":""true"",""Channel"":""Microsoft-Windows-Sysmon/Operational"",""Opcode"":""Info"",""EventReceivedTime"":""2022-04-15 08:06:12"",""ImageLoaded"":""C:\\Windows\\System32\\authz.dll"",""Task"":7,""RuleName"":""-"",""Keywords"":-9223372036854775808,""Version"":3,""ProcessId"":""2116"",""Image"":""C:\\Windows\\System32\\svchost.exe"",""Product"":""Microsoft® Windows® Operating System"",""tags"":[""splunk""],""EventTime"":""2022-04-15 08:06:07"",""host"":""cybertees.net"",""SeverityValue"":2,""Message"":""Image loaded:\r\nRuleName: -\r\nUtcTime: 2022-04-15 12:06:07.794\r\nProcessGuid: {2d351099-5cae-5f5f-3204-000000000400}\r\nProcessId: 2116\r\nImage: C:\\Windows\\System32\\svchost.exe\r\nImageLoaded: C:\\Windows\\System32\\authz.dll\r\nFileVersion: 10.0.18362.1 (WinBuild.160101.0800)\r\nDescription: Authorization Framework\r\nProduct: Microsoft® Windows® Operating System\r\nCompany: Microsoft Corporation\r\nOriginalFileName: authz.dll\r\nHashes: SHA1=A9D0855857DD0A946BC2B5982353574776EC957A,MD5=984173FF935793794A817ABA374B8B1B,SHA256=AA6F5C2741E76F614932188DDF88320417B40C8DDACF2B044F52D7759FD612FD,IMPHASH=2B609AAA2143BB40347912D3E7AC6AB0\r\nSigned: true\r\nSignature: Microsoft Windows\r\nSignatureStatus: Valid"",""UtcTime"":""2022-04-15 12:06:07.794"",""UserID"":""S-1-5-18"",""FileVersion"":""10.0.18362.1 (WinBuild.160101.0800)"",""Description"":""Authorization Framework"",""OriginalFileName"":""authz.dll"",""timestamp"":""2022-04-15T12:06:12.769Z"",""Hashes"":""SHA1=A9D0855857DD0A946BC2B5982353574776EC957A,MD5=984173FF935793794A817ABA374B8B1B,SHA256=AA6F5C2741E76F614932188DDF88320417B40C8DDACF2B044F52D7759FD612FD,IMPHASH=2B609AAA2143BB40347912D3E7AC6AB0"",""Signature"":""Microsoft Windows"",""@version"":""1"",""SourceModuleType"":""im_msvistalog"",""Hostname"":""James.browne"",""ProcessGuid"":""{2d351099-5cae-5f5f-3204-000000000400}""}",2022-04-15T08:06:07.000+0000,8,15,6,april,7,friday,2022,local,,INFO,cybertees.net,cyber-host,windowslogs,1,60427,"{"""":,"""":,"""":""{----}"","""":""--"","""":,"""":"""","""":"""","""":""""",Event_logs.json,_json,ip-10-10-40-195,,splunk,,2022-04-15T12:06:12.769Z,
1,,,,,,,\device\harddiskvolume2\windows\system32\svchost.exe,,,,Filtering Platform Connection,Security,,,,,,,,,,,,,,,,,,,,,,,5154,,2022-04-15 8:06:12,2022-04-15 8:06:08,,4,,70490,,,,,James.browne,,,,,,,,,,-9214364837600034816,%%14609,42,,,,,,,"The Windows Filtering Platform has permitted an application or service to listen on a port for incoming connections.

Application Information:
	Process ID:		1044
	Application Name:	\device\harddiskvolume2\windows\system32\svchost.exe

Network Information:
	Source Address:		::
	Source Port:		3389
	Protocol:		6

Filter Information:
	Filter Run-Time ID:	70490
	Layer Name:		Listen
	Layer Run-Time ID:	42",,,,,,,,Info,0,,,,,,,,,,,1044,,,6,{54849625-5478-4994-A5BA-3E3B0328C30D},,,,74757,,,,,,,,,INFO,2,,,,,,::,,,,,,eventlog,im_msvistalog,Microsoft-Windows-Security-Auditing,3389,,,,,,,,,,,,,,,,,,,,,,,12810,,,,1020,,,,,,,0,,,"{""ProcessId"":""1044"",""tags"":[""splunk""],""EventID"":5154,""RecordNumber"":74757,""ProviderGuid"":""{54849625-5478-4994-A5BA-3E3B0328C30D}"",""SourceName"":""Microsoft-Windows-Security-Auditing"",""OpcodeValue"":0,""EventTime"":""2022-04-15 08:06:08"",""FilterRTID"":""70490"",""host"":""cybertees.net"",""SeverityValue"":2,""ExecutionProcessID"":4,""Category"":""Filtering Platform Connection"",""SourceModuleName"":""eventlog"",""Message"":""The Windows Filtering Platform has permitted an application or service to listen on a port for incoming connections.\r\n\r\nApplication Information:\r\n\tProcess ID:\t\t1044\r\n\tApplication Name:\t\\device\\harddiskvolume2\\windows\\system32\\svchost.exe\r\n\r\nNetwork Information:\r\n\tSource Address:\t\t::\r\n\tSource Port:\t\t3389\r\n\tProtocol:\t\t6\r\n\r\nFilter Information:\r\n\tFilter Run-Time ID:\t70490\r\n\tLayer Name:\t\tListen\r\n\tLayer Run-Time ID:\t42"",""port"":60427,""Protocol"":""6"",""timestamp"":""2022-04-15T12:06:12.769Z"",""ThreadID"":1020,""Severity"":""INFO"",""EventType"":""AUDIT_SUCCESS"",""Channel"":""Security"",""SourceAddress"":""::"",""Opcode"":""Info"",""EventReceivedTime"":""2022-04-15 08:06:12"",""@version"":""1"",""Task"":12810,""SourceModuleType"":""im_msvistalog"",""LayerName"":""%%14609"",""LayerRTID"":""42"",""Hostname"":""James.browne"",""Application"":""\\device\\harddiskvolume2\\windows\\system32\\svchost.exe"",""Keywords"":-9214364837600034816,""Version"":0,""SourcePort"":""3389""}",2022-04-15T08:06:07.000+0000,8,15,6,april,7,friday,2022,local,,AUDIT_SUCCESS,cybertees.net,cyber-host,windowslogs,1,60427,"{"""":"""","""":[""""],"""":,"""":,"""":""{----}"","""":""---"","""":,""""",Event_logs.json,_json,ip-10-10-40-195,,splunk,,2022-04-15T12:06:12.769Z,
1,,,,SYSTEM,User,,,,,,Registry value set (rule: RegistryEvent),Microsoft-Windows-Sysmon/Operational,,,,,,,,,,,,,,DWORD (0x00000003),,,,NT AUTHORITY,,,,,13,,2022-04-15 8:06:12,2022-04-15 8:06:07,INFO,3524,,,,,,,James.browne,C:\windows\system32\svchost.exe,,,,,,,,,-9223372036854775808,,,,,,,,,"Registry value set:
RuleName: -
EventType: SetValue
UtcTime: 2022-04-15 12:06:07.810
ProcessGuid: {2d351099-5cae-5f5f-3204-000000000400}
ProcessId: 2116
Image: C:\windows\system32\svchost.exe
TargetObject: HKLM\SOFTWARE\Microsoft\Windows\CurrentVersion\Group Policy\History\{827D319E-6EAC-11D2-A4EA-00C04F79F83A}\0\GPOLink
Details: DWORD (0x00000003)",,,,,,,,Info,0,,,,,,,,,,{2d351099-5cae-5f5f-3204-000000000400},2116,,,,{5770385F-C22A-43E0-BF4C-06F5698FFBD9},,,,423851,,,,,,,-,,INFO,2,,,,,,,,,,,,eventlog,im_msvistalog,Microsoft-Windows-Sysmon,,,,,,,,,,,,,,,,,HKLM\SOFTWARE\Microsoft\Windows\CurrentVersion\Group Policy\History\{827D319E-6EAC-11D2-A4EA-00C04F79F83A}\0\GPOLink,,,,,,,13,,,,4688,,,,,S-1-5-18,2022-04-15 12:06:08,2,,,"{""Image"":""C:\\windows\\system32\\svchost.exe"",""ProcessId"":""2116"",""EventID"":13,""tags"":[""splunk""],""RecordNumber"":423851,""ProviderGuid"":""{5770385F-C22A-43E0-BF4C-06F5698FFBD9}"",""SourceName"":""Microsoft-Windows-Sysmon"",""OpcodeValue"":0,""EventTime"":""2022-04-15 08:06:07"",""AccountName"":""SYSTEM"",""host"":""cybertees.net"",""SeverityValue"":2,""ExecutionProcessID"":3524,""AccountType"":""User"",""Category"":""Registry value set (rule: RegistryEvent)"",""SourceModuleName"":""eventlog"",""Domain"":""NT AUTHORITY"",""Message"":""Registry value set:\r\nRuleName: -\r\nEventType: SetValue\r\nUtcTime: 2022-04-15 12:06:07.810\r\nProcessGuid: {2d351099-5cae-5f5f-3204-000000000400}\r\nProcessId: 2116\r\nImage: C:\\windows\\system32\\svchost.exe\r\nTargetObject: HKLM\\SOFTWARE\\Microsoft\\Windows\\CurrentVersion\\Group Policy\\History\\{827D319E-6EAC-11D2-A4EA-00C04F79F83A}\\0\\GPOLink\r\nDetails: DWORD (0x00000003)"",""port"":60427,""UserID"":""S-1-5-18"",""UtcTime"":""2022-04-15 12:06:07.810"",""timestamp"":""2022-04-15T12:06:12.768Z"",""ThreadID"":4688,""Severity"":""INFO"",""EventTypeOrignal"":""INFO"",""EventType"":""SetValue"",""Channel"":""Microsoft-Windows-Sysmon/Operational"",""TargetObject"":""HKLM\\SOFTWARE\\Microsoft\\Windows\\CurrentVersion\\Group Policy\\History\\{827D319E-6EAC-11D2-A4EA-00C04F79F83A}\\0\\GPOLink"",""Details"":""DWORD (0x00000003)"",""Opcode"":""Info"",""EventReceivedTime"":""2022-04-15 08:06:12"",""@version"":""1"",""Task"":13,""SourceModuleType"":""im_msvistalog"",""RuleName"":""-"",""Hostname"":""James.browne"",""Keywords"":-9223372036854775808,""Version"":2,""ProcessGuid"":""{2d351099-5cae-5f5f-3204-000000000400}""}",2022-04-15T08:06:07.000+0000,8,15,6,april,7,friday,2022,local,,SetValue,cybertees.net,cyber-host,windowslogs,1,60427,"{"""":"":\\\\\\."","""":"""","""":,"""":[""""],"""":,"""":""{----}"",""",Event_logs.json,_json,ip-10-10-40-195,,splunk,,2022-04-15T12:06:12.768Z,
1,,,,,,,\device\harddiskvolume2\windows\system32\lsass.exe,,,,Filtering Platform Connection,Security,,,,,,,,,,,,,,,,,,,,,,,5154,,2022-04-15 8:06:12,2022-04-15 8:06:08,,4,,0,,,,,James.browne,,,,,,,,,,-9214364837600034816,%%14609,40,,,,,,,"The Windows Filtering Platform has permitted an application or service to listen on a port for incoming connections.

Application Information:
	Process ID:		740
	Application Name:	\device\harddiskvolume2\windows\system32\lsass.exe

Network Information:
	Source Address:		0.0.0.0
	Source Port:		49674
	Protocol:		6

Filter Information:
	Filter Run-Time ID:	0
	Layer Name:		Listen
	Layer Run-Time ID:	40",,,,,,,,Info,0,,,,,,,,,,,740,,,6,{54849625-5478-4994-A5BA-3E3B0328C30D},,,,74756,,,,,,,,,INFO,2,,,,,,0.0.0.0,,,,,,eventlog,im_msvistalog,Microsoft-Windows-Security-Auditing,49674,,,,,,,,,,,,,,,,,,,,,,,12810,,,,1020,,,,,,,0,,,"{""ProcessId"":""740"",""tags"":[""splunk""],""EventID"":5154,""RecordNumber"":74756,""ProviderGuid"":""{54849625-5478-4994-A5BA-3E3B0328C30D}"",""SourceName"":""Microsoft-Windows-Security-Auditing"",""OpcodeValue"":0,""EventTime"":""2022-04-15 08:06:08"",""FilterRTID"":""0"",""host"":""cybertees.net"",""SeverityValue"":2,""ExecutionProcessID"":4,""Category"":""Filtering Platform Connection"",""SourceModuleName"":""eventlog"",""Message"":""The Windows Filtering Platform has permitted an application or service to listen on a port for incoming connections.\r\n\r\nApplication Information:\r\n\tProcess ID:\t\t740\r\n\tApplication Name:\t\\device\\harddiskvolume2\\windows\\system32\\lsass.exe\r\n\r\nNetwork Information:\r\n\tSource Address:\t\t0.0.0.0\r\n\tSource Port:\t\t49674\r\n\tProtocol:\t\t6\r\n\r\nFilter Information:\r\n\tFilter Run-Time ID:\t0\r\n\tLayer Name:\t\tListen\r\n\tLayer Run-Time ID:\t40"",""port"":60427,""Protocol"":""6"",""timestamp"":""2022-04-15T12:06:12.768Z"",""ThreadID"":1020,""Severity"":""INFO"",""EventType"":""AUDIT_SUCCESS"",""Channel"":""Security"",""SourceAddress"":""0.0.0.0"",""Opcode"":""Info"",""EventReceivedTime"":""2022-04-15 08:06:12"",""@version"":""1"",""Task"":12810,""SourceModuleType"":""im_msvistalog"",""LayerName"":""%%14609"",""LayerRTID"":""40"",""Hostname"":""James.browne"",""Application"":""\\device\\harddiskvolume2\\windows\\system32\\lsass.exe"",""Keywords"":-9214364837600034816,""Version"":0,""SourcePort"":""49674""}",2022-04-15T08:06:07.000+0000,8,15,6,april,7,friday,2022,local,,AUDIT_SUCCESS,cybertees.net,cyber-host,windowslogs,1,60427,"{"""":"""","""":[""""],"""":,"""":,"""":""{----}"","""":""---"","""":,""""",Event_logs.json,_json,ip-10-10-40-195,,splunk,,2022-04-15T12:06:12.768Z,
1,,,,SYSTEM,User,,,,,,Registry value set (rule: RegistryEvent),Microsoft-Windows-Sysmon/Operational,,,,,,,,,,,,,,{31B2F340-016D-11D2-945F-00C04FB984F9},,,,NT AUTHORITY,,,,,13,,2022-04-15 8:06:12,2022-04-15 8:06:07,INFO,3524,,,,,,,James.browne,C:\windows\system32\svchost.exe,,,,,,,,,-9223372036854775808,,,,,,,,,"Registry value set:
RuleName: -
EventType: SetValue
UtcTime: 2022-04-15 12:06:07.810
ProcessGuid: {2d351099-5cae-5f5f-3204-000000000400}
ProcessId: 2116
Image: C:\windows\system32\svchost.exe
TargetObject: HKLM\SOFTWARE\Microsoft\Windows\CurrentVersion\Group Policy\History\{827D319E-6EAC-11D2-A4EA-00C04F79F83A}\0\GPOName
Details: {31B2F340-016D-11D2-945F-00C04FB984F9}",,,,,,,,Info,0,,,,,,,,,,{2d351099-5cae-5f5f-3204-000000000400},2116,,,,{5770385F-C22A-43E0-BF4C-06F5698FFBD9},,,,423850,,,,,,,-,,INFO,2,,,,,,,,,,,,eventlog,im_msvistalog,Microsoft-Windows-Sysmon,,,,,,,,,,,,,,,,,HKLM\SOFTWARE\Microsoft\Windows\CurrentVersion\Group Policy\History\{827D319E-6EAC-11D2-A4EA-00C04F79F83A}\0\GPOName,,,,,,,13,,,,4688,,,,,S-1-5-18,2022-04-15 12:06:08,2,,,"{""Image"":""C:\\windows\\system32\\svchost.exe"",""ProcessId"":""2116"",""EventID"":13,""tags"":[""splunk""],""RecordNumber"":423850,""ProviderGuid"":""{5770385F-C22A-43E0-BF4C-06F5698FFBD9}"",""SourceName"":""Microsoft-Windows-Sysmon"",""OpcodeValue"":0,""EventTime"":""2022-04-15 08:06:07"",""AccountName"":""SYSTEM"",""host"":""cybertees.net"",""SeverityValue"":2,""ExecutionProcessID"":3524,""AccountType"":""User"",""Category"":""Registry value set (rule: RegistryEvent)"",""SourceModuleName"":""eventlog"",""Domain"":""NT AUTHORITY"",""Message"":""Registry value set:\r\nRuleName: -\r\nEventType: SetValue\r\nUtcTime: 2022-04-15 12:06:07.810\r\nProcessGuid: {2d351099-5cae-5f5f-3204-000000000400}\r\nProcessId: 2116\r\nImage: C:\\windows\\system32\\svchost.exe\r\nTargetObject: HKLM\\SOFTWARE\\Microsoft\\Windows\\CurrentVersion\\Group Policy\\History\\{827D319E-6EAC-11D2-A4EA-00C04F79F83A}\\0\\GPOName\r\nDetails: {31B2F340-016D-11D2-945F-00C04FB984F9}"",""port"":60427,""UserID"":""S-1-5-18"",""UtcTime"":""2022-04-15 12:06:07.810"",""timestamp"":""2022-04-15T12:06:12.768Z"",""ThreadID"":4688,""Severity"":""INFO"",""EventTypeOrignal"":""INFO"",""EventType"":""SetValue"",""Channel"":""Microsoft-Windows-Sysmon/Operational"",""TargetObject"":""HKLM\\SOFTWARE\\Microsoft\\Windows\\CurrentVersion\\Group Policy\\History\\{827D319E-6EAC-11D2-A4EA-00C04F79F83A}\\0\\GPOName"",""Details"":""{31B2F340-016D-11D2-945F-00C04FB984F9}"",""Opcode"":""Info"",""EventReceivedTime"":""2022-04-15 08:06:12"",""@version"":""1"",""Task"":13,""SourceModuleType"":""im_msvistalog"",""RuleName"":""-"",""Hostname"":""James.browne"",""Keywords"":-9223372036854775808,""Version"":2,""ProcessGuid"":""{2d351099-5cae-5f5f-3204-000000000400}""}",2022-04-15T08:06:07.000+0000,8,15,6,april,7,friday,2022,local,,SetValue,cybertees.net,cyber-host,windowslogs,1,60427,"{"""":"":\\\\\\."","""":"""","""":,"""":[""""],"""":,"""":""{----}"",""",Event_logs.json,_json,ip-10-10-40-195,,splunk,,2022-04-15T12:06:12.768Z,
1,,,,,,,\device\harddiskvolume2\windows\system32\lsass.exe,,,,Filtering Platform Connection,Security,,,,,,,,,,,,,,,,,,,,,,,5154,,2022-04-15 8:06:12,2022-04-15 8:06:08,,4,,0,,,,,James.browne,,,,,,,,,,-9214364837600034816,%%14609,42,,,,,,,"The Windows Filtering Platform has permitted an application or service to listen on a port for incoming connections.

Application Information:
	Process ID:		740
	Application Name:	\device\harddiskvolume2\windows\system32\lsass.exe

Network Information:
	Source Address:		::
	Source Port:		49664
	Protocol:		6

Filter Information:
	Filter Run-Time ID:	0
	Layer Name:		Listen
	Layer Run-Time ID:	42",,,,,,,,Info,0,,,,,,,,,,,740,,,6,{54849625-5478-4994-A5BA-3E3B0328C30D},,,,74755,,,,,,,,,INFO,2,,,,,,::,,,,,,eventlog,im_msvistalog,Microsoft-Windows-Security-Auditing,49664,,,,,,,,,,,,,,,,,,,,,,,12810,,,,1020,,,,,,,0,,,"{""ProcessId"":""740"",""tags"":[""splunk""],""EventID"":5154,""RecordNumber"":74755,""ProviderGuid"":""{54849625-5478-4994-A5BA-3E3B0328C30D}"",""SourceName"":""Microsoft-Windows-Security-Auditing"",""OpcodeValue"":0,""EventTime"":""2022-04-15 08:06:08"",""FilterRTID"":""0"",""host"":""cybertees.net"",""SeverityValue"":2,""ExecutionProcessID"":4,""Category"":""Filtering Platform Connection"",""SourceModuleName"":""eventlog"",""Message"":""The Windows Filtering Platform has permitted an application or service to listen on a port for incoming connections.\r\n\r\nApplication Information:\r\n\tProcess ID:\t\t740\r\n\tApplication Name:\t\\device\\harddiskvolume2\\windows\\system32\\lsass.exe\r\n\r\nNetwork Information:\r\n\tSource Address:\t\t::\r\n\tSource Port:\t\t49664\r\n\tProtocol:\t\t6\r\n\r\nFilter Information:\r\n\tFilter Run-Time ID:\t0\r\n\tLayer Name:\t\tListen\r\n\tLayer Run-Time ID:\t42"",""port"":60427,""Protocol"":""6"",""timestamp"":""2022-04-15T12:06:12.767Z"",""ThreadID"":1020,""Severity"":""INFO"",""EventType"":""AUDIT_SUCCESS"",""Channel"":""Security"",""SourceAddress"":""::"",""Opcode"":""Info"",""EventReceivedTime"":""2022-04-15 08:06:12"",""@version"":""1"",""Task"":12810,""SourceModuleType"":""im_msvistalog"",""LayerName"":""%%14609"",""LayerRTID"":""42"",""Hostname"":""James.browne"",""Application"":""\\device\\harddiskvolume2\\windows\\system32\\lsass.exe"",""Keywords"":-9214364837600034816,""Version"":0,""SourcePort"":""49664""}",2022-04-15T08:06:07.000+0000,8,15,6,april,7,friday,2022,local,,AUDIT_SUCCESS,cybertees.net,cyber-host,windowslogs,1,60427,"{"""":"""","""":[""""],"""":,"""":,"""":""{----}"","""":""---"","""":,""""",Event_logs.json,_json,ip-10-10-40-195,,splunk,,2022-04-15T12:06:12.767Z,
1,,,,,,,System,,,,Filtering Platform Connection,Security,,,,,,,,,,,,,,,,,,,,,,,5154,,2022-04-15 8:06:12,2022-04-15 8:06:08,,4,,70267,,,,,James.browne,,,,,,,,,,-9214364837600034816,%%14609,40,,,,,,,"The Windows Filtering Platform has permitted an application or service to listen on a port for incoming connections.

Application Information:
	Process ID:		4
	Application Name:	System

Network Information:
	Source Address:		172.90.12.11
	Source Port:		139
	Protocol:		6

Filter Information:
	Filter Run-Time ID:	70267
	Layer Name:		Listen
	Layer Run-Time ID:	40",,,,,,,,Info,0,,,,,,,,,,,4,,,6,{54849625-5478-4994-A5BA-3E3B0328C30D},,,,74754,,,,,,,,,INFO,2,,,,,,172.90.12.11,,,,,,eventlog,im_msvistalog,Microsoft-Windows-Security-Auditing,139,,,,,,,,,,,,,,,,,,,,,,,12810,,,,1020,,,,,,,0,,,"{""ProcessId"":""4"",""tags"":[""splunk""],""EventID"":5154,""RecordNumber"":74754,""ProviderGuid"":""{54849625-5478-4994-A5BA-3E3B0328C30D}"",""SourceName"":""Microsoft-Windows-Security-Auditing"",""OpcodeValue"":0,""EventTime"":""2022-04-15 08:06:08"",""FilterRTID"":""70267"",""host"":""cybertees.net"",""SeverityValue"":2,""ExecutionProcessID"":4,""Category"":""Filtering Platform Connection"",""SourceModuleName"":""eventlog"",""Message"":""The Windows Filtering Platform has permitted an application or service to listen on a port for incoming connections.\r\n\r\nApplication Information:\r\n\tProcess ID:\t\t4\r\n\tApplication Name:\tSystem\r\n\r\nNetwork Information:\r\n\tSource Address:\t\t172.90.12.11\r\n\tSource Port:\t\t139\r\n\tProtocol:\t\t6\r\n\r\nFilter Information:\r\n\tFilter Run-Time ID:\t70267\r\n\tLayer Name:\t\tListen\r\n\tLayer Run-Time ID:\t40"",""port"":60427,""Protocol"":""6"",""timestamp"":""2022-04-15T12:06:12.767Z"",""ThreadID"":1020,""Severity"":""INFO"",""EventType"":""AUDIT_SUCCESS"",""Channel"":""Security"",""SourceAddress"":""172.90.12.11"",""Opcode"":""Info"",""EventReceivedTime"":""2022-04-15 08:06:12"",""@version"":""1"",""Task"":12810,""SourceModuleType"":""im_msvistalog"",""LayerName"":""%%14609"",""LayerRTID"":""40"",""Hostname"":""James.browne"",""Application"":""System"",""Keywords"":-9214364837600034816,""Version"":0,""SourcePort"":""139""}",2022-04-15T08:06:07.000+0000,8,15,6,april,7,friday,2022,local,,AUDIT_SUCCESS,cybertees.net,cyber-host,windowslogs,1,60427,"{"""":"""","""":[""""],"""":,"""":,"""":""{----}"","""":""---"","""":,""""",Event_logs.json,_json,ip-10-10-40-195,,splunk,,2022-04-15T12:06:12.767Z,
1,,,,SYSTEM,User,,,,,,Registry value set (rule: RegistryEvent),Microsoft-Windows-Sysmon/Operational,,,,,,,,,,,,,,"LDAP://DC=Cybertees,DC=local",,,,NT AUTHORITY,,,,,13,,2022-04-15 8:06:12,2022-04-15 8:06:07,INFO,3524,,,,,,,James.browne,C:\windows\system32\svchost.exe,,,,,,,,,-9223372036854775808,,,,,,,,,"Registry value set:
RuleName: -
EventType: SetValue
UtcTime: 2022-04-15 12:06:07.810
ProcessGuid: {2d351099-5cae-5f5f-3204-000000000400}
ProcessId: 2116
Image: C:\windows\system32\svchost.exe
TargetObject: HKLM\SOFTWARE\Microsoft\Windows\CurrentVersion\Group Policy\History\{827D319E-6EAC-11D2-A4EA-00C04F79F83A}\0\Link
Details: LDAP://DC=Cybertees,DC=local",,,,,,,,Info,0,,,,,,,,,,{2d351099-5cae-5f5f-3204-000000000400},2116,,,,{5770385F-C22A-43E0-BF4C-06F5698FFBD9},,,,423849,,,,,,,-,,INFO,2,,,,,,,,,,,,eventlog,im_msvistalog,Microsoft-Windows-Sysmon,,,,,,,,,,,,,,,,,HKLM\SOFTWARE\Microsoft\Windows\CurrentVersion\Group Policy\History\{827D319E-6EAC-11D2-A4EA-00C04F79F83A}\0\Link,,,,,,,13,,,,4688,,,,,S-1-5-18,2022-04-15 12:06:08,2,,,"{""Image"":""C:\\windows\\system32\\svchost.exe"",""ProcessId"":""2116"",""EventID"":13,""tags"":[""splunk""],""RecordNumber"":423849,""ProviderGuid"":""{5770385F-C22A-43E0-BF4C-06F5698FFBD9}"",""SourceName"":""Microsoft-Windows-Sysmon"",""OpcodeValue"":0,""EventTime"":""2022-04-15 08:06:07"",""AccountName"":""SYSTEM"",""host"":""cybertees.net"",""SeverityValue"":2,""ExecutionProcessID"":3524,""AccountType"":""User"",""Category"":""Registry value set (rule: RegistryEvent)"",""SourceModuleName"":""eventlog"",""Domain"":""NT AUTHORITY"",""Message"":""Registry value set:\r\nRuleName: -\r\nEventType: SetValue\r\nUtcTime: 2022-04-15 12:06:07.810\r\nProcessGuid: {2d351099-5cae-5f5f-3204-000000000400}\r\nProcessId: 2116\r\nImage: C:\\windows\\system32\\svchost.exe\r\nTargetObject: HKLM\\SOFTWARE\\Microsoft\\Windows\\CurrentVersion\\Group Policy\\History\\{827D319E-6EAC-11D2-A4EA-00C04F79F83A}\\0\\Link\r\nDetails: LDAP://DC=Cybertees,DC=local"",""port"":60427,""UserID"":""S-1-5-18"",""UtcTime"":""2022-04-15 12:06:07.810"",""timestamp"":""2022-04-15T12:06:12.767Z"",""ThreadID"":4688,""Severity"":""INFO"",""EventTypeOrignal"":""INFO"",""EventType"":""SetValue"",""Channel"":""Microsoft-Windows-Sysmon/Operational"",""TargetObject"":""HKLM\\SOFTWARE\\Microsoft\\Windows\\CurrentVersion\\Group Policy\\History\\{827D319E-6EAC-11D2-A4EA-00C04F79F83A}\\0\\Link"",""Details"":""LDAP://DC=Cybertees,DC=local"",""Opcode"":""Info"",""EventReceivedTime"":""2022-04-15 08:06:12"",""@version"":""1"",""Task"":13,""SourceModuleType"":""im_msvistalog"",""RuleName"":""-"",""Hostname"":""James.browne"",""Keywords"":-9223372036854775808,""Version"":2,""ProcessGuid"":""{2d351099-5cae-5f5f-3204-000000000400}""}",2022-04-15T08:06:07.000+0000,8,15,6,april,7,friday,2022,local,,SetValue,cybertees.net,cyber-host,windowslogs,1,60427,"{"""":"":\\\\\\."","""":"""","""":,"""":[""""],"""":,"""":""{----}"",""",Event_logs.json,_json,ip-10-10-40-195,,splunk,,2022-04-15T12:06:12.767Z,
