1,,,,SYSTEM,User,,,,,C:\windows\SYSTEM32\ntdll.dll+9d104|C:\windows\System32\RPCRT4.dll+2d2f4|C:\windows\System32\combase.dll+b84ab|C:\windows\System32\windows.storage.dll+12edf4|C:\windows\System32\windows.storage.dll+12ed2c|C:\windows\System32\windows.storage.dll+18e32c|C:\windows\System32\windows.storage.dll+186cbc|C:\windows\System32\windows.storage.dll+125585|C:\windows\System32\combase.dll+2e2b6|C:\windows\System32\combase.dll+2ceed|C:\Windows\System32\RuntimeBroker.exe+38a4|C:\windows\System32\RPCRT4.dll+76a53|C:\windows\System32\RPCRT4.dll+da036|C:\windows\System32\RPCRT4.dll+38359|C:\windows\System32\combase.dll+a5cd3|C:\windows\System32\combase.dll+8d0a3|C:\windows\System32\combase.dll+8ce93|C:\windows\System32\combase.dll+a9516|C:\windows\System32\combase.dll+8a4ba|C:\windows\System32\combase.dll+a47ad|C:\windows\System32\combase.dll+4019c|C:\windows\System32\combase.dll+40a01|C:\windows\System32\combase.dll+421a8|C:\windows\System32\RPCRT4.dll+54998,Process accessed (rule: ProcessAccess),Microsoft-Windows-Sysmon/Operational,,,,,,,,,,,,,,,,,,NT AUTHORITY,,,,,10,,2022-04-15 8:06:30,2022-04-15 8:06:26,,3524,,,0x1000,,,,James.browne,,,,,,,,,,-9223372036854775808,,,,,,,,,"Process accessed:
RuleName: -
UtcTime: 2022-04-15 12:06:26.487
SourceProcessGUID: {2d351099-5cc0-5f5f-3b04-000000000400}
SourceProcessId: 9496
SourceThreadId: 9468
SourceImage: C:\Windows\System32\RuntimeBroker.exe
TargetProcessGUID: {2d351099-5cc2-5f5f-3d04-000000000400}
TargetProcessId: 5696
TargetImage: C:\windows\system32\BackgroundTransferHost.exe
GrantedAccess: 0x1000
CallTrace: C:\windows\SYSTEM32\ntdll.dll+9d104|C:\windows\System32\RPCRT4.dll+2d2f4|C:\windows\System32\combase.dll+b84ab|C:\windows\System32\windows.storage.dll+12edf4|C:\windows\System32\windows.storage.dll+12ed2c|C:\windows\System32\windows.storage.dll+18e32c|C:\windows\System32\windows.storage.dll+186cbc|C:\windows\System32\windows.storage.dll+125585|C:\windows\System32\combase.dll+2e2b6|C:\windows\System32\combase.dll+2ceed|C:\Windows\System32\RuntimeBroker.exe+38a4|C:\windows\System32\RPCRT4.dll+76a53|C:\windows\System32\RPCRT4.dll+da036|C:\windows\System32\RPCRT4.dll+38359|C:\windows\System32\combase.dll+a5cd3|C:\windows\System32\combase.dll+8d0a3|C:\windows\System32\combase.dll+8ce93|C:\windows\System32\combase.dll+a9516|C:\windows\System32\combase.dll+8a4ba|C:\windows\System32\combase.dll+a47ad|C:\windows\System32\combase.dll+4019c|C:\windows\System32\combase.dll+40a01|C:\windows\System32\combase.dll+421a8|C:\windows\System32\RPCRT4.dll+54998",,,,,,,,Info,0,,,,,,,,,,,9496,,,,{5770385F-C22A-43E0-BF4C-06F5698FFBD9},,,,426584,,,,,,,-,,INFO,2,,,,,,,,,C:\Windows\System32\RuntimeBroker.exe,,,eventlog,im_msvistalog,Microsoft-Windows-Sysmon,,,{2d351099-5cc0-5f5f-3b04-000000000400},9496,9468,,,,,,,,,C:\windows\system32\BackgroundTransferHost.exe,,,,,,{2d351099-5cc2-5f5f-3d04-000000000400},5696,,,10,,,,4688,,,,,S-1-5-18,2022-04-15 12:06:26,3,,,"{""EventID"":10,""RecordNumber"":426584,""ProviderGuid"":""{5770385F-C22A-43E0-BF4C-06F5698FFBD9}"",""SourceName"":""Microsoft-Windows-Sysmon"",""OpcodeValue"":0,""AccountName"":""SYSTEM"",""SourceImage"":""C:\\Windows\\System32\\RuntimeBroker.exe"",""SourceModuleName"":""eventlog"",""ExecutionProcessID"":3524,""AccountType"":""User"",""Category"":""Process accessed (rule: ProcessAccess)"",""SourceProcessId"":""9496"",""Domain"":""NT AUTHORITY"",""port"":60427,""ThreadID"":4688,""Severity"":""INFO"",""EventType"":""INFO"",""Channel"":""Microsoft-Windows-Sysmon/Operational"",""Opcode"":""Info"",""EventReceivedTime"":""2022-04-15 08:06:30"",""Task"":10,""RuleName"":""-"",""Keywords"":-9223372036854775808,""Version"":3,""ProcessId"":""9496"",""tags"":[""splunk""],""GrantedAccess"":""0x1000"",""SourceProcessGUID"":""{2d351099-5cc0-5f5f-3b04-000000000400}"",""EventTime"":""2022-04-15 08:06:26"",""host"":""cybertees.net"",""SeverityValue"":2,""CallTrace"":""C:\\windows\\SYSTEM32\\ntdll.dll+9d104|C:\\windows\\System32\\RPCRT4.dll+2d2f4|C:\\windows\\System32\\combase.dll+b84ab|C:\\windows\\System32\\windows.storage.dll+12edf4|C:\\windows\\System32\\windows.storage.dll+12ed2c|C:\\windows\\System32\\windows.storage.dll+18e32c|C:\\windows\\System32\\windows.storage.dll+186cbc|C:\\windows\\System32\\windows.storage.dll+125585|C:\\windows\\System32\\combase.dll+2e2b6|C:\\windows\\System32\\combase.dll+2ceed|C:\\Windows\\System32\\RuntimeBroker.exe+38a4|C:\\windows\\System32\\RPCRT4.dll+76a53|C:\\windows\\System32\\RPCRT4.dll+da036|C:\\windows\\System32\\RPCRT4.dll+38359|C:\\windows\\System32\\combase.dll+a5cd3|C:\\windows\\System32\\combase.dll+8d0a3|C:\\windows\\System32\\combase.dll+8ce93|C:\\windows\\System32\\combase.dll+a9516|C:\\windows\\System32\\combase.dll+8a4ba|C:\\windows\\System32\\combase.dll+a47ad|C:\\windows\\System32\\combase.dll+4019c|C:\\windows\\System32\\combase.dll+40a01|C:\\windows\\System32\\combase.dll+421a8|C:\\windows\\System32\\RPCRT4.dll+54998"",""Message"":""Process accessed:\r\nRuleName: -\r\nUtcTime: 2022-04-15 12:06:26.487\r\nSourceProcessGUID: {2d351099-5cc0-5f5f-3b04-000000000400}\r\nSourceProcessId: 9496\r\nSourceThreadId: 9468\r\nSourceImage: C:\\Windows\\System32\\RuntimeBroker.exe\r\nTargetProcessGUID: {2d351099-5cc2-5f5f-3d04-000000000400}\r\nTargetProcessId: 5696\r\nTargetImage: C:\\windows\\system32\\BackgroundTransferHost.exe\r\nGrantedAccess: 0x1000\r\nCallTrace: C:\\windows\\SYSTEM32\\ntdll.dll+9d104|C:\\windows\\System32\\RPCRT4.dll+2d2f4|C:\\windows\\System32\\combase.dll+b84ab|C:\\windows\\System32\\windows.storage.dll+12edf4|C:\\windows\\System32\\windows.storage.dll+12ed2c|C:\\windows\\System32\\windows.storage.dll+18e32c|C:\\windows\\System32\\windows.storage.dll+186cbc|C:\\windows\\System32\\windows.storage.dll+125585|C:\\windows\\System32\\combase.dll+2e2b6|C:\\windows\\System32\\combase.dll+2ceed|C:\\Windows\\System32\\RuntimeBroker.exe+38a4|C:\\windows\\System32\\RPCRT4.dll+76a53|C:\\windows\\System32\\RPCRT4.dll+da036|C:\\windows\\System32\\RPCRT4.dll+38359|C:\\windows\\System32\\combase.dll+a5cd3|C:\\windows\\System32\\combase.dll+8d0a3|C:\\windows\\System32\\combase.dll+8ce93|C:\\windows\\System32\\combase.dll+a9516|C:\\windows\\System32\\combase.dll+8a4ba|C:\\windows\\System32\\combase.dll+a47ad|C:\\windows\\System32\\combase.dll+4019c|C:\\windows\\System32\\combase.dll+40a01|C:\\windows\\System32\\combase.dll+421a8|C:\\windows\\System32\\RPCRT4.dll+54998"",""UtcTime"":""2022-04-15 12:06:26.487"",""UserID"":""S-1-5-18"",""timestamp"":""2022-04-15T12:06:30.129Z"",""TargetProcessId"":""5696"",""SourceThreadId"":""9468"",""@version"":""1"",""TargetProcessGUID"":""{2d351099-5cc2-5f5f-3d04-000000000400}"",""SourceModuleType"":""im_msvistalog"",""TargetImage"":""C:\\windows\\system32\\BackgroundTransferHost.exe"",""Hostname"":""James.browne""}",2022-04-15T08:06:28.000+0000,8,15,6,april,28,friday,2022,local,,INFO,cybertees.net,cyber-host,windowslogs,1,60427,"{"""":,"""":,"""":""{----}"","""":""--"","""":,"""":"""","""":"":\\\\\\",Event_logs.json,_json,ip-10-10-40-195,,splunk,,2022-04-15T12:06:30.129Z,
1,,,,SYSTEM,User,,,,,,Image loaded (rule: ImageLoad),Microsoft-Windows-Sysmon/Operational,,Microsoft Corporation,,,,Token Binding Protocol,,,,,,,,,,,,NT AUTHORITY,,,,,7,,2022-04-15 8:06:30,2022-04-15 8:06:26,,3524,10.0.18362.1 (WinBuild.160101.0800),,,,,"SHA1=BBA19E9BE83E7145745D37B568B06B970C866692,MD5=BE61A748DEE636EEADE8DABA4CAFE6B9,SHA256=5BDB88ABC06469ADA325A6B442D07EABFDE0533A033A29B25514285273AADB6E,IMPHASH=CF2DFCD1866B23DDDDA52EC15AAA72C0",James.browne,C:\Windows\System32\BackgroundTransferHost.exe,C:\Windows\System32\tokenbinding.dll,,,,,,,,-9223372036854775808,,,,,,,,,"Image loaded:
RuleName: -
UtcTime: 2022-04-15 12:06:26.487
ProcessGuid: {2d351099-5cc2-5f5f-3d04-000000000400}
ProcessId: 5696
Image: C:\Windows\System32\BackgroundTransferHost.exe
ImageLoaded: C:\Windows\System32\tokenbinding.dll
FileVersion: 10.0.18362.1 (WinBuild.160101.0800)
Description: Token Binding Protocol
Product: Microsoft® Windows® Operating System
Company: Microsoft Corporation
OriginalFileName: tokenbinding.dll
Hashes: SHA1=BBA19E9BE83E7145745D37B568B06B970C866692,MD5=BE61A748DEE636EEADE8DABA4CAFE6B9,SHA256=5BDB88ABC06469ADA325A6B442D07EABFDE0533A033A29B25514285273AADB6E,IMPHASH=CF2DFCD1866B23DDDDA52EC15AAA72C0
Signed: true
Signature: Microsoft Windows
SignatureStatus: Valid",,,,,,,,Info,0,tokenbinding.dll,,,,,,,,,{2d351099-5cc2-5f5f-3d04-000000000400},5696,,Microsoft® Windows® Operating System,,{5770385F-C22A-43E0-BF4C-06F5698FFBD9},,,,426583,,,,,,,-,,INFO,2,,,Microsoft Windows,Valid,TRUE,,,,,,,eventlog,im_msvistalog,Microsoft-Windows-Sysmon,,,,,,,,,,,,,,,,,,,,,,,,7,,,,4688,,,,,S-1-5-18,2022-04-15 12:06:26,3,,,"{""EventID"":7,""RecordNumber"":426583,""ProviderGuid"":""{5770385F-C22A-43E0-BF4C-06F5698FFBD9}"",""SourceName"":""Microsoft-Windows-Sysmon"",""OpcodeValue"":0,""AccountName"":""SYSTEM"",""SignatureStatus"":""Valid"",""SourceModuleName"":""eventlog"",""ExecutionProcessID"":3524,""AccountType"":""User"",""Category"":""Image loaded (rule: ImageLoad)"",""Domain"":""NT AUTHORITY"",""port"":60427,""Company"":""Microsoft Corporation"",""ThreadID"":4688,""Severity"":""INFO"",""EventType"":""INFO"",""Signed"":""true"",""Channel"":""Microsoft-Windows-Sysmon/Operational"",""Opcode"":""Info"",""EventReceivedTime"":""2022-04-15 08:06:30"",""ImageLoaded"":""C:\\Windows\\System32\\tokenbinding.dll"",""Task"":7,""RuleName"":""-"",""Keywords"":-9223372036854775808,""Version"":3,""ProcessId"":""5696"",""Image"":""C:\\Windows\\System32\\BackgroundTransferHost.exe"",""Product"":""Microsoft® Windows® Operating System"",""tags"":[""splunk""],""EventTime"":""2022-04-15 08:06:26"",""host"":""cybertees.net"",""SeverityValue"":2,""Message"":""Image loaded:\r\nRuleName: -\r\nUtcTime: 2022-04-15 12:06:26.487\r\nProcessGuid: {2d351099-5cc2-5f5f-3d04-000000000400}\r\nProcessId: 5696\r\nImage: C:\\Windows\\System32\\BackgroundTransferHost.exe\r\nImageLoaded: C:\\Windows\\System32\\tokenbinding.dll\r\nFileVersion: 10.0.18362.1 (WinBuild.160101.0800)\r\nDescription: Token Binding Protocol\r\nProduct: Microsoft® Windows® Operating System\r\nCompany: Microsoft Corporation\r\nOriginalFileName: tokenbinding.dll\r\nHashes: SHA1=BBA19E9BE83E7145745D37B568B06B970C866692,MD5=BE61A748DEE636EEADE8DABA4CAFE6B9,SHA256=5BDB88ABC06469ADA325A6B442D07EABFDE0533A033A29B25514285273AADB6E,IMPHASH=CF2DFCD1866B23DDDDA52EC15AAA72C0\r\nSigned: true\r\nSignature: Microsoft Windows\r\nSignatureStatus: Valid"",""UtcTime"":""2022-04-15 12:06:26.487"",""UserID"":""S-1-5-18"",""FileVersion"":""10.0.18362.1 (WinBuild.160101.0800)"",""Description"":""Token Binding Protocol"",""OriginalFileName"":""tokenbinding.dll"",""timestamp"":""2022-04-15T12:06:30.128Z"",""Hashes"":""SHA1=BBA19E9BE83E7145745D37B568B06B970C866692,MD5=BE61A748DEE636EEADE8DABA4CAFE6B9,SHA256=5BDB88ABC06469ADA325A6B442D07EABFDE0533A033A29B25514285273AADB6E,IMPHASH=CF2DFCD1866B23DDDDA52EC15AAA72C0"",""Signature"":""Microsoft Windows"",""@version"":""1"",""SourceModuleType"":""im_msvistalog"",""Hostname"":""James.browne"",""ProcessGuid"":""{2d351099-5cc2-5f5f-3d04-000000000400}""}",2022-04-15T08:06:28.000+0000,8,15,6,april,28,friday,2022,local,,INFO,cybertees.net,cyber-host,windowslogs,1,60427,"{"""":,"""":,"""":""{----}"","""":""--"","""":,"""":"""","""":"""","""":""""",Event_logs.json,_json,ip-10-10-40-195,,splunk,,2022-04-15T12:06:30.128Z,
1,,,,SYSTEM,User,,,,,,File created (rule: FileCreate),Microsoft-Windows-Sysmon/Operational,,,,2022-04-15 12:06:26,,,,,,,,,,,,,,NT AUTHORITY,,,,,11,,2022-04-15 8:06:30,2022-04-15 8:06:26,,3524,,,,,,,James.browne,C:\windows\system32\BackgroundTransferHost.exe,,,,,,,,,-9223372036854775808,,,,,,,,,"File created:
RuleName: -
UtcTime: 2022-04-15 12:06:26.487
ProcessGuid: {2d351099-5cc2-5f5f-3d04-000000000400}
ProcessId: 5696
Image: C:\windows\system32\BackgroundTransferHost.exe
TargetFilename: C:\Users\Alberto\AppData\Local\Packages\Microsoft.Windows.ContentDeliveryManager_cw5n1h2txyewy\AC\BackgroundTransferApi\8d89f3cb-bc48-41ec-8e81-182224dc6987.down_data
CreationUtcTime: 2022-04-15 12:06:26.487",,,,,,,,Info,0,,,,,,,,,,{2d351099-5cc2-5f5f-3d04-000000000400},5696,,,,{5770385F-C22A-43E0-BF4C-06F5698FFBD9},,,,426582,,,,,,,-,,INFO,2,,,,,,,,,,,,eventlog,im_msvistalog,Microsoft-Windows-Sysmon,,,,,,,,,,,,C:\Users\Alberto\AppData\Local\Packages\Microsoft.Windows.ContentDeliveryManager_cw5n1h2txyewy\AC\BackgroundTransferApi\8d89f3cb-bc48-41ec-8e81-182224dc6987.down_data,,,,,,,,,,,,11,,,,4688,,,,,S-1-5-18,2022-04-15 12:06:26,2,,,"{""Image"":""C:\\windows\\system32\\BackgroundTransferHost.exe"",""ProcessId"":""5696"",""EventID"":11,""tags"":[""splunk""],""RecordNumber"":426582,""ProviderGuid"":""{5770385F-C22A-43E0-BF4C-06F5698FFBD9}"",""SourceName"":""Microsoft-Windows-Sysmon"",""OpcodeValue"":0,""EventTime"":""2022-04-15 08:06:26"",""AccountName"":""SYSTEM"",""host"":""cybertees.net"",""SeverityValue"":2,""ExecutionProcessID"":3524,""AccountType"":""User"",""Category"":""File created (rule: FileCreate)"",""SourceModuleName"":""eventlog"",""Domain"":""NT AUTHORITY"",""Message"":""File created:\r\nRuleName: -\r\nUtcTime: 2022-04-15 12:06:26.487\r\nProcessGuid: {2d351099-5cc2-5f5f-3d04-000000000400}\r\nProcessId: 5696\r\nImage: C:\\windows\\system32\\BackgroundTransferHost.exe\r\nTargetFilename: C:\\Users\\Alberto\\AppData\\Local\\Packages\\Microsoft.Windows.ContentDeliveryManager_cw5n1h2txyewy\\AC\\BackgroundTransferApi\\8d89f3cb-bc48-41ec-8e81-182224dc6987.down_data\r\nCreationUtcTime: 2022-04-15 12:06:26.487"",""port"":60427,""UserID"":""S-1-5-18"",""UtcTime"":""2022-04-15 12:06:26.487"",""timestamp"":""2022-04-15T12:06:30.127Z"",""ThreadID"":4688,""TargetFilename"":""C:\\Users\\Alberto\\AppData\\Local\\Packages\\Microsoft.Windows.ContentDeliveryManager_cw5n1h2txyewy\\AC\\BackgroundTransferApi\\8d89f3cb-bc48-41ec-8e81-182224dc6987.down_data"",""Severity"":""INFO"",""EventType"":""INFO"",""Channel"":""Microsoft-Windows-Sysmon/Operational"",""Opcode"":""Info"",""EventReceivedTime"":""2022-04-15 08:06:30"",""@version"":""1"",""Task"":11,""SourceModuleType"":""im_msvistalog"",""RuleName"":""-"",""CreationUtcTime"":""2022-04-15 12:06:26.487"",""Hostname"":""James.browne"",""Keywords"":-9223372036854775808,""Version"":2,""ProcessGuid"":""{2d351099-5cc2-5f5f-3d04-000000000400}""}",2022-04-15T08:06:28.000+0000,8,15,6,april,28,friday,2022,local,,INFO,cybertees.net,cyber-host,windowslogs,1,60427,"{"""":"":\\\\\\."","""":"""","""":,"""":[""""],"""":,"""":""{----}"",""",Event_logs.json,_json,ip-10-10-40-195,,splunk,,2022-04-15T12:06:30.127Z,
1,,,,SYSTEM,User,,,,,C:\windows\SYSTEM32\ntdll.dll+9c534|c:\windows\system32\themeservice.dll+1d60|c:\windows\system32\themeservice.dll+1595|c:\windows\system32\themeservice.dll+1461|c:\windows\system32\themeservice.dll+1886|C:\windows\SYSTEM32\ntdll.dll+2f655|C:\windows\SYSTEM32\ntdll.dll+345b4|C:\windows\System32\KERNEL32.DLL+17bd4|C:\windows\SYSTEM32\ntdll.dll+6ce51,Process accessed (rule: ProcessAccess),Microsoft-Windows-Sysmon/Operational,,,,,,,,,,,,,,,,,,NT AUTHORITY,,,,,10,,2022-04-15 8:06:30,2022-04-15 8:06:26,,3524,,,0x1400,,,,James.browne,,,,,,,,,,-9223372036854775808,,,,,,,,,"Process accessed:
RuleName: -
UtcTime: 2022-04-15 12:06:26.487
SourceProcessGUID: {2d351099-43cf-5f5f-2a00-000000000400}
SourceProcessId: 1644
SourceThreadId: 6480
SourceImage: C:\windows\System32\svchost.exe
TargetProcessGUID: {2d351099-5cc2-5f5f-3d04-000000000400}
TargetProcessId: 5696
TargetImage: C:\windows\system32\BackgroundTransferHost.exe
GrantedAccess: 0x1400
CallTrace: C:\windows\SYSTEM32\ntdll.dll+9c534|c:\windows\system32\themeservice.dll+1d60|c:\windows\system32\themeservice.dll+1595|c:\windows\system32\themeservice.dll+1461|c:\windows\system32\themeservice.dll+1886|C:\windows\SYSTEM32\ntdll.dll+2f655|C:\windows\SYSTEM32\ntdll.dll+345b4|C:\windows\System32\KERNEL32.DLL+17bd4|C:\windows\SYSTEM32\ntdll.dll+6ce51",,,,,,,,Info,0,,,,,,,,,,,1644,,,,{5770385F-C22A-43E0-BF4C-06F5698FFBD9},,,,426581,,,,,,,-,,INFO,2,,,,,,,,,C:\windows\System32\svchost.exe,,,eventlog,im_msvistalog,Microsoft-Windows-Sysmon,,,{2d351099-43cf-5f5f-2a00-000000000400},1644,6480,,,,,,,,,C:\windows\system32\BackgroundTransferHost.exe,,,,,,{2d351099-5cc2-5f5f-3d04-000000000400},5696,,,10,,,,4688,,,,,S-1-5-18,2022-04-15 12:06:26,3,,,"{""EventID"":10,""RecordNumber"":426581,""ProviderGuid"":""{5770385F-C22A-43E0-BF4C-06F5698FFBD9}"",""SourceName"":""Microsoft-Windows-Sysmon"",""OpcodeValue"":0,""AccountName"":""SYSTEM"",""SourceImage"":""C:\\windows\\System32\\svchost.exe"",""SourceModuleName"":""eventlog"",""ExecutionProcessID"":3524,""AccountType"":""User"",""Category"":""Process accessed (rule: ProcessAccess)"",""SourceProcessId"":""1644"",""Domain"":""NT AUTHORITY"",""port"":60427,""ThreadID"":4688,""Severity"":""INFO"",""EventType"":""INFO"",""Channel"":""Microsoft-Windows-Sysmon/Operational"",""Opcode"":""Info"",""EventReceivedTime"":""2022-04-15 08:06:30"",""Task"":10,""RuleName"":""-"",""Keywords"":-9223372036854775808,""Version"":3,""ProcessId"":""1644"",""tags"":[""splunk""],""GrantedAccess"":""0x1400"",""SourceProcessGUID"":""{2d351099-43cf-5f5f-2a00-000000000400}"",""EventTime"":""2022-04-15 08:06:26"",""host"":""cybertees.net"",""SeverityValue"":2,""CallTrace"":""C:\\windows\\SYSTEM32\\ntdll.dll+9c534|c:\\windows\\system32\\themeservice.dll+1d60|c:\\windows\\system32\\themeservice.dll+1595|c:\\windows\\system32\\themeservice.dll+1461|c:\\windows\\system32\\themeservice.dll+1886|C:\\windows\\SYSTEM32\\ntdll.dll+2f655|C:\\windows\\SYSTEM32\\ntdll.dll+345b4|C:\\windows\\System32\\KERNEL32.DLL+17bd4|C:\\windows\\SYSTEM32\\ntdll.dll+6ce51"",""Message"":""Process accessed:\r\nRuleName: -\r\nUtcTime: 2022-04-15 12:06:26.487\r\nSourceProcessGUID: {2d351099-43cf-5f5f-2a00-000000000400}\r\nSourceProcessId: 1644\r\nSourceThreadId: 6480\r\nSourceImage: C:\\windows\\System32\\svchost.exe\r\nTargetProcessGUID: {2d351099-5cc2-5f5f-3d04-000000000400}\r\nTargetProcessId: 5696\r\nTargetImage: C:\\windows\\system32\\BackgroundTransferHost.exe\r\nGrantedAccess: 0x1400\r\nCallTrace: C:\\windows\\SYSTEM32\\ntdll.dll+9c534|c:\\windows\\system32\\themeservice.dll+1d60|c:\\windows\\system32\\themeservice.dll+1595|c:\\windows\\system32\\themeservice.dll+1461|c:\\windows\\system32\\themeservice.dll+1886|C:\\windows\\SYSTEM32\\ntdll.dll+2f655|C:\\windows\\SYSTEM32\\ntdll.dll+345b4|C:\\windows\\System32\\KERNEL32.DLL+17bd4|C:\\windows\\SYSTEM32\\ntdll.dll+6ce51"",""UtcTime"":""2022-04-15 12:06:26.487"",""UserID"":""S-1-5-18"",""timestamp"":""2022-04-15T12:06:30.127Z"",""TargetProcessId"":""5696"",""SourceThreadId"":""6480"",""@version"":""1"",""TargetProcessGUID"":""{2d351099-5cc2-5f5f-3d04-000000000400}"",""SourceModuleType"":""im_msvistalog"",""TargetImage"":""C:\\windows\\system32\\BackgroundTransferHost.exe"",""Hostname"":""James.browne""}",2022-04-15T08:06:28.000+0000,8,15,6,april,28,friday,2022,local,,INFO,cybertees.net,cyber-host,windowslogs,1,60427,"{"""":,"""":,"""":""{----}"","""":""--"","""":,"""":"""","""":"":\\\\\\",Event_logs.json,_json,ip-10-10-40-195,,splunk,,2022-04-15T12:06:30.127Z,
1,,,,SYSTEM,User,,,,,C:\windows\SYSTEM32\ntdll.dll+9c534|c:\windows\system32\themeservice.dll+1a9a|c:\windows\system32\themeservice.dll+1736|c:\windows\system32\themeservice.dll+6026|c:\windows\system32\themeservice.dll+ad9a|c:\windows\system32\themeservice.dll+9dcf|C:\windows\System32\svchost.exe+314c|C:\windows\System32\sechost.dll+2de2|C:\windows\System32\KERNEL32.DLL+17bd4|C:\windows\SYSTEM32\ntdll.dll+6ce51,Process accessed (rule: ProcessAccess),Microsoft-Windows-Sysmon/Operational,,,,,,,,,,,,,,,,,,NT AUTHORITY,,,,,10,,2022-04-15 8:06:30,2022-04-15 8:06:26,,3524,,,0x1478,,,,James.browne,,,,,,,,,,-9223372036854775808,,,,,,,,,"Process accessed:
RuleName: -
UtcTime: 2022-04-15 12:06:26.487
SourceProcessGUID: {2d351099-43cf-5f5f-2a00-000000000400}
SourceProcessId: 1644
SourceThreadId: 1792
SourceImage: C:\windows\System32\svchost.exe
TargetProcessGUID: {2d351099-5cc2-5f5f-3d04-000000000400}
TargetProcessId: 5696
TargetImage: C:\windows\system32\BackgroundTransferHost.exe
GrantedAccess: 0x1478
CallTrace: C:\windows\SYSTEM32\ntdll.dll+9c534|c:\windows\system32\themeservice.dll+1a9a|c:\windows\system32\themeservice.dll+1736|c:\windows\system32\themeservice.dll+6026|c:\windows\system32\themeservice.dll+ad9a|c:\windows\system32\themeservice.dll+9dcf|C:\windows\System32\svchost.exe+314c|C:\windows\System32\sechost.dll+2de2|C:\windows\System32\KERNEL32.DLL+17bd4|C:\windows\SYSTEM32\ntdll.dll+6ce51",,,,,,,,Info,0,,,,,,,,,,,1644,,,,{5770385F-C22A-43E0-BF4C-06F5698FFBD9},,,,426580,,,,,,,-,,INFO,2,,,,,,,,,C:\windows\System32\svchost.exe,,,eventlog,im_msvistalog,Microsoft-Windows-Sysmon,,,{2d351099-43cf-5f5f-2a00-000000000400},1644,1792,,,,,,,,,C:\windows\system32\BackgroundTransferHost.exe,,,,,,{2d351099-5cc2-5f5f-3d04-000000000400},5696,,,10,,,,4688,,,,,S-1-5-18,2022-04-15 12:06:26,3,,,"{""EventID"":10,""RecordNumber"":426580,""ProviderGuid"":""{5770385F-C22A-43E0-BF4C-06F5698FFBD9}"",""SourceName"":""Microsoft-Windows-Sysmon"",""OpcodeValue"":0,""AccountName"":""SYSTEM"",""SourceImage"":""C:\\windows\\System32\\svchost.exe"",""SourceModuleName"":""eventlog"",""ExecutionProcessID"":3524,""AccountType"":""User"",""Category"":""Process accessed (rule: ProcessAccess)"",""SourceProcessId"":""1644"",""Domain"":""NT AUTHORITY"",""port"":60427,""ThreadID"":4688,""Severity"":""INFO"",""EventType"":""INFO"",""Channel"":""Microsoft-Windows-Sysmon/Operational"",""Opcode"":""Info"",""EventReceivedTime"":""2022-04-15 08:06:30"",""Task"":10,""RuleName"":""-"",""Keywords"":-9223372036854775808,""Version"":3,""ProcessId"":""1644"",""tags"":[""splunk""],""GrantedAccess"":""0x1478"",""SourceProcessGUID"":""{2d351099-43cf-5f5f-2a00-000000000400}"",""EventTime"":""2022-04-15 08:06:26"",""host"":""cybertees.net"",""SeverityValue"":2,""CallTrace"":""C:\\windows\\SYSTEM32\\ntdll.dll+9c534|c:\\windows\\system32\\themeservice.dll+1a9a|c:\\windows\\system32\\themeservice.dll+1736|c:\\windows\\system32\\themeservice.dll+6026|c:\\windows\\system32\\themeservice.dll+ad9a|c:\\windows\\system32\\themeservice.dll+9dcf|C:\\windows\\System32\\svchost.exe+314c|C:\\windows\\System32\\sechost.dll+2de2|C:\\windows\\System32\\KERNEL32.DLL+17bd4|C:\\windows\\SYSTEM32\\ntdll.dll+6ce51"",""Message"":""Process accessed:\r\nRuleName: -\r\nUtcTime: 2022-04-15 12:06:26.487\r\nSourceProcessGUID: {2d351099-43cf-5f5f-2a00-000000000400}\r\nSourceProcessId: 1644\r\nSourceThreadId: 1792\r\nSourceImage: C:\\windows\\System32\\svchost.exe\r\nTargetProcessGUID: {2d351099-5cc2-5f5f-3d04-000000000400}\r\nTargetProcessId: 5696\r\nTargetImage: C:\\windows\\system32\\BackgroundTransferHost.exe\r\nGrantedAccess: 0x1478\r\nCallTrace: C:\\windows\\SYSTEM32\\ntdll.dll+9c534|c:\\windows\\system32\\themeservice.dll+1a9a|c:\\windows\\system32\\themeservice.dll+1736|c:\\windows\\system32\\themeservice.dll+6026|c:\\windows\\system32\\themeservice.dll+ad9a|c:\\windows\\system32\\themeservice.dll+9dcf|C:\\windows\\System32\\svchost.exe+314c|C:\\windows\\System32\\sechost.dll+2de2|C:\\windows\\System32\\KERNEL32.DLL+17bd4|C:\\windows\\SYSTEM32\\ntdll.dll+6ce51"",""UtcTime"":""2022-04-15 12:06:26.487"",""UserID"":""S-1-5-18"",""timestamp"":""2022-04-15T12:06:30.127Z"",""TargetProcessId"":""5696"",""SourceThreadId"":""1792"",""@version"":""1"",""TargetProcessGUID"":""{2d351099-5cc2-5f5f-3d04-000000000400}"",""SourceModuleType"":""im_msvistalog"",""TargetImage"":""C:\\windows\\system32\\BackgroundTransferHost.exe"",""Hostname"":""James.browne""}",2022-04-15T08:06:28.000+0000,8,15,6,april,28,friday,2022,local,,INFO,cybertees.net,cyber-host,windowslogs,1,60427,"{"""":,"""":,"""":""{----}"","""":""--"","""":,"""":"""","""":"":\\\\\\",Event_logs.json,_json,ip-10-10-40-195,,splunk,,2022-04-15T12:06:30.127Z,
1,,,,SYSTEM,User,,,,,,Image loaded (rule: ImageLoad),Microsoft-Windows-Sysmon/Operational,,Microsoft Corporation,,,,Microsoft UxTheme Library,,,,,,,,,,,,NT AUTHORITY,,,,,7,,2022-04-15 8:06:30,2022-04-15 8:06:26,,3524,10.0.18362.449 (WinBuild.160101.0800),,,,,"SHA1=62956D6FAEB4EC8EA54315A8E3CC15F06165AD57,MD5=3C9D22CAE173AD19806B6A016CD4CC28,SHA256=D95E7D07EA46D7D2AEFA01CD0A64CF266BE26D40FA6BE42F7CF60F6DEB8FBAF3,IMPHASH=64BAD10B75B987F62BF08E1852DE4022",James.browne,C:\Windows\System32\BackgroundTransferHost.exe,C:\Windows\System32\uxtheme.dll,,,,,,,,-9223372036854775808,,,,,,,,,"Image loaded:
RuleName: -
UtcTime: 2022-04-15 12:06:26.487
ProcessGuid: {2d351099-5cc2-5f5f-3d04-000000000400}
ProcessId: 5696
Image: C:\Windows\System32\BackgroundTransferHost.exe
ImageLoaded: C:\Windows\System32\uxtheme.dll
FileVersion: 10.0.18362.449 (WinBuild.160101.0800)
Description: Microsoft UxTheme Library
Product: Microsoft® Windows® Operating System
Company: Microsoft Corporation
OriginalFileName: UxTheme.dll
Hashes: SHA1=62956D6FAEB4EC8EA54315A8E3CC15F06165AD57,MD5=3C9D22CAE173AD19806B6A016CD4CC28,SHA256=D95E7D07EA46D7D2AEFA01CD0A64CF266BE26D40FA6BE42F7CF60F6DEB8FBAF3,IMPHASH=64BAD10B75B987F62BF08E1852DE4022
Signed: true
Signature: Microsoft Windows
SignatureStatus: Valid",,,,,,,,Info,0,UxTheme.dll,,,,,,,,,{2d351099-5cc2-5f5f-3d04-000000000400},5696,,Microsoft® Windows® Operating System,,{5770385F-C22A-43E0-BF4C-06F5698FFBD9},,,,426579,,,,,,,-,,INFO,2,,,Microsoft Windows,Valid,TRUE,,,,,,,eventlog,im_msvistalog,Microsoft-Windows-Sysmon,,,,,,,,,,,,,,,,,,,,,,,,7,,,,4688,,,,,S-1-5-18,2022-04-15 12:06:26,3,,,"{""EventID"":7,""RecordNumber"":426579,""ProviderGuid"":""{5770385F-C22A-43E0-BF4C-06F5698FFBD9}"",""SourceName"":""Microsoft-Windows-Sysmon"",""OpcodeValue"":0,""AccountName"":""SYSTEM"",""SignatureStatus"":""Valid"",""SourceModuleName"":""eventlog"",""ExecutionProcessID"":3524,""AccountType"":""User"",""Category"":""Image loaded (rule: ImageLoad)"",""Domain"":""NT AUTHORITY"",""port"":60427,""Company"":""Microsoft Corporation"",""ThreadID"":4688,""Severity"":""INFO"",""EventType"":""INFO"",""Signed"":""true"",""Channel"":""Microsoft-Windows-Sysmon/Operational"",""Opcode"":""Info"",""EventReceivedTime"":""2022-04-15 08:06:30"",""ImageLoaded"":""C:\\Windows\\System32\\uxtheme.dll"",""Task"":7,""RuleName"":""-"",""Keywords"":-9223372036854775808,""Version"":3,""ProcessId"":""5696"",""Image"":""C:\\Windows\\System32\\BackgroundTransferHost.exe"",""Product"":""Microsoft® Windows® Operating System"",""tags"":[""splunk""],""EventTime"":""2022-04-15 08:06:26"",""host"":""cybertees.net"",""SeverityValue"":2,""Message"":""Image loaded:\r\nRuleName: -\r\nUtcTime: 2022-04-15 12:06:26.487\r\nProcessGuid: {2d351099-5cc2-5f5f-3d04-000000000400}\r\nProcessId: 5696\r\nImage: C:\\Windows\\System32\\BackgroundTransferHost.exe\r\nImageLoaded: C:\\Windows\\System32\\uxtheme.dll\r\nFileVersion: 10.0.18362.449 (WinBuild.160101.0800)\r\nDescription: Microsoft UxTheme Library\r\nProduct: Microsoft® Windows® Operating System\r\nCompany: Microsoft Corporation\r\nOriginalFileName: UxTheme.dll\r\nHashes: SHA1=62956D6FAEB4EC8EA54315A8E3CC15F06165AD57,MD5=3C9D22CAE173AD19806B6A016CD4CC28,SHA256=D95E7D07EA46D7D2AEFA01CD0A64CF266BE26D40FA6BE42F7CF60F6DEB8FBAF3,IMPHASH=64BAD10B75B987F62BF08E1852DE4022\r\nSigned: true\r\nSignature: Microsoft Windows\r\nSignatureStatus: Valid"",""UtcTime"":""2022-04-15 12:06:26.487"",""UserID"":""S-1-5-18"",""FileVersion"":""10.0.18362.449 (WinBuild.160101.0800)"",""Description"":""Microsoft UxTheme Library"",""OriginalFileName"":""UxTheme.dll"",""timestamp"":""2022-04-15T12:06:30.126Z"",""Hashes"":""SHA1=62956D6FAEB4EC8EA54315A8E3CC15F06165AD57,MD5=3C9D22CAE173AD19806B6A016CD4CC28,SHA256=D95E7D07EA46D7D2AEFA01CD0A64CF266BE26D40FA6BE42F7CF60F6DEB8FBAF3,IMPHASH=64BAD10B75B987F62BF08E1852DE4022"",""Signature"":""Microsoft Windows"",""@version"":""1"",""SourceModuleType"":""im_msvistalog"",""Hostname"":""James.browne"",""ProcessGuid"":""{2d351099-5cc2-5f5f-3d04-000000000400}""}",2022-04-15T08:06:28.000+0000,8,15,6,april,28,friday,2022,local,,INFO,cybertees.net,cyber-host,windowslogs,1,60427,"{"""":,"""":,"""":""{----}"","""":""--"","""":,"""":"""","""":"""","""":""""",Event_logs.json,_json,ip-10-10-40-195,,splunk,,2022-04-15T12:06:30.126Z,
1,,,,SYSTEM,User,,,,,,Image loaded (rule: ImageLoad),Microsoft-Windows-Sysmon/Operational,,Microsoft Corporation,,,,Microsoft OLE for Windows,,,,,,,,,,,,NT AUTHORITY,,,,,7,,2022-04-15 8:06:30,2022-04-15 8:06:26,,3524,10.0.18362.1082 (WinBuild.160101.0800),,,,,"SHA1=C7BA959197D19EC7C8F7707B0D8BBE77E80A9DBE,MD5=D3BAA65CBCA982E5835AE33C2C7513E9,SHA256=56D18A442AD599B04C29D98AB9E2A1983959FB74AB27D4392667A975310754E8,IMPHASH=C908A257ACFAF3BDE15426EE5244D1EB",James.browne,C:\Windows\System32\BackgroundTransferHost.exe,C:\Windows\System32\ole32.dll,,,,,,,,-9223372036854775808,,,,,,,,,"Image loaded:
RuleName: -
UtcTime: 2022-04-15 12:06:26.472
ProcessGuid: {2d351099-5cc2-5f5f-3d04-000000000400}
ProcessId: 5696
Image: C:\Windows\System32\BackgroundTransferHost.exe
ImageLoaded: C:\Windows\System32\ole32.dll
FileVersion: 10.0.18362.1082 (WinBuild.160101.0800)
Description: Microsoft OLE for Windows
Product: Microsoft® Windows® Operating System
Company: Microsoft Corporation
OriginalFileName: OLE32.DLL
Hashes: SHA1=C7BA959197D19EC7C8F7707B0D8BBE77E80A9DBE,MD5=D3BAA65CBCA982E5835AE33C2C7513E9,SHA256=56D18A442AD599B04C29D98AB9E2A1983959FB74AB27D4392667A975310754E8,IMPHASH=C908A257ACFAF3BDE15426EE5244D1EB
Signed: true
Signature: Microsoft Windows
SignatureStatus: Valid",,,,,,,,Info,0,OLE32.DLL,,,,,,,,,{2d351099-5cc2-5f5f-3d04-000000000400},5696,,Microsoft® Windows® Operating System,,{5770385F-C22A-43E0-BF4C-06F5698FFBD9},,,,426578,,,,,,,-,,INFO,2,,,Microsoft Windows,Valid,TRUE,,,,,,,eventlog,im_msvistalog,Microsoft-Windows-Sysmon,,,,,,,,,,,,,,,,,,,,,,,,7,,,,4688,,,,,S-1-5-18,2022-04-15 12:06:26,3,,,"{""EventID"":7,""RecordNumber"":426578,""ProviderGuid"":""{5770385F-C22A-43E0-BF4C-06F5698FFBD9}"",""SourceName"":""Microsoft-Windows-Sysmon"",""OpcodeValue"":0,""AccountName"":""SYSTEM"",""SignatureStatus"":""Valid"",""SourceModuleName"":""eventlog"",""ExecutionProcessID"":3524,""AccountType"":""User"",""Category"":""Image loaded (rule: ImageLoad)"",""Domain"":""NT AUTHORITY"",""port"":60427,""Company"":""Microsoft Corporation"",""ThreadID"":4688,""Severity"":""INFO"",""EventType"":""INFO"",""Signed"":""true"",""Channel"":""Microsoft-Windows-Sysmon/Operational"",""Opcode"":""Info"",""EventReceivedTime"":""2022-04-15 08:06:30"",""ImageLoaded"":""C:\\Windows\\System32\\ole32.dll"",""Task"":7,""RuleName"":""-"",""Keywords"":-9223372036854775808,""Version"":3,""ProcessId"":""5696"",""Image"":""C:\\Windows\\System32\\BackgroundTransferHost.exe"",""Product"":""Microsoft® Windows® Operating System"",""tags"":[""splunk""],""EventTime"":""2022-04-15 08:06:26"",""host"":""cybertees.net"",""SeverityValue"":2,""Message"":""Image loaded:\r\nRuleName: -\r\nUtcTime: 2022-04-15 12:06:26.472\r\nProcessGuid: {2d351099-5cc2-5f5f-3d04-000000000400}\r\nProcessId: 5696\r\nImage: C:\\Windows\\System32\\BackgroundTransferHost.exe\r\nImageLoaded: C:\\Windows\\System32\\ole32.dll\r\nFileVersion: 10.0.18362.1082 (WinBuild.160101.0800)\r\nDescription: Microsoft OLE for Windows\r\nProduct: Microsoft® Windows® Operating System\r\nCompany: Microsoft Corporation\r\nOriginalFileName: OLE32.DLL\r\nHashes: SHA1=C7BA959197D19EC7C8F7707B0D8BBE77E80A9DBE,MD5=D3BAA65CBCA982E5835AE33C2C7513E9,SHA256=56D18A442AD599B04C29D98AB9E2A1983959FB74AB27D4392667A975310754E8,IMPHASH=C908A257ACFAF3BDE15426EE5244D1EB\r\nSigned: true\r\nSignature: Microsoft Windows\r\nSignatureStatus: Valid"",""UtcTime"":""2022-04-15 12:06:26.472"",""UserID"":""S-1-5-18"",""FileVersion"":""10.0.18362.1082 (WinBuild.160101.0800)"",""Description"":""Microsoft OLE for Windows"",""OriginalFileName"":""OLE32.DLL"",""timestamp"":""2022-04-15T12:06:30.125Z"",""Hashes"":""SHA1=C7BA959197D19EC7C8F7707B0D8BBE77E80A9DBE,MD5=D3BAA65CBCA982E5835AE33C2C7513E9,SHA256=56D18A442AD599B04C29D98AB9E2A1983959FB74AB27D4392667A975310754E8,IMPHASH=C908A257ACFAF3BDE15426EE5244D1EB"",""Signature"":""Microsoft Windows"",""@version"":""1"",""SourceModuleType"":""im_msvistalog"",""Hostname"":""James.browne"",""ProcessGuid"":""{2d351099-5cc2-5f5f-3d04-000000000400}""}",2022-04-15T08:06:28.000+0000,8,15,6,april,28,friday,2022,local,,INFO,cybertees.net,cyber-host,windowslogs,1,60427,"{"""":,"""":,"""":""{----}"","""":""--"","""":,"""":"""","""":"""","""":""""",Event_logs.json,_json,ip-10-10-40-195,,splunk,,2022-04-15T12:06:30.125Z,
1,,,,SYSTEM,User,,,,,,Image loaded (rule: ImageLoad),Microsoft-Windows-Sysmon/Operational,,Microsoft Corporation,,,,OLE32 Extensions for Win32,,,,,,,,,,,,NT AUTHORITY,,,,,7,,2022-04-15 8:06:30,2022-04-15 8:06:26,,3524,11.00.18362.815 (WinBuild.160101.0800),,,,,"SHA1=2EA4577B34C0955C4E16D6D67DF5F078DF142E7B,MD5=485794D66DD54BEC3E2540D886DF1F38,SHA256=FD3852EFFA554A3ACFDBEA5745E22D338DA3326F45943AD0F97290D6E02B6AB0,IMPHASH=75660DEE439E0444CAA3BB74E19C02F0",James.browne,C:\Windows\System32\BackgroundTransferHost.exe,C:\Windows\System32\urlmon.dll,,,,,,,,-9223372036854775808,,,,,,,,,"Image loaded:
RuleName: -
UtcTime: 2022-04-15 12:06:26.472
ProcessGuid: {2d351099-5cc2-5f5f-3d04-000000000400}
ProcessId: 5696
Image: C:\Windows\System32\BackgroundTransferHost.exe
ImageLoaded: C:\Windows\System32\urlmon.dll
FileVersion: 11.00.18362.815 (WinBuild.160101.0800)
Description: OLE32 Extensions for Win32
Product: Internet Explorer
Company: Microsoft Corporation
OriginalFileName: UrlMon.dll
Hashes: SHA1=2EA4577B34C0955C4E16D6D67DF5F078DF142E7B,MD5=485794D66DD54BEC3E2540D886DF1F38,SHA256=FD3852EFFA554A3ACFDBEA5745E22D338DA3326F45943AD0F97290D6E02B6AB0,IMPHASH=75660DEE439E0444CAA3BB74E19C02F0
Signed: true
Signature: Microsoft Windows
SignatureStatus: Valid",,,,,,,,Info,0,UrlMon.dll,,,,,,,,,{2d351099-5cc2-5f5f-3d04-000000000400},5696,,Internet Explorer,,{5770385F-C22A-43E0-BF4C-06F5698FFBD9},,,,426577,,,,,,,-,,INFO,2,,,Microsoft Windows,Valid,TRUE,,,,,,,eventlog,im_msvistalog,Microsoft-Windows-Sysmon,,,,,,,,,,,,,,,,,,,,,,,,7,,,,4688,,,,,S-1-5-18,2022-04-15 12:06:26,3,,,"{""EventID"":7,""RecordNumber"":426577,""ProviderGuid"":""{5770385F-C22A-43E0-BF4C-06F5698FFBD9}"",""SourceName"":""Microsoft-Windows-Sysmon"",""OpcodeValue"":0,""AccountName"":""SYSTEM"",""SignatureStatus"":""Valid"",""SourceModuleName"":""eventlog"",""ExecutionProcessID"":3524,""AccountType"":""User"",""Category"":""Image loaded (rule: ImageLoad)"",""Domain"":""NT AUTHORITY"",""port"":60427,""Company"":""Microsoft Corporation"",""ThreadID"":4688,""Severity"":""INFO"",""EventType"":""INFO"",""Signed"":""true"",""Channel"":""Microsoft-Windows-Sysmon/Operational"",""Opcode"":""Info"",""EventReceivedTime"":""2022-04-15 08:06:30"",""ImageLoaded"":""C:\\Windows\\System32\\urlmon.dll"",""Task"":7,""RuleName"":""-"",""Keywords"":-9223372036854775808,""Version"":3,""ProcessId"":""5696"",""Image"":""C:\\Windows\\System32\\BackgroundTransferHost.exe"",""Product"":""Internet Explorer"",""tags"":[""splunk""],""EventTime"":""2022-04-15 08:06:26"",""host"":""cybertees.net"",""SeverityValue"":2,""Message"":""Image loaded:\r\nRuleName: -\r\nUtcTime: 2022-04-15 12:06:26.472\r\nProcessGuid: {2d351099-5cc2-5f5f-3d04-000000000400}\r\nProcessId: 5696\r\nImage: C:\\Windows\\System32\\BackgroundTransferHost.exe\r\nImageLoaded: C:\\Windows\\System32\\urlmon.dll\r\nFileVersion: 11.00.18362.815 (WinBuild.160101.0800)\r\nDescription: OLE32 Extensions for Win32\r\nProduct: Internet Explorer\r\nCompany: Microsoft Corporation\r\nOriginalFileName: UrlMon.dll\r\nHashes: SHA1=2EA4577B34C0955C4E16D6D67DF5F078DF142E7B,MD5=485794D66DD54BEC3E2540D886DF1F38,SHA256=FD3852EFFA554A3ACFDBEA5745E22D338DA3326F45943AD0F97290D6E02B6AB0,IMPHASH=75660DEE439E0444CAA3BB74E19C02F0\r\nSigned: true\r\nSignature: Microsoft Windows\r\nSignatureStatus: Valid"",""UtcTime"":""2022-04-15 12:06:26.472"",""UserID"":""S-1-5-18"",""FileVersion"":""11.00.18362.815 (WinBuild.160101.0800)"",""Description"":""OLE32 Extensions for Win32"",""OriginalFileName"":""UrlMon.dll"",""timestamp"":""2022-04-15T12:06:30.125Z"",""Hashes"":""SHA1=2EA4577B34C0955C4E16D6D67DF5F078DF142E7B,MD5=485794D66DD54BEC3E2540D886DF1F38,SHA256=FD3852EFFA554A3ACFDBEA5745E22D338DA3326F45943AD0F97290D6E02B6AB0,IMPHASH=75660DEE439E0444CAA3BB74E19C02F0"",""Signature"":""Microsoft Windows"",""@version"":""1"",""SourceModuleType"":""im_msvistalog"",""Hostname"":""James.browne"",""ProcessGuid"":""{2d351099-5cc2-5f5f-3d04-000000000400}""}",2022-04-15T08:06:28.000+0000,8,15,6,april,28,friday,2022,local,,INFO,cybertees.net,cyber-host,windowslogs,1,60427,"{"""":,"""":,"""":""{----}"","""":""--"","""":,"""":"""","""":"""","""":""""",Event_logs.json,_json,ip-10-10-40-195,,splunk,,2022-04-15T12:06:30.125Z,
1,,,,SYSTEM,User,,,,,,Registry object added or deleted (rule: RegistryEvent),Microsoft-Windows-Sysmon/Operational,,,,,,,,,,,,,,,,,,NT AUTHORITY,,,,,12,,2022-04-15 8:06:30,2022-04-15 8:06:26,INFO,3524,,,,,,,James.browne,C:\windows\system32\svchost.exe,,,,,,,,,-9223372036854775808,,,,,,,,,"Registry object added or deleted:
RuleName: -
EventType: DeleteKey
UtcTime: 2022-04-15 12:06:26.472
ProcessGuid: {2d351099-43cd-5f5f-0e00-000000000400}
ProcessId: 876
Image: C:\windows\system32\svchost.exe
TargetObject: \REGISTRY\A\{880a2083-1f4b-4b97-aa60-39a324efa5ef}\Events\{245f1c0e-85fd-40ee-90a9-d5fef1759035}",,,,,,,,Info,0,,,,,,,,,,{2d351099-43cd-5f5f-0e00-000000000400},876,,,,{5770385F-C22A-43E0-BF4C-06F5698FFBD9},,,,426576,,,,,,,-,,INFO,2,,,,,,,,,,,,eventlog,im_msvistalog,Microsoft-Windows-Sysmon,,,,,,,,,,,,,,,,,\REGISTRY\A\{880a2083-1f4b-4b97-aa60-39a324efa5ef}\Events\{245f1c0e-85fd-40ee-90a9-d5fef1759035},,,,,,,12,,,,4688,,,,,S-1-5-18,2022-04-15 12:06:26,2,,,"{""Image"":""C:\\windows\\system32\\svchost.exe"",""ProcessId"":""876"",""EventID"":12,""tags"":[""splunk""],""RecordNumber"":426576,""ProviderGuid"":""{5770385F-C22A-43E0-BF4C-06F5698FFBD9}"",""SourceName"":""Microsoft-Windows-Sysmon"",""OpcodeValue"":0,""EventTime"":""2022-04-15 08:06:26"",""AccountName"":""SYSTEM"",""host"":""cybertees.net"",""SeverityValue"":2,""ExecutionProcessID"":3524,""AccountType"":""User"",""Category"":""Registry object added or deleted (rule: RegistryEvent)"",""SourceModuleName"":""eventlog"",""Domain"":""NT AUTHORITY"",""Message"":""Registry object added or deleted:\r\nRuleName: -\r\nEventType: DeleteKey\r\nUtcTime: 2022-04-15 12:06:26.472\r\nProcessGuid: {2d351099-43cd-5f5f-0e00-000000000400}\r\nProcessId: 876\r\nImage: C:\\windows\\system32\\svchost.exe\r\nTargetObject: \\REGISTRY\\A\\{880a2083-1f4b-4b97-aa60-39a324efa5ef}\\Events\\{245f1c0e-85fd-40ee-90a9-d5fef1759035}"",""port"":60427,""UserID"":""S-1-5-18"",""UtcTime"":""2022-04-15 12:06:26.472"",""timestamp"":""2022-04-15T12:06:30.125Z"",""ThreadID"":4688,""Severity"":""INFO"",""EventTypeOrignal"":""INFO"",""EventType"":""DeleteKey"",""Channel"":""Microsoft-Windows-Sysmon/Operational"",""TargetObject"":""\\REGISTRY\\A\\{880a2083-1f4b-4b97-aa60-39a324efa5ef}\\Events\\{245f1c0e-85fd-40ee-90a9-d5fef1759035}"",""Opcode"":""Info"",""EventReceivedTime"":""2022-04-15 08:06:30"",""@version"":""1"",""Task"":12,""SourceModuleType"":""im_msvistalog"",""RuleName"":""-"",""Hostname"":""James.browne"",""Keywords"":-9223372036854775808,""Version"":2,""ProcessGuid"":""{2d351099-43cd-5f5f-0e00-000000000400}""}",2022-04-15T08:06:28.000+0000,8,15,6,april,28,friday,2022,local,,DeleteKey,cybertees.net,cyber-host,windowslogs,1,60427,"{"""":"":\\\\\\."","""":"""","""":,"""":[""""],"""":,"""":""{----}"",""",Event_logs.json,_json,ip-10-10-40-195,,splunk,,2022-04-15T12:06:30.125Z,
1,,,,SYSTEM,User,,,,,,Registry object added or deleted (rule: RegistryEvent),Microsoft-Windows-Sysmon/Operational,,,,,,,,,,,,,,,,,,NT AUTHORITY,,,,,12,,2022-04-15 8:06:30,2022-04-15 8:06:26,INFO,3524,,,,,,,James.browne,C:\windows\system32\svchost.exe,,,,,,,,,-9223372036854775808,,,,,,,,,"Registry object added or deleted:
RuleName: -
EventType: DeleteKey
UtcTime: 2022-04-15 12:06:26.472
ProcessGuid: {2d351099-43cd-5f5f-0e00-000000000400}
ProcessId: 876
Image: C:\windows\system32\svchost.exe
TargetObject: \REGISTRY\A\{880a2083-1f4b-4b97-aa60-39a324efa5ef}\Events\{c871e2c6-dd9c-444e-804c-d0517e4e8cf9}",,,,,,,,Info,0,,,,,,,,,,{2d351099-43cd-5f5f-0e00-000000000400},876,,,,{5770385F-C22A-43E0-BF4C-06F5698FFBD9},,,,426575,,,,,,,-,,INFO,2,,,,,,,,,,,,eventlog,im_msvistalog,Microsoft-Windows-Sysmon,,,,,,,,,,,,,,,,,\REGISTRY\A\{880a2083-1f4b-4b97-aa60-39a324efa5ef}\Events\{c871e2c6-dd9c-444e-804c-d0517e4e8cf9},,,,,,,12,,,,4688,,,,,S-1-5-18,2022-04-15 12:06:26,2,,,"{""Image"":""C:\\windows\\system32\\svchost.exe"",""ProcessId"":""876"",""EventID"":12,""tags"":[""splunk""],""RecordNumber"":426575,""ProviderGuid"":""{5770385F-C22A-43E0-BF4C-06F5698FFBD9}"",""SourceName"":""Microsoft-Windows-Sysmon"",""OpcodeValue"":0,""EventTime"":""2022-04-15 08:06:26"",""AccountName"":""SYSTEM"",""host"":""cybertees.net"",""SeverityValue"":2,""ExecutionProcessID"":3524,""AccountType"":""User"",""Category"":""Registry object added or deleted (rule: RegistryEvent)"",""SourceModuleName"":""eventlog"",""Domain"":""NT AUTHORITY"",""Message"":""Registry object added or deleted:\r\nRuleName: -\r\nEventType: DeleteKey\r\nUtcTime: 2022-04-15 12:06:26.472\r\nProcessGuid: {2d351099-43cd-5f5f-0e00-000000000400}\r\nProcessId: 876\r\nImage: C:\\windows\\system32\\svchost.exe\r\nTargetObject: \\REGISTRY\\A\\{880a2083-1f4b-4b97-aa60-39a324efa5ef}\\Events\\{c871e2c6-dd9c-444e-804c-d0517e4e8cf9}"",""port"":60427,""UserID"":""S-1-5-18"",""UtcTime"":""2022-04-15 12:06:26.472"",""timestamp"":""2022-04-15T12:06:30.124Z"",""ThreadID"":4688,""Severity"":""INFO"",""EventTypeOrignal"":""INFO"",""EventType"":""DeleteKey"",""Channel"":""Microsoft-Windows-Sysmon/Operational"",""TargetObject"":""\\REGISTRY\\A\\{880a2083-1f4b-4b97-aa60-39a324efa5ef}\\Events\\{c871e2c6-dd9c-444e-804c-d0517e4e8cf9}"",""Opcode"":""Info"",""EventReceivedTime"":""2022-04-15 08:06:30"",""@version"":""1"",""Task"":12,""SourceModuleType"":""im_msvistalog"",""RuleName"":""-"",""Hostname"":""James.browne"",""Keywords"":-9223372036854775808,""Version"":2,""ProcessGuid"":""{2d351099-43cd-5f5f-0e00-000000000400}""}",2022-04-15T08:06:28.000+0000,8,15,6,april,28,friday,2022,local,,DeleteKey,cybertees.net,cyber-host,windowslogs,1,60427,"{"""":"":\\\\\\."","""":"""","""":,"""":[""""],"""":,"""":""{----}"",""",Event_logs.json,_json,ip-10-10-40-195,,splunk,,2022-04-15T12:06:30.124Z,
1,,,,SYSTEM,User,,,,,,Registry object added or deleted (rule: RegistryEvent),Microsoft-Windows-Sysmon/Operational,,,,,,,,,,,,,,,,,,NT AUTHORITY,,,,,12,,2022-04-15 8:06:30,2022-04-15 8:06:26,INFO,3524,,,,,,,James.browne,C:\windows\system32\svchost.exe,,,,,,,,,-9223372036854775808,,,,,,,,,"Registry object added or deleted:
RuleName: -
EventType: DeleteKey
UtcTime: 2022-04-15 12:06:26.472
ProcessGuid: {2d351099-43cd-5f5f-0e00-000000000400}
ProcessId: 876
Image: C:\windows\system32\svchost.exe
TargetObject: \REGISTRY\A\{880a2083-1f4b-4b97-aa60-39a324efa5ef}\Events\{f0a2195e-b245-42cd-ba11-7620779a68bf}",,,,,,,,Info,0,,,,,,,,,,{2d351099-43cd-5f5f-0e00-000000000400},876,,,,{5770385F-C22A-43E0-BF4C-06F5698FFBD9},,,,426574,,,,,,,-,,INFO,2,,,,,,,,,,,,eventlog,im_msvistalog,Microsoft-Windows-Sysmon,,,,,,,,,,,,,,,,,\REGISTRY\A\{880a2083-1f4b-4b97-aa60-39a324efa5ef}\Events\{f0a2195e-b245-42cd-ba11-7620779a68bf},,,,,,,12,,,,4688,,,,,S-1-5-18,2022-04-15 12:06:26,2,,,"{""Image"":""C:\\windows\\system32\\svchost.exe"",""ProcessId"":""876"",""EventID"":12,""tags"":[""splunk""],""RecordNumber"":426574,""ProviderGuid"":""{5770385F-C22A-43E0-BF4C-06F5698FFBD9}"",""SourceName"":""Microsoft-Windows-Sysmon"",""OpcodeValue"":0,""EventTime"":""2022-04-15 08:06:26"",""AccountName"":""SYSTEM"",""host"":""cybertees.net"",""SeverityValue"":2,""ExecutionProcessID"":3524,""AccountType"":""User"",""Category"":""Registry object added or deleted (rule: RegistryEvent)"",""SourceModuleName"":""eventlog"",""Domain"":""NT AUTHORITY"",""Message"":""Registry object added or deleted:\r\nRuleName: -\r\nEventType: DeleteKey\r\nUtcTime: 2022-04-15 12:06:26.472\r\nProcessGuid: {2d351099-43cd-5f5f-0e00-000000000400}\r\nProcessId: 876\r\nImage: C:\\windows\\system32\\svchost.exe\r\nTargetObject: \\REGISTRY\\A\\{880a2083-1f4b-4b97-aa60-39a324efa5ef}\\Events\\{f0a2195e-b245-42cd-ba11-7620779a68bf}"",""port"":60427,""UserID"":""S-1-5-18"",""UtcTime"":""2022-04-15 12:06:26.472"",""timestamp"":""2022-04-15T12:06:30.123Z"",""ThreadID"":4688,""Severity"":""INFO"",""EventTypeOrignal"":""INFO"",""EventType"":""DeleteKey"",""Channel"":""Microsoft-Windows-Sysmon/Operational"",""TargetObject"":""\\REGISTRY\\A\\{880a2083-1f4b-4b97-aa60-39a324efa5ef}\\Events\\{f0a2195e-b245-42cd-ba11-7620779a68bf}"",""Opcode"":""Info"",""EventReceivedTime"":""2022-04-15 08:06:30"",""@version"":""1"",""Task"":12,""SourceModuleType"":""im_msvistalog"",""RuleName"":""-"",""Hostname"":""James.browne"",""Keywords"":-9223372036854775808,""Version"":2,""ProcessGuid"":""{2d351099-43cd-5f5f-0e00-000000000400}""}",2022-04-15T08:06:28.000+0000,8,15,6,april,28,friday,2022,local,,DeleteKey,cybertees.net,cyber-host,windowslogs,1,60427,"{"""":"":\\\\\\."","""":"""","""":,"""":[""""],"""":,"""":""{----}"",""",Event_logs.json,_json,ip-10-10-40-195,,splunk,,2022-04-15T12:06:30.123Z,
