Disabled Privileges:
			-",,,,,,,,Info,0,,,,,,,,,,,0xcac,C:\Windows\System32\svchost.exe,,,{54849625-5478-4994-A5BA-3E3B0328C30D},,,,73773,,,,,,,,,INFO,2,,,,,,,,,,,,eventlog,im_msvistalog,Microsoft-Windows-Security-Auditing,,,,,,,Cybertees,0x3e7,WORKSTATION5$,S-1-5-18,Cybertees,,,,,0x3e7,,,,,,WORKSTATION5$,S-1-5-18,13317,,,,1512,,,,,,,0,,,"{""tags"":[""splunk""],""EventID"":4703,""RecordNumber"":73773,""ProviderGuid"":""{54849625-5478-4994-A5BA-3E3B0328C30D}"",""SourceName"":""Microsoft-Windows-Security-Auditing"",""OpcodeValue"":0,""EventTime"":""2022-04-15 08:06:08"",""SubjectUserSid"":""S-1-5-18"",""host"":""cybertees.net"",""SeverityValue"":2,""ExecutionProcessID"":4,""Category"":""Token Right Adjusted Events"",""SubjectLogonId"":""0x3e7"",""TargetUserName"":""WORKSTATION5$"",""SourceModuleName"":""eventlog"",""Message"":""A token right was adjusted.\r\n\r\nSubject:\r\n\tSecurity ID:\t\tS-1-5-18\r\n\tAccount Name:\t\tWORKSTATION5$\r\n\tAccount Domain:\t\tCybertees\r\n\tLogon ID:\t\t0x3E7\r\n\r\nTarget Account:\r\n\tSecurity ID:\t\tS-1-5-18\r\n\tAccount Name:\t\tWORKSTATION5$\r\n\tAccount Domain:\t\tCybertees\r\n\tLogon ID:\t\t0x3E7\r\n\r\nProcess Information:\r\n\tProcess ID:\t\t0xcac\r\n\tProcess Name:\t\tC:\\Windows\\System32\\svchost.exe\r\n\r\nEnabled Privileges:\r\n\t\t\tSeAssignPrimaryTokenPrivilege\r\n\t\t\tSeIncreaseQuotaPrivilege\r\n\t\t\tSeSecurityPrivilege\r\n\t\t\tSeTakeOwnershipPrivilege\r\n\t\t\tSeLoadDriverPrivilege\r\n\t\t\tSeSystemtimePrivilege\r\n\t\t\tSeBackupPrivilege\r\n\t\t\tSeRestorePrivilege\r\n\t\t\tSeShutdownPrivilege\r\n\t\t\tSeSystemEnvironmentPrivilege\r\n\t\t\tSeUndockPrivilege\r\n\t\t\tSeManageVolumePrivilege\r\n\r\nDisabled Privileges:\r\n\t\t\t-"",""port"":60427,""TargetUserSid"":""S-1-5-18"",""timestamp"":""2022-04-15T12:06:10.384Z"",""ThreadID"":1512,""SubjectUserName"":""WORKSTATION5$"",""Severity"":""INFO"",""ProcessName"":""C:\\Windows\\System32\\svchost.exe"",""DisabledPrivilegeList"":""-"",""EventType"":""AUDIT_SUCCESS"",""Channel"":""Security"",""TargetLogonId"":""0x3e7"",""Opcode"":""Info"",""EnabledPrivilegeList"":""SeAssignPrimaryTokenPrivilege\r\n\t\t\tSeIncreaseQuotaPrivilege\r\n\t\t\tSeSecurityPrivilege\r\n\t\t\tSeTakeOwnershipPrivilege\r\n\t\t\tSeLoadDriverPrivilege\r\n\t\t\tSeSystemtimePrivilege\r\n\t\t\tSeBackupPrivilege\r\n\t\t\tSeRestorePrivilege\r\n\t\t\tSeShutdownPrivilege\r\n\t\t\tSeSystemEnvironmentPrivilege\r\n\t\t\tSeUndockPrivilege\r\n\t\t\tSeManageVolumePrivilege"",""EventReceivedTime"":""2022-04-15 08:06:10"",""@version"":""1"",""Task"":13317,""SubjectDomainName"":""Cybertees"",""SourceModuleType"":""im_msvistalog"",""TargetDomainName"":""Cybertees"",""Hostname"":""James.browne"",""Keywords"":-9214364837600034816,""Version"":0,""ProcessId"":""0xcac""}",2022-04-15T08:06:07.000+0000,8,15,6,april,7,friday,2022,local,,AUDIT_SUCCESS,cybertees.net,cyber-host,windowslogs,1,60427,"{"""":[""""],"""":,"""":,"""":""{----}"","""":""---"","""":,"""":""--_:",Event_logs.json,_json,ip-10-10-40-195,,splunk,,2022-04-15T12:06:10.384Z,
1,,,,,,,,,,,Token Right Adjusted Events,Security,,,,,,,,,,,,,,,,,-,,,,"SeAssignPrimaryTokenPrivilege
			SeIncreaseQuotaPrivilege
			SeSecurityPrivilege
			SeTakeOwnershipPrivilege
			SeLoadDriverPrivilege
			SeSystemtimePrivilege
			SeBackupPrivilege
			SeRestorePrivilege
			SeShutdownPrivilege
			SeSystemEnvironmentPrivilege
			SeUndockPrivilege
			SeManageVolumePrivilege",,4703,,2022-04-15 8:06:10,2022-04-15 8:06:08,,4,,,,,,,James.browne,,,,,,,,,,-9214364837600034816,,,,,,,,,"A token right was adjusted.

Subject:
	Security ID:		S-1-5-18
	Account Name:		WORKSTATION5$
	Account Domain:		Cybertees
	Logon ID:		0x3E7

Target Account:
	Security ID:		S-1-5-18
	Account Name:		WORKSTATION5$
	Account Domain:		Cybertees
	Logon ID:		0x3E7

Process Information:
	Process ID:		0xcac
	Process Name:		C:\Windows\System32\svchost.exe

Enabled Privileges:
			SeAssignPrimaryTokenPrivilege
			SeIncreaseQuotaPrivilege
			SeSecurityPrivilege
			SeTakeOwnershipPrivilege
			SeLoadDriverPrivilege
			SeSystemtimePrivilege
			SeBackupPrivilege
			SeRestorePrivilege
			SeShutdownPrivilege
			SeSystemEnvironmentPrivilege
			SeUndockPrivilege
			SeManageVolumePrivilege

Disabled Privileges:
			-",,,,,,,,Info,0,,,,,,,,,,,0xcac,C:\Windows\System32\svchost.exe,,,{54849625-5478-4994-A5BA-3E3B0328C30D},,,,73772,,,,,,,,,INFO,2,,,,,,,,,,,,eventlog,im_msvistalog,Microsoft-Windows-Security-Auditing,,,,,,,Cybertees,0x3e7,WORKSTATION5$,S-1-5-18,Cybertees,,,,,0x3e7,,,,,,WORKSTATION5$,S-1-5-18,13317,,,,1512,,,,,,,0,,,"{""tags"":[""splunk""],""EventID"":4703,""RecordNumber"":73772,""ProviderGuid"":""{54849625-5478-4994-A5BA-3E3B0328C30D}"",""SourceName"":""Microsoft-Windows-Security-Auditing"",""OpcodeValue"":0,""EventTime"":""2022-04-15 08:06:08"",""SubjectUserSid"":""S-1-5-18"",""host"":""cybertees.net"",""SeverityValue"":2,""ExecutionProcessID"":4,""Category"":""Token Right Adjusted Events"",""SubjectLogonId"":""0x3e7"",""TargetUserName"":""WORKSTATION5$"",""SourceModuleName"":""eventlog"",""Message"":""A token right was adjusted.\r\n\r\nSubject:\r\n\tSecurity ID:\t\tS-1-5-18\r\n\tAccount Name:\t\tWORKSTATION5$\r\n\tAccount Domain:\t\tCybertees\r\n\tLogon ID:\t\t0x3E7\r\n\r\nTarget Account:\r\n\tSecurity ID:\t\tS-1-5-18\r\n\tAccount Name:\t\tWORKSTATION5$\r\n\tAccount Domain:\t\tCybertees\r\n\tLogon ID:\t\t0x3E7\r\n\r\nProcess Information:\r\n\tProcess ID:\t\t0xcac\r\n\tProcess Name:\t\tC:\\Windows\\System32\\svchost.exe\r\n\r\nEnabled Privileges:\r\n\t\t\tSeAssignPrimaryTokenPrivilege\r\n\t\t\tSeIncreaseQuotaPrivilege\r\n\t\t\tSeSecurityPrivilege\r\n\t\t\tSeTakeOwnershipPrivilege\r\n\t\t\tSeLoadDriverPrivilege\r\n\t\t\tSeSystemtimePrivilege\r\n\t\t\tSeBackupPrivilege\r\n\t\t\tSeRestorePrivilege\r\n\t\t\tSeShutdownPrivilege\r\n\t\t\tSeSystemEnvironmentPrivilege\r\n\t\t\tSeUndockPrivilege\r\n\t\t\tSeManageVolumePrivilege\r\n\r\nDisabled Privileges:\r\n\t\t\t-"",""port"":60427,""TargetUserSid"":""S-1-5-18"",""timestamp"":""2022-04-15T12:06:10.383Z"",""ThreadID"":1512,""SubjectUserName"":""WORKSTATION5$"",""Severity"":""INFO"",""ProcessName"":""C:\\Windows\\System32\\svchost.exe"",""DisabledPrivilegeList"":""-"",""EventType"":""AUDIT_SUCCESS"",""Channel"":""Security"",""TargetLogonId"":""0x3e7"",""Opcode"":""Info"",""EnabledPrivilegeList"":""SeAssignPrimaryTokenPrivilege\r\n\t\t\tSeIncreaseQuotaPrivilege\r\n\t\t\tSeSecurityPrivilege\r\n\t\t\tSeTakeOwnershipPrivilege\r\n\t\t\tSeLoadDriverPrivilege\r\n\t\t\tSeSystemtimePrivilege\r\n\t\t\tSeBackupPrivilege\r\n\t\t\tSeRestorePrivilege\r\n\t\t\tSeShutdownPrivilege\r\n\t\t\tSeSystemEnvironmentPrivilege\r\n\t\t\tSeUndockPrivilege\r\n\t\t\tSeManageVolumePrivilege"",""EventReceivedTime"":""2022-04-15 08:06:10"",""@version"":""1"",""Task"":13317,""SubjectDomainName"":""Cybertees"",""SourceModuleType"":""im_msvistalog"",""TargetDomainName"":""Cybertees"",""Hostname"":""James.browne"",""Keywords"":-9214364837600034816,""Version"":0,""ProcessId"":""0xcac""}",2022-04-15T08:06:07.000+0000,8,15,6,april,7,friday,2022,local,,AUDIT_SUCCESS,cybertees.net,cyber-host,windowslogs,1,60427,"{"""":[""""],"""":,"""":,"""":""{----}"","""":""---"","""":,"""":""--_:",Event_logs.json,_json,ip-10-10-40-195,,splunk,,2022-04-15T12:06:10.383Z,
1,,,,,,,,,,,Token Right Adjusted Events,Security,,,,,,,,,,,,,,,,,-,,,,"SeAssignPrimaryTokenPrivilege
			SeIncreaseQuotaPrivilege
			SeSecurityPrivilege
			SeTakeOwnershipPrivilege
			SeLoadDriverPrivilege
			SeBackupPrivilege
			SeRestorePrivilege
			SeShutdownPrivilege
			SeSystemEnvironmentPrivilege
			SeManageVolumePrivilege",,4703,,2022-04-15 8:06:10,2022-04-15 8:06:08,,4,,,,,,,James.browne,,,,,,,,,,-9214364837600034816,,,,,,,,,"A token right was adjusted.

Subject:
	Security ID:		S-1-5-18
	Account Name:		WORKSTATION5$
	Account Domain:		Cybertees
	Logon ID:		0x3E7

Target Account:
	Security ID:		S-1-5-18
	Account Name:		WORKSTATION5$
	Account Domain:		Cybertees
	Logon ID:		0x3E7

Process Information:
	Process ID:		0xcac
	Process Name:		C:\Windows\System32\svchost.exe

Enabled Privileges:
			SeAssignPrimaryTokenPrivilege
			SeIncreaseQuotaPrivilege
			SeSecurityPrivilege
			SeTakeOwnershipPrivilege
			SeLoadDriverPrivilege
			SeBackupPrivilege
			SeRestorePrivilege
			SeShutdownPrivilege
			SeSystemEnvironmentPrivilege
			SeManageVolumePrivilege

Disabled Privileges:
			-",,,,,,,,Info,0,,,,,,,,,,,0xcac,C:\Windows\System32\svchost.exe,,,{54849625-5478-4994-A5BA-3E3B0328C30D},,,,73771,,,,,,,,,INFO,2,,,,,,,,,,,,eventlog,im_msvistalog,Microsoft-Windows-Security-Auditing,,,,,,,Cybertees,0x3e7,WORKSTATION5$,S-1-5-18,Cybertees,,,,,0x3e7,,,,,,WORKSTATION5$,S-1-5-18,13317,,,,1512,,,,,,,0,,,"{""tags"":[""splunk""],""EventID"":4703,""RecordNumber"":73771,""ProviderGuid"":""{54849625-5478-4994-A5BA-3E3B0328C30D}"",""SourceName"":""Microsoft-Windows-Security-Auditing"",""OpcodeValue"":0,""EventTime"":""2022-04-15 08:06:08"",""SubjectUserSid"":""S-1-5-18"",""host"":""cybertees.net"",""SeverityValue"":2,""ExecutionProcessID"":4,""Category"":""Token Right Adjusted Events"",""SubjectLogonId"":""0x3e7"",""TargetUserName"":""WORKSTATION5$"",""SourceModuleName"":""eventlog"",""Message"":""A token right was adjusted.\r\n\r\nSubject:\r\n\tSecurity ID:\t\tS-1-5-18\r\n\tAccount Name:\t\tWORKSTATION5$\r\n\tAccount Domain:\t\tCybertees\r\n\tLogon ID:\t\t0x3E7\r\n\r\nTarget Account:\r\n\tSecurity ID:\t\tS-1-5-18\r\n\tAccount Name:\t\tWORKSTATION5$\r\n\tAccount Domain:\t\tCybertees\r\n\tLogon ID:\t\t0x3E7\r\n\r\nProcess Information:\r\n\tProcess ID:\t\t0xcac\r\n\tProcess Name:\t\tC:\\Windows\\System32\\svchost.exe\r\n\r\nEnabled Privileges:\r\n\t\t\tSeAssignPrimaryTokenPrivilege\r\n\t\t\tSeIncreaseQuotaPrivilege\r\n\t\t\tSeSecurityPrivilege\r\n\t\t\tSeTakeOwnershipPrivilege\r\n\t\t\tSeLoadDriverPrivilege\r\n\t\t\tSeBackupPrivilege\r\n\t\t\tSeRestorePrivilege\r\n\t\t\tSeShutdownPrivilege\r\n\t\t\tSeSystemEnvironmentPrivilege\r\n\t\t\tSeManageVolumePrivilege\r\n\r\nDisabled Privileges:\r\n\t\t\t-"",""port"":60427,""TargetUserSid"":""S-1-5-18"",""timestamp"":""2022-04-15T12:06:10.383Z"",""ThreadID"":1512,""SubjectUserName"":""WORKSTATION5$"",""Severity"":""INFO"",""ProcessName"":""C:\\Windows\\System32\\svchost.exe"",""DisabledPrivilegeList"":""-"",""EventType"":""AUDIT_SUCCESS"",""Channel"":""Security"",""TargetLogonId"":""0x3e7"",""Opcode"":""Info"",""EnabledPrivilegeList"":""SeAssignPrimaryTokenPrivilege\r\n\t\t\tSeIncreaseQuotaPrivilege\r\n\t\t\tSeSecurityPrivilege\r\n\t\t\tSeTakeOwnershipPrivilege\r\n\t\t\tSeLoadDriverPrivilege\r\n\t\t\tSeBackupPrivilege\r\n\t\t\tSeRestorePrivilege\r\n\t\t\tSeShutdownPrivilege\r\n\t\t\tSeSystemEnvironmentPrivilege\r\n\t\t\tSeManageVolumePrivilege"",""EventReceivedTime"":""2022-04-15 08:06:10"",""@version"":""1"",""Task"":13317,""SubjectDomainName"":""Cybertees"",""SourceModuleType"":""im_msvistalog"",""TargetDomainName"":""Cybertees"",""Hostname"":""James.browne"",""Keywords"":-9214364837600034816,""Version"":0,""ProcessId"":""0xcac""}",2022-04-15T08:06:07.000+0000,8,15,6,april,7,friday,2022,local,,AUDIT_SUCCESS,cybertees.net,cyber-host,windowslogs,1,60427,"{"""":[""""],"""":,"""":,"""":""{----}"","""":""---"","""":,"""":""--_:",Event_logs.json,_json,ip-10-10-40-195,,splunk,,2022-04-15T12:06:10.383Z,
1,,,,,,,\device\harddiskvolume2\windows\system32\svchost.exe,,,,Filtering Platform Connection,Security,,,,,,,,,,,,,,,,,,,,,,,5154,,2022-04-15 8:06:10,2022-04-15 8:06:08,,4,,69170,,,,,James.browne,,,,,,,,,,-9214364837600034816,%%14609,42,,,,,,,"The Windows Filtering Platform has permitted an application or service to listen on a port for incoming connections.

Application Information:
	Process ID:		8632
	Application Name:	\device\harddiskvolume2\windows\system32\svchost.exe

Network Information:
	Source Address:		::
	Source Port:		7680
	Protocol:		6

Filter Information:
	Filter Run-Time ID:	69170
	Layer Name:		Listen
	Layer Run-Time ID:	42",,,,,,,,Info,0,,,,,,,,,,,8632,,,6,{54849625-5478-4994-A5BA-3E3B0328C30D},,,,73770,,,,,,,,,INFO,2,,,,,,::,,,,,,eventlog,im_msvistalog,Microsoft-Windows-Security-Auditing,7680,,,,,,,,,,,,,,,,,,,,,,,12810,,,,5692,,,,,,,0,,,"{""ProcessId"":""8632"",""tags"":[""splunk""],""EventID"":5154,""RecordNumber"":73770,""ProviderGuid"":""{54849625-5478-4994-A5BA-3E3B0328C30D}"",""SourceName"":""Microsoft-Windows-Security-Auditing"",""OpcodeValue"":0,""EventTime"":""2022-04-15 08:06:08"",""FilterRTID"":""69170"",""host"":""cybertees.net"",""SeverityValue"":2,""ExecutionProcessID"":4,""Category"":""Filtering Platform Connection"",""SourceModuleName"":""eventlog"",""Message"":""The Windows Filtering Platform has permitted an application or service to listen on a port for incoming connections.\r\n\r\nApplication Information:\r\n\tProcess ID:\t\t8632\r\n\tApplication Name:\t\\device\\harddiskvolume2\\windows\\system32\\svchost.exe\r\n\r\nNetwork Information:\r\n\tSource Address:\t\t::\r\n\tSource Port:\t\t7680\r\n\tProtocol:\t\t6\r\n\r\nFilter Information:\r\n\tFilter Run-Time ID:\t69170\r\n\tLayer Name:\t\tListen\r\n\tLayer Run-Time ID:\t42"",""port"":60427,""Protocol"":""6"",""timestamp"":""2022-04-15T12:06:10.383Z"",""ThreadID"":5692,""Severity"":""INFO"",""EventType"":""AUDIT_SUCCESS"",""Channel"":""Security"",""SourceAddress"":""::"",""Opcode"":""Info"",""EventReceivedTime"":""2022-04-15 08:06:10"",""@version"":""1"",""Task"":12810,""SourceModuleType"":""im_msvistalog"",""LayerName"":""%%14609"",""LayerRTID"":""42"",""Hostname"":""James.browne"",""Application"":""\\device\\harddiskvolume2\\windows\\system32\\svchost.exe"",""Keywords"":-9214364837600034816,""Version"":0,""SourcePort"":""7680""}",2022-04-15T08:06:07.000+0000,8,15,6,april,7,friday,2022,local,,AUDIT_SUCCESS,cybertees.net,cyber-host,windowslogs,1,60427,"{"""":"""","""":[""""],"""":,"""":,"""":""{----}"","""":""---"","""":,""""",Event_logs.json,_json,ip-10-10-40-195,,splunk,,2022-04-15T12:06:10.383Z,
1,,,,,,,\device\harddiskvolume2\windows\system32\svchost.exe,,,,Filtering Platform Connection,Security,,,,,,,,,,,,,,,,,,,,,,,5158,,2022-04-15 8:06:10,2022-04-15 8:06:08,,4,,0,,,,,James.browne,,,,,,,,,,-9214364837600034816,%%14608,38,,,,,,,"The Windows Filtering Platform has permitted a bind to a local port.

Application Information:
	Process ID:		8632
	Application Name:	\device\harddiskvolume2\windows\system32\svchost.exe

Network Information:
	Source Address:		::
	Source Port:		7680
	Protocol:		6

Filter Information:
	Filter Run-Time ID:	0
	Layer Name:		Resource Assignment
	Layer Run-Time ID:	38",,,,,,,,Info,0,,,,,,,,,,,8632,,,6,{54849625-5478-4994-A5BA-3E3B0328C30D},,,,73769,,,,,,,,,INFO,2,,,,,,::,,,,,,eventlog,im_msvistalog,Microsoft-Windows-Security-Auditing,7680,,,,,,,,,,,,,,,,,,,,,,,12810,,,,5692,,,,,,,0,,,"{""ProcessId"":""8632"",""tags"":[""splunk""],""EventID"":5158,""RecordNumber"":73769,""ProviderGuid"":""{54849625-5478-4994-A5BA-3E3B0328C30D}"",""SourceName"":""Microsoft-Windows-Security-Auditing"",""OpcodeValue"":0,""EventTime"":""2022-04-15 08:06:08"",""FilterRTID"":""0"",""host"":""cybertees.net"",""SeverityValue"":2,""ExecutionProcessID"":4,""Category"":""Filtering Platform Connection"",""SourceModuleName"":""eventlog"",""Message"":""The Windows Filtering Platform has permitted a bind to a local port.\r\n\r\nApplication Information:\r\n\tProcess ID:\t\t8632\r\n\tApplication Name:\t\\device\\harddiskvolume2\\windows\\system32\\svchost.exe\r\n\r\nNetwork Information:\r\n\tSource Address:\t\t::\r\n\tSource Port:\t\t7680\r\n\tProtocol:\t\t6\r\n\r\nFilter Information:\r\n\tFilter Run-Time ID:\t0\r\n\tLayer Name:\t\tResource Assignment\r\n\tLayer Run-Time ID:\t38"",""port"":60427,""Protocol"":""6"",""timestamp"":""2022-04-15T12:06:10.382Z"",""ThreadID"":5692,""Severity"":""INFO"",""EventType"":""AUDIT_SUCCESS"",""Channel"":""Security"",""SourceAddress"":""::"",""Opcode"":""Info"",""EventReceivedTime"":""2022-04-15 08:06:10"",""@version"":""1"",""Task"":12810,""SourceModuleType"":""im_msvistalog"",""LayerName"":""%%14608"",""LayerRTID"":""38"",""Hostname"":""James.browne"",""Application"":""\\device\\harddiskvolume2\\windows\\system32\\svchost.exe"",""Keywords"":-9214364837600034816,""Version"":0,""SourcePort"":""7680""}",2022-04-15T08:06:07.000+0000,8,15,6,april,7,friday,2022,local,,AUDIT_SUCCESS,cybertees.net,cyber-host,windowslogs,1,60427,"{"""":"""","""":[""""],"""":,"""":,"""":""{----}"","""":""---"","""":,""""",Event_logs.json,_json,ip-10-10-40-195,,splunk,,2022-04-15T12:06:10.382Z,
1,,,,,,,\device\harddiskvolume2\windows\system32\svchost.exe,,,,Filtering Platform Connection,Security,,,,,,,,,,,,,,,,,,,,,,,5158,,2022-04-15 8:06:10,2022-04-15 8:06:08,,4,,0,,,,,James.browne,,,,,,,,,,-9214364837600034816,%%14608,36,,,,,,,"The Windows Filtering Platform has permitted a bind to a local port.

Application Information:
	Process ID:		8632
	Application Name:	\device\harddiskvolume2\windows\system32\svchost.exe

Network Information:
	Source Address:		::
	Source Port:		7680
	Protocol:		6

Filter Information:
	Filter Run-Time ID:	0
	Layer Name:		Resource Assignment
	Layer Run-Time ID:	36",,,,,,,,Info,0,,,,,,,,,,,8632,,,6,{54849625-5478-4994-A5BA-3E3B0328C30D},,,,73768,,,,,,,,,INFO,2,,,,,,::,,,,,,eventlog,im_msvistalog,Microsoft-Windows-Security-Auditing,7680,,,,,,,,,,,,,,,,,,,,,,,12810,,,,5692,,,,,,,0,,,"{""ProcessId"":""8632"",""tags"":[""splunk""],""EventID"":5158,""RecordNumber"":73768,""ProviderGuid"":""{54849625-5478-4994-A5BA-3E3B0328C30D}"",""SourceName"":""Microsoft-Windows-Security-Auditing"",""OpcodeValue"":0,""EventTime"":""2022-04-15 08:06:08"",""FilterRTID"":""0"",""host"":""cybertees.net"",""SeverityValue"":2,""ExecutionProcessID"":4,""Category"":""Filtering Platform Connection"",""SourceModuleName"":""eventlog"",""Message"":""The Windows Filtering Platform has permitted a bind to a local port.\r\n\r\nApplication Information:\r\n\tProcess ID:\t\t8632\r\n\tApplication Name:\t\\device\\harddiskvolume2\\windows\\system32\\svchost.exe\r\n\r\nNetwork Information:\r\n\tSource Address:\t\t::\r\n\tSource Port:\t\t7680\r\n\tProtocol:\t\t6\r\n\r\nFilter Information:\r\n\tFilter Run-Time ID:\t0\r\n\tLayer Name:\t\tResource Assignment\r\n\tLayer Run-Time ID:\t36"",""port"":60427,""Protocol"":""6"",""timestamp"":""2022-04-15T12:06:10.382Z"",""ThreadID"":5692,""Severity"":""INFO"",""EventType"":""AUDIT_SUCCESS"",""Channel"":""Security"",""SourceAddress"":""::"",""Opcode"":""Info"",""EventReceivedTime"":""2022-04-15 08:06:10"",""@version"":""1"",""Task"":12810,""SourceModuleType"":""im_msvistalog"",""LayerName"":""%%14608"",""LayerRTID"":""36"",""Hostname"":""James.browne"",""Application"":""\\device\\harddiskvolume2\\windows\\system32\\svchost.exe"",""Keywords"":-9214364837600034816,""Version"":0,""SourcePort"":""7680""}",2022-04-15T08:06:07.000+0000,8,15,6,april,7,friday,2022,local,,AUDIT_SUCCESS,cybertees.net,cyber-host,windowslogs,1,60427,"{"""":"""","""":[""""],"""":,"""":,"""":""{----}"","""":""---"","""":,""""",Event_logs.json,_json,ip-10-10-40-195,,splunk,,2022-04-15T12:06:10.382Z,
1,,,,,,,,,,,Registry,Security,,,,,,,,,,,,,,,,,,,,,,,4658,,2022-04-15 8:06:10,2022-04-15 8:06:08,,4,,,,,0x34c,,James.browne,,,,,,,,,,-9214364837600034816,,,,,,,,,"The handle to an object was closed.

Subject :
	Security ID:		S-1-5-18
	Account Name:		WORKSTATION5$
	Account Domain:		Cybertees
	Logon ID:		0x3E7

Object:
	Object Server:		Security
	Handle ID:		0x34c

Process Information:
	Process ID:		0x15f4
	Process Name:		C:\Windows\System32\svchost.exe",,,,,Security,,,Info,0,,,,,,,,,,,0x15f4,C:\Windows\System32\svchost.exe,,,{54849625-5478-4994-A5BA-3E3B0328C30D},,,,73767,,,,,,,,,INFO,2,,,,,,,,,,,,eventlog,im_msvistalog,Microsoft-Windows-Security-Auditing,,,,,,,Cybertees,0x3e7,WORKSTATION5$,S-1-5-18,,,,,,,,,,,,,,12801,,,,1996,,,,,,,0,,,"{""tags"":[""splunk""],""EventID"":4658,""RecordNumber"":73767,""ProviderGuid"":""{54849625-5478-4994-A5BA-3E3B0328C30D}"",""SourceName"":""Microsoft-Windows-Security-Auditing"",""OpcodeValue"":0,""EventTime"":""2022-04-15 08:06:08"",""SubjectUserSid"":""S-1-5-18"",""host"":""cybertees.net"",""SeverityValue"":2,""ExecutionProcessID"":4,""Category"":""Registry"",""SubjectLogonId"":""0x3e7"",""SourceModuleName"":""eventlog"",""Message"":""The handle to an object was closed.\r\n\r\nSubject :\r\n\tSecurity ID:\t\tS-1-5-18\r\n\tAccount Name:\t\tWORKSTATION5$\r\n\tAccount Domain:\t\tCybertees\r\n\tLogon ID:\t\t0x3E7\r\n\r\nObject:\r\n\tObject Server:\t\tSecurity\r\n\tHandle ID:\t\t0x34c\r\n\r\nProcess Information:\r\n\tProcess ID:\t\t0x15f4\r\n\tProcess Name:\t\tC:\\Windows\\System32\\svchost.exe"",""port"":60427,""timestamp"":""2022-04-15T12:06:10.381Z"",""ThreadID"":1996,""SubjectUserName"":""WORKSTATION5$"",""Severity"":""INFO"",""ObjectServer"":""Security"",""ProcessName"":""C:\\Windows\\System32\\svchost.exe"",""EventType"":""AUDIT_SUCCESS"",""Channel"":""Security"",""Opcode"":""Info"",""EventReceivedTime"":""2022-04-15 08:06:10"",""@version"":""1"",""Task"":12801,""SubjectDomainName"":""Cybertees"",""HandleId"":""0x34c"",""SourceModuleType"":""im_msvistalog"",""Hostname"":""James.browne"",""Keywords"":-9214364837600034816,""Version"":0,""ProcessId"":""0x15f4""}",2022-04-15T08:06:07.000+0000,8,15,6,april,7,friday,2022,local,,AUDIT_SUCCESS,cybertees.net,cyber-host,windowslogs,1,60427,"{"""":[""""],"""":,"""":,"""":""{----}"","""":""---"","""":,"""":""--_:",Event_logs.json,_json,ip-10-10-40-195,,splunk,,2022-04-15T12:06:10.381Z,
1,"%%4432
				",0x1,,,,,,,,,Registry,Security,,,,,,,,,,,,,,,,,,,,,,,4663,,2022-04-15 8:06:10,2022-04-15 8:06:08,,4,,,,,0x34c,,James.browne,,,,,,,,,,-9214364837600034816,,,,,,,,,"An attempt was made to access an object.

Subject:
	Security ID:		S-1-5-18
	Account Name:		WORKSTATION5$
	Account Domain:		Cybertees
	Logon ID:		0x3E7

Object:
	Object Server:		Security
	Object Type:		Key
	Object Name:		\REGISTRY\MACHINE\SYSTEM\ControlSet001\Control\Session Manager\Environment
	Handle ID:		0x34c
	Resource Attributes:	-

Process Information:
	Process ID:		0x15f4
	Process Name:		C:\Windows\System32\svchost.exe

Access Request Information:
	Accesses:		Query key value
				
	Access Mask:		0x1",,,,\REGISTRY\MACHINE\SYSTEM\ControlSet001\Control\Session Manager\Environment,Security,Key,,Info,0,,,,,,,,,,,0x15f4,C:\Windows\System32\svchost.exe,,,{54849625-5478-4994-A5BA-3E3B0328C30D},,,,73766,,,,-,,,,,INFO,2,,,,,,,,,,,,eventlog,im_msvistalog,Microsoft-Windows-Security-Auditing,,,,,,,Cybertees,0x3e7,WORKSTATION5$,S-1-5-18,,,,,,,,,,,,,,12801,,,,1996,,,,,,,1,,,"{""tags"":[""splunk""],""EventID"":4663,""RecordNumber"":73766,""ProviderGuid"":""{54849625-5478-4994-A5BA-3E3B0328C30D}"",""SourceName"":""Microsoft-Windows-Security-Auditing"",""OpcodeValue"":0,""EventTime"":""2022-04-15 08:06:08"",""SubjectUserSid"":""S-1-5-18"",""host"":""cybertees.net"",""SeverityValue"":2,""ExecutionProcessID"":4,""Category"":""Registry"",""SubjectLogonId"":""0x3e7"",""AccessList"":""%%4432\r\n\t\t\t\t"",""SourceModuleName"":""eventlog"",""Message"":""An attempt was made to access an object.\r\n\r\nSubject:\r\n\tSecurity ID:\t\tS-1-5-18\r\n\tAccount Name:\t\tWORKSTATION5$\r\n\tAccount Domain:\t\tCybertees\r\n\tLogon ID:\t\t0x3E7\r\n\r\nObject:\r\n\tObject Server:\t\tSecurity\r\n\tObject Type:\t\tKey\r\n\tObject Name:\t\t\\REGISTRY\\MACHINE\\SYSTEM\\ControlSet001\\Control\\Session Manager\\Environment\r\n\tHandle ID:\t\t0x34c\r\n\tResource Attributes:\t-\r\n\r\nProcess Information:\r\n\tProcess ID:\t\t0x15f4\r\n\tProcess Name:\t\tC:\\Windows\\System32\\svchost.exe\r\n\r\nAccess Request Information:\r\n\tAccesses:\t\tQuery key value\r\n\t\t\t\t\r\n\tAccess Mask:\t\t0x1"",""port"":60427,""timestamp"":""2022-04-15T12:06:10.381Z"",""ThreadID"":1996,""SubjectUserName"":""WORKSTATION5$"",""Severity"":""INFO"",""ObjectServer"":""Security"",""ProcessName"":""C:\\Windows\\System32\\svchost.exe"",""ResourceAttributes"":""-"",""EventType"":""AUDIT_SUCCESS"",""Channel"":""Security"",""ObjectType"":""Key"",""Opcode"":""Info"",""ObjectName"":""\\REGISTRY\\MACHINE\\SYSTEM\\ControlSet001\\Control\\Session Manager\\Environment"",""EventReceivedTime"":""2022-04-15 08:06:10"",""@version"":""1"",""Task"":12801,""SubjectDomainName"":""Cybertees"",""HandleId"":""0x34c"",""AccessMask"":""0x1"",""SourceModuleType"":""im_msvistalog"",""Hostname"":""James.browne"",""Keywords"":-9214364837600034816,""Version"":1,""ProcessId"":""0x15f4""}",2022-04-15T08:06:07.000+0000,8,15,6,april,7,friday,2022,local,,AUDIT_SUCCESS,cybertees.net,cyber-host,windowslogs,1,60427,"{"""":[""""],"""":,"""":,"""":""{----}"","""":""---"","""":,"""":""--_:",Event_logs.json,_json,ip-10-10-40-195,,splunk,,2022-04-15T12:06:10.381Z,
1,"%%1538
				%%4432
				%%4435
				%%4436
				",0x20019,-,,,,,,,,Registry,Security,,,,,,,,,,,,,,,,,,,,,,,4656,,2022-04-15 8:06:10,2022-04-15 8:06:08,,4,,,,,0x34c,,James.browne,,,,,,,,,,-9214364837600034816,,,,,,,,,"A handle to an object was requested.

Subject:
	Security ID:		S-1-5-18
	Account Name:		WORKSTATION5$
	Account Domain:		Cybertees
	Logon ID:		0x3E7

Object:
	Object Server:		Security
	Object Type:		Key
	Object Name:		\REGISTRY\MACHINE\SYSTEM\ControlSet001\Control\Session Manager\Environment
	Handle ID:		0x34c
	Resource Attributes:	-

Process Information:
	Process ID:		0x15f4
	Process Name:		C:\Windows\System32\svchost.exe

Access Request Information:
	Transaction ID:		{00000000-0000-0000-0000-000000000000}
	Accesses:		READ_CONTROL
				Query key value
				Enumerate sub-keys
				Notify about changes to keys
				
	Access Reasons:		-
	Access Mask:		0x20019
	Privileges Used for Access Check:	-
	Restricted SID Count:	0",,,,\REGISTRY\MACHINE\SYSTEM\ControlSet001\Control\Session Manager\Environment,Security,Key,,Info,0,,,,,,,,,-,,0x15f4,C:\Windows\System32\svchost.exe,,,{54849625-5478-4994-A5BA-3E3B0328C30D},,,,73765,,,,-,,0,,,INFO,2,,,,,,,,,,,,eventlog,im_msvistalog,Microsoft-Windows-Security-Auditing,,,,,,,Cybertees,0x3e7,WORKSTATION5$,S-1-5-18,,,,,,,,,,,,,,12801,,,,1996,,{00000000-0000-0000-0000-000000000000},,,,,1,,,"{""EventID"":4656,""RecordNumber"":73765,""ProviderGuid"":""{54849625-5478-4994-A5BA-3E3B0328C30D}"",""SourceName"":""Microsoft-Windows-Security-Auditing"",""OpcodeValue"":0,""AccessList"":""%%1538\r\n\t\t\t\t%%4432\r\n\t\t\t\t%%4435\r\n\t\t\t\t%%4436\r\n\t\t\t\t"",""AccessReason"":""-"",""SourceModuleName"":""eventlog"",""ExecutionProcessID"":4,""Category"":""Registry"",""port"":60427,""ThreadID"":1996,""SubjectUserName"":""WORKSTATION5$"",""Severity"":""INFO"",""ObjectServer"":""Security"",""ProcessName"":""C:\\Windows\\System32\\svchost.exe"",""ResourceAttributes"":""-"",""EventType"":""AUDIT_SUCCESS"",""Channel"":""Security"",""ObjectType"":""Key"",""Opcode"":""Info"",""ObjectName"":""\\REGISTRY\\MACHINE\\SYSTEM\\ControlSet001\\Control\\Session Manager\\Environment"",""EventReceivedTime"":""2022-04-15 08:06:10"",""Task"":12801,""SubjectDomainName"":""Cybertees"",""HandleId"":""0x34c"",""Keywords"":-9214364837600034816,""Version"":1,""ProcessId"":""0x15f4"",""tags"":[""splunk""],""SubjectUserSid"":""S-1-5-18"",""EventTime"":""2022-04-15 08:06:08"",""host"":""cybertees.net"",""SeverityValue"":2,""SubjectLogonId"":""0x3e7"",""Message"":""A handle to an object was requested.\r\n\r\nSubject:\r\n\tSecurity ID:\t\tS-1-5-18\r\n\tAccount Name:\t\tWORKSTATION5$\r\n\tAccount Domain:\t\tCybertees\r\n\tLogon ID:\t\t0x3E7\r\n\r\nObject:\r\n\tObject Server:\t\tSecurity\r\n\tObject Type:\t\tKey\r\n\tObject Name:\t\t\\REGISTRY\\MACHINE\\SYSTEM\\ControlSet001\\Control\\Session Manager\\Environment\r\n\tHandle ID:\t\t0x34c\r\n\tResource Attributes:\t-\r\n\r\nProcess Information:\r\n\tProcess ID:\t\t0x15f4\r\n\tProcess Name:\t\tC:\\Windows\\System32\\svchost.exe\r\n\r\nAccess Request Information:\r\n\tTransaction ID:\t\t{00000000-0000-0000-0000-000000000000}\r\n\tAccesses:\t\tREAD_CONTROL\r\n\t\t\t\tQuery key value\r\n\t\t\t\tEnumerate sub-keys\r\n\t\t\t\tNotify about changes to keys\r\n\t\t\t\t\r\n\tAccess Reasons:\t\t-\r\n\tAccess Mask:\t\t0x20019\r\n\tPrivileges Used for Access Check:\t-\r\n\tRestricted SID Count:\t0"",""timestamp"":""2022-04-15T12:06:10.381Z"",""@version"":""1"",""AccessMask"":""0x20019"",""SourceModuleType"":""im_msvistalog"",""RestrictedSidCount"":""0"",""TransactionId"":""{00000000-0000-0000-0000-000000000000}"",""Hostname"":""James.browne"",""PrivilegeList"":""-""}",2022-04-15T08:06:07.000+0000,8,15,6,april,7,friday,2022,local,,AUDIT_SUCCESS,cybertees.net,cyber-host,windowslogs,1,60427,"{"""":,"""":,"""":""{----}"","""":""---"","""":,"""":""%%\\\\\\%%\\",Event_logs.json,_json,ip-10-10-40-195,,splunk,,2022-04-15T12:06:10.381Z,
1,,,,,,,,,,,Registry,Security,,,,,,,,,,,,,,,,,,,,,,,4658,,2022-04-15 8:06:10,2022-04-15 8:06:08,,4,,,,,0x4124,,James.browne,,,,,,,,,,-9214364837600034816,,,,,,,,,"The handle to an object was closed.

Subject :
	Security ID:		S-1-5-18
	Account Name:		WORKSTATION5$
	Account Domain:		Cybertees
	Logon ID:		0x3E7

Object:
	Object Server:		Security
	Handle ID:		0x4124

Process Information:
	Process ID:		0x15f4
	Process Name:		C:\Windows\System32\svchost.exe",,,,,Security,,,Info,0,,,,,,,,,,,0x15f4,C:\Windows\System32\svchost.exe,,,{54849625-5478-4994-A5BA-3E3B0328C30D},,,,73764,,,,,,,,,INFO,2,,,,,,,,,,,,eventlog,im_msvistalog,Microsoft-Windows-Security-Auditing,,,,,,,Cybertees,0x3e7,WORKSTATION5$,S-1-5-18,,,,,,,,,,,,,,12801,,,,1996,,,,,,,0,,,"{""tags"":[""splunk""],""EventID"":4658,""RecordNumber"":73764,""ProviderGuid"":""{54849625-5478-4994-A5BA-3E3B0328C30D}"",""SourceName"":""Microsoft-Windows-Security-Auditing"",""OpcodeValue"":0,""EventTime"":""2022-04-15 08:06:08"",""SubjectUserSid"":""S-1-5-18"",""host"":""cybertees.net"",""SeverityValue"":2,""ExecutionProcessID"":4,""Category"":""Registry"",""SubjectLogonId"":""0x3e7"",""SourceModuleName"":""eventlog"",""Message"":""The handle to an object was closed.\r\n\r\nSubject :\r\n\tSecurity ID:\t\tS-1-5-18\r\n\tAccount Name:\t\tWORKSTATION5$\r\n\tAccount Domain:\t\tCybertees\r\n\tLogon ID:\t\t0x3E7\r\n\r\nObject:\r\n\tObject Server:\t\tSecurity\r\n\tHandle ID:\t\t0x4124\r\n\r\nProcess Information:\r\n\tProcess ID:\t\t0x15f4\r\n\tProcess Name:\t\tC:\\Windows\\System32\\svchost.exe"",""port"":60427,""timestamp"":""2022-04-15T12:06:10.380Z"",""ThreadID"":1996,""SubjectUserName"":""WORKSTATION5$"",""Severity"":""INFO"",""ObjectServer"":""Security"",""ProcessName"":""C:\\Windows\\System32\\svchost.exe"",""EventType"":""AUDIT_SUCCESS"",""Channel"":""Security"",""Opcode"":""Info"",""EventReceivedTime"":""2022-04-15 08:06:10"",""@version"":""1"",""Task"":12801,""SubjectDomainName"":""Cybertees"",""HandleId"":""0x4124"",""SourceModuleType"":""im_msvistalog"",""Hostname"":""James.browne"",""Keywords"":-9214364837600034816,""Version"":0,""ProcessId"":""0x15f4""}",2022-04-15T08:06:07.000+0000,8,15,6,april,7,friday,2022,local,,AUDIT_SUCCESS,cybertees.net,cyber-host,windowslogs,1,60427,"{"""":[""""],"""":,"""":,"""":""{----}"","""":""---"","""":,"""":""--_:",Event_logs.json,_json,ip-10-10-40-195,,splunk,,2022-04-15T12:06:10.380Z,
1,,,,,,,,,,,Handle Manipulation,Security,,,,,,,,,,,,,,,,,,,,,,,4690,,2022-04-15 8:06:10,2022-04-15 8:06:08,,4,,,,,,,James.browne,,,,,,,,,,-9214364837600034816,,,,,,,,,"An attempt was made to duplicate a handle to an object.

Subject:
	Security ID:		S-1-5-18
	Account Name:		WORKSTATION5$
	Account Domain:		Cybertees
	Logon ID:		0x3E7

Source Handle Information:
	Source Handle ID:	0x34c
	Source Process ID:	0x15f4

New Handle Information:
	Target Handle ID:	0x4124
	Target Process ID:	0x4",,,,,,,,Info,0,,,,,,,,,,,0x15f4,,,,{54849625-5478-4994-A5BA-3E3B0328C30D},,,,73763,,,,,,,,,INFO,2,,,,,,,0x34c,,,,,eventlog,im_msvistalog,Microsoft-Windows-Security-Auditing,,,,0x15f4,,,Cybertees,0x3e7,WORKSTATION5$,S-1-5-18,,,0x4124,,,,,,,,0x4,,,12807,,,,1996,,,,,,,0,,,"{""tags"":[""splunk""],""EventID"":4690,""RecordNumber"":73763,""ProviderGuid"":""{54849625-5478-4994-A5BA-3E3B0328C30D}"",""SourceName"":""Microsoft-Windows-Security-Auditing"",""OpcodeValue"":0,""EventTime"":""2022-04-15 08:06:08"",""SubjectUserSid"":""S-1-5-18"",""host"":""cybertees.net"",""SeverityValue"":2,""ExecutionProcessID"":4,""Category"":""Handle Manipulation"",""SubjectLogonId"":""0x3e7"",""SourceProcessId"":""0x15f4"",""SourceModuleName"":""eventlog"",""SourceHandleId"":""0x34c"",""Message"":""An attempt was made to duplicate a handle to an object.\r\n\r\nSubject:\r\n\tSecurity ID:\t\tS-1-5-18\r\n\tAccount Name:\t\tWORKSTATION5$\r\n\tAccount Domain:\t\tCybertees\r\n\tLogon ID:\t\t0x3E7\r\n\r\nSource Handle Information:\r\n\tSource Handle ID:\t0x34c\r\n\tSource Process ID:\t0x15f4\r\n\r\nNew Handle Information:\r\n\tTarget Handle ID:\t0x4124\r\n\tTarget Process ID:\t0x4"",""port"":60427,""timestamp"":""2022-04-15T12:06:10.380Z"",""ThreadID"":1996,""TargetProcessId"":""0x4"",""SubjectUserName"":""WORKSTATION5$"",""Severity"":""INFO"",""EventType"":""AUDIT_SUCCESS"",""Channel"":""Security"",""Opcode"":""Info"",""EventReceivedTime"":""2022-04-15 08:06:10"",""@version"":""1"",""Task"":12807,""SubjectDomainName"":""Cybertees"",""SourceModuleType"":""im_msvistalog"",""TargetHandleId"":""0x4124"",""Hostname"":""James.browne"",""Keywords"":-9214364837600034816,""Version"":0,""ProcessId"":""0x15f4""}",2022-04-15T08:06:07.000+0000,8,15,6,april,7,friday,2022,local,,AUDIT_SUCCESS,cybertees.net,cyber-host,windowslogs,1,60427,"{"""":[""""],"""":,"""":,"""":""{----}"","""":""---"","""":,"""":""--_:",Event_logs.json,_json,ip-10-10-40-195,,splunk,,2022-04-15T12:06:10.380Z,
1,,,,,,,\device\harddiskvolume2\windows\system32\svchost.exe,,,,Filtering Platform Connection,Security,,,,,,,,,,,,,,,,,,,,,,,5158,,2022-04-15 8:06:10,2022-04-15 8:06:08,,4,,69767,,,,,James.browne,,,,,,,,,,-9214364837600034816,%%14608,36,,,,,,,"The Windows Filtering Platform has permitted a bind to a local port.

Application Information:
	Process ID:		1812
	Application Name:	\device\harddiskvolume2\windows\system32\svchost.exe

Network Information:
	Source Address:		0.0.0.0
	Source Port:		5355
	Protocol:		17

Filter Information:
	Filter Run-Time ID:	69767
	Layer Name:		Resource Assignment
	Layer Run-Time ID:	36",,,,,,,,Info,0,,,,,,,,,,,1812,,,17,{54849625-5478-4994-A5BA-3E3B0328C30D},,,,73762,,,,,,,,,INFO,2,,,,,,0.0.0.0,,,,,,eventlog,im_msvistalog,Microsoft-Windows-Security-Auditing,5355,,,,,,,,,,,,,,,,,,,,,,,12810,,,,1512,,,,,,,0,,,"{""ProcessId"":""1812"",""tags"":[""splunk""],""EventID"":5158,""RecordNumber"":73762,""ProviderGuid"":""{54849625-5478-4994-A5BA-3E3B0328C30D}"",""SourceName"":""Microsoft-Windows-Security-Auditing"",""OpcodeValue"":0,""EventTime"":""2022-04-15 08:06:08"",""FilterRTID"":""69767"",""host"":""cybertees.net"",""SeverityValue"":2,""ExecutionProcessID"":4,""Category"":""Filtering Platform Connection"",""SourceModuleName"":""eventlog"",""Message"":""The Windows Filtering Platform has permitted a bind to a local port.\r\n\r\nApplication Information:\r\n\tProcess ID:\t\t1812\r\n\tApplication Name:\t\\device\\harddiskvolume2\\windows\\system32\\svchost.exe\r\n\r\nNetwork Information:\r\n\tSource Address:\t\t0.0.0.0\r\n\tSource Port:\t\t5355\r\n\tProtocol:\t\t17\r\n\r\nFilter Information:\r\n\tFilter Run-Time ID:\t69767\r\n\tLayer Name:\t\tResource Assignment\r\n\tLayer Run-Time ID:\t36"",""port"":60427,""Protocol"":""17"",""timestamp"":""2022-04-15T12:06:10.380Z"",""ThreadID"":1512,""Severity"":""INFO"",""EventType"":""AUDIT_SUCCESS"",""Channel"":""Security"",""SourceAddress"":""0.0.0.0"",""Opcode"":""Info"",""EventReceivedTime"":""2022-04-15 08:06:10"",""@version"":""1"",""Task"":12810,""SourceModuleType"":""im_msvistalog"",""LayerName"":""%%14608"",""LayerRTID"":""36"",""Hostname"":""James.browne"",""Application"":""\\device\\harddiskvolume2\\windows\\system32\\svchost.exe"",""Keywords"":-9214364837600034816,""Version"":0,""SourcePort"":""5355""}",2022-04-15T08:06:07.000+0000,8,15,6,april,7,friday,2022,local,,AUDIT_SUCCESS,cybertees.net,cyber-host,windowslogs,1,60427,"{"""":"""","""":[""""],"""":,"""":,"""":""{----}"","""":""---"","""":,""""",Event_logs.json,_json,ip-10-10-40-195,,splunk,,2022-04-15T12:06:10.380Z,
1,,,,,,,\device\harddiskvolume2\windows\system32\svchost.exe,,,,Filtering Platform Connection,Security,,,,,,,,,,,,,,,,,,,,,,,5158,,2022-04-15 8:06:10,2022-04-15 8:06:08,,4,,69772,,,,,James.browne,,,,,,,,,,-9214364837600034816,%%14608,38,,,,,,,"The Windows Filtering Platform has permitted a bind to a local port.

Application Information:
	Process ID:		1812
	Application Name:	\device\harddiskvolume2\windows\system32\svchost.exe

Network Information:
	Source Address:		::
	Source Port:		5355
	Protocol:		17

Filter Information:
	Filter Run-Time ID:	69772
	Layer Name:		Resource Assignment
	Layer Run-Time ID:	38",,,,,,,,Info,0,,,,,,,,,,,1812,,,17,{54849625-5478-4994-A5BA-3E3B0328C30D},,,,73761,,,,,,,,,INFO,2,,,,,,::,,,,,,eventlog,im_msvistalog,Microsoft-Windows-Security-Auditing,5355,,,,,,,,,,,,,,,,,,,,,,,12810,,,,1512,,,,,,,0,,,"{""ProcessId"":""1812"",""tags"":[""splunk""],""EventID"":5158,""RecordNumber"":73761,""ProviderGuid"":""{54849625-5478-4994-A5BA-3E3B0328C30D}"",""SourceName"":""Microsoft-Windows-Security-Auditing"",""OpcodeValue"":0,""EventTime"":""2022-04-15 08:06:08"",""FilterRTID"":""69772"",""host"":""cybertees.net"",""SeverityValue"":2,""ExecutionProcessID"":4,""Category"":""Filtering Platform Connection"",""SourceModuleName"":""eventlog"",""Message"":""The Windows Filtering Platform has permitted a bind to a local port.\r\n\r\nApplication Information:\r\n\tProcess ID:\t\t1812\r\n\tApplication Name:\t\\device\\harddiskvolume2\\windows\\system32\\svchost.exe\r\n\r\nNetwork Information:\r\n\tSource Address:\t\t::\r\n\tSource Port:\t\t5355\r\n\tProtocol:\t\t17\r\n\r\nFilter Information:\r\n\tFilter Run-Time ID:\t69772\r\n\tLayer Name:\t\tResource Assignment\r\n\tLayer Run-Time ID:\t38"",""port"":60427,""Protocol"":""17"",""timestamp"":""2022-04-15T12:06:10.379Z"",""ThreadID"":1512,""Severity"":""INFO"",""EventType"":""AUDIT_SUCCESS"",""Channel"":""Security"",""SourceAddress"":""::"",""Opcode"":""Info"",""EventReceivedTime"":""2022-04-15 08:06:10"",""@version"":""1"",""Task"":12810,""SourceModuleType"":""im_msvistalog"",""LayerName"":""%%14608"",""LayerRTID"":""38"",""Hostname"":""James.browne"",""Application"":""\\device\\harddiskvolume2\\windows\\system32\\svchost.exe"",""Keywords"":-9214364837600034816,""Version"":0,""SourcePort"":""5355""}",2022-04-15T08:06:07.000+0000,8,15,6,april,7,friday,2022,local,,AUDIT_SUCCESS,cybertees.net,cyber-host,windowslogs,1,60427,"{"""":"""","""":[""""],"""":,"""":,"""":""{----}"","""":""---"","""":,""""",Event_logs.json,_json,ip-10-10-40-195,,splunk,,2022-04-15T12:06:10.379Z,
1,,,,,,,System,,,,Filtering Platform Connection,Security,,,,,,,224.0.0.22,0,,,,,,,,%%14593,,,,,,,5156,,2022-04-15 8:06:10,2022-04-15 8:06:08,,4,,69141,,,,,James.browne,,,,,,,,,,-9214364837600034816,%%14611,48,,,,,,,"The Windows Filtering Platform has permitted a connection.

Application Information:
	Process ID:		4
	Application Name:	System

Network Information:
	Direction:		Outbound
	Source Address:		172.90.12.11
	Source Port:		0
	Destination Address:	224.0.0.22
	Destination Port:		0
	Protocol:		2

Filter Information:
	Filter Run-Time ID:	69141
	Layer Name:		Connect
	Layer Run-Time ID:	48",,,,,,,,Info,0,,,,,,,,,,,4,,,2,{54849625-5478-4994-A5BA-3E3B0328C30D},,,,73760,,S-1-0-0,S-1-0-0,,,,,,INFO,2,,,,,,172.90.12.11,,,,,,eventlog,im_msvistalog,Microsoft-Windows-Security-Auditing,0,,,,,,,,,,,,,,,,,,,,,,,12810,,,,1512,,,,,,,1,,,"{""ProcessId"":""4"",""tags"":[""splunk""],""EventID"":5156,""RecordNumber"":73760,""ProviderGuid"":""{54849625-5478-4994-A5BA-3E3B0328C30D}"",""SourceName"":""Microsoft-Windows-Security-Auditing"",""OpcodeValue"":0,""EventTime"":""2022-04-15 08:06:08"",""FilterRTID"":""69141"",""host"":""cybertees.net"",""SeverityValue"":2,""ExecutionProcessID"":4,""Category"":""Filtering Platform Connection"",""SourceModuleName"":""eventlog"",""Direction"":""%%14593"",""Message"":""The Windows Filtering Platform has permitted a connection.\r\n\r\nApplication Information:\r\n\tProcess ID:\t\t4\r\n\tApplication Name:\tSystem\r\n\r\nNetwork Information:\r\n\tDirection:\t\tOutbound\r\n\tSource Address:\t\t172.90.12.11\r\n\tSource Port:\t\t0\r\n\tDestination Address:\t224.0.0.22\r\n\tDestination Port:\t\t0\r\n\tProtocol:\t\t2\r\n\r\nFilter Information:\r\n\tFilter Run-Time ID:\t69141\r\n\tLayer Name:\t\tConnect\r\n\tLayer Run-Time ID:\t48"",""port"":60427,""RemoteMachineID"":""S-1-0-0"",""Protocol"":""2"",""timestamp"":""2022-04-15T12:06:10.379Z"",""ThreadID"":1512,""Severity"":""INFO"",""EventType"":""AUDIT_SUCCESS"",""Channel"":""Security"",""SourceAddress"":""172.90.12.11"",""Opcode"":""Info"",""EventReceivedTime"":""2022-04-15 08:06:10"",""DestAddress"":""224.0.0.22"",""@version"":""1"",""Task"":12810,""SourceModuleType"":""im_msvistalog"",""LayerName"":""%%14611"",""DestPort"":""0"",""LayerRTID"":""48"",""RemoteUserID"":""S-1-0-0"",""Hostname"":""James.browne"",""Application"":""System"",""Keywords"":-9214364837600034816,""Version"":1,""SourcePort"":""0""}",2022-04-15T08:06:07.000+0000,8,15,6,april,7,friday,2022,local,,AUDIT_SUCCESS,cybertees.net,cyber-host,windowslogs,1,60427,"{"""":"""","""":[""""],"""":,"""":,"""":""{----}"","""":""---"","""":,""""",Event_logs.json,_json,ip-10-10-40-195,,splunk,,2022-04-15T12:06:10.379Z,
1,,,,,,,System,,,,Filtering Platform Connection,Security,,,,,,,ff02::16,0,,,,,,,,%%14593,,,,,,,5156,,2022-04-15 8:06:10,2022-04-15 8:06:08,,4,,69143,,,,,James.browne,,,,,,,,,,-9214364837600034816,%%14611,50,,,,,,,"The Windows Filtering Platform has permitted a connection.

Application Information:
	Process ID:		4
	Application Name:	System

Network Information:
	Direction:		Outbound
	Source Address:		fe80::7976:d2f2:1752:21b5
	Source Port:		143
	Destination Address:	ff02::16
	Destination Port:		0
	Protocol:		58

Filter Information:
	Filter Run-Time ID:	69143
	Layer Name:		Connect
	Layer Run-Time ID:	50",,,,,,,,Info,0,,,,,,,,,,,4,,,58,{54849625-5478-4994-A5BA-3E3B0328C30D},,,,73759,,S-1-0-0,S-1-0-0,,,,,,INFO,2,,,,,,fe80::7976:d2f2:1752:21b5,,,,,,eventlog,im_msvistalog,Microsoft-Windows-Security-Auditing,143,,,,,,,,,,,,,,,,,,,,,,,12810,,,,1512,,,,,,,1,,,"{""ProcessId"":""4"",""tags"":[""splunk""],""EventID"":5156,""RecordNumber"":73759,""ProviderGuid"":""{54849625-5478-4994-A5BA-3E3B0328C30D}"",""SourceName"":""Microsoft-Windows-Security-Auditing"",""OpcodeValue"":0,""EventTime"":""2022-04-15 08:06:08"",""FilterRTID"":""69143"",""host"":""cybertees.net"",""SeverityValue"":2,""ExecutionProcessID"":4,""Category"":""Filtering Platform Connection"",""SourceModuleName"":""eventlog"",""Direction"":""%%14593"",""Message"":""The Windows Filtering Platform has permitted a connection.\r\n\r\nApplication Information:\r\n\tProcess ID:\t\t4\r\n\tApplication Name:\tSystem\r\n\r\nNetwork Information:\r\n\tDirection:\t\tOutbound\r\n\tSource Address:\t\tfe80::7976:d2f2:1752:21b5\r\n\tSource Port:\t\t143\r\n\tDestination Address:\tff02::16\r\n\tDestination Port:\t\t0\r\n\tProtocol:\t\t58\r\n\r\nFilter Information:\r\n\tFilter Run-Time ID:\t69143\r\n\tLayer Name:\t\tConnect\r\n\tLayer Run-Time ID:\t50"",""port"":60427,""RemoteMachineID"":""S-1-0-0"",""Protocol"":""58"",""timestamp"":""2022-04-15T12:06:10.379Z"",""ThreadID"":1512,""Severity"":""INFO"",""EventType"":""AUDIT_SUCCESS"",""Channel"":""Security"",""SourceAddress"":""fe80::7976:d2f2:1752:21b5"",""Opcode"":""Info"",""EventReceivedTime"":""2022-04-15 08:06:10"",""DestAddress"":""ff02::16"",""@version"":""1"",""Task"":12810,""SourceModuleType"":""im_msvistalog"",""LayerName"":""%%14611"",""DestPort"":""0"",""LayerRTID"":""50"",""RemoteUserID"":""S-1-0-0"",""Hostname"":""James.browne"",""Application"":""System"",""Keywords"":-9214364837600034816,""Version"":1,""SourcePort"":""143""}",2022-04-15T08:06:07.000+0000,8,15,6,april,7,friday,2022,local,,AUDIT_SUCCESS,cybertees.net,cyber-host,windowslogs,1,60427,"{"""":"""","""":[""""],"""":,"""":,"""":""{----}"","""":""---"","""":,""""",Event_logs.json,_json,ip-10-10-40-195,,splunk,,2022-04-15T12:06:10.379Z,
1,,,,,,,,,,,Registry,Security,,,,,,,,,,,,,,,,,,,,,,,4658,,2022-04-15 8:06:10,2022-04-15 8:06:08,,4,,,,,0x4d0,,James.browne,,,,,,,,,,-9214364837600034816,,,,,,,,,"The handle to an object was closed.

Subject :
	Security ID:		S-1-5-19
	Account Name:		LOCAL SERVICE
	Account Domain:		NT AUTHORITY
	Logon ID:		0x3E5

Object:
	Object Server:		Security
	Handle ID:		0x4d0

Process Information:
	Process ID:		0x9c8
	Process Name:		C:\Windows\System32\svchost.exe",,,,,Security,,,Info,0,,,,,,,,,,,0x9c8,C:\Windows\System32\svchost.exe,,,{54849625-5478-4994-A5BA-3E3B0328C30D},,,,73758,,,,,,,,,INFO,2,,,,,,,,,,,,eventlog,im_msvistalog,Microsoft-Windows-Security-Auditing,,,,,,,NT AUTHORITY,0x3e5,LOCAL SERVICE,S-1-5-19,,,,,,,,,,,,,,12801,,,,1512,,,,,,,0,,,"{""tags"":[""splunk""],""EventID"":4658,""RecordNumber"":73758,""ProviderGuid"":""{54849625-5478-4994-A5BA-3E3B0328C30D}"",""SourceName"":""Microsoft-Windows-Security-Auditing"",""OpcodeValue"":0,""EventTime"":""2022-04-15 08:06:08"",""SubjectUserSid"":""S-1-5-19"",""host"":""cybertees.net"",""SeverityValue"":2,""ExecutionProcessID"":4,""Category"":""Registry"",""SubjectLogonId"":""0x3e5"",""SourceModuleName"":""eventlog"",""Message"":""The handle to an object was closed.\r\n\r\nSubject :\r\n\tSecurity ID:\t\tS-1-5-19\r\n\tAccount Name:\t\tLOCAL SERVICE\r\n\tAccount Domain:\t\tNT AUTHORITY\r\n\tLogon ID:\t\t0x3E5\r\n\r\nObject:\r\n\tObject Server:\t\tSecurity\r\n\tHandle ID:\t\t0x4d0\r\n\r\nProcess Information:\r\n\tProcess ID:\t\t0x9c8\r\n\tProcess Name:\t\tC:\\Windows\\System32\\svchost.exe"",""port"":60427,""timestamp"":""2022-04-15T12:06:10.378Z"",""ThreadID"":1512,""SubjectUserName"":""LOCAL SERVICE"",""Severity"":""INFO"",""ObjectServer"":""Security"",""ProcessName"":""C:\\Windows\\System32\\svchost.exe"",""EventType"":""AUDIT_SUCCESS"",""Channel"":""Security"",""Opcode"":""Info"",""EventReceivedTime"":""2022-04-15 08:06:10"",""@version"":""1"",""Task"":12801,""SubjectDomainName"":""NT AUTHORITY"",""HandleId"":""0x4d0"",""SourceModuleType"":""im_msvistalog"",""Hostname"":""James.browne"",""Keywords"":-9214364837600034816,""Version"":0,""ProcessId"":""0x9c8""}",2022-04-15T08:06:07.000+0000,8,15,6,april,7,friday,2022,local,,AUDIT_SUCCESS,cybertees.net,cyber-host,windowslogs,1,60427,"{"""":[""""],"""":,"""":,"""":""{----}"","""":""---"","""":,"""":""--_:",Event_logs.json,_json,ip-10-10-40-195,,splunk,,2022-04-15T12:06:10.378Z,
1,"%%4432
				",0x1,,,,,,,,,Registry,Security,,,,,,,,,,,,,,,,,,,,,,,4663,,2022-04-15 8:06:10,2022-04-15 8:06:08,,4,,,,,0x4d0,,James.browne,,,,,,,,,,-9214364837600034816,,,,,,,,,"An attempt was made to access an object.

Subject:
	Security ID:		S-1-5-19
	Account Name:		LOCAL SERVICE
	Account Domain:		NT AUTHORITY
	Logon ID:		0x3E5

Object:
	Object Server:		Security
	Object Type:		Key
	Object Name:		\REGISTRY\MACHINE\SOFTWARE\Microsoft\Windows NT\CurrentVersion\Winlogon
	Handle ID:		0x4d0
	Resource Attributes:	-

Process Information:
	Process ID:		0x9c8
	Process Name:		C:\Windows\System32\svchost.exe

Access Request Information:
	Accesses:		Query key value
				
	Access Mask:		0x1",,,,\REGISTRY\MACHINE\SOFTWARE\Microsoft\Windows NT\CurrentVersion\Winlogon,Security,Key,,Info,0,,,,,,,,,,,0x9c8,C:\Windows\System32\svchost.exe,,,{54849625-5478-4994-A5BA-3E3B0328C30D},,,,73757,,,,-,,,,,INFO,2,,,,,,,,,,,,eventlog,im_msvistalog,Microsoft-Windows-Security-Auditing,,,,,,,NT AUTHORITY,0x3e5,LOCAL SERVICE,S-1-5-19,,,,,,,,,,,,,,12801,,,,1512,,,,,,,1,,,"{""tags"":[""splunk""],""EventID"":4663,""RecordNumber"":73757,""ProviderGuid"":""{54849625-5478-4994-A5BA-3E3B0328C30D}"",""SourceName"":""Microsoft-Windows-Security-Auditing"",""OpcodeValue"":0,""EventTime"":""2022-04-15 08:06:08"",""SubjectUserSid"":""S-1-5-19"",""host"":""cybertees.net"",""SeverityValue"":2,""ExecutionProcessID"":4,""Category"":""Registry"",""SubjectLogonId"":""0x3e5"",""AccessList"":""%%4432\r\n\t\t\t\t"",""SourceModuleName"":""eventlog"",""Message"":""An attempt was made to access an object.\r\n\r\nSubject:\r\n\tSecurity ID:\t\tS-1-5-19\r\n\tAccount Name:\t\tLOCAL SERVICE\r\n\tAccount Domain:\t\tNT AUTHORITY\r\n\tLogon ID:\t\t0x3E5\r\n\r\nObject:\r\n\tObject Server:\t\tSecurity\r\n\tObject Type:\t\tKey\r\n\tObject Name:\t\t\\REGISTRY\\MACHINE\\SOFTWARE\\Microsoft\\Windows NT\\CurrentVersion\\Winlogon\r\n\tHandle ID:\t\t0x4d0\r\n\tResource Attributes:\t-\r\n\r\nProcess Information:\r\n\tProcess ID:\t\t0x9c8\r\n\tProcess Name:\t\tC:\\Windows\\System32\\svchost.exe\r\n\r\nAccess Request Information:\r\n\tAccesses:\t\tQuery key value\r\n\t\t\t\t\r\n\tAccess Mask:\t\t0x1"",""port"":60427,""timestamp"":""2022-04-15T12:06:10.378Z"",""ThreadID"":1512,""SubjectUserName"":""LOCAL SERVICE"",""Severity"":""INFO"",""ObjectServer"":""Security"",""ProcessName"":""C:\\Windows\\System32\\svchost.exe"",""ResourceAttributes"":""-"",""EventType"":""AUDIT_SUCCESS"",""Channel"":""Security"",""ObjectType"":""Key"",""Opcode"":""Info"",""ObjectName"":""\\REGISTRY\\MACHINE\\SOFTWARE\\Microsoft\\Windows NT\\CurrentVersion\\Winlogon"",""EventReceivedTime"":""2022-04-15 08:06:10"",""@version"":""1"",""Task"":12801,""SubjectDomainName"":""NT AUTHORITY"",""HandleId"":""0x4d0"",""AccessMask"":""0x1"",""SourceModuleType"":""im_msvistalog"",""Hostname"":""James.browne"",""Keywords"":-9214364837600034816,""Version"":1,""ProcessId"":""0x9c8""}",2022-04-15T08:06:07.000+0000,8,15,6,april,7,friday,2022,local,,AUDIT_SUCCESS,cybertees.net,cyber-host,windowslogs,1,60427,"{"""":[""""],"""":,"""":,"""":""{----}"","""":""---"","""":,"""":""--_:",Event_logs.json,_json,ip-10-10-40-195,,splunk,,2022-04-15T12:06:10.378Z,
1,"%%1538
				%%4432
				%%4435
				%%4436
				",0x20019,-,,,,,,,,Registry,Security,,,,,,,,,,,,,,,,,,,,,,,4656,,2022-04-15 8:06:10,2022-04-15 8:06:08,,4,,,,,0x4d0,,James.browne,,,,,,,,,,-9214364837600034816,,,,,,,,,"A handle to an object was requested.

