1,,,,SYSTEM,User,,,,,,Image loaded (rule: ImageLoad),Microsoft-Windows-Sysmon/Operational,,Microsoft Corporation,,,,Win32 LDAP API DLL,,,,,,,,,,,,NT AUTHORITY,,,,,7,,2022-04-15 8:06:08,2022-04-15 8:06:06,,3524,10.0.18362.449 (WinBuild.160101.0800),,,,,"SHA1=FC578336307198EB7705E51CB41B7F8D1E7005F3,MD5=B5279E0D137AB95A787539323646954E,SHA256=E710817B205BE4D9F6857C62C2C8DB4995AD7D122B8C29552C6CD5DDC55FE78E,IMPHASH=F7AEA6F23FD3BA4DA0381D63C6FC222E",James.browne,C:\Windows\System32\svchost.exe,C:\Windows\System32\Wldap32.dll,,,,,,,,-9223372036854775808,,,,,,,,,"Image loaded:
RuleName: -
UtcTime: 2022-04-15 12:06:06.538
ProcessGuid: {2d351099-5cae-5f5f-3204-000000000400}
ProcessId: 2116
Image: C:\Windows\System32\svchost.exe
ImageLoaded: C:\Windows\System32\Wldap32.dll
FileVersion: 10.0.18362.449 (WinBuild.160101.0800)
Description: Win32 LDAP API DLL
Product: Microsoft® Windows® Operating System
Company: Microsoft Corporation
OriginalFileName: WLDAP32.DLL
Hashes: SHA1=FC578336307198EB7705E51CB41B7F8D1E7005F3,MD5=B5279E0D137AB95A787539323646954E,SHA256=E710817B205BE4D9F6857C62C2C8DB4995AD7D122B8C29552C6CD5DDC55FE78E,IMPHASH=F7AEA6F23FD3BA4DA0381D63C6FC222E
Signed: true
Signature: Microsoft Windows
SignatureStatus: Valid",,,,,,,,Info,0,WLDAP32.DLL,,,,,,,,,{2d351099-5cae-5f5f-3204-000000000400},2116,,Microsoft® Windows® Operating System,,{5770385F-C22A-43E0-BF4C-06F5698FFBD9},,,,423622,,,,,,,-,,INFO,2,,,Microsoft Windows,Valid,TRUE,,,,,,,eventlog,im_msvistalog,Microsoft-Windows-Sysmon,,,,,,,,,,,,,,,,,,,,,,,,7,,,,4688,,,,,S-1-5-18,2022-04-15 12:06:07,3,,,"{""EventID"":7,""RecordNumber"":423622,""ProviderGuid"":""{5770385F-C22A-43E0-BF4C-06F5698FFBD9}"",""SourceName"":""Microsoft-Windows-Sysmon"",""OpcodeValue"":0,""AccountName"":""SYSTEM"",""SignatureStatus"":""Valid"",""SourceModuleName"":""eventlog"",""ExecutionProcessID"":3524,""AccountType"":""User"",""Category"":""Image loaded (rule: ImageLoad)"",""Domain"":""NT AUTHORITY"",""port"":60427,""Company"":""Microsoft Corporation"",""ThreadID"":4688,""Severity"":""INFO"",""EventType"":""INFO"",""Signed"":""true"",""Channel"":""Microsoft-Windows-Sysmon/Operational"",""Opcode"":""Info"",""EventReceivedTime"":""2022-04-15 08:06:08"",""ImageLoaded"":""C:\\Windows\\System32\\Wldap32.dll"",""Task"":7,""RuleName"":""-"",""Keywords"":-9223372036854775808,""Version"":3,""ProcessId"":""2116"",""Image"":""C:\\Windows\\System32\\svchost.exe"",""Product"":""Microsoft® Windows® Operating System"",""tags"":[""splunk""],""EventTime"":""2022-04-15 08:06:06"",""host"":""cybertees.net"",""SeverityValue"":2,""Message"":""Image loaded:\r\nRuleName: -\r\nUtcTime: 2022-04-15 12:06:06.538\r\nProcessGuid: {2d351099-5cae-5f5f-3204-000000000400}\r\nProcessId: 2116\r\nImage: C:\\Windows\\System32\\svchost.exe\r\nImageLoaded: C:\\Windows\\System32\\Wldap32.dll\r\nFileVersion: 10.0.18362.449 (WinBuild.160101.0800)\r\nDescription: Win32 LDAP API DLL\r\nProduct: Microsoft® Windows® Operating System\r\nCompany: Microsoft Corporation\r\nOriginalFileName: WLDAP32.DLL\r\nHashes: SHA1=FC578336307198EB7705E51CB41B7F8D1E7005F3,MD5=B5279E0D137AB95A787539323646954E,SHA256=E710817B205BE4D9F6857C62C2C8DB4995AD7D122B8C29552C6CD5DDC55FE78E,IMPHASH=F7AEA6F23FD3BA4DA0381D63C6FC222E\r\nSigned: true\r\nSignature: Microsoft Windows\r\nSignatureStatus: Valid"",""UtcTime"":""2022-04-15 12:06:06.538"",""UserID"":""S-1-5-18"",""FileVersion"":""10.0.18362.449 (WinBuild.160101.0800)"",""Description"":""Win32 LDAP API DLL"",""OriginalFileName"":""WLDAP32.DLL"",""timestamp"":""2022-04-15T12:06:08.048Z"",""Hashes"":""SHA1=FC578336307198EB7705E51CB41B7F8D1E7005F3,MD5=B5279E0D137AB95A787539323646954E,SHA256=E710817B205BE4D9F6857C62C2C8DB4995AD7D122B8C29552C6CD5DDC55FE78E,IMPHASH=F7AEA6F23FD3BA4DA0381D63C6FC222E"",""Signature"":""Microsoft Windows"",""@version"":""1"",""SourceModuleType"":""im_msvistalog"",""Hostname"":""James.browne"",""ProcessGuid"":""{2d351099-5cae-5f5f-3204-000000000400}""}",2022-04-15T08:06:02.000+0000,8,15,6,april,2,friday,2022,local,,INFO,cybertees.net,cyber-host,windowslogs,1,60427,"{"""":,"""":,"""":""{----}"","""":""--"","""":,"""":"""","""":"""","""":""""",Event_logs.json,_json,ip-10-10-40-195,,splunk,,2022-04-15T12:06:08.048Z,
1,,,,SYSTEM,User,,,,,C:\windows\SYSTEM32\ntdll.dll+9c534|C:\windows\System32\KERNELBASE.dll+6aec5|c:\windows\system32\lsm.dll+106fe|C:\windows\System32\RPCRT4.dll+76a53|C:\windows\System32\RPCRT4.dll+da036|C:\windows\System32\RPCRT4.dll+37b1c|C:\windows\System32\RPCRT4.dll+54998|C:\windows\System32\RPCRT4.dll+2c951|C:\windows\System32\RPCRT4.dll+2c20b|C:\windows\System32\RPCRT4.dll+1a86f|C:\windows\System32\RPCRT4.dll+19d1a|C:\windows\System32\RPCRT4.dll+19301|C:\windows\System32\RPCRT4.dll+18d6e|C:\windows\System32\RPCRT4.dll+169a5|C:\windows\SYSTEM32\ntdll.dll+333ed|C:\windows\SYSTEM32\ntdll.dll+34142|C:\windows\System32\KERNEL32.DLL+17bd4|C:\windows\SYSTEM32\ntdll.dll+6ce51,Process accessed (rule: ProcessAccess),Microsoft-Windows-Sysmon/Operational,,,,,,,,,,,,,,,,,,NT AUTHORITY,,,,,10,,2022-04-15 8:06:08,2022-04-15 8:06:06,,3524,,,0x1000,,,,James.browne,,,,,,,,,,-9223372036854775808,,,,,,,,,"Process accessed:
RuleName: -
UtcTime: 2022-04-15 12:06:06.237
SourceProcessGUID: {2d351099-43cd-5f5f-1200-000000000400}
SourceProcessId: 396
SourceThreadId: 8088
SourceImage: C:\windows\system32\svchost.exe
TargetProcessGUID: {2d351099-43d0-5f5f-3200-000000000400}
TargetProcessId: 2180
TargetImage: C:\windows\System32\svchost.exe
GrantedAccess: 0x1000
CallTrace: C:\windows\SYSTEM32\ntdll.dll+9c534|C:\windows\System32\KERNELBASE.dll+6aec5|c:\windows\system32\lsm.dll+106fe|C:\windows\System32\RPCRT4.dll+76a53|C:\windows\System32\RPCRT4.dll+da036|C:\windows\System32\RPCRT4.dll+37b1c|C:\windows\System32\RPCRT4.dll+54998|C:\windows\System32\RPCRT4.dll+2c951|C:\windows\System32\RPCRT4.dll+2c20b|C:\windows\System32\RPCRT4.dll+1a86f|C:\windows\System32\RPCRT4.dll+19d1a|C:\windows\System32\RPCRT4.dll+19301|C:\windows\System32\RPCRT4.dll+18d6e|C:\windows\System32\RPCRT4.dll+169a5|C:\windows\SYSTEM32\ntdll.dll+333ed|C:\windows\SYSTEM32\ntdll.dll+34142|C:\windows\System32\KERNEL32.DLL+17bd4|C:\windows\SYSTEM32\ntdll.dll+6ce51",,,,,,,,Info,0,,,,,,,,,,,396,,,,{5770385F-C22A-43E0-BF4C-06F5698FFBD9},,,,423621,,,,,,,-,,INFO,2,,,,,,,,,C:\windows\system32\svchost.exe,,,eventlog,im_msvistalog,Microsoft-Windows-Sysmon,,,{2d351099-43cd-5f5f-1200-000000000400},396,8088,,,,,,,,,C:\windows\System32\svchost.exe,,,,,,{2d351099-43d0-5f5f-3200-000000000400},2180,,,10,,,,4688,,,,,S-1-5-18,2022-04-15 12:06:06,3,,,"{""EventID"":10,""RecordNumber"":423621,""ProviderGuid"":""{5770385F-C22A-43E0-BF4C-06F5698FFBD9}"",""SourceName"":""Microsoft-Windows-Sysmon"",""OpcodeValue"":0,""AccountName"":""SYSTEM"",""SourceImage"":""C:\\windows\\system32\\svchost.exe"",""SourceModuleName"":""eventlog"",""ExecutionProcessID"":3524,""AccountType"":""User"",""Category"":""Process accessed (rule: ProcessAccess)"",""SourceProcessId"":""396"",""Domain"":""NT AUTHORITY"",""port"":60427,""ThreadID"":4688,""Severity"":""INFO"",""EventType"":""INFO"",""Channel"":""Microsoft-Windows-Sysmon/Operational"",""Opcode"":""Info"",""EventReceivedTime"":""2022-04-15 08:06:08"",""Task"":10,""RuleName"":""-"",""Keywords"":-9223372036854775808,""Version"":3,""ProcessId"":""396"",""tags"":[""splunk""],""GrantedAccess"":""0x1000"",""SourceProcessGUID"":""{2d351099-43cd-5f5f-1200-000000000400}"",""EventTime"":""2022-04-15 08:06:06"",""host"":""cybertees.net"",""SeverityValue"":2,""CallTrace"":""C:\\windows\\SYSTEM32\\ntdll.dll+9c534|C:\\windows\\System32\\KERNELBASE.dll+6aec5|c:\\windows\\system32\\lsm.dll+106fe|C:\\windows\\System32\\RPCRT4.dll+76a53|C:\\windows\\System32\\RPCRT4.dll+da036|C:\\windows\\System32\\RPCRT4.dll+37b1c|C:\\windows\\System32\\RPCRT4.dll+54998|C:\\windows\\System32\\RPCRT4.dll+2c951|C:\\windows\\System32\\RPCRT4.dll+2c20b|C:\\windows\\System32\\RPCRT4.dll+1a86f|C:\\windows\\System32\\RPCRT4.dll+19d1a|C:\\windows\\System32\\RPCRT4.dll+19301|C:\\windows\\System32\\RPCRT4.dll+18d6e|C:\\windows\\System32\\RPCRT4.dll+169a5|C:\\windows\\SYSTEM32\\ntdll.dll+333ed|C:\\windows\\SYSTEM32\\ntdll.dll+34142|C:\\windows\\System32\\KERNEL32.DLL+17bd4|C:\\windows\\SYSTEM32\\ntdll.dll+6ce51"",""Message"":""Process accessed:\r\nRuleName: -\r\nUtcTime: 2022-04-15 12:06:06.237\r\nSourceProcessGUID: {2d351099-43cd-5f5f-1200-000000000400}\r\nSourceProcessId: 396\r\nSourceThreadId: 8088\r\nSourceImage: C:\\windows\\system32\\svchost.exe\r\nTargetProcessGUID: {2d351099-43d0-5f5f-3200-000000000400}\r\nTargetProcessId: 2180\r\nTargetImage: C:\\windows\\System32\\svchost.exe\r\nGrantedAccess: 0x1000\r\nCallTrace: C:\\windows\\SYSTEM32\\ntdll.dll+9c534|C:\\windows\\System32\\KERNELBASE.dll+6aec5|c:\\windows\\system32\\lsm.dll+106fe|C:\\windows\\System32\\RPCRT4.dll+76a53|C:\\windows\\System32\\RPCRT4.dll+da036|C:\\windows\\System32\\RPCRT4.dll+37b1c|C:\\windows\\System32\\RPCRT4.dll+54998|C:\\windows\\System32\\RPCRT4.dll+2c951|C:\\windows\\System32\\RPCRT4.dll+2c20b|C:\\windows\\System32\\RPCRT4.dll+1a86f|C:\\windows\\System32\\RPCRT4.dll+19d1a|C:\\windows\\System32\\RPCRT4.dll+19301|C:\\windows\\System32\\RPCRT4.dll+18d6e|C:\\windows\\System32\\RPCRT4.dll+169a5|C:\\windows\\SYSTEM32\\ntdll.dll+333ed|C:\\windows\\SYSTEM32\\ntdll.dll+34142|C:\\windows\\System32\\KERNEL32.DLL+17bd4|C:\\windows\\SYSTEM32\\ntdll.dll+6ce51"",""UtcTime"":""2022-04-15 12:06:06.237"",""UserID"":""S-1-5-18"",""timestamp"":""2022-04-15T12:06:08.047Z"",""TargetProcessId"":""2180"",""SourceThreadId"":""8088"",""@version"":""1"",""TargetProcessGUID"":""{2d351099-43d0-5f5f-3200-000000000400}"",""SourceModuleType"":""im_msvistalog"",""TargetImage"":""C:\\windows\\System32\\svchost.exe"",""Hostname"":""James.browne""}",2022-04-15T08:06:02.000+0000,8,15,6,april,2,friday,2022,local,,INFO,cybertees.net,cyber-host,windowslogs,1,60427,"{"""":,"""":,"""":""{----}"","""":""--"","""":,"""":"""","""":"":\\\\\\",Event_logs.json,_json,ip-10-10-40-195,,splunk,,2022-04-15T12:06:08.047Z,
1,,,,SYSTEM,User,,,,,C:\windows\SYSTEM32\ntdll.dll+9c534|C:\windows\System32\KERNELBASE.dll+6aec5|c:\windows\system32\lsm.dll+108a0|C:\windows\System32\RPCRT4.dll+76a53|C:\windows\System32\RPCRT4.dll+da036|C:\windows\System32\RPCRT4.dll+37b1c|C:\windows\System32\RPCRT4.dll+54998|C:\windows\System32\RPCRT4.dll+2c951|C:\windows\System32\RPCRT4.dll+2c20b|C:\windows\System32\RPCRT4.dll+1a86f|C:\windows\System32\RPCRT4.dll+19d1a|C:\windows\System32\RPCRT4.dll+19301|C:\windows\System32\RPCRT4.dll+18d6e|C:\windows\System32\RPCRT4.dll+169a5|C:\windows\SYSTEM32\ntdll.dll+333ed|C:\windows\SYSTEM32\ntdll.dll+34142|C:\windows\System32\KERNEL32.DLL+17bd4|C:\windows\SYSTEM32\ntdll.dll+6ce51,Process accessed (rule: ProcessAccess),Microsoft-Windows-Sysmon/Operational,,,,,,,,,,,,,,,,,,NT AUTHORITY,,,,,10,,2022-04-15 8:06:08,2022-04-15 8:06:06,,3524,,,0x1000,,,,James.browne,,,,,,,,,,-9223372036854775808,,,,,,,,,"Process accessed:
RuleName: -
UtcTime: 2022-04-15 12:06:06.237
SourceProcessGUID: {2d351099-43cd-5f5f-1200-000000000400}
SourceProcessId: 396
SourceThreadId: 8088
SourceImage: C:\windows\system32\svchost.exe
TargetProcessGUID: {2d351099-43d0-5f5f-3200-000000000400}
TargetProcessId: 2180
TargetImage: C:\windows\System32\svchost.exe
GrantedAccess: 0x1000
CallTrace: C:\windows\SYSTEM32\ntdll.dll+9c534|C:\windows\System32\KERNELBASE.dll+6aec5|c:\windows\system32\lsm.dll+108a0|C:\windows\System32\RPCRT4.dll+76a53|C:\windows\System32\RPCRT4.dll+da036|C:\windows\System32\RPCRT4.dll+37b1c|C:\windows\System32\RPCRT4.dll+54998|C:\windows\System32\RPCRT4.dll+2c951|C:\windows\System32\RPCRT4.dll+2c20b|C:\windows\System32\RPCRT4.dll+1a86f|C:\windows\System32\RPCRT4.dll+19d1a|C:\windows\System32\RPCRT4.dll+19301|C:\windows\System32\RPCRT4.dll+18d6e|C:\windows\System32\RPCRT4.dll+169a5|C:\windows\SYSTEM32\ntdll.dll+333ed|C:\windows\SYSTEM32\ntdll.dll+34142|C:\windows\System32\KERNEL32.DLL+17bd4|C:\windows\SYSTEM32\ntdll.dll+6ce51",,,,,,,,Info,0,,,,,,,,,,,396,,,,{5770385F-C22A-43E0-BF4C-06F5698FFBD9},,,,423620,,,,,,,-,,INFO,2,,,,,,,,,C:\windows\system32\svchost.exe,,,eventlog,im_msvistalog,Microsoft-Windows-Sysmon,,,{2d351099-43cd-5f5f-1200-000000000400},396,8088,,,,,,,,,C:\windows\System32\svchost.exe,,,,,,{2d351099-43d0-5f5f-3200-000000000400},2180,,,10,,,,4688,,,,,S-1-5-18,2022-04-15 12:06:06,3,,,"{""EventID"":10,""RecordNumber"":423620,""ProviderGuid"":""{5770385F-C22A-43E0-BF4C-06F5698FFBD9}"",""SourceName"":""Microsoft-Windows-Sysmon"",""OpcodeValue"":0,""AccountName"":""SYSTEM"",""SourceImage"":""C:\\windows\\system32\\svchost.exe"",""SourceModuleName"":""eventlog"",""ExecutionProcessID"":3524,""AccountType"":""User"",""Category"":""Process accessed (rule: ProcessAccess)"",""SourceProcessId"":""396"",""Domain"":""NT AUTHORITY"",""port"":60427,""ThreadID"":4688,""Severity"":""INFO"",""EventType"":""INFO"",""Channel"":""Microsoft-Windows-Sysmon/Operational"",""Opcode"":""Info"",""EventReceivedTime"":""2022-04-15 08:06:08"",""Task"":10,""RuleName"":""-"",""Keywords"":-9223372036854775808,""Version"":3,""ProcessId"":""396"",""tags"":[""splunk""],""GrantedAccess"":""0x1000"",""SourceProcessGUID"":""{2d351099-43cd-5f5f-1200-000000000400}"",""EventTime"":""2022-04-15 08:06:06"",""host"":""cybertees.net"",""SeverityValue"":2,""CallTrace"":""C:\\windows\\SYSTEM32\\ntdll.dll+9c534|C:\\windows\\System32\\KERNELBASE.dll+6aec5|c:\\windows\\system32\\lsm.dll+108a0|C:\\windows\\System32\\RPCRT4.dll+76a53|C:\\windows\\System32\\RPCRT4.dll+da036|C:\\windows\\System32\\RPCRT4.dll+37b1c|C:\\windows\\System32\\RPCRT4.dll+54998|C:\\windows\\System32\\RPCRT4.dll+2c951|C:\\windows\\System32\\RPCRT4.dll+2c20b|C:\\windows\\System32\\RPCRT4.dll+1a86f|C:\\windows\\System32\\RPCRT4.dll+19d1a|C:\\windows\\System32\\RPCRT4.dll+19301|C:\\windows\\System32\\RPCRT4.dll+18d6e|C:\\windows\\System32\\RPCRT4.dll+169a5|C:\\windows\\SYSTEM32\\ntdll.dll+333ed|C:\\windows\\SYSTEM32\\ntdll.dll+34142|C:\\windows\\System32\\KERNEL32.DLL+17bd4|C:\\windows\\SYSTEM32\\ntdll.dll+6ce51"",""Message"":""Process accessed:\r\nRuleName: -\r\nUtcTime: 2022-04-15 12:06:06.237\r\nSourceProcessGUID: {2d351099-43cd-5f5f-1200-000000000400}\r\nSourceProcessId: 396\r\nSourceThreadId: 8088\r\nSourceImage: C:\\windows\\system32\\svchost.exe\r\nTargetProcessGUID: {2d351099-43d0-5f5f-3200-000000000400}\r\nTargetProcessId: 2180\r\nTargetImage: C:\\windows\\System32\\svchost.exe\r\nGrantedAccess: 0x1000\r\nCallTrace: C:\\windows\\SYSTEM32\\ntdll.dll+9c534|C:\\windows\\System32\\KERNELBASE.dll+6aec5|c:\\windows\\system32\\lsm.dll+108a0|C:\\windows\\System32\\RPCRT4.dll+76a53|C:\\windows\\System32\\RPCRT4.dll+da036|C:\\windows\\System32\\RPCRT4.dll+37b1c|C:\\windows\\System32\\RPCRT4.dll+54998|C:\\windows\\System32\\RPCRT4.dll+2c951|C:\\windows\\System32\\RPCRT4.dll+2c20b|C:\\windows\\System32\\RPCRT4.dll+1a86f|C:\\windows\\System32\\RPCRT4.dll+19d1a|C:\\windows\\System32\\RPCRT4.dll+19301|C:\\windows\\System32\\RPCRT4.dll+18d6e|C:\\windows\\System32\\RPCRT4.dll+169a5|C:\\windows\\SYSTEM32\\ntdll.dll+333ed|C:\\windows\\SYSTEM32\\ntdll.dll+34142|C:\\windows\\System32\\KERNEL32.DLL+17bd4|C:\\windows\\SYSTEM32\\ntdll.dll+6ce51"",""UtcTime"":""2022-04-15 12:06:06.237"",""UserID"":""S-1-5-18"",""timestamp"":""2022-04-15T12:06:08.047Z"",""TargetProcessId"":""2180"",""SourceThreadId"":""8088"",""@version"":""1"",""TargetProcessGUID"":""{2d351099-43d0-5f5f-3200-000000000400}"",""SourceModuleType"":""im_msvistalog"",""TargetImage"":""C:\\windows\\System32\\svchost.exe"",""Hostname"":""James.browne""}",2022-04-15T08:06:02.000+0000,8,15,6,april,2,friday,2022,local,,INFO,cybertees.net,cyber-host,windowslogs,1,60427,"{"""":,"""":,"""":""{----}"","""":""--"","""":,"""":"""","""":"":\\\\\\",Event_logs.json,_json,ip-10-10-40-195,,splunk,,2022-04-15T12:06:08.047Z,
1,,,,SYSTEM,User,,,,,C:\windows\SYSTEM32\ntdll.dll+9c534|C:\windows\System32\KERNELBASE.dll+6aec5|c:\windows\system32\lsm.dll+10225|C:\windows\System32\RPCRT4.dll+76a53|C:\windows\System32\RPCRT4.dll+da036|C:\windows\System32\RPCRT4.dll+37b1c|C:\windows\System32\RPCRT4.dll+54998|C:\windows\System32\RPCRT4.dll+2c951|C:\windows\System32\RPCRT4.dll+2c20b|C:\windows\System32\RPCRT4.dll+1a86f|C:\windows\System32\RPCRT4.dll+19d1a|C:\windows\System32\RPCRT4.dll+19301|C:\windows\System32\RPCRT4.dll+18d6e|C:\windows\System32\RPCRT4.dll+169a5|C:\windows\SYSTEM32\ntdll.dll+333ed|C:\windows\SYSTEM32\ntdll.dll+34142|C:\windows\System32\KERNEL32.DLL+17bd4|C:\windows\SYSTEM32\ntdll.dll+6ce51,Process accessed (rule: ProcessAccess),Microsoft-Windows-Sysmon/Operational,,,,,,,,,,,,,,,,,,NT AUTHORITY,,,,,10,,2022-04-15 8:06:08,2022-04-15 8:06:06,,3524,,,0x1000,,,,James.browne,,,,,,,,,,-9223372036854775808,,,,,,,,,"Process accessed:
RuleName: -
UtcTime: 2022-04-15 12:06:06.237
SourceProcessGUID: {2d351099-43cd-5f5f-1200-000000000400}
SourceProcessId: 396
SourceThreadId: 8088
SourceImage: C:\windows\system32\svchost.exe
TargetProcessGUID: {2d351099-43d0-5f5f-3200-000000000400}
TargetProcessId: 2180
TargetImage: C:\windows\System32\svchost.exe
GrantedAccess: 0x1000
CallTrace: C:\windows\SYSTEM32\ntdll.dll+9c534|C:\windows\System32\KERNELBASE.dll+6aec5|c:\windows\system32\lsm.dll+10225|C:\windows\System32\RPCRT4.dll+76a53|C:\windows\System32\RPCRT4.dll+da036|C:\windows\System32\RPCRT4.dll+37b1c|C:\windows\System32\RPCRT4.dll+54998|C:\windows\System32\RPCRT4.dll+2c951|C:\windows\System32\RPCRT4.dll+2c20b|C:\windows\System32\RPCRT4.dll+1a86f|C:\windows\System32\RPCRT4.dll+19d1a|C:\windows\System32\RPCRT4.dll+19301|C:\windows\System32\RPCRT4.dll+18d6e|C:\windows\System32\RPCRT4.dll+169a5|C:\windows\SYSTEM32\ntdll.dll+333ed|C:\windows\SYSTEM32\ntdll.dll+34142|C:\windows\System32\KERNEL32.DLL+17bd4|C:\windows\SYSTEM32\ntdll.dll+6ce51",,,,,,,,Info,0,,,,,,,,,,,396,,,,{5770385F-C22A-43E0-BF4C-06F5698FFBD9},,,,423619,,,,,,,-,,INFO,2,,,,,,,,,C:\windows\system32\svchost.exe,,,eventlog,im_msvistalog,Microsoft-Windows-Sysmon,,,{2d351099-43cd-5f5f-1200-000000000400},396,8088,,,,,,,,,C:\windows\System32\svchost.exe,,,,,,{2d351099-43d0-5f5f-3200-000000000400},2180,,,10,,,,4688,,,,,S-1-5-18,2022-04-15 12:06:06,3,,,"{""EventID"":10,""RecordNumber"":423619,""ProviderGuid"":""{5770385F-C22A-43E0-BF4C-06F5698FFBD9}"",""SourceName"":""Microsoft-Windows-Sysmon"",""OpcodeValue"":0,""AccountName"":""SYSTEM"",""SourceImage"":""C:\\windows\\system32\\svchost.exe"",""SourceModuleName"":""eventlog"",""ExecutionProcessID"":3524,""AccountType"":""User"",""Category"":""Process accessed (rule: ProcessAccess)"",""SourceProcessId"":""396"",""Domain"":""NT AUTHORITY"",""port"":60427,""ThreadID"":4688,""Severity"":""INFO"",""EventType"":""INFO"",""Channel"":""Microsoft-Windows-Sysmon/Operational"",""Opcode"":""Info"",""EventReceivedTime"":""2022-04-15 08:06:08"",""Task"":10,""RuleName"":""-"",""Keywords"":-9223372036854775808,""Version"":3,""ProcessId"":""396"",""tags"":[""splunk""],""GrantedAccess"":""0x1000"",""SourceProcessGUID"":""{2d351099-43cd-5f5f-1200-000000000400}"",""EventTime"":""2022-04-15 08:06:06"",""host"":""cybertees.net"",""SeverityValue"":2,""CallTrace"":""C:\\windows\\SYSTEM32\\ntdll.dll+9c534|C:\\windows\\System32\\KERNELBASE.dll+6aec5|c:\\windows\\system32\\lsm.dll+10225|C:\\windows\\System32\\RPCRT4.dll+76a53|C:\\windows\\System32\\RPCRT4.dll+da036|C:\\windows\\System32\\RPCRT4.dll+37b1c|C:\\windows\\System32\\RPCRT4.dll+54998|C:\\windows\\System32\\RPCRT4.dll+2c951|C:\\windows\\System32\\RPCRT4.dll+2c20b|C:\\windows\\System32\\RPCRT4.dll+1a86f|C:\\windows\\System32\\RPCRT4.dll+19d1a|C:\\windows\\System32\\RPCRT4.dll+19301|C:\\windows\\System32\\RPCRT4.dll+18d6e|C:\\windows\\System32\\RPCRT4.dll+169a5|C:\\windows\\SYSTEM32\\ntdll.dll+333ed|C:\\windows\\SYSTEM32\\ntdll.dll+34142|C:\\windows\\System32\\KERNEL32.DLL+17bd4|C:\\windows\\SYSTEM32\\ntdll.dll+6ce51"",""Message"":""Process accessed:\r\nRuleName: -\r\nUtcTime: 2022-04-15 12:06:06.237\r\nSourceProcessGUID: {2d351099-43cd-5f5f-1200-000000000400}\r\nSourceProcessId: 396\r\nSourceThreadId: 8088\r\nSourceImage: C:\\windows\\system32\\svchost.exe\r\nTargetProcessGUID: {2d351099-43d0-5f5f-3200-000000000400}\r\nTargetProcessId: 2180\r\nTargetImage: C:\\windows\\System32\\svchost.exe\r\nGrantedAccess: 0x1000\r\nCallTrace: C:\\windows\\SYSTEM32\\ntdll.dll+9c534|C:\\windows\\System32\\KERNELBASE.dll+6aec5|c:\\windows\\system32\\lsm.dll+10225|C:\\windows\\System32\\RPCRT4.dll+76a53|C:\\windows\\System32\\RPCRT4.dll+da036|C:\\windows\\System32\\RPCRT4.dll+37b1c|C:\\windows\\System32\\RPCRT4.dll+54998|C:\\windows\\System32\\RPCRT4.dll+2c951|C:\\windows\\System32\\RPCRT4.dll+2c20b|C:\\windows\\System32\\RPCRT4.dll+1a86f|C:\\windows\\System32\\RPCRT4.dll+19d1a|C:\\windows\\System32\\RPCRT4.dll+19301|C:\\windows\\System32\\RPCRT4.dll+18d6e|C:\\windows\\System32\\RPCRT4.dll+169a5|C:\\windows\\SYSTEM32\\ntdll.dll+333ed|C:\\windows\\SYSTEM32\\ntdll.dll+34142|C:\\windows\\System32\\KERNEL32.DLL+17bd4|C:\\windows\\SYSTEM32\\ntdll.dll+6ce51"",""UtcTime"":""2022-04-15 12:06:06.237"",""UserID"":""S-1-5-18"",""timestamp"":""2022-04-15T12:06:08.046Z"",""TargetProcessId"":""2180"",""SourceThreadId"":""8088"",""@version"":""1"",""TargetProcessGUID"":""{2d351099-43d0-5f5f-3200-000000000400}"",""SourceModuleType"":""im_msvistalog"",""TargetImage"":""C:\\windows\\System32\\svchost.exe"",""Hostname"":""James.browne""}",2022-04-15T08:06:02.000+0000,8,15,6,april,2,friday,2022,local,,INFO,cybertees.net,cyber-host,windowslogs,1,60427,"{"""":,"""":,"""":""{----}"","""":""--"","""":,"""":"""","""":"":\\\\\\",Event_logs.json,_json,ip-10-10-40-195,,splunk,,2022-04-15T12:06:08.046Z,
1,,,,SYSTEM,User,,,,,,Image loaded (rule: ImageLoad),Microsoft-Windows-Sysmon/Operational,,Microsoft Corporation,,,,Windows Cryptographic Primitives Library,,,,,,,,,,,,NT AUTHORITY,,,,,7,,2022-04-15 8:06:08,2022-04-15 8:06:06,,3524,10.0.18362.267 (WinBuild.160101.0800),,,,,"SHA1=421C35E0949143DE72C8F98776565D24815AD47E,MD5=F46778029BE7D755EBDCDF048EA62A4B,SHA256=907A4D1D405283AD24BBA1F9A763C5118A33574F3E0EC7FC543F65B24CC0A748,IMPHASH=E5649DCD6FA9472DB9A89CCD123913C0",James.browne,C:\Windows\System32\svchost.exe,C:\Windows\System32\bcrypt.dll,,,,,,,,-9223372036854775808,,,,,,,,,"Image loaded:
RuleName: -
UtcTime: 2022-04-15 12:06:06.237
ProcessGuid: {2d351099-5cae-5f5f-3204-000000000400}
ProcessId: 2116
Image: C:\Windows\System32\svchost.exe
ImageLoaded: C:\Windows\System32\bcrypt.dll
FileVersion: 10.0.18362.267 (WinBuild.160101.0800)
Description: Windows Cryptographic Primitives Library
Product: Microsoft® Windows® Operating System
Company: Microsoft Corporation
OriginalFileName: bcrypt.dll
Hashes: SHA1=421C35E0949143DE72C8F98776565D24815AD47E,MD5=F46778029BE7D755EBDCDF048EA62A4B,SHA256=907A4D1D405283AD24BBA1F9A763C5118A33574F3E0EC7FC543F65B24CC0A748,IMPHASH=E5649DCD6FA9472DB9A89CCD123913C0
Signed: true
Signature: Microsoft Windows
SignatureStatus: Valid",,,,,,,,Info,0,bcrypt.dll,,,,,,,,,{2d351099-5cae-5f5f-3204-000000000400},2116,,Microsoft® Windows® Operating System,,{5770385F-C22A-43E0-BF4C-06F5698FFBD9},,,,423618,,,,,,,-,,INFO,2,,,Microsoft Windows,Valid,TRUE,,,,,,,eventlog,im_msvistalog,Microsoft-Windows-Sysmon,,,,,,,,,,,,,,,,,,,,,,,,7,,,,4688,,,,,S-1-5-18,2022-04-15 12:06:06,3,,,"{""EventID"":7,""RecordNumber"":423618,""ProviderGuid"":""{5770385F-C22A-43E0-BF4C-06F5698FFBD9}"",""SourceName"":""Microsoft-Windows-Sysmon"",""OpcodeValue"":0,""AccountName"":""SYSTEM"",""SignatureStatus"":""Valid"",""SourceModuleName"":""eventlog"",""ExecutionProcessID"":3524,""AccountType"":""User"",""Category"":""Image loaded (rule: ImageLoad)"",""Domain"":""NT AUTHORITY"",""port"":60427,""Company"":""Microsoft Corporation"",""ThreadID"":4688,""Severity"":""INFO"",""EventType"":""INFO"",""Signed"":""true"",""Channel"":""Microsoft-Windows-Sysmon/Operational"",""Opcode"":""Info"",""EventReceivedTime"":""2022-04-15 08:06:08"",""ImageLoaded"":""C:\\Windows\\System32\\bcrypt.dll"",""Task"":7,""RuleName"":""-"",""Keywords"":-9223372036854775808,""Version"":3,""ProcessId"":""2116"",""Image"":""C:\\Windows\\System32\\svchost.exe"",""Product"":""Microsoft® Windows® Operating System"",""tags"":[""splunk""],""EventTime"":""2022-04-15 08:06:06"",""host"":""cybertees.net"",""SeverityValue"":2,""Message"":""Image loaded:\r\nRuleName: -\r\nUtcTime: 2022-04-15 12:06:06.237\r\nProcessGuid: {2d351099-5cae-5f5f-3204-000000000400}\r\nProcessId: 2116\r\nImage: C:\\Windows\\System32\\svchost.exe\r\nImageLoaded: C:\\Windows\\System32\\bcrypt.dll\r\nFileVersion: 10.0.18362.267 (WinBuild.160101.0800)\r\nDescription: Windows Cryptographic Primitives Library\r\nProduct: Microsoft® Windows® Operating System\r\nCompany: Microsoft Corporation\r\nOriginalFileName: bcrypt.dll\r\nHashes: SHA1=421C35E0949143DE72C8F98776565D24815AD47E,MD5=F46778029BE7D755EBDCDF048EA62A4B,SHA256=907A4D1D405283AD24BBA1F9A763C5118A33574F3E0EC7FC543F65B24CC0A748,IMPHASH=E5649DCD6FA9472DB9A89CCD123913C0\r\nSigned: true\r\nSignature: Microsoft Windows\r\nSignatureStatus: Valid"",""UtcTime"":""2022-04-15 12:06:06.237"",""UserID"":""S-1-5-18"",""FileVersion"":""10.0.18362.267 (WinBuild.160101.0800)"",""Description"":""Windows Cryptographic Primitives Library"",""OriginalFileName"":""bcrypt.dll"",""timestamp"":""2022-04-15T12:06:08.046Z"",""Hashes"":""SHA1=421C35E0949143DE72C8F98776565D24815AD47E,MD5=F46778029BE7D755EBDCDF048EA62A4B,SHA256=907A4D1D405283AD24BBA1F9A763C5118A33574F3E0EC7FC543F65B24CC0A748,IMPHASH=E5649DCD6FA9472DB9A89CCD123913C0"",""Signature"":""Microsoft Windows"",""@version"":""1"",""SourceModuleType"":""im_msvistalog"",""Hostname"":""James.browne"",""ProcessGuid"":""{2d351099-5cae-5f5f-3204-000000000400}""}",2022-04-15T08:06:02.000+0000,8,15,6,april,2,friday,2022,local,,INFO,cybertees.net,cyber-host,windowslogs,1,60427,"{"""":,"""":,"""":""{----}"","""":""--"","""":,"""":"""","""":"""","""":""""",Event_logs.json,_json,ip-10-10-40-195,,splunk,,2022-04-15T12:06:08.046Z,
1,,,,SYSTEM,User,,,,,,Image loaded (rule: ImageLoad),Microsoft-Windows-Sysmon/Operational,,Microsoft Corporation,,,,FWP/IPsec User-Mode API,,,,,,,,,,,,NT AUTHORITY,,,,,7,,2022-04-15 8:06:08,2022-04-15 8:06:06,,3524,10.0.18362.207 (WinBuild.160101.0800),,,,,"SHA1=64CC9E48F979B833AF5135CB528C68500D2487AF,MD5=8DE4320C63049386489277DC983958D4,SHA256=BFD0137D9615A3C2B02FF8E1B5B33221A8F7DEEC573AC27CDCDAE68DEA72CD95,IMPHASH=AFD4C9F86C7354898594DD6BBF32C51F",James.browne,C:\Windows\System32\svchost.exe,C:\Windows\System32\FWPUCLNT.DLL,,,,,,,,-9223372036854775808,,,,,,,,,"Image loaded:
RuleName: -
UtcTime: 2022-04-15 12:06:06.237
ProcessGuid: {2d351099-5cae-5f5f-3204-000000000400}
ProcessId: 2116
Image: C:\Windows\System32\svchost.exe
ImageLoaded: C:\Windows\System32\FWPUCLNT.DLL
FileVersion: 10.0.18362.207 (WinBuild.160101.0800)
Description: FWP/IPsec User-Mode API
Product: Microsoft® Windows® Operating System
Company: Microsoft Corporation
OriginalFileName: fwpuclnt.dll
Hashes: SHA1=64CC9E48F979B833AF5135CB528C68500D2487AF,MD5=8DE4320C63049386489277DC983958D4,SHA256=BFD0137D9615A3C2B02FF8E1B5B33221A8F7DEEC573AC27CDCDAE68DEA72CD95,IMPHASH=AFD4C9F86C7354898594DD6BBF32C51F
Signed: true
Signature: Microsoft Windows
SignatureStatus: Valid",,,,,,,,Info,0,fwpuclnt.dll,,,,,,,,,{2d351099-5cae-5f5f-3204-000000000400},2116,,Microsoft® Windows® Operating System,,{5770385F-C22A-43E0-BF4C-06F5698FFBD9},,,,423617,,,,,,,-,,INFO,2,,,Microsoft Windows,Valid,TRUE,,,,,,,eventlog,im_msvistalog,Microsoft-Windows-Sysmon,,,,,,,,,,,,,,,,,,,,,,,,7,,,,4688,,,,,S-1-5-18,2022-04-15 12:06:06,3,,,"{""EventID"":7,""RecordNumber"":423617,""ProviderGuid"":""{5770385F-C22A-43E0-BF4C-06F5698FFBD9}"",""SourceName"":""Microsoft-Windows-Sysmon"",""OpcodeValue"":0,""AccountName"":""SYSTEM"",""SignatureStatus"":""Valid"",""SourceModuleName"":""eventlog"",""ExecutionProcessID"":3524,""AccountType"":""User"",""Category"":""Image loaded (rule: ImageLoad)"",""Domain"":""NT AUTHORITY"",""port"":60427,""Company"":""Microsoft Corporation"",""ThreadID"":4688,""Severity"":""INFO"",""EventType"":""INFO"",""Signed"":""true"",""Channel"":""Microsoft-Windows-Sysmon/Operational"",""Opcode"":""Info"",""EventReceivedTime"":""2022-04-15 08:06:08"",""ImageLoaded"":""C:\\Windows\\System32\\FWPUCLNT.DLL"",""Task"":7,""RuleName"":""-"",""Keywords"":-9223372036854775808,""Version"":3,""ProcessId"":""2116"",""Image"":""C:\\Windows\\System32\\svchost.exe"",""Product"":""Microsoft® Windows® Operating System"",""tags"":[""splunk""],""EventTime"":""2022-04-15 08:06:06"",""host"":""cybertees.net"",""SeverityValue"":2,""Message"":""Image loaded:\r\nRuleName: -\r\nUtcTime: 2022-04-15 12:06:06.237\r\nProcessGuid: {2d351099-5cae-5f5f-3204-000000000400}\r\nProcessId: 2116\r\nImage: C:\\Windows\\System32\\svchost.exe\r\nImageLoaded: C:\\Windows\\System32\\FWPUCLNT.DLL\r\nFileVersion: 10.0.18362.207 (WinBuild.160101.0800)\r\nDescription: FWP/IPsec User-Mode API\r\nProduct: Microsoft® Windows® Operating System\r\nCompany: Microsoft Corporation\r\nOriginalFileName: fwpuclnt.dll\r\nHashes: SHA1=64CC9E48F979B833AF5135CB528C68500D2487AF,MD5=8DE4320C63049386489277DC983958D4,SHA256=BFD0137D9615A3C2B02FF8E1B5B33221A8F7DEEC573AC27CDCDAE68DEA72CD95,IMPHASH=AFD4C9F86C7354898594DD6BBF32C51F\r\nSigned: true\r\nSignature: Microsoft Windows\r\nSignatureStatus: Valid"",""UtcTime"":""2022-04-15 12:06:06.237"",""UserID"":""S-1-5-18"",""FileVersion"":""10.0.18362.207 (WinBuild.160101.0800)"",""Description"":""FWP/IPsec User-Mode API"",""OriginalFileName"":""fwpuclnt.dll"",""timestamp"":""2022-04-15T12:06:08.045Z"",""Hashes"":""SHA1=64CC9E48F979B833AF5135CB528C68500D2487AF,MD5=8DE4320C63049386489277DC983958D4,SHA256=BFD0137D9615A3C2B02FF8E1B5B33221A8F7DEEC573AC27CDCDAE68DEA72CD95,IMPHASH=AFD4C9F86C7354898594DD6BBF32C51F"",""Signature"":""Microsoft Windows"",""@version"":""1"",""SourceModuleType"":""im_msvistalog"",""Hostname"":""James.browne"",""ProcessGuid"":""{2d351099-5cae-5f5f-3204-000000000400}""}",2022-04-15T08:06:02.000+0000,8,15,6,april,2,friday,2022,local,,INFO,cybertees.net,cyber-host,windowslogs,1,60427,"{"""":,"""":,"""":""{----}"","""":""--"","""":,"""":"""","""":"""","""":""""",Event_logs.json,_json,ip-10-10-40-195,,splunk,,2022-04-15T12:06:08.045Z,
1,,,,SYSTEM,User,,,,,,Registry object added or deleted (rule: RegistryEvent),Microsoft-Windows-Sysmon/Operational,,,,,,,,,,,,,,,,,,NT AUTHORITY,,,,,12,,2022-04-15 8:06:08,2022-04-15 8:06:06,INFO,3524,,,,,,,James.browne,C:\windows\system32\svchost.exe,,,,,,,,,-9223372036854775808,,,,,,,,,"Registry object added or deleted:
RuleName: -
EventType: CreateKey
UtcTime: 2022-04-15 12:06:06.237
ProcessGuid: {2d351099-5cae-5f5f-3204-000000000400}
ProcessId: 2116
Image: C:\windows\system32\svchost.exe
TargetObject: HKLM\System\CurrentControlSet\Services\Tcpip\Parameters",,,,,,,,Info,0,,,,,,,,,,{2d351099-5cae-5f5f-3204-000000000400},2116,,,,{5770385F-C22A-43E0-BF4C-06F5698FFBD9},,,,423616,,,,,,,-,,INFO,2,,,,,,,,,,,,eventlog,im_msvistalog,Microsoft-Windows-Sysmon,,,,,,,,,,,,,,,,,HKLM\System\CurrentControlSet\Services\Tcpip\Parameters,,,,,,,12,,,,4688,,,,,S-1-5-18,2022-04-15 12:06:06,2,,,"{""Image"":""C:\\windows\\system32\\svchost.exe"",""ProcessId"":""2116"",""EventID"":12,""tags"":[""splunk""],""RecordNumber"":423616,""ProviderGuid"":""{5770385F-C22A-43E0-BF4C-06F5698FFBD9}"",""SourceName"":""Microsoft-Windows-Sysmon"",""OpcodeValue"":0,""EventTime"":""2022-04-15 08:06:06"",""AccountName"":""SYSTEM"",""host"":""cybertees.net"",""SeverityValue"":2,""ExecutionProcessID"":3524,""AccountType"":""User"",""Category"":""Registry object added or deleted (rule: RegistryEvent)"",""SourceModuleName"":""eventlog"",""Domain"":""NT AUTHORITY"",""Message"":""Registry object added or deleted:\r\nRuleName: -\r\nEventType: CreateKey\r\nUtcTime: 2022-04-15 12:06:06.237\r\nProcessGuid: {2d351099-5cae-5f5f-3204-000000000400}\r\nProcessId: 2116\r\nImage: C:\\windows\\system32\\svchost.exe\r\nTargetObject: HKLM\\System\\CurrentControlSet\\Services\\Tcpip\\Parameters"",""port"":60427,""UserID"":""S-1-5-18"",""UtcTime"":""2022-04-15 12:06:06.237"",""timestamp"":""2022-04-15T12:06:08.044Z"",""ThreadID"":4688,""Severity"":""INFO"",""EventTypeOrignal"":""INFO"",""EventType"":""CreateKey"",""Channel"":""Microsoft-Windows-Sysmon/Operational"",""TargetObject"":""HKLM\\System\\CurrentControlSet\\Services\\Tcpip\\Parameters"",""Opcode"":""Info"",""EventReceivedTime"":""2022-04-15 08:06:08"",""@version"":""1"",""Task"":12,""SourceModuleType"":""im_msvistalog"",""RuleName"":""-"",""Hostname"":""James.browne"",""Keywords"":-9223372036854775808,""Version"":2,""ProcessGuid"":""{2d351099-5cae-5f5f-3204-000000000400}""}",2022-04-15T08:06:02.000+0000,8,15,6,april,2,friday,2022,local,,CreateKey,cybertees.net,cyber-host,windowslogs,1,60427,"{"""":"":\\\\\\."","""":"""","""":,"""":[""""],"""":,"""":""{----}"",""",Event_logs.json,_json,ip-10-10-40-195,,splunk,,2022-04-15T12:06:08.044Z,
1,,,,SYSTEM,User,,,,,,Registry object added or deleted (rule: RegistryEvent),Microsoft-Windows-Sysmon/Operational,,,,,,,,,,,,,,,,,,NT AUTHORITY,,,,,12,,2022-04-15 8:06:08,2022-04-15 8:06:06,INFO,3524,,,,,,,James.browne,C:\windows\system32\svchost.exe,,,,,,,,,-9223372036854775808,,,,,,,,,"Registry object added or deleted:
RuleName: -
EventType: CreateKey
UtcTime: 2022-04-15 12:06:06.237
ProcessGuid: {2d351099-5cae-5f5f-3204-000000000400}
ProcessId: 2116
Image: C:\windows\system32\svchost.exe
TargetObject: HKLM\System\CurrentControlSet\Services\Tcpip\Parameters",,,,,,,,Info,0,,,,,,,,,,{2d351099-5cae-5f5f-3204-000000000400},2116,,,,{5770385F-C22A-43E0-BF4C-06F5698FFBD9},,,,423615,,,,,,,-,,INFO,2,,,,,,,,,,,,eventlog,im_msvistalog,Microsoft-Windows-Sysmon,,,,,,,,,,,,,,,,,HKLM\System\CurrentControlSet\Services\Tcpip\Parameters,,,,,,,12,,,,4688,,,,,S-1-5-18,2022-04-15 12:06:06,2,,,"{""Image"":""C:\\windows\\system32\\svchost.exe"",""ProcessId"":""2116"",""EventID"":12,""tags"":[""splunk""],""RecordNumber"":423615,""ProviderGuid"":""{5770385F-C22A-43E0-BF4C-06F5698FFBD9}"",""SourceName"":""Microsoft-Windows-Sysmon"",""OpcodeValue"":0,""EventTime"":""2022-04-15 08:06:06"",""AccountName"":""SYSTEM"",""host"":""cybertees.net"",""SeverityValue"":2,""ExecutionProcessID"":3524,""AccountType"":""User"",""Category"":""Registry object added or deleted (rule: RegistryEvent)"",""SourceModuleName"":""eventlog"",""Domain"":""NT AUTHORITY"",""Message"":""Registry object added or deleted:\r\nRuleName: -\r\nEventType: CreateKey\r\nUtcTime: 2022-04-15 12:06:06.237\r\nProcessGuid: {2d351099-5cae-5f5f-3204-000000000400}\r\nProcessId: 2116\r\nImage: C:\\windows\\system32\\svchost.exe\r\nTargetObject: HKLM\\System\\CurrentControlSet\\Services\\Tcpip\\Parameters"",""port"":60427,""UserID"":""S-1-5-18"",""UtcTime"":""2022-04-15 12:06:06.237"",""timestamp"":""2022-04-15T12:06:08.044Z"",""ThreadID"":4688,""Severity"":""INFO"",""EventTypeOrignal"":""INFO"",""EventType"":""CreateKey"",""Channel"":""Microsoft-Windows-Sysmon/Operational"",""TargetObject"":""HKLM\\System\\CurrentControlSet\\Services\\Tcpip\\Parameters"",""Opcode"":""Info"",""EventReceivedTime"":""2022-04-15 08:06:08"",""@version"":""1"",""Task"":12,""SourceModuleType"":""im_msvistalog"",""RuleName"":""-"",""Hostname"":""James.browne"",""Keywords"":-9223372036854775808,""Version"":2,""ProcessGuid"":""{2d351099-5cae-5f5f-3204-000000000400}""}",2022-04-15T08:06:02.000+0000,8,15,6,april,2,friday,2022,local,,CreateKey,cybertees.net,cyber-host,windowslogs,1,60427,"{"""":"":\\\\\\."","""":"""","""":,"""":[""""],"""":,"""":""{----}"",""",Event_logs.json,_json,ip-10-10-40-195,,splunk,,2022-04-15T12:06:08.044Z,
1,,,,SYSTEM,User,,,,,,Registry object added or deleted (rule: RegistryEvent),Microsoft-Windows-Sysmon/Operational,,,,,,,,,,,,,,,,,,NT AUTHORITY,,,,,12,,2022-04-15 8:06:08,2022-04-15 8:06:06,INFO,3524,,,,,,,James.browne,C:\windows\system32\svchost.exe,,,,,,,,,-9223372036854775808,,,,,,,,,"Registry object added or deleted:
RuleName: -
EventType: CreateKey
UtcTime: 2022-04-15 12:06:06.237
ProcessGuid: {2d351099-5cae-5f5f-3204-000000000400}
ProcessId: 2116
Image: C:\windows\system32\svchost.exe
TargetObject: HKLM\System\CurrentControlSet\Services\Tcpip\Parameters",,,,,,,,Info,0,,,,,,,,,,{2d351099-5cae-5f5f-3204-000000000400},2116,,,,{5770385F-C22A-43E0-BF4C-06F5698FFBD9},,,,423614,,,,,,,-,,INFO,2,,,,,,,,,,,,eventlog,im_msvistalog,Microsoft-Windows-Sysmon,,,,,,,,,,,,,,,,,HKLM\System\CurrentControlSet\Services\Tcpip\Parameters,,,,,,,12,,,,4688,,,,,S-1-5-18,2022-04-15 12:06:06,2,,,"{""Image"":""C:\\windows\\system32\\svchost.exe"",""ProcessId"":""2116"",""EventID"":12,""tags"":[""splunk""],""RecordNumber"":423614,""ProviderGuid"":""{5770385F-C22A-43E0-BF4C-06F5698FFBD9}"",""SourceName"":""Microsoft-Windows-Sysmon"",""OpcodeValue"":0,""EventTime"":""2022-04-15 08:06:06"",""AccountName"":""SYSTEM"",""host"":""cybertees.net"",""SeverityValue"":2,""ExecutionProcessID"":3524,""AccountType"":""User"",""Category"":""Registry object added or deleted (rule: RegistryEvent)"",""SourceModuleName"":""eventlog"",""Domain"":""NT AUTHORITY"",""Message"":""Registry object added or deleted:\r\nRuleName: -\r\nEventType: CreateKey\r\nUtcTime: 2022-04-15 12:06:06.237\r\nProcessGuid: {2d351099-5cae-5f5f-3204-000000000400}\r\nProcessId: 2116\r\nImage: C:\\windows\\system32\\svchost.exe\r\nTargetObject: HKLM\\System\\CurrentControlSet\\Services\\Tcpip\\Parameters"",""port"":60427,""UserID"":""S-1-5-18"",""UtcTime"":""2022-04-15 12:06:06.237"",""timestamp"":""2022-04-15T12:06:08.043Z"",""ThreadID"":4688,""Severity"":""INFO"",""EventTypeOrignal"":""INFO"",""EventType"":""CreateKey"",""Channel"":""Microsoft-Windows-Sysmon/Operational"",""TargetObject"":""HKLM\\System\\CurrentControlSet\\Services\\Tcpip\\Parameters"",""Opcode"":""Info"",""EventReceivedTime"":""2022-04-15 08:06:08"",""@version"":""1"",""Task"":12,""SourceModuleType"":""im_msvistalog"",""RuleName"":""-"",""Hostname"":""James.browne"",""Keywords"":-9223372036854775808,""Version"":2,""ProcessGuid"":""{2d351099-5cae-5f5f-3204-000000000400}""}",2022-04-15T08:06:02.000+0000,8,15,6,april,2,friday,2022,local,,CreateKey,cybertees.net,cyber-host,windowslogs,1,60427,"{"""":"":\\\\\\."","""":"""","""":,"""":[""""],"""":,"""":""{----}"",""",Event_logs.json,_json,ip-10-10-40-195,,splunk,,2022-04-15T12:06:08.043Z,
1,,,,SYSTEM,User,,,,,,Registry object added or deleted (rule: RegistryEvent),Microsoft-Windows-Sysmon/Operational,,,,,,,,,,,,,,,,,,NT AUTHORITY,,,,,12,,2022-04-15 8:06:08,2022-04-15 8:06:06,INFO,3524,,,,,,,James.browne,C:\windows\system32\svchost.exe,,,,,,,,,-9223372036854775808,,,,,,,,,"Registry object added or deleted:
RuleName: -
EventType: CreateKey
UtcTime: 2022-04-15 12:06:06.237
ProcessGuid: {2d351099-5cae-5f5f-3204-000000000400}
ProcessId: 2116
Image: C:\windows\system32\svchost.exe
TargetObject: HKLM\System\CurrentControlSet\Services\Tcpip\Parameters",,,,,,,,Info,0,,,,,,,,,,{2d351099-5cae-5f5f-3204-000000000400},2116,,,,{5770385F-C22A-43E0-BF4C-06F5698FFBD9},,,,423613,,,,,,,-,,INFO,2,,,,,,,,,,,,eventlog,im_msvistalog,Microsoft-Windows-Sysmon,,,,,,,,,,,,,,,,,HKLM\System\CurrentControlSet\Services\Tcpip\Parameters,,,,,,,12,,,,4688,,,,,S-1-5-18,2022-04-15 12:06:06,2,,,"{""Image"":""C:\\windows\\system32\\svchost.exe"",""ProcessId"":""2116"",""EventID"":12,""tags"":[""splunk""],""RecordNumber"":423613,""ProviderGuid"":""{5770385F-C22A-43E0-BF4C-06F5698FFBD9}"",""SourceName"":""Microsoft-Windows-Sysmon"",""OpcodeValue"":0,""EventTime"":""2022-04-15 08:06:06"",""AccountName"":""SYSTEM"",""host"":""cybertees.net"",""SeverityValue"":2,""ExecutionProcessID"":3524,""AccountType"":""User"",""Category"":""Registry object added or deleted (rule: RegistryEvent)"",""SourceModuleName"":""eventlog"",""Domain"":""NT AUTHORITY"",""Message"":""Registry object added or deleted:\r\nRuleName: -\r\nEventType: CreateKey\r\nUtcTime: 2022-04-15 12:06:06.237\r\nProcessGuid: {2d351099-5cae-5f5f-3204-000000000400}\r\nProcessId: 2116\r\nImage: C:\\windows\\system32\\svchost.exe\r\nTargetObject: HKLM\\System\\CurrentControlSet\\Services\\Tcpip\\Parameters"",""port"":60427,""UserID"":""S-1-5-18"",""UtcTime"":""2022-04-15 12:06:06.237"",""timestamp"":""2022-04-15T12:06:08.043Z"",""ThreadID"":4688,""Severity"":""INFO"",""EventTypeOrignal"":""INFO"",""EventType"":""CreateKey"",""Channel"":""Microsoft-Windows-Sysmon/Operational"",""TargetObject"":""HKLM\\System\\CurrentControlSet\\Services\\Tcpip\\Parameters"",""Opcode"":""Info"",""EventReceivedTime"":""2022-04-15 08:06:08"",""@version"":""1"",""Task"":12,""SourceModuleType"":""im_msvistalog"",""RuleName"":""-"",""Hostname"":""James.browne"",""Keywords"":-9223372036854775808,""Version"":2,""ProcessGuid"":""{2d351099-5cae-5f5f-3204-000000000400}""}",2022-04-15T08:06:02.000+0000,8,15,6,april,2,friday,2022,local,,CreateKey,cybertees.net,cyber-host,windowslogs,1,60427,"{"""":"":\\\\\\."","""":"""","""":,"""":[""""],"""":,"""":""{----}"",""",Event_logs.json,_json,ip-10-10-40-195,,splunk,,2022-04-15T12:06:08.043Z,
1,,,,SYSTEM,User,,,,,,Image loaded (rule: ImageLoad),Microsoft-Windows-Sysmon/Operational,,Microsoft Corporation,,,,Remote Access AutoDial Helper,,,,,,,,,,,,NT AUTHORITY,,,,,7,,2022-04-15 8:06:08,2022-04-15 8:06:06,,3524,10.0.18362.1 (WinBuild.160101.0800),,,,,"SHA1=1BC9FA692CFFE0F829EF0093FC1EC1A7CDE0FEDF,MD5=285EB69E85F9C587B55DDD5816B827A4,SHA256=B009AF1CFFE8441149B1903B7841DA14B15BEE931F6709C20655668F2019F9D8,IMPHASH=FEAF8EF2A61D5237FD324D1624A3894B",James.browne,C:\Windows\System32\svchost.exe,C:\Windows\System32\rasadhlp.dll,,,,,,,,-9223372036854775808,,,,,,,,,"Image loaded:
RuleName: -
UtcTime: 2022-04-15 12:06:06.237
ProcessGuid: {2d351099-5cae-5f5f-3204-000000000400}
ProcessId: 2116
Image: C:\Windows\System32\svchost.exe
ImageLoaded: C:\Windows\System32\rasadhlp.dll
FileVersion: 10.0.18362.1 (WinBuild.160101.0800)
Description: Remote Access AutoDial Helper
Product: Microsoft® Windows® Operating System
Company: Microsoft Corporation
OriginalFileName: rasadhlp.dll
Hashes: SHA1=1BC9FA692CFFE0F829EF0093FC1EC1A7CDE0FEDF,MD5=285EB69E85F9C587B55DDD5816B827A4,SHA256=B009AF1CFFE8441149B1903B7841DA14B15BEE931F6709C20655668F2019F9D8,IMPHASH=FEAF8EF2A61D5237FD324D1624A3894B
Signed: true
Signature: Microsoft Windows
SignatureStatus: Valid",,,,,,,,Info,0,rasadhlp.dll,,,,,,,,,{2d351099-5cae-5f5f-3204-000000000400},2116,,Microsoft® Windows® Operating System,,{5770385F-C22A-43E0-BF4C-06F5698FFBD9},,,,423612,,,,,,,-,,INFO,2,,,Microsoft Windows,Valid,TRUE,,,,,,,eventlog,im_msvistalog,Microsoft-Windows-Sysmon,,,,,,,,,,,,,,,,,,,,,,,,7,,,,4688,,,,,S-1-5-18,2022-04-15 12:06:06,3,,,"{""EventID"":7,""RecordNumber"":423612,""ProviderGuid"":""{5770385F-C22A-43E0-BF4C-06F5698FFBD9}"",""SourceName"":""Microsoft-Windows-Sysmon"",""OpcodeValue"":0,""AccountName"":""SYSTEM"",""SignatureStatus"":""Valid"",""SourceModuleName"":""eventlog"",""ExecutionProcessID"":3524,""AccountType"":""User"",""Category"":""Image loaded (rule: ImageLoad)"",""Domain"":""NT AUTHORITY"",""port"":60427,""Company"":""Microsoft Corporation"",""ThreadID"":4688,""Severity"":""INFO"",""EventType"":""INFO"",""Signed"":""true"",""Channel"":""Microsoft-Windows-Sysmon/Operational"",""Opcode"":""Info"",""EventReceivedTime"":""2022-04-15 08:06:08"",""ImageLoaded"":""C:\\Windows\\System32\\rasadhlp.dll"",""Task"":7,""RuleName"":""-"",""Keywords"":-9223372036854775808,""Version"":3,""ProcessId"":""2116"",""Image"":""C:\\Windows\\System32\\svchost.exe"",""Product"":""Microsoft® Windows® Operating System"",""tags"":[""splunk""],""EventTime"":""2022-04-15 08:06:06"",""host"":""cybertees.net"",""SeverityValue"":2,""Message"":""Image loaded:\r\nRuleName: -\r\nUtcTime: 2022-04-15 12:06:06.237\r\nProcessGuid: {2d351099-5cae-5f5f-3204-000000000400}\r\nProcessId: 2116\r\nImage: C:\\Windows\\System32\\svchost.exe\r\nImageLoaded: C:\\Windows\\System32\\rasadhlp.dll\r\nFileVersion: 10.0.18362.1 (WinBuild.160101.0800)\r\nDescription: Remote Access AutoDial Helper\r\nProduct: Microsoft® Windows® Operating System\r\nCompany: Microsoft Corporation\r\nOriginalFileName: rasadhlp.dll\r\nHashes: SHA1=1BC9FA692CFFE0F829EF0093FC1EC1A7CDE0FEDF,MD5=285EB69E85F9C587B55DDD5816B827A4,SHA256=B009AF1CFFE8441149B1903B7841DA14B15BEE931F6709C20655668F2019F9D8,IMPHASH=FEAF8EF2A61D5237FD324D1624A3894B\r\nSigned: true\r\nSignature: Microsoft Windows\r\nSignatureStatus: Valid"",""UtcTime"":""2022-04-15 12:06:06.237"",""UserID"":""S-1-5-18"",""FileVersion"":""10.0.18362.1 (WinBuild.160101.0800)"",""Description"":""Remote Access AutoDial Helper"",""OriginalFileName"":""rasadhlp.dll"",""timestamp"":""2022-04-15T12:06:08.042Z"",""Hashes"":""SHA1=1BC9FA692CFFE0F829EF0093FC1EC1A7CDE0FEDF,MD5=285EB69E85F9C587B55DDD5816B827A4,SHA256=B009AF1CFFE8441149B1903B7841DA14B15BEE931F6709C20655668F2019F9D8,IMPHASH=FEAF8EF2A61D5237FD324D1624A3894B"",""Signature"":""Microsoft Windows"",""@version"":""1"",""SourceModuleType"":""im_msvistalog"",""Hostname"":""James.browne"",""ProcessGuid"":""{2d351099-5cae-5f5f-3204-000000000400}""}",2022-04-15T08:06:02.000+0000,8,15,6,april,2,friday,2022,local,,INFO,cybertees.net,cyber-host,windowslogs,1,60427,"{"""":,"""":,"""":""{----}"","""":""--"","""":,"""":"""","""":"""","""":""""",Event_logs.json,_json,ip-10-10-40-195,,splunk,,2022-04-15T12:06:08.042Z,
1,,,,SYSTEM,User,,,,,,Registry object added or deleted (rule: RegistryEvent),Microsoft-Windows-Sysmon/Operational,,,,,,,,,,,,,,,,,,NT AUTHORITY,,,,,12,,2022-04-15 8:06:08,2022-04-15 8:06:06,INFO,3524,,,,,,,James.browne,C:\windows\system32\svchost.exe,,,,,,,,,-9223372036854775808,,,,,,,,,"Registry object added or deleted:
RuleName: -
EventType: CreateKey
UtcTime: 2022-04-15 12:06:06.237
ProcessGuid: {2d351099-5cae-5f5f-3204-000000000400}
ProcessId: 2116
Image: C:\windows\system32\svchost.exe
TargetObject: HKLM\System\CurrentControlSet\Services\Tcpip\Parameters",,,,,,,,Info,0,,,,,,,,,,{2d351099-5cae-5f5f-3204-000000000400},2116,,,,{5770385F-C22A-43E0-BF4C-06F5698FFBD9},,,,423611,,,,,,,-,,INFO,2,,,,,,,,,,,,eventlog,im_msvistalog,Microsoft-Windows-Sysmon,,,,,,,,,,,,,,,,,HKLM\System\CurrentControlSet\Services\Tcpip\Parameters,,,,,,,12,,,,4688,,,,,S-1-5-18,2022-04-15 12:06:06,2,,,"{""Image"":""C:\\windows\\system32\\svchost.exe"",""ProcessId"":""2116"",""EventID"":12,""tags"":[""splunk""],""RecordNumber"":423611,""ProviderGuid"":""{5770385F-C22A-43E0-BF4C-06F5698FFBD9}"",""SourceName"":""Microsoft-Windows-Sysmon"",""OpcodeValue"":0,""EventTime"":""2022-04-15 08:06:06"",""AccountName"":""SYSTEM"",""host"":""cybertees.net"",""SeverityValue"":2,""ExecutionProcessID"":3524,""AccountType"":""User"",""Category"":""Registry object added or deleted (rule: RegistryEvent)"",""SourceModuleName"":""eventlog"",""Domain"":""NT AUTHORITY"",""Message"":""Registry object added or deleted:\r\nRuleName: -\r\nEventType: CreateKey\r\nUtcTime: 2022-04-15 12:06:06.237\r\nProcessGuid: {2d351099-5cae-5f5f-3204-000000000400}\r\nProcessId: 2116\r\nImage: C:\\windows\\system32\\svchost.exe\r\nTargetObject: HKLM\\System\\CurrentControlSet\\Services\\Tcpip\\Parameters"",""port"":60427,""UserID"":""S-1-5-18"",""UtcTime"":""2022-04-15 12:06:06.237"",""timestamp"":""2022-04-15T12:06:08.042Z"",""ThreadID"":4688,""Severity"":""INFO"",""EventTypeOrignal"":""INFO"",""EventType"":""CreateKey"",""Channel"":""Microsoft-Windows-Sysmon/Operational"",""TargetObject"":""HKLM\\System\\CurrentControlSet\\Services\\Tcpip\\Parameters"",""Opcode"":""Info"",""EventReceivedTime"":""2022-04-15 08:06:08"",""@version"":""1"",""Task"":12,""SourceModuleType"":""im_msvistalog"",""RuleName"":""-"",""Hostname"":""James.browne"",""Keywords"":-9223372036854775808,""Version"":2,""ProcessGuid"":""{2d351099-5cae-5f5f-3204-000000000400}""}",2022-04-15T08:06:02.000+0000,8,15,6,april,2,friday,2022,local,,CreateKey,cybertees.net,cyber-host,windowslogs,1,60427,"{"""":"":\\\\\\."","""":"""","""":,"""":[""""],"""":,"""":""{----}"",""",Event_logs.json,_json,ip-10-10-40-195,,splunk,,2022-04-15T12:06:08.042Z,
