1,,,,,,,\device\harddiskvolume2\windows\system32\services.exe,,,,Filtering Platform Connection,Security,,,,,,,,,,,,,,,,,,,,,,,5154,,2022-04-15 8:06:14,2022-04-15 8:06:08,,4,,0,,,,,James.browne,,,,,,,,,,-9214364837600034816,%%14609,40,,,,,,,"The Windows Filtering Platform has permitted an application or service to listen on a port for incoming connections.

Application Information:
	Process ID:		732
	Application Name:	\device\harddiskvolume2\windows\system32\services.exe

Network Information:
	Source Address:		0.0.0.0
	Source Port:		58714
	Protocol:		6

Filter Information:
	Filter Run-Time ID:	0
	Layer Name:		Listen
	Layer Run-Time ID:	40",,,,,,,,Info,0,,,,,,,,,,,732,,,6,{54849625-5478-4994-A5BA-3E3B0328C30D},,,,75374,,,,,,,,,INFO,2,,,,,,0.0.0.0,,,,,,eventlog,im_msvistalog,Microsoft-Windows-Security-Auditing,58714,,,,,,,,,,,,,,,,,,,,,,,12810,,,,1512,,,,,,,0,,,"{""ProcessId"":""732"",""tags"":[""splunk""],""EventID"":5154,""RecordNumber"":75374,""ProviderGuid"":""{54849625-5478-4994-A5BA-3E3B0328C30D}"",""SourceName"":""Microsoft-Windows-Security-Auditing"",""OpcodeValue"":0,""EventTime"":""2022-04-15 08:06:08"",""FilterRTID"":""0"",""host"":""cybertees.net"",""SeverityValue"":2,""ExecutionProcessID"":4,""Category"":""Filtering Platform Connection"",""SourceModuleName"":""eventlog"",""Message"":""The Windows Filtering Platform has permitted an application or service to listen on a port for incoming connections.\r\n\r\nApplication Information:\r\n\tProcess ID:\t\t732\r\n\tApplication Name:\t\\device\\harddiskvolume2\\windows\\system32\\services.exe\r\n\r\nNetwork Information:\r\n\tSource Address:\t\t0.0.0.0\r\n\tSource Port:\t\t58714\r\n\tProtocol:\t\t6\r\n\r\nFilter Information:\r\n\tFilter Run-Time ID:\t0\r\n\tLayer Name:\t\tListen\r\n\tLayer Run-Time ID:\t40"",""port"":60427,""Protocol"":""6"",""timestamp"":""2022-04-15T12:06:14.405Z"",""ThreadID"":1512,""Severity"":""INFO"",""EventType"":""AUDIT_SUCCESS"",""Channel"":""Security"",""SourceAddress"":""0.0.0.0"",""Opcode"":""Info"",""EventReceivedTime"":""2022-04-15 08:06:14"",""@version"":""1"",""Task"":12810,""SourceModuleType"":""im_msvistalog"",""LayerName"":""%%14609"",""LayerRTID"":""40"",""Hostname"":""James.browne"",""Application"":""\\device\\harddiskvolume2\\windows\\system32\\services.exe"",""Keywords"":-9214364837600034816,""Version"":0,""SourcePort"":""58714""}",2022-04-15T08:06:12.000+0000,8,15,6,april,12,friday,2022,local,,AUDIT_SUCCESS,cybertees.net,cyber-host,windowslogs,1,60427,"{"""":"""","""":[""""],"""":,"""":,"""":""{----}"","""":""---"","""":,""""",Event_logs.json,_json,ip-10-10-40-195,,splunk,,2022-04-15T12:06:14.405Z,
1,,,,,,,\device\harddiskvolume2\windows\system32\svchost.exe,,,,Filtering Platform Connection,Security,,,,,,,,,,,,,,,,,,,,,,,5154,,2022-04-15 8:06:14,2022-04-15 8:06:08,,4,,70309,,,,,James.browne,,,,,,,,,,-9214364837600034816,%%14609,42,,,,,,,"The Windows Filtering Platform has permitted an application or service to listen on a port for incoming connections.

Application Information:
	Process ID:		996
	Application Name:	\device\harddiskvolume2\windows\system32\svchost.exe

Network Information:
	Source Address:		::
	Source Port:		135
	Protocol:		6

Filter Information:
	Filter Run-Time ID:	70309
	Layer Name:		Listen
	Layer Run-Time ID:	42",,,,,,,,Info,0,,,,,,,,,,,996,,,6,{54849625-5478-4994-A5BA-3E3B0328C30D},,,,75373,,,,,,,,,INFO,2,,,,,,::,,,,,,eventlog,im_msvistalog,Microsoft-Windows-Security-Auditing,135,,,,,,,,,,,,,,,,,,,,,,,12810,,,,1512,,,,,,,0,,,"{""ProcessId"":""996"",""tags"":[""splunk""],""EventID"":5154,""RecordNumber"":75373,""ProviderGuid"":""{54849625-5478-4994-A5BA-3E3B0328C30D}"",""SourceName"":""Microsoft-Windows-Security-Auditing"",""OpcodeValue"":0,""EventTime"":""2022-04-15 08:06:08"",""FilterRTID"":""70309"",""host"":""cybertees.net"",""SeverityValue"":2,""ExecutionProcessID"":4,""Category"":""Filtering Platform Connection"",""SourceModuleName"":""eventlog"",""Message"":""The Windows Filtering Platform has permitted an application or service to listen on a port for incoming connections.\r\n\r\nApplication Information:\r\n\tProcess ID:\t\t996\r\n\tApplication Name:\t\\device\\harddiskvolume2\\windows\\system32\\svchost.exe\r\n\r\nNetwork Information:\r\n\tSource Address:\t\t::\r\n\tSource Port:\t\t135\r\n\tProtocol:\t\t6\r\n\r\nFilter Information:\r\n\tFilter Run-Time ID:\t70309\r\n\tLayer Name:\t\tListen\r\n\tLayer Run-Time ID:\t42"",""port"":60427,""Protocol"":""6"",""timestamp"":""2022-04-15T12:06:14.405Z"",""ThreadID"":1512,""Severity"":""INFO"",""EventType"":""AUDIT_SUCCESS"",""Channel"":""Security"",""SourceAddress"":""::"",""Opcode"":""Info"",""EventReceivedTime"":""2022-04-15 08:06:14"",""@version"":""1"",""Task"":12810,""SourceModuleType"":""im_msvistalog"",""LayerName"":""%%14609"",""LayerRTID"":""42"",""Hostname"":""James.browne"",""Application"":""\\device\\harddiskvolume2\\windows\\system32\\svchost.exe"",""Keywords"":-9214364837600034816,""Version"":0,""SourcePort"":""135""}",2022-04-15T08:06:12.000+0000,8,15,6,april,12,friday,2022,local,,AUDIT_SUCCESS,cybertees.net,cyber-host,windowslogs,1,60427,"{"""":"""","""":[""""],"""":,"""":,"""":""{----}"","""":""---"","""":,""""",Event_logs.json,_json,ip-10-10-40-195,,splunk,,2022-04-15T12:06:14.405Z,
1,,,,SYSTEM,User,,,,,,Registry object added or deleted (rule: RegistryEvent),Microsoft-Windows-Sysmon/Operational,,,,,,,,,,,,,,,,,,NT AUTHORITY,,,,,12,,2022-04-15 8:06:14,2022-04-15 8:06:09,INFO,3524,,,,,,,James.browne,C:\windows\system32\svchost.exe,,,,,,,,,-9223372036854775808,,,,,,,,,"Registry object added or deleted:
RuleName: -
EventType: CreateKey
UtcTime: 2022-04-15 12:06:09.013
ProcessGuid: {2d351099-5caf-5f5f-3704-000000000400}
ProcessId: 5620
Image: C:\windows\system32\svchost.exe
TargetObject: HKLM\SOFTWARE\Microsoft\Windows\CurrentVersion\WindowsUpdate\Auto Update\Power",,,,,,,,Info,0,,,,,,,,,,{2d351099-5caf-5f5f-3704-000000000400},5620,,,,{5770385F-C22A-43E0-BF4C-06F5698FFBD9},,,,424463,,,,,,,-,,INFO,2,,,,,,,,,,,,eventlog,im_msvistalog,Microsoft-Windows-Sysmon,,,,,,,,,,,,,,,,,HKLM\SOFTWARE\Microsoft\Windows\CurrentVersion\WindowsUpdate\Auto Update\Power,,,,,,,12,,,,4688,,,,,S-1-5-18,2022-04-15 12:06:09,2,,,"{""Image"":""C:\\windows\\system32\\svchost.exe"",""ProcessId"":""5620"",""EventID"":12,""tags"":[""splunk""],""RecordNumber"":424463,""ProviderGuid"":""{5770385F-C22A-43E0-BF4C-06F5698FFBD9}"",""SourceName"":""Microsoft-Windows-Sysmon"",""OpcodeValue"":0,""EventTime"":""2022-04-15 08:06:09"",""AccountName"":""SYSTEM"",""host"":""cybertees.net"",""SeverityValue"":2,""ExecutionProcessID"":3524,""AccountType"":""User"",""Category"":""Registry object added or deleted (rule: RegistryEvent)"",""SourceModuleName"":""eventlog"",""Domain"":""NT AUTHORITY"",""Message"":""Registry object added or deleted:\r\nRuleName: -\r\nEventType: CreateKey\r\nUtcTime: 2022-04-15 12:06:09.013\r\nProcessGuid: {2d351099-5caf-5f5f-3704-000000000400}\r\nProcessId: 5620\r\nImage: C:\\windows\\system32\\svchost.exe\r\nTargetObject: HKLM\\SOFTWARE\\Microsoft\\Windows\\CurrentVersion\\WindowsUpdate\\Auto Update\\Power"",""port"":60427,""UserID"":""S-1-5-18"",""UtcTime"":""2022-04-15 12:06:09.013"",""timestamp"":""2022-04-15T12:06:14.405Z"",""ThreadID"":4688,""Severity"":""INFO"",""EventTypeOrignal"":""INFO"",""EventType"":""CreateKey"",""Channel"":""Microsoft-Windows-Sysmon/Operational"",""TargetObject"":""HKLM\\SOFTWARE\\Microsoft\\Windows\\CurrentVersion\\WindowsUpdate\\Auto Update\\Power"",""Opcode"":""Info"",""EventReceivedTime"":""2022-04-15 08:06:14"",""@version"":""1"",""Task"":12,""SourceModuleType"":""im_msvistalog"",""RuleName"":""-"",""Hostname"":""James.browne"",""Keywords"":-9223372036854775808,""Version"":2,""ProcessGuid"":""{2d351099-5caf-5f5f-3704-000000000400}""}",2022-04-15T08:06:12.000+0000,8,15,6,april,12,friday,2022,local,,CreateKey,cybertees.net,cyber-host,windowslogs,1,60427,"{"""":"":\\\\\\."","""":"""","""":,"""":[""""],"""":,"""":""{----}"",""",Event_logs.json,_json,ip-10-10-40-195,,splunk,,2022-04-15T12:06:14.405Z,
1,,,,,,,\device\harddiskvolume2\windows\system32\svchost.exe,,,,Filtering Platform Connection,Security,,,,,,,,,,,,,,,,,,,,,,,5158,,2022-04-15 8:06:14,2022-04-15 8:06:08,,4,,70293,,,,,James.browne,,,,,,,,,,-9214364837600034816,%%14608,36,,,,,,,"The Windows Filtering Platform has permitted a bind to a local port.

Application Information:
	Process ID:		1812
	Application Name:	\device\harddiskvolume2\windows\system32\svchost.exe

Network Information:
	Source Address:		0.0.0.0
	Source Port:		5355
	Protocol:		17

Filter Information:
	Filter Run-Time ID:	70293
	Layer Name:		Resource Assignment
	Layer Run-Time ID:	36",,,,,,,,Info,0,,,,,,,,,,,1812,,,17,{54849625-5478-4994-A5BA-3E3B0328C30D},,,,75372,,,,,,,,,INFO,2,,,,,,0.0.0.0,,,,,,eventlog,im_msvistalog,Microsoft-Windows-Security-Auditing,5355,,,,,,,,,,,,,,,,,,,,,,,12810,,,,1512,,,,,,,0,,,"{""ProcessId"":""1812"",""tags"":[""splunk""],""EventID"":5158,""RecordNumber"":75372,""ProviderGuid"":""{54849625-5478-4994-A5BA-3E3B0328C30D}"",""SourceName"":""Microsoft-Windows-Security-Auditing"",""OpcodeValue"":0,""EventTime"":""2022-04-15 08:06:08"",""FilterRTID"":""70293"",""host"":""cybertees.net"",""SeverityValue"":2,""ExecutionProcessID"":4,""Category"":""Filtering Platform Connection"",""SourceModuleName"":""eventlog"",""Message"":""The Windows Filtering Platform has permitted a bind to a local port.\r\n\r\nApplication Information:\r\n\tProcess ID:\t\t1812\r\n\tApplication Name:\t\\device\\harddiskvolume2\\windows\\system32\\svchost.exe\r\n\r\nNetwork Information:\r\n\tSource Address:\t\t0.0.0.0\r\n\tSource Port:\t\t5355\r\n\tProtocol:\t\t17\r\n\r\nFilter Information:\r\n\tFilter Run-Time ID:\t70293\r\n\tLayer Name:\t\tResource Assignment\r\n\tLayer Run-Time ID:\t36"",""port"":60427,""Protocol"":""17"",""timestamp"":""2022-04-15T12:06:14.404Z"",""ThreadID"":1512,""Severity"":""INFO"",""EventType"":""AUDIT_SUCCESS"",""Channel"":""Security"",""SourceAddress"":""0.0.0.0"",""Opcode"":""Info"",""EventReceivedTime"":""2022-04-15 08:06:14"",""@version"":""1"",""Task"":12810,""SourceModuleType"":""im_msvistalog"",""LayerName"":""%%14608"",""LayerRTID"":""36"",""Hostname"":""James.browne"",""Application"":""\\device\\harddiskvolume2\\windows\\system32\\svchost.exe"",""Keywords"":-9214364837600034816,""Version"":0,""SourcePort"":""5355""}",2022-04-15T08:06:12.000+0000,8,15,6,april,12,friday,2022,local,,AUDIT_SUCCESS,cybertees.net,cyber-host,windowslogs,1,60427,"{"""":"""","""":[""""],"""":,"""":,"""":""{----}"","""":""---"","""":,""""",Event_logs.json,_json,ip-10-10-40-195,,splunk,,2022-04-15T12:06:14.404Z,
1,,,,SYSTEM,User,,,,,,Registry value set (rule: RegistryEvent),Microsoft-Windows-Sysmon/Operational,,,,,,,,,,,,,,DWORD (0x00000028),,,,NT AUTHORITY,,,,,13,,2022-04-15 8:06:14,2022-04-15 8:06:09,INFO,3524,,,,,,,James.browne,C:\windows\system32\svchost.exe,,,,,,,,,-9223372036854775808,,,,,,,,,"Registry value set:
RuleName: -
EventType: SetValue
UtcTime: 2022-04-15 12:06:09.013
ProcessGuid: {2d351099-5caf-5f5f-3704-000000000400}
ProcessId: 5620
Image: C:\windows\system32\svchost.exe
TargetObject: HKLM\SOFTWARE\Microsoft\Windows\CurrentVersion\WindowsUpdate\Auto Update\Power\OfferInstallAtShutdown-Final
Details: DWORD (0x00000028)",,,,,,,,Info,0,,,,,,,,,,{2d351099-5caf-5f5f-3704-000000000400},5620,,,,{5770385F-C22A-43E0-BF4C-06F5698FFBD9},,,,424462,,,,,,,-,,INFO,2,,,,,,,,,,,,eventlog,im_msvistalog,Microsoft-Windows-Sysmon,,,,,,,,,,,,,,,,,HKLM\SOFTWARE\Microsoft\Windows\CurrentVersion\WindowsUpdate\Auto Update\Power\OfferInstallAtShutdown-Final,,,,,,,13,,,,4688,,,,,S-1-5-18,2022-04-15 12:06:09,2,,,"{""Image"":""C:\\windows\\system32\\svchost.exe"",""ProcessId"":""5620"",""EventID"":13,""tags"":[""splunk""],""RecordNumber"":424462,""ProviderGuid"":""{5770385F-C22A-43E0-BF4C-06F5698FFBD9}"",""SourceName"":""Microsoft-Windows-Sysmon"",""OpcodeValue"":0,""EventTime"":""2022-04-15 08:06:09"",""AccountName"":""SYSTEM"",""host"":""cybertees.net"",""SeverityValue"":2,""ExecutionProcessID"":3524,""AccountType"":""User"",""Category"":""Registry value set (rule: RegistryEvent)"",""SourceModuleName"":""eventlog"",""Domain"":""NT AUTHORITY"",""Message"":""Registry value set:\r\nRuleName: -\r\nEventType: SetValue\r\nUtcTime: 2022-04-15 12:06:09.013\r\nProcessGuid: {2d351099-5caf-5f5f-3704-000000000400}\r\nProcessId: 5620\r\nImage: C:\\windows\\system32\\svchost.exe\r\nTargetObject: HKLM\\SOFTWARE\\Microsoft\\Windows\\CurrentVersion\\WindowsUpdate\\Auto Update\\Power\\OfferInstallAtShutdown-Final\r\nDetails: DWORD (0x00000028)"",""port"":60427,""UserID"":""S-1-5-18"",""UtcTime"":""2022-04-15 12:06:09.013"",""timestamp"":""2022-04-15T12:06:14.404Z"",""ThreadID"":4688,""Severity"":""INFO"",""EventTypeOrignal"":""INFO"",""EventType"":""SetValue"",""Channel"":""Microsoft-Windows-Sysmon/Operational"",""TargetObject"":""HKLM\\SOFTWARE\\Microsoft\\Windows\\CurrentVersion\\WindowsUpdate\\Auto Update\\Power\\OfferInstallAtShutdown-Final"",""Details"":""DWORD (0x00000028)"",""Opcode"":""Info"",""EventReceivedTime"":""2022-04-15 08:06:14"",""@version"":""1"",""Task"":13,""SourceModuleType"":""im_msvistalog"",""RuleName"":""-"",""Hostname"":""James.browne"",""Keywords"":-9223372036854775808,""Version"":2,""ProcessGuid"":""{2d351099-5caf-5f5f-3704-000000000400}""}",2022-04-15T08:06:12.000+0000,8,15,6,april,12,friday,2022,local,,SetValue,cybertees.net,cyber-host,windowslogs,1,60427,"{"""":"":\\\\\\."","""":"""","""":,"""":[""""],"""":,"""":""{----}"",""",Event_logs.json,_json,ip-10-10-40-195,,splunk,,2022-04-15T12:06:14.404Z,
1,,,,,,,\device\harddiskvolume2\windowsazure\guestagent_2.7.41491.993_2022-04-15_100828\waappagent.exe,,,,Filtering Platform Connection,Security,,,,,,,,,,,,,,,,,,,,,,,5158,,2022-04-15 8:06:14,2022-04-15 8:06:08,,4,,0,,,,,James.browne,,,,,,,,,,-9214364837600034816,%%14608,36,,,,,,,"The Windows Filtering Platform has permitted a bind to a local port.

Application Information:
	Process ID:		3532
	Application Name:	\device\harddiskvolume2\windowsazure\guestagent_2.7.41491.993_2022-04-15_100828\waappagent.exe

Network Information:
	Source Address:		127.0.0.1
	Source Port:		58109
	Protocol:		17

Filter Information:
	Filter Run-Time ID:	0
	Layer Name:		Resource Assignment
	Layer Run-Time ID:	36",,,,,,,,Info,0,,,,,,,,,,,3532,,,17,{54849625-5478-4994-A5BA-3E3B0328C30D},,,,75371,,,,,,,,,INFO,2,,,,,,127.0.0.1,,,,,,eventlog,im_msvistalog,Microsoft-Windows-Security-Auditing,58109,,,,,,,,,,,,,,,,,,,,,,,12810,,,,1512,,,,,,,0,,,"{""ProcessId"":""3532"",""tags"":[""splunk""],""EventID"":5158,""RecordNumber"":75371,""ProviderGuid"":""{54849625-5478-4994-A5BA-3E3B0328C30D}"",""SourceName"":""Microsoft-Windows-Security-Auditing"",""OpcodeValue"":0,""EventTime"":""2022-04-15 08:06:08"",""FilterRTID"":""0"",""host"":""cybertees.net"",""SeverityValue"":2,""ExecutionProcessID"":4,""Category"":""Filtering Platform Connection"",""SourceModuleName"":""eventlog"",""Message"":""The Windows Filtering Platform has permitted a bind to a local port.\r\n\r\nApplication Information:\r\n\tProcess ID:\t\t3532\r\n\tApplication Name:\t\\device\\harddiskvolume2\\windowsazure\\guestagent_2.7.41491.993_2022-04-15_100828\\waappagent.exe\r\n\r\nNetwork Information:\r\n\tSource Address:\t\t127.0.0.1\r\n\tSource Port:\t\t58109\r\n\tProtocol:\t\t17\r\n\r\nFilter Information:\r\n\tFilter Run-Time ID:\t0\r\n\tLayer Name:\t\tResource Assignment\r\n\tLayer Run-Time ID:\t36"",""port"":60427,""Protocol"":""17"",""timestamp"":""2022-04-15T12:06:14.403Z"",""ThreadID"":1512,""Severity"":""INFO"",""EventType"":""AUDIT_SUCCESS"",""Channel"":""Security"",""SourceAddress"":""127.0.0.1"",""Opcode"":""Info"",""EventReceivedTime"":""2022-04-15 08:06:14"",""@version"":""1"",""Task"":12810,""SourceModuleType"":""im_msvistalog"",""LayerName"":""%%14608"",""LayerRTID"":""36"",""Hostname"":""James.browne"",""Application"":""\\device\\harddiskvolume2\\windowsazure\\guestagent_2.7.41491.993_2022-04-15_100828\\waappagent.exe"",""Keywords"":-9214364837600034816,""Version"":0,""SourcePort"":""58109""}",2022-04-15T08:06:12.000+0000,8,15,6,april,12,friday,2022,local,,AUDIT_SUCCESS,cybertees.net,cyber-host,windowslogs,1,60427,"{"""":"""","""":[""""],"""":,"""":,"""":""{----}"","""":""---"","""":,""""",Event_logs.json,_json,ip-10-10-40-195,,splunk,,2022-04-15T12:06:14.403Z,
1,,,,SYSTEM,User,,,,,,Registry object added or deleted (rule: RegistryEvent),Microsoft-Windows-Sysmon/Operational,,,,,,,,,,,,,,,,,,NT AUTHORITY,,,,,12,,2022-04-15 8:06:14,2022-04-15 8:06:09,INFO,3524,,,,,,,James.browne,C:\windows\system32\svchost.exe,,,,,,,,,-9223372036854775808,,,,,,,,,"Registry object added or deleted:
RuleName: -
EventType: CreateKey
UtcTime: 2022-04-15 12:06:09.013
ProcessGuid: {2d351099-5caf-5f5f-3704-000000000400}
ProcessId: 5620
Image: C:\windows\system32\svchost.exe
TargetObject: HKLM\SOFTWARE\Microsoft\Windows\CurrentVersion\WindowsUpdate\Auto Update\Power",,,,,,,,Info,0,,,,,,,,,,{2d351099-5caf-5f5f-3704-000000000400},5620,,,,{5770385F-C22A-43E0-BF4C-06F5698FFBD9},,,,424461,,,,,,,-,,INFO,2,,,,,,,,,,,,eventlog,im_msvistalog,Microsoft-Windows-Sysmon,,,,,,,,,,,,,,,,,HKLM\SOFTWARE\Microsoft\Windows\CurrentVersion\WindowsUpdate\Auto Update\Power,,,,,,,12,,,,4688,,,,,S-1-5-18,2022-04-15 12:06:09,2,,,"{""Image"":""C:\\windows\\system32\\svchost.exe"",""ProcessId"":""5620"",""EventID"":12,""tags"":[""splunk""],""RecordNumber"":424461,""ProviderGuid"":""{5770385F-C22A-43E0-BF4C-06F5698FFBD9}"",""SourceName"":""Microsoft-Windows-Sysmon"",""OpcodeValue"":0,""EventTime"":""2022-04-15 08:06:09"",""AccountName"":""SYSTEM"",""host"":""cybertees.net"",""SeverityValue"":2,""ExecutionProcessID"":3524,""AccountType"":""User"",""Category"":""Registry object added or deleted (rule: RegistryEvent)"",""SourceModuleName"":""eventlog"",""Domain"":""NT AUTHORITY"",""Message"":""Registry object added or deleted:\r\nRuleName: -\r\nEventType: CreateKey\r\nUtcTime: 2022-04-15 12:06:09.013\r\nProcessGuid: {2d351099-5caf-5f5f-3704-000000000400}\r\nProcessId: 5620\r\nImage: C:\\windows\\system32\\svchost.exe\r\nTargetObject: HKLM\\SOFTWARE\\Microsoft\\Windows\\CurrentVersion\\WindowsUpdate\\Auto Update\\Power"",""port"":60427,""UserID"":""S-1-5-18"",""UtcTime"":""2022-04-15 12:06:09.013"",""timestamp"":""2022-04-15T12:06:14.403Z"",""ThreadID"":4688,""Severity"":""INFO"",""EventTypeOrignal"":""INFO"",""EventType"":""CreateKey"",""Channel"":""Microsoft-Windows-Sysmon/Operational"",""TargetObject"":""HKLM\\SOFTWARE\\Microsoft\\Windows\\CurrentVersion\\WindowsUpdate\\Auto Update\\Power"",""Opcode"":""Info"",""EventReceivedTime"":""2022-04-15 08:06:14"",""@version"":""1"",""Task"":12,""SourceModuleType"":""im_msvistalog"",""RuleName"":""-"",""Hostname"":""James.browne"",""Keywords"":-9223372036854775808,""Version"":2,""ProcessGuid"":""{2d351099-5caf-5f5f-3704-000000000400}""}",2022-04-15T08:06:12.000+0000,8,15,6,april,12,friday,2022,local,,CreateKey,cybertees.net,cyber-host,windowslogs,1,60427,"{"""":"":\\\\\\."","""":"""","""":,"""":[""""],"""":,"""":""{----}"",""",Event_logs.json,_json,ip-10-10-40-195,,splunk,,2022-04-15T12:06:14.403Z,
1,,,,SYSTEM,User,,,,,,Registry value set (rule: RegistryEvent),Microsoft-Windows-Sysmon/Operational,,,,,,,,,,,,,,DWORD (0x0000001e),,,,NT AUTHORITY,,,,,13,,2022-04-15 8:06:14,2022-04-15 8:06:09,INFO,3524,,,,,,,James.browne,C:\windows\system32\svchost.exe,,,,,,,,,-9223372036854775808,,,,,,,,,"Registry value set:
RuleName: -
EventType: SetValue
UtcTime: 2022-04-15 12:06:09.013
ProcessGuid: {2d351099-5caf-5f5f-3704-000000000400}
ProcessId: 5620
Image: C:\windows\system32\svchost.exe
TargetObject: HKLM\SOFTWARE\Microsoft\Windows\CurrentVersion\WindowsUpdate\Auto Update\Power\Firmware-Final
Details: DWORD (0x0000001e)",,,,,,,,Info,0,,,,,,,,,,{2d351099-5caf-5f5f-3704-000000000400},5620,,,,{5770385F-C22A-43E0-BF4C-06F5698FFBD9},,,,424460,,,,,,,-,,INFO,2,,,,,,,,,,,,eventlog,im_msvistalog,Microsoft-Windows-Sysmon,,,,,,,,,,,,,,,,,HKLM\SOFTWARE\Microsoft\Windows\CurrentVersion\WindowsUpdate\Auto Update\Power\Firmware-Final,,,,,,,13,,,,4688,,,,,S-1-5-18,2022-04-15 12:06:09,2,,,"{""Image"":""C:\\windows\\system32\\svchost.exe"",""ProcessId"":""5620"",""EventID"":13,""tags"":[""splunk""],""RecordNumber"":424460,""ProviderGuid"":""{5770385F-C22A-43E0-BF4C-06F5698FFBD9}"",""SourceName"":""Microsoft-Windows-Sysmon"",""OpcodeValue"":0,""EventTime"":""2022-04-15 08:06:09"",""AccountName"":""SYSTEM"",""host"":""cybertees.net"",""SeverityValue"":2,""ExecutionProcessID"":3524,""AccountType"":""User"",""Category"":""Registry value set (rule: RegistryEvent)"",""SourceModuleName"":""eventlog"",""Domain"":""NT AUTHORITY"",""Message"":""Registry value set:\r\nRuleName: -\r\nEventType: SetValue\r\nUtcTime: 2022-04-15 12:06:09.013\r\nProcessGuid: {2d351099-5caf-5f5f-3704-000000000400}\r\nProcessId: 5620\r\nImage: C:\\windows\\system32\\svchost.exe\r\nTargetObject: HKLM\\SOFTWARE\\Microsoft\\Windows\\CurrentVersion\\WindowsUpdate\\Auto Update\\Power\\Firmware-Final\r\nDetails: DWORD (0x0000001e)"",""port"":60427,""UserID"":""S-1-5-18"",""UtcTime"":""2022-04-15 12:06:09.013"",""timestamp"":""2022-04-15T12:06:14.402Z"",""ThreadID"":4688,""Severity"":""INFO"",""EventTypeOrignal"":""INFO"",""EventType"":""SetValue"",""Channel"":""Microsoft-Windows-Sysmon/Operational"",""TargetObject"":""HKLM\\SOFTWARE\\Microsoft\\Windows\\CurrentVersion\\WindowsUpdate\\Auto Update\\Power\\Firmware-Final"",""Details"":""DWORD (0x0000001e)"",""Opcode"":""Info"",""EventReceivedTime"":""2022-04-15 08:06:14"",""@version"":""1"",""Task"":13,""SourceModuleType"":""im_msvistalog"",""RuleName"":""-"",""Hostname"":""James.browne"",""Keywords"":-9223372036854775808,""Version"":2,""ProcessGuid"":""{2d351099-5caf-5f5f-3704-000000000400}""}",2022-04-15T08:06:12.000+0000,8,15,6,april,12,friday,2022,local,,SetValue,cybertees.net,cyber-host,windowslogs,1,60427,"{"""":"":\\\\\\."","""":"""","""":,"""":[""""],"""":,"""":""{----}"",""",Event_logs.json,_json,ip-10-10-40-195,,splunk,,2022-04-15T12:06:14.402Z,
1,,,,,,,\device\harddiskvolume2\windows\system32\svchost.exe,,,,Filtering Platform Connection,Security,,,,,,,,,,,,,,,,,,,,,,,5158,,2022-04-15 8:06:14,2022-04-15 8:06:08,,4,,70319,,,,,James.browne,,,,,,,,,,-9214364837600034816,%%14608,36,,,,,,,"The Windows Filtering Platform has permitted a bind to a local port.

Application Information:
	Process ID:		5564
	Application Name:	\device\harddiskvolume2\windows\system32\svchost.exe

Network Information:
	Source Address:		127.0.0.1
	Source Port:		1900
	Protocol:		17

Filter Information:
	Filter Run-Time ID:	70319
	Layer Name:		Resource Assignment
	Layer Run-Time ID:	36",,,,,,,,Info,0,,,,,,,,,,,5564,,,17,{54849625-5478-4994-A5BA-3E3B0328C30D},,,,75370,,,,,,,,,INFO,2,,,,,,127.0.0.1,,,,,,eventlog,im_msvistalog,Microsoft-Windows-Security-Auditing,1900,,,,,,,,,,,,,,,,,,,,,,,12810,,,,1512,,,,,,,0,,,"{""ProcessId"":""5564"",""tags"":[""splunk""],""EventID"":5158,""RecordNumber"":75370,""ProviderGuid"":""{54849625-5478-4994-A5BA-3E3B0328C30D}"",""SourceName"":""Microsoft-Windows-Security-Auditing"",""OpcodeValue"":0,""EventTime"":""2022-04-15 08:06:08"",""FilterRTID"":""70319"",""host"":""cybertees.net"",""SeverityValue"":2,""ExecutionProcessID"":4,""Category"":""Filtering Platform Connection"",""SourceModuleName"":""eventlog"",""Message"":""The Windows Filtering Platform has permitted a bind to a local port.\r\n\r\nApplication Information:\r\n\tProcess ID:\t\t5564\r\n\tApplication Name:\t\\device\\harddiskvolume2\\windows\\system32\\svchost.exe\r\n\r\nNetwork Information:\r\n\tSource Address:\t\t127.0.0.1\r\n\tSource Port:\t\t1900\r\n\tProtocol:\t\t17\r\n\r\nFilter Information:\r\n\tFilter Run-Time ID:\t70319\r\n\tLayer Name:\t\tResource Assignment\r\n\tLayer Run-Time ID:\t36"",""port"":60427,""Protocol"":""17"",""timestamp"":""2022-04-15T12:06:14.402Z"",""ThreadID"":1512,""Severity"":""INFO"",""EventType"":""AUDIT_SUCCESS"",""Channel"":""Security"",""SourceAddress"":""127.0.0.1"",""Opcode"":""Info"",""EventReceivedTime"":""2022-04-15 08:06:14"",""@version"":""1"",""Task"":12810,""SourceModuleType"":""im_msvistalog"",""LayerName"":""%%14608"",""LayerRTID"":""36"",""Hostname"":""James.browne"",""Application"":""\\device\\harddiskvolume2\\windows\\system32\\svchost.exe"",""Keywords"":-9214364837600034816,""Version"":0,""SourcePort"":""1900""}",2022-04-15T08:06:12.000+0000,8,15,6,april,12,friday,2022,local,,AUDIT_SUCCESS,cybertees.net,cyber-host,windowslogs,1,60427,"{"""":"""","""":[""""],"""":,"""":,"""":""{----}"","""":""---"","""":,""""",Event_logs.json,_json,ip-10-10-40-195,,splunk,,2022-04-15T12:06:14.402Z,
1,,,,SYSTEM,User,,,,,,Registry object added or deleted (rule: RegistryEvent),Microsoft-Windows-Sysmon/Operational,,,,,,,,,,,,,,,,,,NT AUTHORITY,,,,,12,,2022-04-15 8:06:14,2022-04-15 8:06:09,INFO,3524,,,,,,,James.browne,C:\windows\system32\svchost.exe,,,,,,,,,-9223372036854775808,,,,,,,,,"Registry object added or deleted:
RuleName: -
EventType: CreateKey
UtcTime: 2022-04-15 12:06:09.013
ProcessGuid: {2d351099-5caf-5f5f-3704-000000000400}
ProcessId: 5620
Image: C:\windows\system32\svchost.exe
TargetObject: HKLM\SOFTWARE\Microsoft\Windows\CurrentVersion\WindowsUpdate\Auto Update\Power",,,,,,,,Info,0,,,,,,,,,,{2d351099-5caf-5f5f-3704-000000000400},5620,,,,{5770385F-C22A-43E0-BF4C-06F5698FFBD9},,,,424459,,,,,,,-,,INFO,2,,,,,,,,,,,,eventlog,im_msvistalog,Microsoft-Windows-Sysmon,,,,,,,,,,,,,,,,,HKLM\SOFTWARE\Microsoft\Windows\CurrentVersion\WindowsUpdate\Auto Update\Power,,,,,,,12,,,,4688,,,,,S-1-5-18,2022-04-15 12:06:09,2,,,"{""Image"":""C:\\windows\\system32\\svchost.exe"",""ProcessId"":""5620"",""EventID"":12,""tags"":[""splunk""],""RecordNumber"":424459,""ProviderGuid"":""{5770385F-C22A-43E0-BF4C-06F5698FFBD9}"",""SourceName"":""Microsoft-Windows-Sysmon"",""OpcodeValue"":0,""EventTime"":""2022-04-15 08:06:09"",""AccountName"":""SYSTEM"",""host"":""cybertees.net"",""SeverityValue"":2,""ExecutionProcessID"":3524,""AccountType"":""User"",""Category"":""Registry object added or deleted (rule: RegistryEvent)"",""SourceModuleName"":""eventlog"",""Domain"":""NT AUTHORITY"",""Message"":""Registry object added or deleted:\r\nRuleName: -\r\nEventType: CreateKey\r\nUtcTime: 2022-04-15 12:06:09.013\r\nProcessGuid: {2d351099-5caf-5f5f-3704-000000000400}\r\nProcessId: 5620\r\nImage: C:\\windows\\system32\\svchost.exe\r\nTargetObject: HKLM\\SOFTWARE\\Microsoft\\Windows\\CurrentVersion\\WindowsUpdate\\Auto Update\\Power"",""port"":60427,""UserID"":""S-1-5-18"",""UtcTime"":""2022-04-15 12:06:09.013"",""timestamp"":""2022-04-15T12:06:14.402Z"",""ThreadID"":4688,""Severity"":""INFO"",""EventTypeOrignal"":""INFO"",""EventType"":""CreateKey"",""Channel"":""Microsoft-Windows-Sysmon/Operational"",""TargetObject"":""HKLM\\SOFTWARE\\Microsoft\\Windows\\CurrentVersion\\WindowsUpdate\\Auto Update\\Power"",""Opcode"":""Info"",""EventReceivedTime"":""2022-04-15 08:06:14"",""@version"":""1"",""Task"":12,""SourceModuleType"":""im_msvistalog"",""RuleName"":""-"",""Hostname"":""James.browne"",""Keywords"":-9223372036854775808,""Version"":2,""ProcessGuid"":""{2d351099-5caf-5f5f-3704-000000000400}""}",2022-04-15T08:06:12.000+0000,8,15,6,april,12,friday,2022,local,,CreateKey,cybertees.net,cyber-host,windowslogs,1,60427,"{"""":"":\\\\\\."","""":"""","""":,"""":[""""],"""":,"""":""{----}"",""",Event_logs.json,_json,ip-10-10-40-195,,splunk,,2022-04-15T12:06:14.402Z,
1,,,,,,,\device\harddiskvolume2\windows\system32\svchost.exe,,,,Filtering Platform Connection,Security,,,,,,,,,,,,,,,,,,,,,,,5158,,2022-04-15 8:06:14,2022-04-15 8:06:08,,4,,70324,,,,,James.browne,,,,,,,,,,-9214364837600034816,%%14608,38,,,,,,,"The Windows Filtering Platform has permitted a bind to a local port.

Application Information:
	Process ID:		5564
	Application Name:	\device\harddiskvolume2\windows\system32\svchost.exe

Network Information:
	Source Address:		::1
	Source Port:		1900
	Protocol:		17

Filter Information:
	Filter Run-Time ID:	70324
	Layer Name:		Resource Assignment
	Layer Run-Time ID:	38",,,,,,,,Info,0,,,,,,,,,,,5564,,,17,{54849625-5478-4994-A5BA-3E3B0328C30D},,,,75369,,,,,,,,,INFO,2,,,,,,::1,,,,,,eventlog,im_msvistalog,Microsoft-Windows-Security-Auditing,1900,,,,,,,,,,,,,,,,,,,,,,,12810,,,,1512,,,,,,,0,,,"{""ProcessId"":""5564"",""tags"":[""splunk""],""EventID"":5158,""RecordNumber"":75369,""ProviderGuid"":""{54849625-5478-4994-A5BA-3E3B0328C30D}"",""SourceName"":""Microsoft-Windows-Security-Auditing"",""OpcodeValue"":0,""EventTime"":""2022-04-15 08:06:08"",""FilterRTID"":""70324"",""host"":""cybertees.net"",""SeverityValue"":2,""ExecutionProcessID"":4,""Category"":""Filtering Platform Connection"",""SourceModuleName"":""eventlog"",""Message"":""The Windows Filtering Platform has permitted a bind to a local port.\r\n\r\nApplication Information:\r\n\tProcess ID:\t\t5564\r\n\tApplication Name:\t\\device\\harddiskvolume2\\windows\\system32\\svchost.exe\r\n\r\nNetwork Information:\r\n\tSource Address:\t\t::1\r\n\tSource Port:\t\t1900\r\n\tProtocol:\t\t17\r\n\r\nFilter Information:\r\n\tFilter Run-Time ID:\t70324\r\n\tLayer Name:\t\tResource Assignment\r\n\tLayer Run-Time ID:\t38"",""port"":60427,""Protocol"":""17"",""timestamp"":""2022-04-15T12:06:14.401Z"",""ThreadID"":1512,""Severity"":""INFO"",""EventType"":""AUDIT_SUCCESS"",""Channel"":""Security"",""SourceAddress"":""::1"",""Opcode"":""Info"",""EventReceivedTime"":""2022-04-15 08:06:14"",""@version"":""1"",""Task"":12810,""SourceModuleType"":""im_msvistalog"",""LayerName"":""%%14608"",""LayerRTID"":""38"",""Hostname"":""James.browne"",""Application"":""\\device\\harddiskvolume2\\windows\\system32\\svchost.exe"",""Keywords"":-9214364837600034816,""Version"":0,""SourcePort"":""1900""}",2022-04-15T08:06:12.000+0000,8,15,6,april,12,friday,2022,local,,AUDIT_SUCCESS,cybertees.net,cyber-host,windowslogs,1,60427,"{"""":"""","""":[""""],"""":,"""":,"""":""{----}"","""":""---"","""":,""""",Event_logs.json,_json,ip-10-10-40-195,,splunk,,2022-04-15T12:06:14.401Z,
1,,,,SYSTEM,User,,,,,,Image loaded (rule: ImageLoad),Microsoft-Windows-Sysmon/Operational,,Microsoft Corporation,,,,Windows Update OS Deployment Handler,,,,,,,,,,,,NT AUTHORITY,,,,,7,,2022-04-15 8:06:14,2022-04-15 8:06:09,,3524,10.0.18362.1049 (WinBuild.160101.0800),,,,,"SHA1=DB328CDB4AEA61E38D37A673178EEC927DAED2BF,MD5=A0700422934F6EB997C1C409DEC60A2B,SHA256=5CD76E19A6A06CBCB2C88874DAB14CFBC641B5FE84155B207C955CAC83FA2A79,IMPHASH=9731CFC7D07A9B119E109E1FED0C5AFB",James.browne,C:\Windows\System32\svchost.exe,C:\Windows\System32\wuuhosdeployment.dll,,,,,,,,-9223372036854775808,,,,,,,,,"Image loaded:
RuleName: -
UtcTime: 2022-04-15 12:06:08.998
ProcessGuid: {2d351099-5caf-5f5f-3704-000000000400}
ProcessId: 5620
Image: C:\Windows\System32\svchost.exe
ImageLoaded: C:\Windows\System32\wuuhosdeployment.dll
FileVersion: 10.0.18362.1049 (WinBuild.160101.0800)
Description: Windows Update OS Deployment Handler
Product: Microsoft Windows Operating System
Company: Microsoft Corporation
OriginalFileName: wuuhosdeplyment.dll
Hashes: SHA1=DB328CDB4AEA61E38D37A673178EEC927DAED2BF,MD5=A0700422934F6EB997C1C409DEC60A2B,SHA256=5CD76E19A6A06CBCB2C88874DAB14CFBC641B5FE84155B207C955CAC83FA2A79,IMPHASH=9731CFC7D07A9B119E109E1FED0C5AFB
Signed: true
Signature: Microsoft Windows
SignatureStatus: Valid",,,,,,,,Info,0,wuuhosdeplyment.dll,,,,,,,,,{2d351099-5caf-5f5f-3704-000000000400},5620,,Microsoft Windows Operating System,,{5770385F-C22A-43E0-BF4C-06F5698FFBD9},,,,424458,,,,,,,-,,INFO,2,,,Microsoft Windows,Valid,TRUE,,,,,,,eventlog,im_msvistalog,Microsoft-Windows-Sysmon,,,,,,,,,,,,,,,,,,,,,,,,7,,,,4700,,,,,S-1-5-18,2022-04-15 12:06:09,3,,,"{""EventID"":7,""RecordNumber"":424458,""ProviderGuid"":""{5770385F-C22A-43E0-BF4C-06F5698FFBD9}"",""SourceName"":""Microsoft-Windows-Sysmon"",""OpcodeValue"":0,""AccountName"":""SYSTEM"",""SignatureStatus"":""Valid"",""SourceModuleName"":""eventlog"",""ExecutionProcessID"":3524,""AccountType"":""User"",""Category"":""Image loaded (rule: ImageLoad)"",""Domain"":""NT AUTHORITY"",""port"":60427,""Company"":""Microsoft Corporation"",""ThreadID"":4700,""Severity"":""INFO"",""EventType"":""INFO"",""Signed"":""true"",""Channel"":""Microsoft-Windows-Sysmon/Operational"",""Opcode"":""Info"",""EventReceivedTime"":""2022-04-15 08:06:14"",""ImageLoaded"":""C:\\Windows\\System32\\wuuhosdeployment.dll"",""Task"":7,""RuleName"":""-"",""Keywords"":-9223372036854775808,""Version"":3,""ProcessId"":""5620"",""Image"":""C:\\Windows\\System32\\svchost.exe"",""Product"":""Microsoft Windows Operating System"",""tags"":[""splunk""],""EventTime"":""2022-04-15 08:06:09"",""host"":""cybertees.net"",""SeverityValue"":2,""Message"":""Image loaded:\r\nRuleName: -\r\nUtcTime: 2022-04-15 12:06:08.998\r\nProcessGuid: {2d351099-5caf-5f5f-3704-000000000400}\r\nProcessId: 5620\r\nImage: C:\\Windows\\System32\\svchost.exe\r\nImageLoaded: C:\\Windows\\System32\\wuuhosdeployment.dll\r\nFileVersion: 10.0.18362.1049 (WinBuild.160101.0800)\r\nDescription: Windows Update OS Deployment Handler\r\nProduct: Microsoft Windows Operating System\r\nCompany: Microsoft Corporation\r\nOriginalFileName: wuuhosdeplyment.dll\r\nHashes: SHA1=DB328CDB4AEA61E38D37A673178EEC927DAED2BF,MD5=A0700422934F6EB997C1C409DEC60A2B,SHA256=5CD76E19A6A06CBCB2C88874DAB14CFBC641B5FE84155B207C955CAC83FA2A79,IMPHASH=9731CFC7D07A9B119E109E1FED0C5AFB\r\nSigned: true\r\nSignature: Microsoft Windows\r\nSignatureStatus: Valid"",""UtcTime"":""2022-04-15 12:06:08.998"",""UserID"":""S-1-5-18"",""FileVersion"":""10.0.18362.1049 (WinBuild.160101.0800)"",""Description"":""Windows Update OS Deployment Handler"",""OriginalFileName"":""wuuhosdeplyment.dll"",""timestamp"":""2022-04-15T12:06:14.401Z"",""Hashes"":""SHA1=DB328CDB4AEA61E38D37A673178EEC927DAED2BF,MD5=A0700422934F6EB997C1C409DEC60A2B,SHA256=5CD76E19A6A06CBCB2C88874DAB14CFBC641B5FE84155B207C955CAC83FA2A79,IMPHASH=9731CFC7D07A9B119E109E1FED0C5AFB"",""Signature"":""Microsoft Windows"",""@version"":""1"",""SourceModuleType"":""im_msvistalog"",""Hostname"":""James.browne"",""ProcessGuid"":""{2d351099-5caf-5f5f-3704-000000000400}""}",2022-04-15T08:06:12.000+0000,8,15,6,april,12,friday,2022,local,,INFO,cybertees.net,cyber-host,windowslogs,1,60427,"{"""":,"""":,"""":""{----}"","""":""--"","""":,"""":"""","""":"""","""":""""",Event_logs.json,_json,ip-10-10-40-195,,splunk,,2022-04-15T12:06:14.401Z,
1,,,,,,,\device\harddiskvolume2\windows\system32\svchost.exe,,,,Filtering Platform Connection,Security,,,,,,,,,,,,,,,,,,,,,,,5158,,2022-04-15 8:06:14,2022-04-15 8:06:08,,4,,0,,,,,James.browne,,,,,,,,,,-9214364837600034816,%%14608,36,,,,,,,"The Windows Filtering Platform has permitted a bind to a local port.

Application Information:
	Process ID:		2932
	Application Name:	\device\harddiskvolume2\windows\system32\svchost.exe

Network Information:
	Source Address:		127.0.0.1
	Source Port:		54284
	Protocol:		17

Filter Information:
	Filter Run-Time ID:	0
	Layer Name:		Resource Assignment
	Layer Run-Time ID:	36",,,,,,,,Info,0,,,,,,,,,,,2932,,,17,{54849625-5478-4994-A5BA-3E3B0328C30D},,,,75368,,,,,,,,,INFO,2,,,,,,127.0.0.1,,,,,,eventlog,im_msvistalog,Microsoft-Windows-Security-Auditing,54284,,,,,,,,,,,,,,,,,,,,,,,12810,,,,1512,,,,,,,0,,,"{""ProcessId"":""2932"",""tags"":[""splunk""],""EventID"":5158,""RecordNumber"":75368,""ProviderGuid"":""{54849625-5478-4994-A5BA-3E3B0328C30D}"",""SourceName"":""Microsoft-Windows-Security-Auditing"",""OpcodeValue"":0,""EventTime"":""2022-04-15 08:06:08"",""FilterRTID"":""0"",""host"":""cybertees.net"",""SeverityValue"":2,""ExecutionProcessID"":4,""Category"":""Filtering Platform Connection"",""SourceModuleName"":""eventlog"",""Message"":""The Windows Filtering Platform has permitted a bind to a local port.\r\n\r\nApplication Information:\r\n\tProcess ID:\t\t2932\r\n\tApplication Name:\t\\device\\harddiskvolume2\\windows\\system32\\svchost.exe\r\n\r\nNetwork Information:\r\n\tSource Address:\t\t127.0.0.1\r\n\tSource Port:\t\t54284\r\n\tProtocol:\t\t17\r\n\r\nFilter Information:\r\n\tFilter Run-Time ID:\t0\r\n\tLayer Name:\t\tResource Assignment\r\n\tLayer Run-Time ID:\t36"",""port"":60427,""Protocol"":""17"",""timestamp"":""2022-04-15T12:06:14.401Z"",""ThreadID"":1512,""Severity"":""INFO"",""EventType"":""AUDIT_SUCCESS"",""Channel"":""Security"",""SourceAddress"":""127.0.0.1"",""Opcode"":""Info"",""EventReceivedTime"":""2022-04-15 08:06:14"",""@version"":""1"",""Task"":12810,""SourceModuleType"":""im_msvistalog"",""LayerName"":""%%14608"",""LayerRTID"":""36"",""Hostname"":""James.browne"",""Application"":""\\device\\harddiskvolume2\\windows\\system32\\svchost.exe"",""Keywords"":-9214364837600034816,""Version"":0,""SourcePort"":""54284""}",2022-04-15T08:06:12.000+0000,8,15,6,april,12,friday,2022,local,,AUDIT_SUCCESS,cybertees.net,cyber-host,windowslogs,1,60427,"{"""":"""","""":[""""],"""":,"""":,"""":""{----}"","""":""---"","""":,""""",Event_logs.json,_json,ip-10-10-40-195,,splunk,,2022-04-15T12:06:14.401Z,
1,,,,SYSTEM,User,,,,,,Image loaded (rule: ImageLoad),Microsoft-Windows-Sysmon/Operational,,Microsoft Corporation,,,,SHCORE,,,,,,,,,,,,NT AUTHORITY,,,,,7,,2022-04-15 8:06:14,2022-04-15 8:06:09,,3524,10.0.18362.959 (WinBuild.160101.0800),,,,,"SHA1=75C9F506592699E30D8ECA63F88C79E956324111,MD5=6ACBCCE095FDB475FC2B3D178E5D9208,SHA256=3F49AB1B04EE3D843E961A1B62CB695EE3FE940EE287819BBBABCC1C3A38F507,IMPHASH=0E48D88DA5B1AEFE29036ECDE5B34E8D",James.browne,C:\Windows\System32\svchost.exe,C:\Windows\System32\SHCore.dll,,,,,,,,-9223372036854775808,,,,,,,,,"Image loaded:
RuleName: -
UtcTime: 2022-04-15 12:06:08.998
ProcessGuid: {2d351099-5caf-5f5f-3704-000000000400}
ProcessId: 5620
Image: C:\Windows\System32\svchost.exe
ImageLoaded: C:\Windows\System32\SHCore.dll
FileVersion: 10.0.18362.959 (WinBuild.160101.0800)
Description: SHCORE
Product: Microsoft Windows Operating System
Company: Microsoft Corporation
OriginalFileName: SHCORE.dll
Hashes: SHA1=75C9F506592699E30D8ECA63F88C79E956324111,MD5=6ACBCCE095FDB475FC2B3D178E5D9208,SHA256=3F49AB1B04EE3D843E961A1B62CB695EE3FE940EE287819BBBABCC1C3A38F507,IMPHASH=0E48D88DA5B1AEFE29036ECDE5B34E8D
Signed: true
Signature: Microsoft Windows
SignatureStatus: Valid",,,,,,,,Info,0,SHCORE.dll,,,,,,,,,{2d351099-5caf-5f5f-3704-000000000400},5620,,Microsoft Windows Operating System,,{5770385F-C22A-43E0-BF4C-06F5698FFBD9},,,,424457,,,,,,,-,,INFO,2,,,Microsoft Windows,Valid,TRUE,,,,,,,eventlog,im_msvistalog,Microsoft-Windows-Sysmon,,,,,,,,,,,,,,,,,,,,,,,,7,,,,4688,,,,,S-1-5-18,2022-04-15 12:06:09,3,,,"{""EventID"":7,""RecordNumber"":424457,""ProviderGuid"":""{5770385F-C22A-43E0-BF4C-06F5698FFBD9}"",""SourceName"":""Microsoft-Windows-Sysmon"",""OpcodeValue"":0,""AccountName"":""SYSTEM"",""SignatureStatus"":""Valid"",""SourceModuleName"":""eventlog"",""ExecutionProcessID"":3524,""AccountType"":""User"",""Category"":""Image loaded (rule: ImageLoad)"",""Domain"":""NT AUTHORITY"",""port"":60427,""Company"":""Microsoft Corporation"",""ThreadID"":4688,""Severity"":""INFO"",""EventType"":""INFO"",""Signed"":""true"",""Channel"":""Microsoft-Windows-Sysmon/Operational"",""Opcode"":""Info"",""EventReceivedTime"":""2022-04-15 08:06:14"",""ImageLoaded"":""C:\\Windows\\System32\\SHCore.dll"",""Task"":7,""RuleName"":""-"",""Keywords"":-9223372036854775808,""Version"":3,""ProcessId"":""5620"",""Image"":""C:\\Windows\\System32\\svchost.exe"",""Product"":""Microsoft Windows Operating System"",""tags"":[""splunk""],""EventTime"":""2022-04-15 08:06:09"",""host"":""cybertees.net"",""SeverityValue"":2,""Message"":""Image loaded:\r\nRuleName: -\r\nUtcTime: 2022-04-15 12:06:08.998\r\nProcessGuid: {2d351099-5caf-5f5f-3704-000000000400}\r\nProcessId: 5620\r\nImage: C:\\Windows\\System32\\svchost.exe\r\nImageLoaded: C:\\Windows\\System32\\SHCore.dll\r\nFileVersion: 10.0.18362.959 (WinBuild.160101.0800)\r\nDescription: SHCORE\r\nProduct: Microsoft Windows Operating System\r\nCompany: Microsoft Corporation\r\nOriginalFileName: SHCORE.dll\r\nHashes: SHA1=75C9F506592699E30D8ECA63F88C79E956324111,MD5=6ACBCCE095FDB475FC2B3D178E5D9208,SHA256=3F49AB1B04EE3D843E961A1B62CB695EE3FE940EE287819BBBABCC1C3A38F507,IMPHASH=0E48D88DA5B1AEFE29036ECDE5B34E8D\r\nSigned: true\r\nSignature: Microsoft Windows\r\nSignatureStatus: Valid"",""UtcTime"":""2022-04-15 12:06:08.998"",""UserID"":""S-1-5-18"",""FileVersion"":""10.0.18362.959 (WinBuild.160101.0800)"",""Description"":""SHCORE"",""OriginalFileName"":""SHCORE.dll"",""timestamp"":""2022-04-15T12:06:14.400Z"",""Hashes"":""SHA1=75C9F506592699E30D8ECA63F88C79E956324111,MD5=6ACBCCE095FDB475FC2B3D178E5D9208,SHA256=3F49AB1B04EE3D843E961A1B62CB695EE3FE940EE287819BBBABCC1C3A38F507,IMPHASH=0E48D88DA5B1AEFE29036ECDE5B34E8D"",""Signature"":""Microsoft Windows"",""@version"":""1"",""SourceModuleType"":""im_msvistalog"",""Hostname"":""James.browne"",""ProcessGuid"":""{2d351099-5caf-5f5f-3704-000000000400}""}",2022-04-15T08:06:12.000+0000,8,15,6,april,12,friday,2022,local,,INFO,cybertees.net,cyber-host,windowslogs,1,60427,"{"""":,"""":,"""":""{----}"","""":""--"","""":,"""":"""","""":"""","""":""""",Event_logs.json,_json,ip-10-10-40-195,,splunk,,2022-04-15T12:06:14.400Z,
1,,,,SYSTEM,User,,,,,,Image loaded (rule: ImageLoad),Microsoft-Windows-Sysmon/Operational,,Microsoft Corporation,,,,Windows Update Agent plugin for Windows,,,,,,,,,,,,NT AUTHORITY,,,,,7,,2022-04-15 8:06:14,2022-04-15 8:06:09,,3524,10.0.18362.1049 (WinBuild.160101.0800),,,,,"SHA1=17D404634014416228ABDB292211CCCE70FE2953,MD5=2F5D1E3E2157ED353F88A85D2E69918E,SHA256=8806C2B858E0BF35A847BE234070E9870961FE29F880B17DA5C5EE4DD6221A4B,IMPHASH=47EBE67BAF852B44EEEBD032689A8511",James.browne,C:\Windows\System32\svchost.exe,C:\Windows\System32\wuuhext.dll,,,,,,,,-9223372036854775808,,,,,,,,,"Image loaded:
RuleName: -
UtcTime: 2022-04-15 12:06:08.998
ProcessGuid: {2d351099-5caf-5f5f-3704-000000000400}
ProcessId: 5620
Image: C:\Windows\System32\svchost.exe
ImageLoaded: C:\Windows\System32\wuuhext.dll
FileVersion: 10.0.18362.1049 (WinBuild.160101.0800)
Description: Windows Update Agent plugin for Windows
Product: Microsoft Windows Operating System
Company: Microsoft Corporation
OriginalFileName: WuUhExt.dll
Hashes: SHA1=17D404634014416228ABDB292211CCCE70FE2953,MD5=2F5D1E3E2157ED353F88A85D2E69918E,SHA256=8806C2B858E0BF35A847BE234070E9870961FE29F880B17DA5C5EE4DD6221A4B,IMPHASH=47EBE67BAF852B44EEEBD032689A8511
Signed: true
Signature: Microsoft Windows
SignatureStatus: Valid",,,,,,,,Info,0,WuUhExt.dll,,,,,,,,,{2d351099-5caf-5f5f-3704-000000000400},5620,,Microsoft Windows Operating System,,{5770385F-C22A-43E0-BF4C-06F5698FFBD9},,,,424456,,,,,,,-,,INFO,2,,,Microsoft Windows,Valid,TRUE,,,,,,,eventlog,im_msvistalog,Microsoft-Windows-Sysmon,,,,,,,,,,,,,,,,,,,,,,,,7,,,,4700,,,,,S-1-5-18,2022-04-15 12:06:09,3,,,"{""EventID"":7,""RecordNumber"":424456,""ProviderGuid"":""{5770385F-C22A-43E0-BF4C-06F5698FFBD9}"",""SourceName"":""Microsoft-Windows-Sysmon"",""OpcodeValue"":0,""AccountName"":""SYSTEM"",""SignatureStatus"":""Valid"",""SourceModuleName"":""eventlog"",""ExecutionProcessID"":3524,""AccountType"":""User"",""Category"":""Image loaded (rule: ImageLoad)"",""Domain"":""NT AUTHORITY"",""port"":60427,""Company"":""Microsoft Corporation"",""ThreadID"":4700,""Severity"":""INFO"",""EventType"":""INFO"",""Signed"":""true"",""Channel"":""Microsoft-Windows-Sysmon/Operational"",""Opcode"":""Info"",""EventReceivedTime"":""2022-04-15 08:06:14"",""ImageLoaded"":""C:\\Windows\\System32\\wuuhext.dll"",""Task"":7,""RuleName"":""-"",""Keywords"":-9223372036854775808,""Version"":3,""ProcessId"":""5620"",""Image"":""C:\\Windows\\System32\\svchost.exe"",""Product"":""Microsoft Windows Operating System"",""tags"":[""splunk""],""EventTime"":""2022-04-15 08:06:09"",""host"":""cybertees.net"",""SeverityValue"":2,""Message"":""Image loaded:\r\nRuleName: -\r\nUtcTime: 2022-04-15 12:06:08.998\r\nProcessGuid: {2d351099-5caf-5f5f-3704-000000000400}\r\nProcessId: 5620\r\nImage: C:\\Windows\\System32\\svchost.exe\r\nImageLoaded: C:\\Windows\\System32\\wuuhext.dll\r\nFileVersion: 10.0.18362.1049 (WinBuild.160101.0800)\r\nDescription: Windows Update Agent plugin for Windows\r\nProduct: Microsoft Windows Operating System\r\nCompany: Microsoft Corporation\r\nOriginalFileName: WuUhExt.dll\r\nHashes: SHA1=17D404634014416228ABDB292211CCCE70FE2953,MD5=2F5D1E3E2157ED353F88A85D2E69918E,SHA256=8806C2B858E0BF35A847BE234070E9870961FE29F880B17DA5C5EE4DD6221A4B,IMPHASH=47EBE67BAF852B44EEEBD032689A8511\r\nSigned: true\r\nSignature: Microsoft Windows\r\nSignatureStatus: Valid"",""UtcTime"":""2022-04-15 12:06:08.998"",""UserID"":""S-1-5-18"",""FileVersion"":""10.0.18362.1049 (WinBuild.160101.0800)"",""Description"":""Windows Update Agent plugin for Windows"",""OriginalFileName"":""WuUhExt.dll"",""timestamp"":""2022-04-15T12:06:14.400Z"",""Hashes"":""SHA1=17D404634014416228ABDB292211CCCE70FE2953,MD5=2F5D1E3E2157ED353F88A85D2E69918E,SHA256=8806C2B858E0BF35A847BE234070E9870961FE29F880B17DA5C5EE4DD6221A4B,IMPHASH=47EBE67BAF852B44EEEBD032689A8511"",""Signature"":""Microsoft Windows"",""@version"":""1"",""SourceModuleType"":""im_msvistalog"",""Hostname"":""James.browne"",""ProcessGuid"":""{2d351099-5caf-5f5f-3704-000000000400}""}",2022-04-15T08:06:12.000+0000,8,15,6,april,12,friday,2022,local,,INFO,cybertees.net,cyber-host,windowslogs,1,60427,"{"""":,"""":,"""":""{----}"","""":""--"","""":,"""":"""","""":"""","""":""""",Event_logs.json,_json,ip-10-10-40-195,,splunk,,2022-04-15T12:06:14.400Z,
