1,,,,SYSTEM,User,,,,,C:\windows\SYSTEM32\ntdll.dll+9fc24|C:\windows\System32\KERNELBASE.dll+6c2d5|c:\windows\system32\lsm.dll+e625|C:\windows\System32\RPCRT4.dll+77883|C:\windows\System32\RPCRT4.dll+db4a6|C:\windows\System32\RPCRT4.dll+10d50|C:\windows\System32\RPCRT4.dll+54a78|C:\windows\System32\RPCRT4.dll+304f0|C:\windows\System32\RPCRT4.dll+2fe9b|C:\windows\System32\RPCRT4.dll+2222f|C:\windows\System32\RPCRT4.dll+2168a|C:\windows\System32\RPCRT4.dll+20c51|C:\windows\System32\RPCRT4.dll+206c2|C:\windows\System32\RPCRT4.dll+17495|C:\windows\SYSTEM32\ntdll.dll+4f4d0|C:\windows\SYSTEM32\ntdll.dll+50358|C:\windows\System32\KERNEL32.DLL+17974|C:\windows\SYSTEM32\ntdll.dll+6a271,Process accessed (rule: ProcessAccess),Microsoft-Windows-Sysmon/Operational,,,,,,,,,,,,,,,,,,NT AUTHORITY,,,,,10,,2022-04-15 8:06:28,2022-04-15 8:06:27,,3652,,,0x1000,,,,Salena.Adam,,,,,,,,,,-9223372036854775808,,,,,,,,,"Process accessed:
RuleName: -
UtcTime: 2022-04-15 12:06:27.582
SourceProcessGUID: {ef3dcf22-42ab-5f5f-1000-000000000300}
SourceProcessId: 1020
SourceThreadId: 4256
SourceImage: C:\windows\system32\svchost.exe
TargetProcessGUID: {ef3dcf22-42ae-5f5f-2700-000000000300}
TargetProcessId: 1744
TargetImage: C:\windows\System32\svchost.exe
GrantedAccess: 0x1000
CallTrace: C:\windows\SYSTEM32\ntdll.dll+9fc24|C:\windows\System32\KERNELBASE.dll+6c2d5|c:\windows\system32\lsm.dll+e625|C:\windows\System32\RPCRT4.dll+77883|C:\windows\System32\RPCRT4.dll+db4a6|C:\windows\System32\RPCRT4.dll+10d50|C:\windows\System32\RPCRT4.dll+54a78|C:\windows\System32\RPCRT4.dll+304f0|C:\windows\System32\RPCRT4.dll+2fe9b|C:\windows\System32\RPCRT4.dll+2222f|C:\windows\System32\RPCRT4.dll+2168a|C:\windows\System32\RPCRT4.dll+20c51|C:\windows\System32\RPCRT4.dll+206c2|C:\windows\System32\RPCRT4.dll+17495|C:\windows\SYSTEM32\ntdll.dll+4f4d0|C:\windows\SYSTEM32\ntdll.dll+50358|C:\windows\System32\KERNEL32.DLL+17974|C:\windows\SYSTEM32\ntdll.dll+6a271",,,,,,,,Info,0,,,,,,,,,,,1020,,,,{5770385F-C22A-43E0-BF4C-06F5698FFBD9},,,,238977,,,,,,,-,,INFO,2,,,,,,,,,C:\windows\system32\svchost.exe,,,eventlog,im_msvistalog,Microsoft-Windows-Sysmon,,,{ef3dcf22-42ab-5f5f-1000-000000000300},1020,4256,,,,,,,,,C:\windows\System32\svchost.exe,,,,,,{ef3dcf22-42ae-5f5f-2700-000000000300},1744,,,10,,,,4104,,,,,S-1-5-18,2022-04-15 12:06:28,3,,,"{""EventID"":10,""RecordNumber"":238977,""ProviderGuid"":""{5770385F-C22A-43E0-BF4C-06F5698FFBD9}"",""SourceName"":""Microsoft-Windows-Sysmon"",""OpcodeValue"":0,""AccountName"":""SYSTEM"",""SourceImage"":""C:\\windows\\system32\\svchost.exe"",""SourceModuleName"":""eventlog"",""ExecutionProcessID"":3652,""AccountType"":""User"",""Category"":""Process accessed (rule: ProcessAccess)"",""SourceProcessId"":""1020"",""Domain"":""NT AUTHORITY"",""port"":60427,""ThreadID"":4104,""Severity"":""INFO"",""EventType"":""INFO"",""Channel"":""Microsoft-Windows-Sysmon/Operational"",""Opcode"":""Info"",""EventReceivedTime"":""2022-04-15 08:06:28"",""Task"":10,""RuleName"":""-"",""Keywords"":-9223372036854775808,""Version"":3,""ProcessId"":""1020"",""tags"":[""splunk""],""GrantedAccess"":""0x1000"",""SourceProcessGUID"":""{ef3dcf22-42ab-5f5f-1000-000000000300}"",""EventTime"":""2022-04-15 08:06:27"",""host"":""cybertees.net"",""SeverityValue"":2,""CallTrace"":""C:\\windows\\SYSTEM32\\ntdll.dll+9fc24|C:\\windows\\System32\\KERNELBASE.dll+6c2d5|c:\\windows\\system32\\lsm.dll+e625|C:\\windows\\System32\\RPCRT4.dll+77883|C:\\windows\\System32\\RPCRT4.dll+db4a6|C:\\windows\\System32\\RPCRT4.dll+10d50|C:\\windows\\System32\\RPCRT4.dll+54a78|C:\\windows\\System32\\RPCRT4.dll+304f0|C:\\windows\\System32\\RPCRT4.dll+2fe9b|C:\\windows\\System32\\RPCRT4.dll+2222f|C:\\windows\\System32\\RPCRT4.dll+2168a|C:\\windows\\System32\\RPCRT4.dll+20c51|C:\\windows\\System32\\RPCRT4.dll+206c2|C:\\windows\\System32\\RPCRT4.dll+17495|C:\\windows\\SYSTEM32\\ntdll.dll+4f4d0|C:\\windows\\SYSTEM32\\ntdll.dll+50358|C:\\windows\\System32\\KERNEL32.DLL+17974|C:\\windows\\SYSTEM32\\ntdll.dll+6a271"",""Message"":""Process accessed:\r\nRuleName: -\r\nUtcTime: 2022-04-15 12:06:27.582\r\nSourceProcessGUID: {ef3dcf22-42ab-5f5f-1000-000000000300}\r\nSourceProcessId: 1020\r\nSourceThreadId: 4256\r\nSourceImage: C:\\windows\\system32\\svchost.exe\r\nTargetProcessGUID: {ef3dcf22-42ae-5f5f-2700-000000000300}\r\nTargetProcessId: 1744\r\nTargetImage: C:\\windows\\System32\\svchost.exe\r\nGrantedAccess: 0x1000\r\nCallTrace: C:\\windows\\SYSTEM32\\ntdll.dll+9fc24|C:\\windows\\System32\\KERNELBASE.dll+6c2d5|c:\\windows\\system32\\lsm.dll+e625|C:\\windows\\System32\\RPCRT4.dll+77883|C:\\windows\\System32\\RPCRT4.dll+db4a6|C:\\windows\\System32\\RPCRT4.dll+10d50|C:\\windows\\System32\\RPCRT4.dll+54a78|C:\\windows\\System32\\RPCRT4.dll+304f0|C:\\windows\\System32\\RPCRT4.dll+2fe9b|C:\\windows\\System32\\RPCRT4.dll+2222f|C:\\windows\\System32\\RPCRT4.dll+2168a|C:\\windows\\System32\\RPCRT4.dll+20c51|C:\\windows\\System32\\RPCRT4.dll+206c2|C:\\windows\\System32\\RPCRT4.dll+17495|C:\\windows\\SYSTEM32\\ntdll.dll+4f4d0|C:\\windows\\SYSTEM32\\ntdll.dll+50358|C:\\windows\\System32\\KERNEL32.DLL+17974|C:\\windows\\SYSTEM32\\ntdll.dll+6a271"",""UtcTime"":""2022-04-15 12:06:27.582"",""UserID"":""S-1-5-18"",""timestamp"":""2022-04-15T12:06:28.691Z"",""TargetProcessId"":""1744"",""SourceThreadId"":""4256"",""@version"":""1"",""TargetProcessGUID"":""{ef3dcf22-42ae-5f5f-2700-000000000300}"",""SourceModuleType"":""im_msvistalog"",""TargetImage"":""C:\\windows\\System32\\svchost.exe"",""Hostname"":""Salena.Adam""}",2022-04-15T08:06:22.000+0000,8,15,6,april,22,friday,2022,local,,INFO,cybertees.net,cyber-host,windowslogs,1,60427,"{"""":,"""":,"""":""{----}"","""":""--"","""":,"""":"""","""":"":\\\\\\",Event_logs.json,_json,ip-10-10-40-195,,splunk,,2022-04-15T12:06:28.691Z,
1,,,,SYSTEM,User,,,,,,Registry value set (rule: RegistryEvent),Microsoft-Windows-Sysmon/Operational,,,,,,,,,,,,,,DWORD (0x00000108),,,,NT AUTHORITY,,,,,13,,2022-04-15 8:06:28,2022-04-15 8:06:25,INFO,3524,,,,,,,James.browne,C:\windows\system32\svchost.exe,,,,,,,,,-9223372036854775808,,,,,,,,,"Registry value set:
RuleName: -
EventType: SetValue
UtcTime: 2022-04-15 12:06:25.815
ProcessGuid: {2d351099-43cd-5f5f-0e00-000000000400}
ProcessId: 876
Image: C:\windows\system32\svchost.exe
TargetObject: \REGISTRY\A\{880a2083-1f4b-4b97-aa60-39a324efa5ef}\WorkItems\{aa448fab-fbb7-4376-86e9-39ef7016d5df}\Flags
Details: DWORD (0x00000108)",,,,,,,,Info,0,,,,,,,,,,{2d351099-43cd-5f5f-0e00-000000000400},876,,,,{5770385F-C22A-43E0-BF4C-06F5698FFBD9},,,,425882,,,,,,,-,,INFO,2,,,,,,,,,,,,eventlog,im_msvistalog,Microsoft-Windows-Sysmon,,,,,,,,,,,,,,,,,\REGISTRY\A\{880a2083-1f4b-4b97-aa60-39a324efa5ef}\WorkItems\{aa448fab-fbb7-4376-86e9-39ef7016d5df}\Flags,,,,,,,13,,,,4688,,,,,S-1-5-18,2022-04-15 12:06:26,2,,,"{""Image"":""C:\\windows\\system32\\svchost.exe"",""ProcessId"":""876"",""EventID"":13,""tags"":[""splunk""],""RecordNumber"":425882,""ProviderGuid"":""{5770385F-C22A-43E0-BF4C-06F5698FFBD9}"",""SourceName"":""Microsoft-Windows-Sysmon"",""OpcodeValue"":0,""EventTime"":""2022-04-15 08:06:25"",""AccountName"":""SYSTEM"",""host"":""cybertees.net"",""SeverityValue"":2,""ExecutionProcessID"":3524,""AccountType"":""User"",""Category"":""Registry value set (rule: RegistryEvent)"",""SourceModuleName"":""eventlog"",""Domain"":""NT AUTHORITY"",""Message"":""Registry value set:\r\nRuleName: -\r\nEventType: SetValue\r\nUtcTime: 2022-04-15 12:06:25.815\r\nProcessGuid: {2d351099-43cd-5f5f-0e00-000000000400}\r\nProcessId: 876\r\nImage: C:\\windows\\system32\\svchost.exe\r\nTargetObject: \\REGISTRY\\A\\{880a2083-1f4b-4b97-aa60-39a324efa5ef}\\WorkItems\\{aa448fab-fbb7-4376-86e9-39ef7016d5df}\\Flags\r\nDetails: DWORD (0x00000108)"",""port"":60427,""UserID"":""S-1-5-18"",""UtcTime"":""2022-04-15 12:06:25.815"",""timestamp"":""2022-04-15T12:06:28.690Z"",""ThreadID"":4688,""Severity"":""INFO"",""EventTypeOrignal"":""INFO"",""EventType"":""SetValue"",""Channel"":""Microsoft-Windows-Sysmon/Operational"",""TargetObject"":""\\REGISTRY\\A\\{880a2083-1f4b-4b97-aa60-39a324efa5ef}\\WorkItems\\{aa448fab-fbb7-4376-86e9-39ef7016d5df}\\Flags"",""Details"":""DWORD (0x00000108)"",""Opcode"":""Info"",""EventReceivedTime"":""2022-04-15 08:06:28"",""@version"":""1"",""Task"":13,""SourceModuleType"":""im_msvistalog"",""RuleName"":""-"",""Hostname"":""James.browne"",""Keywords"":-9223372036854775808,""Version"":2,""ProcessGuid"":""{2d351099-43cd-5f5f-0e00-000000000400}""}",2022-04-15T08:06:22.000+0000,8,15,6,april,22,friday,2022,local,,SetValue,cybertees.net,cyber-host,windowslogs,1,60427,"{"""":"":\\\\\\."","""":"""","""":,"""":[""""],"""":,"""":""{----}"",""",Event_logs.json,_json,ip-10-10-40-195,,splunk,,2022-04-15T12:06:28.690Z,
1,,,,SYSTEM,User,,,,,C:\windows\SYSTEM32\ntdll.dll+9fc24|C:\windows\System32\KERNELBASE.dll+6c2d5|c:\windows\system32\lsm.dll+eafe|C:\windows\System32\RPCRT4.dll+77883|C:\windows\System32\RPCRT4.dll+db4a6|C:\windows\System32\RPCRT4.dll+10d50|C:\windows\System32\RPCRT4.dll+54a78|C:\windows\System32\RPCRT4.dll+304f0|C:\windows\System32\RPCRT4.dll+2fe9b|C:\windows\System32\RPCRT4.dll+2222f|C:\windows\System32\RPCRT4.dll+2168a|C:\windows\System32\RPCRT4.dll+20c51|C:\windows\System32\RPCRT4.dll+206c2|C:\windows\System32\RPCRT4.dll+17495|C:\windows\SYSTEM32\ntdll.dll+4f4d0|C:\windows\SYSTEM32\ntdll.dll+50358|C:\windows\System32\KERNEL32.DLL+17974|C:\windows\SYSTEM32\ntdll.dll+6a271,Process accessed (rule: ProcessAccess),Microsoft-Windows-Sysmon/Operational,,,,,,,,,,,,,,,,,,NT AUTHORITY,,,,,10,,2022-04-15 8:06:28,2022-04-15 8:06:27,,3652,,,0x1000,,,,Salena.Adam,,,,,,,,,,-9223372036854775808,,,,,,,,,"Process accessed:
RuleName: -
UtcTime: 2022-04-15 12:06:27.582
SourceProcessGUID: {ef3dcf22-42ab-5f5f-1000-000000000300}
SourceProcessId: 1020
SourceThreadId: 4256
SourceImage: C:\windows\system32\svchost.exe
TargetProcessGUID: {ef3dcf22-42ae-5f5f-2700-000000000300}
TargetProcessId: 1744
TargetImage: C:\windows\System32\svchost.exe
GrantedAccess: 0x1000
CallTrace: C:\windows\SYSTEM32\ntdll.dll+9fc24|C:\windows\System32\KERNELBASE.dll+6c2d5|c:\windows\system32\lsm.dll+eafe|C:\windows\System32\RPCRT4.dll+77883|C:\windows\System32\RPCRT4.dll+db4a6|C:\windows\System32\RPCRT4.dll+10d50|C:\windows\System32\RPCRT4.dll+54a78|C:\windows\System32\RPCRT4.dll+304f0|C:\windows\System32\RPCRT4.dll+2fe9b|C:\windows\System32\RPCRT4.dll+2222f|C:\windows\System32\RPCRT4.dll+2168a|C:\windows\System32\RPCRT4.dll+20c51|C:\windows\System32\RPCRT4.dll+206c2|C:\windows\System32\RPCRT4.dll+17495|C:\windows\SYSTEM32\ntdll.dll+4f4d0|C:\windows\SYSTEM32\ntdll.dll+50358|C:\windows\System32\KERNEL32.DLL+17974|C:\windows\SYSTEM32\ntdll.dll+6a271",,,,,,,,Info,0,,,,,,,,,,,1020,,,,{5770385F-C22A-43E0-BF4C-06F5698FFBD9},,,,238976,,,,,,,-,,INFO,2,,,,,,,,,C:\windows\system32\svchost.exe,,,eventlog,im_msvistalog,Microsoft-Windows-Sysmon,,,{ef3dcf22-42ab-5f5f-1000-000000000300},1020,4256,,,,,,,,,C:\windows\System32\svchost.exe,,,,,,{ef3dcf22-42ae-5f5f-2700-000000000300},1744,,,10,,,,4104,,,,,S-1-5-18,2022-04-15 12:06:28,3,,,"{""EventID"":10,""RecordNumber"":238976,""ProviderGuid"":""{5770385F-C22A-43E0-BF4C-06F5698FFBD9}"",""SourceName"":""Microsoft-Windows-Sysmon"",""OpcodeValue"":0,""AccountName"":""SYSTEM"",""SourceImage"":""C:\\windows\\system32\\svchost.exe"",""SourceModuleName"":""eventlog"",""ExecutionProcessID"":3652,""AccountType"":""User"",""Category"":""Process accessed (rule: ProcessAccess)"",""SourceProcessId"":""1020"",""Domain"":""NT AUTHORITY"",""port"":60427,""ThreadID"":4104,""Severity"":""INFO"",""EventType"":""INFO"",""Channel"":""Microsoft-Windows-Sysmon/Operational"",""Opcode"":""Info"",""EventReceivedTime"":""2022-04-15 08:06:28"",""Task"":10,""RuleName"":""-"",""Keywords"":-9223372036854775808,""Version"":3,""ProcessId"":""1020"",""tags"":[""splunk""],""GrantedAccess"":""0x1000"",""SourceProcessGUID"":""{ef3dcf22-42ab-5f5f-1000-000000000300}"",""EventTime"":""2022-04-15 08:06:27"",""host"":""cybertees.net"",""SeverityValue"":2,""CallTrace"":""C:\\windows\\SYSTEM32\\ntdll.dll+9fc24|C:\\windows\\System32\\KERNELBASE.dll+6c2d5|c:\\windows\\system32\\lsm.dll+eafe|C:\\windows\\System32\\RPCRT4.dll+77883|C:\\windows\\System32\\RPCRT4.dll+db4a6|C:\\windows\\System32\\RPCRT4.dll+10d50|C:\\windows\\System32\\RPCRT4.dll+54a78|C:\\windows\\System32\\RPCRT4.dll+304f0|C:\\windows\\System32\\RPCRT4.dll+2fe9b|C:\\windows\\System32\\RPCRT4.dll+2222f|C:\\windows\\System32\\RPCRT4.dll+2168a|C:\\windows\\System32\\RPCRT4.dll+20c51|C:\\windows\\System32\\RPCRT4.dll+206c2|C:\\windows\\System32\\RPCRT4.dll+17495|C:\\windows\\SYSTEM32\\ntdll.dll+4f4d0|C:\\windows\\SYSTEM32\\ntdll.dll+50358|C:\\windows\\System32\\KERNEL32.DLL+17974|C:\\windows\\SYSTEM32\\ntdll.dll+6a271"",""Message"":""Process accessed:\r\nRuleName: -\r\nUtcTime: 2022-04-15 12:06:27.582\r\nSourceProcessGUID: {ef3dcf22-42ab-5f5f-1000-000000000300}\r\nSourceProcessId: 1020\r\nSourceThreadId: 4256\r\nSourceImage: C:\\windows\\system32\\svchost.exe\r\nTargetProcessGUID: {ef3dcf22-42ae-5f5f-2700-000000000300}\r\nTargetProcessId: 1744\r\nTargetImage: C:\\windows\\System32\\svchost.exe\r\nGrantedAccess: 0x1000\r\nCallTrace: C:\\windows\\SYSTEM32\\ntdll.dll+9fc24|C:\\windows\\System32\\KERNELBASE.dll+6c2d5|c:\\windows\\system32\\lsm.dll+eafe|C:\\windows\\System32\\RPCRT4.dll+77883|C:\\windows\\System32\\RPCRT4.dll+db4a6|C:\\windows\\System32\\RPCRT4.dll+10d50|C:\\windows\\System32\\RPCRT4.dll+54a78|C:\\windows\\System32\\RPCRT4.dll+304f0|C:\\windows\\System32\\RPCRT4.dll+2fe9b|C:\\windows\\System32\\RPCRT4.dll+2222f|C:\\windows\\System32\\RPCRT4.dll+2168a|C:\\windows\\System32\\RPCRT4.dll+20c51|C:\\windows\\System32\\RPCRT4.dll+206c2|C:\\windows\\System32\\RPCRT4.dll+17495|C:\\windows\\SYSTEM32\\ntdll.dll+4f4d0|C:\\windows\\SYSTEM32\\ntdll.dll+50358|C:\\windows\\System32\\KERNEL32.DLL+17974|C:\\windows\\SYSTEM32\\ntdll.dll+6a271"",""UtcTime"":""2022-04-15 12:06:27.582"",""UserID"":""S-1-5-18"",""timestamp"":""2022-04-15T12:06:28.689Z"",""TargetProcessId"":""1744"",""SourceThreadId"":""4256"",""@version"":""1"",""TargetProcessGUID"":""{ef3dcf22-42ae-5f5f-2700-000000000300}"",""SourceModuleType"":""im_msvistalog"",""TargetImage"":""C:\\windows\\System32\\svchost.exe"",""Hostname"":""Salena.Adam""}",2022-04-15T08:06:22.000+0000,8,15,6,april,22,friday,2022,local,,INFO,cybertees.net,cyber-host,windowslogs,1,60427,"{"""":,"""":,"""":""{----}"","""":""--"","""":,"""":"""","""":"":\\\\\\",Event_logs.json,_json,ip-10-10-40-195,,splunk,,2022-04-15T12:06:28.689Z,
1,,,,SYSTEM,User,,,,,,Registry value set (rule: RegistryEvent),Microsoft-Windows-Sysmon/Operational,,,,,,,,,,,,,,DWORD (0x00000000),,,,NT AUTHORITY,,,,,13,,2022-04-15 8:06:28,2022-04-15 8:06:25,INFO,3524,,,,,,,James.browne,C:\windows\system32\svchost.exe,,,,,,,,,-9223372036854775808,,,,,,,,,"Registry value set:
RuleName: -
EventType: SetValue
UtcTime: 2022-04-15 12:06:25.815
ProcessGuid: {2d351099-43cd-5f5f-0e00-000000000400}
ProcessId: 876
Image: C:\windows\system32\svchost.exe
TargetObject: \REGISTRY\A\{880a2083-1f4b-4b97-aa60-39a324efa5ef}\WorkItems\{aa448fab-fbb7-4376-86e9-39ef7016d5df}\ActivationType
Details: DWORD (0x00000000)",,,,,,,,Info,0,,,,,,,,,,{2d351099-43cd-5f5f-0e00-000000000400},876,,,,{5770385F-C22A-43E0-BF4C-06F5698FFBD9},,,,425881,,,,,,,-,,INFO,2,,,,,,,,,,,,eventlog,im_msvistalog,Microsoft-Windows-Sysmon,,,,,,,,,,,,,,,,,\REGISTRY\A\{880a2083-1f4b-4b97-aa60-39a324efa5ef}\WorkItems\{aa448fab-fbb7-4376-86e9-39ef7016d5df}\ActivationType,,,,,,,13,,,,4688,,,,,S-1-5-18,2022-04-15 12:06:26,2,,,"{""Image"":""C:\\windows\\system32\\svchost.exe"",""ProcessId"":""876"",""EventID"":13,""tags"":[""splunk""],""RecordNumber"":425881,""ProviderGuid"":""{5770385F-C22A-43E0-BF4C-06F5698FFBD9}"",""SourceName"":""Microsoft-Windows-Sysmon"",""OpcodeValue"":0,""EventTime"":""2022-04-15 08:06:25"",""AccountName"":""SYSTEM"",""host"":""cybertees.net"",""SeverityValue"":2,""ExecutionProcessID"":3524,""AccountType"":""User"",""Category"":""Registry value set (rule: RegistryEvent)"",""SourceModuleName"":""eventlog"",""Domain"":""NT AUTHORITY"",""Message"":""Registry value set:\r\nRuleName: -\r\nEventType: SetValue\r\nUtcTime: 2022-04-15 12:06:25.815\r\nProcessGuid: {2d351099-43cd-5f5f-0e00-000000000400}\r\nProcessId: 876\r\nImage: C:\\windows\\system32\\svchost.exe\r\nTargetObject: \\REGISTRY\\A\\{880a2083-1f4b-4b97-aa60-39a324efa5ef}\\WorkItems\\{aa448fab-fbb7-4376-86e9-39ef7016d5df}\\ActivationType\r\nDetails: DWORD (0x00000000)"",""port"":60427,""UserID"":""S-1-5-18"",""UtcTime"":""2022-04-15 12:06:25.815"",""timestamp"":""2022-04-15T12:06:28.689Z"",""ThreadID"":4688,""Severity"":""INFO"",""EventTypeOrignal"":""INFO"",""EventType"":""SetValue"",""Channel"":""Microsoft-Windows-Sysmon/Operational"",""TargetObject"":""\\REGISTRY\\A\\{880a2083-1f4b-4b97-aa60-39a324efa5ef}\\WorkItems\\{aa448fab-fbb7-4376-86e9-39ef7016d5df}\\ActivationType"",""Details"":""DWORD (0x00000000)"",""Opcode"":""Info"",""EventReceivedTime"":""2022-04-15 08:06:28"",""@version"":""1"",""Task"":13,""SourceModuleType"":""im_msvistalog"",""RuleName"":""-"",""Hostname"":""James.browne"",""Keywords"":-9223372036854775808,""Version"":2,""ProcessGuid"":""{2d351099-43cd-5f5f-0e00-000000000400}""}",2022-04-15T08:06:22.000+0000,8,15,6,april,22,friday,2022,local,,SetValue,cybertees.net,cyber-host,windowslogs,1,60427,"{"""":"":\\\\\\."","""":"""","""":,"""":[""""],"""":,"""":""{----}"",""",Event_logs.json,_json,ip-10-10-40-195,,splunk,,2022-04-15T12:06:28.689Z,
1,,,,SYSTEM,User,,,,,C:\windows\SYSTEM32\ntdll.dll+9fc24|C:\windows\System32\KERNELBASE.dll+6c2d5|c:\windows\system32\lsm.dll+eca0|C:\windows\System32\RPCRT4.dll+77883|C:\windows\System32\RPCRT4.dll+db4a6|C:\windows\System32\RPCRT4.dll+10d50|C:\windows\System32\RPCRT4.dll+54a78|C:\windows\System32\RPCRT4.dll+304f0|C:\windows\System32\RPCRT4.dll+2fe9b|C:\windows\System32\RPCRT4.dll+2222f|C:\windows\System32\RPCRT4.dll+2168a|C:\windows\System32\RPCRT4.dll+20c51|C:\windows\System32\RPCRT4.dll+206c2|C:\windows\System32\RPCRT4.dll+17495|C:\windows\SYSTEM32\ntdll.dll+4f4d0|C:\windows\SYSTEM32\ntdll.dll+50358|C:\windows\System32\KERNEL32.DLL+17974|C:\windows\SYSTEM32\ntdll.dll+6a271,Process accessed (rule: ProcessAccess),Microsoft-Windows-Sysmon/Operational,,,,,,,,,,,,,,,,,,NT AUTHORITY,,,,,10,,2022-04-15 8:06:28,2022-04-15 8:06:27,,3652,,,0x1000,,,,Salena.Adam,,,,,,,,,,-9223372036854775808,,,,,,,,,"Process accessed:
RuleName: -
UtcTime: 2022-04-15 12:06:27.582
SourceProcessGUID: {ef3dcf22-42ab-5f5f-1000-000000000300}
SourceProcessId: 1020
SourceThreadId: 4256
SourceImage: C:\windows\system32\svchost.exe
TargetProcessGUID: {ef3dcf22-42ae-5f5f-2700-000000000300}
TargetProcessId: 1744
TargetImage: C:\windows\System32\svchost.exe
GrantedAccess: 0x1000
CallTrace: C:\windows\SYSTEM32\ntdll.dll+9fc24|C:\windows\System32\KERNELBASE.dll+6c2d5|c:\windows\system32\lsm.dll+eca0|C:\windows\System32\RPCRT4.dll+77883|C:\windows\System32\RPCRT4.dll+db4a6|C:\windows\System32\RPCRT4.dll+10d50|C:\windows\System32\RPCRT4.dll+54a78|C:\windows\System32\RPCRT4.dll+304f0|C:\windows\System32\RPCRT4.dll+2fe9b|C:\windows\System32\RPCRT4.dll+2222f|C:\windows\System32\RPCRT4.dll+2168a|C:\windows\System32\RPCRT4.dll+20c51|C:\windows\System32\RPCRT4.dll+206c2|C:\windows\System32\RPCRT4.dll+17495|C:\windows\SYSTEM32\ntdll.dll+4f4d0|C:\windows\SYSTEM32\ntdll.dll+50358|C:\windows\System32\KERNEL32.DLL+17974|C:\windows\SYSTEM32\ntdll.dll+6a271",,,,,,,,Info,0,,,,,,,,,,,1020,,,,{5770385F-C22A-43E0-BF4C-06F5698FFBD9},,,,238975,,,,,,,-,,INFO,2,,,,,,,,,C:\windows\system32\svchost.exe,,,eventlog,im_msvistalog,Microsoft-Windows-Sysmon,,,{ef3dcf22-42ab-5f5f-1000-000000000300},1020,4256,,,,,,,,,C:\windows\System32\svchost.exe,,,,,,{ef3dcf22-42ae-5f5f-2700-000000000300},1744,,,10,,,,4104,,,,,S-1-5-18,2022-04-15 12:06:28,3,,,"{""EventID"":10,""RecordNumber"":238975,""ProviderGuid"":""{5770385F-C22A-43E0-BF4C-06F5698FFBD9}"",""SourceName"":""Microsoft-Windows-Sysmon"",""OpcodeValue"":0,""AccountName"":""SYSTEM"",""SourceImage"":""C:\\windows\\system32\\svchost.exe"",""SourceModuleName"":""eventlog"",""ExecutionProcessID"":3652,""AccountType"":""User"",""Category"":""Process accessed (rule: ProcessAccess)"",""SourceProcessId"":""1020"",""Domain"":""NT AUTHORITY"",""port"":60427,""ThreadID"":4104,""Severity"":""INFO"",""EventType"":""INFO"",""Channel"":""Microsoft-Windows-Sysmon/Operational"",""Opcode"":""Info"",""EventReceivedTime"":""2022-04-15 08:06:28"",""Task"":10,""RuleName"":""-"",""Keywords"":-9223372036854775808,""Version"":3,""ProcessId"":""1020"",""tags"":[""splunk""],""GrantedAccess"":""0x1000"",""SourceProcessGUID"":""{ef3dcf22-42ab-5f5f-1000-000000000300}"",""EventTime"":""2022-04-15 08:06:27"",""host"":""cybertees.net"",""SeverityValue"":2,""CallTrace"":""C:\\windows\\SYSTEM32\\ntdll.dll+9fc24|C:\\windows\\System32\\KERNELBASE.dll+6c2d5|c:\\windows\\system32\\lsm.dll+eca0|C:\\windows\\System32\\RPCRT4.dll+77883|C:\\windows\\System32\\RPCRT4.dll+db4a6|C:\\windows\\System32\\RPCRT4.dll+10d50|C:\\windows\\System32\\RPCRT4.dll+54a78|C:\\windows\\System32\\RPCRT4.dll+304f0|C:\\windows\\System32\\RPCRT4.dll+2fe9b|C:\\windows\\System32\\RPCRT4.dll+2222f|C:\\windows\\System32\\RPCRT4.dll+2168a|C:\\windows\\System32\\RPCRT4.dll+20c51|C:\\windows\\System32\\RPCRT4.dll+206c2|C:\\windows\\System32\\RPCRT4.dll+17495|C:\\windows\\SYSTEM32\\ntdll.dll+4f4d0|C:\\windows\\SYSTEM32\\ntdll.dll+50358|C:\\windows\\System32\\KERNEL32.DLL+17974|C:\\windows\\SYSTEM32\\ntdll.dll+6a271"",""Message"":""Process accessed:\r\nRuleName: -\r\nUtcTime: 2022-04-15 12:06:27.582\r\nSourceProcessGUID: {ef3dcf22-42ab-5f5f-1000-000000000300}\r\nSourceProcessId: 1020\r\nSourceThreadId: 4256\r\nSourceImage: C:\\windows\\system32\\svchost.exe\r\nTargetProcessGUID: {ef3dcf22-42ae-5f5f-2700-000000000300}\r\nTargetProcessId: 1744\r\nTargetImage: C:\\windows\\System32\\svchost.exe\r\nGrantedAccess: 0x1000\r\nCallTrace: C:\\windows\\SYSTEM32\\ntdll.dll+9fc24|C:\\windows\\System32\\KERNELBASE.dll+6c2d5|c:\\windows\\system32\\lsm.dll+eca0|C:\\windows\\System32\\RPCRT4.dll+77883|C:\\windows\\System32\\RPCRT4.dll+db4a6|C:\\windows\\System32\\RPCRT4.dll+10d50|C:\\windows\\System32\\RPCRT4.dll+54a78|C:\\windows\\System32\\RPCRT4.dll+304f0|C:\\windows\\System32\\RPCRT4.dll+2fe9b|C:\\windows\\System32\\RPCRT4.dll+2222f|C:\\windows\\System32\\RPCRT4.dll+2168a|C:\\windows\\System32\\RPCRT4.dll+20c51|C:\\windows\\System32\\RPCRT4.dll+206c2|C:\\windows\\System32\\RPCRT4.dll+17495|C:\\windows\\SYSTEM32\\ntdll.dll+4f4d0|C:\\windows\\SYSTEM32\\ntdll.dll+50358|C:\\windows\\System32\\KERNEL32.DLL+17974|C:\\windows\\SYSTEM32\\ntdll.dll+6a271"",""UtcTime"":""2022-04-15 12:06:27.582"",""UserID"":""S-1-5-18"",""timestamp"":""2022-04-15T12:06:28.688Z"",""TargetProcessId"":""1744"",""SourceThreadId"":""4256"",""@version"":""1"",""TargetProcessGUID"":""{ef3dcf22-42ae-5f5f-2700-000000000300}"",""SourceModuleType"":""im_msvistalog"",""TargetImage"":""C:\\windows\\System32\\svchost.exe"",""Hostname"":""Salena.Adam""}",2022-04-15T08:06:22.000+0000,8,15,6,april,22,friday,2022,local,,INFO,cybertees.net,cyber-host,windowslogs,1,60427,"{"""":,"""":,"""":""{----}"","""":""--"","""":,"""":"""","""":"":\\\\\\",Event_logs.json,_json,ip-10-10-40-195,,splunk,,2022-04-15T12:06:28.688Z,
1,,,,SYSTEM,User,,,,,,Registry object added or deleted (rule: RegistryEvent),Microsoft-Windows-Sysmon/Operational,,,,,,,,,,,,,,,,,,NT AUTHORITY,,,,,12,,2022-04-15 8:06:28,2022-04-15 8:06:25,INFO,3524,,,,,,,James.browne,C:\windows\system32\svchost.exe,,,,,,,,,-9223372036854775808,,,,,,,,,"Registry object added or deleted:
RuleName: -
EventType: CreateKey
UtcTime: 2022-04-15 12:06:25.815
ProcessGuid: {2d351099-43cd-5f5f-0e00-000000000400}
ProcessId: 876
Image: C:\windows\system32\svchost.exe
TargetObject: \REGISTRY\A\{880a2083-1f4b-4b97-aa60-39a324efa5ef}\WorkItems\{aa448fab-fbb7-4376-86e9-39ef7016d5df}",,,,,,,,Info,0,,,,,,,,,,{2d351099-43cd-5f5f-0e00-000000000400},876,,,,{5770385F-C22A-43E0-BF4C-06F5698FFBD9},,,,425880,,,,,,,-,,INFO,2,,,,,,,,,,,,eventlog,im_msvistalog,Microsoft-Windows-Sysmon,,,,,,,,,,,,,,,,,\REGISTRY\A\{880a2083-1f4b-4b97-aa60-39a324efa5ef}\WorkItems\{aa448fab-fbb7-4376-86e9-39ef7016d5df},,,,,,,12,,,,4688,,,,,S-1-5-18,2022-04-15 12:06:26,2,,,"{""Image"":""C:\\windows\\system32\\svchost.exe"",""ProcessId"":""876"",""EventID"":12,""tags"":[""splunk""],""RecordNumber"":425880,""ProviderGuid"":""{5770385F-C22A-43E0-BF4C-06F5698FFBD9}"",""SourceName"":""Microsoft-Windows-Sysmon"",""OpcodeValue"":0,""EventTime"":""2022-04-15 08:06:25"",""AccountName"":""SYSTEM"",""host"":""cybertees.net"",""SeverityValue"":2,""ExecutionProcessID"":3524,""AccountType"":""User"",""Category"":""Registry object added or deleted (rule: RegistryEvent)"",""SourceModuleName"":""eventlog"",""Domain"":""NT AUTHORITY"",""Message"":""Registry object added or deleted:\r\nRuleName: -\r\nEventType: CreateKey\r\nUtcTime: 2022-04-15 12:06:25.815\r\nProcessGuid: {2d351099-43cd-5f5f-0e00-000000000400}\r\nProcessId: 876\r\nImage: C:\\windows\\system32\\svchost.exe\r\nTargetObject: \\REGISTRY\\A\\{880a2083-1f4b-4b97-aa60-39a324efa5ef}\\WorkItems\\{aa448fab-fbb7-4376-86e9-39ef7016d5df}"",""port"":60427,""UserID"":""S-1-5-18"",""UtcTime"":""2022-04-15 12:06:25.815"",""timestamp"":""2022-04-15T12:06:28.687Z"",""ThreadID"":4688,""Severity"":""INFO"",""EventTypeOrignal"":""INFO"",""EventType"":""CreateKey"",""Channel"":""Microsoft-Windows-Sysmon/Operational"",""TargetObject"":""\\REGISTRY\\A\\{880a2083-1f4b-4b97-aa60-39a324efa5ef}\\WorkItems\\{aa448fab-fbb7-4376-86e9-39ef7016d5df}"",""Opcode"":""Info"",""EventReceivedTime"":""2022-04-15 08:06:28"",""@version"":""1"",""Task"":12,""SourceModuleType"":""im_msvistalog"",""RuleName"":""-"",""Hostname"":""James.browne"",""Keywords"":-9223372036854775808,""Version"":2,""ProcessGuid"":""{2d351099-43cd-5f5f-0e00-000000000400}""}",2022-04-15T08:06:22.000+0000,8,15,6,april,22,friday,2022,local,,CreateKey,cybertees.net,cyber-host,windowslogs,1,60427,"{"""":"":\\\\\\."","""":"""","""":,"""":[""""],"""":,"""":""{----}"",""",Event_logs.json,_json,ip-10-10-40-195,,splunk,,2022-04-15T12:06:28.687Z,
1,,,,SYSTEM,User,,,,,C:\windows\SYSTEM32\ntdll.dll+9fc24|C:\windows\System32\KERNELBASE.dll+6c2d5|c:\windows\system32\lsm.dll+e625|C:\windows\System32\RPCRT4.dll+77883|C:\windows\System32\RPCRT4.dll+db4a6|C:\windows\System32\RPCRT4.dll+10d50|C:\windows\System32\RPCRT4.dll+54a78|C:\windows\System32\RPCRT4.dll+304f0|C:\windows\System32\RPCRT4.dll+2fe9b|C:\windows\System32\RPCRT4.dll+2222f|C:\windows\System32\RPCRT4.dll+2168a|C:\windows\System32\RPCRT4.dll+20c51|C:\windows\System32\RPCRT4.dll+206c2|C:\windows\System32\RPCRT4.dll+17495|C:\windows\SYSTEM32\ntdll.dll+4f4d0|C:\windows\SYSTEM32\ntdll.dll+50358|C:\windows\System32\KERNEL32.DLL+17974|C:\windows\SYSTEM32\ntdll.dll+6a271,Process accessed (rule: ProcessAccess),Microsoft-Windows-Sysmon/Operational,,,,,,,,,,,,,,,,,,NT AUTHORITY,,,,,10,,2022-04-15 8:06:28,2022-04-15 8:06:27,,3652,,,0x1000,,,,Salena.Adam,,,,,,,,,,-9223372036854775808,,,,,,,,,"Process accessed:
RuleName: -
UtcTime: 2022-04-15 12:06:27.582
SourceProcessGUID: {ef3dcf22-42ab-5f5f-1000-000000000300}
SourceProcessId: 1020
SourceThreadId: 4256
SourceImage: C:\windows\system32\svchost.exe
TargetProcessGUID: {ef3dcf22-42ae-5f5f-2700-000000000300}
TargetProcessId: 1744
TargetImage: C:\windows\System32\svchost.exe
GrantedAccess: 0x1000
CallTrace: C:\windows\SYSTEM32\ntdll.dll+9fc24|C:\windows\System32\KERNELBASE.dll+6c2d5|c:\windows\system32\lsm.dll+e625|C:\windows\System32\RPCRT4.dll+77883|C:\windows\System32\RPCRT4.dll+db4a6|C:\windows\System32\RPCRT4.dll+10d50|C:\windows\System32\RPCRT4.dll+54a78|C:\windows\System32\RPCRT4.dll+304f0|C:\windows\System32\RPCRT4.dll+2fe9b|C:\windows\System32\RPCRT4.dll+2222f|C:\windows\System32\RPCRT4.dll+2168a|C:\windows\System32\RPCRT4.dll+20c51|C:\windows\System32\RPCRT4.dll+206c2|C:\windows\System32\RPCRT4.dll+17495|C:\windows\SYSTEM32\ntdll.dll+4f4d0|C:\windows\SYSTEM32\ntdll.dll+50358|C:\windows\System32\KERNEL32.DLL+17974|C:\windows\SYSTEM32\ntdll.dll+6a271",,,,,,,,Info,0,,,,,,,,,,,1020,,,,{5770385F-C22A-43E0-BF4C-06F5698FFBD9},,,,238974,,,,,,,-,,INFO,2,,,,,,,,,C:\windows\system32\svchost.exe,,,eventlog,im_msvistalog,Microsoft-Windows-Sysmon,,,{ef3dcf22-42ab-5f5f-1000-000000000300},1020,4256,,,,,,,,,C:\windows\System32\svchost.exe,,,,,,{ef3dcf22-42ae-5f5f-2700-000000000300},1744,,,10,,,,4104,,,,,S-1-5-18,2022-04-15 12:06:28,3,,,"{""EventID"":10,""RecordNumber"":238974,""ProviderGuid"":""{5770385F-C22A-43E0-BF4C-06F5698FFBD9}"",""SourceName"":""Microsoft-Windows-Sysmon"",""OpcodeValue"":0,""AccountName"":""SYSTEM"",""SourceImage"":""C:\\windows\\system32\\svchost.exe"",""SourceModuleName"":""eventlog"",""ExecutionProcessID"":3652,""AccountType"":""User"",""Category"":""Process accessed (rule: ProcessAccess)"",""SourceProcessId"":""1020"",""Domain"":""NT AUTHORITY"",""port"":60427,""ThreadID"":4104,""Severity"":""INFO"",""EventType"":""INFO"",""Channel"":""Microsoft-Windows-Sysmon/Operational"",""Opcode"":""Info"",""EventReceivedTime"":""2022-04-15 08:06:28"",""Task"":10,""RuleName"":""-"",""Keywords"":-9223372036854775808,""Version"":3,""ProcessId"":""1020"",""tags"":[""splunk""],""GrantedAccess"":""0x1000"",""SourceProcessGUID"":""{ef3dcf22-42ab-5f5f-1000-000000000300}"",""EventTime"":""2022-04-15 08:06:27"",""host"":""cybertees.net"",""SeverityValue"":2,""CallTrace"":""C:\\windows\\SYSTEM32\\ntdll.dll+9fc24|C:\\windows\\System32\\KERNELBASE.dll+6c2d5|c:\\windows\\system32\\lsm.dll+e625|C:\\windows\\System32\\RPCRT4.dll+77883|C:\\windows\\System32\\RPCRT4.dll+db4a6|C:\\windows\\System32\\RPCRT4.dll+10d50|C:\\windows\\System32\\RPCRT4.dll+54a78|C:\\windows\\System32\\RPCRT4.dll+304f0|C:\\windows\\System32\\RPCRT4.dll+2fe9b|C:\\windows\\System32\\RPCRT4.dll+2222f|C:\\windows\\System32\\RPCRT4.dll+2168a|C:\\windows\\System32\\RPCRT4.dll+20c51|C:\\windows\\System32\\RPCRT4.dll+206c2|C:\\windows\\System32\\RPCRT4.dll+17495|C:\\windows\\SYSTEM32\\ntdll.dll+4f4d0|C:\\windows\\SYSTEM32\\ntdll.dll+50358|C:\\windows\\System32\\KERNEL32.DLL+17974|C:\\windows\\SYSTEM32\\ntdll.dll+6a271"",""Message"":""Process accessed:\r\nRuleName: -\r\nUtcTime: 2022-04-15 12:06:27.582\r\nSourceProcessGUID: {ef3dcf22-42ab-5f5f-1000-000000000300}\r\nSourceProcessId: 1020\r\nSourceThreadId: 4256\r\nSourceImage: C:\\windows\\system32\\svchost.exe\r\nTargetProcessGUID: {ef3dcf22-42ae-5f5f-2700-000000000300}\r\nTargetProcessId: 1744\r\nTargetImage: C:\\windows\\System32\\svchost.exe\r\nGrantedAccess: 0x1000\r\nCallTrace: C:\\windows\\SYSTEM32\\ntdll.dll+9fc24|C:\\windows\\System32\\KERNELBASE.dll+6c2d5|c:\\windows\\system32\\lsm.dll+e625|C:\\windows\\System32\\RPCRT4.dll+77883|C:\\windows\\System32\\RPCRT4.dll+db4a6|C:\\windows\\System32\\RPCRT4.dll+10d50|C:\\windows\\System32\\RPCRT4.dll+54a78|C:\\windows\\System32\\RPCRT4.dll+304f0|C:\\windows\\System32\\RPCRT4.dll+2fe9b|C:\\windows\\System32\\RPCRT4.dll+2222f|C:\\windows\\System32\\RPCRT4.dll+2168a|C:\\windows\\System32\\RPCRT4.dll+20c51|C:\\windows\\System32\\RPCRT4.dll+206c2|C:\\windows\\System32\\RPCRT4.dll+17495|C:\\windows\\SYSTEM32\\ntdll.dll+4f4d0|C:\\windows\\SYSTEM32\\ntdll.dll+50358|C:\\windows\\System32\\KERNEL32.DLL+17974|C:\\windows\\SYSTEM32\\ntdll.dll+6a271"",""UtcTime"":""2022-04-15 12:06:27.582"",""UserID"":""S-1-5-18"",""timestamp"":""2022-04-15T12:06:28.686Z"",""TargetProcessId"":""1744"",""SourceThreadId"":""4256"",""@version"":""1"",""TargetProcessGUID"":""{ef3dcf22-42ae-5f5f-2700-000000000300}"",""SourceModuleType"":""im_msvistalog"",""TargetImage"":""C:\\windows\\System32\\svchost.exe"",""Hostname"":""Salena.Adam""}",2022-04-15T08:06:22.000+0000,8,15,6,april,22,friday,2022,local,,INFO,cybertees.net,cyber-host,windowslogs,1,60427,"{"""":,"""":,"""":""{----}"","""":""--"","""":,"""":"""","""":"":\\\\\\",Event_logs.json,_json,ip-10-10-40-195,,splunk,,2022-04-15T12:06:28.686Z,
1,,,,SYSTEM,User,,,,,,Network connection detected (rule: NetworkConnect),Microsoft-Windows-Sysmon/Operational,,,,,,,,,-,172.90.12.11,FALSE,53101,-,,,,,NT AUTHORITY,,,,,3,,2022-04-15 8:06:28,2022-04-15 8:06:26,,3652,,,,,,,Salena.Adam,C:\Windows\System32\dns.exe,,,FALSE,,,,,,-9223372036854775808,,,,,,,,,"Network connection detected:
RuleName: -
UtcTime: 2022-04-15 12:06:25.149
ProcessGuid: {ef3dcf22-42bc-5f5f-4c00-000000000300}
ProcessId: 3360
Image: C:\Windows\System32\dns.exe
User: NT AUTHORITY\SYSTEM
Protocol: udp
Initiated: false
SourceIsIpv6: false
SourceIp: 172.18.38.5
SourceHostname: -
SourcePort: 53
SourcePortName: -
DestinationIsIpv6: false
DestinationIp: 172.90.12.11
DestinationHostname: -
DestinationPort: 53101
DestinationPortName: -",,,,,,,,Info,0,,,,,,,,,,{ef3dcf22-42bc-5f5f-4c00-000000000300},3360,,,udp,{5770385F-C22A-43E0-BF4C-06F5698FFBD9},,,,238973,,,,,,,-,,INFO,2,,,,,,,,-,,172.18.38.5,FALSE,eventlog,im_msvistalog,Microsoft-Windows-Sysmon,53,-,,,,,,,,,,,,,,,,,,,,,,3,,,,4112,,,,NT AUTHORITY\SYSTEM,S-1-5-18,2022-04-15 12:06:25,5,,,"{""ProcessGuid"":""{ef3dcf22-42bc-5f5f-4c00-000000000300}"",""EventID"":3,""RecordNumber"":238973,""ProviderGuid"":""{5770385F-C22A-43E0-BF4C-06F5698FFBD9}"",""SourceName"":""Microsoft-Windows-Sysmon"",""OpcodeValue"":0,""AccountName"":""SYSTEM"",""Initiated"":""false"",""SourceIp"":""172.18.38.5"",""DestinationHostname"":""-"",""ExecutionProcessID"":3652,""AccountType"":""User"",""Category"":""Network connection detected (rule: NetworkConnect)"",""SourceModuleName"":""eventlog"",""Domain"":""NT AUTHORITY"",""User"":""NT AUTHORITY\\SYSTEM"",""port"":60427,""SourceIsIpv6"":""false"",""Protocol"":""udp"",""DestinationPort"":""53101"",""ThreadID"":4112,""Severity"":""INFO"",""DestinationIsIpv6"":""false"",""EventType"":""INFO"",""Channel"":""Microsoft-Windows-Sysmon/Operational"",""DestinationPortName"":""-"",""Opcode"":""Info"",""EventReceivedTime"":""2022-04-15 08:06:28"",""Task"":3,""RuleName"":""-"",""SourceHostname"":""-"",""Keywords"":-9223372036854775808,""Version"":5,""ProcessId"":""3360"",""Image"":""C:\\Windows\\System32\\dns.exe"",""tags"":[""splunk""],""EventTime"":""2022-04-15 08:06:26"",""host"":""cybertees.net"",""SeverityValue"":2,""Message"":""Network connection detected:\r\nRuleName: -\r\nUtcTime: 2022-04-15 12:06:25.149\r\nProcessGuid: {ef3dcf22-42bc-5f5f-4c00-000000000300}\r\nProcessId: 3360\r\nImage: C:\\Windows\\System32\\dns.exe\r\nUser: NT AUTHORITY\\SYSTEM\r\nProtocol: udp\r\nInitiated: false\r\nSourceIsIpv6: false\r\nSourceIp: 172.18.38.5\r\nSourceHostname: -\r\nSourcePort: 53\r\nSourcePortName: -\r\nDestinationIsIpv6: false\r\nDestinationIp: 172.90.12.11\r\nDestinationHostname: -\r\nDestinationPort: 53101\r\nDestinationPortName: -"",""UtcTime"":""2022-04-15 12:06:25.149"",""UserID"":""S-1-5-18"",""timestamp"":""2022-04-15T12:06:28.686Z"",""@version"":""1"",""SourceModuleType"":""im_msvistalog"",""SourcePortName"":""-"",""Hostname"":""Salena.Adam"",""DestinationIp"":""172.90.12.11"",""SourcePort"":""53""}",2022-04-15T08:06:22.000+0000,8,15,6,april,22,friday,2022,local,,INFO,cybertees.net,cyber-host,windowslogs,1,60427,"{"""":""{----}"","""":,"""":,"""":""{----}"","""":""--"","""":,"""":""""",Event_logs.json,_json,ip-10-10-40-195,,splunk,,2022-04-15T12:06:28.686Z,
1,,,,SYSTEM,User,,,,,,Registry value set (rule: RegistryEvent),Microsoft-Windows-Sysmon/Operational,,,,,,,,,,,,,,Binary Data,,,,NT AUTHORITY,,,,,13,,2022-04-15 8:06:28,2022-04-15 8:06:25,INFO,3524,,,,,,,James.browne,C:\windows\system32\svchost.exe,,,,,,,,,-9223372036854775808,,,,,,,,,"Registry value set:
RuleName: -
EventType: SetValue
UtcTime: 2022-04-15 12:06:25.800
ProcessGuid: {2d351099-43cd-5f5f-0e00-000000000400}
ProcessId: 876
Image: C:\windows\system32\svchost.exe
TargetObject: \REGISTRY\A\{880a2083-1f4b-4b97-aa60-39a324efa5ef}\Events\{44acbf61-69db-4030-82a1-caf9193619a1}\UserSid
Details: Binary Data",,,,,,,,Info,0,,,,,,,,,,{2d351099-43cd-5f5f-0e00-000000000400},876,,,,{5770385F-C22A-43E0-BF4C-06F5698FFBD9},,,,425879,,,,,,,-,,INFO,2,,,,,,,,,,,,eventlog,im_msvistalog,Microsoft-Windows-Sysmon,,,,,,,,,,,,,,,,,\REGISTRY\A\{880a2083-1f4b-4b97-aa60-39a324efa5ef}\Events\{44acbf61-69db-4030-82a1-caf9193619a1}\UserSid,,,,,,,13,,,,4688,,,,,S-1-5-18,2022-04-15 12:06:26,2,,,"{""Image"":""C:\\windows\\system32\\svchost.exe"",""ProcessId"":""876"",""EventID"":13,""tags"":[""splunk""],""RecordNumber"":425879,""ProviderGuid"":""{5770385F-C22A-43E0-BF4C-06F5698FFBD9}"",""SourceName"":""Microsoft-Windows-Sysmon"",""OpcodeValue"":0,""EventTime"":""2022-04-15 08:06:25"",""AccountName"":""SYSTEM"",""host"":""cybertees.net"",""SeverityValue"":2,""ExecutionProcessID"":3524,""AccountType"":""User"",""Category"":""Registry value set (rule: RegistryEvent)"",""SourceModuleName"":""eventlog"",""Domain"":""NT AUTHORITY"",""Message"":""Registry value set:\r\nRuleName: -\r\nEventType: SetValue\r\nUtcTime: 2022-04-15 12:06:25.800\r\nProcessGuid: {2d351099-43cd-5f5f-0e00-000000000400}\r\nProcessId: 876\r\nImage: C:\\windows\\system32\\svchost.exe\r\nTargetObject: \\REGISTRY\\A\\{880a2083-1f4b-4b97-aa60-39a324efa5ef}\\Events\\{44acbf61-69db-4030-82a1-caf9193619a1}\\UserSid\r\nDetails: Binary Data"",""port"":60427,""UserID"":""S-1-5-18"",""UtcTime"":""2022-04-15 12:06:25.800"",""timestamp"":""2022-04-15T12:06:28.685Z"",""ThreadID"":4688,""Severity"":""INFO"",""EventTypeOrignal"":""INFO"",""EventType"":""SetValue"",""Channel"":""Microsoft-Windows-Sysmon/Operational"",""TargetObject"":""\\REGISTRY\\A\\{880a2083-1f4b-4b97-aa60-39a324efa5ef}\\Events\\{44acbf61-69db-4030-82a1-caf9193619a1}\\UserSid"",""Details"":""Binary Data"",""Opcode"":""Info"",""EventReceivedTime"":""2022-04-15 08:06:28"",""@version"":""1"",""Task"":13,""SourceModuleType"":""im_msvistalog"",""RuleName"":""-"",""Hostname"":""James.browne"",""Keywords"":-9223372036854775808,""Version"":2,""ProcessGuid"":""{2d351099-43cd-5f5f-0e00-000000000400}""}",2022-04-15T08:06:22.000+0000,8,15,6,april,22,friday,2022,local,,SetValue,cybertees.net,cyber-host,windowslogs,1,60427,"{"""":"":\\\\\\."","""":"""","""":,"""":[""""],"""":,"""":""{----}"",""",Event_logs.json,_json,ip-10-10-40-195,,splunk,,2022-04-15T12:06:28.685Z,
1,,,,SYSTEM,User,,,,,,Registry value set (rule: RegistryEvent),Microsoft-Windows-Sysmon/Operational,,,,,,,,,,,,,,Microsoft.Windows.ContentDeliveryManager_10.0.18362.449_neutral_neutral_cw5n1h2txyewy,,,,NT AUTHORITY,,,,,13,,2022-04-15 8:06:28,2022-04-15 8:06:25,INFO,3524,,,,,,,James.browne,C:\windows\system32\svchost.exe,,,,,,,,,-9223372036854775808,,,,,,,,,"Registry value set:
RuleName: -
EventType: SetValue
UtcTime: 2022-04-15 12:06:25.800
ProcessGuid: {2d351099-43cd-5f5f-0e00-000000000400}
ProcessId: 876
Image: C:\windows\system32\svchost.exe
TargetObject: \REGISTRY\A\{880a2083-1f4b-4b97-aa60-39a324efa5ef}\Events\{44acbf61-69db-4030-82a1-caf9193619a1}\PackageFullName
Details: Microsoft.Windows.ContentDeliveryManager_10.0.18362.449_neutral_neutral_cw5n1h2txyewy",,,,,,,,Info,0,,,,,,,,,,{2d351099-43cd-5f5f-0e00-000000000400},876,,,,{5770385F-C22A-43E0-BF4C-06F5698FFBD9},,,,425878,,,,,,,-,,INFO,2,,,,,,,,,,,,eventlog,im_msvistalog,Microsoft-Windows-Sysmon,,,,,,,,,,,,,,,,,\REGISTRY\A\{880a2083-1f4b-4b97-aa60-39a324efa5ef}\Events\{44acbf61-69db-4030-82a1-caf9193619a1}\PackageFullName,,,,,,,13,,,,4688,,,,,S-1-5-18,2022-04-15 12:06:26,2,,,"{""Image"":""C:\\windows\\system32\\svchost.exe"",""ProcessId"":""876"",""EventID"":13,""tags"":[""splunk""],""RecordNumber"":425878,""ProviderGuid"":""{5770385F-C22A-43E0-BF4C-06F5698FFBD9}"",""SourceName"":""Microsoft-Windows-Sysmon"",""OpcodeValue"":0,""EventTime"":""2022-04-15 08:06:25"",""AccountName"":""SYSTEM"",""host"":""cybertees.net"",""SeverityValue"":2,""ExecutionProcessID"":3524,""AccountType"":""User"",""Category"":""Registry value set (rule: RegistryEvent)"",""SourceModuleName"":""eventlog"",""Domain"":""NT AUTHORITY"",""Message"":""Registry value set:\r\nRuleName: -\r\nEventType: SetValue\r\nUtcTime: 2022-04-15 12:06:25.800\r\nProcessGuid: {2d351099-43cd-5f5f-0e00-000000000400}\r\nProcessId: 876\r\nImage: C:\\windows\\system32\\svchost.exe\r\nTargetObject: \\REGISTRY\\A\\{880a2083-1f4b-4b97-aa60-39a324efa5ef}\\Events\\{44acbf61-69db-4030-82a1-caf9193619a1}\\PackageFullName\r\nDetails: Microsoft.Windows.ContentDeliveryManager_10.0.18362.449_neutral_neutral_cw5n1h2txyewy"",""port"":60427,""UserID"":""S-1-5-18"",""UtcTime"":""2022-04-15 12:06:25.800"",""timestamp"":""2022-04-15T12:06:28.685Z"",""ThreadID"":4688,""Severity"":""INFO"",""EventTypeOrignal"":""INFO"",""EventType"":""SetValue"",""Channel"":""Microsoft-Windows-Sysmon/Operational"",""TargetObject"":""\\REGISTRY\\A\\{880a2083-1f4b-4b97-aa60-39a324efa5ef}\\Events\\{44acbf61-69db-4030-82a1-caf9193619a1}\\PackageFullName"",""Details"":""Microsoft.Windows.ContentDeliveryManager_10.0.18362.449_neutral_neutral_cw5n1h2txyewy"",""Opcode"":""Info"",""EventReceivedTime"":""2022-04-15 08:06:28"",""@version"":""1"",""Task"":13,""SourceModuleType"":""im_msvistalog"",""RuleName"":""-"",""Hostname"":""James.browne"",""Keywords"":-9223372036854775808,""Version"":2,""ProcessGuid"":""{2d351099-43cd-5f5f-0e00-000000000400}""}",2022-04-15T08:06:22.000+0000,8,15,6,april,22,friday,2022,local,,SetValue,cybertees.net,cyber-host,windowslogs,1,60427,"{"""":"":\\\\\\."","""":"""","""":,"""":[""""],"""":,"""":""{----}"",""",Event_logs.json,_json,ip-10-10-40-195,,splunk,,2022-04-15T12:06:28.685Z,
1,,,,SYSTEM,User,,,,,,Registry value set (rule: RegistryEvent),Microsoft-Windows-Sysmon/Operational,,,,,,,,,,,,,,DWORD (0x00004448),,,,NT AUTHORITY,,,,,13,,2022-04-15 8:06:28,2022-04-15 8:06:25,INFO,3524,,,,,,,James.browne,C:\windows\system32\svchost.exe,,,,,,,,,-9223372036854775808,,,,,,,,,"Registry value set:
RuleName: -
EventType: SetValue
UtcTime: 2022-04-15 12:06:25.800
ProcessGuid: {2d351099-43cd-5f5f-0e00-000000000400}
ProcessId: 876
Image: C:\windows\system32\svchost.exe
TargetObject: \REGISTRY\A\{880a2083-1f4b-4b97-aa60-39a324efa5ef}\Events\{44acbf61-69db-4030-82a1-caf9193619a1}\Flags
Details: DWORD (0x00004448)",,,,,,,,Info,0,,,,,,,,,,{2d351099-43cd-5f5f-0e00-000000000400},876,,,,{5770385F-C22A-43E0-BF4C-06F5698FFBD9},,,,425877,,,,,,,-,,INFO,2,,,,,,,,,,,,eventlog,im_msvistalog,Microsoft-Windows-Sysmon,,,,,,,,,,,,,,,,,\REGISTRY\A\{880a2083-1f4b-4b97-aa60-39a324efa5ef}\Events\{44acbf61-69db-4030-82a1-caf9193619a1}\Flags,,,,,,,13,,,,4688,,,,,S-1-5-18,2022-04-15 12:06:26,2,,,"{""Image"":""C:\\windows\\system32\\svchost.exe"",""ProcessId"":""876"",""EventID"":13,""tags"":[""splunk""],""RecordNumber"":425877,""ProviderGuid"":""{5770385F-C22A-43E0-BF4C-06F5698FFBD9}"",""SourceName"":""Microsoft-Windows-Sysmon"",""OpcodeValue"":0,""EventTime"":""2022-04-15 08:06:25"",""AccountName"":""SYSTEM"",""host"":""cybertees.net"",""SeverityValue"":2,""ExecutionProcessID"":3524,""AccountType"":""User"",""Category"":""Registry value set (rule: RegistryEvent)"",""SourceModuleName"":""eventlog"",""Domain"":""NT AUTHORITY"",""Message"":""Registry value set:\r\nRuleName: -\r\nEventType: SetValue\r\nUtcTime: 2022-04-15 12:06:25.800\r\nProcessGuid: {2d351099-43cd-5f5f-0e00-000000000400}\r\nProcessId: 876\r\nImage: C:\\windows\\system32\\svchost.exe\r\nTargetObject: \\REGISTRY\\A\\{880a2083-1f4b-4b97-aa60-39a324efa5ef}\\Events\\{44acbf61-69db-4030-82a1-caf9193619a1}\\Flags\r\nDetails: DWORD (0x00004448)"",""port"":60427,""UserID"":""S-1-5-18"",""UtcTime"":""2022-04-15 12:06:25.800"",""timestamp"":""2022-04-15T12:06:28.684Z"",""ThreadID"":4688,""Severity"":""INFO"",""EventTypeOrignal"":""INFO"",""EventType"":""SetValue"",""Channel"":""Microsoft-Windows-Sysmon/Operational"",""TargetObject"":""\\REGISTRY\\A\\{880a2083-1f4b-4b97-aa60-39a324efa5ef}\\Events\\{44acbf61-69db-4030-82a1-caf9193619a1}\\Flags"",""Details"":""DWORD (0x00004448)"",""Opcode"":""Info"",""EventReceivedTime"":""2022-04-15 08:06:28"",""@version"":""1"",""Task"":13,""SourceModuleType"":""im_msvistalog"",""RuleName"":""-"",""Hostname"":""James.browne"",""Keywords"":-9223372036854775808,""Version"":2,""ProcessGuid"":""{2d351099-43cd-5f5f-0e00-000000000400}""}",2022-04-15T08:06:22.000+0000,8,15,6,april,22,friday,2022,local,,SetValue,cybertees.net,cyber-host,windowslogs,1,60427,"{"""":"":\\\\\\."","""":"""","""":,"""":[""""],"""":,"""":""{----}"",""",Event_logs.json,_json,ip-10-10-40-195,,splunk,,2022-04-15T12:06:28.684Z,
1,,,,SYSTEM,User,,,,,,Registry value set (rule: RegistryEvent),Microsoft-Windows-Sysmon/Operational,,,,,,,,,,,,,,Binary Data,,,,NT AUTHORITY,,,,,13,,2022-04-15 8:06:28,2022-04-15 8:06:25,INFO,3524,,,,,,,James.browne,C:\windows\system32\svchost.exe,,,,,,,,,-9223372036854775808,,,,,,,,,"Registry value set:
RuleName: -
EventType: SetValue
UtcTime: 2022-04-15 12:06:25.800
ProcessGuid: {2d351099-43cd-5f5f-0e00-000000000400}
ProcessId: 876
Image: C:\windows\system32\svchost.exe
TargetObject: \REGISTRY\A\{880a2083-1f4b-4b97-aa60-39a324efa5ef}\Events\{44acbf61-69db-4030-82a1-caf9193619a1}\EventParameters
Details: Binary Data",,,,,,,,Info,0,,,,,,,,,,{2d351099-43cd-5f5f-0e00-000000000400},876,,,,{5770385F-C22A-43E0-BF4C-06F5698FFBD9},,,,425876,,,,,,,-,,INFO,2,,,,,,,,,,,,eventlog,im_msvistalog,Microsoft-Windows-Sysmon,,,,,,,,,,,,,,,,,\REGISTRY\A\{880a2083-1f4b-4b97-aa60-39a324efa5ef}\Events\{44acbf61-69db-4030-82a1-caf9193619a1}\EventParameters,,,,,,,13,,,,4688,,,,,S-1-5-18,2022-04-15 12:06:26,2,,,"{""Image"":""C:\\windows\\system32\\svchost.exe"",""ProcessId"":""876"",""EventID"":13,""tags"":[""splunk""],""RecordNumber"":425876,""ProviderGuid"":""{5770385F-C22A-43E0-BF4C-06F5698FFBD9}"",""SourceName"":""Microsoft-Windows-Sysmon"",""OpcodeValue"":0,""EventTime"":""2022-04-15 08:06:25"",""AccountName"":""SYSTEM"",""host"":""cybertees.net"",""SeverityValue"":2,""ExecutionProcessID"":3524,""AccountType"":""User"",""Category"":""Registry value set (rule: RegistryEvent)"",""SourceModuleName"":""eventlog"",""Domain"":""NT AUTHORITY"",""Message"":""Registry value set:\r\nRuleName: -\r\nEventType: SetValue\r\nUtcTime: 2022-04-15 12:06:25.800\r\nProcessGuid: {2d351099-43cd-5f5f-0e00-000000000400}\r\nProcessId: 876\r\nImage: C:\\windows\\system32\\svchost.exe\r\nTargetObject: \\REGISTRY\\A\\{880a2083-1f4b-4b97-aa60-39a324efa5ef}\\Events\\{44acbf61-69db-4030-82a1-caf9193619a1}\\EventParameters\r\nDetails: Binary Data"",""port"":60427,""UserID"":""S-1-5-18"",""UtcTime"":""2022-04-15 12:06:25.800"",""timestamp"":""2022-04-15T12:06:28.683Z"",""ThreadID"":4688,""Severity"":""INFO"",""EventTypeOrignal"":""INFO"",""EventType"":""SetValue"",""Channel"":""Microsoft-Windows-Sysmon/Operational"",""TargetObject"":""\\REGISTRY\\A\\{880a2083-1f4b-4b97-aa60-39a324efa5ef}\\Events\\{44acbf61-69db-4030-82a1-caf9193619a1}\\EventParameters"",""Details"":""Binary Data"",""Opcode"":""Info"",""EventReceivedTime"":""2022-04-15 08:06:28"",""@version"":""1"",""Task"":13,""SourceModuleType"":""im_msvistalog"",""RuleName"":""-"",""Hostname"":""James.browne"",""Keywords"":-9223372036854775808,""Version"":2,""ProcessGuid"":""{2d351099-43cd-5f5f-0e00-000000000400}""}",2022-04-15T08:06:22.000+0000,8,15,6,april,22,friday,2022,local,,SetValue,cybertees.net,cyber-host,windowslogs,1,60427,"{"""":"":\\\\\\."","""":"""","""":,"""":[""""],"""":,"""":""{----}"",""",Event_logs.json,_json,ip-10-10-40-195,,splunk,,2022-04-15T12:06:28.683Z,
