1,,,,SYSTEM,User,,,,,,Image loaded (rule: ImageLoad),Microsoft-Windows-Sysmon/Operational,,Microsoft Corporation,,,,Microsoft WinRT Storage API,,,,,,,,,,,,NT AUTHORITY,,,,,7,,2022-04-15 8:06:25,2022-04-15 8:06:24,,3524,10.0.18362.1082 (WinBuild.160101.0800),,,,,"SHA1=DF7D0248848C0247FD5F65ABD9799FDA0380C77D,MD5=DDD102204FDCD3FC8DD0AA89CF6609A3,SHA256=49F37639155096444C1B780071B8D63320FD8F8DC1D7CEF7A9031830C4F90968,IMPHASH=BDB3E400A78EE2D42C647E85CD2D827B",James.browne,C:\Windows\System32\raserver.exe,C:\Windows\System32\windows.storage.dll,,,,,,,,-9223372036854775808,,,,,,,,,"Image loaded:
RuleName: -
UtcTime: 2022-04-15 12:06:24.471
ProcessGuid: {2d351099-5cc0-5f5f-3a04-000000000400}
ProcessId: 7212
Image: C:\Windows\System32\raserver.exe
ImageLoaded: C:\Windows\System32\windows.storage.dll
FileVersion: 10.0.18362.1082 (WinBuild.160101.0800)
Description: Microsoft WinRT Storage API
Product: Microsoft Windows Operating System
Company: Microsoft Corporation
OriginalFileName: Windows.Storage.dll
Hashes: SHA1=DF7D0248848C0247FD5F65ABD9799FDA0380C77D,MD5=DDD102204FDCD3FC8DD0AA89CF6609A3,SHA256=49F37639155096444C1B780071B8D63320FD8F8DC1D7CEF7A9031830C4F90968,IMPHASH=BDB3E400A78EE2D42C647E85CD2D827B
Signed: true
Signature: Microsoft Windows
SignatureStatus: Valid",,,,,,,,Info,0,Windows.Storage.dll,,,,,,,,,{2d351099-5cc0-5f5f-3a04-000000000400},7212,,Microsoft Windows Operating System,,{5770385F-C22A-43E0-BF4C-06F5698FFBD9},,,,424965,,,,,,,-,,INFO,2,,,Microsoft Windows,Valid,TRUE,,,,,,,eventlog,im_msvistalog,Microsoft-Windows-Sysmon,,,,,,,,,,,,,,,,,,,,,,,,7,,,,4688,,,,,S-1-5-18,2022-04-15 12:06:24,3,,,"{""EventID"":7,""RecordNumber"":424965,""ProviderGuid"":""{5770385F-C22A-43E0-BF4C-06F5698FFBD9}"",""SourceName"":""Microsoft-Windows-Sysmon"",""OpcodeValue"":0,""AccountName"":""SYSTEM"",""SignatureStatus"":""Valid"",""SourceModuleName"":""eventlog"",""ExecutionProcessID"":3524,""AccountType"":""User"",""Category"":""Image loaded (rule: ImageLoad)"",""Domain"":""NT AUTHORITY"",""port"":60427,""Company"":""Microsoft Corporation"",""ThreadID"":4688,""Severity"":""INFO"",""EventType"":""INFO"",""Signed"":""true"",""Channel"":""Microsoft-Windows-Sysmon/Operational"",""Opcode"":""Info"",""EventReceivedTime"":""2022-04-15 08:06:25"",""ImageLoaded"":""C:\\Windows\\System32\\windows.storage.dll"",""Task"":7,""RuleName"":""-"",""Keywords"":-9223372036854775808,""Version"":3,""ProcessId"":""7212"",""Image"":""C:\\Windows\\System32\\raserver.exe"",""Product"":""Microsoft Windows Operating System"",""tags"":[""splunk""],""EventTime"":""2022-04-15 08:06:24"",""host"":""cybertees.net"",""SeverityValue"":2,""Message"":""Image loaded:\r\nRuleName: -\r\nUtcTime: 2022-04-15 12:06:24.471\r\nProcessGuid: {2d351099-5cc0-5f5f-3a04-000000000400}\r\nProcessId: 7212\r\nImage: C:\\Windows\\System32\\raserver.exe\r\nImageLoaded: C:\\Windows\\System32\\windows.storage.dll\r\nFileVersion: 10.0.18362.1082 (WinBuild.160101.0800)\r\nDescription: Microsoft WinRT Storage API\r\nProduct: Microsoft Windows Operating System\r\nCompany: Microsoft Corporation\r\nOriginalFileName: Windows.Storage.dll\r\nHashes: SHA1=DF7D0248848C0247FD5F65ABD9799FDA0380C77D,MD5=DDD102204FDCD3FC8DD0AA89CF6609A3,SHA256=49F37639155096444C1B780071B8D63320FD8F8DC1D7CEF7A9031830C4F90968,IMPHASH=BDB3E400A78EE2D42C647E85CD2D827B\r\nSigned: true\r\nSignature: Microsoft Windows\r\nSignatureStatus: Valid"",""UtcTime"":""2022-04-15 12:06:24.471"",""UserID"":""S-1-5-18"",""FileVersion"":""10.0.18362.1082 (WinBuild.160101.0800)"",""Description"":""Microsoft WinRT Storage API"",""OriginalFileName"":""Windows.Storage.dll"",""timestamp"":""2022-04-15T12:06:25.096Z"",""Hashes"":""SHA1=DF7D0248848C0247FD5F65ABD9799FDA0380C77D,MD5=DDD102204FDCD3FC8DD0AA89CF6609A3,SHA256=49F37639155096444C1B780071B8D63320FD8F8DC1D7CEF7A9031830C4F90968,IMPHASH=BDB3E400A78EE2D42C647E85CD2D827B"",""Signature"":""Microsoft Windows"",""@version"":""1"",""SourceModuleType"":""im_msvistalog"",""Hostname"":""James.browne"",""ProcessGuid"":""{2d351099-5cc0-5f5f-3a04-000000000400}""}",2022-04-15T08:06:22.000+0000,8,15,6,april,22,friday,2022,local,,INFO,cybertees.net,cyber-host,windowslogs,1,60427,"{"""":,"""":,"""":""{----}"","""":""--"","""":,"""":"""","""":"""","""":""""",Event_logs.json,_json,ip-10-10-40-195,,splunk,,2022-04-15T12:06:25.096Z,
1,,,,SYSTEM,User,,,,,,Image loaded (rule: ImageLoad),Microsoft-Windows-Sysmon/Operational,,Microsoft Corporation,,,,Windows Remote Desktop Session Host Server SDK APIs,,,,,,,,,,,,NT AUTHORITY,,,,,7,,2022-04-15 8:06:25,2022-04-15 8:06:24,,3524,10.0.18362.1 (WinBuild.160101.0800),,,,,"SHA1=9DE9A9DA2684073AC22A4C87E0B3A70526D8A14E,MD5=19840E5A1F6EF9664C92D35B350AE9C6,SHA256=F538B498A0134043BECF98251A52B1BDE32A6748DE4FEFD6E0C3358D65E6F2AA,IMPHASH=1D3A55F1B05A4AA4D327269FDE13BA58",James.browne,C:\Windows\System32\raserver.exe,C:\Windows\System32\wtsapi32.dll,,,,,,,,-9223372036854775808,,,,,,,,,"Image loaded:
RuleName: -
UtcTime: 2022-04-15 12:06:24.471
ProcessGuid: {2d351099-5cc0-5f5f-3a04-000000000400}
ProcessId: 7212
Image: C:\Windows\System32\raserver.exe
ImageLoaded: C:\Windows\System32\wtsapi32.dll
FileVersion: 10.0.18362.1 (WinBuild.160101.0800)
Description: Windows Remote Desktop Session Host Server SDK APIs
Product: Microsoft Windows Operating System
Company: Microsoft Corporation
OriginalFileName: wtsapi32.dll
Hashes: SHA1=9DE9A9DA2684073AC22A4C87E0B3A70526D8A14E,MD5=19840E5A1F6EF9664C92D35B350AE9C6,SHA256=F538B498A0134043BECF98251A52B1BDE32A6748DE4FEFD6E0C3358D65E6F2AA,IMPHASH=1D3A55F1B05A4AA4D327269FDE13BA58
Signed: true
Signature: Microsoft Windows
SignatureStatus: Valid",,,,,,,,Info,0,wtsapi32.dll,,,,,,,,,{2d351099-5cc0-5f5f-3a04-000000000400},7212,,Microsoft Windows Operating System,,{5770385F-C22A-43E0-BF4C-06F5698FFBD9},,,,424964,,,,,,,-,,INFO,2,,,Microsoft Windows,Valid,TRUE,,,,,,,eventlog,im_msvistalog,Microsoft-Windows-Sysmon,,,,,,,,,,,,,,,,,,,,,,,,7,,,,4688,,,,,S-1-5-18,2022-04-15 12:06:24,3,,,"{""EventID"":7,""RecordNumber"":424964,""ProviderGuid"":""{5770385F-C22A-43E0-BF4C-06F5698FFBD9}"",""SourceName"":""Microsoft-Windows-Sysmon"",""OpcodeValue"":0,""AccountName"":""SYSTEM"",""SignatureStatus"":""Valid"",""SourceModuleName"":""eventlog"",""ExecutionProcessID"":3524,""AccountType"":""User"",""Category"":""Image loaded (rule: ImageLoad)"",""Domain"":""NT AUTHORITY"",""port"":60427,""Company"":""Microsoft Corporation"",""ThreadID"":4688,""Severity"":""INFO"",""EventType"":""INFO"",""Signed"":""true"",""Channel"":""Microsoft-Windows-Sysmon/Operational"",""Opcode"":""Info"",""EventReceivedTime"":""2022-04-15 08:06:25"",""ImageLoaded"":""C:\\Windows\\System32\\wtsapi32.dll"",""Task"":7,""RuleName"":""-"",""Keywords"":-9223372036854775808,""Version"":3,""ProcessId"":""7212"",""Image"":""C:\\Windows\\System32\\raserver.exe"",""Product"":""Microsoft Windows Operating System"",""tags"":[""splunk""],""EventTime"":""2022-04-15 08:06:24"",""host"":""cybertees.net"",""SeverityValue"":2,""Message"":""Image loaded:\r\nRuleName: -\r\nUtcTime: 2022-04-15 12:06:24.471\r\nProcessGuid: {2d351099-5cc0-5f5f-3a04-000000000400}\r\nProcessId: 7212\r\nImage: C:\\Windows\\System32\\raserver.exe\r\nImageLoaded: C:\\Windows\\System32\\wtsapi32.dll\r\nFileVersion: 10.0.18362.1 (WinBuild.160101.0800)\r\nDescription: Windows Remote Desktop Session Host Server SDK APIs\r\nProduct: Microsoft Windows Operating System\r\nCompany: Microsoft Corporation\r\nOriginalFileName: wtsapi32.dll\r\nHashes: SHA1=9DE9A9DA2684073AC22A4C87E0B3A70526D8A14E,MD5=19840E5A1F6EF9664C92D35B350AE9C6,SHA256=F538B498A0134043BECF98251A52B1BDE32A6748DE4FEFD6E0C3358D65E6F2AA,IMPHASH=1D3A55F1B05A4AA4D327269FDE13BA58\r\nSigned: true\r\nSignature: Microsoft Windows\r\nSignatureStatus: Valid"",""UtcTime"":""2022-04-15 12:06:24.471"",""UserID"":""S-1-5-18"",""FileVersion"":""10.0.18362.1 (WinBuild.160101.0800)"",""Description"":""Windows Remote Desktop Session Host Server SDK APIs"",""OriginalFileName"":""wtsapi32.dll"",""timestamp"":""2022-04-15T12:06:25.095Z"",""Hashes"":""SHA1=9DE9A9DA2684073AC22A4C87E0B3A70526D8A14E,MD5=19840E5A1F6EF9664C92D35B350AE9C6,SHA256=F538B498A0134043BECF98251A52B1BDE32A6748DE4FEFD6E0C3358D65E6F2AA,IMPHASH=1D3A55F1B05A4AA4D327269FDE13BA58"",""Signature"":""Microsoft Windows"",""@version"":""1"",""SourceModuleType"":""im_msvistalog"",""Hostname"":""James.browne"",""ProcessGuid"":""{2d351099-5cc0-5f5f-3a04-000000000400}""}",2022-04-15T08:06:22.000+0000,8,15,6,april,22,friday,2022,local,,INFO,cybertees.net,cyber-host,windowslogs,1,60427,"{"""":,"""":,"""":""{----}"","""":""--"","""":,"""":"""","""":"""","""":""""",Event_logs.json,_json,ip-10-10-40-195,,splunk,,2022-04-15T12:06:25.095Z,
1,,,,SYSTEM,User,,,,,,Image loaded (rule: ImageLoad),Microsoft-Windows-Sysmon/Operational,,Microsoft Corporation,,,,SHCORE,,,,,,,,,,,,NT AUTHORITY,,,,,7,,2022-04-15 8:06:25,2022-04-15 8:06:24,,3524,10.0.18362.959 (WinBuild.160101.0800),,,,,"SHA1=75C9F506592699E30D8ECA63F88C79E956324111,MD5=6ACBCCE095FDB475FC2B3D178E5D9208,SHA256=3F49AB1B04EE3D843E961A1B62CB695EE3FE940EE287819BBBABCC1C3A38F507,IMPHASH=0E48D88DA5B1AEFE29036ECDE5B34E8D",James.browne,C:\Windows\System32\raserver.exe,C:\Windows\System32\SHCore.dll,,,,,,,,-9223372036854775808,,,,,,,,,"Image loaded:
RuleName: -
UtcTime: 2022-04-15 12:06:24.471
ProcessGuid: {2d351099-5cc0-5f5f-3a04-000000000400}
ProcessId: 7212
Image: C:\Windows\System32\raserver.exe
ImageLoaded: C:\Windows\System32\SHCore.dll
FileVersion: 10.0.18362.959 (WinBuild.160101.0800)
Description: SHCORE
Product: Microsoft Windows Operating System
Company: Microsoft Corporation
OriginalFileName: SHCORE.dll
Hashes: SHA1=75C9F506592699E30D8ECA63F88C79E956324111,MD5=6ACBCCE095FDB475FC2B3D178E5D9208,SHA256=3F49AB1B04EE3D843E961A1B62CB695EE3FE940EE287819BBBABCC1C3A38F507,IMPHASH=0E48D88DA5B1AEFE29036ECDE5B34E8D
Signed: true
Signature: Microsoft Windows
SignatureStatus: Valid",,,,,,,,Info,0,SHCORE.dll,,,,,,,,,{2d351099-5cc0-5f5f-3a04-000000000400},7212,,Microsoft Windows Operating System,,{5770385F-C22A-43E0-BF4C-06F5698FFBD9},,,,424963,,,,,,,-,,INFO,2,,,Microsoft Windows,Valid,TRUE,,,,,,,eventlog,im_msvistalog,Microsoft-Windows-Sysmon,,,,,,,,,,,,,,,,,,,,,,,,7,,,,4688,,,,,S-1-5-18,2022-04-15 12:06:24,3,,,"{""EventID"":7,""RecordNumber"":424963,""ProviderGuid"":""{5770385F-C22A-43E0-BF4C-06F5698FFBD9}"",""SourceName"":""Microsoft-Windows-Sysmon"",""OpcodeValue"":0,""AccountName"":""SYSTEM"",""SignatureStatus"":""Valid"",""SourceModuleName"":""eventlog"",""ExecutionProcessID"":3524,""AccountType"":""User"",""Category"":""Image loaded (rule: ImageLoad)"",""Domain"":""NT AUTHORITY"",""port"":60427,""Company"":""Microsoft Corporation"",""ThreadID"":4688,""Severity"":""INFO"",""EventType"":""INFO"",""Signed"":""true"",""Channel"":""Microsoft-Windows-Sysmon/Operational"",""Opcode"":""Info"",""EventReceivedTime"":""2022-04-15 08:06:25"",""ImageLoaded"":""C:\\Windows\\System32\\SHCore.dll"",""Task"":7,""RuleName"":""-"",""Keywords"":-9223372036854775808,""Version"":3,""ProcessId"":""7212"",""Image"":""C:\\Windows\\System32\\raserver.exe"",""Product"":""Microsoft Windows Operating System"",""tags"":[""splunk""],""EventTime"":""2022-04-15 08:06:24"",""host"":""cybertees.net"",""SeverityValue"":2,""Message"":""Image loaded:\r\nRuleName: -\r\nUtcTime: 2022-04-15 12:06:24.471\r\nProcessGuid: {2d351099-5cc0-5f5f-3a04-000000000400}\r\nProcessId: 7212\r\nImage: C:\\Windows\\System32\\raserver.exe\r\nImageLoaded: C:\\Windows\\System32\\SHCore.dll\r\nFileVersion: 10.0.18362.959 (WinBuild.160101.0800)\r\nDescription: SHCORE\r\nProduct: Microsoft Windows Operating System\r\nCompany: Microsoft Corporation\r\nOriginalFileName: SHCORE.dll\r\nHashes: SHA1=75C9F506592699E30D8ECA63F88C79E956324111,MD5=6ACBCCE095FDB475FC2B3D178E5D9208,SHA256=3F49AB1B04EE3D843E961A1B62CB695EE3FE940EE287819BBBABCC1C3A38F507,IMPHASH=0E48D88DA5B1AEFE29036ECDE5B34E8D\r\nSigned: true\r\nSignature: Microsoft Windows\r\nSignatureStatus: Valid"",""UtcTime"":""2022-04-15 12:06:24.471"",""UserID"":""S-1-5-18"",""FileVersion"":""10.0.18362.959 (WinBuild.160101.0800)"",""Description"":""SHCORE"",""OriginalFileName"":""SHCORE.dll"",""timestamp"":""2022-04-15T12:06:25.095Z"",""Hashes"":""SHA1=75C9F506592699E30D8ECA63F88C79E956324111,MD5=6ACBCCE095FDB475FC2B3D178E5D9208,SHA256=3F49AB1B04EE3D843E961A1B62CB695EE3FE940EE287819BBBABCC1C3A38F507,IMPHASH=0E48D88DA5B1AEFE29036ECDE5B34E8D"",""Signature"":""Microsoft Windows"",""@version"":""1"",""SourceModuleType"":""im_msvistalog"",""Hostname"":""James.browne"",""ProcessGuid"":""{2d351099-5cc0-5f5f-3a04-000000000400}""}",2022-04-15T08:06:22.000+0000,8,15,6,april,22,friday,2022,local,,INFO,cybertees.net,cyber-host,windowslogs,1,60427,"{"""":,"""":,"""":""{----}"","""":""--"","""":,"""":"""","""":"""","""":""""",Event_logs.json,_json,ip-10-10-40-195,,splunk,,2022-04-15T12:06:25.095Z,
1,,,,SYSTEM,User,,,,,,Image loaded (rule: ImageLoad),Microsoft-Windows-Sysmon/Operational,,Microsoft Corporation,,,,Configuration Manager DLL,,,,,,,,,,,,NT AUTHORITY,,,,,7,,2022-04-15 8:06:25,2022-04-15 8:06:24,,3524,10.0.18362.387 (WinBuild.160101.0800),,,,,"SHA1=FA3A718BEED81C7084675E250ADC305677A6B5E4,MD5=3A99A40872AF3B87406CC57DBDF53748,SHA256=96A1DB38C74A81FBA4C4AB29020551364FD1ADA3B6FED789D193C787E757979D,IMPHASH=4B4464C7677B6F07342800F4CF0BA273",James.browne,C:\Windows\System32\raserver.exe,C:\Windows\System32\cfgmgr32.dll,,,,,,,,-9223372036854775808,,,,,,,,,"Image loaded:
RuleName: -
UtcTime: 2022-04-15 12:06:24.471
ProcessGuid: {2d351099-5cc0-5f5f-3a04-000000000400}
ProcessId: 7212
Image: C:\Windows\System32\raserver.exe
ImageLoaded: C:\Windows\System32\cfgmgr32.dll
FileVersion: 10.0.18362.387 (WinBuild.160101.0800)
Description: Configuration Manager DLL
Product: Microsoft Windows Operating System
Company: Microsoft Corporation
OriginalFileName: CFGMGR32.DLL
Hashes: SHA1=FA3A718BEED81C7084675E250ADC305677A6B5E4,MD5=3A99A40872AF3B87406CC57DBDF53748,SHA256=96A1DB38C74A81FBA4C4AB29020551364FD1ADA3B6FED789D193C787E757979D,IMPHASH=4B4464C7677B6F07342800F4CF0BA273
Signed: true
Signature: Microsoft Windows
SignatureStatus: Valid",,,,,,,,Info,0,CFGMGR32.DLL,,,,,,,,,{2d351099-5cc0-5f5f-3a04-000000000400},7212,,Microsoft Windows Operating System,,{5770385F-C22A-43E0-BF4C-06F5698FFBD9},,,,424962,,,,,,,-,,INFO,2,,,Microsoft Windows,Valid,TRUE,,,,,,,eventlog,im_msvistalog,Microsoft-Windows-Sysmon,,,,,,,,,,,,,,,,,,,,,,,,7,,,,4688,,,,,S-1-5-18,2022-04-15 12:06:24,3,,,"{""EventID"":7,""RecordNumber"":424962,""ProviderGuid"":""{5770385F-C22A-43E0-BF4C-06F5698FFBD9}"",""SourceName"":""Microsoft-Windows-Sysmon"",""OpcodeValue"":0,""AccountName"":""SYSTEM"",""SignatureStatus"":""Valid"",""SourceModuleName"":""eventlog"",""ExecutionProcessID"":3524,""AccountType"":""User"",""Category"":""Image loaded (rule: ImageLoad)"",""Domain"":""NT AUTHORITY"",""port"":60427,""Company"":""Microsoft Corporation"",""ThreadID"":4688,""Severity"":""INFO"",""EventType"":""INFO"",""Signed"":""true"",""Channel"":""Microsoft-Windows-Sysmon/Operational"",""Opcode"":""Info"",""EventReceivedTime"":""2022-04-15 08:06:25"",""ImageLoaded"":""C:\\Windows\\System32\\cfgmgr32.dll"",""Task"":7,""RuleName"":""-"",""Keywords"":-9223372036854775808,""Version"":3,""ProcessId"":""7212"",""Image"":""C:\\Windows\\System32\\raserver.exe"",""Product"":""Microsoft Windows Operating System"",""tags"":[""splunk""],""EventTime"":""2022-04-15 08:06:24"",""host"":""cybertees.net"",""SeverityValue"":2,""Message"":""Image loaded:\r\nRuleName: -\r\nUtcTime: 2022-04-15 12:06:24.471\r\nProcessGuid: {2d351099-5cc0-5f5f-3a04-000000000400}\r\nProcessId: 7212\r\nImage: C:\\Windows\\System32\\raserver.exe\r\nImageLoaded: C:\\Windows\\System32\\cfgmgr32.dll\r\nFileVersion: 10.0.18362.387 (WinBuild.160101.0800)\r\nDescription: Configuration Manager DLL\r\nProduct: Microsoft Windows Operating System\r\nCompany: Microsoft Corporation\r\nOriginalFileName: CFGMGR32.DLL\r\nHashes: SHA1=FA3A718BEED81C7084675E250ADC305677A6B5E4,MD5=3A99A40872AF3B87406CC57DBDF53748,SHA256=96A1DB38C74A81FBA4C4AB29020551364FD1ADA3B6FED789D193C787E757979D,IMPHASH=4B4464C7677B6F07342800F4CF0BA273\r\nSigned: true\r\nSignature: Microsoft Windows\r\nSignatureStatus: Valid"",""UtcTime"":""2022-04-15 12:06:24.471"",""UserID"":""S-1-5-18"",""FileVersion"":""10.0.18362.387 (WinBuild.160101.0800)"",""Description"":""Configuration Manager DLL"",""OriginalFileName"":""CFGMGR32.DLL"",""timestamp"":""2022-04-15T12:06:25.094Z"",""Hashes"":""SHA1=FA3A718BEED81C7084675E250ADC305677A6B5E4,MD5=3A99A40872AF3B87406CC57DBDF53748,SHA256=96A1DB38C74A81FBA4C4AB29020551364FD1ADA3B6FED789D193C787E757979D,IMPHASH=4B4464C7677B6F07342800F4CF0BA273"",""Signature"":""Microsoft Windows"",""@version"":""1"",""SourceModuleType"":""im_msvistalog"",""Hostname"":""James.browne"",""ProcessGuid"":""{2d351099-5cc0-5f5f-3a04-000000000400}""}",2022-04-15T08:06:22.000+0000,8,15,6,april,22,friday,2022,local,,INFO,cybertees.net,cyber-host,windowslogs,1,60427,"{"""":,"""":,"""":""{----}"","""":""--"","""":,"""":"""","""":"""","""":""""",Event_logs.json,_json,ip-10-10-40-195,,splunk,,2022-04-15T12:06:25.094Z,
1,,,,SYSTEM,User,,,,,,Image loaded (rule: ImageLoad),Microsoft-Windows-Sysmon/Operational,,Microsoft Corporation,,,,Windows Shell Common Dll,,,,,,,,,,,,NT AUTHORITY,,,,,7,,2022-04-15 8:06:25,2022-04-15 8:06:24,,3524,10.0.18362.1049 (WinBuild.160101.0800),,,,,"SHA1=EB21D4919DBF6310400D04D81C2752209E53BCC2,MD5=14500F0CBAA1E523A1B695E3BD582000,SHA256=2DB38191D0619097F21C046C4D826558494CA44F7CCA0E45CA1560AAE0E6B46D,IMPHASH=5DE31297232BD99BC22531D7CE95B80E",James.browne,C:\Windows\System32\raserver.exe,C:\Windows\System32\shell32.dll,,,,,,,,-9223372036854775808,,,,,,,,,"Image loaded:
RuleName: -
UtcTime: 2022-04-15 12:06:24.471
ProcessGuid: {2d351099-5cc0-5f5f-3a04-000000000400}
ProcessId: 7212
Image: C:\Windows\System32\raserver.exe
ImageLoaded: C:\Windows\System32\shell32.dll
FileVersion: 10.0.18362.1049 (WinBuild.160101.0800)
Description: Windows Shell Common Dll
Product: Microsoft Windows Operating System
Company: Microsoft Corporation
OriginalFileName: SHELL32.DLL
Hashes: SHA1=EB21D4919DBF6310400D04D81C2752209E53BCC2,MD5=14500F0CBAA1E523A1B695E3BD582000,SHA256=2DB38191D0619097F21C046C4D826558494CA44F7CCA0E45CA1560AAE0E6B46D,IMPHASH=5DE31297232BD99BC22531D7CE95B80E
Signed: true
Signature: Microsoft Windows
SignatureStatus: Valid",,,,,,,,Info,0,SHELL32.DLL,,,,,,,,,{2d351099-5cc0-5f5f-3a04-000000000400},7212,,Microsoft Windows Operating System,,{5770385F-C22A-43E0-BF4C-06F5698FFBD9},,,,424961,,,,,,,-,,INFO,2,,,Microsoft Windows,Valid,TRUE,,,,,,,eventlog,im_msvistalog,Microsoft-Windows-Sysmon,,,,,,,,,,,,,,,,,,,,,,,,7,,,,4688,,,,,S-1-5-18,2022-04-15 12:06:24,3,,,"{""EventID"":7,""RecordNumber"":424961,""ProviderGuid"":""{5770385F-C22A-43E0-BF4C-06F5698FFBD9}"",""SourceName"":""Microsoft-Windows-Sysmon"",""OpcodeValue"":0,""AccountName"":""SYSTEM"",""SignatureStatus"":""Valid"",""SourceModuleName"":""eventlog"",""ExecutionProcessID"":3524,""AccountType"":""User"",""Category"":""Image loaded (rule: ImageLoad)"",""Domain"":""NT AUTHORITY"",""port"":60427,""Company"":""Microsoft Corporation"",""ThreadID"":4688,""Severity"":""INFO"",""EventType"":""INFO"",""Signed"":""true"",""Channel"":""Microsoft-Windows-Sysmon/Operational"",""Opcode"":""Info"",""EventReceivedTime"":""2022-04-15 08:06:25"",""ImageLoaded"":""C:\\Windows\\System32\\shell32.dll"",""Task"":7,""RuleName"":""-"",""Keywords"":-9223372036854775808,""Version"":3,""ProcessId"":""7212"",""Image"":""C:\\Windows\\System32\\raserver.exe"",""Product"":""Microsoft Windows Operating System"",""tags"":[""splunk""],""EventTime"":""2022-04-15 08:06:24"",""host"":""cybertees.net"",""SeverityValue"":2,""Message"":""Image loaded:\r\nRuleName: -\r\nUtcTime: 2022-04-15 12:06:24.471\r\nProcessGuid: {2d351099-5cc0-5f5f-3a04-000000000400}\r\nProcessId: 7212\r\nImage: C:\\Windows\\System32\\raserver.exe\r\nImageLoaded: C:\\Windows\\System32\\shell32.dll\r\nFileVersion: 10.0.18362.1049 (WinBuild.160101.0800)\r\nDescription: Windows Shell Common Dll\r\nProduct: Microsoft Windows Operating System\r\nCompany: Microsoft Corporation\r\nOriginalFileName: SHELL32.DLL\r\nHashes: SHA1=EB21D4919DBF6310400D04D81C2752209E53BCC2,MD5=14500F0CBAA1E523A1B695E3BD582000,SHA256=2DB38191D0619097F21C046C4D826558494CA44F7CCA0E45CA1560AAE0E6B46D,IMPHASH=5DE31297232BD99BC22531D7CE95B80E\r\nSigned: true\r\nSignature: Microsoft Windows\r\nSignatureStatus: Valid"",""UtcTime"":""2022-04-15 12:06:24.471"",""UserID"":""S-1-5-18"",""FileVersion"":""10.0.18362.1049 (WinBuild.160101.0800)"",""Description"":""Windows Shell Common Dll"",""OriginalFileName"":""SHELL32.DLL"",""timestamp"":""2022-04-15T12:06:25.093Z"",""Hashes"":""SHA1=EB21D4919DBF6310400D04D81C2752209E53BCC2,MD5=14500F0CBAA1E523A1B695E3BD582000,SHA256=2DB38191D0619097F21C046C4D826558494CA44F7CCA0E45CA1560AAE0E6B46D,IMPHASH=5DE31297232BD99BC22531D7CE95B80E"",""Signature"":""Microsoft Windows"",""@version"":""1"",""SourceModuleType"":""im_msvistalog"",""Hostname"":""James.browne"",""ProcessGuid"":""{2d351099-5cc0-5f5f-3a04-000000000400}""}",2022-04-15T08:06:22.000+0000,8,15,6,april,22,friday,2022,local,,INFO,cybertees.net,cyber-host,windowslogs,1,60427,"{"""":,"""":,"""":""{----}"","""":""--"","""":,"""":"""","""":"""","""":""""",Event_logs.json,_json,ip-10-10-40-195,,splunk,,2022-04-15T12:06:25.093Z,
1,,,,SYSTEM,User,,,,,,Image loaded (rule: ImageLoad),Microsoft-Windows-Sysmon/Operational,,Microsoft Corporation,,,,OLEAUT32.DLL,,,,,,,,,,,,NT AUTHORITY,,,,,7,,2022-04-15 8:06:25,2022-04-15 8:06:24,,3524,10.0.18362.959 (WinBuild.160101.0800),,,,,"SHA1=EF5BE564B84A7DE92B12ACBCD69D5F580FABCD89,MD5=9EE967CF9B388C7FAAEC9F04700EB47B,SHA256=CF34BADD43D9E69CA9F01352C4D89C9FD9F4AB53832B1589215A8544462F346D,IMPHASH=F010E2DB51A2E86CCF6052A1ACC0854F",James.browne,C:\Windows\System32\raserver.exe,C:\Windows\System32\oleaut32.dll,,,,,,,,-9223372036854775808,,,,,,,,,"Image loaded:
RuleName: -
UtcTime: 2022-04-15 12:06:24.471
ProcessGuid: {2d351099-5cc0-5f5f-3a04-000000000400}
ProcessId: 7212
Image: C:\Windows\System32\raserver.exe
ImageLoaded: C:\Windows\System32\oleaut32.dll
FileVersion: 10.0.18362.959 (WinBuild.160101.0800)
Description: OLEAUT32.DLL
Product: Microsoft Windows Operating System
Company: Microsoft Corporation
OriginalFileName: OLEAUT32.DLL
Hashes: SHA1=EF5BE564B84A7DE92B12ACBCD69D5F580FABCD89,MD5=9EE967CF9B388C7FAAEC9F04700EB47B,SHA256=CF34BADD43D9E69CA9F01352C4D89C9FD9F4AB53832B1589215A8544462F346D,IMPHASH=F010E2DB51A2E86CCF6052A1ACC0854F
Signed: true
Signature: Microsoft Windows
SignatureStatus: Valid",,,,,,,,Info,0,OLEAUT32.DLL,,,,,,,,,{2d351099-5cc0-5f5f-3a04-000000000400},7212,,Microsoft Windows Operating System,,{5770385F-C22A-43E0-BF4C-06F5698FFBD9},,,,424960,,,,,,,-,,INFO,2,,,Microsoft Windows,Valid,TRUE,,,,,,,eventlog,im_msvistalog,Microsoft-Windows-Sysmon,,,,,,,,,,,,,,,,,,,,,,,,7,,,,4688,,,,,S-1-5-18,2022-04-15 12:06:24,3,,,"{""EventID"":7,""RecordNumber"":424960,""ProviderGuid"":""{5770385F-C22A-43E0-BF4C-06F5698FFBD9}"",""SourceName"":""Microsoft-Windows-Sysmon"",""OpcodeValue"":0,""AccountName"":""SYSTEM"",""SignatureStatus"":""Valid"",""SourceModuleName"":""eventlog"",""ExecutionProcessID"":3524,""AccountType"":""User"",""Category"":""Image loaded (rule: ImageLoad)"",""Domain"":""NT AUTHORITY"",""port"":60427,""Company"":""Microsoft Corporation"",""ThreadID"":4688,""Severity"":""INFO"",""EventType"":""INFO"",""Signed"":""true"",""Channel"":""Microsoft-Windows-Sysmon/Operational"",""Opcode"":""Info"",""EventReceivedTime"":""2022-04-15 08:06:25"",""ImageLoaded"":""C:\\Windows\\System32\\oleaut32.dll"",""Task"":7,""RuleName"":""-"",""Keywords"":-9223372036854775808,""Version"":3,""ProcessId"":""7212"",""Image"":""C:\\Windows\\System32\\raserver.exe"",""Product"":""Microsoft Windows Operating System"",""tags"":[""splunk""],""EventTime"":""2022-04-15 08:06:24"",""host"":""cybertees.net"",""SeverityValue"":2,""Message"":""Image loaded:\r\nRuleName: -\r\nUtcTime: 2022-04-15 12:06:24.471\r\nProcessGuid: {2d351099-5cc0-5f5f-3a04-000000000400}\r\nProcessId: 7212\r\nImage: C:\\Windows\\System32\\raserver.exe\r\nImageLoaded: C:\\Windows\\System32\\oleaut32.dll\r\nFileVersion: 10.0.18362.959 (WinBuild.160101.0800)\r\nDescription: OLEAUT32.DLL\r\nProduct: Microsoft Windows Operating System\r\nCompany: Microsoft Corporation\r\nOriginalFileName: OLEAUT32.DLL\r\nHashes: SHA1=EF5BE564B84A7DE92B12ACBCD69D5F580FABCD89,MD5=9EE967CF9B388C7FAAEC9F04700EB47B,SHA256=CF34BADD43D9E69CA9F01352C4D89C9FD9F4AB53832B1589215A8544462F346D,IMPHASH=F010E2DB51A2E86CCF6052A1ACC0854F\r\nSigned: true\r\nSignature: Microsoft Windows\r\nSignatureStatus: Valid"",""UtcTime"":""2022-04-15 12:06:24.471"",""UserID"":""S-1-5-18"",""FileVersion"":""10.0.18362.959 (WinBuild.160101.0800)"",""Description"":""OLEAUT32.DLL"",""OriginalFileName"":""OLEAUT32.DLL"",""timestamp"":""2022-04-15T12:06:25.093Z"",""Hashes"":""SHA1=EF5BE564B84A7DE92B12ACBCD69D5F580FABCD89,MD5=9EE967CF9B388C7FAAEC9F04700EB47B,SHA256=CF34BADD43D9E69CA9F01352C4D89C9FD9F4AB53832B1589215A8544462F346D,IMPHASH=F010E2DB51A2E86CCF6052A1ACC0854F"",""Signature"":""Microsoft Windows"",""@version"":""1"",""SourceModuleType"":""im_msvistalog"",""Hostname"":""James.browne"",""ProcessGuid"":""{2d351099-5cc0-5f5f-3a04-000000000400}""}",2022-04-15T08:06:22.000+0000,8,15,6,april,22,friday,2022,local,,INFO,cybertees.net,cyber-host,windowslogs,1,60427,"{"""":,"""":,"""":""{----}"","""":""--"","""":,"""":"""","""":"""","""":""""",Event_logs.json,_json,ip-10-10-40-195,,splunk,,2022-04-15T12:06:25.093Z,
1,,,,SYSTEM,User,,,,,,Image loaded (rule: ImageLoad),Microsoft-Windows-Sysmon/Operational,,Microsoft Corporation,,,,Windows Cryptographic Primitives Library,,,,,,,,,,,,NT AUTHORITY,,,,,7,,2022-04-15 8:06:25,2022-04-15 8:06:24,,3524,10.0.18362.836 (WinBuild.160101.0800),,,,,"SHA1=B4222C8DC3274CFC3FE54F322D827B2F01FFF036,MD5=EF2BBEAFF07D32A2EC77FB4602FA9664,SHA256=6B47F3E88CDEDF8F31F91940E38A4544818C79D153323262F9F46B21F41D262C,IMPHASH=402DA460E2AC467F4489C588A9941032",James.browne,C:\Windows\System32\raserver.exe,C:\Windows\System32\bcryptprimitives.dll,,,,,,,,-9223372036854775808,,,,,,,,,"Image loaded:
RuleName: -
UtcTime: 2022-04-15 12:06:24.471
ProcessGuid: {2d351099-5cc0-5f5f-3a04-000000000400}
ProcessId: 7212
Image: C:\Windows\System32\raserver.exe
ImageLoaded: C:\Windows\System32\bcryptprimitives.dll
FileVersion: 10.0.18362.836 (WinBuild.160101.0800)
Description: Windows Cryptographic Primitives Library
Product: Microsoft Windows Operating System
Company: Microsoft Corporation
OriginalFileName: bcryptprimitives.dll
Hashes: SHA1=B4222C8DC3274CFC3FE54F322D827B2F01FFF036,MD5=EF2BBEAFF07D32A2EC77FB4602FA9664,SHA256=6B47F3E88CDEDF8F31F91940E38A4544818C79D153323262F9F46B21F41D262C,IMPHASH=402DA460E2AC467F4489C588A9941032
Signed: true
Signature: Microsoft Windows
SignatureStatus: Valid",,,,,,,,Info,0,bcryptprimitives.dll,,,,,,,,,{2d351099-5cc0-5f5f-3a04-000000000400},7212,,Microsoft Windows Operating System,,{5770385F-C22A-43E0-BF4C-06F5698FFBD9},,,,424959,,,,,,,-,,INFO,2,,,Microsoft Windows,Valid,TRUE,,,,,,,eventlog,im_msvistalog,Microsoft-Windows-Sysmon,,,,,,,,,,,,,,,,,,,,,,,,7,,,,4688,,,,,S-1-5-18,2022-04-15 12:06:24,3,,,"{""EventID"":7,""RecordNumber"":424959,""ProviderGuid"":""{5770385F-C22A-43E0-BF4C-06F5698FFBD9}"",""SourceName"":""Microsoft-Windows-Sysmon"",""OpcodeValue"":0,""AccountName"":""SYSTEM"",""SignatureStatus"":""Valid"",""SourceModuleName"":""eventlog"",""ExecutionProcessID"":3524,""AccountType"":""User"",""Category"":""Image loaded (rule: ImageLoad)"",""Domain"":""NT AUTHORITY"",""port"":60427,""Company"":""Microsoft Corporation"",""ThreadID"":4688,""Severity"":""INFO"",""EventType"":""INFO"",""Signed"":""true"",""Channel"":""Microsoft-Windows-Sysmon/Operational"",""Opcode"":""Info"",""EventReceivedTime"":""2022-04-15 08:06:25"",""ImageLoaded"":""C:\\Windows\\System32\\bcryptprimitives.dll"",""Task"":7,""RuleName"":""-"",""Keywords"":-9223372036854775808,""Version"":3,""ProcessId"":""7212"",""Image"":""C:\\Windows\\System32\\raserver.exe"",""Product"":""Microsoft Windows Operating System"",""tags"":[""splunk""],""EventTime"":""2022-04-15 08:06:24"",""host"":""cybertees.net"",""SeverityValue"":2,""Message"":""Image loaded:\r\nRuleName: -\r\nUtcTime: 2022-04-15 12:06:24.471\r\nProcessGuid: {2d351099-5cc0-5f5f-3a04-000000000400}\r\nProcessId: 7212\r\nImage: C:\\Windows\\System32\\raserver.exe\r\nImageLoaded: C:\\Windows\\System32\\bcryptprimitives.dll\r\nFileVersion: 10.0.18362.836 (WinBuild.160101.0800)\r\nDescription: Windows Cryptographic Primitives Library\r\nProduct: Microsoft Windows Operating System\r\nCompany: Microsoft Corporation\r\nOriginalFileName: bcryptprimitives.dll\r\nHashes: SHA1=B4222C8DC3274CFC3FE54F322D827B2F01FFF036,MD5=EF2BBEAFF07D32A2EC77FB4602FA9664,SHA256=6B47F3E88CDEDF8F31F91940E38A4544818C79D153323262F9F46B21F41D262C,IMPHASH=402DA460E2AC467F4489C588A9941032\r\nSigned: true\r\nSignature: Microsoft Windows\r\nSignatureStatus: Valid"",""UtcTime"":""2022-04-15 12:06:24.471"",""UserID"":""S-1-5-18"",""FileVersion"":""10.0.18362.836 (WinBuild.160101.0800)"",""Description"":""Windows Cryptographic Primitives Library"",""OriginalFileName"":""bcryptprimitives.dll"",""timestamp"":""2022-04-15T12:06:25.091Z"",""Hashes"":""SHA1=B4222C8DC3274CFC3FE54F322D827B2F01FFF036,MD5=EF2BBEAFF07D32A2EC77FB4602FA9664,SHA256=6B47F3E88CDEDF8F31F91940E38A4544818C79D153323262F9F46B21F41D262C,IMPHASH=402DA460E2AC467F4489C588A9941032"",""Signature"":""Microsoft Windows"",""@version"":""1"",""SourceModuleType"":""im_msvistalog"",""Hostname"":""James.browne"",""ProcessGuid"":""{2d351099-5cc0-5f5f-3a04-000000000400}""}",2022-04-15T08:06:22.000+0000,8,15,6,april,22,friday,2022,local,,INFO,cybertees.net,cyber-host,windowslogs,1,60427,"{"""":,"""":,"""":""{----}"","""":""--"","""":,"""":"""","""":"""","""":""""",Event_logs.json,_json,ip-10-10-40-195,,splunk,,2022-04-15T12:06:25.091Z,
1,,,,SYSTEM,User,,,,,,Image loaded (rule: ImageLoad),Microsoft-Windows-Sysmon/Operational,,Microsoft Corporation,,,,Microsoft COM for Windows,,,,,,,,,,,,NT AUTHORITY,,,,,7,,2022-04-15 8:06:25,2022-04-15 8:06:24,,3524,10.0.18362.1082 (WinBuild.160101.0800),,,,,"SHA1=03829F72B93B3DA8A5778A295948F2F967A8AD9A,MD5=655C13F8AA80901935F1086709E27812,SHA256=28D91C9176D50DBC4939BB21BB00DDB17B1C589EEB9E058533E6AA125E86FA4F,IMPHASH=D1A511866766E387FD0DAF3ACBB54B12",James.browne,C:\Windows\System32\raserver.exe,C:\Windows\System32\combase.dll,,,,,,,,-9223372036854775808,,,,,,,,,"Image loaded:
RuleName: -
UtcTime: 2022-04-15 12:06:24.471
ProcessGuid: {2d351099-5cc0-5f5f-3a04-000000000400}
ProcessId: 7212
Image: C:\Windows\System32\raserver.exe
ImageLoaded: C:\Windows\System32\combase.dll
FileVersion: 10.0.18362.1082 (WinBuild.160101.0800)
Description: Microsoft COM for Windows
Product: Microsoft Windows Operating System
Company: Microsoft Corporation
OriginalFileName: COMBASE.DLL
Hashes: SHA1=03829F72B93B3DA8A5778A295948F2F967A8AD9A,MD5=655C13F8AA80901935F1086709E27812,SHA256=28D91C9176D50DBC4939BB21BB00DDB17B1C589EEB9E058533E6AA125E86FA4F,IMPHASH=D1A511866766E387FD0DAF3ACBB54B12
Signed: true
Signature: Microsoft Windows
SignatureStatus: Valid",,,,,,,,Info,0,COMBASE.DLL,,,,,,,,,{2d351099-5cc0-5f5f-3a04-000000000400},7212,,Microsoft Windows Operating System,,{5770385F-C22A-43E0-BF4C-06F5698FFBD9},,,,424958,,,,,,,-,,INFO,2,,,Microsoft Windows,Valid,TRUE,,,,,,,eventlog,im_msvistalog,Microsoft-Windows-Sysmon,,,,,,,,,,,,,,,,,,,,,,,,7,,,,4688,,,,,S-1-5-18,2022-04-15 12:06:24,3,,,"{""EventID"":7,""RecordNumber"":424958,""ProviderGuid"":""{5770385F-C22A-43E0-BF4C-06F5698FFBD9}"",""SourceName"":""Microsoft-Windows-Sysmon"",""OpcodeValue"":0,""AccountName"":""SYSTEM"",""SignatureStatus"":""Valid"",""SourceModuleName"":""eventlog"",""ExecutionProcessID"":3524,""AccountType"":""User"",""Category"":""Image loaded (rule: ImageLoad)"",""Domain"":""NT AUTHORITY"",""port"":60427,""Company"":""Microsoft Corporation"",""ThreadID"":4688,""Severity"":""INFO"",""EventType"":""INFO"",""Signed"":""true"",""Channel"":""Microsoft-Windows-Sysmon/Operational"",""Opcode"":""Info"",""EventReceivedTime"":""2022-04-15 08:06:25"",""ImageLoaded"":""C:\\Windows\\System32\\combase.dll"",""Task"":7,""RuleName"":""-"",""Keywords"":-9223372036854775808,""Version"":3,""ProcessId"":""7212"",""Image"":""C:\\Windows\\System32\\raserver.exe"",""Product"":""Microsoft Windows Operating System"",""tags"":[""splunk""],""EventTime"":""2022-04-15 08:06:24"",""host"":""cybertees.net"",""SeverityValue"":2,""Message"":""Image loaded:\r\nRuleName: -\r\nUtcTime: 2022-04-15 12:06:24.471\r\nProcessGuid: {2d351099-5cc0-5f5f-3a04-000000000400}\r\nProcessId: 7212\r\nImage: C:\\Windows\\System32\\raserver.exe\r\nImageLoaded: C:\\Windows\\System32\\combase.dll\r\nFileVersion: 10.0.18362.1082 (WinBuild.160101.0800)\r\nDescription: Microsoft COM for Windows\r\nProduct: Microsoft Windows Operating System\r\nCompany: Microsoft Corporation\r\nOriginalFileName: COMBASE.DLL\r\nHashes: SHA1=03829F72B93B3DA8A5778A295948F2F967A8AD9A,MD5=655C13F8AA80901935F1086709E27812,SHA256=28D91C9176D50DBC4939BB21BB00DDB17B1C589EEB9E058533E6AA125E86FA4F,IMPHASH=D1A511866766E387FD0DAF3ACBB54B12\r\nSigned: true\r\nSignature: Microsoft Windows\r\nSignatureStatus: Valid"",""UtcTime"":""2022-04-15 12:06:24.471"",""UserID"":""S-1-5-18"",""FileVersion"":""10.0.18362.1082 (WinBuild.160101.0800)"",""Description"":""Microsoft COM for Windows"",""OriginalFileName"":""COMBASE.DLL"",""timestamp"":""2022-04-15T12:06:25.090Z"",""Hashes"":""SHA1=03829F72B93B3DA8A5778A295948F2F967A8AD9A,MD5=655C13F8AA80901935F1086709E27812,SHA256=28D91C9176D50DBC4939BB21BB00DDB17B1C589EEB9E058533E6AA125E86FA4F,IMPHASH=D1A511866766E387FD0DAF3ACBB54B12"",""Signature"":""Microsoft Windows"",""@version"":""1"",""SourceModuleType"":""im_msvistalog"",""Hostname"":""James.browne"",""ProcessGuid"":""{2d351099-5cc0-5f5f-3a04-000000000400}""}",2022-04-15T08:06:22.000+0000,8,15,6,april,22,friday,2022,local,,INFO,cybertees.net,cyber-host,windowslogs,1,60427,"{"""":,"""":,"""":""{----}"","""":""--"","""":,"""":"""","""":"""","""":""""",Event_logs.json,_json,ip-10-10-40-195,,splunk,,2022-04-15T12:06:25.090Z,
1,,,,SYSTEM,User,,,,,,Image loaded (rule: ImageLoad),Microsoft-Windows-Sysmon/Operational,,Microsoft Corporation,,,,Shell Light-weight Utility Library,,,,,,,,,,,,NT AUTHORITY,,,,,7,,2022-04-15 8:06:25,2022-04-15 8:06:24,,3524,10.0.18362.1 (WinBuild.160101.0800),,,,,"SHA1=9074DF3335B785BB00B43AE76ACC66B799118FAE,MD5=BFB85A9022324E41FCEC5011BCB5FD23,SHA256=3CDA144CFB6278DA47267FE1E1FE258716A074C3D3DD8413B259DA7DA1039871,IMPHASH=6659A49ABF33952444C5A7FA22FD9032",James.browne,C:\Windows\System32\raserver.exe,C:\Windows\System32\shlwapi.dll,,,,,,,,-9223372036854775808,,,,,,,,,"Image loaded:
RuleName: -
UtcTime: 2022-04-15 12:06:24.471
ProcessGuid: {2d351099-5cc0-5f5f-3a04-000000000400}
ProcessId: 7212
Image: C:\Windows\System32\raserver.exe
ImageLoaded: C:\Windows\System32\shlwapi.dll
FileVersion: 10.0.18362.1 (WinBuild.160101.0800)
Description: Shell Light-weight Utility Library
Product: Microsoft Windows Operating System
Company: Microsoft Corporation
OriginalFileName: SHLWAPI.DLL
Hashes: SHA1=9074DF3335B785BB00B43AE76ACC66B799118FAE,MD5=BFB85A9022324E41FCEC5011BCB5FD23,SHA256=3CDA144CFB6278DA47267FE1E1FE258716A074C3D3DD8413B259DA7DA1039871,IMPHASH=6659A49ABF33952444C5A7FA22FD9032
Signed: true
Signature: Microsoft Windows
SignatureStatus: Valid",,,,,,,,Info,0,SHLWAPI.DLL,,,,,,,,,{2d351099-5cc0-5f5f-3a04-000000000400},7212,,Microsoft Windows Operating System,,{5770385F-C22A-43E0-BF4C-06F5698FFBD9},,,,424957,,,,,,,-,,INFO,2,,,Microsoft Windows,Valid,TRUE,,,,,,,eventlog,im_msvistalog,Microsoft-Windows-Sysmon,,,,,,,,,,,,,,,,,,,,,,,,7,,,,4688,,,,,S-1-5-18,2022-04-15 12:06:24,3,,,"{""EventID"":7,""RecordNumber"":424957,""ProviderGuid"":""{5770385F-C22A-43E0-BF4C-06F5698FFBD9}"",""SourceName"":""Microsoft-Windows-Sysmon"",""OpcodeValue"":0,""AccountName"":""SYSTEM"",""SignatureStatus"":""Valid"",""SourceModuleName"":""eventlog"",""ExecutionProcessID"":3524,""AccountType"":""User"",""Category"":""Image loaded (rule: ImageLoad)"",""Domain"":""NT AUTHORITY"",""port"":60427,""Company"":""Microsoft Corporation"",""ThreadID"":4688,""Severity"":""INFO"",""EventType"":""INFO"",""Signed"":""true"",""Channel"":""Microsoft-Windows-Sysmon/Operational"",""Opcode"":""Info"",""EventReceivedTime"":""2022-04-15 08:06:25"",""ImageLoaded"":""C:\\Windows\\System32\\shlwapi.dll"",""Task"":7,""RuleName"":""-"",""Keywords"":-9223372036854775808,""Version"":3,""ProcessId"":""7212"",""Image"":""C:\\Windows\\System32\\raserver.exe"",""Product"":""Microsoft Windows Operating System"",""tags"":[""splunk""],""EventTime"":""2022-04-15 08:06:24"",""host"":""cybertees.net"",""SeverityValue"":2,""Message"":""Image loaded:\r\nRuleName: -\r\nUtcTime: 2022-04-15 12:06:24.471\r\nProcessGuid: {2d351099-5cc0-5f5f-3a04-000000000400}\r\nProcessId: 7212\r\nImage: C:\\Windows\\System32\\raserver.exe\r\nImageLoaded: C:\\Windows\\System32\\shlwapi.dll\r\nFileVersion: 10.0.18362.1 (WinBuild.160101.0800)\r\nDescription: Shell Light-weight Utility Library\r\nProduct: Microsoft Windows Operating System\r\nCompany: Microsoft Corporation\r\nOriginalFileName: SHLWAPI.DLL\r\nHashes: SHA1=9074DF3335B785BB00B43AE76ACC66B799118FAE,MD5=BFB85A9022324E41FCEC5011BCB5FD23,SHA256=3CDA144CFB6278DA47267FE1E1FE258716A074C3D3DD8413B259DA7DA1039871,IMPHASH=6659A49ABF33952444C5A7FA22FD9032\r\nSigned: true\r\nSignature: Microsoft Windows\r\nSignatureStatus: Valid"",""UtcTime"":""2022-04-15 12:06:24.471"",""UserID"":""S-1-5-18"",""FileVersion"":""10.0.18362.1 (WinBuild.160101.0800)"",""Description"":""Shell Light-weight Utility Library"",""OriginalFileName"":""SHLWAPI.DLL"",""timestamp"":""2022-04-15T12:06:25.090Z"",""Hashes"":""SHA1=9074DF3335B785BB00B43AE76ACC66B799118FAE,MD5=BFB85A9022324E41FCEC5011BCB5FD23,SHA256=3CDA144CFB6278DA47267FE1E1FE258716A074C3D3DD8413B259DA7DA1039871,IMPHASH=6659A49ABF33952444C5A7FA22FD9032"",""Signature"":""Microsoft Windows"",""@version"":""1"",""SourceModuleType"":""im_msvistalog"",""Hostname"":""James.browne"",""ProcessGuid"":""{2d351099-5cc0-5f5f-3a04-000000000400}""}",2022-04-15T08:06:22.000+0000,8,15,6,april,22,friday,2022,local,,INFO,cybertees.net,cyber-host,windowslogs,1,60427,"{"""":,"""":,"""":""{----}"","""":""--"","""":,"""":"""","""":"""","""":""""",Event_logs.json,_json,ip-10-10-40-195,,splunk,,2022-04-15T12:06:25.090Z,
1,,,,SYSTEM,User,,,,,,Image loaded (rule: ImageLoad),Microsoft-Windows-Sysmon/Operational,,Microsoft Corporation,,,,Microsoft C Runtime Library,,,,,,,,,,,,NT AUTHORITY,,,,,7,,2022-04-15 8:06:25,2022-04-15 8:06:24,,3524,10.0.18362.815 (WinBuild.160101.0800),,,,,"SHA1=53F8B431D10FDB2C001D58120280A417B01073BE,MD5=F0DA14E390F0CCB58EAAD34D9B309E4B,SHA256=7EE229626B22799FAA28CD7C22D4FF2AD0603C17E5F5EE9086FA7CF6483331FB,IMPHASH=5AE9A136FAFA10321F3D48251BF4F6A1",James.browne,C:\Windows\System32\raserver.exe,C:\Windows\System32\ucrtbase.dll,,,,,,,,-9223372036854775808,,,,,,,,,"Image loaded:
RuleName: -
UtcTime: 2022-04-15 12:06:24.471
ProcessGuid: {2d351099-5cc0-5f5f-3a04-000000000400}
ProcessId: 7212
Image: C:\Windows\System32\raserver.exe
ImageLoaded: C:\Windows\System32\ucrtbase.dll
FileVersion: 10.0.18362.815 (WinBuild.160101.0800)
Description: Microsoft C Runtime Library
Product: Microsoft Windows Operating System
Company: Microsoft Corporation
OriginalFileName: ucrtbase.dll
Hashes: SHA1=53F8B431D10FDB2C001D58120280A417B01073BE,MD5=F0DA14E390F0CCB58EAAD34D9B309E4B,SHA256=7EE229626B22799FAA28CD7C22D4FF2AD0603C17E5F5EE9086FA7CF6483331FB,IMPHASH=5AE9A136FAFA10321F3D48251BF4F6A1
Signed: true
Signature: Microsoft Windows
SignatureStatus: Valid",,,,,,,,Info,0,ucrtbase.dll,,,,,,,,,{2d351099-5cc0-5f5f-3a04-000000000400},7212,,Microsoft Windows Operating System,,{5770385F-C22A-43E0-BF4C-06F5698FFBD9},,,,424956,,,,,,,-,,INFO,2,,,Microsoft Windows,Valid,TRUE,,,,,,,eventlog,im_msvistalog,Microsoft-Windows-Sysmon,,,,,,,,,,,,,,,,,,,,,,,,7,,,,4688,,,,,S-1-5-18,2022-04-15 12:06:24,3,,,"{""EventID"":7,""RecordNumber"":424956,""ProviderGuid"":""{5770385F-C22A-43E0-BF4C-06F5698FFBD9}"",""SourceName"":""Microsoft-Windows-Sysmon"",""OpcodeValue"":0,""AccountName"":""SYSTEM"",""SignatureStatus"":""Valid"",""SourceModuleName"":""eventlog"",""ExecutionProcessID"":3524,""AccountType"":""User"",""Category"":""Image loaded (rule: ImageLoad)"",""Domain"":""NT AUTHORITY"",""port"":60427,""Company"":""Microsoft Corporation"",""ThreadID"":4688,""Severity"":""INFO"",""EventType"":""INFO"",""Signed"":""true"",""Channel"":""Microsoft-Windows-Sysmon/Operational"",""Opcode"":""Info"",""EventReceivedTime"":""2022-04-15 08:06:25"",""ImageLoaded"":""C:\\Windows\\System32\\ucrtbase.dll"",""Task"":7,""RuleName"":""-"",""Keywords"":-9223372036854775808,""Version"":3,""ProcessId"":""7212"",""Image"":""C:\\Windows\\System32\\raserver.exe"",""Product"":""Microsoft Windows Operating System"",""tags"":[""splunk""],""EventTime"":""2022-04-15 08:06:24"",""host"":""cybertees.net"",""SeverityValue"":2,""Message"":""Image loaded:\r\nRuleName: -\r\nUtcTime: 2022-04-15 12:06:24.471\r\nProcessGuid: {2d351099-5cc0-5f5f-3a04-000000000400}\r\nProcessId: 7212\r\nImage: C:\\Windows\\System32\\raserver.exe\r\nImageLoaded: C:\\Windows\\System32\\ucrtbase.dll\r\nFileVersion: 10.0.18362.815 (WinBuild.160101.0800)\r\nDescription: Microsoft C Runtime Library\r\nProduct: Microsoft Windows Operating System\r\nCompany: Microsoft Corporation\r\nOriginalFileName: ucrtbase.dll\r\nHashes: SHA1=53F8B431D10FDB2C001D58120280A417B01073BE,MD5=F0DA14E390F0CCB58EAAD34D9B309E4B,SHA256=7EE229626B22799FAA28CD7C22D4FF2AD0603C17E5F5EE9086FA7CF6483331FB,IMPHASH=5AE9A136FAFA10321F3D48251BF4F6A1\r\nSigned: true\r\nSignature: Microsoft Windows\r\nSignatureStatus: Valid"",""UtcTime"":""2022-04-15 12:06:24.471"",""UserID"":""S-1-5-18"",""FileVersion"":""10.0.18362.815 (WinBuild.160101.0800)"",""Description"":""Microsoft C Runtime Library"",""OriginalFileName"":""ucrtbase.dll"",""timestamp"":""2022-04-15T12:06:25.089Z"",""Hashes"":""SHA1=53F8B431D10FDB2C001D58120280A417B01073BE,MD5=F0DA14E390F0CCB58EAAD34D9B309E4B,SHA256=7EE229626B22799FAA28CD7C22D4FF2AD0603C17E5F5EE9086FA7CF6483331FB,IMPHASH=5AE9A136FAFA10321F3D48251BF4F6A1"",""Signature"":""Microsoft Windows"",""@version"":""1"",""SourceModuleType"":""im_msvistalog"",""Hostname"":""James.browne"",""ProcessGuid"":""{2d351099-5cc0-5f5f-3a04-000000000400}""}",2022-04-15T08:06:22.000+0000,8,15,6,april,22,friday,2022,local,,INFO,cybertees.net,cyber-host,windowslogs,1,60427,"{"""":,"""":,"""":""{----}"","""":""--"","""":,"""":"""","""":"""","""":""""",Event_logs.json,_json,ip-10-10-40-195,,splunk,,2022-04-15T12:06:25.089Z,
1,,,,SYSTEM,User,,,,,,Image loaded (rule: ImageLoad),Microsoft-Windows-Sysmon/Operational,,Microsoft Corporation,,,,Microsoft C Runtime Library,,,,,,,,,,,,NT AUTHORITY,,,,,7,,2022-04-15 8:06:25,2022-04-15 8:06:24,,3524,10.0.18362.815 (WinBuild.160101.0800),,,,,"SHA1=3C9938AFD7E9E2427750B0BBF21D3905502C2416,MD5=D327A488FF346D2A2ACC7D018F80A615,SHA256=F60BA64AF20B44D13275955ECA2949C471F2C812CD3908AF63B145DEAEB4E4F3,IMPHASH=7F555C87AEA488E97B6067A0419ED3B4",James.browne,C:\Windows\System32\raserver.exe,C:\Windows\System32\msvcp_win.dll,,,,,,,,-9223372036854775808,,,,,,,,,"Image loaded:
RuleName: -
UtcTime: 2022-04-15 12:06:24.471
ProcessGuid: {2d351099-5cc0-5f5f-3a04-000000000400}
ProcessId: 7212
Image: C:\Windows\System32\raserver.exe
ImageLoaded: C:\Windows\System32\msvcp_win.dll
FileVersion: 10.0.18362.815 (WinBuild.160101.0800)
Description: Microsoft C Runtime Library
Product: Microsoft Windows Operating System
Company: Microsoft Corporation
OriginalFileName: msvcp_win.dll
Hashes: SHA1=3C9938AFD7E9E2427750B0BBF21D3905502C2416,MD5=D327A488FF346D2A2ACC7D018F80A615,SHA256=F60BA64AF20B44D13275955ECA2949C471F2C812CD3908AF63B145DEAEB4E4F3,IMPHASH=7F555C87AEA488E97B6067A0419ED3B4
Signed: true
Signature: Microsoft Windows
SignatureStatus: Valid",,,,,,,,Info,0,msvcp_win.dll,,,,,,,,,{2d351099-5cc0-5f5f-3a04-000000000400},7212,,Microsoft Windows Operating System,,{5770385F-C22A-43E0-BF4C-06F5698FFBD9},,,,424955,,,,,,,-,,INFO,2,,,Microsoft Windows,Valid,TRUE,,,,,,,eventlog,im_msvistalog,Microsoft-Windows-Sysmon,,,,,,,,,,,,,,,,,,,,,,,,7,,,,4688,,,,,S-1-5-18,2022-04-15 12:06:24,3,,,"{""EventID"":7,""RecordNumber"":424955,""ProviderGuid"":""{5770385F-C22A-43E0-BF4C-06F5698FFBD9}"",""SourceName"":""Microsoft-Windows-Sysmon"",""OpcodeValue"":0,""AccountName"":""SYSTEM"",""SignatureStatus"":""Valid"",""SourceModuleName"":""eventlog"",""ExecutionProcessID"":3524,""AccountType"":""User"",""Category"":""Image loaded (rule: ImageLoad)"",""Domain"":""NT AUTHORITY"",""port"":60427,""Company"":""Microsoft Corporation"",""ThreadID"":4688,""Severity"":""INFO"",""EventType"":""INFO"",""Signed"":""true"",""Channel"":""Microsoft-Windows-Sysmon/Operational"",""Opcode"":""Info"",""EventReceivedTime"":""2022-04-15 08:06:25"",""ImageLoaded"":""C:\\Windows\\System32\\msvcp_win.dll"",""Task"":7,""RuleName"":""-"",""Keywords"":-9223372036854775808,""Version"":3,""ProcessId"":""7212"",""Image"":""C:\\Windows\\System32\\raserver.exe"",""Product"":""Microsoft Windows Operating System"",""tags"":[""splunk""],""EventTime"":""2022-04-15 08:06:24"",""host"":""cybertees.net"",""SeverityValue"":2,""Message"":""Image loaded:\r\nRuleName: -\r\nUtcTime: 2022-04-15 12:06:24.471\r\nProcessGuid: {2d351099-5cc0-5f5f-3a04-000000000400}\r\nProcessId: 7212\r\nImage: C:\\Windows\\System32\\raserver.exe\r\nImageLoaded: C:\\Windows\\System32\\msvcp_win.dll\r\nFileVersion: 10.0.18362.815 (WinBuild.160101.0800)\r\nDescription: Microsoft C Runtime Library\r\nProduct: Microsoft Windows Operating System\r\nCompany: Microsoft Corporation\r\nOriginalFileName: msvcp_win.dll\r\nHashes: SHA1=3C9938AFD7E9E2427750B0BBF21D3905502C2416,MD5=D327A488FF346D2A2ACC7D018F80A615,SHA256=F60BA64AF20B44D13275955ECA2949C471F2C812CD3908AF63B145DEAEB4E4F3,IMPHASH=7F555C87AEA488E97B6067A0419ED3B4\r\nSigned: true\r\nSignature: Microsoft Windows\r\nSignatureStatus: Valid"",""UtcTime"":""2022-04-15 12:06:24.471"",""UserID"":""S-1-5-18"",""FileVersion"":""10.0.18362.815 (WinBuild.160101.0800)"",""Description"":""Microsoft C Runtime Library"",""OriginalFileName"":""msvcp_win.dll"",""timestamp"":""2022-04-15T12:06:25.089Z"",""Hashes"":""SHA1=3C9938AFD7E9E2427750B0BBF21D3905502C2416,MD5=D327A488FF346D2A2ACC7D018F80A615,SHA256=F60BA64AF20B44D13275955ECA2949C471F2C812CD3908AF63B145DEAEB4E4F3,IMPHASH=7F555C87AEA488E97B6067A0419ED3B4"",""Signature"":""Microsoft Windows"",""@version"":""1"",""SourceModuleType"":""im_msvistalog"",""Hostname"":""James.browne"",""ProcessGuid"":""{2d351099-5cc0-5f5f-3a04-000000000400}""}",2022-04-15T08:06:22.000+0000,8,15,6,april,22,friday,2022,local,,INFO,cybertees.net,cyber-host,windowslogs,1,60427,"{"""":,"""":,"""":""{----}"","""":""--"","""":,"""":"""","""":"""","""":""""",Event_logs.json,_json,ip-10-10-40-195,,splunk,,2022-04-15T12:06:25.089Z,
