1,,,,SYSTEM,User,,,,,C:\windows\SYSTEM32\ntdll.dll+9d104|C:\windows\SYSTEM32\CSRSRV.dll+1430|C:\windows\SYSTEM32\CSRSRV.dll+5fd9|C:\windows\SYSTEM32\ntdll.dll+6ce5f,Process accessed (rule: ProcessAccess),Microsoft-Windows-Sysmon/Operational,,,,,,,,,,,,,,,,,,NT AUTHORITY,,,,,10,,2022-04-15 8:06:06,2022-04-15 8:06:06,,3524,,,0x1fffff,,,,James.browne,,,,,,,,,,-9223372036854775808,,,,,,,,,"Process accessed:
RuleName: -
UtcTime: 2022-04-15 12:06:06.034
SourceProcessGUID: {2d351099-43cc-5f5f-0600-000000000400}
SourceProcessId: 524
SourceThreadId: 540
SourceImage: C:\windows\system32\csrss.exe
TargetProcessGUID: {2d351099-5cae-5f5f-3104-000000000400}
TargetProcessId: 9992
TargetImage: C:\windows\system32\conhost.exe
GrantedAccess: 0x1FFFFF
CallTrace: C:\windows\SYSTEM32\ntdll.dll+9d104|C:\windows\SYSTEM32\CSRSRV.dll+1430|C:\windows\SYSTEM32\CSRSRV.dll+5fd9|C:\windows\SYSTEM32\ntdll.dll+6ce5f",,,,,,,,Info,0,,,,,,,,,,,524,,,,{5770385F-C22A-43E0-BF4C-06F5698FFBD9},,,,423467,,,,,,,-,,INFO,2,,,,,,,,,C:\windows\system32\csrss.exe,,,eventlog,im_msvistalog,Microsoft-Windows-Sysmon,,,{2d351099-43cc-5f5f-0600-000000000400},524,540,,,,,,,,,C:\windows\system32\conhost.exe,,,,,,{2d351099-5cae-5f5f-3104-000000000400},9992,,,10,,,,4688,,,,,S-1-5-18,2022-04-15 12:06:06,3,,,"{""EventID"":10,""RecordNumber"":423467,""ProviderGuid"":""{5770385F-C22A-43E0-BF4C-06F5698FFBD9}"",""SourceName"":""Microsoft-Windows-Sysmon"",""OpcodeValue"":0,""AccountName"":""SYSTEM"",""SourceImage"":""C:\\windows\\system32\\csrss.exe"",""SourceModuleName"":""eventlog"",""ExecutionProcessID"":3524,""AccountType"":""User"",""Category"":""Process accessed (rule: ProcessAccess)"",""SourceProcessId"":""524"",""Domain"":""NT AUTHORITY"",""port"":60427,""ThreadID"":4688,""Severity"":""INFO"",""EventType"":""INFO"",""Channel"":""Microsoft-Windows-Sysmon/Operational"",""Opcode"":""Info"",""EventReceivedTime"":""2022-04-15 08:06:06"",""Task"":10,""RuleName"":""-"",""Keywords"":-9223372036854775808,""Version"":3,""ProcessId"":""524"",""tags"":[""splunk""],""GrantedAccess"":""0x1fffff"",""SourceProcessGUID"":""{2d351099-43cc-5f5f-0600-000000000400}"",""EventTime"":""2022-04-15 08:06:06"",""host"":""cybertees.net"",""SeverityValue"":2,""CallTrace"":""C:\\windows\\SYSTEM32\\ntdll.dll+9d104|C:\\windows\\SYSTEM32\\CSRSRV.dll+1430|C:\\windows\\SYSTEM32\\CSRSRV.dll+5fd9|C:\\windows\\SYSTEM32\\ntdll.dll+6ce5f"",""Message"":""Process accessed:\r\nRuleName: -\r\nUtcTime: 2022-04-15 12:06:06.034\r\nSourceProcessGUID: {2d351099-43cc-5f5f-0600-000000000400}\r\nSourceProcessId: 524\r\nSourceThreadId: 540\r\nSourceImage: C:\\windows\\system32\\csrss.exe\r\nTargetProcessGUID: {2d351099-5cae-5f5f-3104-000000000400}\r\nTargetProcessId: 9992\r\nTargetImage: C:\\windows\\system32\\conhost.exe\r\nGrantedAccess: 0x1FFFFF\r\nCallTrace: C:\\windows\\SYSTEM32\\ntdll.dll+9d104|C:\\windows\\SYSTEM32\\CSRSRV.dll+1430|C:\\windows\\SYSTEM32\\CSRSRV.dll+5fd9|C:\\windows\\SYSTEM32\\ntdll.dll+6ce5f"",""UtcTime"":""2022-04-15 12:06:06.034"",""UserID"":""S-1-5-18"",""timestamp"":""2022-04-15T12:06:06.961Z"",""TargetProcessId"":""9992"",""SourceThreadId"":""540"",""@version"":""1"",""TargetProcessGUID"":""{2d351099-5cae-5f5f-3104-000000000400}"",""SourceModuleType"":""im_msvistalog"",""TargetImage"":""C:\\windows\\system32\\conhost.exe"",""Hostname"":""James.browne""}",2022-04-15T08:06:02.000+0000,8,15,6,april,2,friday,2022,local,,INFO,cybertees.net,cyber-host,windowslogs,1,60427,"{"""":,"""":,"""":""{----}"","""":""--"","""":,"""":"""","""":"":\\\\\\",Event_logs.json,_json,ip-10-10-40-195,,splunk,,2022-04-15T12:06:06.961Z,
1,,,,SYSTEM,User,,,,,,Image loaded (rule: ImageLoad),Microsoft-Windows-Sysmon/Operational,,Microsoft Corporation,,,,Windows NT BASE API Client DLL,,,,,,,,,,,,NT AUTHORITY,,,,,7,,2022-04-15 8:06:06,2022-04-15 8:06:06,,3524,10.0.18362.1049 (WinBuild.160101.0800),,,,,"SHA1=0BE0E331F4F9C2ED8C9D989CDCFD10463FE3E047,MD5=D62F3401037D0D0CE1F41555B72F1B60,SHA256=B51E88CCD1517E923A7A3E21B2AFC856927D529F5C5668A072B4B12AC70AD46B,IMPHASH=16003AF856720C35351BB8C14AD0B0A8",James.browne,C:\Windows\System32\conhost.exe,C:\Windows\System32\KernelBase.dll,,,,,,,,-9223372036854775808,,,,,,,,,"Image loaded:
RuleName: -
UtcTime: 2022-04-15 12:06:06.034
ProcessGuid: {2d351099-5cae-5f5f-3104-000000000400}
ProcessId: 9992
Image: C:\Windows\System32\conhost.exe
ImageLoaded: C:\Windows\System32\KernelBase.dll
FileVersion: 10.0.18362.1049 (WinBuild.160101.0800)
Description: Windows NT BASE API Client DLL
Product: Microsoft® Windows® Operating System
Company: Microsoft Corporation
OriginalFileName: Kernelbase.dll
Hashes: SHA1=0BE0E331F4F9C2ED8C9D989CDCFD10463FE3E047,MD5=D62F3401037D0D0CE1F41555B72F1B60,SHA256=B51E88CCD1517E923A7A3E21B2AFC856927D529F5C5668A072B4B12AC70AD46B,IMPHASH=16003AF856720C35351BB8C14AD0B0A8
Signed: true
Signature: Microsoft Windows
SignatureStatus: Valid",,,,,,,,Info,0,Kernelbase.dll,,,,,,,,,{2d351099-5cae-5f5f-3104-000000000400},9992,,Microsoft® Windows® Operating System,,{5770385F-C22A-43E0-BF4C-06F5698FFBD9},,,,423466,,,,,,,-,,INFO,2,,,Microsoft Windows,Valid,TRUE,,,,,,,eventlog,im_msvistalog,Microsoft-Windows-Sysmon,,,,,,,,,,,,,,,,,,,,,,,,7,,,,4688,,,,,S-1-5-18,2022-04-15 12:06:06,3,,,"{""EventID"":7,""RecordNumber"":423466,""ProviderGuid"":""{5770385F-C22A-43E0-BF4C-06F5698FFBD9}"",""SourceName"":""Microsoft-Windows-Sysmon"",""OpcodeValue"":0,""AccountName"":""SYSTEM"",""SignatureStatus"":""Valid"",""SourceModuleName"":""eventlog"",""ExecutionProcessID"":3524,""AccountType"":""User"",""Category"":""Image loaded (rule: ImageLoad)"",""Domain"":""NT AUTHORITY"",""port"":60427,""Company"":""Microsoft Corporation"",""ThreadID"":4688,""Severity"":""INFO"",""EventType"":""INFO"",""Signed"":""true"",""Channel"":""Microsoft-Windows-Sysmon/Operational"",""Opcode"":""Info"",""EventReceivedTime"":""2022-04-15 08:06:06"",""ImageLoaded"":""C:\\Windows\\System32\\KernelBase.dll"",""Task"":7,""RuleName"":""-"",""Keywords"":-9223372036854775808,""Version"":3,""ProcessId"":""9992"",""Image"":""C:\\Windows\\System32\\conhost.exe"",""Product"":""Microsoft® Windows® Operating System"",""tags"":[""splunk""],""EventTime"":""2022-04-15 08:06:06"",""host"":""cybertees.net"",""SeverityValue"":2,""Message"":""Image loaded:\r\nRuleName: -\r\nUtcTime: 2022-04-15 12:06:06.034\r\nProcessGuid: {2d351099-5cae-5f5f-3104-000000000400}\r\nProcessId: 9992\r\nImage: C:\\Windows\\System32\\conhost.exe\r\nImageLoaded: C:\\Windows\\System32\\KernelBase.dll\r\nFileVersion: 10.0.18362.1049 (WinBuild.160101.0800)\r\nDescription: Windows NT BASE API Client DLL\r\nProduct: Microsoft® Windows® Operating System\r\nCompany: Microsoft Corporation\r\nOriginalFileName: Kernelbase.dll\r\nHashes: SHA1=0BE0E331F4F9C2ED8C9D989CDCFD10463FE3E047,MD5=D62F3401037D0D0CE1F41555B72F1B60,SHA256=B51E88CCD1517E923A7A3E21B2AFC856927D529F5C5668A072B4B12AC70AD46B,IMPHASH=16003AF856720C35351BB8C14AD0B0A8\r\nSigned: true\r\nSignature: Microsoft Windows\r\nSignatureStatus: Valid"",""UtcTime"":""2022-04-15 12:06:06.034"",""UserID"":""S-1-5-18"",""FileVersion"":""10.0.18362.1049 (WinBuild.160101.0800)"",""Description"":""Windows NT BASE API Client DLL"",""OriginalFileName"":""Kernelbase.dll"",""timestamp"":""2022-04-15T12:06:06.961Z"",""Hashes"":""SHA1=0BE0E331F4F9C2ED8C9D989CDCFD10463FE3E047,MD5=D62F3401037D0D0CE1F41555B72F1B60,SHA256=B51E88CCD1517E923A7A3E21B2AFC856927D529F5C5668A072B4B12AC70AD46B,IMPHASH=16003AF856720C35351BB8C14AD0B0A8"",""Signature"":""Microsoft Windows"",""@version"":""1"",""SourceModuleType"":""im_msvistalog"",""Hostname"":""James.browne"",""ProcessGuid"":""{2d351099-5cae-5f5f-3104-000000000400}""}",2022-04-15T08:06:02.000+0000,8,15,6,april,2,friday,2022,local,,INFO,cybertees.net,cyber-host,windowslogs,1,60427,"{"""":,"""":,"""":""{----}"","""":""--"","""":,"""":"""","""":"""","""":""""",Event_logs.json,_json,ip-10-10-40-195,,splunk,,2022-04-15T12:06:06.961Z,
1,,,,SYSTEM,User,,,,,,Image loaded (rule: ImageLoad),Microsoft-Windows-Sysmon/Operational,,Microsoft Corporation,,,,Windows NT BASE API Client DLL,,,,,,,,,,,,NT AUTHORITY,,,,,7,,2022-04-15 8:06:06,2022-04-15 8:06:06,,3524,10.0.18362.1082 (WinBuild.160101.0800),,,,,"SHA1=9044BFB6E7D920BB4586123237B512238F2EA726,MD5=B78D8D39F63C5B7B9A2F4BC31076C954,SHA256=08BE2EE23EE5A7722C4BACA3BD8F0EABA7A56302F0051E6802A36D35AB0BC41C,IMPHASH=F9F97E60CFCD78BE051D9570C88FFB6F",James.browne,C:\Windows\System32\conhost.exe,C:\Windows\System32\kernel32.dll,,,,,,,,-9223372036854775808,,,,,,,,,"Image loaded:
RuleName: -
UtcTime: 2022-04-15 12:06:06.034
ProcessGuid: {2d351099-5cae-5f5f-3104-000000000400}
ProcessId: 9992
Image: C:\Windows\System32\conhost.exe
ImageLoaded: C:\Windows\System32\kernel32.dll
FileVersion: 10.0.18362.1082 (WinBuild.160101.0800)
Description: Windows NT BASE API Client DLL
Product: Microsoft® Windows® Operating System
Company: Microsoft Corporation
OriginalFileName: kernel32
Hashes: SHA1=9044BFB6E7D920BB4586123237B512238F2EA726,MD5=B78D8D39F63C5B7B9A2F4BC31076C954,SHA256=08BE2EE23EE5A7722C4BACA3BD8F0EABA7A56302F0051E6802A36D35AB0BC41C,IMPHASH=F9F97E60CFCD78BE051D9570C88FFB6F
Signed: true
Signature: Microsoft Windows
SignatureStatus: Valid",,,,,,,,Info,0,kernel32,,,,,,,,,{2d351099-5cae-5f5f-3104-000000000400},9992,,Microsoft® Windows® Operating System,,{5770385F-C22A-43E0-BF4C-06F5698FFBD9},,,,423465,,,,,,,-,,INFO,2,,,Microsoft Windows,Valid,TRUE,,,,,,,eventlog,im_msvistalog,Microsoft-Windows-Sysmon,,,,,,,,,,,,,,,,,,,,,,,,7,,,,4688,,,,,S-1-5-18,2022-04-15 12:06:06,3,,,"{""EventID"":7,""RecordNumber"":423465,""ProviderGuid"":""{5770385F-C22A-43E0-BF4C-06F5698FFBD9}"",""SourceName"":""Microsoft-Windows-Sysmon"",""OpcodeValue"":0,""AccountName"":""SYSTEM"",""SignatureStatus"":""Valid"",""SourceModuleName"":""eventlog"",""ExecutionProcessID"":3524,""AccountType"":""User"",""Category"":""Image loaded (rule: ImageLoad)"",""Domain"":""NT AUTHORITY"",""port"":60427,""Company"":""Microsoft Corporation"",""ThreadID"":4688,""Severity"":""INFO"",""EventType"":""INFO"",""Signed"":""true"",""Channel"":""Microsoft-Windows-Sysmon/Operational"",""Opcode"":""Info"",""EventReceivedTime"":""2022-04-15 08:06:06"",""ImageLoaded"":""C:\\Windows\\System32\\kernel32.dll"",""Task"":7,""RuleName"":""-"",""Keywords"":-9223372036854775808,""Version"":3,""ProcessId"":""9992"",""Image"":""C:\\Windows\\System32\\conhost.exe"",""Product"":""Microsoft® Windows® Operating System"",""tags"":[""splunk""],""EventTime"":""2022-04-15 08:06:06"",""host"":""cybertees.net"",""SeverityValue"":2,""Message"":""Image loaded:\r\nRuleName: -\r\nUtcTime: 2022-04-15 12:06:06.034\r\nProcessGuid: {2d351099-5cae-5f5f-3104-000000000400}\r\nProcessId: 9992\r\nImage: C:\\Windows\\System32\\conhost.exe\r\nImageLoaded: C:\\Windows\\System32\\kernel32.dll\r\nFileVersion: 10.0.18362.1082 (WinBuild.160101.0800)\r\nDescription: Windows NT BASE API Client DLL\r\nProduct: Microsoft® Windows® Operating System\r\nCompany: Microsoft Corporation\r\nOriginalFileName: kernel32\r\nHashes: SHA1=9044BFB6E7D920BB4586123237B512238F2EA726,MD5=B78D8D39F63C5B7B9A2F4BC31076C954,SHA256=08BE2EE23EE5A7722C4BACA3BD8F0EABA7A56302F0051E6802A36D35AB0BC41C,IMPHASH=F9F97E60CFCD78BE051D9570C88FFB6F\r\nSigned: true\r\nSignature: Microsoft Windows\r\nSignatureStatus: Valid"",""UtcTime"":""2022-04-15 12:06:06.034"",""UserID"":""S-1-5-18"",""FileVersion"":""10.0.18362.1082 (WinBuild.160101.0800)"",""Description"":""Windows NT BASE API Client DLL"",""OriginalFileName"":""kernel32"",""timestamp"":""2022-04-15T12:06:06.960Z"",""Hashes"":""SHA1=9044BFB6E7D920BB4586123237B512238F2EA726,MD5=B78D8D39F63C5B7B9A2F4BC31076C954,SHA256=08BE2EE23EE5A7722C4BACA3BD8F0EABA7A56302F0051E6802A36D35AB0BC41C,IMPHASH=F9F97E60CFCD78BE051D9570C88FFB6F"",""Signature"":""Microsoft Windows"",""@version"":""1"",""SourceModuleType"":""im_msvistalog"",""Hostname"":""James.browne"",""ProcessGuid"":""{2d351099-5cae-5f5f-3104-000000000400}""}",2022-04-15T08:06:02.000+0000,8,15,6,april,2,friday,2022,local,,INFO,cybertees.net,cyber-host,windowslogs,1,60427,"{"""":,"""":,"""":""{----}"","""":""--"","""":,"""":"""","""":"""","""":""""",Event_logs.json,_json,ip-10-10-40-195,,splunk,,2022-04-15T12:06:06.960Z,
1,,,,SYSTEM,User,,,,,,Image loaded (rule: ImageLoad),Microsoft-Windows-Sysmon/Operational,,Microsoft Corporation,,,,Microsoft® Group Policy Update Utility,,,,,,,,,,,,NT AUTHORITY,,,,,7,,2022-04-15 8:06:06,2022-04-15 8:06:06,,3524,10.0.18362.1 (WinBuild.160101.0800),,,,,"SHA1=1529CB7F7DFA798337F781A71B583371E1D43F2B,MD5=D4F01BEC9CA921C13ED1BDD1BF1D2D24,SHA256=FE428F64B6920CBD542BF7097F009A576673888967CB5AE8803D310667ED428D,IMPHASH=874ADC3991B152C2F8C8ABC6E3F65A5C",James.browne,C:\Windows\System32\gpupdate.exe,C:\Windows\System32\gpupdate.exe,,,,,,,,-9223372036854775808,,,,,,,,,"Image loaded:
RuleName: -
UtcTime: 2022-04-15 12:06:06.018
ProcessGuid: {2d351099-5cae-5f5f-3004-000000000400}
ProcessId: 8940
Image: C:\Windows\System32\gpupdate.exe
ImageLoaded: C:\Windows\System32\gpupdate.exe
FileVersion: 10.0.18362.1 (WinBuild.160101.0800)
Description: Microsoft® Group Policy Update Utility
Product: Microsoft® Windows® Operating System
Company: Microsoft Corporation
OriginalFileName: GPUpdate.exe
Hashes: SHA1=1529CB7F7DFA798337F781A71B583371E1D43F2B,MD5=D4F01BEC9CA921C13ED1BDD1BF1D2D24,SHA256=FE428F64B6920CBD542BF7097F009A576673888967CB5AE8803D310667ED428D,IMPHASH=874ADC3991B152C2F8C8ABC6E3F65A5C
Signed: true
Signature: Microsoft Windows
SignatureStatus: Valid",,,,,,,,Info,0,GPUpdate.exe,,,,,,,,,{2d351099-5cae-5f5f-3004-000000000400},8940,,Microsoft® Windows® Operating System,,{5770385F-C22A-43E0-BF4C-06F5698FFBD9},,,,423464,,,,,,,-,,INFO,2,,,Microsoft Windows,Valid,TRUE,,,,,,,eventlog,im_msvistalog,Microsoft-Windows-Sysmon,,,,,,,,,,,,,,,,,,,,,,,,7,,,,4700,,,,,S-1-5-18,2022-04-15 12:06:06,3,,,"{""EventID"":7,""RecordNumber"":423464,""ProviderGuid"":""{5770385F-C22A-43E0-BF4C-06F5698FFBD9}"",""SourceName"":""Microsoft-Windows-Sysmon"",""OpcodeValue"":0,""AccountName"":""SYSTEM"",""SignatureStatus"":""Valid"",""SourceModuleName"":""eventlog"",""ExecutionProcessID"":3524,""AccountType"":""User"",""Category"":""Image loaded (rule: ImageLoad)"",""Domain"":""NT AUTHORITY"",""port"":60427,""Company"":""Microsoft Corporation"",""ThreadID"":4700,""Severity"":""INFO"",""EventType"":""INFO"",""Signed"":""true"",""Channel"":""Microsoft-Windows-Sysmon/Operational"",""Opcode"":""Info"",""EventReceivedTime"":""2022-04-15 08:06:06"",""ImageLoaded"":""C:\\Windows\\System32\\gpupdate.exe"",""Task"":7,""RuleName"":""-"",""Keywords"":-9223372036854775808,""Version"":3,""ProcessId"":""8940"",""Image"":""C:\\Windows\\System32\\gpupdate.exe"",""Product"":""Microsoft® Windows® Operating System"",""tags"":[""splunk""],""EventTime"":""2022-04-15 08:06:06"",""host"":""cybertees.net"",""SeverityValue"":2,""Message"":""Image loaded:\r\nRuleName: -\r\nUtcTime: 2022-04-15 12:06:06.018\r\nProcessGuid: {2d351099-5cae-5f5f-3004-000000000400}\r\nProcessId: 8940\r\nImage: C:\\Windows\\System32\\gpupdate.exe\r\nImageLoaded: C:\\Windows\\System32\\gpupdate.exe\r\nFileVersion: 10.0.18362.1 (WinBuild.160101.0800)\r\nDescription: Microsoft® Group Policy Update Utility\r\nProduct: Microsoft® Windows® Operating System\r\nCompany: Microsoft Corporation\r\nOriginalFileName: GPUpdate.exe\r\nHashes: SHA1=1529CB7F7DFA798337F781A71B583371E1D43F2B,MD5=D4F01BEC9CA921C13ED1BDD1BF1D2D24,SHA256=FE428F64B6920CBD542BF7097F009A576673888967CB5AE8803D310667ED428D,IMPHASH=874ADC3991B152C2F8C8ABC6E3F65A5C\r\nSigned: true\r\nSignature: Microsoft Windows\r\nSignatureStatus: Valid"",""UtcTime"":""2022-04-15 12:06:06.018"",""UserID"":""S-1-5-18"",""FileVersion"":""10.0.18362.1 (WinBuild.160101.0800)"",""Description"":""Microsoft® Group Policy Update Utility"",""OriginalFileName"":""GPUpdate.exe"",""timestamp"":""2022-04-15T12:06:06.960Z"",""Hashes"":""SHA1=1529CB7F7DFA798337F781A71B583371E1D43F2B,MD5=D4F01BEC9CA921C13ED1BDD1BF1D2D24,SHA256=FE428F64B6920CBD542BF7097F009A576673888967CB5AE8803D310667ED428D,IMPHASH=874ADC3991B152C2F8C8ABC6E3F65A5C"",""Signature"":""Microsoft Windows"",""@version"":""1"",""SourceModuleType"":""im_msvistalog"",""Hostname"":""James.browne"",""ProcessGuid"":""{2d351099-5cae-5f5f-3004-000000000400}""}",2022-04-15T08:06:02.000+0000,8,15,6,april,2,friday,2022,local,,INFO,cybertees.net,cyber-host,windowslogs,1,60427,"{"""":,"""":,"""":""{----}"","""":""--"","""":,"""":"""","""":"""","""":""""",Event_logs.json,_json,ip-10-10-40-195,,splunk,,2022-04-15T12:06:06.960Z,
1,,,,SYSTEM,User,,,,,,RawAccessRead detected (rule: RawAccessRead),Microsoft-Windows-Sysmon/Operational,,,,,,,,,,,,,,,\Device\HarddiskVolume2,,,NT AUTHORITY,,,,,9,,2022-04-15 8:06:06,2022-04-15 8:06:06,,3524,,,,,,,James.browne,System,,,,,,,,,-9223372036854775808,,,,,,,,,"RawAccessRead detected:
RuleName: -
UtcTime: 2022-04-15 12:06:06.018
ProcessGuid: {2d351099-43c6-5f5f-0100-000000000400}
ProcessId: 4
Image: System
Device: \Device\HarddiskVolume2",,,,,,,,Info,0,,,,,,,,,,{2d351099-43c6-5f5f-0100-000000000400},4,,,,{5770385F-C22A-43E0-BF4C-06F5698FFBD9},,,,423463,,,,,,,-,,INFO,2,,,,,,,,,,,,eventlog,im_msvistalog,Microsoft-Windows-Sysmon,,,,,,,,,,,,,,,,,,,,,,,,9,,,,4688,,,,,S-1-5-18,2022-04-15 12:06:06,2,,,"{""Image"":""System"",""ProcessId"":""4"",""EventID"":9,""tags"":[""splunk""],""RecordNumber"":423463,""ProviderGuid"":""{5770385F-C22A-43E0-BF4C-06F5698FFBD9}"",""SourceName"":""Microsoft-Windows-Sysmon"",""OpcodeValue"":0,""EventTime"":""2022-04-15 08:06:06"",""AccountName"":""SYSTEM"",""host"":""cybertees.net"",""SeverityValue"":2,""ExecutionProcessID"":3524,""AccountType"":""User"",""Category"":""RawAccessRead detected (rule: RawAccessRead)"",""SourceModuleName"":""eventlog"",""Domain"":""NT AUTHORITY"",""Message"":""RawAccessRead detected:\r\nRuleName: -\r\nUtcTime: 2022-04-15 12:06:06.018\r\nProcessGuid: {2d351099-43c6-5f5f-0100-000000000400}\r\nProcessId: 4\r\nImage: System\r\nDevice: \\Device\\HarddiskVolume2"",""port"":60427,""UserID"":""S-1-5-18"",""UtcTime"":""2022-04-15 12:06:06.018"",""timestamp"":""2022-04-15T12:06:06.960Z"",""ThreadID"":4688,""Severity"":""INFO"",""EventType"":""INFO"",""Channel"":""Microsoft-Windows-Sysmon/Operational"",""Opcode"":""Info"",""EventReceivedTime"":""2022-04-15 08:06:06"",""Device"":""\\Device\\HarddiskVolume2"",""@version"":""1"",""Task"":9,""SourceModuleType"":""im_msvistalog"",""RuleName"":""-"",""Hostname"":""James.browne"",""Keywords"":-9223372036854775808,""Version"":2,""ProcessGuid"":""{2d351099-43c6-5f5f-0100-000000000400}""}",2022-04-15T08:06:02.000+0000,8,15,6,april,2,friday,2022,local,,INFO,cybertees.net,cyber-host,windowslogs,1,60427,"{"""":"""","""":"""","""":,"""":[""""],"""":,"""":""{----}"","""":""--"",""",Event_logs.json,_json,ip-10-10-40-195,,splunk,,2022-04-15T12:06:06.960Z,
1,,,,SYSTEM,User,,,,,,RawAccessRead detected (rule: RawAccessRead),Microsoft-Windows-Sysmon/Operational,,,,,,,,,,,,,,,\Device\HarddiskVolume3,,,NT AUTHORITY,,,,,9,,2022-04-15 8:06:06,2022-04-15 8:06:06,,3524,,,,,,,James.browne,System,,,,,,,,,-9223372036854775808,,,,,,,,,"RawAccessRead detected:
RuleName: -
UtcTime: 2022-04-15 12:06:06.018
ProcessGuid: {2d351099-43c6-5f5f-0100-000000000400}
ProcessId: 4
Image: System
Device: \Device\HarddiskVolume3",,,,,,,,Info,0,,,,,,,,,,{2d351099-43c6-5f5f-0100-000000000400},4,,,,{5770385F-C22A-43E0-BF4C-06F5698FFBD9},,,,423462,,,,,,,-,,INFO,2,,,,,,,,,,,,eventlog,im_msvistalog,Microsoft-Windows-Sysmon,,,,,,,,,,,,,,,,,,,,,,,,9,,,,4688,,,,,S-1-5-18,2022-04-15 12:06:06,2,,,"{""Image"":""System"",""ProcessId"":""4"",""EventID"":9,""tags"":[""splunk""],""RecordNumber"":423462,""ProviderGuid"":""{5770385F-C22A-43E0-BF4C-06F5698FFBD9}"",""SourceName"":""Microsoft-Windows-Sysmon"",""OpcodeValue"":0,""EventTime"":""2022-04-15 08:06:06"",""AccountName"":""SYSTEM"",""host"":""cybertees.net"",""SeverityValue"":2,""ExecutionProcessID"":3524,""AccountType"":""User"",""Category"":""RawAccessRead detected (rule: RawAccessRead)"",""SourceModuleName"":""eventlog"",""Domain"":""NT AUTHORITY"",""Message"":""RawAccessRead detected:\r\nRuleName: -\r\nUtcTime: 2022-04-15 12:06:06.018\r\nProcessGuid: {2d351099-43c6-5f5f-0100-000000000400}\r\nProcessId: 4\r\nImage: System\r\nDevice: \\Device\\HarddiskVolume3"",""port"":60427,""UserID"":""S-1-5-18"",""UtcTime"":""2022-04-15 12:06:06.018"",""timestamp"":""2022-04-15T12:06:06.959Z"",""ThreadID"":4688,""Severity"":""INFO"",""EventType"":""INFO"",""Channel"":""Microsoft-Windows-Sysmon/Operational"",""Opcode"":""Info"",""EventReceivedTime"":""2022-04-15 08:06:06"",""Device"":""\\Device\\HarddiskVolume3"",""@version"":""1"",""Task"":9,""SourceModuleType"":""im_msvistalog"",""RuleName"":""-"",""Hostname"":""James.browne"",""Keywords"":-9223372036854775808,""Version"":2,""ProcessGuid"":""{2d351099-43c6-5f5f-0100-000000000400}""}",2022-04-15T08:06:02.000+0000,8,15,6,april,2,friday,2022,local,,INFO,cybertees.net,cyber-host,windowslogs,1,60427,"{"""":"""","""":"""","""":,"""":[""""],"""":,"""":""{----}"","""":""--"",""",Event_logs.json,_json,ip-10-10-40-195,,splunk,,2022-04-15T12:06:06.959Z,
1,,,,SYSTEM,User,,,,,,RawAccessRead detected (rule: RawAccessRead),Microsoft-Windows-Sysmon/Operational,,,,,,,,,,,,,,,\Device\HarddiskVolume1,,,NT AUTHORITY,,,,,9,,2022-04-15 8:06:06,2022-04-15 8:06:06,,3524,,,,,,,James.browne,System,,,,,,,,,-9223372036854775808,,,,,,,,,"RawAccessRead detected:
RuleName: -
UtcTime: 2022-04-15 12:06:06.018
ProcessGuid: {2d351099-43c6-5f5f-0100-000000000400}
ProcessId: 4
Image: System
Device: \Device\HarddiskVolume1",,,,,,,,Info,0,,,,,,,,,,{2d351099-43c6-5f5f-0100-000000000400},4,,,,{5770385F-C22A-43E0-BF4C-06F5698FFBD9},,,,423461,,,,,,,-,,INFO,2,,,,,,,,,,,,eventlog,im_msvistalog,Microsoft-Windows-Sysmon,,,,,,,,,,,,,,,,,,,,,,,,9,,,,4688,,,,,S-1-5-18,2022-04-15 12:06:06,2,,,"{""Image"":""System"",""ProcessId"":""4"",""EventID"":9,""tags"":[""splunk""],""RecordNumber"":423461,""ProviderGuid"":""{5770385F-C22A-43E0-BF4C-06F5698FFBD9}"",""SourceName"":""Microsoft-Windows-Sysmon"",""OpcodeValue"":0,""EventTime"":""2022-04-15 08:06:06"",""AccountName"":""SYSTEM"",""host"":""cybertees.net"",""SeverityValue"":2,""ExecutionProcessID"":3524,""AccountType"":""User"",""Category"":""RawAccessRead detected (rule: RawAccessRead)"",""SourceModuleName"":""eventlog"",""Domain"":""NT AUTHORITY"",""Message"":""RawAccessRead detected:\r\nRuleName: -\r\nUtcTime: 2022-04-15 12:06:06.018\r\nProcessGuid: {2d351099-43c6-5f5f-0100-000000000400}\r\nProcessId: 4\r\nImage: System\r\nDevice: \\Device\\HarddiskVolume1"",""port"":60427,""UserID"":""S-1-5-18"",""UtcTime"":""2022-04-15 12:06:06.018"",""timestamp"":""2022-04-15T12:06:06.959Z"",""ThreadID"":4688,""Severity"":""INFO"",""EventType"":""INFO"",""Channel"":""Microsoft-Windows-Sysmon/Operational"",""Opcode"":""Info"",""EventReceivedTime"":""2022-04-15 08:06:06"",""Device"":""\\Device\\HarddiskVolume1"",""@version"":""1"",""Task"":9,""SourceModuleType"":""im_msvistalog"",""RuleName"":""-"",""Hostname"":""James.browne"",""Keywords"":-9223372036854775808,""Version"":2,""ProcessGuid"":""{2d351099-43c6-5f5f-0100-000000000400}""}",2022-04-15T08:06:02.000+0000,8,15,6,april,2,friday,2022,local,,INFO,cybertees.net,cyber-host,windowslogs,1,60427,"{"""":"""","""":"""","""":,"""":[""""],"""":,"""":""{----}"","""":""--"",""",Event_logs.json,_json,ip-10-10-40-195,,splunk,,2022-04-15T12:06:06.959Z,
1,,,,SYSTEM,User,,,,,,Image loaded (rule: ImageLoad),Microsoft-Windows-Sysmon/Operational,,Microsoft Corporation,,,,NT Layer DLL,,,,,,,,,,,,NT AUTHORITY,,,,,7,,2022-04-15 8:06:06,2022-04-15 8:06:06,,3524,10.0.18362.1049 (WinBuild.160101.0800),,,,,"SHA1=BFD8EE26537D8C30A5FE2C9753AEED3BB6930004,MD5=BD5F9D4684E7BCB9D41D298297A73956,SHA256=FB9DA8BAF27DADDE620C2D8D3CADDD4CF7BF405A9BC8E870A73B6CF163046176,IMPHASH=00000000000000000000000000000000",James.browne,C:\Windows\System32\conhost.exe,C:\Windows\System32\ntdll.dll,,,,,,,,-9223372036854775808,,,,,,,,,"Image loaded:
RuleName: -
UtcTime: 2022-04-15 12:06:06.018
ProcessGuid: {2d351099-5cae-5f5f-3104-000000000400}
ProcessId: 9992
Image: C:\Windows\System32\conhost.exe
ImageLoaded: C:\Windows\System32\ntdll.dll
FileVersion: 10.0.18362.1049 (WinBuild.160101.0800)
Description: NT Layer DLL
Product: Microsoft® Windows® Operating System
Company: Microsoft Corporation
OriginalFileName: ntdll.dll
Hashes: SHA1=BFD8EE26537D8C30A5FE2C9753AEED3BB6930004,MD5=BD5F9D4684E7BCB9D41D298297A73956,SHA256=FB9DA8BAF27DADDE620C2D8D3CADDD4CF7BF405A9BC8E870A73B6CF163046176,IMPHASH=00000000000000000000000000000000
Signed: true
Signature: Microsoft Windows
SignatureStatus: Valid",,,,,,,,Info,0,ntdll.dll,,,,,,,,,{2d351099-5cae-5f5f-3104-000000000400},9992,,Microsoft® Windows® Operating System,,{5770385F-C22A-43E0-BF4C-06F5698FFBD9},,,,423460,,,,,,,-,,INFO,2,,,Microsoft Windows,Valid,TRUE,,,,,,,eventlog,im_msvistalog,Microsoft-Windows-Sysmon,,,,,,,,,,,,,,,,,,,,,,,,7,,,,4688,,,,,S-1-5-18,2022-04-15 12:06:06,3,,,"{""EventID"":7,""RecordNumber"":423460,""ProviderGuid"":""{5770385F-C22A-43E0-BF4C-06F5698FFBD9}"",""SourceName"":""Microsoft-Windows-Sysmon"",""OpcodeValue"":0,""AccountName"":""SYSTEM"",""SignatureStatus"":""Valid"",""SourceModuleName"":""eventlog"",""ExecutionProcessID"":3524,""AccountType"":""User"",""Category"":""Image loaded (rule: ImageLoad)"",""Domain"":""NT AUTHORITY"",""port"":60427,""Company"":""Microsoft Corporation"",""ThreadID"":4688,""Severity"":""INFO"",""EventType"":""INFO"",""Signed"":""true"",""Channel"":""Microsoft-Windows-Sysmon/Operational"",""Opcode"":""Info"",""EventReceivedTime"":""2022-04-15 08:06:06"",""ImageLoaded"":""C:\\Windows\\System32\\ntdll.dll"",""Task"":7,""RuleName"":""-"",""Keywords"":-9223372036854775808,""Version"":3,""ProcessId"":""9992"",""Image"":""C:\\Windows\\System32\\conhost.exe"",""Product"":""Microsoft® Windows® Operating System"",""tags"":[""splunk""],""EventTime"":""2022-04-15 08:06:06"",""host"":""cybertees.net"",""SeverityValue"":2,""Message"":""Image loaded:\r\nRuleName: -\r\nUtcTime: 2022-04-15 12:06:06.018\r\nProcessGuid: {2d351099-5cae-5f5f-3104-000000000400}\r\nProcessId: 9992\r\nImage: C:\\Windows\\System32\\conhost.exe\r\nImageLoaded: C:\\Windows\\System32\\ntdll.dll\r\nFileVersion: 10.0.18362.1049 (WinBuild.160101.0800)\r\nDescription: NT Layer DLL\r\nProduct: Microsoft® Windows® Operating System\r\nCompany: Microsoft Corporation\r\nOriginalFileName: ntdll.dll\r\nHashes: SHA1=BFD8EE26537D8C30A5FE2C9753AEED3BB6930004,MD5=BD5F9D4684E7BCB9D41D298297A73956,SHA256=FB9DA8BAF27DADDE620C2D8D3CADDD4CF7BF405A9BC8E870A73B6CF163046176,IMPHASH=00000000000000000000000000000000\r\nSigned: true\r\nSignature: Microsoft Windows\r\nSignatureStatus: Valid"",""UtcTime"":""2022-04-15 12:06:06.018"",""UserID"":""S-1-5-18"",""FileVersion"":""10.0.18362.1049 (WinBuild.160101.0800)"",""Description"":""NT Layer DLL"",""OriginalFileName"":""ntdll.dll"",""timestamp"":""2022-04-15T12:06:06.958Z"",""Hashes"":""SHA1=BFD8EE26537D8C30A5FE2C9753AEED3BB6930004,MD5=BD5F9D4684E7BCB9D41D298297A73956,SHA256=FB9DA8BAF27DADDE620C2D8D3CADDD4CF7BF405A9BC8E870A73B6CF163046176,IMPHASH=00000000000000000000000000000000"",""Signature"":""Microsoft Windows"",""@version"":""1"",""SourceModuleType"":""im_msvistalog"",""Hostname"":""James.browne"",""ProcessGuid"":""{2d351099-5cae-5f5f-3104-000000000400}""}",2022-04-15T08:06:02.000+0000,8,15,6,april,2,friday,2022,local,,INFO,cybertees.net,cyber-host,windowslogs,1,60427,"{"""":,"""":,"""":""{----}"","""":""--"","""":,"""":"""","""":"""","""":""""",Event_logs.json,_json,ip-10-10-40-195,,splunk,,2022-04-15T12:06:06.958Z,
1,,,,SYSTEM,User,,,,,,Image loaded (rule: ImageLoad),Microsoft-Windows-Sysmon/Operational,,Microsoft Corporation,,,,Console Window Host,,,,,,,,,,,,NT AUTHORITY,,,,,7,,2022-04-15 8:06:06,2022-04-15 8:06:06,,3524,10.0.18362.1 (WinBuild.160101.0800),,,,,"SHA1=11996F32DD85863A8C3BFF6D520F788A9211C8F7,MD5=C5E9B1D1103EDCEA2E408E9497A5A88F,SHA256=BAF97B2A629723947539CFF84E896CD29565AB4BB68B0CEC515EB5C5D6637B69,IMPHASH=F8DD0EF565DE87D97ABF9C62EA63EC21",James.browne,C:\Windows\System32\conhost.exe,C:\Windows\System32\conhost.exe,,,,,,,,-9223372036854775808,,,,,,,,,"Image loaded:
RuleName: -
UtcTime: 2022-04-15 12:06:06.018
ProcessGuid: {2d351099-5cae-5f5f-3104-000000000400}
ProcessId: 9992
Image: C:\Windows\System32\conhost.exe
ImageLoaded: C:\Windows\System32\conhost.exe
FileVersion: 10.0.18362.1 (WinBuild.160101.0800)
Description: Console Window Host
Product: Microsoft® Windows® Operating System
Company: Microsoft Corporation
OriginalFileName: CONHOST.EXE
Hashes: SHA1=11996F32DD85863A8C3BFF6D520F788A9211C8F7,MD5=C5E9B1D1103EDCEA2E408E9497A5A88F,SHA256=BAF97B2A629723947539CFF84E896CD29565AB4BB68B0CEC515EB5C5D6637B69,IMPHASH=F8DD0EF565DE87D97ABF9C62EA63EC21
Signed: true
Signature: Microsoft Windows
SignatureStatus: Valid",,,,,,,,Info,0,CONHOST.EXE,,,,,,,,,{2d351099-5cae-5f5f-3104-000000000400},9992,,Microsoft® Windows® Operating System,,{5770385F-C22A-43E0-BF4C-06F5698FFBD9},,,,423459,,,,,,,-,,INFO,2,,,Microsoft Windows,Valid,TRUE,,,,,,,eventlog,im_msvistalog,Microsoft-Windows-Sysmon,,,,,,,,,,,,,,,,,,,,,,,,7,,,,4688,,,,,S-1-5-18,2022-04-15 12:06:06,3,,,"{""EventID"":7,""RecordNumber"":423459,""ProviderGuid"":""{5770385F-C22A-43E0-BF4C-06F5698FFBD9}"",""SourceName"":""Microsoft-Windows-Sysmon"",""OpcodeValue"":0,""AccountName"":""SYSTEM"",""SignatureStatus"":""Valid"",""SourceModuleName"":""eventlog"",""ExecutionProcessID"":3524,""AccountType"":""User"",""Category"":""Image loaded (rule: ImageLoad)"",""Domain"":""NT AUTHORITY"",""port"":60427,""Company"":""Microsoft Corporation"",""ThreadID"":4688,""Severity"":""INFO"",""EventType"":""INFO"",""Signed"":""true"",""Channel"":""Microsoft-Windows-Sysmon/Operational"",""Opcode"":""Info"",""EventReceivedTime"":""2022-04-15 08:06:06"",""ImageLoaded"":""C:\\Windows\\System32\\conhost.exe"",""Task"":7,""RuleName"":""-"",""Keywords"":-9223372036854775808,""Version"":3,""ProcessId"":""9992"",""Image"":""C:\\Windows\\System32\\conhost.exe"",""Product"":""Microsoft® Windows® Operating System"",""tags"":[""splunk""],""EventTime"":""2022-04-15 08:06:06"",""host"":""cybertees.net"",""SeverityValue"":2,""Message"":""Image loaded:\r\nRuleName: -\r\nUtcTime: 2022-04-15 12:06:06.018\r\nProcessGuid: {2d351099-5cae-5f5f-3104-000000000400}\r\nProcessId: 9992\r\nImage: C:\\Windows\\System32\\conhost.exe\r\nImageLoaded: C:\\Windows\\System32\\conhost.exe\r\nFileVersion: 10.0.18362.1 (WinBuild.160101.0800)\r\nDescription: Console Window Host\r\nProduct: Microsoft® Windows® Operating System\r\nCompany: Microsoft Corporation\r\nOriginalFileName: CONHOST.EXE\r\nHashes: SHA1=11996F32DD85863A8C3BFF6D520F788A9211C8F7,MD5=C5E9B1D1103EDCEA2E408E9497A5A88F,SHA256=BAF97B2A629723947539CFF84E896CD29565AB4BB68B0CEC515EB5C5D6637B69,IMPHASH=F8DD0EF565DE87D97ABF9C62EA63EC21\r\nSigned: true\r\nSignature: Microsoft Windows\r\nSignatureStatus: Valid"",""UtcTime"":""2022-04-15 12:06:06.018"",""UserID"":""S-1-5-18"",""FileVersion"":""10.0.18362.1 (WinBuild.160101.0800)"",""Description"":""Console Window Host"",""OriginalFileName"":""CONHOST.EXE"",""timestamp"":""2022-04-15T12:06:06.958Z"",""Hashes"":""SHA1=11996F32DD85863A8C3BFF6D520F788A9211C8F7,MD5=C5E9B1D1103EDCEA2E408E9497A5A88F,SHA256=BAF97B2A629723947539CFF84E896CD29565AB4BB68B0CEC515EB5C5D6637B69,IMPHASH=F8DD0EF565DE87D97ABF9C62EA63EC21"",""Signature"":""Microsoft Windows"",""@version"":""1"",""SourceModuleType"":""im_msvistalog"",""Hostname"":""James.browne"",""ProcessGuid"":""{2d351099-5cae-5f5f-3104-000000000400}""}",2022-04-15T08:06:02.000+0000,8,15,6,april,2,friday,2022,local,,INFO,cybertees.net,cyber-host,windowslogs,1,60427,"{"""":,"""":,"""":""{----}"","""":""--"","""":,"""":"""","""":"""","""":""""",Event_logs.json,_json,ip-10-10-40-195,,splunk,,2022-04-15T12:06:06.958Z,
1,,,,SYSTEM,User,,,,,,Process Create (rule: ProcessCreate),Microsoft-Windows-Sysmon/Operational,\??\C:\windows\system32\conhost.exe 0xffffffff -ForceV1,Microsoft Corporation,,,C:\windows,Console Window Host,,,,,,,,,,,,NT AUTHORITY,,,,,1,,2022-04-15 8:06:06,2022-04-15 8:06:06,,3524,10.0.18362.1 (WinBuild.160101.0800),,,,,"SHA1=11996F32DD85863A8C3BFF6D520F788A9211C8F7,MD5=C5E9B1D1103EDCEA2E408E9497A5A88F,SHA256=BAF97B2A629723947539CFF84E896CD29565AB4BB68B0CEC515EB5C5D6637B69,IMPHASH=F8DD0EF565DE87D97ABF9C62EA63EC21",James.browne,C:\Windows\System32\conhost.exe,,,,System,,,,,-9223372036854775808,,,,{2d351099-43cd-5f5f-e403-000000000000},0x3e4,,,,"Process Create:
RuleName: -
UtcTime: 2022-04-15 12:06:06.031
ProcessGuid: {2d351099-5cae-5f5f-3104-000000000400}
ProcessId: 9992
Image: C:\Windows\System32\conhost.exe
FileVersion: 10.0.18362.1 (WinBuild.160101.0800)
Description: Console Window Host
Product: Microsoft® Windows® Operating System
Company: Microsoft Corporation
OriginalFileName: CONHOST.EXE
CommandLine: \??\C:\windows\system32\conhost.exe 0xffffffff -ForceV1
CurrentDirectory: C:\windows
User: NT AUTHORITY\NETWORK SERVICE
LogonGuid: {2d351099-43cd-5f5f-e403-000000000000}
LogonId: 0x3E4
TerminalSessionId: 0
IntegrityLevel: System
Hashes: SHA1=11996F32DD85863A8C3BFF6D520F788A9211C8F7,MD5=C5E9B1D1103EDCEA2E408E9497A5A88F,SHA256=BAF97B2A629723947539CFF84E896CD29565AB4BB68B0CEC515EB5C5D6637B69,IMPHASH=F8DD0EF565DE87D97ABF9C62EA63EC21
ParentProcessGuid: {2d351099-5cae-5f5f-3004-000000000400}
ParentProcessId: 8940
ParentImage: C:\Windows\System32\gpupdate.exe
ParentCommandLine: gpupdate.exe /target:computer",,,,,,,,Info,0,CONHOST.EXE,gpupdate.exe /target:computer,C:\Windows\System32\gpupdate.exe,{2d351099-5cae-5f5f-3004-000000000400},8940,,,,,{2d351099-5cae-5f5f-3104-000000000400},9992,,Microsoft® Windows® Operating System,,{5770385F-C22A-43E0-BF4C-06F5698FFBD9},,,,423458,,,,,,,-,,INFO,2,,,,,,,,,,,,eventlog,im_msvistalog,Microsoft-Windows-Sysmon,,,,,,,,,,,,,,,,,,,,,,,,1,,,0,4688,,,,NT AUTHORITY\NETWORK SERVICE,S-1-5-18,2022-04-15 12:06:06,5,,,"{""EventID"":1,""RecordNumber"":423458,""ProviderGuid"":""{5770385F-C22A-43E0-BF4C-06F5698FFBD9}"",""SourceName"":""Microsoft-Windows-Sysmon"",""OpcodeValue"":0,""AccountName"":""SYSTEM"",""SourceModuleName"":""eventlog"",""ExecutionProcessID"":3524,""AccountType"":""User"",""Category"":""Process Create (rule: ProcessCreate)"",""Domain"":""NT AUTHORITY"",""User"":""NT AUTHORITY\\NETWORK SERVICE"",""port"":60427,""Company"":""Microsoft Corporation"",""ParentProcessId"":""8940"",""ThreadID"":4688,""CurrentDirectory"":""C:\\windows"",""Severity"":""INFO"",""IntegrityLevel"":""System"",""EventType"":""INFO"",""TerminalSessionId"":""0"",""Channel"":""Microsoft-Windows-Sysmon/Operational"",""ParentImage"":""C:\\Windows\\System32\\gpupdate.exe"",""Opcode"":""Info"",""EventReceivedTime"":""2022-04-15 08:06:06"",""Task"":1,""LogonGuid"":""{2d351099-43cd-5f5f-e403-000000000000}"",""RuleName"":""-"",""Keywords"":-9223372036854775808,""Version"":5,""ProcessId"":""9992"",""Image"":""C:\\Windows\\System32\\conhost.exe"",""Product"":""Microsoft® Windows® Operating System"",""tags"":[""splunk""],""EventTime"":""2022-04-15 08:06:06"",""CommandLine"":""\\??\\C:\\windows\\system32\\conhost.exe 0xffffffff -ForceV1"",""host"":""cybertees.net"",""SeverityValue"":2,""Message"":""Process Create:\r\nRuleName: -\r\nUtcTime: 2022-04-15 12:06:06.031\r\nProcessGuid: {2d351099-5cae-5f5f-3104-000000000400}\r\nProcessId: 9992\r\nImage: C:\\Windows\\System32\\conhost.exe\r\nFileVersion: 10.0.18362.1 (WinBuild.160101.0800)\r\nDescription: Console Window Host\r\nProduct: Microsoft® Windows® Operating System\r\nCompany: Microsoft Corporation\r\nOriginalFileName: CONHOST.EXE\r\nCommandLine: \\??\\C:\\windows\\system32\\conhost.exe 0xffffffff -ForceV1\r\nCurrentDirectory: C:\\windows\r\nUser: NT AUTHORITY\\NETWORK SERVICE\r\nLogonGuid: {2d351099-43cd-5f5f-e403-000000000000}\r\nLogonId: 0x3E4\r\nTerminalSessionId: 0\r\nIntegrityLevel: System\r\nHashes: SHA1=11996F32DD85863A8C3BFF6D520F788A9211C8F7,MD5=C5E9B1D1103EDCEA2E408E9497A5A88F,SHA256=BAF97B2A629723947539CFF84E896CD29565AB4BB68B0CEC515EB5C5D6637B69,IMPHASH=F8DD0EF565DE87D97ABF9C62EA63EC21\r\nParentProcessGuid: {2d351099-5cae-5f5f-3004-000000000400}\r\nParentProcessId: 8940\r\nParentImage: C:\\Windows\\System32\\gpupdate.exe\r\nParentCommandLine: gpupdate.exe /target:computer"",""UtcTime"":""2022-04-15 12:06:06.031"",""UserID"":""S-1-5-18"",""FileVersion"":""10.0.18362.1 (WinBuild.160101.0800)"",""Description"":""Console Window Host"",""OriginalFileName"":""CONHOST.EXE"",""timestamp"":""2022-04-15T12:06:06.957Z"",""Hashes"":""SHA1=11996F32DD85863A8C3BFF6D520F788A9211C8F7,MD5=C5E9B1D1103EDCEA2E408E9497A5A88F,SHA256=BAF97B2A629723947539CFF84E896CD29565AB4BB68B0CEC515EB5C5D6637B69,IMPHASH=F8DD0EF565DE87D97ABF9C62EA63EC21"",""LogonId"":""0x3e4"",""ParentCommandLine"":""gpupdate.exe /target:computer"",""ParentProcessGuid"":""{2d351099-5cae-5f5f-3004-000000000400}"",""@version"":""1"",""SourceModuleType"":""im_msvistalog"",""Hostname"":""James.browne"",""ProcessGuid"":""{2d351099-5cae-5f5f-3104-000000000400}""}",2022-04-15T08:06:02.000+0000,8,15,6,april,2,friday,2022,local,,INFO,cybertees.net,cyber-host,windowslogs,1,60427,"{"""":,"""":,"""":""{----}"","""":""--"","""":,"""":"""","""":"""","""":,""",Event_logs.json,_json,ip-10-10-40-195,,splunk,,2022-04-15T12:06:06.957Z,
1,,,,SYSTEM,User,,,,,,Registry value set (rule: RegistryEvent),Microsoft-Windows-Sysmon/Operational,,,,,,,,,,,,,,Binary Data,,,,NT AUTHORITY,,,,,13,,2022-04-15 8:06:06,2022-04-15 8:06:06,INFO,3524,,,,,,,James.browne,C:\windows\system32\svchost.exe,,,,,,,,,-9223372036854775808,,,,,,,,,"Registry value set:
RuleName: -
EventType: SetValue
UtcTime: 2022-04-15 12:06:06.018
ProcessGuid: {2d351099-43cf-5f5f-2000-000000000400}
ProcessId: 1388
Image: C:\windows\system32\svchost.exe
TargetObject: HKLM\SOFTWARE\Microsoft\Windows NT\CurrentVersion\Schedule\TaskCache\Tasks\{1B03A2AD-45CC-4638-8355-27EFAEA734F5}\DynamicInfo
Details: Binary Data",,,,,,,,Info,0,,,,,,,,,,{2d351099-43cf-5f5f-2000-000000000400},1388,,,,{5770385F-C22A-43E0-BF4C-06F5698FFBD9},,,,423457,,,,,,,-,,INFO,2,,,,,,,,,,,,eventlog,im_msvistalog,Microsoft-Windows-Sysmon,,,,,,,,,,,,,,,,,HKLM\SOFTWARE\Microsoft\Windows NT\CurrentVersion\Schedule\TaskCache\Tasks\{1B03A2AD-45CC-4638-8355-27EFAEA734F5}\DynamicInfo,,,,,,,13,,,,4688,,,,,S-1-5-18,2022-04-15 12:06:06,2,,,"{""Image"":""C:\\windows\\system32\\svchost.exe"",""ProcessId"":""1388"",""EventID"":13,""tags"":[""splunk""],""RecordNumber"":423457,""ProviderGuid"":""{5770385F-C22A-43E0-BF4C-06F5698FFBD9}"",""SourceName"":""Microsoft-Windows-Sysmon"",""OpcodeValue"":0,""EventTime"":""2022-04-15 08:06:06"",""AccountName"":""SYSTEM"",""host"":""cybertees.net"",""SeverityValue"":2,""ExecutionProcessID"":3524,""AccountType"":""User"",""Category"":""Registry value set (rule: RegistryEvent)"",""SourceModuleName"":""eventlog"",""Domain"":""NT AUTHORITY"",""Message"":""Registry value set:\r\nRuleName: -\r\nEventType: SetValue\r\nUtcTime: 2022-04-15 12:06:06.018\r\nProcessGuid: {2d351099-43cf-5f5f-2000-000000000400}\r\nProcessId: 1388\r\nImage: C:\\windows\\system32\\svchost.exe\r\nTargetObject: HKLM\\SOFTWARE\\Microsoft\\Windows NT\\CurrentVersion\\Schedule\\TaskCache\\Tasks\\{1B03A2AD-45CC-4638-8355-27EFAEA734F5}\\DynamicInfo\r\nDetails: Binary Data"",""port"":60427,""UserID"":""S-1-5-18"",""UtcTime"":""2022-04-15 12:06:06.018"",""timestamp"":""2022-04-15T12:06:06.957Z"",""ThreadID"":4688,""Severity"":""INFO"",""EventTypeOrignal"":""INFO"",""EventType"":""SetValue"",""Channel"":""Microsoft-Windows-Sysmon/Operational"",""TargetObject"":""HKLM\\SOFTWARE\\Microsoft\\Windows NT\\CurrentVersion\\Schedule\\TaskCache\\Tasks\\{1B03A2AD-45CC-4638-8355-27EFAEA734F5}\\DynamicInfo"",""Details"":""Binary Data"",""Opcode"":""Info"",""EventReceivedTime"":""2022-04-15 08:06:06"",""@version"":""1"",""Task"":13,""SourceModuleType"":""im_msvistalog"",""RuleName"":""-"",""Hostname"":""James.browne"",""Keywords"":-9223372036854775808,""Version"":2,""ProcessGuid"":""{2d351099-43cf-5f5f-2000-000000000400}""}",2022-04-15T08:06:02.000+0000,8,15,6,april,2,friday,2022,local,,SetValue,cybertees.net,cyber-host,windowslogs,1,60427,"{"""":"":\\\\\\."","""":"""","""":,"""":[""""],"""":,"""":""{----}"",""",Event_logs.json,_json,ip-10-10-40-195,,splunk,,2022-04-15T12:06:06.957Z,
1,,,,SYSTEM,User,,,,,,Registry object added or deleted (rule: RegistryEvent),Microsoft-Windows-Sysmon/Operational,,,,,,,,,,,,,,,,,,NT AUTHORITY,,,,,12,,2022-04-15 8:06:06,2022-04-15 8:06:06,INFO,3524,,,,,,,James.browne,C:\windows\system32\svchost.exe,,,,,,,,,-9223372036854775808,,,,,,,,,"Registry object added or deleted:
RuleName: -
EventType: CreateKey
UtcTime: 2022-04-15 12:06:06.018
ProcessGuid: {2d351099-43cf-5f5f-2000-000000000400}
ProcessId: 1388
Image: C:\windows\system32\svchost.exe
TargetObject: HKLM\SOFTWARE\Microsoft\Windows NT\CurrentVersion\Schedule\TaskCache\Tasks\{1B03A2AD-45CC-4638-8355-27EFAEA734F5}",,,,,,,,Info,0,,,,,,,,,,{2d351099-43cf-5f5f-2000-000000000400},1388,,,,{5770385F-C22A-43E0-BF4C-06F5698FFBD9},,,,423456,,,,,,,-,,INFO,2,,,,,,,,,,,,eventlog,im_msvistalog,Microsoft-Windows-Sysmon,,,,,,,,,,,,,,,,,HKLM\SOFTWARE\Microsoft\Windows NT\CurrentVersion\Schedule\TaskCache\Tasks\{1B03A2AD-45CC-4638-8355-27EFAEA734F5},,,,,,,12,,,,4688,,,,,S-1-5-18,2022-04-15 12:06:06,2,,,"{""Image"":""C:\\windows\\system32\\svchost.exe"",""ProcessId"":""1388"",""EventID"":12,""tags"":[""splunk""],""RecordNumber"":423456,""ProviderGuid"":""{5770385F-C22A-43E0-BF4C-06F5698FFBD9}"",""SourceName"":""Microsoft-Windows-Sysmon"",""OpcodeValue"":0,""EventTime"":""2022-04-15 08:06:06"",""AccountName"":""SYSTEM"",""host"":""cybertees.net"",""SeverityValue"":2,""ExecutionProcessID"":3524,""AccountType"":""User"",""Category"":""Registry object added or deleted (rule: RegistryEvent)"",""SourceModuleName"":""eventlog"",""Domain"":""NT AUTHORITY"",""Message"":""Registry object added or deleted:\r\nRuleName: -\r\nEventType: CreateKey\r\nUtcTime: 2022-04-15 12:06:06.018\r\nProcessGuid: {2d351099-43cf-5f5f-2000-000000000400}\r\nProcessId: 1388\r\nImage: C:\\windows\\system32\\svchost.exe\r\nTargetObject: HKLM\\SOFTWARE\\Microsoft\\Windows NT\\CurrentVersion\\Schedule\\TaskCache\\Tasks\\{1B03A2AD-45CC-4638-8355-27EFAEA734F5}"",""port"":60427,""UserID"":""S-1-5-18"",""UtcTime"":""2022-04-15 12:06:06.018"",""timestamp"":""2022-04-15T12:06:06.956Z"",""ThreadID"":4688,""Severity"":""INFO"",""EventTypeOrignal"":""INFO"",""EventType"":""CreateKey"",""Channel"":""Microsoft-Windows-Sysmon/Operational"",""TargetObject"":""HKLM\\SOFTWARE\\Microsoft\\Windows NT\\CurrentVersion\\Schedule\\TaskCache\\Tasks\\{1B03A2AD-45CC-4638-8355-27EFAEA734F5}"",""Opcode"":""Info"",""EventReceivedTime"":""2022-04-15 08:06:06"",""@version"":""1"",""Task"":12,""SourceModuleType"":""im_msvistalog"",""RuleName"":""-"",""Hostname"":""James.browne"",""Keywords"":-9223372036854775808,""Version"":2,""ProcessGuid"":""{2d351099-43cf-5f5f-2000-000000000400}""}",2022-04-15T08:06:02.000+0000,8,15,6,april,2,friday,2022,local,,CreateKey,cybertees.net,cyber-host,windowslogs,1,60427,"{"""":"":\\\\\\."","""":"""","""":,"""":[""""],"""":,"""":""{----}"",""",Event_logs.json,_json,ip-10-10-40-195,,splunk,,2022-04-15T12:06:06.956Z,
1,,,,SYSTEM,User,,,,,,Image loaded (rule: ImageLoad),Microsoft-Windows-Sysmon/Operational,,Microsoft Corporation,,,,Windows NT BASE API Client DLL,,,,,,,,,,,,NT AUTHORITY,,,,,7,,2022-04-15 8:06:06,2022-04-15 8:06:06,,3524,10.0.18362.1049 (WinBuild.160101.0800),,,,,"SHA1=0BE0E331F4F9C2ED8C9D989CDCFD10463FE3E047,MD5=D62F3401037D0D0CE1F41555B72F1B60,SHA256=B51E88CCD1517E923A7A3E21B2AFC856927D529F5C5668A072B4B12AC70AD46B,IMPHASH=16003AF856720C35351BB8C14AD0B0A8",James.browne,C:\Windows\System32\gpupdate.exe,C:\Windows\System32\KernelBase.dll,,,,,,,,-9223372036854775808,,,,,,,,,"Image loaded:
RuleName: -
UtcTime: 2022-04-15 12:06:06.018
ProcessGuid: {2d351099-5cae-5f5f-3004-000000000400}
ProcessId: 8940
Image: C:\Windows\System32\gpupdate.exe
ImageLoaded: C:\Windows\System32\KernelBase.dll
FileVersion: 10.0.18362.1049 (WinBuild.160101.0800)
Description: Windows NT BASE API Client DLL
Product: Microsoft® Windows® Operating System
Company: Microsoft Corporation
OriginalFileName: Kernelbase.dll
Hashes: SHA1=0BE0E331F4F9C2ED8C9D989CDCFD10463FE3E047,MD5=D62F3401037D0D0CE1F41555B72F1B60,SHA256=B51E88CCD1517E923A7A3E21B2AFC856927D529F5C5668A072B4B12AC70AD46B,IMPHASH=16003AF856720C35351BB8C14AD0B0A8
Signed: true
Signature: Microsoft Windows
SignatureStatus: Valid",,,,,,,,Info,0,Kernelbase.dll,,,,,,,,,{2d351099-5cae-5f5f-3004-000000000400},8940,,Microsoft® Windows® Operating System,,{5770385F-C22A-43E0-BF4C-06F5698FFBD9},,,,423455,,,,,,,-,,INFO,2,,,Microsoft Windows,Valid,TRUE,,,,,,,eventlog,im_msvistalog,Microsoft-Windows-Sysmon,,,,,,,,,,,,,,,,,,,,,,,,7,,,,4688,,,,,S-1-5-18,2022-04-15 12:06:06,3,,,"{""EventID"":7,""RecordNumber"":423455,""ProviderGuid"":""{5770385F-C22A-43E0-BF4C-06F5698FFBD9}"",""SourceName"":""Microsoft-Windows-Sysmon"",""OpcodeValue"":0,""AccountName"":""SYSTEM"",""SignatureStatus"":""Valid"",""SourceModuleName"":""eventlog"",""ExecutionProcessID"":3524,""AccountType"":""User"",""Category"":""Image loaded (rule: ImageLoad)"",""Domain"":""NT AUTHORITY"",""port"":60427,""Company"":""Microsoft Corporation"",""ThreadID"":4688,""Severity"":""INFO"",""EventType"":""INFO"",""Signed"":""true"",""Channel"":""Microsoft-Windows-Sysmon/Operational"",""Opcode"":""Info"",""EventReceivedTime"":""2022-04-15 08:06:06"",""ImageLoaded"":""C:\\Windows\\System32\\KernelBase.dll"",""Task"":7,""RuleName"":""-"",""Keywords"":-9223372036854775808,""Version"":3,""ProcessId"":""8940"",""Image"":""C:\\Windows\\System32\\gpupdate.exe"",""Product"":""Microsoft® Windows® Operating System"",""tags"":[""splunk""],""EventTime"":""2022-04-15 08:06:06"",""host"":""cybertees.net"",""SeverityValue"":2,""Message"":""Image loaded:\r\nRuleName: -\r\nUtcTime: 2022-04-15 12:06:06.018\r\nProcessGuid: {2d351099-5cae-5f5f-3004-000000000400}\r\nProcessId: 8940\r\nImage: C:\\Windows\\System32\\gpupdate.exe\r\nImageLoaded: C:\\Windows\\System32\\KernelBase.dll\r\nFileVersion: 10.0.18362.1049 (WinBuild.160101.0800)\r\nDescription: Windows NT BASE API Client DLL\r\nProduct: Microsoft® Windows® Operating System\r\nCompany: Microsoft Corporation\r\nOriginalFileName: Kernelbase.dll\r\nHashes: SHA1=0BE0E331F4F9C2ED8C9D989CDCFD10463FE3E047,MD5=D62F3401037D0D0CE1F41555B72F1B60,SHA256=B51E88CCD1517E923A7A3E21B2AFC856927D529F5C5668A072B4B12AC70AD46B,IMPHASH=16003AF856720C35351BB8C14AD0B0A8\r\nSigned: true\r\nSignature: Microsoft Windows\r\nSignatureStatus: Valid"",""UtcTime"":""2022-04-15 12:06:06.018"",""UserID"":""S-1-5-18"",""FileVersion"":""10.0.18362.1049 (WinBuild.160101.0800)"",""Description"":""Windows NT BASE API Client DLL"",""OriginalFileName"":""Kernelbase.dll"",""timestamp"":""2022-04-15T12:06:06.956Z"",""Hashes"":""SHA1=0BE0E331F4F9C2ED8C9D989CDCFD10463FE3E047,MD5=D62F3401037D0D0CE1F41555B72F1B60,SHA256=B51E88CCD1517E923A7A3E21B2AFC856927D529F5C5668A072B4B12AC70AD46B,IMPHASH=16003AF856720C35351BB8C14AD0B0A8"",""Signature"":""Microsoft Windows"",""@version"":""1"",""SourceModuleType"":""im_msvistalog"",""Hostname"":""James.browne"",""ProcessGuid"":""{2d351099-5cae-5f5f-3004-000000000400}""}",2022-04-15T08:06:02.000+0000,8,15,6,april,2,friday,2022,local,,INFO,cybertees.net,cyber-host,windowslogs,1,60427,"{"""":,"""":,"""":""{----}"","""":""--"","""":,"""":"""","""":"""","""":""""",Event_logs.json,_json,ip-10-10-40-195,,splunk,,2022-04-15T12:06:06.956Z,
