1,,,,SYSTEM,User,,,,,,Registry value set (rule: RegistryEvent),Microsoft-Windows-Sysmon/Operational,,,,,,,,,,,,,,ContentDeliveryManager.Background.UpdatePlacementTask,,,,NT AUTHORITY,,,,,13,,2022-04-15 8:06:27,2022-04-15 8:06:25,INFO,3524,,,,,,,James.browne,C:\windows\system32\svchost.exe,,,,,,,,,-9223372036854775808,,,,,,,,,"Registry value set:
RuleName: -
EventType: SetValue
UtcTime: 2022-04-15 12:06:25.768
ProcessGuid: {2d351099-43cd-5f5f-0e00-000000000400}
ProcessId: 876
Image: C:\windows\system32\svchost.exe
TargetObject: \REGISTRY\A\{880a2083-1f4b-4b97-aa60-39a324efa5ef}\WorkItems\{563779ca-3046-4986-8d7f-e199d4ada6f4}\TaskEntryPoint
Details: ContentDeliveryManager.Background.UpdatePlacementTask",,,,,,,,Info,0,,,,,,,,,,{2d351099-43cd-5f5f-0e00-000000000400},876,,,,{5770385F-C22A-43E0-BF4C-06F5698FFBD9},,,,425763,,,,,,,-,,INFO,2,,,,,,,,,,,,eventlog,im_msvistalog,Microsoft-Windows-Sysmon,,,,,,,,,,,,,,,,,\REGISTRY\A\{880a2083-1f4b-4b97-aa60-39a324efa5ef}\WorkItems\{563779ca-3046-4986-8d7f-e199d4ada6f4}\TaskEntryPoint,,,,,,,13,,,,4688,,,,,S-1-5-18,2022-04-15 12:06:26,2,,,"{""Image"":""C:\\windows\\system32\\svchost.exe"",""ProcessId"":""876"",""EventID"":13,""tags"":[""splunk""],""RecordNumber"":425763,""ProviderGuid"":""{5770385F-C22A-43E0-BF4C-06F5698FFBD9}"",""SourceName"":""Microsoft-Windows-Sysmon"",""OpcodeValue"":0,""EventTime"":""2022-04-15 08:06:25"",""AccountName"":""SYSTEM"",""host"":""cybertees.net"",""SeverityValue"":2,""ExecutionProcessID"":3524,""AccountType"":""User"",""Category"":""Registry value set (rule: RegistryEvent)"",""SourceModuleName"":""eventlog"",""Domain"":""NT AUTHORITY"",""Message"":""Registry value set:\r\nRuleName: -\r\nEventType: SetValue\r\nUtcTime: 2022-04-15 12:06:25.768\r\nProcessGuid: {2d351099-43cd-5f5f-0e00-000000000400}\r\nProcessId: 876\r\nImage: C:\\windows\\system32\\svchost.exe\r\nTargetObject: \\REGISTRY\\A\\{880a2083-1f4b-4b97-aa60-39a324efa5ef}\\WorkItems\\{563779ca-3046-4986-8d7f-e199d4ada6f4}\\TaskEntryPoint\r\nDetails: ContentDeliveryManager.Background.UpdatePlacementTask"",""port"":60427,""UserID"":""S-1-5-18"",""UtcTime"":""2022-04-15 12:06:25.768"",""timestamp"":""2022-04-15T12:06:27.631Z"",""ThreadID"":4688,""Severity"":""INFO"",""EventTypeOrignal"":""INFO"",""EventType"":""SetValue"",""Channel"":""Microsoft-Windows-Sysmon/Operational"",""TargetObject"":""\\REGISTRY\\A\\{880a2083-1f4b-4b97-aa60-39a324efa5ef}\\WorkItems\\{563779ca-3046-4986-8d7f-e199d4ada6f4}\\TaskEntryPoint"",""Details"":""ContentDeliveryManager.Background.UpdatePlacementTask"",""Opcode"":""Info"",""EventReceivedTime"":""2022-04-15 08:06:27"",""@version"":""1"",""Task"":13,""SourceModuleType"":""im_msvistalog"",""RuleName"":""-"",""Hostname"":""James.browne"",""Keywords"":-9223372036854775808,""Version"":2,""ProcessGuid"":""{2d351099-43cd-5f5f-0e00-000000000400}""}",2022-04-15T08:06:22.000+0000,8,15,6,april,22,friday,2022,local,,SetValue,cybertees.net,cyber-host,windowslogs,1,60427,"{"""":"":\\\\\\."","""":"""","""":,"""":[""""],"""":,"""":""{----}"",""",Event_logs.json,_json,ip-10-10-40-195,,splunk,,2022-04-15T12:06:27.631Z,
1,,,,SYSTEM,User,,,,,,Registry value set (rule: RegistryEvent),Microsoft-Windows-Sysmon/Operational,,,,,,,,,,,,,,{37b3b00d-6119-48c3-9374-140f07c1fe17},,,,NT AUTHORITY,,,,,13,,2022-04-15 8:06:27,2022-04-15 8:06:25,INFO,3524,,,,,,,James.browne,C:\windows\system32\svchost.exe,,,,,,,,,-9223372036854775808,,,,,,,,,"Registry value set:
RuleName: -
EventType: SetValue
UtcTime: 2022-04-15 12:06:25.768
ProcessGuid: {2d351099-43cd-5f5f-0e00-000000000400}
ProcessId: 876
Image: C:\windows\system32\svchost.exe
TargetObject: \REGISTRY\A\{880a2083-1f4b-4b97-aa60-39a324efa5ef}\WorkItems\{563779ca-3046-4986-8d7f-e199d4ada6f4}\TriggerEvent
Details: {37b3b00d-6119-48c3-9374-140f07c1fe17}",,,,,,,,Info,0,,,,,,,,,,{2d351099-43cd-5f5f-0e00-000000000400},876,,,,{5770385F-C22A-43E0-BF4C-06F5698FFBD9},,,,425762,,,,,,,-,,INFO,2,,,,,,,,,,,,eventlog,im_msvistalog,Microsoft-Windows-Sysmon,,,,,,,,,,,,,,,,,\REGISTRY\A\{880a2083-1f4b-4b97-aa60-39a324efa5ef}\WorkItems\{563779ca-3046-4986-8d7f-e199d4ada6f4}\TriggerEvent,,,,,,,13,,,,4688,,,,,S-1-5-18,2022-04-15 12:06:26,2,,,"{""Image"":""C:\\windows\\system32\\svchost.exe"",""ProcessId"":""876"",""EventID"":13,""tags"":[""splunk""],""RecordNumber"":425762,""ProviderGuid"":""{5770385F-C22A-43E0-BF4C-06F5698FFBD9}"",""SourceName"":""Microsoft-Windows-Sysmon"",""OpcodeValue"":0,""EventTime"":""2022-04-15 08:06:25"",""AccountName"":""SYSTEM"",""host"":""cybertees.net"",""SeverityValue"":2,""ExecutionProcessID"":3524,""AccountType"":""User"",""Category"":""Registry value set (rule: RegistryEvent)"",""SourceModuleName"":""eventlog"",""Domain"":""NT AUTHORITY"",""Message"":""Registry value set:\r\nRuleName: -\r\nEventType: SetValue\r\nUtcTime: 2022-04-15 12:06:25.768\r\nProcessGuid: {2d351099-43cd-5f5f-0e00-000000000400}\r\nProcessId: 876\r\nImage: C:\\windows\\system32\\svchost.exe\r\nTargetObject: \\REGISTRY\\A\\{880a2083-1f4b-4b97-aa60-39a324efa5ef}\\WorkItems\\{563779ca-3046-4986-8d7f-e199d4ada6f4}\\TriggerEvent\r\nDetails: {37b3b00d-6119-48c3-9374-140f07c1fe17}"",""port"":60427,""UserID"":""S-1-5-18"",""UtcTime"":""2022-04-15 12:06:25.768"",""timestamp"":""2022-04-15T12:06:27.630Z"",""ThreadID"":4688,""Severity"":""INFO"",""EventTypeOrignal"":""INFO"",""EventType"":""SetValue"",""Channel"":""Microsoft-Windows-Sysmon/Operational"",""TargetObject"":""\\REGISTRY\\A\\{880a2083-1f4b-4b97-aa60-39a324efa5ef}\\WorkItems\\{563779ca-3046-4986-8d7f-e199d4ada6f4}\\TriggerEvent"",""Details"":""{37b3b00d-6119-48c3-9374-140f07c1fe17}"",""Opcode"":""Info"",""EventReceivedTime"":""2022-04-15 08:06:27"",""@version"":""1"",""Task"":13,""SourceModuleType"":""im_msvistalog"",""RuleName"":""-"",""Hostname"":""James.browne"",""Keywords"":-9223372036854775808,""Version"":2,""ProcessGuid"":""{2d351099-43cd-5f5f-0e00-000000000400}""}",2022-04-15T08:06:22.000+0000,8,15,6,april,22,friday,2022,local,,SetValue,cybertees.net,cyber-host,windowslogs,1,60427,"{"""":"":\\\\\\."","""":"""","""":,"""":[""""],"""":,"""":""{----}"",""",Event_logs.json,_json,ip-10-10-40-195,,splunk,,2022-04-15T12:06:27.630Z,
1,,,,SYSTEM,User,,,,,,Registry value set (rule: RegistryEvent),Microsoft-Windows-Sysmon/Operational,,,,,,,,,,,,,,ContentDeliveryManager.Background.SubscribedContent-338388.UpdatePlacementTask,,,,NT AUTHORITY,,,,,13,,2022-04-15 8:06:27,2022-04-15 8:06:25,INFO,3524,,,,,,,James.browne,C:\windows\system32\svchost.exe,,,,,,,,,-9223372036854775808,,,,,,,,,"Registry value set:
RuleName: -
EventType: SetValue
UtcTime: 2022-04-15 12:06:25.768
ProcessGuid: {2d351099-43cd-5f5f-0e00-000000000400}
ProcessId: 876
Image: C:\windows\system32\svchost.exe
TargetObject: \REGISTRY\A\{880a2083-1f4b-4b97-aa60-39a324efa5ef}\WorkItems\{563779ca-3046-4986-8d7f-e199d4ada6f4}\Name
Details: ContentDeliveryManager.Background.SubscribedContent-338388.UpdatePlacementTask",,,,,,,,Info,0,,,,,,,,,,{2d351099-43cd-5f5f-0e00-000000000400},876,,,,{5770385F-C22A-43E0-BF4C-06F5698FFBD9},,,,425761,,,,,,,-,,INFO,2,,,,,,,,,,,,eventlog,im_msvistalog,Microsoft-Windows-Sysmon,,,,,,,,,,,,,,,,,\REGISTRY\A\{880a2083-1f4b-4b97-aa60-39a324efa5ef}\WorkItems\{563779ca-3046-4986-8d7f-e199d4ada6f4}\Name,,,,,,,13,,,,4688,,,,,S-1-5-18,2022-04-15 12:06:26,2,,,"{""Image"":""C:\\windows\\system32\\svchost.exe"",""ProcessId"":""876"",""EventID"":13,""tags"":[""splunk""],""RecordNumber"":425761,""ProviderGuid"":""{5770385F-C22A-43E0-BF4C-06F5698FFBD9}"",""SourceName"":""Microsoft-Windows-Sysmon"",""OpcodeValue"":0,""EventTime"":""2022-04-15 08:06:25"",""AccountName"":""SYSTEM"",""host"":""cybertees.net"",""SeverityValue"":2,""ExecutionProcessID"":3524,""AccountType"":""User"",""Category"":""Registry value set (rule: RegistryEvent)"",""SourceModuleName"":""eventlog"",""Domain"":""NT AUTHORITY"",""Message"":""Registry value set:\r\nRuleName: -\r\nEventType: SetValue\r\nUtcTime: 2022-04-15 12:06:25.768\r\nProcessGuid: {2d351099-43cd-5f5f-0e00-000000000400}\r\nProcessId: 876\r\nImage: C:\\windows\\system32\\svchost.exe\r\nTargetObject: \\REGISTRY\\A\\{880a2083-1f4b-4b97-aa60-39a324efa5ef}\\WorkItems\\{563779ca-3046-4986-8d7f-e199d4ada6f4}\\Name\r\nDetails: ContentDeliveryManager.Background.SubscribedContent-338388.UpdatePlacementTask"",""port"":60427,""UserID"":""S-1-5-18"",""UtcTime"":""2022-04-15 12:06:25.768"",""timestamp"":""2022-04-15T12:06:27.630Z"",""ThreadID"":4688,""Severity"":""INFO"",""EventTypeOrignal"":""INFO"",""EventType"":""SetValue"",""Channel"":""Microsoft-Windows-Sysmon/Operational"",""TargetObject"":""\\REGISTRY\\A\\{880a2083-1f4b-4b97-aa60-39a324efa5ef}\\WorkItems\\{563779ca-3046-4986-8d7f-e199d4ada6f4}\\Name"",""Details"":""ContentDeliveryManager.Background.SubscribedContent-338388.UpdatePlacementTask"",""Opcode"":""Info"",""EventReceivedTime"":""2022-04-15 08:06:27"",""@version"":""1"",""Task"":13,""SourceModuleType"":""im_msvistalog"",""RuleName"":""-"",""Hostname"":""James.browne"",""Keywords"":-9223372036854775808,""Version"":2,""ProcessGuid"":""{2d351099-43cd-5f5f-0e00-000000000400}""}",2022-04-15T08:06:22.000+0000,8,15,6,april,22,friday,2022,local,,SetValue,cybertees.net,cyber-host,windowslogs,1,60427,"{"""":"":\\\\\\."","""":"""","""":,"""":[""""],"""":,"""":""{----}"",""",Event_logs.json,_json,ip-10-10-40-195,,splunk,,2022-04-15T12:06:27.630Z,
1,,,,SYSTEM,User,,,,,,Registry value set (rule: RegistryEvent),Microsoft-Windows-Sysmon/Operational,,,,,,,,,,,,,,DWORD (0x00000000),,,,NT AUTHORITY,,,,,13,,2022-04-15 8:06:27,2022-04-15 8:06:25,INFO,3524,,,,,,,James.browne,C:\windows\system32\svchost.exe,,,,,,,,,-9223372036854775808,,,,,,,,,"Registry value set:
RuleName: -
EventType: SetValue
UtcTime: 2022-04-15 12:06:25.768
ProcessGuid: {2d351099-43cd-5f5f-0e00-000000000400}
ProcessId: 876
Image: C:\windows\system32\svchost.exe
TargetObject: \REGISTRY\A\{880a2083-1f4b-4b97-aa60-39a324efa5ef}\WorkItems\{563779ca-3046-4986-8d7f-e199d4ada6f4}\Flags
Details: DWORD (0x00000000)",,,,,,,,Info,0,,,,,,,,,,{2d351099-43cd-5f5f-0e00-000000000400},876,,,,{5770385F-C22A-43E0-BF4C-06F5698FFBD9},,,,425760,,,,,,,-,,INFO,2,,,,,,,,,,,,eventlog,im_msvistalog,Microsoft-Windows-Sysmon,,,,,,,,,,,,,,,,,\REGISTRY\A\{880a2083-1f4b-4b97-aa60-39a324efa5ef}\WorkItems\{563779ca-3046-4986-8d7f-e199d4ada6f4}\Flags,,,,,,,13,,,,4688,,,,,S-1-5-18,2022-04-15 12:06:26,2,,,"{""Image"":""C:\\windows\\system32\\svchost.exe"",""ProcessId"":""876"",""EventID"":13,""tags"":[""splunk""],""RecordNumber"":425760,""ProviderGuid"":""{5770385F-C22A-43E0-BF4C-06F5698FFBD9}"",""SourceName"":""Microsoft-Windows-Sysmon"",""OpcodeValue"":0,""EventTime"":""2022-04-15 08:06:25"",""AccountName"":""SYSTEM"",""host"":""cybertees.net"",""SeverityValue"":2,""ExecutionProcessID"":3524,""AccountType"":""User"",""Category"":""Registry value set (rule: RegistryEvent)"",""SourceModuleName"":""eventlog"",""Domain"":""NT AUTHORITY"",""Message"":""Registry value set:\r\nRuleName: -\r\nEventType: SetValue\r\nUtcTime: 2022-04-15 12:06:25.768\r\nProcessGuid: {2d351099-43cd-5f5f-0e00-000000000400}\r\nProcessId: 876\r\nImage: C:\\windows\\system32\\svchost.exe\r\nTargetObject: \\REGISTRY\\A\\{880a2083-1f4b-4b97-aa60-39a324efa5ef}\\WorkItems\\{563779ca-3046-4986-8d7f-e199d4ada6f4}\\Flags\r\nDetails: DWORD (0x00000000)"",""port"":60427,""UserID"":""S-1-5-18"",""UtcTime"":""2022-04-15 12:06:25.768"",""timestamp"":""2022-04-15T12:06:27.629Z"",""ThreadID"":4688,""Severity"":""INFO"",""EventTypeOrignal"":""INFO"",""EventType"":""SetValue"",""Channel"":""Microsoft-Windows-Sysmon/Operational"",""TargetObject"":""\\REGISTRY\\A\\{880a2083-1f4b-4b97-aa60-39a324efa5ef}\\WorkItems\\{563779ca-3046-4986-8d7f-e199d4ada6f4}\\Flags"",""Details"":""DWORD (0x00000000)"",""Opcode"":""Info"",""EventReceivedTime"":""2022-04-15 08:06:27"",""@version"":""1"",""Task"":13,""SourceModuleType"":""im_msvistalog"",""RuleName"":""-"",""Hostname"":""James.browne"",""Keywords"":-9223372036854775808,""Version"":2,""ProcessGuid"":""{2d351099-43cd-5f5f-0e00-000000000400}""}",2022-04-15T08:06:22.000+0000,8,15,6,april,22,friday,2022,local,,SetValue,cybertees.net,cyber-host,windowslogs,1,60427,"{"""":"":\\\\\\."","""":"""","""":,"""":[""""],"""":,"""":""{----}"",""",Event_logs.json,_json,ip-10-10-40-195,,splunk,,2022-04-15T12:06:27.629Z,
1,,,,SYSTEM,User,,,,,,Registry value set (rule: RegistryEvent),Microsoft-Windows-Sysmon/Operational,,,,,,,,,,,,,,Binary Data,,,,NT AUTHORITY,,,,,13,,2022-04-15 8:06:27,2022-04-15 8:06:25,INFO,3524,,,,,,,James.browne,C:\windows\system32\svchost.exe,,,,,,,,,-9223372036854775808,,,,,,,,,"Registry value set:
RuleName: -
EventType: SetValue
UtcTime: 2022-04-15 12:06:25.768
ProcessGuid: {2d351099-43cd-5f5f-0e00-000000000400}
ProcessId: 876
Image: C:\windows\system32\svchost.exe
TargetObject: \REGISTRY\A\{880a2083-1f4b-4b97-aa60-39a324efa5ef}\WorkItems\{563779ca-3046-4986-8d7f-e199d4ada6f4}\Conditions
Details: Binary Data",,,,,,,,Info,0,,,,,,,,,,{2d351099-43cd-5f5f-0e00-000000000400},876,,,,{5770385F-C22A-43E0-BF4C-06F5698FFBD9},,,,425759,,,,,,,-,,INFO,2,,,,,,,,,,,,eventlog,im_msvistalog,Microsoft-Windows-Sysmon,,,,,,,,,,,,,,,,,\REGISTRY\A\{880a2083-1f4b-4b97-aa60-39a324efa5ef}\WorkItems\{563779ca-3046-4986-8d7f-e199d4ada6f4}\Conditions,,,,,,,13,,,,4688,,,,,S-1-5-18,2022-04-15 12:06:26,2,,,"{""Image"":""C:\\windows\\system32\\svchost.exe"",""ProcessId"":""876"",""EventID"":13,""tags"":[""splunk""],""RecordNumber"":425759,""ProviderGuid"":""{5770385F-C22A-43E0-BF4C-06F5698FFBD9}"",""SourceName"":""Microsoft-Windows-Sysmon"",""OpcodeValue"":0,""EventTime"":""2022-04-15 08:06:25"",""AccountName"":""SYSTEM"",""host"":""cybertees.net"",""SeverityValue"":2,""ExecutionProcessID"":3524,""AccountType"":""User"",""Category"":""Registry value set (rule: RegistryEvent)"",""SourceModuleName"":""eventlog"",""Domain"":""NT AUTHORITY"",""Message"":""Registry value set:\r\nRuleName: -\r\nEventType: SetValue\r\nUtcTime: 2022-04-15 12:06:25.768\r\nProcessGuid: {2d351099-43cd-5f5f-0e00-000000000400}\r\nProcessId: 876\r\nImage: C:\\windows\\system32\\svchost.exe\r\nTargetObject: \\REGISTRY\\A\\{880a2083-1f4b-4b97-aa60-39a324efa5ef}\\WorkItems\\{563779ca-3046-4986-8d7f-e199d4ada6f4}\\Conditions\r\nDetails: Binary Data"",""port"":60427,""UserID"":""S-1-5-18"",""UtcTime"":""2022-04-15 12:06:25.768"",""timestamp"":""2022-04-15T12:06:27.629Z"",""ThreadID"":4688,""Severity"":""INFO"",""EventTypeOrignal"":""INFO"",""EventType"":""SetValue"",""Channel"":""Microsoft-Windows-Sysmon/Operational"",""TargetObject"":""\\REGISTRY\\A\\{880a2083-1f4b-4b97-aa60-39a324efa5ef}\\WorkItems\\{563779ca-3046-4986-8d7f-e199d4ada6f4}\\Conditions"",""Details"":""Binary Data"",""Opcode"":""Info"",""EventReceivedTime"":""2022-04-15 08:06:27"",""@version"":""1"",""Task"":13,""SourceModuleType"":""im_msvistalog"",""RuleName"":""-"",""Hostname"":""James.browne"",""Keywords"":-9223372036854775808,""Version"":2,""ProcessGuid"":""{2d351099-43cd-5f5f-0e00-000000000400}""}",2022-04-15T08:06:22.000+0000,8,15,6,april,22,friday,2022,local,,SetValue,cybertees.net,cyber-host,windowslogs,1,60427,"{"""":"":\\\\\\."","""":"""","""":,"""":[""""],"""":,"""":""{----}"",""",Event_logs.json,_json,ip-10-10-40-195,,splunk,,2022-04-15T12:06:27.629Z,
1,,,,SYSTEM,User,,,,,,Registry value set (rule: RegistryEvent),Microsoft-Windows-Sysmon/Operational,,,,,,,,,,,,,,DWORD (0x00000000),,,,NT AUTHORITY,,,,,13,,2022-04-15 8:06:27,2022-04-15 8:06:25,INFO,3524,,,,,,,James.browne,C:\windows\system32\svchost.exe,,,,,,,,,-9223372036854775808,,,,,,,,,"Registry value set:
RuleName: -
EventType: SetValue
UtcTime: 2022-04-15 12:06:25.768
ProcessGuid: {2d351099-43cd-5f5f-0e00-000000000400}
ProcessId: 876
Image: C:\windows\system32\svchost.exe
TargetObject: \REGISTRY\A\{880a2083-1f4b-4b97-aa60-39a324efa5ef}\WorkItems\{563779ca-3046-4986-8d7f-e199d4ada6f4}\ActivationType
Details: DWORD (0x00000000)",,,,,,,,Info,0,,,,,,,,,,{2d351099-43cd-5f5f-0e00-000000000400},876,,,,{5770385F-C22A-43E0-BF4C-06F5698FFBD9},,,,425758,,,,,,,-,,INFO,2,,,,,,,,,,,,eventlog,im_msvistalog,Microsoft-Windows-Sysmon,,,,,,,,,,,,,,,,,\REGISTRY\A\{880a2083-1f4b-4b97-aa60-39a324efa5ef}\WorkItems\{563779ca-3046-4986-8d7f-e199d4ada6f4}\ActivationType,,,,,,,13,,,,4688,,,,,S-1-5-18,2022-04-15 12:06:26,2,,,"{""Image"":""C:\\windows\\system32\\svchost.exe"",""ProcessId"":""876"",""EventID"":13,""tags"":[""splunk""],""RecordNumber"":425758,""ProviderGuid"":""{5770385F-C22A-43E0-BF4C-06F5698FFBD9}"",""SourceName"":""Microsoft-Windows-Sysmon"",""OpcodeValue"":0,""EventTime"":""2022-04-15 08:06:25"",""AccountName"":""SYSTEM"",""host"":""cybertees.net"",""SeverityValue"":2,""ExecutionProcessID"":3524,""AccountType"":""User"",""Category"":""Registry value set (rule: RegistryEvent)"",""SourceModuleName"":""eventlog"",""Domain"":""NT AUTHORITY"",""Message"":""Registry value set:\r\nRuleName: -\r\nEventType: SetValue\r\nUtcTime: 2022-04-15 12:06:25.768\r\nProcessGuid: {2d351099-43cd-5f5f-0e00-000000000400}\r\nProcessId: 876\r\nImage: C:\\windows\\system32\\svchost.exe\r\nTargetObject: \\REGISTRY\\A\\{880a2083-1f4b-4b97-aa60-39a324efa5ef}\\WorkItems\\{563779ca-3046-4986-8d7f-e199d4ada6f4}\\ActivationType\r\nDetails: DWORD (0x00000000)"",""port"":60427,""UserID"":""S-1-5-18"",""UtcTime"":""2022-04-15 12:06:25.768"",""timestamp"":""2022-04-15T12:06:27.628Z"",""ThreadID"":4688,""Severity"":""INFO"",""EventTypeOrignal"":""INFO"",""EventType"":""SetValue"",""Channel"":""Microsoft-Windows-Sysmon/Operational"",""TargetObject"":""\\REGISTRY\\A\\{880a2083-1f4b-4b97-aa60-39a324efa5ef}\\WorkItems\\{563779ca-3046-4986-8d7f-e199d4ada6f4}\\ActivationType"",""Details"":""DWORD (0x00000000)"",""Opcode"":""Info"",""EventReceivedTime"":""2022-04-15 08:06:27"",""@version"":""1"",""Task"":13,""SourceModuleType"":""im_msvistalog"",""RuleName"":""-"",""Hostname"":""James.browne"",""Keywords"":-9223372036854775808,""Version"":2,""ProcessGuid"":""{2d351099-43cd-5f5f-0e00-000000000400}""}",2022-04-15T08:06:22.000+0000,8,15,6,april,22,friday,2022,local,,SetValue,cybertees.net,cyber-host,windowslogs,1,60427,"{"""":"":\\\\\\."","""":"""","""":,"""":[""""],"""":,"""":""{----}"",""",Event_logs.json,_json,ip-10-10-40-195,,splunk,,2022-04-15T12:06:27.628Z,
1,,,,SYSTEM,User,,,,,,Registry object added or deleted (rule: RegistryEvent),Microsoft-Windows-Sysmon/Operational,,,,,,,,,,,,,,,,,,NT AUTHORITY,,,,,12,,2022-04-15 8:06:27,2022-04-15 8:06:25,INFO,3524,,,,,,,James.browne,C:\windows\system32\svchost.exe,,,,,,,,,-9223372036854775808,,,,,,,,,"Registry object added or deleted:
RuleName: -
EventType: CreateKey
UtcTime: 2022-04-15 12:06:25.768
ProcessGuid: {2d351099-43cd-5f5f-0e00-000000000400}
ProcessId: 876
Image: C:\windows\system32\svchost.exe
TargetObject: \REGISTRY\A\{880a2083-1f4b-4b97-aa60-39a324efa5ef}\WorkItems\{563779ca-3046-4986-8d7f-e199d4ada6f4}",,,,,,,,Info,0,,,,,,,,,,{2d351099-43cd-5f5f-0e00-000000000400},876,,,,{5770385F-C22A-43E0-BF4C-06F5698FFBD9},,,,425757,,,,,,,-,,INFO,2,,,,,,,,,,,,eventlog,im_msvistalog,Microsoft-Windows-Sysmon,,,,,,,,,,,,,,,,,\REGISTRY\A\{880a2083-1f4b-4b97-aa60-39a324efa5ef}\WorkItems\{563779ca-3046-4986-8d7f-e199d4ada6f4},,,,,,,12,,,,4688,,,,,S-1-5-18,2022-04-15 12:06:26,2,,,"{""Image"":""C:\\windows\\system32\\svchost.exe"",""ProcessId"":""876"",""EventID"":12,""tags"":[""splunk""],""RecordNumber"":425757,""ProviderGuid"":""{5770385F-C22A-43E0-BF4C-06F5698FFBD9}"",""SourceName"":""Microsoft-Windows-Sysmon"",""OpcodeValue"":0,""EventTime"":""2022-04-15 08:06:25"",""AccountName"":""SYSTEM"",""host"":""cybertees.net"",""SeverityValue"":2,""ExecutionProcessID"":3524,""AccountType"":""User"",""Category"":""Registry object added or deleted (rule: RegistryEvent)"",""SourceModuleName"":""eventlog"",""Domain"":""NT AUTHORITY"",""Message"":""Registry object added or deleted:\r\nRuleName: -\r\nEventType: CreateKey\r\nUtcTime: 2022-04-15 12:06:25.768\r\nProcessGuid: {2d351099-43cd-5f5f-0e00-000000000400}\r\nProcessId: 876\r\nImage: C:\\windows\\system32\\svchost.exe\r\nTargetObject: \\REGISTRY\\A\\{880a2083-1f4b-4b97-aa60-39a324efa5ef}\\WorkItems\\{563779ca-3046-4986-8d7f-e199d4ada6f4}"",""port"":60427,""UserID"":""S-1-5-18"",""UtcTime"":""2022-04-15 12:06:25.768"",""timestamp"":""2022-04-15T12:06:27.628Z"",""ThreadID"":4688,""Severity"":""INFO"",""EventTypeOrignal"":""INFO"",""EventType"":""CreateKey"",""Channel"":""Microsoft-Windows-Sysmon/Operational"",""TargetObject"":""\\REGISTRY\\A\\{880a2083-1f4b-4b97-aa60-39a324efa5ef}\\WorkItems\\{563779ca-3046-4986-8d7f-e199d4ada6f4}"",""Opcode"":""Info"",""EventReceivedTime"":""2022-04-15 08:06:27"",""@version"":""1"",""Task"":12,""SourceModuleType"":""im_msvistalog"",""RuleName"":""-"",""Hostname"":""James.browne"",""Keywords"":-9223372036854775808,""Version"":2,""ProcessGuid"":""{2d351099-43cd-5f5f-0e00-000000000400}""}",2022-04-15T08:06:22.000+0000,8,15,6,april,22,friday,2022,local,,CreateKey,cybertees.net,cyber-host,windowslogs,1,60427,"{"""":"":\\\\\\."","""":"""","""":,"""":[""""],"""":,"""":""{----}"",""",Event_logs.json,_json,ip-10-10-40-195,,splunk,,2022-04-15T12:06:27.628Z,
1,,,,,,,\device\harddiskvolume2\windows\system32\svchost.exe,,,,Filtering Platform Connection,Security,,,,,,,172.18.38.5,53,,,,,,,,%%14593,,,,,,,5156,,2022-04-15 8:06:27,2022-04-15 8:06:26,,4,,70791,,,,,James.browne,,,,,,,,,,-9214364837600034816,%%14611,48,,,,,,,"The Windows Filtering Platform has permitted a connection.

Application Information:
	Process ID:		1812
	Application Name:	\device\harddiskvolume2\windows\system32\svchost.exe

Network Information:
	Direction:		Outbound
	Source Address:		172.90.12.11
	Source Port:		64561
	Destination Address:	172.18.38.5
	Destination Port:		53
	Protocol:		17

Filter Information:
	Filter Run-Time ID:	70791
	Layer Name:		Connect
	Layer Run-Time ID:	48",,,,,,,,Info,0,,,,,,,,,,,1812,,,17,{54849625-5478-4994-A5BA-3E3B0328C30D},,,,78885,,S-1-0-0,S-1-0-0,,,,,,INFO,2,,,,,,172.90.12.11,,,,,,eventlog,im_msvistalog,Microsoft-Windows-Security-Auditing,64561,,,,,,,,,,,,,,,,,,,,,,,12810,,,,5692,,,,,,,1,,,"{""ProcessId"":""1812"",""tags"":[""splunk""],""EventID"":5156,""RecordNumber"":78885,""ProviderGuid"":""{54849625-5478-4994-A5BA-3E3B0328C30D}"",""SourceName"":""Microsoft-Windows-Security-Auditing"",""OpcodeValue"":0,""EventTime"":""2022-04-15 08:06:26"",""FilterRTID"":""70791"",""host"":""cybertees.net"",""SeverityValue"":2,""ExecutionProcessID"":4,""Category"":""Filtering Platform Connection"",""SourceModuleName"":""eventlog"",""Direction"":""%%14593"",""Message"":""The Windows Filtering Platform has permitted a connection.\r\n\r\nApplication Information:\r\n\tProcess ID:\t\t1812\r\n\tApplication Name:\t\\device\\harddiskvolume2\\windows\\system32\\svchost.exe\r\n\r\nNetwork Information:\r\n\tDirection:\t\tOutbound\r\n\tSource Address:\t\t172.90.12.11\r\n\tSource Port:\t\t64561\r\n\tDestination Address:\t172.18.38.5\r\n\tDestination Port:\t\t53\r\n\tProtocol:\t\t17\r\n\r\nFilter Information:\r\n\tFilter Run-Time ID:\t70791\r\n\tLayer Name:\t\tConnect\r\n\tLayer Run-Time ID:\t48"",""port"":60427,""RemoteMachineID"":""S-1-0-0"",""Protocol"":""17"",""timestamp"":""2022-04-15T12:06:27.627Z"",""ThreadID"":5692,""Severity"":""INFO"",""EventType"":""AUDIT_SUCCESS"",""Channel"":""Security"",""SourceAddress"":""172.90.12.11"",""Opcode"":""Info"",""EventReceivedTime"":""2022-04-15 08:06:27"",""DestAddress"":""172.18.38.5"",""@version"":""1"",""Task"":12810,""SourceModuleType"":""im_msvistalog"",""LayerName"":""%%14611"",""DestPort"":""53"",""LayerRTID"":""48"",""RemoteUserID"":""S-1-0-0"",""Hostname"":""James.browne"",""Application"":""\\device\\harddiskvolume2\\windows\\system32\\svchost.exe"",""Keywords"":-9214364837600034816,""Version"":1,""SourcePort"":""64561""}",2022-04-15T08:06:22.000+0000,8,15,6,april,22,friday,2022,local,,AUDIT_SUCCESS,cybertees.net,cyber-host,windowslogs,1,60427,"{"""":"""","""":[""""],"""":,"""":,"""":""{----}"","""":""---"","""":,""""",Event_logs.json,_json,ip-10-10-40-195,,splunk,,2022-04-15T12:06:27.627Z,
1,,,,SYSTEM,User,,,,,,Registry value set (rule: RegistryEvent),Microsoft-Windows-Sysmon/Operational,,,,,,,,,,,,,,Binary Data,,,,NT AUTHORITY,,,,,13,,2022-04-15 8:06:27,2022-04-15 8:06:25,INFO,3524,,,,,,,James.browne,C:\windows\system32\svchost.exe,,,,,,,,,-9223372036854775808,,,,,,,,,"Registry value set:
RuleName: -
EventType: SetValue
UtcTime: 2022-04-15 12:06:25.768
ProcessGuid: {2d351099-43cd-5f5f-0e00-000000000400}
ProcessId: 876
Image: C:\windows\system32\svchost.exe
TargetObject: \REGISTRY\A\{880a2083-1f4b-4b97-aa60-39a324efa5ef}\Events\{7c6d86e2-1270-4b6e-a9b0-5a48c80df260}\UserSid
Details: Binary Data",,,,,,,,Info,0,,,,,,,,,,{2d351099-43cd-5f5f-0e00-000000000400},876,,,,{5770385F-C22A-43E0-BF4C-06F5698FFBD9},,,,425756,,,,,,,-,,INFO,2,,,,,,,,,,,,eventlog,im_msvistalog,Microsoft-Windows-Sysmon,,,,,,,,,,,,,,,,,\REGISTRY\A\{880a2083-1f4b-4b97-aa60-39a324efa5ef}\Events\{7c6d86e2-1270-4b6e-a9b0-5a48c80df260}\UserSid,,,,,,,13,,,,4688,,,,,S-1-5-18,2022-04-15 12:06:26,2,,,"{""Image"":""C:\\windows\\system32\\svchost.exe"",""ProcessId"":""876"",""EventID"":13,""tags"":[""splunk""],""RecordNumber"":425756,""ProviderGuid"":""{5770385F-C22A-43E0-BF4C-06F5698FFBD9}"",""SourceName"":""Microsoft-Windows-Sysmon"",""OpcodeValue"":0,""EventTime"":""2022-04-15 08:06:25"",""AccountName"":""SYSTEM"",""host"":""cybertees.net"",""SeverityValue"":2,""ExecutionProcessID"":3524,""AccountType"":""User"",""Category"":""Registry value set (rule: RegistryEvent)"",""SourceModuleName"":""eventlog"",""Domain"":""NT AUTHORITY"",""Message"":""Registry value set:\r\nRuleName: -\r\nEventType: SetValue\r\nUtcTime: 2022-04-15 12:06:25.768\r\nProcessGuid: {2d351099-43cd-5f5f-0e00-000000000400}\r\nProcessId: 876\r\nImage: C:\\windows\\system32\\svchost.exe\r\nTargetObject: \\REGISTRY\\A\\{880a2083-1f4b-4b97-aa60-39a324efa5ef}\\Events\\{7c6d86e2-1270-4b6e-a9b0-5a48c80df260}\\UserSid\r\nDetails: Binary Data"",""port"":60427,""UserID"":""S-1-5-18"",""UtcTime"":""2022-04-15 12:06:25.768"",""timestamp"":""2022-04-15T12:06:27.627Z"",""ThreadID"":4688,""Severity"":""INFO"",""EventTypeOrignal"":""INFO"",""EventType"":""SetValue"",""Channel"":""Microsoft-Windows-Sysmon/Operational"",""TargetObject"":""\\REGISTRY\\A\\{880a2083-1f4b-4b97-aa60-39a324efa5ef}\\Events\\{7c6d86e2-1270-4b6e-a9b0-5a48c80df260}\\UserSid"",""Details"":""Binary Data"",""Opcode"":""Info"",""EventReceivedTime"":""2022-04-15 08:06:27"",""@version"":""1"",""Task"":13,""SourceModuleType"":""im_msvistalog"",""RuleName"":""-"",""Hostname"":""James.browne"",""Keywords"":-9223372036854775808,""Version"":2,""ProcessGuid"":""{2d351099-43cd-5f5f-0e00-000000000400}""}",2022-04-15T08:06:22.000+0000,8,15,6,april,22,friday,2022,local,,SetValue,cybertees.net,cyber-host,windowslogs,1,60427,"{"""":"":\\\\\\."","""":"""","""":,"""":[""""],"""":,"""":""{----}"",""",Event_logs.json,_json,ip-10-10-40-195,,splunk,,2022-04-15T12:06:27.627Z,
1,,,,,,,\device\harddiskvolume2\windows\system32\svchost.exe,,,,Filtering Platform Connection,Security,,,,,,,,,,,,,,,,,,,,,,,5158,,2022-04-15 8:06:27,2022-04-15 8:06:26,,4,,0,,,,,James.browne,,,,,,,,,,-9214364837600034816,%%14608,38,,,,,,,"The Windows Filtering Platform has permitted a bind to a local port.

Application Information:
	Process ID:		1812
	Application Name:	\device\harddiskvolume2\windows\system32\svchost.exe

Network Information:
	Source Address:		::
	Source Port:		64561
	Protocol:		17

Filter Information:
	Filter Run-Time ID:	0
	Layer Name:		Resource Assignment
	Layer Run-Time ID:	38",,,,,,,,Info,0,,,,,,,,,,,1812,,,17,{54849625-5478-4994-A5BA-3E3B0328C30D},,,,78884,,,,,,,,,INFO,2,,,,,,::,,,,,,eventlog,im_msvistalog,Microsoft-Windows-Security-Auditing,64561,,,,,,,,,,,,,,,,,,,,,,,12810,,,,5692,,,,,,,0,,,"{""ProcessId"":""1812"",""tags"":[""splunk""],""EventID"":5158,""RecordNumber"":78884,""ProviderGuid"":""{54849625-5478-4994-A5BA-3E3B0328C30D}"",""SourceName"":""Microsoft-Windows-Security-Auditing"",""OpcodeValue"":0,""EventTime"":""2022-04-15 08:06:26"",""FilterRTID"":""0"",""host"":""cybertees.net"",""SeverityValue"":2,""ExecutionProcessID"":4,""Category"":""Filtering Platform Connection"",""SourceModuleName"":""eventlog"",""Message"":""The Windows Filtering Platform has permitted a bind to a local port.\r\n\r\nApplication Information:\r\n\tProcess ID:\t\t1812\r\n\tApplication Name:\t\\device\\harddiskvolume2\\windows\\system32\\svchost.exe\r\n\r\nNetwork Information:\r\n\tSource Address:\t\t::\r\n\tSource Port:\t\t64561\r\n\tProtocol:\t\t17\r\n\r\nFilter Information:\r\n\tFilter Run-Time ID:\t0\r\n\tLayer Name:\t\tResource Assignment\r\n\tLayer Run-Time ID:\t38"",""port"":60427,""Protocol"":""17"",""timestamp"":""2022-04-15T12:06:27.626Z"",""ThreadID"":5692,""Severity"":""INFO"",""EventType"":""AUDIT_SUCCESS"",""Channel"":""Security"",""SourceAddress"":""::"",""Opcode"":""Info"",""EventReceivedTime"":""2022-04-15 08:06:27"",""@version"":""1"",""Task"":12810,""SourceModuleType"":""im_msvistalog"",""LayerName"":""%%14608"",""LayerRTID"":""38"",""Hostname"":""James.browne"",""Application"":""\\device\\harddiskvolume2\\windows\\system32\\svchost.exe"",""Keywords"":-9214364837600034816,""Version"":0,""SourcePort"":""64561""}",2022-04-15T08:06:22.000+0000,8,15,6,april,22,friday,2022,local,,AUDIT_SUCCESS,cybertees.net,cyber-host,windowslogs,1,60427,"{"""":"""","""":[""""],"""":,"""":,"""":""{----}"","""":""---"","""":,""""",Event_logs.json,_json,ip-10-10-40-195,,splunk,,2022-04-15T12:06:27.626Z,
1,,,,SYSTEM,User,,,,,,Registry value set (rule: RegistryEvent),Microsoft-Windows-Sysmon/Operational,,,,,,,,,,,,,,Microsoft.Windows.ContentDeliveryManager_10.0.18362.449_neutral_neutral_cw5n1h2txyewy,,,,NT AUTHORITY,,,,,13,,2022-04-15 8:06:27,2022-04-15 8:06:25,INFO,3524,,,,,,,James.browne,C:\windows\system32\svchost.exe,,,,,,,,,-9223372036854775808,,,,,,,,,"Registry value set:
RuleName: -
EventType: SetValue
UtcTime: 2022-04-15 12:06:25.768
ProcessGuid: {2d351099-43cd-5f5f-0e00-000000000400}
ProcessId: 876
Image: C:\windows\system32\svchost.exe
TargetObject: \REGISTRY\A\{880a2083-1f4b-4b97-aa60-39a324efa5ef}\Events\{7c6d86e2-1270-4b6e-a9b0-5a48c80df260}\PackageFullName
Details: Microsoft.Windows.ContentDeliveryManager_10.0.18362.449_neutral_neutral_cw5n1h2txyewy",,,,,,,,Info,0,,,,,,,,,,{2d351099-43cd-5f5f-0e00-000000000400},876,,,,{5770385F-C22A-43E0-BF4C-06F5698FFBD9},,,,425755,,,,,,,-,,INFO,2,,,,,,,,,,,,eventlog,im_msvistalog,Microsoft-Windows-Sysmon,,,,,,,,,,,,,,,,,\REGISTRY\A\{880a2083-1f4b-4b97-aa60-39a324efa5ef}\Events\{7c6d86e2-1270-4b6e-a9b0-5a48c80df260}\PackageFullName,,,,,,,13,,,,4688,,,,,S-1-5-18,2022-04-15 12:06:26,2,,,"{""Image"":""C:\\windows\\system32\\svchost.exe"",""ProcessId"":""876"",""EventID"":13,""tags"":[""splunk""],""RecordNumber"":425755,""ProviderGuid"":""{5770385F-C22A-43E0-BF4C-06F5698FFBD9}"",""SourceName"":""Microsoft-Windows-Sysmon"",""OpcodeValue"":0,""EventTime"":""2022-04-15 08:06:25"",""AccountName"":""SYSTEM"",""host"":""cybertees.net"",""SeverityValue"":2,""ExecutionProcessID"":3524,""AccountType"":""User"",""Category"":""Registry value set (rule: RegistryEvent)"",""SourceModuleName"":""eventlog"",""Domain"":""NT AUTHORITY"",""Message"":""Registry value set:\r\nRuleName: -\r\nEventType: SetValue\r\nUtcTime: 2022-04-15 12:06:25.768\r\nProcessGuid: {2d351099-43cd-5f5f-0e00-000000000400}\r\nProcessId: 876\r\nImage: C:\\windows\\system32\\svchost.exe\r\nTargetObject: \\REGISTRY\\A\\{880a2083-1f4b-4b97-aa60-39a324efa5ef}\\Events\\{7c6d86e2-1270-4b6e-a9b0-5a48c80df260}\\PackageFullName\r\nDetails: Microsoft.Windows.ContentDeliveryManager_10.0.18362.449_neutral_neutral_cw5n1h2txyewy"",""port"":60427,""UserID"":""S-1-5-18"",""UtcTime"":""2022-04-15 12:06:25.768"",""timestamp"":""2022-04-15T12:06:27.626Z"",""ThreadID"":4688,""Severity"":""INFO"",""EventTypeOrignal"":""INFO"",""EventType"":""SetValue"",""Channel"":""Microsoft-Windows-Sysmon/Operational"",""TargetObject"":""\\REGISTRY\\A\\{880a2083-1f4b-4b97-aa60-39a324efa5ef}\\Events\\{7c6d86e2-1270-4b6e-a9b0-5a48c80df260}\\PackageFullName"",""Details"":""Microsoft.Windows.ContentDeliveryManager_10.0.18362.449_neutral_neutral_cw5n1h2txyewy"",""Opcode"":""Info"",""EventReceivedTime"":""2022-04-15 08:06:27"",""@version"":""1"",""Task"":13,""SourceModuleType"":""im_msvistalog"",""RuleName"":""-"",""Hostname"":""James.browne"",""Keywords"":-9223372036854775808,""Version"":2,""ProcessGuid"":""{2d351099-43cd-5f5f-0e00-000000000400}""}",2022-04-15T08:06:22.000+0000,8,15,6,april,22,friday,2022,local,,SetValue,cybertees.net,cyber-host,windowslogs,1,60427,"{"""":"":\\\\\\."","""":"""","""":,"""":[""""],"""":,"""":""{----}"",""",Event_logs.json,_json,ip-10-10-40-195,,splunk,,2022-04-15T12:06:27.626Z,
1,,,,,,,\device\harddiskvolume2\windows\system32\svchost.exe,,,,Filtering Platform Connection,Security,,,,,,,,,,,,,,,,,,,,,,,5158,,2022-04-15 8:06:27,2022-04-15 8:06:26,,4,,0,,,,,James.browne,,,,,,,,,,-9214364837600034816,%%14608,36,,,,,,,"The Windows Filtering Platform has permitted a bind to a local port.

Application Information:
	Process ID:		1812
	Application Name:	\device\harddiskvolume2\windows\system32\svchost.exe

Network Information:
	Source Address:		::
	Source Port:		64561
	Protocol:		17

Filter Information:
	Filter Run-Time ID:	0
	Layer Name:		Resource Assignment
	Layer Run-Time ID:	36",,,,,,,,Info,0,,,,,,,,,,,1812,,,17,{54849625-5478-4994-A5BA-3E3B0328C30D},,,,78883,,,,,,,,,INFO,2,,,,,,::,,,,,,eventlog,im_msvistalog,Microsoft-Windows-Security-Auditing,64561,,,,,,,,,,,,,,,,,,,,,,,12810,,,,5692,,,,,,,0,,,"{""ProcessId"":""1812"",""tags"":[""splunk""],""EventID"":5158,""RecordNumber"":78883,""ProviderGuid"":""{54849625-5478-4994-A5BA-3E3B0328C30D}"",""SourceName"":""Microsoft-Windows-Security-Auditing"",""OpcodeValue"":0,""EventTime"":""2022-04-15 08:06:26"",""FilterRTID"":""0"",""host"":""cybertees.net"",""SeverityValue"":2,""ExecutionProcessID"":4,""Category"":""Filtering Platform Connection"",""SourceModuleName"":""eventlog"",""Message"":""The Windows Filtering Platform has permitted a bind to a local port.\r\n\r\nApplication Information:\r\n\tProcess ID:\t\t1812\r\n\tApplication Name:\t\\device\\harddiskvolume2\\windows\\system32\\svchost.exe\r\n\r\nNetwork Information:\r\n\tSource Address:\t\t::\r\n\tSource Port:\t\t64561\r\n\tProtocol:\t\t17\r\n\r\nFilter Information:\r\n\tFilter Run-Time ID:\t0\r\n\tLayer Name:\t\tResource Assignment\r\n\tLayer Run-Time ID:\t36"",""port"":60427,""Protocol"":""17"",""timestamp"":""2022-04-15T12:06:27.625Z"",""ThreadID"":5692,""Severity"":""INFO"",""EventType"":""AUDIT_SUCCESS"",""Channel"":""Security"",""SourceAddress"":""::"",""Opcode"":""Info"",""EventReceivedTime"":""2022-04-15 08:06:27"",""@version"":""1"",""Task"":12810,""SourceModuleType"":""im_msvistalog"",""LayerName"":""%%14608"",""LayerRTID"":""36"",""Hostname"":""James.browne"",""Application"":""\\device\\harddiskvolume2\\windows\\system32\\svchost.exe"",""Keywords"":-9214364837600034816,""Version"":0,""SourcePort"":""64561""}",2022-04-15T08:06:22.000+0000,8,15,6,april,22,friday,2022,local,,AUDIT_SUCCESS,cybertees.net,cyber-host,windowslogs,1,60427,"{"""":"""","""":[""""],"""":,"""":,"""":""{----}"","""":""---"","""":,""""",Event_logs.json,_json,ip-10-10-40-195,,splunk,,2022-04-15T12:06:27.625Z,
1,,,,SYSTEM,User,,,,,,Registry value set (rule: RegistryEvent),Microsoft-Windows-Sysmon/Operational,,,,,,,,,,,,,,DWORD (0x00000604),,,,NT AUTHORITY,,,,,13,,2022-04-15 8:06:27,2022-04-15 8:06:25,INFO,3524,,,,,,,James.browne,C:\windows\system32\svchost.exe,,,,,,,,,-9223372036854775808,,,,,,,,,"Registry value set:
RuleName: -
EventType: SetValue
UtcTime: 2022-04-15 12:06:25.768
ProcessGuid: {2d351099-43cd-5f5f-0e00-000000000400}
ProcessId: 876
Image: C:\windows\system32\svchost.exe
TargetObject: \REGISTRY\A\{880a2083-1f4b-4b97-aa60-39a324efa5ef}\Events\{7c6d86e2-1270-4b6e-a9b0-5a48c80df260}\Flags
Details: DWORD (0x00000604)",,,,,,,,Info,0,,,,,,,,,,{2d351099-43cd-5f5f-0e00-000000000400},876,,,,{5770385F-C22A-43E0-BF4C-06F5698FFBD9},,,,425754,,,,,,,-,,INFO,2,,,,,,,,,,,,eventlog,im_msvistalog,Microsoft-Windows-Sysmon,,,,,,,,,,,,,,,,,\REGISTRY\A\{880a2083-1f4b-4b97-aa60-39a324efa5ef}\Events\{7c6d86e2-1270-4b6e-a9b0-5a48c80df260}\Flags,,,,,,,13,,,,4688,,,,,S-1-5-18,2022-04-15 12:06:26,2,,,"{""Image"":""C:\\windows\\system32\\svchost.exe"",""ProcessId"":""876"",""EventID"":13,""tags"":[""splunk""],""RecordNumber"":425754,""ProviderGuid"":""{5770385F-C22A-43E0-BF4C-06F5698FFBD9}"",""SourceName"":""Microsoft-Windows-Sysmon"",""OpcodeValue"":0,""EventTime"":""2022-04-15 08:06:25"",""AccountName"":""SYSTEM"",""host"":""cybertees.net"",""SeverityValue"":2,""ExecutionProcessID"":3524,""AccountType"":""User"",""Category"":""Registry value set (rule: RegistryEvent)"",""SourceModuleName"":""eventlog"",""Domain"":""NT AUTHORITY"",""Message"":""Registry value set:\r\nRuleName: -\r\nEventType: SetValue\r\nUtcTime: 2022-04-15 12:06:25.768\r\nProcessGuid: {2d351099-43cd-5f5f-0e00-000000000400}\r\nProcessId: 876\r\nImage: C:\\windows\\system32\\svchost.exe\r\nTargetObject: \\REGISTRY\\A\\{880a2083-1f4b-4b97-aa60-39a324efa5ef}\\Events\\{7c6d86e2-1270-4b6e-a9b0-5a48c80df260}\\Flags\r\nDetails: DWORD (0x00000604)"",""port"":60427,""UserID"":""S-1-5-18"",""UtcTime"":""2022-04-15 12:06:25.768"",""timestamp"":""2022-04-15T12:06:27.625Z"",""ThreadID"":4688,""Severity"":""INFO"",""EventTypeOrignal"":""INFO"",""EventType"":""SetValue"",""Channel"":""Microsoft-Windows-Sysmon/Operational"",""TargetObject"":""\\REGISTRY\\A\\{880a2083-1f4b-4b97-aa60-39a324efa5ef}\\Events\\{7c6d86e2-1270-4b6e-a9b0-5a48c80df260}\\Flags"",""Details"":""DWORD (0x00000604)"",""Opcode"":""Info"",""EventReceivedTime"":""2022-04-15 08:06:27"",""@version"":""1"",""Task"":13,""SourceModuleType"":""im_msvistalog"",""RuleName"":""-"",""Hostname"":""James.browne"",""Keywords"":-9223372036854775808,""Version"":2,""ProcessGuid"":""{2d351099-43cd-5f5f-0e00-000000000400}""}",2022-04-15T08:06:22.000+0000,8,15,6,april,22,friday,2022,local,,SetValue,cybertees.net,cyber-host,windowslogs,1,60427,"{"""":"":\\\\\\."","""":"""","""":,"""":[""""],"""":,"""":""{----}"",""",Event_logs.json,_json,ip-10-10-40-195,,splunk,,2022-04-15T12:06:27.625Z,
1,,,,,,,,,,,Process Termination,Security,,,,,,,,,,,,,,,,,,,,,,,4689,,2022-04-15 8:06:27,2022-04-15 8:06:26,,4,,,,,,,James.browne,,,,,,,,,,-9214364837600034816,,,,,,,,,"A process has exited.

Subject:
	Security ID:		S-1-5-21-4020993649-1037605423-417876593-500
	Account Name:		Alberto
	Account Domain:		Cybertees
	Logon ID:		0x7ED5AA

Process Information:
	Process ID:	0x1450
	Process Name:	C:\Windows\System32\backgroundTaskHost.exe
	Exit Status:	0x1",,,,,,,,Info,0,,,,,,,,,,,0x1450,C:\Windows\System32\backgroundTaskHost.exe,,,{54849625-5478-4994-A5BA-3E3B0328C30D},,,,78882,,,,,,,,,INFO,2,,,,,,,,,,,,eventlog,im_msvistalog,Microsoft-Windows-Security-Auditing,,,,,,0x1,Cybertees,0x7ed5aa,Alberto,S-1-5-21-4020993649-1037605423-417876593-500,,,,,,,,,,,,,,13313,,,,5692,,,,,,,0,,,"{""tags"":[""splunk""],""EventID"":4689,""RecordNumber"":78882,""ProviderGuid"":""{54849625-5478-4994-A5BA-3E3B0328C30D}"",""SourceName"":""Microsoft-Windows-Security-Auditing"",""OpcodeValue"":0,""EventTime"":""2022-04-15 08:06:26"",""SubjectUserSid"":""S-1-5-21-4020993649-1037605423-417876593-500"",""host"":""cybertees.net"",""SeverityValue"":2,""ExecutionProcessID"":4,""Category"":""Process Termination"",""SubjectLogonId"":""0x7ed5aa"",""Status"":""0x1"",""SourceModuleName"":""eventlog"",""Message"":""A process has exited.\r\n\r\nSubject:\r\n\tSecurity ID:\t\tS-1-5-21-4020993649-1037605423-417876593-500\r\n\tAccount Name:\t\tAlberto\r\n\tAccount Domain:\t\tCybertees\r\n\tLogon ID:\t\t0x7ED5AA\r\n\r\nProcess Information:\r\n\tProcess ID:\t0x1450\r\n\tProcess Name:\tC:\\Windows\\System32\\backgroundTaskHost.exe\r\n\tExit Status:\t0x1"",""port"":60427,""timestamp"":""2022-04-15T12:06:27.625Z"",""ThreadID"":5692,""SubjectUserName"":""Alberto"",""Severity"":""INFO"",""ProcessName"":""C:\\Windows\\System32\\backgroundTaskHost.exe"",""EventType"":""AUDIT_SUCCESS"",""Channel"":""Security"",""Opcode"":""Info"",""EventReceivedTime"":""2022-04-15 08:06:27"",""@version"":""1"",""Task"":13313,""SubjectDomainName"":""Cybertees"",""SourceModuleType"":""im_msvistalog"",""Hostname"":""James.browne"",""Keywords"":-9214364837600034816,""Version"":0,""ProcessId"":""0x1450""}",2022-04-15T08:06:22.000+0000,8,15,6,april,22,friday,2022,local,,AUDIT_SUCCESS,cybertees.net,cyber-host,windowslogs,1,60427,"{"""":[""""],"""":,"""":,"""":""{----}"","""":""---"","""":,"""":""--_:",Event_logs.json,_json,ip-10-10-40-195,,splunk,,2022-04-15T12:06:27.625Z,
1,,,,SYSTEM,User,,,,,,Registry value set (rule: RegistryEvent),Microsoft-Windows-Sysmon/Operational,,,,,,,,,,,,,,Binary Data,,,,NT AUTHORITY,,,,,13,,2022-04-15 8:06:27,2022-04-15 8:06:25,INFO,3524,,,,,,,James.browne,C:\windows\system32\svchost.exe,,,,,,,,,-9223372036854775808,,,,,,,,,"Registry value set:
RuleName: -
EventType: SetValue
UtcTime: 2022-04-15 12:06:25.768
ProcessGuid: {2d351099-43cd-5f5f-0e00-000000000400}
ProcessId: 876
Image: C:\windows\system32\svchost.exe
TargetObject: \REGISTRY\A\{880a2083-1f4b-4b97-aa60-39a324efa5ef}\Events\{7c6d86e2-1270-4b6e-a9b0-5a48c80df260}\EventParameters
Details: Binary Data",,,,,,,,Info,0,,,,,,,,,,{2d351099-43cd-5f5f-0e00-000000000400},876,,,,{5770385F-C22A-43E0-BF4C-06F5698FFBD9},,,,425753,,,,,,,-,,INFO,2,,,,,,,,,,,,eventlog,im_msvistalog,Microsoft-Windows-Sysmon,,,,,,,,,,,,,,,,,\REGISTRY\A\{880a2083-1f4b-4b97-aa60-39a324efa5ef}\Events\{7c6d86e2-1270-4b6e-a9b0-5a48c80df260}\EventParameters,,,,,,,13,,,,4688,,,,,S-1-5-18,2022-04-15 12:06:26,2,,,"{""Image"":""C:\\windows\\system32\\svchost.exe"",""ProcessId"":""876"",""EventID"":13,""tags"":[""splunk""],""RecordNumber"":425753,""ProviderGuid"":""{5770385F-C22A-43E0-BF4C-06F5698FFBD9}"",""SourceName"":""Microsoft-Windows-Sysmon"",""OpcodeValue"":0,""EventTime"":""2022-04-15 08:06:25"",""AccountName"":""SYSTEM"",""host"":""cybertees.net"",""SeverityValue"":2,""ExecutionProcessID"":3524,""AccountType"":""User"",""Category"":""Registry value set (rule: RegistryEvent)"",""SourceModuleName"":""eventlog"",""Domain"":""NT AUTHORITY"",""Message"":""Registry value set:\r\nRuleName: -\r\nEventType: SetValue\r\nUtcTime: 2022-04-15 12:06:25.768\r\nProcessGuid: {2d351099-43cd-5f5f-0e00-000000000400}\r\nProcessId: 876\r\nImage: C:\\windows\\system32\\svchost.exe\r\nTargetObject: \\REGISTRY\\A\\{880a2083-1f4b-4b97-aa60-39a324efa5ef}\\Events\\{7c6d86e2-1270-4b6e-a9b0-5a48c80df260}\\EventParameters\r\nDetails: Binary Data"",""port"":60427,""UserID"":""S-1-5-18"",""UtcTime"":""2022-04-15 12:06:25.768"",""timestamp"":""2022-04-15T12:06:27.624Z"",""ThreadID"":4688,""Severity"":""INFO"",""EventTypeOrignal"":""INFO"",""EventType"":""SetValue"",""Channel"":""Microsoft-Windows-Sysmon/Operational"",""TargetObject"":""\\REGISTRY\\A\\{880a2083-1f4b-4b97-aa60-39a324efa5ef}\\Events\\{7c6d86e2-1270-4b6e-a9b0-5a48c80df260}\\EventParameters"",""Details"":""Binary Data"",""Opcode"":""Info"",""EventReceivedTime"":""2022-04-15 08:06:27"",""@version"":""1"",""Task"":13,""SourceModuleType"":""im_msvistalog"",""RuleName"":""-"",""Hostname"":""James.browne"",""Keywords"":-9223372036854775808,""Version"":2,""ProcessGuid"":""{2d351099-43cd-5f5f-0e00-000000000400}""}",2022-04-15T08:06:22.000+0000,8,15,6,april,22,friday,2022,local,,SetValue,cybertees.net,cyber-host,windowslogs,1,60427,"{"""":"":\\\\\\."","""":"""","""":,"""":[""""],"""":,"""":""{----}"",""",Event_logs.json,_json,ip-10-10-40-195,,splunk,,2022-04-15T12:06:27.624Z,
1,,,,,,,,,,,Registry,Security,,,,,,,,,,,,,,,,,,,,,,,4658,,2022-04-15 8:06:27,2022-04-15 8:06:26,,4,,,,,0x5dc,,James.browne,,,,,,,,,,-9214364837600034816,,,,,,,,,"The handle to an object was closed.

Subject :
	Security ID:		S-1-5-21-4020993649-1037605423-417876593-500
	Account Name:		Alberto
	Account Domain:		Cybertees
	Logon ID:		0x7ED5AA

Object:
	Object Server:		Security
	Handle ID:		0x5dc

Process Information:
	Process ID:		0x2518
	Process Name:		C:\Windows\System32\RuntimeBroker.exe",,,,,Security,,,Info,0,,,,,,,,,,,0x2518,C:\Windows\System32\RuntimeBroker.exe,,,{54849625-5478-4994-A5BA-3E3B0328C30D},,,,78881,,,,,,,,,INFO,2,,,,,,,,,,,,eventlog,im_msvistalog,Microsoft-Windows-Security-Auditing,,,,,,,Cybertees,0x7ed5aa,Alberto,S-1-5-21-4020993649-1037605423-417876593-500,,,,,,,,,,,,,,12801,,,,5692,,,,,,,0,,,"{""tags"":[""splunk""],""EventID"":4658,""RecordNumber"":78881,""ProviderGuid"":""{54849625-5478-4994-A5BA-3E3B0328C30D}"",""SourceName"":""Microsoft-Windows-Security-Auditing"",""OpcodeValue"":0,""EventTime"":""2022-04-15 08:06:26"",""SubjectUserSid"":""S-1-5-21-4020993649-1037605423-417876593-500"",""host"":""cybertees.net"",""SeverityValue"":2,""ExecutionProcessID"":4,""Category"":""Registry"",""SubjectLogonId"":""0x7ed5aa"",""SourceModuleName"":""eventlog"",""Message"":""The handle to an object was closed.\r\n\r\nSubject :\r\n\tSecurity ID:\t\tS-1-5-21-4020993649-1037605423-417876593-500\r\n\tAccount Name:\t\tAlberto\r\n\tAccount Domain:\t\tCybertees\r\n\tLogon ID:\t\t0x7ED5AA\r\n\r\nObject:\r\n\tObject Server:\t\tSecurity\r\n\tHandle ID:\t\t0x5dc\r\n\r\nProcess Information:\r\n\tProcess ID:\t\t0x2518\r\n\tProcess Name:\t\tC:\\Windows\\System32\\RuntimeBroker.exe"",""port"":60427,""timestamp"":""2022-04-15T12:06:27.624Z"",""ThreadID"":5692,""SubjectUserName"":""Alberto"",""Severity"":""INFO"",""ObjectServer"":""Security"",""ProcessName"":""C:\\Windows\\System32\\RuntimeBroker.exe"",""EventType"":""AUDIT_SUCCESS"",""Channel"":""Security"",""Opcode"":""Info"",""EventReceivedTime"":""2022-04-15 08:06:27"",""@version"":""1"",""Task"":12801,""SubjectDomainName"":""Cybertees"",""HandleId"":""0x5dc"",""SourceModuleType"":""im_msvistalog"",""Hostname"":""James.browne"",""Keywords"":-9214364837600034816,""Version"":0,""ProcessId"":""0x2518""}",2022-04-15T08:06:22.000+0000,8,15,6,april,22,friday,2022,local,,AUDIT_SUCCESS,cybertees.net,cyber-host,windowslogs,1,60427,"{"""":[""""],"""":,"""":,"""":""{----}"","""":""---"","""":,"""":""--_:",Event_logs.json,_json,ip-10-10-40-195,,splunk,,2022-04-15T12:06:27.624Z,
