Access Request Information:
	Access Mask:		0x100081
	Accesses:		SYNCHRONIZE
				ReadData (or ListDirectory)
				ReadAttributes
				
Access Check Results:
	SYNCHRONIZE:	Granted by	D:(A;;0x1200a9;;;WD)
				ReadData (or ListDirectory):	Granted by	D:(A;;0x1200a9;;;WD)
				ReadAttributes:	Granted by	D:(A;;0x1200a9;;;WD)
				
",,,,,,File,,Info,0,,,,,,,,,,,,,,,{54849625-5478-4994-A5BA-3E3B0328C30D},,,,228429,Cybertees.local\Policies\{31B2F340-016D-11D2-945F-00C04FB984F9}\Machine,,,,,,,,INFO,2,\??\C:\SYSVOL\sysvol,\\*\SYSVOL,,,,,,,,,,eventlog,im_msvistalog,Microsoft-Windows-Security-Auditing,,,,,,,Cybertees,0x576976,WORKSTATION5$,S-1-5-21-4020993649-1037605423-417876593-1113,,,,,,,,,,,,,,12811,,,,392,,,,,,,0,,,"{""EventID"":5145,""RecordNumber"":228429,""ProviderGuid"":""{54849625-5478-4994-A5BA-3E3B0328C30D}"",""SourceName"":""Microsoft-Windows-Security-Auditing"",""OpcodeValue"":0,""EventTime"":""2022-04-15 08:06:07"",""SubjectUserSid"":""S-1-5-21-4020993649-1037605423-417876593-1113"",""host"":""cybertees.net"",""SeverityValue"":2,""ExecutionProcessID"":4,""Category"":""Detailed File Share"",""SubjectLogonId"":""0x576976"",""RelativeTargetName"":""Cybertees.local\\Policies\\{31B2F340-016D-11D2-945F-00C04FB984F9}\\Machine"",""AccessList"":""%%1541\r\n\t\t\t\t%%4416\r\n\t\t\t\t%%4423\r\n\t\t\t\t"",""AccessReason"":""%%1541:\t%%1801\tD:(A;;0x1200a9;;;WD)\r\n\t\t\t\t%%4416:\t%%1801\tD:(A;;0x1200a9;;;WD)\r\n\t\t\t\t%%4423:\t%%1801\tD:(A;;0x1200a9;;;WD)\r\n\t\t\t\t"",""SourceModuleName"":""eventlog"",""Message"":""A network share object was checked to see whether client can be granted desired access.\r\n\t\r\nSubject:\r\n\tSecurity ID:\t\tS-1-5-21-4020993649-1037605423-417876593-1113\r\n\tAccount Name:\t\tWORKSTATION5$\r\n\tAccount Domain:\t\tCybertees\r\n\tLogon ID:\t\t0x576976\r\n\r\nNetwork Information:\t\r\n\tObject Type:\t\tFile\r\n\tSource Address:\t\t172.90.12.11\r\n\tSource Port:\t\t60075\r\n\t\r\nShare Information:\r\n\tShare Name:\t\t\\\\*\\SYSVOL\r\n\tShare Path:\t\t\\??\\C:\\SYSVOL\\sysvol\r\n\tRelative Target Name:\tCybertees.local\\Policies\\{31B2F340-016D-11D2-945F-00C04FB984F9}\\Machine\r\n\r\nAccess Request Information:\r\n\tAccess Mask:\t\t0x100081\r\n\tAccesses:\t\tSYNCHRONIZE\r\n\t\t\t\tReadData (or ListDirectory)\r\n\t\t\t\tReadAttributes\r\n\t\t\t\t\r\nAccess Check Results:\r\n\tSYNCHRONIZE:\tGranted by\tD:(A;;0x1200a9;;;WD)\r\n\t\t\t\tReadData (or ListDirectory):\tGranted by\tD:(A;;0x1200a9;;;WD)\r\n\t\t\t\tReadAttributes:\tGranted by\tD:(A;;0x1200a9;;;WD)\r\n\t\t\t\t\r\n"",""port"":60427,""timestamp"":""2022-04-15T12:06:08.112Z"",""ThreadID"":392,""SubjectUserName"":""WORKSTATION5$"",""IpPort"":""60075"",""Severity"":""INFO"",""IpAddress"":""172.90.12.11"",""EventType"":""AUDIT_SUCCESS"",""Channel"":""Security"",""ObjectType"":""File"",""Opcode"":""Info"",""ShareName"":""\\\\*\\SYSVOL"",""EventReceivedTime"":""2022-04-15 08:06:08"",""@version"":""1"",""Task"":12811,""SubjectDomainName"":""Cybertees"",""ShareLocalPath"":""\\??\\C:\\SYSVOL\\sysvol"",""AccessMask"":""0x100081"",""SourceModuleType"":""im_msvistalog"",""Hostname"":""Salena.Adam"",""Keywords"":-9214364837600034816,""Version"":0,""tags"":[""splunk""]}",2022-04-15T08:06:02.000+0000,8,15,6,april,2,friday,2022,local,,AUDIT_SUCCESS,cybertees.net,cyber-host,windowslogs,1,60427,"{"""":,"""":,"""":""{----}"","""":""---"","""":,"""":""--_::"","""":""-",Event_logs.json,_json,ip-10-10-40-195,,splunk,,2022-04-15T12:06:08.112Z,
1,,,,SYSTEM,User,,,,,,Registry value set (rule: RegistryEvent),Microsoft-Windows-Sysmon/Operational,,,,,,,,,,,,,,DWORD (0x00000000),,,,NT AUTHORITY,,,,,13,,2022-04-15 8:06:08,2022-04-15 8:06:07,INFO,3524,,,,,,,James.browne,C:\windows\system32\svchost.exe,,,,,,,,,-9223372036854775808,,,,,,,,,"Registry value set:
RuleName: -
EventType: SetValue
UtcTime: 2022-04-15 12:06:07.064
ProcessGuid: {2d351099-5cae-5f5f-3204-000000000400}
ProcessId: 2116
Image: C:\windows\system32\svchost.exe
TargetObject: HKLM\SOFTWARE\Microsoft\Windows\CurrentVersion\Group Policy\DataStore\Machine\0\0\lParam
Details: DWORD (0x00000000)",,,,,,,,Info,0,,,,,,,,,,{2d351099-5cae-5f5f-3204-000000000400},2116,,,,{5770385F-C22A-43E0-BF4C-06F5698FFBD9},,,,423685,,,,,,,-,,INFO,2,,,,,,,,,,,,eventlog,im_msvistalog,Microsoft-Windows-Sysmon,,,,,,,,,,,,,,,,,HKLM\SOFTWARE\Microsoft\Windows\CurrentVersion\Group Policy\DataStore\Machine\0\0\lParam,,,,,,,13,,,,4688,,,,,S-1-5-18,2022-04-15 12:06:07,2,,,"{""Image"":""C:\\windows\\system32\\svchost.exe"",""ProcessId"":""2116"",""EventID"":13,""tags"":[""splunk""],""RecordNumber"":423685,""ProviderGuid"":""{5770385F-C22A-43E0-BF4C-06F5698FFBD9}"",""SourceName"":""Microsoft-Windows-Sysmon"",""OpcodeValue"":0,""EventTime"":""2022-04-15 08:06:07"",""AccountName"":""SYSTEM"",""host"":""cybertees.net"",""SeverityValue"":2,""ExecutionProcessID"":3524,""AccountType"":""User"",""Category"":""Registry value set (rule: RegistryEvent)"",""SourceModuleName"":""eventlog"",""Domain"":""NT AUTHORITY"",""Message"":""Registry value set:\r\nRuleName: -\r\nEventType: SetValue\r\nUtcTime: 2022-04-15 12:06:07.064\r\nProcessGuid: {2d351099-5cae-5f5f-3204-000000000400}\r\nProcessId: 2116\r\nImage: C:\\windows\\system32\\svchost.exe\r\nTargetObject: HKLM\\SOFTWARE\\Microsoft\\Windows\\CurrentVersion\\Group Policy\\DataStore\\Machine\\0\\0\\lParam\r\nDetails: DWORD (0x00000000)"",""port"":60427,""UserID"":""S-1-5-18"",""UtcTime"":""2022-04-15 12:06:07.064"",""timestamp"":""2022-04-15T12:06:08.110Z"",""ThreadID"":4688,""Severity"":""INFO"",""EventTypeOrignal"":""INFO"",""EventType"":""SetValue"",""Channel"":""Microsoft-Windows-Sysmon/Operational"",""TargetObject"":""HKLM\\SOFTWARE\\Microsoft\\Windows\\CurrentVersion\\Group Policy\\DataStore\\Machine\\0\\0\\lParam"",""Details"":""DWORD (0x00000000)"",""Opcode"":""Info"",""EventReceivedTime"":""2022-04-15 08:06:08"",""@version"":""1"",""Task"":13,""SourceModuleType"":""im_msvistalog"",""RuleName"":""-"",""Hostname"":""James.browne"",""Keywords"":-9223372036854775808,""Version"":2,""ProcessGuid"":""{2d351099-5cae-5f5f-3204-000000000400}""}",2022-04-15T08:06:02.000+0000,8,15,6,april,2,friday,2022,local,,SetValue,cybertees.net,cyber-host,windowslogs,1,60427,"{"""":"":\\\\\\."","""":"""","""":,"""":[""""],"""":,"""":""{----}"",""",Event_logs.json,_json,ip-10-10-40-195,,splunk,,2022-04-15T12:06:08.110Z,
1,"%%1538
				%%4432
				%%4435
				%%4436
				",0x20019,-,,,,,,,,Registry,Security,,,,,,,,,,,,,,,,,,,,,,,4656,,2022-04-15 8:06:08,2022-04-15 8:06:06,,4,,,,,0x1b4,,James.browne,,,,,,,,,,-9214364837600034816,,,,,,,,,"A handle to an object was requested.

Subject:
	Security ID:		S-1-5-18
	Account Name:		WORKSTATION5$
	Account Domain:		Cybertees
	Logon ID:		0x3E7

Object:
	Object Server:		Security
	Object Type:		Key
	Object Name:		\REGISTRY\MACHINE\SOFTWARE\Microsoft\Windows NT\CurrentVersion\Winlogon
	Handle ID:		0x1b4
	Resource Attributes:	-

Process Information:
	Process ID:		0x844
	Process Name:		C:\Windows\System32\svchost.exe

Access Request Information:
	Transaction ID:		{00000000-0000-0000-0000-000000000000}
	Accesses:		READ_CONTROL
				Query key value
				Enumerate sub-keys
				Notify about changes to keys
				
	Access Reasons:		-
	Access Mask:		0x20019
	Privileges Used for Access Check:	-
	Restricted SID Count:	0",,,,\REGISTRY\MACHINE\SOFTWARE\Microsoft\Windows NT\CurrentVersion\Winlogon,Security,Key,,Info,0,,,,,,,,,-,,0x844,C:\Windows\System32\svchost.exe,,,{54849625-5478-4994-A5BA-3E3B0328C30D},,,,73386,,,,-,,0,,,INFO,2,,,,,,,,,,,,eventlog,im_msvistalog,Microsoft-Windows-Security-Auditing,,,,,,,Cybertees,0x3e7,WORKSTATION5$,S-1-5-18,,,,,,,,,,,,,,12801,,,,2916,,{00000000-0000-0000-0000-000000000000},,,,,1,,,"{""EventID"":4656,""RecordNumber"":73386,""ProviderGuid"":""{54849625-5478-4994-A5BA-3E3B0328C30D}"",""SourceName"":""Microsoft-Windows-Security-Auditing"",""OpcodeValue"":0,""AccessList"":""%%1538\r\n\t\t\t\t%%4432\r\n\t\t\t\t%%4435\r\n\t\t\t\t%%4436\r\n\t\t\t\t"",""AccessReason"":""-"",""SourceModuleName"":""eventlog"",""ExecutionProcessID"":4,""Category"":""Registry"",""port"":60427,""ThreadID"":2916,""SubjectUserName"":""WORKSTATION5$"",""Severity"":""INFO"",""ObjectServer"":""Security"",""ProcessName"":""C:\\Windows\\System32\\svchost.exe"",""ResourceAttributes"":""-"",""EventType"":""AUDIT_SUCCESS"",""Channel"":""Security"",""ObjectType"":""Key"",""Opcode"":""Info"",""ObjectName"":""\\REGISTRY\\MACHINE\\SOFTWARE\\Microsoft\\Windows NT\\CurrentVersion\\Winlogon"",""EventReceivedTime"":""2022-04-15 08:06:08"",""Task"":12801,""SubjectDomainName"":""Cybertees"",""HandleId"":""0x1b4"",""Keywords"":-9214364837600034816,""Version"":1,""ProcessId"":""0x844"",""tags"":[""splunk""],""SubjectUserSid"":""S-1-5-18"",""EventTime"":""2022-04-15 08:06:06"",""host"":""cybertees.net"",""SeverityValue"":2,""SubjectLogonId"":""0x3e7"",""Message"":""A handle to an object was requested.\r\n\r\nSubject:\r\n\tSecurity ID:\t\tS-1-5-18\r\n\tAccount Name:\t\tWORKSTATION5$\r\n\tAccount Domain:\t\tCybertees\r\n\tLogon ID:\t\t0x3E7\r\n\r\nObject:\r\n\tObject Server:\t\tSecurity\r\n\tObject Type:\t\tKey\r\n\tObject Name:\t\t\\REGISTRY\\MACHINE\\SOFTWARE\\Microsoft\\Windows NT\\CurrentVersion\\Winlogon\r\n\tHandle ID:\t\t0x1b4\r\n\tResource Attributes:\t-\r\n\r\nProcess Information:\r\n\tProcess ID:\t\t0x844\r\n\tProcess Name:\t\tC:\\Windows\\System32\\svchost.exe\r\n\r\nAccess Request Information:\r\n\tTransaction ID:\t\t{00000000-0000-0000-0000-000000000000}\r\n\tAccesses:\t\tREAD_CONTROL\r\n\t\t\t\tQuery key value\r\n\t\t\t\tEnumerate sub-keys\r\n\t\t\t\tNotify about changes to keys\r\n\t\t\t\t\r\n\tAccess Reasons:\t\t-\r\n\tAccess Mask:\t\t0x20019\r\n\tPrivileges Used for Access Check:\t-\r\n\tRestricted SID Count:\t0"",""timestamp"":""2022-04-15T12:06:08.110Z"",""@version"":""1"",""AccessMask"":""0x20019"",""SourceModuleType"":""im_msvistalog"",""RestrictedSidCount"":""0"",""TransactionId"":""{00000000-0000-0000-0000-000000000000}"",""Hostname"":""James.browne"",""PrivilegeList"":""-""}",2022-04-15T08:06:02.000+0000,8,15,6,april,2,friday,2022,local,,AUDIT_SUCCESS,cybertees.net,cyber-host,windowslogs,1,60427,"{"""":,"""":,"""":""{----}"","""":""---"","""":,"""":""%%\\\\\\%%\\",Event_logs.json,_json,ip-10-10-40-195,,splunk,,2022-04-15T12:06:08.110Z,
1,"%%1538
				%%1541
				%%4416
				%%4419
				%%4423
				",0x120089,"%%1538:	%%1801	D:(A;;0x1200a9;;;WD)
				%%1541:	%%1801	D:(A;;0x1200a9;;;WD)
				%%4416:	%%1801	D:(A;;0x1200a9;;;WD)
				%%4419:	%%1801	D:(A;;0x1200a9;;;WD)
				%%4423:	%%1801	D:(A;;0x1200a9;;;WD)
				",,,,,,,,Detailed File Share,Security,,,,,,,,,,,,,,,,,,,,,,,5145,,2022-04-15 8:06:08,2022-04-15 8:06:07,,4,,,,,,,Salena.Adam,,,,,,172.90.12.11,60075,,,-9214364837600034816,,,,,,,,,"A network share object was checked to see whether client can be granted desired access.
	
Subject:
	Security ID:		S-1-5-21-4020993649-1037605423-417876593-1113
	Account Name:		WORKSTATION5$
	Account Domain:		Cybertees
	Logon ID:		0x576976

Network Information:	
	Object Type:		File
	Source Address:		172.90.12.11
	Source Port:		60075
	
Share Information:
	Share Name:		\\*\SYSVOL
	Share Path:		\??\C:\SYSVOL\sysvol
	Relative Target Name:	Cybertees.local\Policies\{31B2F340-016D-11D2-945F-00C04FB984F9}\gpt.ini

Access Request Information:
	Access Mask:		0x120089
	Accesses:		READ_CONTROL
				SYNCHRONIZE
				ReadData (or ListDirectory)
				ReadEA
				ReadAttributes
				
Access Check Results:
	READ_CONTROL:	Granted by	D:(A;;0x1200a9;;;WD)
				SYNCHRONIZE:	Granted by	D:(A;;0x1200a9;;;WD)
				ReadData (or ListDirectory):	Granted by	D:(A;;0x1200a9;;;WD)
				ReadEA:	Granted by	D:(A;;0x1200a9;;;WD)
				ReadAttributes:	Granted by	D:(A;;0x1200a9;;;WD)
				
",,,,,,File,,Info,0,,,,,,,,,,,,,,,{54849625-5478-4994-A5BA-3E3B0328C30D},,,,228428,Cybertees.local\Policies\{31B2F340-016D-11D2-945F-00C04FB984F9}\gpt.ini,,,,,,,,INFO,2,\??\C:\SYSVOL\sysvol,\\*\SYSVOL,,,,,,,,,,eventlog,im_msvistalog,Microsoft-Windows-Security-Auditing,,,,,,,Cybertees,0x576976,WORKSTATION5$,S-1-5-21-4020993649-1037605423-417876593-1113,,,,,,,,,,,,,,12811,,,,392,,,,,,,0,,,"{""EventID"":5145,""RecordNumber"":228428,""ProviderGuid"":""{54849625-5478-4994-A5BA-3E3B0328C30D}"",""SourceName"":""Microsoft-Windows-Security-Auditing"",""OpcodeValue"":0,""EventTime"":""2022-04-15 08:06:07"",""SubjectUserSid"":""S-1-5-21-4020993649-1037605423-417876593-1113"",""host"":""cybertees.net"",""SeverityValue"":2,""ExecutionProcessID"":4,""Category"":""Detailed File Share"",""SubjectLogonId"":""0x576976"",""RelativeTargetName"":""Cybertees.local\\Policies\\{31B2F340-016D-11D2-945F-00C04FB984F9}\\gpt.ini"",""AccessList"":""%%1538\r\n\t\t\t\t%%1541\r\n\t\t\t\t%%4416\r\n\t\t\t\t%%4419\r\n\t\t\t\t%%4423\r\n\t\t\t\t"",""AccessReason"":""%%1538:\t%%1801\tD:(A;;0x1200a9;;;WD)\r\n\t\t\t\t%%1541:\t%%1801\tD:(A;;0x1200a9;;;WD)\r\n\t\t\t\t%%4416:\t%%1801\tD:(A;;0x1200a9;;;WD)\r\n\t\t\t\t%%4419:\t%%1801\tD:(A;;0x1200a9;;;WD)\r\n\t\t\t\t%%4423:\t%%1801\tD:(A;;0x1200a9;;;WD)\r\n\t\t\t\t"",""SourceModuleName"":""eventlog"",""Message"":""A network share object was checked to see whether client can be granted desired access.\r\n\t\r\nSubject:\r\n\tSecurity ID:\t\tS-1-5-21-4020993649-1037605423-417876593-1113\r\n\tAccount Name:\t\tWORKSTATION5$\r\n\tAccount Domain:\t\tCybertees\r\n\tLogon ID:\t\t0x576976\r\n\r\nNetwork Information:\t\r\n\tObject Type:\t\tFile\r\n\tSource Address:\t\t172.90.12.11\r\n\tSource Port:\t\t60075\r\n\t\r\nShare Information:\r\n\tShare Name:\t\t\\\\*\\SYSVOL\r\n\tShare Path:\t\t\\??\\C:\\SYSVOL\\sysvol\r\n\tRelative Target Name:\tCybertees.local\\Policies\\{31B2F340-016D-11D2-945F-00C04FB984F9}\\gpt.ini\r\n\r\nAccess Request Information:\r\n\tAccess Mask:\t\t0x120089\r\n\tAccesses:\t\tREAD_CONTROL\r\n\t\t\t\tSYNCHRONIZE\r\n\t\t\t\tReadData (or ListDirectory)\r\n\t\t\t\tReadEA\r\n\t\t\t\tReadAttributes\r\n\t\t\t\t\r\nAccess Check Results:\r\n\tREAD_CONTROL:\tGranted by\tD:(A;;0x1200a9;;;WD)\r\n\t\t\t\tSYNCHRONIZE:\tGranted by\tD:(A;;0x1200a9;;;WD)\r\n\t\t\t\tReadData (or ListDirectory):\tGranted by\tD:(A;;0x1200a9;;;WD)\r\n\t\t\t\tReadEA:\tGranted by\tD:(A;;0x1200a9;;;WD)\r\n\t\t\t\tReadAttributes:\tGranted by\tD:(A;;0x1200a9;;;WD)\r\n\t\t\t\t\r\n"",""port"":60427,""timestamp"":""2022-04-15T12:06:08.109Z"",""ThreadID"":392,""SubjectUserName"":""WORKSTATION5$"",""IpPort"":""60075"",""Severity"":""INFO"",""IpAddress"":""172.90.12.11"",""EventType"":""AUDIT_SUCCESS"",""Channel"":""Security"",""ObjectType"":""File"",""Opcode"":""Info"",""ShareName"":""\\\\*\\SYSVOL"",""EventReceivedTime"":""2022-04-15 08:06:08"",""@version"":""1"",""Task"":12811,""SubjectDomainName"":""Cybertees"",""ShareLocalPath"":""\\??\\C:\\SYSVOL\\sysvol"",""AccessMask"":""0x120089"",""SourceModuleType"":""im_msvistalog"",""Hostname"":""Salena.Adam"",""Keywords"":-9214364837600034816,""Version"":0,""tags"":[""splunk""]}",2022-04-15T08:06:02.000+0000,8,15,6,april,2,friday,2022,local,,AUDIT_SUCCESS,cybertees.net,cyber-host,windowslogs,1,60427,"{"""":,"""":,"""":""{----}"","""":""---"","""":,"""":""--_::"","""":""-",Event_logs.json,_json,ip-10-10-40-195,,splunk,,2022-04-15T12:06:08.109Z,
1,,,,SYSTEM,User,,,,,,Registry value set (rule: RegistryEvent),Microsoft-Windows-Sysmon/Operational,,,,,,,,,,,,,,DWORD (0x00000003),,,,NT AUTHORITY,,,,,13,,2022-04-15 8:06:08,2022-04-15 8:06:07,INFO,3524,,,,,,,James.browne,C:\windows\system32\svchost.exe,,,,,,,,,-9223372036854775808,,,,,,,,,"Registry value set:
RuleName: -
EventType: SetValue
UtcTime: 2022-04-15 12:06:07.064
ProcessGuid: {2d351099-5cae-5f5f-3204-000000000400}
ProcessId: 2116
Image: C:\windows\system32\svchost.exe
TargetObject: HKLM\SOFTWARE\Microsoft\Windows\CurrentVersion\Group Policy\DataStore\Machine\0\0\GPOLink
Details: DWORD (0x00000003)",,,,,,,,Info,0,,,,,,,,,,{2d351099-5cae-5f5f-3204-000000000400},2116,,,,{5770385F-C22A-43E0-BF4C-06F5698FFBD9},,,,423684,,,,,,,-,,INFO,2,,,,,,,,,,,,eventlog,im_msvistalog,Microsoft-Windows-Sysmon,,,,,,,,,,,,,,,,,HKLM\SOFTWARE\Microsoft\Windows\CurrentVersion\Group Policy\DataStore\Machine\0\0\GPOLink,,,,,,,13,,,,4688,,,,,S-1-5-18,2022-04-15 12:06:07,2,,,"{""Image"":""C:\\windows\\system32\\svchost.exe"",""ProcessId"":""2116"",""EventID"":13,""tags"":[""splunk""],""RecordNumber"":423684,""ProviderGuid"":""{5770385F-C22A-43E0-BF4C-06F5698FFBD9}"",""SourceName"":""Microsoft-Windows-Sysmon"",""OpcodeValue"":0,""EventTime"":""2022-04-15 08:06:07"",""AccountName"":""SYSTEM"",""host"":""cybertees.net"",""SeverityValue"":2,""ExecutionProcessID"":3524,""AccountType"":""User"",""Category"":""Registry value set (rule: RegistryEvent)"",""SourceModuleName"":""eventlog"",""Domain"":""NT AUTHORITY"",""Message"":""Registry value set:\r\nRuleName: -\r\nEventType: SetValue\r\nUtcTime: 2022-04-15 12:06:07.064\r\nProcessGuid: {2d351099-5cae-5f5f-3204-000000000400}\r\nProcessId: 2116\r\nImage: C:\\windows\\system32\\svchost.exe\r\nTargetObject: HKLM\\SOFTWARE\\Microsoft\\Windows\\CurrentVersion\\Group Policy\\DataStore\\Machine\\0\\0\\GPOLink\r\nDetails: DWORD (0x00000003)"",""port"":60427,""UserID"":""S-1-5-18"",""UtcTime"":""2022-04-15 12:06:07.064"",""timestamp"":""2022-04-15T12:06:08.109Z"",""ThreadID"":4688,""Severity"":""INFO"",""EventTypeOrignal"":""INFO"",""EventType"":""SetValue"",""Channel"":""Microsoft-Windows-Sysmon/Operational"",""TargetObject"":""HKLM\\SOFTWARE\\Microsoft\\Windows\\CurrentVersion\\Group Policy\\DataStore\\Machine\\0\\0\\GPOLink"",""Details"":""DWORD (0x00000003)"",""Opcode"":""Info"",""EventReceivedTime"":""2022-04-15 08:06:08"",""@version"":""1"",""Task"":13,""SourceModuleType"":""im_msvistalog"",""RuleName"":""-"",""Hostname"":""James.browne"",""Keywords"":-9223372036854775808,""Version"":2,""ProcessGuid"":""{2d351099-5cae-5f5f-3204-000000000400}""}",2022-04-15T08:06:02.000+0000,8,15,6,april,2,friday,2022,local,,SetValue,cybertees.net,cyber-host,windowslogs,1,60427,"{"""":"":\\\\\\."","""":"""","""":,"""":[""""],"""":,"""":""{----}"",""",Event_logs.json,_json,ip-10-10-40-195,,splunk,,2022-04-15T12:06:08.109Z,
1,"%%4416
				",0x1,,,,,,,,,File Share,Security,,,,,,,,,,,,,,,,,,,,,,,5140,,2022-04-15 8:06:08,2022-04-15 8:06:07,,4,,,,,,,Salena.Adam,,,,,,172.90.12.11,60075,,,-9214364837600034816,,,,,,,,,"A network share object was accessed.
	
Subject:
	Security ID:		S-1-5-21-4020993649-1037605423-417876593-1113
	Account Name:		WORKSTATION5$
	Account Domain:		Cybertees
	Logon ID:		0x576976

Network Information:	
	Object Type:		File
	Source Address:		172.90.12.11
	Source Port:		60075
	
Share Information:
	Share Name:		\\*\SYSVOL
	Share Path:		\??\C:\SYSVOL\sysvol

Access Request Information:
	Access Mask:		0x1
	Accesses:		ReadData (or ListDirectory)
				
",,,,,,File,,Info,0,,,,,,,,,,,,,,,{54849625-5478-4994-A5BA-3E3B0328C30D},,,,228427,,,,,,,,,INFO,2,\??\C:\SYSVOL\sysvol,\\*\SYSVOL,,,,,,,,,,eventlog,im_msvistalog,Microsoft-Windows-Security-Auditing,,,,,,,Cybertees,0x576976,WORKSTATION5$,S-1-5-21-4020993649-1037605423-417876593-1113,,,,,,,,,,,,,,12808,,,,392,,,,,,,1,,,"{""EventID"":5140,""RecordNumber"":228427,""ProviderGuid"":""{54849625-5478-4994-A5BA-3E3B0328C30D}"",""SourceName"":""Microsoft-Windows-Security-Auditing"",""OpcodeValue"":0,""EventTime"":""2022-04-15 08:06:07"",""SubjectUserSid"":""S-1-5-21-4020993649-1037605423-417876593-1113"",""host"":""cybertees.net"",""SeverityValue"":2,""ExecutionProcessID"":4,""Category"":""File Share"",""SubjectLogonId"":""0x576976"",""AccessList"":""%%4416\r\n\t\t\t\t"",""SourceModuleName"":""eventlog"",""Message"":""A network share object was accessed.\r\n\t\r\nSubject:\r\n\tSecurity ID:\t\tS-1-5-21-4020993649-1037605423-417876593-1113\r\n\tAccount Name:\t\tWORKSTATION5$\r\n\tAccount Domain:\t\tCybertees\r\n\tLogon ID:\t\t0x576976\r\n\r\nNetwork Information:\t\r\n\tObject Type:\t\tFile\r\n\tSource Address:\t\t172.90.12.11\r\n\tSource Port:\t\t60075\r\n\t\r\nShare Information:\r\n\tShare Name:\t\t\\\\*\\SYSVOL\r\n\tShare Path:\t\t\\??\\C:\\SYSVOL\\sysvol\r\n\r\nAccess Request Information:\r\n\tAccess Mask:\t\t0x1\r\n\tAccesses:\t\tReadData (or ListDirectory)\r\n\t\t\t\t\r\n"",""port"":60427,""timestamp"":""2022-04-15T12:06:08.108Z"",""ThreadID"":392,""SubjectUserName"":""WORKSTATION5$"",""IpPort"":""60075"",""Severity"":""INFO"",""IpAddress"":""172.90.12.11"",""EventType"":""AUDIT_SUCCESS"",""Channel"":""Security"",""ObjectType"":""File"",""Opcode"":""Info"",""ShareName"":""\\\\*\\SYSVOL"",""EventReceivedTime"":""2022-04-15 08:06:08"",""@version"":""1"",""Task"":12808,""SubjectDomainName"":""Cybertees"",""ShareLocalPath"":""\\??\\C:\\SYSVOL\\sysvol"",""AccessMask"":""0x1"",""SourceModuleType"":""im_msvistalog"",""Hostname"":""Salena.Adam"",""Keywords"":-9214364837600034816,""Version"":1,""tags"":[""splunk""]}",2022-04-15T08:06:02.000+0000,8,15,6,april,2,friday,2022,local,,AUDIT_SUCCESS,cybertees.net,cyber-host,windowslogs,1,60427,"{"""":,"""":,"""":""{----}"","""":""---"","""":,"""":""--_::"","""":""-",Event_logs.json,_json,ip-10-10-40-195,,splunk,,2022-04-15T12:06:08.108Z,
1,,,,,,,,,,,Registry,Security,,,,,,,,,,,,,,,,,,,,,,,4658,,2022-04-15 8:06:08,2022-04-15 8:06:06,,4,,,,,0x38ac,,James.browne,,,,,,,,,,-9214364837600034816,,,,,,,,,"The handle to an object was closed.

Subject :
	Security ID:		S-1-5-18
	Account Name:		WORKSTATION5$
	Account Domain:		Cybertees
	Logon ID:		0x3E7

Object:
	Object Server:		Security
	Handle ID:		0x38ac

Process Information:
	Process ID:		0x844
	Process Name:		C:\Windows\System32\svchost.exe",,,,,Security,,,Info,0,,,,,,,,,,,0x844,C:\Windows\System32\svchost.exe,,,{54849625-5478-4994-A5BA-3E3B0328C30D},,,,73385,,,,,,,,,INFO,2,,,,,,,,,,,,eventlog,im_msvistalog,Microsoft-Windows-Security-Auditing,,,,,,,Cybertees,0x3e7,WORKSTATION5$,S-1-5-18,,,,,,,,,,,,,,12801,,,,2916,,,,,,,0,,,"{""tags"":[""splunk""],""EventID"":4658,""RecordNumber"":73385,""ProviderGuid"":""{54849625-5478-4994-A5BA-3E3B0328C30D}"",""SourceName"":""Microsoft-Windows-Security-Auditing"",""OpcodeValue"":0,""EventTime"":""2022-04-15 08:06:06"",""SubjectUserSid"":""S-1-5-18"",""host"":""cybertees.net"",""SeverityValue"":2,""ExecutionProcessID"":4,""Category"":""Registry"",""SubjectLogonId"":""0x3e7"",""SourceModuleName"":""eventlog"",""Message"":""The handle to an object was closed.\r\n\r\nSubject :\r\n\tSecurity ID:\t\tS-1-5-18\r\n\tAccount Name:\t\tWORKSTATION5$\r\n\tAccount Domain:\t\tCybertees\r\n\tLogon ID:\t\t0x3E7\r\n\r\nObject:\r\n\tObject Server:\t\tSecurity\r\n\tHandle ID:\t\t0x38ac\r\n\r\nProcess Information:\r\n\tProcess ID:\t\t0x844\r\n\tProcess Name:\t\tC:\\Windows\\System32\\svchost.exe"",""port"":60427,""timestamp"":""2022-04-15T12:06:08.108Z"",""ThreadID"":2916,""SubjectUserName"":""WORKSTATION5$"",""Severity"":""INFO"",""ObjectServer"":""Security"",""ProcessName"":""C:\\Windows\\System32\\svchost.exe"",""EventType"":""AUDIT_SUCCESS"",""Channel"":""Security"",""Opcode"":""Info"",""EventReceivedTime"":""2022-04-15 08:06:08"",""@version"":""1"",""Task"":12801,""SubjectDomainName"":""Cybertees"",""HandleId"":""0x38ac"",""SourceModuleType"":""im_msvistalog"",""Hostname"":""James.browne"",""Keywords"":-9214364837600034816,""Version"":0,""ProcessId"":""0x844""}",2022-04-15T08:06:02.000+0000,8,15,6,april,2,friday,2022,local,,AUDIT_SUCCESS,cybertees.net,cyber-host,windowslogs,1,60427,"{"""":[""""],"""":,"""":,"""":""{----}"","""":""---"","""":,"""":""--_:",Event_logs.json,_json,ip-10-10-40-195,,splunk,,2022-04-15T12:06:08.108Z,
1,,,,,,{03543210-63B4-0001-1E8C-18E47F8AD601},,,,,Group Membership,Security,,,,,,,,,,,,,,,,,,,,,,1,4627,1,2022-04-15 8:06:08,2022-04-15 8:06:07,,700,,,,"
		%{S-1-5-21-4020993649-1037605423-417876593-515}
		%{S-1-1-0}
		%{S-1-5-32-554}
		%{S-1-5-32-545}
		%{S-1-5-32-555}
		%{S-1-5-2}
		%{S-1-5-11}
		%{S-1-5-15}
		%{S-1-18-1}
		%{S-1-16-8448}",,,Salena.Adam,,,,,,,,,,-9214364837600034816,,,,,,,3,,"Group membership information.

Subject:
	Security ID:		S-1-0-0
	Account Name:		-
	Account Domain:		-
	Logon ID:		0x0

Logon Type:			3

New Logon:
	Security ID:		S-1-5-21-4020993649-1037605423-417876593-1113
	Account Name:		WORKSTATION5$
	Account Domain:		Cybertees.LOCAL
	Logon ID:		0x576976

Event in sequence:		1 of 1

Group Membership:			
		%{S-1-5-21-4020993649-1037605423-417876593-515}
		%{S-1-1-0}
		%{S-1-5-32-554}
		%{S-1-5-32-545}
		%{S-1-5-32-555}
		%{S-1-5-2}
		%{S-1-5-11}
		%{S-1-5-15}
		%{S-1-18-1}
		%{S-1-16-8448}

The subject fields indicate the account on the local system which requested the logon. This is most commonly a service such as the Server service, or a local process such as Winlogon.exe or Services.exe.

The logon type field indicates the kind of logon that occurred. The most common types are 2 (interactive) and 3 (network).

The New Logon fields indicate the account for whom the new logon was created, i.e. the account that was logged on.

This event is generated when the Audit Group Membership subcategory is configured.  The Logon ID field can be used to correlate this event with the corresponding user logon event as well as to any other security audit events generated during this logon session.",,,,,,,,Info,0,,,,,,,,,,,,,,,{54849625-5478-4994-A5BA-3E3B0328C30D},,,,228426,,,,,,,,,INFO,2,,,,,,,,,,,,eventlog,im_msvistalog,Microsoft-Windows-Security-Auditing,,,,,,,-,0x0,-,S-1-0-0,Cybertees.LOCAL,,,,,0x576976,,,,,,WORKSTATION5$,S-1-5-21-4020993649-1037605423-417876593-1113,12554,,,,5660,,,,,,,0,,,"{""EventID"":4627,""RecordNumber"":228426,""ProviderGuid"":""{54849625-5478-4994-A5BA-3E3B0328C30D}"",""SourceName"":""Microsoft-Windows-Security-Auditing"",""OpcodeValue"":0,""EventTime"":""2022-04-15 08:06:07"",""SubjectUserSid"":""S-1-0-0"",""host"":""cybertees.net"",""SeverityValue"":2,""ExecutionProcessID"":700,""Category"":""Group Membership"",""SubjectLogonId"":""0x0"",""TargetUserName"":""WORKSTATION5$"",""SourceModuleName"":""eventlog"",""ActivityID"":""{03543210-63B4-0001-1E8C-18E47F8AD601}"",""Message"":""Group membership information.\r\n\r\nSubject:\r\n\tSecurity ID:\t\tS-1-0-0\r\n\tAccount Name:\t\t-\r\n\tAccount Domain:\t\t-\r\n\tLogon ID:\t\t0x0\r\n\r\nLogon Type:\t\t\t3\r\n\r\nNew Logon:\r\n\tSecurity ID:\t\tS-1-5-21-4020993649-1037605423-417876593-1113\r\n\tAccount Name:\t\tWORKSTATION5$\r\n\tAccount Domain:\t\tCybertees.LOCAL\r\n\tLogon ID:\t\t0x576976\r\n\r\nEvent in sequence:\t\t1 of 1\r\n\r\nGroup Membership:\t\t\t\r\n\t\t%{S-1-5-21-4020993649-1037605423-417876593-515}\r\n\t\t%{S-1-1-0}\r\n\t\t%{S-1-5-32-554}\r\n\t\t%{S-1-5-32-545}\r\n\t\t%{S-1-5-32-555}\r\n\t\t%{S-1-5-2}\r\n\t\t%{S-1-5-11}\r\n\t\t%{S-1-5-15}\r\n\t\t%{S-1-18-1}\r\n\t\t%{S-1-16-8448}\r\n\r\nThe subject fields indicate the account on the local system which requested the logon. This is most commonly a service such as the Server service, or a local process such as Winlogon.exe or Services.exe.\r\n\r\nThe logon type field indicates the kind of logon that occurred. The most common types are 2 (interactive) and 3 (network).\r\n\r\nThe New Logon fields indicate the account for whom the new logon was created, i.e. the account that was logged on.\r\n\r\nThis event is generated when the Audit Group Membership subcategory is configured.  The Logon ID field can be used to correlate this event with the corresponding user logon event as well as to any other security audit events generated during this logon session."",""port"":60427,""TargetUserSid"":""S-1-5-21-4020993649-1037605423-417876593-1113"",""timestamp"":""2022-04-15T12:06:08.107Z"",""ThreadID"":5660,""SubjectUserName"":""-"",""EventCountTotal"":""1"",""Severity"":""INFO"",""EventType"":""AUDIT_SUCCESS"",""Channel"":""Security"",""TargetLogonId"":""0x576976"",""EventIdx"":""1"",""Opcode"":""Info"",""EventReceivedTime"":""2022-04-15 08:06:08"",""@version"":""1"",""Task"":12554,""SubjectDomainName"":""-"",""GroupMembership"":""\r\n\t\t%{S-1-5-21-4020993649-1037605423-417876593-515}\r\n\t\t%{S-1-1-0}\r\n\t\t%{S-1-5-32-554}\r\n\t\t%{S-1-5-32-545}\r\n\t\t%{S-1-5-32-555}\r\n\t\t%{S-1-5-2}\r\n\t\t%{S-1-5-11}\r\n\t\t%{S-1-5-15}\r\n\t\t%{S-1-18-1}\r\n\t\t%{S-1-16-8448}"",""SourceModuleType"":""im_msvistalog"",""TargetDomainName"":""Cybertees.LOCAL"",""LogonType"":""3"",""Hostname"":""Salena.Adam"",""Keywords"":-9214364837600034816,""Version"":0,""tags"":[""splunk""]}",2022-04-15T08:06:02.000+0000,8,15,6,april,2,friday,2022,local,,AUDIT_SUCCESS,cybertees.net,cyber-host,windowslogs,1,60427,"{"""":,"""":,"""":""{----}"","""":""---"","""":,"""":""--_::"","""":""-",Event_logs.json,_json,ip-10-10-40-195,,splunk,,2022-04-15T12:06:08.107Z,
1,,,,SYSTEM,User,,,,,,Registry value set (rule: RegistryEvent),Microsoft-Windows-Sysmon/Operational,,,,,,,,,,,,,,{31B2F340-016D-11D2-945F-00C04FB984F9},,,,NT AUTHORITY,,,,,13,,2022-04-15 8:06:08,2022-04-15 8:06:07,INFO,3524,,,,,,,James.browne,C:\windows\system32\svchost.exe,,,,,,,,,-9223372036854775808,,,,,,,,,"Registry value set:
RuleName: -
EventType: SetValue
UtcTime: 2022-04-15 12:06:07.064
ProcessGuid: {2d351099-5cae-5f5f-3204-000000000400}
ProcessId: 2116
Image: C:\windows\system32\svchost.exe
TargetObject: HKLM\SOFTWARE\Microsoft\Windows\CurrentVersion\Group Policy\DataStore\Machine\0\0\GPOName
Details: {31B2F340-016D-11D2-945F-00C04FB984F9}",,,,,,,,Info,0,,,,,,,,,,{2d351099-5cae-5f5f-3204-000000000400},2116,,,,{5770385F-C22A-43E0-BF4C-06F5698FFBD9},,,,423683,,,,,,,-,,INFO,2,,,,,,,,,,,,eventlog,im_msvistalog,Microsoft-Windows-Sysmon,,,,,,,,,,,,,,,,,HKLM\SOFTWARE\Microsoft\Windows\CurrentVersion\Group Policy\DataStore\Machine\0\0\GPOName,,,,,,,13,,,,4688,,,,,S-1-5-18,2022-04-15 12:06:07,2,,,"{""Image"":""C:\\windows\\system32\\svchost.exe"",""ProcessId"":""2116"",""EventID"":13,""tags"":[""splunk""],""RecordNumber"":423683,""ProviderGuid"":""{5770385F-C22A-43E0-BF4C-06F5698FFBD9}"",""SourceName"":""Microsoft-Windows-Sysmon"",""OpcodeValue"":0,""EventTime"":""2022-04-15 08:06:07"",""AccountName"":""SYSTEM"",""host"":""cybertees.net"",""SeverityValue"":2,""ExecutionProcessID"":3524,""AccountType"":""User"",""Category"":""Registry value set (rule: RegistryEvent)"",""SourceModuleName"":""eventlog"",""Domain"":""NT AUTHORITY"",""Message"":""Registry value set:\r\nRuleName: -\r\nEventType: SetValue\r\nUtcTime: 2022-04-15 12:06:07.064\r\nProcessGuid: {2d351099-5cae-5f5f-3204-000000000400}\r\nProcessId: 2116\r\nImage: C:\\windows\\system32\\svchost.exe\r\nTargetObject: HKLM\\SOFTWARE\\Microsoft\\Windows\\CurrentVersion\\Group Policy\\DataStore\\Machine\\0\\0\\GPOName\r\nDetails: {31B2F340-016D-11D2-945F-00C04FB984F9}"",""port"":60427,""UserID"":""S-1-5-18"",""UtcTime"":""2022-04-15 12:06:07.064"",""timestamp"":""2022-04-15T12:06:08.107Z"",""ThreadID"":4688,""Severity"":""INFO"",""EventTypeOrignal"":""INFO"",""EventType"":""SetValue"",""Channel"":""Microsoft-Windows-Sysmon/Operational"",""TargetObject"":""HKLM\\SOFTWARE\\Microsoft\\Windows\\CurrentVersion\\Group Policy\\DataStore\\Machine\\0\\0\\GPOName"",""Details"":""{31B2F340-016D-11D2-945F-00C04FB984F9}"",""Opcode"":""Info"",""EventReceivedTime"":""2022-04-15 08:06:08"",""@version"":""1"",""Task"":13,""SourceModuleType"":""im_msvistalog"",""RuleName"":""-"",""Hostname"":""James.browne"",""Keywords"":-9223372036854775808,""Version"":2,""ProcessGuid"":""{2d351099-5cae-5f5f-3204-000000000400}""}",2022-04-15T08:06:02.000+0000,8,15,6,april,2,friday,2022,local,,SetValue,cybertees.net,cyber-host,windowslogs,1,60427,"{"""":"":\\\\\\."","""":"""","""":,"""":[""""],"""":,"""":""{----}"",""",Event_logs.json,_json,ip-10-10-40-195,,splunk,,2022-04-15T12:06:08.107Z,
1,,,,,,,,,,,Handle Manipulation,Security,,,,,,,,,,,,,,,,,,,,,,,4690,,2022-04-15 8:06:08,2022-04-15 8:06:06,,4,,,,,,,James.browne,,,,,,,,,,-9214364837600034816,,,,,,,,,"An attempt was made to duplicate a handle to an object.

Subject:
	Security ID:		S-1-5-18
	Account Name:		WORKSTATION5$
	Account Domain:		Cybertees
	Logon ID:		0x3E7

Source Handle Information:
	Source Handle ID:	0x1b4
	Source Process ID:	0x844

New Handle Information:
	Target Handle ID:	0x38ac
	Target Process ID:	0x4",,,,,,,,Info,0,,,,,,,,,,,0x844,,,,{54849625-5478-4994-A5BA-3E3B0328C30D},,,,73384,,,,,,,,,INFO,2,,,,,,,0x1b4,,,,,eventlog,im_msvistalog,Microsoft-Windows-Security-Auditing,,,,0x844,,,Cybertees,0x3e7,WORKSTATION5$,S-1-5-18,,,0x38ac,,,,,,,,0x4,,,12807,,,,2916,,,,,,,0,,,"{""tags"":[""splunk""],""EventID"":4690,""RecordNumber"":73384,""ProviderGuid"":""{54849625-5478-4994-A5BA-3E3B0328C30D}"",""SourceName"":""Microsoft-Windows-Security-Auditing"",""OpcodeValue"":0,""EventTime"":""2022-04-15 08:06:06"",""SubjectUserSid"":""S-1-5-18"",""host"":""cybertees.net"",""SeverityValue"":2,""ExecutionProcessID"":4,""Category"":""Handle Manipulation"",""SubjectLogonId"":""0x3e7"",""SourceProcessId"":""0x844"",""SourceModuleName"":""eventlog"",""SourceHandleId"":""0x1b4"",""Message"":""An attempt was made to duplicate a handle to an object.\r\n\r\nSubject:\r\n\tSecurity ID:\t\tS-1-5-18\r\n\tAccount Name:\t\tWORKSTATION5$\r\n\tAccount Domain:\t\tCybertees\r\n\tLogon ID:\t\t0x3E7\r\n\r\nSource Handle Information:\r\n\tSource Handle ID:\t0x1b4\r\n\tSource Process ID:\t0x844\r\n\r\nNew Handle Information:\r\n\tTarget Handle ID:\t0x38ac\r\n\tTarget Process ID:\t0x4"",""port"":60427,""timestamp"":""2022-04-15T12:06:08.107Z"",""ThreadID"":2916,""TargetProcessId"":""0x4"",""SubjectUserName"":""WORKSTATION5$"",""Severity"":""INFO"",""EventType"":""AUDIT_SUCCESS"",""Channel"":""Security"",""Opcode"":""Info"",""EventReceivedTime"":""2022-04-15 08:06:08"",""@version"":""1"",""Task"":12807,""SubjectDomainName"":""Cybertees"",""SourceModuleType"":""im_msvistalog"",""TargetHandleId"":""0x38ac"",""Hostname"":""James.browne"",""Keywords"":-9214364837600034816,""Version"":0,""ProcessId"":""0x844""}",2022-04-15T08:06:02.000+0000,8,15,6,april,2,friday,2022,local,,AUDIT_SUCCESS,cybertees.net,cyber-host,windowslogs,1,60427,"{"""":[""""],"""":,"""":,"""":""{----}"","""":""---"","""":,"""":""--_:",Event_logs.json,_json,ip-10-10-40-195,,splunk,,2022-04-15T12:06:08.107Z,
1,,,,,,{03543210-63B4-0001-1E8C-18E47F8AD601},,,Kerberos,,Logon,Security,,,,,,,,,,,,,,,,,,,,%%1842,,,4624,,2022-04-15 8:06:08,2022-04-15 8:06:07,,700,,,,,,,Salena.Adam,,,%%1840,,,172.90.12.11,60075,,0,-9214364837600034816,,,-,{6c161662-0c8f-368d-1206-dadafd16b60c},,Kerberos,3,,"An account was successfully logged on.

Subject:
	Security ID:		S-1-0-0
	Account Name:		-
	Account Domain:		-
	Logon ID:		0x0

Logon Information:
	Logon Type:		3
	Restricted Admin Mode:	-
	Virtual Account:		No
	Elevated Token:		Yes

Impersonation Level:		Delegation

New Logon:
	Security ID:		S-1-5-21-4020993649-1037605423-417876593-1113
	Account Name:		WORKSTATION5$
	Account Domain:		Cybertees.LOCAL
	Logon ID:		0x576976
	Linked Logon ID:		0x0
	Network Account Name:	-
	Network Account Domain:	-
	Logon GUID:		{6c161662-0c8f-368d-1206-dadafd16b60c}

Process Information:
	Process ID:		0x0
	Process Name:		-

Network Information:
	Workstation Name:	-
	Source Network Address:	172.90.12.11
	Source Port:		60075

Detailed Authentication Information:
	Logon Process:		Kerberos
	Authentication Package:	Kerberos
	Transited Services:	-
	Package Name (NTLM only):	-
	Key Length:		0

This event is generated when a logon session is created. It is generated on the computer that was accessed.

The subject fields indicate the account on the local system which requested the logon. This is most commonly a service such as the Server service, or a local process such as Winlogon.exe or Services.exe.

The logon type field indicates the kind of logon that occurred. The most common types are 2 (interactive) and 3 (network).

The New Logon fields indicate the account for whom the new logon was created, i.e. the account that was logged on.

The network fields indicate where a remote logon request originated. Workstation name is not always available and may be left blank in some cases.

The impersonation level field indicates the extent to which a process in the logon session can impersonate.

