Access Request Information:
	Transaction ID:		{00000000-0000-0000-0000-000000000000}
	Accesses:		ReadPasswordParameters
				CreateUser
				LookupIDs
				
	Access Reasons:		-
	Access Mask:		0x211
	Privileges Used for Access Check:	-
	Restricted SID Count:	0",,,,WORKSTATION6,Security Account Manager,SAM_DOMAIN,,Info,0,,,,,,,,,-,,0x2e4,C:\Windows\System32\lsass.exe,,,{54849625-5478-4994-A5BA-3E3B0328C30D},,,,56077,,,,-,,0,,,INFO,2,,,,,,,,,,,,eventlog,im_msvistalog,Microsoft-Windows-Security-Auditing,,,,,,,Cybertees,0x551686,James,S-1-5-21-4020993649-1037605423-417876593-1104,,,,,,,,,,,,,,12803,,,,5640,,{00000000-0000-0000-0000-000000000000},,,,,1,,,"{""EventID"":4656,""RecordNumber"":56077,""ProviderGuid"":""{54849625-5478-4994-A5BA-3E3B0328C30D}"",""SourceName"":""Microsoft-Windows-Security-Auditing"",""OpcodeValue"":0,""AccessList"":""%%5392\r\n\t\t\t\t%%5396\r\n\t\t\t\t%%5401\r\n\t\t\t\t"",""AccessReason"":""-"",""SourceModuleName"":""eventlog"",""ExecutionProcessID"":4,""Category"":""SAM"",""port"":60427,""ThreadID"":5640,""SubjectUserName"":""James"",""Severity"":""INFO"",""ObjectServer"":""Security Account Manager"",""ProcessName"":""C:\\Windows\\System32\\lsass.exe"",""ResourceAttributes"":""-"",""EventType"":""AUDIT_SUCCESS"",""Channel"":""Security"",""ObjectType"":""SAM_DOMAIN"",""Opcode"":""Info"",""ObjectName"":""WORKSTATION6"",""EventReceivedTime"":""2022-04-15 08:06:03"",""Task"":12803,""SubjectDomainName"":""Cybertees"",""HandleId"":""0x1f41fc57040"",""Keywords"":-9214364837600034816,""Version"":1,""ProcessId"":""0x2e4"",""tags"":[""splunk""],""SubjectUserSid"":""S-1-5-21-4020993649-1037605423-417876593-1104"",""EventTime"":""2022-04-15 08:06:02"",""host"":""cybertees.net"",""SeverityValue"":2,""SubjectLogonId"":""0x551686"",""Message"":""A handle to an object was requested.\r\n\r\nSubject:\r\n\tSecurity ID:\t\tS-1-5-21-4020993649-1037605423-417876593-1104\r\n\tAccount Name:\t\tJames\r\n\tAccount Domain:\t\tCybertees\r\n\tLogon ID:\t\t0x551686\r\n\r\nObject:\r\n\tObject Server:\t\tSecurity Account Manager\r\n\tObject Type:\t\tSAM_DOMAIN\r\n\tObject Name:\t\tWORKSTATION6\r\n\tHandle ID:\t\t0x1f41fc57040\r\n\tResource Attributes:\t-\r\n\r\nProcess Information:\r\n\tProcess ID:\t\t0x2e4\r\n\tProcess Name:\t\tC:\\Windows\\System32\\lsass.exe\r\n\r\nAccess Request Information:\r\n\tTransaction ID:\t\t{00000000-0000-0000-0000-000000000000}\r\n\tAccesses:\t\tReadPasswordParameters\r\n\t\t\t\tCreateUser\r\n\t\t\t\tLookupIDs\r\n\t\t\t\t\r\n\tAccess Reasons:\t\t-\r\n\tAccess Mask:\t\t0x211\r\n\tPrivileges Used for Access Check:\t-\r\n\tRestricted SID Count:\t0"",""timestamp"":""2022-04-15T12:06:03.903Z"",""@version"":""1"",""AccessMask"":""0x211"",""SourceModuleType"":""im_msvistalog"",""RestrictedSidCount"":""0"",""TransactionId"":""{00000000-0000-0000-0000-000000000000}"",""Hostname"":""Micheal.Beaven"",""PrivilegeList"":""-""}",2022-04-15T08:06:02.000+0000,8,15,6,april,2,friday,2022,local,,AUDIT_SUCCESS,cybertees.net,cyber-host,windowslogs,1,60427,"{"""":,"""":,"""":""{----}"","""":""---"","""":,"""":""%%\\\\\\%%\\",Event_logs.json,_json,ip-10-10-40-195,,splunk,,2022-04-15T12:06:03.903Z,
1,,,,SYSTEM,User,,,,,,File created (rule: FileCreate),Microsoft-Windows-Sysmon/Operational,,,,2022-04-15 10:10:42,,,,,,,,,,,,,,NT AUTHORITY,,,,,11,,2022-04-15 8:06:03,2022-04-15 8:06:02,,3348,,,,,,,Micheal.Beaven,C:\windows\system32\svchost.exe,,,,,,,,,-9223372036854775808,,,,,,,,,"File created:
RuleName: -
UtcTime: 2022-04-15 12:06:02.452
ProcessGuid: {83d0c8c3-43ce-5f5f-2f00-000000000400}
ProcessId: 1576
Image: C:\windows\system32\svchost.exe
TargetFilename: C:\Windows\Prefetch\NET.EXE-DF44F913.pf
CreationUtcTime: 2022-04-15 10:10:42.004",,,,,,,,Info,0,,,,,,,,,,{83d0c8c3-43ce-5f5f-2f00-000000000400},1576,,,,{5770385F-C22A-43E0-BF4C-06F5698FFBD9},,,,183225,,,,,,,-,,INFO,2,,,,,,,,,,,,eventlog,im_msvistalog,Microsoft-Windows-Sysmon,,,,,,,,,,,,C:\Windows\Prefetch\NET.EXE-DF44F913.pf,,,,,,,,,,,,11,,,,4532,,,,,S-1-5-18,2022-04-15 12:06:02,2,,,"{""Image"":""C:\\windows\\system32\\svchost.exe"",""ProcessId"":""1576"",""EventID"":11,""tags"":[""splunk""],""RecordNumber"":183225,""ProviderGuid"":""{5770385F-C22A-43E0-BF4C-06F5698FFBD9}"",""SourceName"":""Microsoft-Windows-Sysmon"",""OpcodeValue"":0,""EventTime"":""2022-04-15 08:06:02"",""AccountName"":""SYSTEM"",""host"":""cybertees.net"",""SeverityValue"":2,""ExecutionProcessID"":3348,""AccountType"":""User"",""Category"":""File created (rule: FileCreate)"",""SourceModuleName"":""eventlog"",""Domain"":""NT AUTHORITY"",""Message"":""File created:\r\nRuleName: -\r\nUtcTime: 2022-04-15 12:06:02.452\r\nProcessGuid: {83d0c8c3-43ce-5f5f-2f00-000000000400}\r\nProcessId: 1576\r\nImage: C:\\windows\\system32\\svchost.exe\r\nTargetFilename: C:\\Windows\\Prefetch\\NET.EXE-DF44F913.pf\r\nCreationUtcTime: 2022-04-15 10:10:42.004"",""port"":60427,""UserID"":""S-1-5-18"",""UtcTime"":""2022-04-15 12:06:02.452"",""timestamp"":""2022-04-15T12:06:03.903Z"",""ThreadID"":4532,""TargetFilename"":""C:\\Windows\\Prefetch\\NET.EXE-DF44F913.pf"",""Severity"":""INFO"",""EventType"":""INFO"",""Channel"":""Microsoft-Windows-Sysmon/Operational"",""Opcode"":""Info"",""EventReceivedTime"":""2022-04-15 08:06:03"",""@version"":""1"",""Task"":11,""SourceModuleType"":""im_msvistalog"",""RuleName"":""-"",""CreationUtcTime"":""2022-04-15 10:10:42.004"",""Hostname"":""Micheal.Beaven"",""Keywords"":-9223372036854775808,""Version"":2,""ProcessGuid"":""{83d0c8c3-43ce-5f5f-2f00-000000000400}""}",2022-04-15T08:06:02.000+0000,8,15,6,april,2,friday,2022,local,,INFO,cybertees.net,cyber-host,windowslogs,1,60427,"{"""":"":\\\\\\."","""":"""","""":,"""":[""""],"""":,"""":""{----}"",""",Event_logs.json,_json,ip-10-10-40-195,,splunk,,2022-04-15T12:06:03.903Z,
1,,,,,,,,,,,Registry,Security,,,,,,,,,,,,,,,,,,,,,,,4658,,2022-04-15 8:06:03,2022-04-15 8:06:02,,4,,,,,0xe0,,Micheal.Beaven,,,,,,,,,,-9214364837600034816,,,,,,,,,"The handle to an object was closed.

Subject :
	Security ID:		S-1-5-21-4020993649-1037605423-417876593-1104
	Account Name:		James
	Account Domain:		Cybertees
	Logon ID:		0x551686

Object:
	Object Server:		Security
	Handle ID:		0xe0

Process Information:
	Process ID:		0xe6c
	Process Name:		C:\Windows\System32\net1.exe",,,,,Security,,,Info,0,,,,,,,,,,,0xe6c,C:\Windows\System32\net1.exe,,,{54849625-5478-4994-A5BA-3E3B0328C30D},,,,56076,,,,,,,,,INFO,2,,,,,,,,,,,,eventlog,im_msvistalog,Microsoft-Windows-Security-Auditing,,,,,,,Cybertees,0x551686,James,S-1-5-21-4020993649-1037605423-417876593-1104,,,,,,,,,,,,,,12801,,,,5640,,,,,,,0,,,"{""tags"":[""splunk""],""EventID"":4658,""RecordNumber"":56076,""ProviderGuid"":""{54849625-5478-4994-A5BA-3E3B0328C30D}"",""SourceName"":""Microsoft-Windows-Security-Auditing"",""OpcodeValue"":0,""EventTime"":""2022-04-15 08:06:02"",""SubjectUserSid"":""S-1-5-21-4020993649-1037605423-417876593-1104"",""host"":""cybertees.net"",""SeverityValue"":2,""ExecutionProcessID"":4,""Category"":""Registry"",""SubjectLogonId"":""0x551686"",""SourceModuleName"":""eventlog"",""Message"":""The handle to an object was closed.\r\n\r\nSubject :\r\n\tSecurity ID:\t\tS-1-5-21-4020993649-1037605423-417876593-1104\r\n\tAccount Name:\t\tJames\r\n\tAccount Domain:\t\tCybertees\r\n\tLogon ID:\t\t0x551686\r\n\r\nObject:\r\n\tObject Server:\t\tSecurity\r\n\tHandle ID:\t\t0xe0\r\n\r\nProcess Information:\r\n\tProcess ID:\t\t0xe6c\r\n\tProcess Name:\t\tC:\\Windows\\System32\\net1.exe"",""port"":60427,""timestamp"":""2022-04-15T12:06:03.903Z"",""ThreadID"":5640,""SubjectUserName"":""James"",""Severity"":""INFO"",""ObjectServer"":""Security"",""ProcessName"":""C:\\Windows\\System32\\net1.exe"",""EventType"":""AUDIT_SUCCESS"",""Channel"":""Security"",""Opcode"":""Info"",""EventReceivedTime"":""2022-04-15 08:06:03"",""@version"":""1"",""Task"":12801,""SubjectDomainName"":""Cybertees"",""HandleId"":""0xe0"",""SourceModuleType"":""im_msvistalog"",""Hostname"":""Micheal.Beaven"",""Keywords"":-9214364837600034816,""Version"":0,""ProcessId"":""0xe6c""}",2022-04-15T08:06:02.000+0000,8,15,6,april,2,friday,2022,local,,AUDIT_SUCCESS,cybertees.net,cyber-host,windowslogs,1,60427,"{"""":[""""],"""":,"""":,"""":""{----}"","""":""---"","""":,"""":""--_:",Event_logs.json,_json,ip-10-10-40-195,,splunk,,2022-04-15T12:06:03.903Z,
1,,,,SYSTEM,User,,,,,,File created (rule: FileCreate),Microsoft-Windows-Sysmon/Operational,,,,2022-04-15 10:10:42,,,,,,,,,,,,,,NT AUTHORITY,,,,,11,,2022-04-15 8:06:03,2022-04-15 8:06:02,,3348,,,,,,,Micheal.Beaven,C:\windows\system32\svchost.exe,,,,,,,,,-9223372036854775808,,,,,,,,,"File created:
RuleName: -
UtcTime: 2022-04-15 12:06:02.452
ProcessGuid: {83d0c8c3-43ce-5f5f-2f00-000000000400}
ProcessId: 1576
Image: C:\windows\system32\svchost.exe
TargetFilename: C:\Windows\Prefetch\NET1.EXE-849DA590.pf
CreationUtcTime: 2022-04-15 10:10:42.004",,,,,,,,Info,0,,,,,,,,,,{83d0c8c3-43ce-5f5f-2f00-000000000400},1576,,,,{5770385F-C22A-43E0-BF4C-06F5698FFBD9},,,,183224,,,,,,,-,,INFO,2,,,,,,,,,,,,eventlog,im_msvistalog,Microsoft-Windows-Sysmon,,,,,,,,,,,,C:\Windows\Prefetch\NET1.EXE-849DA590.pf,,,,,,,,,,,,11,,,,4532,,,,,S-1-5-18,2022-04-15 12:06:02,2,,,"{""Image"":""C:\\windows\\system32\\svchost.exe"",""ProcessId"":""1576"",""EventID"":11,""tags"":[""splunk""],""RecordNumber"":183224,""ProviderGuid"":""{5770385F-C22A-43E0-BF4C-06F5698FFBD9}"",""SourceName"":""Microsoft-Windows-Sysmon"",""OpcodeValue"":0,""EventTime"":""2022-04-15 08:06:02"",""AccountName"":""SYSTEM"",""host"":""cybertees.net"",""SeverityValue"":2,""ExecutionProcessID"":3348,""AccountType"":""User"",""Category"":""File created (rule: FileCreate)"",""SourceModuleName"":""eventlog"",""Domain"":""NT AUTHORITY"",""Message"":""File created:\r\nRuleName: -\r\nUtcTime: 2022-04-15 12:06:02.452\r\nProcessGuid: {83d0c8c3-43ce-5f5f-2f00-000000000400}\r\nProcessId: 1576\r\nImage: C:\\windows\\system32\\svchost.exe\r\nTargetFilename: C:\\Windows\\Prefetch\\NET1.EXE-849DA590.pf\r\nCreationUtcTime: 2022-04-15 10:10:42.004"",""port"":60427,""UserID"":""S-1-5-18"",""UtcTime"":""2022-04-15 12:06:02.452"",""timestamp"":""2022-04-15T12:06:03.903Z"",""ThreadID"":4532,""TargetFilename"":""C:\\Windows\\Prefetch\\NET1.EXE-849DA590.pf"",""Severity"":""INFO"",""EventType"":""INFO"",""Channel"":""Microsoft-Windows-Sysmon/Operational"",""Opcode"":""Info"",""EventReceivedTime"":""2022-04-15 08:06:03"",""@version"":""1"",""Task"":11,""SourceModuleType"":""im_msvistalog"",""RuleName"":""-"",""CreationUtcTime"":""2022-04-15 10:10:42.004"",""Hostname"":""Micheal.Beaven"",""Keywords"":-9223372036854775808,""Version"":2,""ProcessGuid"":""{83d0c8c3-43ce-5f5f-2f00-000000000400}""}",2022-04-15T08:06:02.000+0000,8,15,6,april,2,friday,2022,local,,INFO,cybertees.net,cyber-host,windowslogs,1,60427,"{"""":"":\\\\\\."","""":"""","""":,"""":[""""],"""":,"""":""{----}"",""",Event_logs.json,_json,ip-10-10-40-195,,splunk,,2022-04-15T12:06:03.903Z,
1,"%%4432
				",0x1,,,,,,,,,Registry,Security,,,,,,,,,,,,,,,,,,,,,,,4663,,2022-04-15 8:06:03,2022-04-15 8:06:02,,4,,,,,0xe0,,Micheal.Beaven,,,,,,,,,,-9214364837600034816,,,,,,,,,"An attempt was made to access an object.

Subject:
	Security ID:		S-1-5-21-4020993649-1037605423-417876593-1104
	Account Name:		James
	Account Domain:		Cybertees
	Logon ID:		0x551686

Object:
	Object Server:		Security
	Object Type:		Key
	Object Name:		\REGISTRY\MACHINE\SYSTEM\ControlSet001\Control\Lsa
	Handle ID:		0xe0
	Resource Attributes:	-

Process Information:
	Process ID:		0xe6c
	Process Name:		C:\Windows\System32\net1.exe

Access Request Information:
	Accesses:		Query key value
				
	Access Mask:		0x1",,,,\REGISTRY\MACHINE\SYSTEM\ControlSet001\Control\Lsa,Security,Key,,Info,0,,,,,,,,,,,0xe6c,C:\Windows\System32\net1.exe,,,{54849625-5478-4994-A5BA-3E3B0328C30D},,,,56075,,,,-,,,,,INFO,2,,,,,,,,,,,,eventlog,im_msvistalog,Microsoft-Windows-Security-Auditing,,,,,,,Cybertees,0x551686,James,S-1-5-21-4020993649-1037605423-417876593-1104,,,,,,,,,,,,,,12801,,,,5640,,,,,,,1,,,"{""tags"":[""splunk""],""EventID"":4663,""RecordNumber"":56075,""ProviderGuid"":""{54849625-5478-4994-A5BA-3E3B0328C30D}"",""SourceName"":""Microsoft-Windows-Security-Auditing"",""OpcodeValue"":0,""EventTime"":""2022-04-15 08:06:02"",""SubjectUserSid"":""S-1-5-21-4020993649-1037605423-417876593-1104"",""host"":""cybertees.net"",""SeverityValue"":2,""ExecutionProcessID"":4,""Category"":""Registry"",""SubjectLogonId"":""0x551686"",""AccessList"":""%%4432\r\n\t\t\t\t"",""SourceModuleName"":""eventlog"",""Message"":""An attempt was made to access an object.\r\n\r\nSubject:\r\n\tSecurity ID:\t\tS-1-5-21-4020993649-1037605423-417876593-1104\r\n\tAccount Name:\t\tJames\r\n\tAccount Domain:\t\tCybertees\r\n\tLogon ID:\t\t0x551686\r\n\r\nObject:\r\n\tObject Server:\t\tSecurity\r\n\tObject Type:\t\tKey\r\n\tObject Name:\t\t\\REGISTRY\\MACHINE\\SYSTEM\\ControlSet001\\Control\\Lsa\r\n\tHandle ID:\t\t0xe0\r\n\tResource Attributes:\t-\r\n\r\nProcess Information:\r\n\tProcess ID:\t\t0xe6c\r\n\tProcess Name:\t\tC:\\Windows\\System32\\net1.exe\r\n\r\nAccess Request Information:\r\n\tAccesses:\t\tQuery key value\r\n\t\t\t\t\r\n\tAccess Mask:\t\t0x1"",""port"":60427,""timestamp"":""2022-04-15T12:06:03.902Z"",""ThreadID"":5640,""SubjectUserName"":""James"",""Severity"":""INFO"",""ObjectServer"":""Security"",""ProcessName"":""C:\\Windows\\System32\\net1.exe"",""ResourceAttributes"":""-"",""EventType"":""AUDIT_SUCCESS"",""Channel"":""Security"",""ObjectType"":""Key"",""Opcode"":""Info"",""ObjectName"":""\\REGISTRY\\MACHINE\\SYSTEM\\ControlSet001\\Control\\Lsa"",""EventReceivedTime"":""2022-04-15 08:06:03"",""@version"":""1"",""Task"":12801,""SubjectDomainName"":""Cybertees"",""HandleId"":""0xe0"",""AccessMask"":""0x1"",""SourceModuleType"":""im_msvistalog"",""Hostname"":""Micheal.Beaven"",""Keywords"":-9214364837600034816,""Version"":1,""ProcessId"":""0xe6c""}",2022-04-15T08:06:02.000+0000,8,15,6,april,2,friday,2022,local,,AUDIT_SUCCESS,cybertees.net,cyber-host,windowslogs,1,60427,"{"""":[""""],"""":,"""":,"""":""{----}"","""":""---"","""":,"""":""--_:",Event_logs.json,_json,ip-10-10-40-195,,splunk,,2022-04-15T12:06:03.902Z,
1,,,,SYSTEM,User,,,,,,Process terminated (rule: ProcessTerminate),Microsoft-Windows-Sysmon/Operational,,,,,,,,,,,,,,,,,,NT AUTHORITY,,,,,5,,2022-04-15 8:06:03,2022-04-15 8:06:02,,3348,,,,,,,Micheal.Beaven,C:\Windows\System32\conhost.exe,,,,,,,,,-9223372036854775808,,,,,,,,,"Process terminated:
RuleName: -
UtcTime: 2022-04-15 12:06:02.452
ProcessGuid: {83d0c8c3-5caa-5f5f-f202-000000000400}
ProcessId: 7264
Image: C:\Windows\System32\conhost.exe",,,,,,,,Info,0,,,,,,,,,,{83d0c8c3-5caa-5f5f-f202-000000000400},7264,,,,{5770385F-C22A-43E0-BF4C-06F5698FFBD9},,,,183223,,,,,,,-,,INFO,2,,,,,,,,,,,,eventlog,im_msvistalog,Microsoft-Windows-Sysmon,,,,,,,,,,,,,,,,,,,,,,,,5,,,,4532,,,,,S-1-5-18,2022-04-15 12:06:02,3,,,"{""Image"":""C:\\Windows\\System32\\conhost.exe"",""ProcessId"":""7264"",""EventID"":5,""tags"":[""splunk""],""RecordNumber"":183223,""ProviderGuid"":""{5770385F-C22A-43E0-BF4C-06F5698FFBD9}"",""SourceName"":""Microsoft-Windows-Sysmon"",""OpcodeValue"":0,""EventTime"":""2022-04-15 08:06:02"",""AccountName"":""SYSTEM"",""host"":""cybertees.net"",""SeverityValue"":2,""ExecutionProcessID"":3348,""AccountType"":""User"",""Category"":""Process terminated (rule: ProcessTerminate)"",""SourceModuleName"":""eventlog"",""Domain"":""NT AUTHORITY"",""Message"":""Process terminated:\r\nRuleName: -\r\nUtcTime: 2022-04-15 12:06:02.452\r\nProcessGuid: {83d0c8c3-5caa-5f5f-f202-000000000400}\r\nProcessId: 7264\r\nImage: C:\\Windows\\System32\\conhost.exe"",""port"":60427,""UserID"":""S-1-5-18"",""UtcTime"":""2022-04-15 12:06:02.452"",""timestamp"":""2022-04-15T12:06:03.902Z"",""ThreadID"":4532,""Severity"":""INFO"",""EventType"":""INFO"",""Channel"":""Microsoft-Windows-Sysmon/Operational"",""Opcode"":""Info"",""EventReceivedTime"":""2022-04-15 08:06:03"",""@version"":""1"",""Task"":5,""SourceModuleType"":""im_msvistalog"",""RuleName"":""-"",""Hostname"":""Micheal.Beaven"",""Keywords"":-9223372036854775808,""Version"":3,""ProcessGuid"":""{83d0c8c3-5caa-5f5f-f202-000000000400}""}",2022-04-15T08:06:02.000+0000,8,15,6,april,2,friday,2022,local,,INFO,cybertees.net,cyber-host,windowslogs,1,60427,"{"""":"":\\\\\\."","""":"""","""":,"""":[""""],"""":,"""":""{----}"",""",Event_logs.json,_json,ip-10-10-40-195,,splunk,,2022-04-15T12:06:03.902Z,
1,"%%4432
				",0x1,-,,,,,,,,Registry,Security,,,,,,,,,,,,,,,,,,,,,,,4656,,2022-04-15 8:06:03,2022-04-15 8:06:02,,4,,,,,0xe0,,Micheal.Beaven,,,,,,,,,,-9214364837600034816,,,,,,,,,"A handle to an object was requested.

Subject:
	Security ID:		S-1-5-21-4020993649-1037605423-417876593-1104
	Account Name:		James
	Account Domain:		Cybertees
	Logon ID:		0x551686

Object:
	Object Server:		Security
	Object Type:		Key
	Object Name:		\REGISTRY\MACHINE\SYSTEM\ControlSet001\Control\Lsa
	Handle ID:		0xe0
	Resource Attributes:	-

Process Information:
	Process ID:		0xe6c
	Process Name:		C:\Windows\System32\net1.exe

Access Request Information:
	Transaction ID:		{00000000-0000-0000-0000-000000000000}
	Accesses:		Query key value
				
	Access Reasons:		-
	Access Mask:		0x1
	Privileges Used for Access Check:	-
	Restricted SID Count:	0",,,,\REGISTRY\MACHINE\SYSTEM\ControlSet001\Control\Lsa,Security,Key,,Info,0,,,,,,,,,-,,0xe6c,C:\Windows\System32\net1.exe,,,{54849625-5478-4994-A5BA-3E3B0328C30D},,,,56074,,,,-,,0,,,INFO,2,,,,,,,,,,,,eventlog,im_msvistalog,Microsoft-Windows-Security-Auditing,,,,,,,Cybertees,0x551686,James,S-1-5-21-4020993649-1037605423-417876593-1104,,,,,,,,,,,,,,12801,,,,5640,,{00000000-0000-0000-0000-000000000000},,,,,1,,,"{""EventID"":4656,""RecordNumber"":56074,""ProviderGuid"":""{54849625-5478-4994-A5BA-3E3B0328C30D}"",""SourceName"":""Microsoft-Windows-Security-Auditing"",""OpcodeValue"":0,""AccessList"":""%%4432\r\n\t\t\t\t"",""AccessReason"":""-"",""SourceModuleName"":""eventlog"",""ExecutionProcessID"":4,""Category"":""Registry"",""port"":60427,""ThreadID"":5640,""SubjectUserName"":""James"",""Severity"":""INFO"",""ObjectServer"":""Security"",""ProcessName"":""C:\\Windows\\System32\\net1.exe"",""ResourceAttributes"":""-"",""EventType"":""AUDIT_SUCCESS"",""Channel"":""Security"",""ObjectType"":""Key"",""Opcode"":""Info"",""ObjectName"":""\\REGISTRY\\MACHINE\\SYSTEM\\ControlSet001\\Control\\Lsa"",""EventReceivedTime"":""2022-04-15 08:06:03"",""Task"":12801,""SubjectDomainName"":""Cybertees"",""HandleId"":""0xe0"",""Keywords"":-9214364837600034816,""Version"":1,""ProcessId"":""0xe6c"",""tags"":[""splunk""],""SubjectUserSid"":""S-1-5-21-4020993649-1037605423-417876593-1104"",""EventTime"":""2022-04-15 08:06:02"",""host"":""cybertees.net"",""SeverityValue"":2,""SubjectLogonId"":""0x551686"",""Message"":""A handle to an object was requested.\r\n\r\nSubject:\r\n\tSecurity ID:\t\tS-1-5-21-4020993649-1037605423-417876593-1104\r\n\tAccount Name:\t\tJames\r\n\tAccount Domain:\t\tCybertees\r\n\tLogon ID:\t\t0x551686\r\n\r\nObject:\r\n\tObject Server:\t\tSecurity\r\n\tObject Type:\t\tKey\r\n\tObject Name:\t\t\\REGISTRY\\MACHINE\\SYSTEM\\ControlSet001\\Control\\Lsa\r\n\tHandle ID:\t\t0xe0\r\n\tResource Attributes:\t-\r\n\r\nProcess Information:\r\n\tProcess ID:\t\t0xe6c\r\n\tProcess Name:\t\tC:\\Windows\\System32\\net1.exe\r\n\r\nAccess Request Information:\r\n\tTransaction ID:\t\t{00000000-0000-0000-0000-000000000000}\r\n\tAccesses:\t\tQuery key value\r\n\t\t\t\t\r\n\tAccess Reasons:\t\t-\r\n\tAccess Mask:\t\t0x1\r\n\tPrivileges Used for Access Check:\t-\r\n\tRestricted SID Count:\t0"",""timestamp"":""2022-04-15T12:06:03.901Z"",""@version"":""1"",""AccessMask"":""0x1"",""SourceModuleType"":""im_msvistalog"",""RestrictedSidCount"":""0"",""TransactionId"":""{00000000-0000-0000-0000-000000000000}"",""Hostname"":""Micheal.Beaven"",""PrivilegeList"":""-""}",2022-04-15T08:06:02.000+0000,8,15,6,april,2,friday,2022,local,,AUDIT_SUCCESS,cybertees.net,cyber-host,windowslogs,1,60427,"{"""":,"""":,"""":""{----}"","""":""---"","""":,"""":""%%\\\\\\"",""""",Event_logs.json,_json,ip-10-10-40-195,,splunk,,2022-04-15T12:06:03.901Z,
1,,,,,,,,,,,Registry,Security,,,,,,,,,,,,,,,,,,,,,,,4658,,2022-04-15 8:06:03,2022-04-15 8:06:02,,4,,,,,0x23e4,,Micheal.Beaven,,,,,,,,,,-9214364837600034816,,,,,,,,,"The handle to an object was closed.

Subject :
	Security ID:		S-1-5-21-4020993649-1037605423-417876593-1104
	Account Name:		James
	Account Domain:		Cybertees
	Logon ID:		0x551686

Object:
	Object Server:		Security
	Handle ID:		0x23e4

Process Information:
	Process ID:		0xe6c
	Process Name:		C:\Windows\System32\net1.exe",,,,,Security,,,Info,0,,,,,,,,,,,0xe6c,C:\Windows\System32\net1.exe,,,{54849625-5478-4994-A5BA-3E3B0328C30D},,,,56073,,,,,,,,,INFO,2,,,,,,,,,,,,eventlog,im_msvistalog,Microsoft-Windows-Security-Auditing,,,,,,,Cybertees,0x551686,James,S-1-5-21-4020993649-1037605423-417876593-1104,,,,,,,,,,,,,,12801,,,,5640,,,,,,,0,,,"{""tags"":[""splunk""],""EventID"":4658,""RecordNumber"":56073,""ProviderGuid"":""{54849625-5478-4994-A5BA-3E3B0328C30D}"",""SourceName"":""Microsoft-Windows-Security-Auditing"",""OpcodeValue"":0,""EventTime"":""2022-04-15 08:06:02"",""SubjectUserSid"":""S-1-5-21-4020993649-1037605423-417876593-1104"",""host"":""cybertees.net"",""SeverityValue"":2,""ExecutionProcessID"":4,""Category"":""Registry"",""SubjectLogonId"":""0x551686"",""SourceModuleName"":""eventlog"",""Message"":""The handle to an object was closed.\r\n\r\nSubject :\r\n\tSecurity ID:\t\tS-1-5-21-4020993649-1037605423-417876593-1104\r\n\tAccount Name:\t\tJames\r\n\tAccount Domain:\t\tCybertees\r\n\tLogon ID:\t\t0x551686\r\n\r\nObject:\r\n\tObject Server:\t\tSecurity\r\n\tHandle ID:\t\t0x23e4\r\n\r\nProcess Information:\r\n\tProcess ID:\t\t0xe6c\r\n\tProcess Name:\t\tC:\\Windows\\System32\\net1.exe"",""port"":60427,""timestamp"":""2022-04-15T12:06:03.901Z"",""ThreadID"":5640,""SubjectUserName"":""James"",""Severity"":""INFO"",""ObjectServer"":""Security"",""ProcessName"":""C:\\Windows\\System32\\net1.exe"",""EventType"":""AUDIT_SUCCESS"",""Channel"":""Security"",""Opcode"":""Info"",""EventReceivedTime"":""2022-04-15 08:06:03"",""@version"":""1"",""Task"":12801,""SubjectDomainName"":""Cybertees"",""HandleId"":""0x23e4"",""SourceModuleType"":""im_msvistalog"",""Hostname"":""Micheal.Beaven"",""Keywords"":-9214364837600034816,""Version"":0,""ProcessId"":""0xe6c""}",2022-04-15T08:06:02.000+0000,8,15,6,april,2,friday,2022,local,,AUDIT_SUCCESS,cybertees.net,cyber-host,windowslogs,1,60427,"{"""":[""""],"""":,"""":,"""":""{----}"","""":""---"","""":,"""":""--_:",Event_logs.json,_json,ip-10-10-40-195,,splunk,,2022-04-15T12:06:03.901Z,
1,,,,SYSTEM,User,,,,,,Process terminated (rule: ProcessTerminate),Microsoft-Windows-Sysmon/Operational,,,,,,,,,,,,,,,,,,NT AUTHORITY,,,,,5,,2022-04-15 8:06:03,2022-04-15 8:06:02,,3348,,,,,,,Micheal.Beaven,C:\Windows\System32\net.exe,,,,,,,,,-9223372036854775808,,,,,,,,,"Process terminated:
RuleName: -
UtcTime: 2022-04-15 12:06:02.452
ProcessGuid: {83d0c8c3-5caa-5f5f-f102-000000000400}
ProcessId: 7768
Image: C:\Windows\System32\net.exe",,,,,,,,Info,0,,,,,,,,,,{83d0c8c3-5caa-5f5f-f102-000000000400},7768,,,,{5770385F-C22A-43E0-BF4C-06F5698FFBD9},,,,183222,,,,,,,-,,INFO,2,,,,,,,,,,,,eventlog,im_msvistalog,Microsoft-Windows-Sysmon,,,,,,,,,,,,,,,,,,,,,,,,5,,,,4532,,,,,S-1-5-18,2022-04-15 12:06:02,3,,,"{""Image"":""C:\\Windows\\System32\\net.exe"",""ProcessId"":""7768"",""EventID"":5,""tags"":[""splunk""],""RecordNumber"":183222,""ProviderGuid"":""{5770385F-C22A-43E0-BF4C-06F5698FFBD9}"",""SourceName"":""Microsoft-Windows-Sysmon"",""OpcodeValue"":0,""EventTime"":""2022-04-15 08:06:02"",""AccountName"":""SYSTEM"",""host"":""cybertees.net"",""SeverityValue"":2,""ExecutionProcessID"":3348,""AccountType"":""User"",""Category"":""Process terminated (rule: ProcessTerminate)"",""SourceModuleName"":""eventlog"",""Domain"":""NT AUTHORITY"",""Message"":""Process terminated:\r\nRuleName: -\r\nUtcTime: 2022-04-15 12:06:02.452\r\nProcessGuid: {83d0c8c3-5caa-5f5f-f102-000000000400}\r\nProcessId: 7768\r\nImage: C:\\Windows\\System32\\net.exe"",""port"":60427,""UserID"":""S-1-5-18"",""UtcTime"":""2022-04-15 12:06:02.452"",""timestamp"":""2022-04-15T12:06:03.901Z"",""ThreadID"":4532,""Severity"":""INFO"",""EventType"":""INFO"",""Channel"":""Microsoft-Windows-Sysmon/Operational"",""Opcode"":""Info"",""EventReceivedTime"":""2022-04-15 08:06:03"",""@version"":""1"",""Task"":5,""SourceModuleType"":""im_msvistalog"",""RuleName"":""-"",""Hostname"":""Micheal.Beaven"",""Keywords"":-9223372036854775808,""Version"":3,""ProcessGuid"":""{83d0c8c3-5caa-5f5f-f102-000000000400}""}",2022-04-15T08:06:02.000+0000,8,15,6,april,2,friday,2022,local,,INFO,cybertees.net,cyber-host,windowslogs,1,60427,"{"""":"":\\\\\\."","""":"""","""":,"""":[""""],"""":,"""":""{----}"",""",Event_logs.json,_json,ip-10-10-40-195,,splunk,,2022-04-15T12:06:03.901Z,
1,,,,SYSTEM,User,,,,,,Process terminated (rule: ProcessTerminate),Microsoft-Windows-Sysmon/Operational,,,,,,,,,,,,,,,,,,NT AUTHORITY,,,,,5,,2022-04-15 8:06:03,2022-04-15 8:06:02,,3348,,,,,,,Micheal.Beaven,C:\Windows\System32\net1.exe,,,,,,,,,-9223372036854775808,,,,,,,,,"Process terminated:
RuleName: -
UtcTime: 2022-04-15 12:06:02.452
ProcessGuid: {83d0c8c3-5caa-5f5f-f302-000000000400}
ProcessId: 3692
Image: C:\Windows\System32\net1.exe",,,,,,,,Info,0,,,,,,,,,,{83d0c8c3-5caa-5f5f-f302-000000000400},3692,,,,{5770385F-C22A-43E0-BF4C-06F5698FFBD9},,,,183221,,,,,,,-,,INFO,2,,,,,,,,,,,,eventlog,im_msvistalog,Microsoft-Windows-Sysmon,,,,,,,,,,,,,,,,,,,,,,,,5,,,,4532,,,,,S-1-5-18,2022-04-15 12:06:02,3,,,"{""Image"":""C:\\Windows\\System32\\net1.exe"",""ProcessId"":""3692"",""EventID"":5,""tags"":[""splunk""],""RecordNumber"":183221,""ProviderGuid"":""{5770385F-C22A-43E0-BF4C-06F5698FFBD9}"",""SourceName"":""Microsoft-Windows-Sysmon"",""OpcodeValue"":0,""EventTime"":""2022-04-15 08:06:02"",""AccountName"":""SYSTEM"",""host"":""cybertees.net"",""SeverityValue"":2,""ExecutionProcessID"":3348,""AccountType"":""User"",""Category"":""Process terminated (rule: ProcessTerminate)"",""SourceModuleName"":""eventlog"",""Domain"":""NT AUTHORITY"",""Message"":""Process terminated:\r\nRuleName: -\r\nUtcTime: 2022-04-15 12:06:02.452\r\nProcessGuid: {83d0c8c3-5caa-5f5f-f302-000000000400}\r\nProcessId: 3692\r\nImage: C:\\Windows\\System32\\net1.exe"",""port"":60427,""UserID"":""S-1-5-18"",""UtcTime"":""2022-04-15 12:06:02.452"",""timestamp"":""2022-04-15T12:06:03.901Z"",""ThreadID"":4532,""Severity"":""INFO"",""EventType"":""INFO"",""Channel"":""Microsoft-Windows-Sysmon/Operational"",""Opcode"":""Info"",""EventReceivedTime"":""2022-04-15 08:06:03"",""@version"":""1"",""Task"":5,""SourceModuleType"":""im_msvistalog"",""RuleName"":""-"",""Hostname"":""Micheal.Beaven"",""Keywords"":-9223372036854775808,""Version"":3,""ProcessGuid"":""{83d0c8c3-5caa-5f5f-f302-000000000400}""}",2022-04-15T08:06:02.000+0000,8,15,6,april,2,friday,2022,local,,INFO,cybertees.net,cyber-host,windowslogs,1,60427,"{"""":"":\\\\\\."","""":"""","""":,"""":[""""],"""":,"""":""{----}"",""",Event_logs.json,_json,ip-10-10-40-195,,splunk,,2022-04-15T12:06:03.901Z,
1,,,,,,,,,,,Handle Manipulation,Security,,,,,,,,,,,,,,,,,,,,,,,4690,,2022-04-15 8:06:03,2022-04-15 8:06:02,,4,,,,,,,Micheal.Beaven,,,,,,,,,,-9214364837600034816,,,,,,,,,"An attempt was made to duplicate a handle to an object.

Subject:
	Security ID:		S-1-5-21-4020993649-1037605423-417876593-1104
	Account Name:		James
	Account Domain:		Cybertees
	Logon ID:		0x551686

Source Handle Information:
	Source Handle ID:	0xe0
	Source Process ID:	0xe6c

New Handle Information:
	Target Handle ID:	0x23e4
	Target Process ID:	0x4",,,,,,,,Info,0,,,,,,,,,,,0xe6c,,,,{54849625-5478-4994-A5BA-3E3B0328C30D},,,,56072,,,,,,,,,INFO,2,,,,,,,0xe0,,,,,eventlog,im_msvistalog,Microsoft-Windows-Security-Auditing,,,,0xe6c,,,Cybertees,0x551686,James,S-1-5-21-4020993649-1037605423-417876593-1104,,,0x23e4,,,,,,,,0x4,,,12807,,,,5640,,,,,,,0,,,"{""tags"":[""splunk""],""EventID"":4690,""RecordNumber"":56072,""ProviderGuid"":""{54849625-5478-4994-A5BA-3E3B0328C30D}"",""SourceName"":""Microsoft-Windows-Security-Auditing"",""OpcodeValue"":0,""EventTime"":""2022-04-15 08:06:02"",""SubjectUserSid"":""S-1-5-21-4020993649-1037605423-417876593-1104"",""host"":""cybertees.net"",""SeverityValue"":2,""ExecutionProcessID"":4,""Category"":""Handle Manipulation"",""SubjectLogonId"":""0x551686"",""SourceProcessId"":""0xe6c"",""SourceModuleName"":""eventlog"",""SourceHandleId"":""0xe0"",""Message"":""An attempt was made to duplicate a handle to an object.\r\n\r\nSubject:\r\n\tSecurity ID:\t\tS-1-5-21-4020993649-1037605423-417876593-1104\r\n\tAccount Name:\t\tJames\r\n\tAccount Domain:\t\tCybertees\r\n\tLogon ID:\t\t0x551686\r\n\r\nSource Handle Information:\r\n\tSource Handle ID:\t0xe0\r\n\tSource Process ID:\t0xe6c\r\n\r\nNew Handle Information:\r\n\tTarget Handle ID:\t0x23e4\r\n\tTarget Process ID:\t0x4"",""port"":60427,""timestamp"":""2022-04-15T12:06:03.900Z"",""ThreadID"":5640,""TargetProcessId"":""0x4"",""SubjectUserName"":""James"",""Severity"":""INFO"",""EventType"":""AUDIT_SUCCESS"",""Channel"":""Security"",""Opcode"":""Info"",""EventReceivedTime"":""2022-04-15 08:06:03"",""@version"":""1"",""Task"":12807,""SubjectDomainName"":""Cybertees"",""SourceModuleType"":""im_msvistalog"",""TargetHandleId"":""0x23e4"",""Hostname"":""Micheal.Beaven"",""Keywords"":-9214364837600034816,""Version"":0,""ProcessId"":""0xe6c""}",2022-04-15T08:06:02.000+0000,8,15,6,april,2,friday,2022,local,,AUDIT_SUCCESS,cybertees.net,cyber-host,windowslogs,1,60427,"{"""":[""""],"""":,"""":,"""":""{----}"","""":""---"","""":,"""":""--_:",Event_logs.json,_json,ip-10-10-40-195,,splunk,,2022-04-15T12:06:03.900Z,
1,,,,,,,,,,,Process Creation,Security,C:\windows\system32\net1 user /add A1berto paw0rd1,,,,,,,,,,,,,,,,,,,,,,4688,,2022-04-15 8:06:03,2022-04-15 8:06:02,,4,,,,,,,Micheal.Beaven,,,,,,,,,,-9214364837600034816,,,,,,,,S-1-16-12288,"A new process has been created.

Creator Subject:
	Security ID:		S-1-5-21-4020993649-1037605423-417876593-1104
	Account Name:		James
	Account Domain:		Cybertees
	Logon ID:		0x551686

Target Subject:
	Security ID:		S-1-0-0
	Account Name:		-
	Account Domain:		-
	Logon ID:		0x0

Process Information:
	New Process ID:		0xe6c
	New Process Name:	C:\Windows\System32\net1.exe
	Token Elevation Type:	%%1936
	Mandatory Label:		S-1-16-12288
	Creator Process ID:	0x1e58
	Creator Process Name:	C:\Windows\System32\net.exe
	Process Command Line:	C:\windows\system32\net1 user /add A1berto paw0rd1

Token Elevation Type indicates the type of token that was assigned to the new process in accordance with User Account Control policy.

Type 1 is a full token with no privileges removed or groups disabled.  A full token is only used if User Account Control is disabled or if the user is the built-in Administrator account or a service account.

Type 2 is an elevated token with no privileges removed or groups disabled.  An elevated token is used when User Account Control is enabled and the user chooses to start the program using Run as administrator.  An elevated token is also used when an application is configured to always require administrative privilege or to always require maximum privilege, and the user is a member of the Administrators group.

Type 3 is a limited token with administrative privileges removed and administrative groups disabled.  The limited token is used when User Account Control is enabled, the application does not require administrative privilege, and the user does not choose to start the program using Run as administrator.",0xe6c,C:\Windows\System32\net1.exe,,,,,,Info,0,,,,,,C:\Windows\System32\net.exe,,,,,0x1e58,,,,{54849625-5478-4994-A5BA-3E3B0328C30D},,,,56071,,,,,,,,,INFO,2,,,,,,,,,,,,eventlog,im_msvistalog,Microsoft-Windows-Security-Auditing,,,,,,,Cybertees,0x551686,James,S-1-5-21-4020993649-1037605423-417876593-1104,-,,,,,0x0,,,,,,-,S-1-0-0,13312,,,,5640,%%1936,,,,,,2,,,"{""tags"":[""splunk""],""EventID"":4688,""RecordNumber"":56071,""ProviderGuid"":""{54849625-5478-4994-A5BA-3E3B0328C30D}"",""SourceName"":""Microsoft-Windows-Security-Auditing"",""OpcodeValue"":0,""EventTime"":""2022-04-15 08:06:02"",""SubjectUserSid"":""S-1-5-21-4020993649-1037605423-417876593-1104"",""host"":""cybertees.net"",""SeverityValue"":2,""ExecutionProcessID"":4,""Category"":""Process Creation"",""SubjectLogonId"":""0x551686"",""CommandLine"":""C:\\windows\\system32\\net1 user /add A1berto paw0rd1"",""TargetUserName"":""-"",""SourceModuleName"":""eventlog"",""Message"":""A new process has been created.\r\n\r\nCreator Subject:\r\n\tSecurity ID:\t\tS-1-5-21-4020993649-1037605423-417876593-1104\r\n\tAccount Name:\t\tJames\r\n\tAccount Domain:\t\tCybertees\r\n\tLogon ID:\t\t0x551686\r\n\r\nTarget Subject:\r\n\tSecurity ID:\t\tS-1-0-0\r\n\tAccount Name:\t\t-\r\n\tAccount Domain:\t\t-\r\n\tLogon ID:\t\t0x0\r\n\r\nProcess Information:\r\n\tNew Process ID:\t\t0xe6c\r\n\tNew Process Name:\tC:\\Windows\\System32\\net1.exe\r\n\tToken Elevation Type:\t%%1936\r\n\tMandatory Label:\t\tS-1-16-12288\r\n\tCreator Process ID:\t0x1e58\r\n\tCreator Process Name:\tC:\\Windows\\System32\\net.exe\r\n\tProcess Command Line:\tC:\\windows\\system32\\net1 user /add A1berto paw0rd1\r\n\r\nToken Elevation Type indicates the type of token that was assigned to the new process in accordance with User Account Control policy.\r\n\r\nType 1 is a full token with no privileges removed or groups disabled.  A full token is only used if User Account Control is disabled or if the user is the built-in Administrator account or a service account.\r\n\r\nType 2 is an elevated token with no privileges removed or groups disabled.  An elevated token is used when User Account Control is enabled and the user chooses to start the program using Run as administrator.  An elevated token is also used when an application is configured to always require administrative privilege or to always require maximum privilege, and the user is a member of the Administrators group.\r\n\r\nType 3 is a limited token with administrative privileges removed and administrative groups disabled.  The limited token is used when User Account Control is enabled, the application does not require administrative privilege, and the user does not choose to start the program using Run as administrator."",""port"":60427,""TargetUserSid"":""S-1-0-0"",""timestamp"":""2022-04-15T12:06:03.899Z"",""ThreadID"":5640,""SubjectUserName"":""James"",""Severity"":""INFO"",""MandatoryLabel"":""S-1-16-12288"",""EventType"":""AUDIT_SUCCESS"",""Channel"":""Security"",""TargetLogonId"":""0x0"",""ParentProcessName"":""C:\\Windows\\System32\\net.exe"",""Opcode"":""Info"",""NewProcessId"":""0xe6c"",""EventReceivedTime"":""2022-04-15 08:06:03"",""@version"":""1"",""Task"":13312,""SubjectDomainName"":""Cybertees"",""NewProcessName"":""C:\\Windows\\System32\\net1.exe"",""SourceModuleType"":""im_msvistalog"",""TargetDomainName"":""-"",""TokenElevationType"":""%%1936"",""Hostname"":""Micheal.Beaven"",""Keywords"":-9214364837600034816,""Version"":2,""ProcessId"":""0x1e58""}",2022-04-15T08:06:02.000+0000,8,15,6,april,2,friday,2022,local,,AUDIT_SUCCESS,cybertees.net,cyber-host,windowslogs,1,60427,"{"""":[""""],"""":,"""":,"""":""{----}"","""":""---"","""":,"""":""--_:",Event_logs.json,_json,ip-10-10-40-195,,splunk,,2022-04-15T12:06:03.899Z,
1,,,,SYSTEM,User,,,,,,Registry value set (rule: RegistryEvent),Microsoft-Windows-Sysmon/Operational,,,,,,,,,,,,,,Binary Data,,,,NT AUTHORITY,,,,,13,,2022-04-15 8:06:03,2022-04-15 8:06:02,INFO,3348,,,,,,,Micheal.Beaven,C:\windows\system32\lsass.exe,,,,,,,,,-9223372036854775808,,,,,,,,,"Registry value set:
RuleName: -
EventType: SetValue
UtcTime: 2022-04-15 12:06:02.420
ProcessGuid: {83d0c8c3-43ca-5f5f-0c00-000000000400}
ProcessId: 740
Image: C:\windows\system32\lsass.exe
TargetObject: HKLM\SAM\SAM\Domains\Account\F
Details: Binary Data",,,,,,,,Info,0,,,,,,,,,,{83d0c8c3-43ca-5f5f-0c00-000000000400},740,,,,{5770385F-C22A-43E0-BF4C-06F5698FFBD9},,,,183220,,,,,,,-,,INFO,2,,,,,,,,,,,,eventlog,im_msvistalog,Microsoft-Windows-Sysmon,,,,,,,,,,,,,,,,,HKLM\SAM\SAM\Domains\Account\F,,,,,,,13,,,,4532,,,,,S-1-5-18,2022-04-15 12:06:02,2,,,"{""Image"":""C:\\windows\\system32\\lsass.exe"",""ProcessId"":""740"",""EventID"":13,""tags"":[""splunk""],""RecordNumber"":183220,""ProviderGuid"":""{5770385F-C22A-43E0-BF4C-06F5698FFBD9}"",""SourceName"":""Microsoft-Windows-Sysmon"",""OpcodeValue"":0,""EventTime"":""2022-04-15 08:06:02"",""AccountName"":""SYSTEM"",""host"":""cybertees.net"",""SeverityValue"":2,""ExecutionProcessID"":3348,""AccountType"":""User"",""Category"":""Registry value set (rule: RegistryEvent)"",""SourceModuleName"":""eventlog"",""Domain"":""NT AUTHORITY"",""Message"":""Registry value set:\r\nRuleName: -\r\nEventType: SetValue\r\nUtcTime: 2022-04-15 12:06:02.420\r\nProcessGuid: {83d0c8c3-43ca-5f5f-0c00-000000000400}\r\nProcessId: 740\r\nImage: C:\\windows\\system32\\lsass.exe\r\nTargetObject: HKLM\\SAM\\SAM\\Domains\\Account\\F\r\nDetails: Binary Data"",""port"":60427,""UserID"":""S-1-5-18"",""UtcTime"":""2022-04-15 12:06:02.420"",""timestamp"":""2022-04-15T12:06:03.898Z"",""ThreadID"":4532,""Severity"":""INFO"",""EventTypeOrignal"":""INFO"",""EventType"":""SetValue"",""Channel"":""Microsoft-Windows-Sysmon/Operational"",""TargetObject"":""HKLM\\SAM\\SAM\\Domains\\Account\\F"",""Details"":""Binary Data"",""Opcode"":""Info"",""EventReceivedTime"":""2022-04-15 08:06:03"",""@version"":""1"",""Task"":13,""SourceModuleType"":""im_msvistalog"",""RuleName"":""-"",""Hostname"":""Micheal.Beaven"",""Keywords"":-9223372036854775808,""Version"":2,""ProcessGuid"":""{83d0c8c3-43ca-5f5f-0c00-000000000400}""}",2022-04-15T08:06:02.000+0000,8,15,6,april,2,friday,2022,local,,SetValue,cybertees.net,cyber-host,windowslogs,1,60427,"{"""":"":\\\\\\."","""":"""","""":,"""":[""""],"""":,"""":""{----}"",""",Event_logs.json,_json,ip-10-10-40-195,,splunk,,2022-04-15T12:06:03.898Z,
1,,,,SYSTEM,User,,,,,,Registry object added or deleted (rule: RegistryEvent),Microsoft-Windows-Sysmon/Operational,,,,,,,,,,,,,,,,,,NT AUTHORITY,,,,,12,,2022-04-15 8:06:03,2022-04-15 8:06:02,INFO,3348,,,,,,,Micheal.Beaven,C:\windows\system32\lsass.exe,,,,,,,,,-9223372036854775808,,,,,,,,,"Registry object added or deleted:
RuleName: -
EventType: DeleteKey
UtcTime: 2022-04-15 12:06:02.420
ProcessGuid: {83d0c8c3-43ca-5f5f-0c00-000000000400}
ProcessId: 740
Image: C:\windows\system32\lsass.exe
TargetObject: HKLM\SAM\SAM\Domains\Account\Users\000003E8",,,,,,,,Info,0,,,,,,,,,,{83d0c8c3-43ca-5f5f-0c00-000000000400},740,,,,{5770385F-C22A-43E0-BF4C-06F5698FFBD9},,,,183219,,,,,,,-,,INFO,2,,,,,,,,,,,,eventlog,im_msvistalog,Microsoft-Windows-Sysmon,,,,,,,,,,,,,,,,,HKLM\SAM\SAM\Domains\Account\Users\000003E8,,,,,,,12,,,,4532,,,,,S-1-5-18,2022-04-15 12:06:02,2,,,"{""Image"":""C:\\windows\\system32\\lsass.exe"",""ProcessId"":""740"",""EventID"":12,""tags"":[""splunk""],""RecordNumber"":183219,""ProviderGuid"":""{5770385F-C22A-43E0-BF4C-06F5698FFBD9}"",""SourceName"":""Microsoft-Windows-Sysmon"",""OpcodeValue"":0,""EventTime"":""2022-04-15 08:06:02"",""AccountName"":""SYSTEM"",""host"":""cybertees.net"",""SeverityValue"":2,""ExecutionProcessID"":3348,""AccountType"":""User"",""Category"":""Registry object added or deleted (rule: RegistryEvent)"",""SourceModuleName"":""eventlog"",""Domain"":""NT AUTHORITY"",""Message"":""Registry object added or deleted:\r\nRuleName: -\r\nEventType: DeleteKey\r\nUtcTime: 2022-04-15 12:06:02.420\r\nProcessGuid: {83d0c8c3-43ca-5f5f-0c00-000000000400}\r\nProcessId: 740\r\nImage: C:\\windows\\system32\\lsass.exe\r\nTargetObject: HKLM\\SAM\\SAM\\Domains\\Account\\Users\\000003E8"",""port"":60427,""UserID"":""S-1-5-18"",""UtcTime"":""2022-04-15 12:06:02.420"",""timestamp"":""2022-04-15T12:06:03.898Z"",""ThreadID"":4532,""Severity"":""INFO"",""EventTypeOrignal"":""INFO"",""EventType"":""DeleteKey"",""Channel"":""Microsoft-Windows-Sysmon/Operational"",""TargetObject"":""HKLM\\SAM\\SAM\\Domains\\Account\\Users\\000003E8"",""Opcode"":""Info"",""EventReceivedTime"":""2022-04-15 08:06:03"",""@version"":""1"",""Task"":12,""SourceModuleType"":""im_msvistalog"",""RuleName"":""-"",""Hostname"":""Micheal.Beaven"",""Keywords"":-9223372036854775808,""Version"":2,""ProcessGuid"":""{83d0c8c3-43ca-5f5f-0c00-000000000400}""}",2022-04-15T08:06:02.000+0000,8,15,6,april,2,friday,2022,local,,DeleteKey,cybertees.net,cyber-host,windowslogs,1,60427,"{"""":"":\\\\\\."","""":"""","""":,"""":[""""],"""":,"""":""{----}"",""",Event_logs.json,_json,ip-10-10-40-195,,splunk,,2022-04-15T12:06:03.898Z,
1,,"%%1537
				%%1538
				%%1539
				%%1540
				%%1541
				%%4528
				%%4529
				",,,,,,,,,Sensitive Privilege Use,Security,,,,,,,,,,,,,,,,,,,,,,,4674,,2022-04-15 8:06:03,2022-04-15 8:06:02,,4,,,,,0x230,,Micheal.Beaven,,,,,,,,,,-9214364837600034816,,,,,,,,,"An operation was attempted on a privileged object.

Subject:
	Security ID:		S-1-5-21-4020993649-1037605423-417876593-1104
	Account Name:		James
	Account Domain:		Cybertees
	Logon ID:		0x551686

Object:
	Object Server:	Security
	Object Type:	Semaphore
	Object Name:	\BaseNamedObjects\SM0:7264:304:WilStaging_02_p0h
	Object Handle:	0x230

Process Information:
	Process ID:	0x1c60
	Process Name:	C:\Windows\System32\conhost.exe

Requested Operation:
	Desired Access:	DELETE
				READ_CONTROL
				WRITE_DAC
				WRITE_OWNER
				SYNCHRONIZE
				Query semaphore state
				Modify semaphore state
				
	Privileges:		SeTakeOwnershipPrivilege",,,,\BaseNamedObjects\SM0:7264:304:WilStaging_02_p0h,Security,Semaphore,,Info,0,,,,,,,,,SeTakeOwnershipPrivilege,,0x1c60,C:\Windows\System32\conhost.exe,,,{54849625-5478-4994-A5BA-3E3B0328C30D},,,,56070,,,,,,,,,INFO,2,,,,,,,,,,,,eventlog,im_msvistalog,Microsoft-Windows-Security-Auditing,,,,,,,Cybertees,0x551686,James,S-1-5-21-4020993649-1037605423-417876593-1104,,,,,,,,,,,,,,13056,,,,5640,,,,,,,0,,,"{""ProcessId"":""0x1c60"",""tags"":[""splunk""],""EventID"":4674,""RecordNumber"":56070,""ProviderGuid"":""{54849625-5478-4994-A5BA-3E3B0328C30D}"",""SourceName"":""Microsoft-Windows-Security-Auditing"",""OpcodeValue"":0,""EventTime"":""2022-04-15 08:06:02"",""SubjectUserSid"":""S-1-5-21-4020993649-1037605423-417876593-1104"",""host"":""cybertees.net"",""SeverityValue"":2,""ExecutionProcessID"":4,""Category"":""Sensitive Privilege Use"",""SubjectLogonId"":""0x551686"",""SourceModuleName"":""eventlog"",""Message"":""An operation was attempted on a privileged object.\r\n\r\nSubject:\r\n\tSecurity ID:\t\tS-1-5-21-4020993649-1037605423-417876593-1104\r\n\tAccount Name:\t\tJames\r\n\tAccount Domain:\t\tCybertees\r\n\tLogon ID:\t\t0x551686\r\n\r\nObject:\r\n\tObject Server:\tSecurity\r\n\tObject Type:\tSemaphore\r\n\tObject Name:\t\\BaseNamedObjects\\SM0:7264:304:WilStaging_02_p0h\r\n\tObject Handle:\t0x230\r\n\r\nProcess Information:\r\n\tProcess ID:\t0x1c60\r\n\tProcess Name:\tC:\\Windows\\System32\\conhost.exe\r\n\r\nRequested Operation:\r\n\tDesired Access:\tDELETE\r\n\t\t\t\tREAD_CONTROL\r\n\t\t\t\tWRITE_DAC\r\n\t\t\t\tWRITE_OWNER\r\n\t\t\t\tSYNCHRONIZE\r\n\t\t\t\tQuery semaphore state\r\n\t\t\t\tModify semaphore state\r\n\t\t\t\t\r\n\tPrivileges:\t\tSeTakeOwnershipPrivilege"",""port"":60427,""timestamp"":""2022-04-15T12:06:03.897Z"",""ThreadID"":5640,""SubjectUserName"":""James"",""Severity"":""INFO"",""ObjectServer"":""Security"",""ProcessName"":""C:\\Windows\\System32\\conhost.exe"",""EventType"":""AUDIT_SUCCESS"",""Channel"":""Security"",""ObjectType"":""Semaphore"",""Opcode"":""Info"",""ObjectName"":""\\BaseNamedObjects\\SM0:7264:304:WilStaging_02_p0h"",""EventReceivedTime"":""2022-04-15 08:06:03"",""@version"":""1"",""Task"":13056,""SubjectDomainName"":""Cybertees"",""HandleId"":""0x230"",""AccessMask"":""%%1537\r\n\t\t\t\t%%1538\r\n\t\t\t\t%%1539\r\n\t\t\t\t%%1540\r\n\t\t\t\t%%1541\r\n\t\t\t\t%%4528\r\n\t\t\t\t%%4529\r\n\t\t\t\t"",""SourceModuleType"":""im_msvistalog"",""Hostname"":""Micheal.Beaven"",""Keywords"":-9214364837600034816,""Version"":0,""PrivilegeList"":""SeTakeOwnershipPrivilege""}",2022-04-15T08:06:02.000+0000,8,15,6,april,2,friday,2022,local,,AUDIT_SUCCESS,cybertees.net,cyber-host,windowslogs,1,60427,"{"""":"""","""":[""""],"""":,"""":,"""":""{----}"","""":""---"","""":,""""",Event_logs.json,_json,ip-10-10-40-195,,splunk,,2022-04-15T12:06:03.897Z,
1,,,,SYSTEM,User,,,,,,Registry object added or deleted (rule: RegistryEvent),Microsoft-Windows-Sysmon/Operational,,,,,,,,,,,,,,,,,,NT AUTHORITY,,,,,12,,2022-04-15 8:06:03,2022-04-15 8:06:02,INFO,3348,,,,,,,Micheal.Beaven,C:\windows\system32\lsass.exe,,,,,,,,,-9223372036854775808,,,,,,,,,"Registry object added or deleted:
RuleName: -
EventType: DeleteKey
UtcTime: 2022-04-15 12:06:02.420
ProcessGuid: {83d0c8c3-43ca-5f5f-0c00-000000000400}
ProcessId: 740
Image: C:\windows\system32\lsass.exe
TargetObject: HKLM\SAM\SAM\Domains\Account\Users\Names\A1berto",,,,,,,,Info,0,,,,,,,,,,{83d0c8c3-43ca-5f5f-0c00-000000000400},740,,,,{5770385F-C22A-43E0-BF4C-06F5698FFBD9},,,,183218,,,,,,,-,,INFO,2,,,,,,,,,,,,eventlog,im_msvistalog,Microsoft-Windows-Sysmon,,,,,,,,,,,,,,,,,HKLM\SAM\SAM\Domains\Account\Users\Names\A1berto,,,,,,,12,,,,4532,,,,,S-1-5-18,2022-04-15 12:06:02,2,,,"{""Image"":""C:\\windows\\system32\\lsass.exe"",""ProcessId"":""740"",""EventID"":12,""tags"":[""splunk""],""RecordNumber"":183218,""ProviderGuid"":""{5770385F-C22A-43E0-BF4C-06F5698FFBD9}"",""SourceName"":""Microsoft-Windows-Sysmon"",""OpcodeValue"":0,""EventTime"":""2022-04-15 08:06:02"",""AccountName"":""SYSTEM"",""host"":""cybertees.net"",""SeverityValue"":2,""ExecutionProcessID"":3348,""AccountType"":""User"",""Category"":""Registry object added or deleted (rule: RegistryEvent)"",""SourceModuleName"":""eventlog"",""Domain"":""NT AUTHORITY"",""Message"":""Registry object added or deleted:\r\nRuleName: -\r\nEventType: DeleteKey\r\nUtcTime: 2022-04-15 12:06:02.420\r\nProcessGuid: {83d0c8c3-43ca-5f5f-0c00-000000000400}\r\nProcessId: 740\r\nImage: C:\\windows\\system32\\lsass.exe\r\nTargetObject: HKLM\\SAM\\SAM\\Domains\\Account\\Users\\Names\\A1berto"",""port"":60427,""UserID"":""S-1-5-18"",""UtcTime"":""2022-04-15 12:06:02.420"",""timestamp"":""2022-04-15T12:06:03.897Z"",""ThreadID"":4532,""Severity"":""INFO"",""EventTypeOrignal"":""INFO"",""EventType"":""DeleteKey"",""Channel"":""Microsoft-Windows-Sysmon/Operational"",""TargetObject"":""HKLM\\SAM\\SAM\\Domains\\Account\\Users\\Names\\A1berto"",""Opcode"":""Info"",""EventReceivedTime"":""2022-04-15 08:06:03"",""@version"":""1"",""Task"":12,""SourceModuleType"":""im_msvistalog"",""RuleName"":""-"",""Hostname"":""Micheal.Beaven"",""Keywords"":-9223372036854775808,""Version"":2,""ProcessGuid"":""{83d0c8c3-43ca-5f5f-0c00-000000000400}""}",2022-04-15T08:06:02.000+0000,8,15,6,april,2,friday,2022,local,,DeleteKey,cybertees.net,cyber-host,windowslogs,1,60427,"{"""":"":\\\\\\."","""":"""","""":,"""":[""""],"""":,"""":""{----}"",""",Event_logs.json,_json,ip-10-10-40-195,,splunk,,2022-04-15T12:06:03.897Z,
1,,"%%1537
				%%1538
				%%1539
				%%1540
				%%1541
				%%4528
				%%4529
				",,,,,,,,,Sensitive Privilege Use,Security,,,,,,,,,,,,,,,,,,,,,,,4674,,2022-04-15 8:06:03,2022-04-15 8:06:02,,4,,,,,0x22c,,Micheal.Beaven,,,,,,,,,,-9214364837600034816,,,,,,,,,"An operation was attempted on a privileged object.

Subject:
	Security ID:		S-1-5-21-4020993649-1037605423-417876593-1104
	Account Name:		James
	Account Domain:		Cybertees
	Logon ID:		0x551686

Object:
	Object Server:	Security
	Object Type:	Semaphore
	Object Name:	\BaseNamedObjects\SM0:7264:304:WilStaging_02_p0
	Object Handle:	0x22c

Process Information:
	Process ID:	0x1c60
	Process Name:	C:\Windows\System32\conhost.exe

