1,,,,SYSTEM,User,,,,,C:\windows\SYSTEM32\ntdll.dll+9c534|C:\windows\SYSTEM32\psmserviceexthost.dll+222a3|C:\windows\SYSTEM32\psmserviceexthost.dll+1a172|C:\windows\SYSTEM32\psmserviceexthost.dll+19e3b|C:\windows\SYSTEM32\psmserviceexthost.dll+19318|C:\windows\SYSTEM32\ntdll.dll+3081d|C:\windows\SYSTEM32\ntdll.dll+345b4|C:\windows\System32\KERNEL32.DLL+17bd4|C:\windows\SYSTEM32\ntdll.dll+6ce51,Process accessed (rule: ProcessAccess),Microsoft-Windows-Sysmon/Operational,,,,,,,,,,,,,,,,,,NT AUTHORITY,,,,,10,,2022-04-15 8:06:26,2022-04-15 8:06:24,,3348,,,0x1000,,,,Micheal.Beaven,,,,,,,,,,-9223372036854775808,,,,,,,,,"Process accessed:
RuleName: -
UtcTime: 2022-04-15 12:06:24.164
SourceProcessGUID: {83d0c8c3-43cb-5f5f-1000-000000000400}
SourceProcessId: 900
SourceThreadId: 976
SourceImage: C:\windows\system32\svchost.exe
TargetProcessGUID: {83d0c8c3-4479-5f5f-5602-000000000400}
TargetProcessId: 1268
TargetImage: C:\windows\System32\svchost.exe
GrantedAccess: 0x1000
CallTrace: C:\windows\SYSTEM32\ntdll.dll+9c534|C:\windows\SYSTEM32\psmserviceexthost.dll+222a3|C:\windows\SYSTEM32\psmserviceexthost.dll+1a172|C:\windows\SYSTEM32\psmserviceexthost.dll+19e3b|C:\windows\SYSTEM32\psmserviceexthost.dll+19318|C:\windows\SYSTEM32\ntdll.dll+3081d|C:\windows\SYSTEM32\ntdll.dll+345b4|C:\windows\System32\KERNEL32.DLL+17bd4|C:\windows\SYSTEM32\ntdll.dll+6ce51",,,,,,,,Info,0,,,,,,,,,,,900,,,,{5770385F-C22A-43E0-BF4C-06F5698FFBD9},,,,183331,,,,,,,-,,INFO,2,,,,,,,,,C:\windows\system32\svchost.exe,,,eventlog,im_msvistalog,Microsoft-Windows-Sysmon,,,{83d0c8c3-43cb-5f5f-1000-000000000400},900,976,,,,,,,,,C:\windows\System32\svchost.exe,,,,,,{83d0c8c3-4479-5f5f-5602-000000000400},1268,,,10,,,,4532,,,,,S-1-5-18,2022-04-15 12:06:24,3,,,"{""EventID"":10,""RecordNumber"":183331,""ProviderGuid"":""{5770385F-C22A-43E0-BF4C-06F5698FFBD9}"",""SourceName"":""Microsoft-Windows-Sysmon"",""OpcodeValue"":0,""AccountName"":""SYSTEM"",""SourceImage"":""C:\\windows\\system32\\svchost.exe"",""SourceModuleName"":""eventlog"",""ExecutionProcessID"":3348,""AccountType"":""User"",""Category"":""Process accessed (rule: ProcessAccess)"",""SourceProcessId"":""900"",""Domain"":""NT AUTHORITY"",""port"":60427,""ThreadID"":4532,""Severity"":""INFO"",""EventType"":""INFO"",""Channel"":""Microsoft-Windows-Sysmon/Operational"",""Opcode"":""Info"",""EventReceivedTime"":""2022-04-15 08:06:26"",""Task"":10,""RuleName"":""-"",""Keywords"":-9223372036854775808,""Version"":3,""ProcessId"":""900"",""tags"":[""splunk""],""GrantedAccess"":""0x1000"",""SourceProcessGUID"":""{83d0c8c3-43cb-5f5f-1000-000000000400}"",""EventTime"":""2022-04-15 08:06:24"",""host"":""cybertees.net"",""SeverityValue"":2,""CallTrace"":""C:\\windows\\SYSTEM32\\ntdll.dll+9c534|C:\\windows\\SYSTEM32\\psmserviceexthost.dll+222a3|C:\\windows\\SYSTEM32\\psmserviceexthost.dll+1a172|C:\\windows\\SYSTEM32\\psmserviceexthost.dll+19e3b|C:\\windows\\SYSTEM32\\psmserviceexthost.dll+19318|C:\\windows\\SYSTEM32\\ntdll.dll+3081d|C:\\windows\\SYSTEM32\\ntdll.dll+345b4|C:\\windows\\System32\\KERNEL32.DLL+17bd4|C:\\windows\\SYSTEM32\\ntdll.dll+6ce51"",""Message"":""Process accessed:\r\nRuleName: -\r\nUtcTime: 2022-04-15 12:06:24.164\r\nSourceProcessGUID: {83d0c8c3-43cb-5f5f-1000-000000000400}\r\nSourceProcessId: 900\r\nSourceThreadId: 976\r\nSourceImage: C:\\windows\\system32\\svchost.exe\r\nTargetProcessGUID: {83d0c8c3-4479-5f5f-5602-000000000400}\r\nTargetProcessId: 1268\r\nTargetImage: C:\\windows\\System32\\svchost.exe\r\nGrantedAccess: 0x1000\r\nCallTrace: C:\\windows\\SYSTEM32\\ntdll.dll+9c534|C:\\windows\\SYSTEM32\\psmserviceexthost.dll+222a3|C:\\windows\\SYSTEM32\\psmserviceexthost.dll+1a172|C:\\windows\\SYSTEM32\\psmserviceexthost.dll+19e3b|C:\\windows\\SYSTEM32\\psmserviceexthost.dll+19318|C:\\windows\\SYSTEM32\\ntdll.dll+3081d|C:\\windows\\SYSTEM32\\ntdll.dll+345b4|C:\\windows\\System32\\KERNEL32.DLL+17bd4|C:\\windows\\SYSTEM32\\ntdll.dll+6ce51"",""UtcTime"":""2022-04-15 12:06:24.164"",""UserID"":""S-1-5-18"",""timestamp"":""2022-04-15T12:06:26.127Z"",""TargetProcessId"":""1268"",""SourceThreadId"":""976"",""@version"":""1"",""TargetProcessGUID"":""{83d0c8c3-4479-5f5f-5602-000000000400}"",""SourceModuleType"":""im_msvistalog"",""TargetImage"":""C:\\windows\\System32\\svchost.exe"",""Hostname"":""Micheal.Beaven""}",2022-04-15T08:06:22.000+0000,8,15,6,april,22,friday,2022,local,,INFO,cybertees.net,cyber-host,windowslogs,1,60427,"{"""":,"""":,"""":""{----}"","""":""--"","""":,"""":"""","""":"":\\\\\\",Event_logs.json,_json,ip-10-10-40-195,,splunk,,2022-04-15T12:06:26.127Z,
1,,,,SYSTEM,User,,,,,C:\windows\SYSTEM32\ntdll.dll+9c534|C:\windows\SYSTEM32\psmserviceexthost.dll+222a3|C:\windows\SYSTEM32\psmserviceexthost.dll+1a172|C:\windows\SYSTEM32\psmserviceexthost.dll+19e3b|C:\windows\SYSTEM32\psmserviceexthost.dll+19318|C:\windows\SYSTEM32\ntdll.dll+3081d|C:\windows\SYSTEM32\ntdll.dll+345b4|C:\windows\System32\KERNEL32.DLL+17bd4|C:\windows\SYSTEM32\ntdll.dll+6ce51,Process accessed (rule: ProcessAccess),Microsoft-Windows-Sysmon/Operational,,,,,,,,,,,,,,,,,,NT AUTHORITY,,,,,10,,2022-04-15 8:06:26,2022-04-15 8:06:24,,3348,,,0x1000,,,,Micheal.Beaven,,,,,,,,,,-9223372036854775808,,,,,,,,,"Process accessed:
RuleName: -
UtcTime: 2022-04-15 12:06:24.164
SourceProcessGUID: {83d0c8c3-43cb-5f5f-1000-000000000400}
SourceProcessId: 900
SourceThreadId: 1376
SourceImage: C:\windows\system32\svchost.exe
TargetProcessGUID: {83d0c8c3-4479-5f5f-5602-000000000400}
TargetProcessId: 1268
TargetImage: C:\windows\System32\svchost.exe
GrantedAccess: 0x1000
CallTrace: C:\windows\SYSTEM32\ntdll.dll+9c534|C:\windows\SYSTEM32\psmserviceexthost.dll+222a3|C:\windows\SYSTEM32\psmserviceexthost.dll+1a172|C:\windows\SYSTEM32\psmserviceexthost.dll+19e3b|C:\windows\SYSTEM32\psmserviceexthost.dll+19318|C:\windows\SYSTEM32\ntdll.dll+3081d|C:\windows\SYSTEM32\ntdll.dll+345b4|C:\windows\System32\KERNEL32.DLL+17bd4|C:\windows\SYSTEM32\ntdll.dll+6ce51",,,,,,,,Info,0,,,,,,,,,,,900,,,,{5770385F-C22A-43E0-BF4C-06F5698FFBD9},,,,183330,,,,,,,-,,INFO,2,,,,,,,,,C:\windows\system32\svchost.exe,,,eventlog,im_msvistalog,Microsoft-Windows-Sysmon,,,{83d0c8c3-43cb-5f5f-1000-000000000400},900,1376,,,,,,,,,C:\windows\System32\svchost.exe,,,,,,{83d0c8c3-4479-5f5f-5602-000000000400},1268,,,10,,,,4532,,,,,S-1-5-18,2022-04-15 12:06:24,3,,,"{""EventID"":10,""RecordNumber"":183330,""ProviderGuid"":""{5770385F-C22A-43E0-BF4C-06F5698FFBD9}"",""SourceName"":""Microsoft-Windows-Sysmon"",""OpcodeValue"":0,""AccountName"":""SYSTEM"",""SourceImage"":""C:\\windows\\system32\\svchost.exe"",""SourceModuleName"":""eventlog"",""ExecutionProcessID"":3348,""AccountType"":""User"",""Category"":""Process accessed (rule: ProcessAccess)"",""SourceProcessId"":""900"",""Domain"":""NT AUTHORITY"",""port"":60427,""ThreadID"":4532,""Severity"":""INFO"",""EventType"":""INFO"",""Channel"":""Microsoft-Windows-Sysmon/Operational"",""Opcode"":""Info"",""EventReceivedTime"":""2022-04-15 08:06:26"",""Task"":10,""RuleName"":""-"",""Keywords"":-9223372036854775808,""Version"":3,""ProcessId"":""900"",""tags"":[""splunk""],""GrantedAccess"":""0x1000"",""SourceProcessGUID"":""{83d0c8c3-43cb-5f5f-1000-000000000400}"",""EventTime"":""2022-04-15 08:06:24"",""host"":""cybertees.net"",""SeverityValue"":2,""CallTrace"":""C:\\windows\\SYSTEM32\\ntdll.dll+9c534|C:\\windows\\SYSTEM32\\psmserviceexthost.dll+222a3|C:\\windows\\SYSTEM32\\psmserviceexthost.dll+1a172|C:\\windows\\SYSTEM32\\psmserviceexthost.dll+19e3b|C:\\windows\\SYSTEM32\\psmserviceexthost.dll+19318|C:\\windows\\SYSTEM32\\ntdll.dll+3081d|C:\\windows\\SYSTEM32\\ntdll.dll+345b4|C:\\windows\\System32\\KERNEL32.DLL+17bd4|C:\\windows\\SYSTEM32\\ntdll.dll+6ce51"",""Message"":""Process accessed:\r\nRuleName: -\r\nUtcTime: 2022-04-15 12:06:24.164\r\nSourceProcessGUID: {83d0c8c3-43cb-5f5f-1000-000000000400}\r\nSourceProcessId: 900\r\nSourceThreadId: 1376\r\nSourceImage: C:\\windows\\system32\\svchost.exe\r\nTargetProcessGUID: {83d0c8c3-4479-5f5f-5602-000000000400}\r\nTargetProcessId: 1268\r\nTargetImage: C:\\windows\\System32\\svchost.exe\r\nGrantedAccess: 0x1000\r\nCallTrace: C:\\windows\\SYSTEM32\\ntdll.dll+9c534|C:\\windows\\SYSTEM32\\psmserviceexthost.dll+222a3|C:\\windows\\SYSTEM32\\psmserviceexthost.dll+1a172|C:\\windows\\SYSTEM32\\psmserviceexthost.dll+19e3b|C:\\windows\\SYSTEM32\\psmserviceexthost.dll+19318|C:\\windows\\SYSTEM32\\ntdll.dll+3081d|C:\\windows\\SYSTEM32\\ntdll.dll+345b4|C:\\windows\\System32\\KERNEL32.DLL+17bd4|C:\\windows\\SYSTEM32\\ntdll.dll+6ce51"",""UtcTime"":""2022-04-15 12:06:24.164"",""UserID"":""S-1-5-18"",""timestamp"":""2022-04-15T12:06:26.126Z"",""TargetProcessId"":""1268"",""SourceThreadId"":""1376"",""@version"":""1"",""TargetProcessGUID"":""{83d0c8c3-4479-5f5f-5602-000000000400}"",""SourceModuleType"":""im_msvistalog"",""TargetImage"":""C:\\windows\\System32\\svchost.exe"",""Hostname"":""Micheal.Beaven""}",2022-04-15T08:06:22.000+0000,8,15,6,april,22,friday,2022,local,,INFO,cybertees.net,cyber-host,windowslogs,1,60427,"{"""":,"""":,"""":""{----}"","""":""--"","""":,"""":"""","""":"":\\\\\\",Event_logs.json,_json,ip-10-10-40-195,,splunk,,2022-04-15T12:06:26.126Z,
1,,,,SYSTEM,User,,,,,C:\windows\SYSTEM32\ntdll.dll+9c534|C:\windows\SYSTEM32\psmserviceexthost.dll+222a3|C:\windows\SYSTEM32\psmserviceexthost.dll+1a172|C:\windows\SYSTEM32\psmserviceexthost.dll+19e3b|C:\windows\SYSTEM32\psmserviceexthost.dll+19318|C:\windows\SYSTEM32\ntdll.dll+3081d|C:\windows\SYSTEM32\ntdll.dll+345b4|C:\windows\System32\KERNEL32.DLL+17bd4|C:\windows\SYSTEM32\ntdll.dll+6ce51,Process accessed (rule: ProcessAccess),Microsoft-Windows-Sysmon/Operational,,,,,,,,,,,,,,,,,,NT AUTHORITY,,,,,10,,2022-04-15 8:06:26,2022-04-15 8:06:24,,3348,,,0x1000,,,,Micheal.Beaven,,,,,,,,,,-9223372036854775808,,,,,,,,,"Process accessed:
RuleName: -
UtcTime: 2022-04-15 12:06:24.164
SourceProcessGUID: {83d0c8c3-43cb-5f5f-1000-000000000400}
SourceProcessId: 900
SourceThreadId: 1376
SourceImage: C:\windows\system32\svchost.exe
TargetProcessGUID: {83d0c8c3-4479-5f5f-5602-000000000400}
TargetProcessId: 1268
TargetImage: C:\windows\System32\svchost.exe
GrantedAccess: 0x1000
CallTrace: C:\windows\SYSTEM32\ntdll.dll+9c534|C:\windows\SYSTEM32\psmserviceexthost.dll+222a3|C:\windows\SYSTEM32\psmserviceexthost.dll+1a172|C:\windows\SYSTEM32\psmserviceexthost.dll+19e3b|C:\windows\SYSTEM32\psmserviceexthost.dll+19318|C:\windows\SYSTEM32\ntdll.dll+3081d|C:\windows\SYSTEM32\ntdll.dll+345b4|C:\windows\System32\KERNEL32.DLL+17bd4|C:\windows\SYSTEM32\ntdll.dll+6ce51",,,,,,,,Info,0,,,,,,,,,,,900,,,,{5770385F-C22A-43E0-BF4C-06F5698FFBD9},,,,183329,,,,,,,-,,INFO,2,,,,,,,,,C:\windows\system32\svchost.exe,,,eventlog,im_msvistalog,Microsoft-Windows-Sysmon,,,{83d0c8c3-43cb-5f5f-1000-000000000400},900,1376,,,,,,,,,C:\windows\System32\svchost.exe,,,,,,{83d0c8c3-4479-5f5f-5602-000000000400},1268,,,10,,,,4532,,,,,S-1-5-18,2022-04-15 12:06:24,3,,,"{""EventID"":10,""RecordNumber"":183329,""ProviderGuid"":""{5770385F-C22A-43E0-BF4C-06F5698FFBD9}"",""SourceName"":""Microsoft-Windows-Sysmon"",""OpcodeValue"":0,""AccountName"":""SYSTEM"",""SourceImage"":""C:\\windows\\system32\\svchost.exe"",""SourceModuleName"":""eventlog"",""ExecutionProcessID"":3348,""AccountType"":""User"",""Category"":""Process accessed (rule: ProcessAccess)"",""SourceProcessId"":""900"",""Domain"":""NT AUTHORITY"",""port"":60427,""ThreadID"":4532,""Severity"":""INFO"",""EventType"":""INFO"",""Channel"":""Microsoft-Windows-Sysmon/Operational"",""Opcode"":""Info"",""EventReceivedTime"":""2022-04-15 08:06:26"",""Task"":10,""RuleName"":""-"",""Keywords"":-9223372036854775808,""Version"":3,""ProcessId"":""900"",""tags"":[""splunk""],""GrantedAccess"":""0x1000"",""SourceProcessGUID"":""{83d0c8c3-43cb-5f5f-1000-000000000400}"",""EventTime"":""2022-04-15 08:06:24"",""host"":""cybertees.net"",""SeverityValue"":2,""CallTrace"":""C:\\windows\\SYSTEM32\\ntdll.dll+9c534|C:\\windows\\SYSTEM32\\psmserviceexthost.dll+222a3|C:\\windows\\SYSTEM32\\psmserviceexthost.dll+1a172|C:\\windows\\SYSTEM32\\psmserviceexthost.dll+19e3b|C:\\windows\\SYSTEM32\\psmserviceexthost.dll+19318|C:\\windows\\SYSTEM32\\ntdll.dll+3081d|C:\\windows\\SYSTEM32\\ntdll.dll+345b4|C:\\windows\\System32\\KERNEL32.DLL+17bd4|C:\\windows\\SYSTEM32\\ntdll.dll+6ce51"",""Message"":""Process accessed:\r\nRuleName: -\r\nUtcTime: 2022-04-15 12:06:24.164\r\nSourceProcessGUID: {83d0c8c3-43cb-5f5f-1000-000000000400}\r\nSourceProcessId: 900\r\nSourceThreadId: 1376\r\nSourceImage: C:\\windows\\system32\\svchost.exe\r\nTargetProcessGUID: {83d0c8c3-4479-5f5f-5602-000000000400}\r\nTargetProcessId: 1268\r\nTargetImage: C:\\windows\\System32\\svchost.exe\r\nGrantedAccess: 0x1000\r\nCallTrace: C:\\windows\\SYSTEM32\\ntdll.dll+9c534|C:\\windows\\SYSTEM32\\psmserviceexthost.dll+222a3|C:\\windows\\SYSTEM32\\psmserviceexthost.dll+1a172|C:\\windows\\SYSTEM32\\psmserviceexthost.dll+19e3b|C:\\windows\\SYSTEM32\\psmserviceexthost.dll+19318|C:\\windows\\SYSTEM32\\ntdll.dll+3081d|C:\\windows\\SYSTEM32\\ntdll.dll+345b4|C:\\windows\\System32\\KERNEL32.DLL+17bd4|C:\\windows\\SYSTEM32\\ntdll.dll+6ce51"",""UtcTime"":""2022-04-15 12:06:24.164"",""UserID"":""S-1-5-18"",""timestamp"":""2022-04-15T12:06:26.126Z"",""TargetProcessId"":""1268"",""SourceThreadId"":""1376"",""@version"":""1"",""TargetProcessGUID"":""{83d0c8c3-4479-5f5f-5602-000000000400}"",""SourceModuleType"":""im_msvistalog"",""TargetImage"":""C:\\windows\\System32\\svchost.exe"",""Hostname"":""Micheal.Beaven""}",2022-04-15T08:06:22.000+0000,8,15,6,april,22,friday,2022,local,,INFO,cybertees.net,cyber-host,windowslogs,1,60427,"{"""":,"""":,"""":""{----}"","""":""--"","""":,"""":"""","""":"":\\\\\\",Event_logs.json,_json,ip-10-10-40-195,,splunk,,2022-04-15T12:06:26.126Z,
1,,,,SYSTEM,User,,,,,,Registry value set (rule: RegistryEvent),Microsoft-Windows-Sysmon/Operational,,,,,,,,,,,,,,DWORD (0x00000601),,,,NT AUTHORITY,,,,,13,,2022-04-15 8:06:26,2022-04-15 8:06:24,INFO,3524,,,,,,,James.browne,C:\windows\system32\svchost.exe,,,,,,,,,-9223372036854775808,,,,,,,,,"Registry value set:
RuleName: -
EventType: SetValue
UtcTime: 2022-04-15 12:06:24.659
ProcessGuid: {2d351099-43cd-5f5f-0e00-000000000400}
ProcessId: 876
Image: C:\windows\system32\svchost.exe
TargetObject: \REGISTRY\A\{880a2083-1f4b-4b97-aa60-39a324efa5ef}\Events\{5df06697-7e1e-49ad-a68f-7bf26ca81869}\Flags
Details: DWORD (0x00000601)",,,,,,,,Info,0,,,,,,,,,,{2d351099-43cd-5f5f-0e00-000000000400},876,,,,{5770385F-C22A-43E0-BF4C-06F5698FFBD9},,,,425024,,,,,,,-,,INFO,2,,,,,,,,,,,,eventlog,im_msvistalog,Microsoft-Windows-Sysmon,,,,,,,,,,,,,,,,,\REGISTRY\A\{880a2083-1f4b-4b97-aa60-39a324efa5ef}\Events\{5df06697-7e1e-49ad-a68f-7bf26ca81869}\Flags,,,,,,,13,,,,4688,,,,,S-1-5-18,2022-04-15 12:06:25,2,,,"{""Image"":""C:\\windows\\system32\\svchost.exe"",""ProcessId"":""876"",""EventID"":13,""tags"":[""splunk""],""RecordNumber"":425024,""ProviderGuid"":""{5770385F-C22A-43E0-BF4C-06F5698FFBD9}"",""SourceName"":""Microsoft-Windows-Sysmon"",""OpcodeValue"":0,""EventTime"":""2022-04-15 08:06:24"",""AccountName"":""SYSTEM"",""host"":""cybertees.net"",""SeverityValue"":2,""ExecutionProcessID"":3524,""AccountType"":""User"",""Category"":""Registry value set (rule: RegistryEvent)"",""SourceModuleName"":""eventlog"",""Domain"":""NT AUTHORITY"",""Message"":""Registry value set:\r\nRuleName: -\r\nEventType: SetValue\r\nUtcTime: 2022-04-15 12:06:24.659\r\nProcessGuid: {2d351099-43cd-5f5f-0e00-000000000400}\r\nProcessId: 876\r\nImage: C:\\windows\\system32\\svchost.exe\r\nTargetObject: \\REGISTRY\\A\\{880a2083-1f4b-4b97-aa60-39a324efa5ef}\\Events\\{5df06697-7e1e-49ad-a68f-7bf26ca81869}\\Flags\r\nDetails: DWORD (0x00000601)"",""port"":60427,""UserID"":""S-1-5-18"",""UtcTime"":""2022-04-15 12:06:24.659"",""timestamp"":""2022-04-15T12:06:26.125Z"",""ThreadID"":4688,""Severity"":""INFO"",""EventTypeOrignal"":""INFO"",""EventType"":""SetValue"",""Channel"":""Microsoft-Windows-Sysmon/Operational"",""TargetObject"":""\\REGISTRY\\A\\{880a2083-1f4b-4b97-aa60-39a324efa5ef}\\Events\\{5df06697-7e1e-49ad-a68f-7bf26ca81869}\\Flags"",""Details"":""DWORD (0x00000601)"",""Opcode"":""Info"",""EventReceivedTime"":""2022-04-15 08:06:26"",""@version"":""1"",""Task"":13,""SourceModuleType"":""im_msvistalog"",""RuleName"":""-"",""Hostname"":""James.browne"",""Keywords"":-9223372036854775808,""Version"":2,""ProcessGuid"":""{2d351099-43cd-5f5f-0e00-000000000400}""}",2022-04-15T08:06:22.000+0000,8,15,6,april,22,friday,2022,local,,SetValue,cybertees.net,cyber-host,windowslogs,1,60427,"{"""":"":\\\\\\."","""":"""","""":,"""":[""""],"""":,"""":""{----}"",""",Event_logs.json,_json,ip-10-10-40-195,,splunk,,2022-04-15T12:06:26.125Z,
1,,,,SYSTEM,User,,,,,,Registry value set (rule: RegistryEvent),Microsoft-Windows-Sysmon/Operational,,,,,,,,,,,,,,Binary Data,,,,NT AUTHORITY,,,,,13,,2022-04-15 8:06:26,2022-04-15 8:06:24,INFO,3524,,,,,,,James.browne,C:\windows\system32\svchost.exe,,,,,,,,,-9223372036854775808,,,,,,,,,"Registry value set:
RuleName: -
EventType: SetValue
UtcTime: 2022-04-15 12:06:24.659
ProcessGuid: {2d351099-43cd-5f5f-0e00-000000000400}
ProcessId: 876
Image: C:\windows\system32\svchost.exe
TargetObject: \REGISTRY\A\{880a2083-1f4b-4b97-aa60-39a324efa5ef}\Events\{5df06697-7e1e-49ad-a68f-7bf26ca81869}\EventParameters
Details: Binary Data",,,,,,,,Info,0,,,,,,,,,,{2d351099-43cd-5f5f-0e00-000000000400},876,,,,{5770385F-C22A-43E0-BF4C-06F5698FFBD9},,,,425023,,,,,,,-,,INFO,2,,,,,,,,,,,,eventlog,im_msvistalog,Microsoft-Windows-Sysmon,,,,,,,,,,,,,,,,,\REGISTRY\A\{880a2083-1f4b-4b97-aa60-39a324efa5ef}\Events\{5df06697-7e1e-49ad-a68f-7bf26ca81869}\EventParameters,,,,,,,13,,,,4688,,,,,S-1-5-18,2022-04-15 12:06:25,2,,,"{""Image"":""C:\\windows\\system32\\svchost.exe"",""ProcessId"":""876"",""EventID"":13,""tags"":[""splunk""],""RecordNumber"":425023,""ProviderGuid"":""{5770385F-C22A-43E0-BF4C-06F5698FFBD9}"",""SourceName"":""Microsoft-Windows-Sysmon"",""OpcodeValue"":0,""EventTime"":""2022-04-15 08:06:24"",""AccountName"":""SYSTEM"",""host"":""cybertees.net"",""SeverityValue"":2,""ExecutionProcessID"":3524,""AccountType"":""User"",""Category"":""Registry value set (rule: RegistryEvent)"",""SourceModuleName"":""eventlog"",""Domain"":""NT AUTHORITY"",""Message"":""Registry value set:\r\nRuleName: -\r\nEventType: SetValue\r\nUtcTime: 2022-04-15 12:06:24.659\r\nProcessGuid: {2d351099-43cd-5f5f-0e00-000000000400}\r\nProcessId: 876\r\nImage: C:\\windows\\system32\\svchost.exe\r\nTargetObject: \\REGISTRY\\A\\{880a2083-1f4b-4b97-aa60-39a324efa5ef}\\Events\\{5df06697-7e1e-49ad-a68f-7bf26ca81869}\\EventParameters\r\nDetails: Binary Data"",""port"":60427,""UserID"":""S-1-5-18"",""UtcTime"":""2022-04-15 12:06:24.659"",""timestamp"":""2022-04-15T12:06:26.125Z"",""ThreadID"":4688,""Severity"":""INFO"",""EventTypeOrignal"":""INFO"",""EventType"":""SetValue"",""Channel"":""Microsoft-Windows-Sysmon/Operational"",""TargetObject"":""\\REGISTRY\\A\\{880a2083-1f4b-4b97-aa60-39a324efa5ef}\\Events\\{5df06697-7e1e-49ad-a68f-7bf26ca81869}\\EventParameters"",""Details"":""Binary Data"",""Opcode"":""Info"",""EventReceivedTime"":""2022-04-15 08:06:26"",""@version"":""1"",""Task"":13,""SourceModuleType"":""im_msvistalog"",""RuleName"":""-"",""Hostname"":""James.browne"",""Keywords"":-9223372036854775808,""Version"":2,""ProcessGuid"":""{2d351099-43cd-5f5f-0e00-000000000400}""}",2022-04-15T08:06:22.000+0000,8,15,6,april,22,friday,2022,local,,SetValue,cybertees.net,cyber-host,windowslogs,1,60427,"{"""":"":\\\\\\."","""":"""","""":,"""":[""""],"""":,"""":""{----}"",""",Event_logs.json,_json,ip-10-10-40-195,,splunk,,2022-04-15T12:06:26.125Z,
1,,,,SYSTEM,User,,,,,,Registry value set (rule: RegistryEvent),Microsoft-Windows-Sysmon/Operational,,,,,,,,,,,,,,{7cd4a68a-505e-456b-b11e-ca76a5dd491c},,,,NT AUTHORITY,,,,,13,,2022-04-15 8:06:26,2022-04-15 8:06:24,INFO,3524,,,,,,,James.browne,C:\windows\system32\svchost.exe,,,,,,,,,-9223372036854775808,,,,,,,,,"Registry value set:
RuleName: -
EventType: SetValue
UtcTime: 2022-04-15 12:06:24.659
ProcessGuid: {2d351099-43cd-5f5f-0e00-000000000400}
ProcessId: 876
Image: C:\windows\system32\svchost.exe
TargetObject: \REGISTRY\A\{880a2083-1f4b-4b97-aa60-39a324efa5ef}\Events\{5df06697-7e1e-49ad-a68f-7bf26ca81869}\BrokerId
Details: {7cd4a68a-505e-456b-b11e-ca76a5dd491c}",,,,,,,,Info,0,,,,,,,,,,{2d351099-43cd-5f5f-0e00-000000000400},876,,,,{5770385F-C22A-43E0-BF4C-06F5698FFBD9},,,,425022,,,,,,,-,,INFO,2,,,,,,,,,,,,eventlog,im_msvistalog,Microsoft-Windows-Sysmon,,,,,,,,,,,,,,,,,\REGISTRY\A\{880a2083-1f4b-4b97-aa60-39a324efa5ef}\Events\{5df06697-7e1e-49ad-a68f-7bf26ca81869}\BrokerId,,,,,,,13,,,,4688,,,,,S-1-5-18,2022-04-15 12:06:25,2,,,"{""Image"":""C:\\windows\\system32\\svchost.exe"",""ProcessId"":""876"",""EventID"":13,""tags"":[""splunk""],""RecordNumber"":425022,""ProviderGuid"":""{5770385F-C22A-43E0-BF4C-06F5698FFBD9}"",""SourceName"":""Microsoft-Windows-Sysmon"",""OpcodeValue"":0,""EventTime"":""2022-04-15 08:06:24"",""AccountName"":""SYSTEM"",""host"":""cybertees.net"",""SeverityValue"":2,""ExecutionProcessID"":3524,""AccountType"":""User"",""Category"":""Registry value set (rule: RegistryEvent)"",""SourceModuleName"":""eventlog"",""Domain"":""NT AUTHORITY"",""Message"":""Registry value set:\r\nRuleName: -\r\nEventType: SetValue\r\nUtcTime: 2022-04-15 12:06:24.659\r\nProcessGuid: {2d351099-43cd-5f5f-0e00-000000000400}\r\nProcessId: 876\r\nImage: C:\\windows\\system32\\svchost.exe\r\nTargetObject: \\REGISTRY\\A\\{880a2083-1f4b-4b97-aa60-39a324efa5ef}\\Events\\{5df06697-7e1e-49ad-a68f-7bf26ca81869}\\BrokerId\r\nDetails: {7cd4a68a-505e-456b-b11e-ca76a5dd491c}"",""port"":60427,""UserID"":""S-1-5-18"",""UtcTime"":""2022-04-15 12:06:24.659"",""timestamp"":""2022-04-15T12:06:26.125Z"",""ThreadID"":4688,""Severity"":""INFO"",""EventTypeOrignal"":""INFO"",""EventType"":""SetValue"",""Channel"":""Microsoft-Windows-Sysmon/Operational"",""TargetObject"":""\\REGISTRY\\A\\{880a2083-1f4b-4b97-aa60-39a324efa5ef}\\Events\\{5df06697-7e1e-49ad-a68f-7bf26ca81869}\\BrokerId"",""Details"":""{7cd4a68a-505e-456b-b11e-ca76a5dd491c}"",""Opcode"":""Info"",""EventReceivedTime"":""2022-04-15 08:06:26"",""@version"":""1"",""Task"":13,""SourceModuleType"":""im_msvistalog"",""RuleName"":""-"",""Hostname"":""James.browne"",""Keywords"":-9223372036854775808,""Version"":2,""ProcessGuid"":""{2d351099-43cd-5f5f-0e00-000000000400}""}",2022-04-15T08:06:22.000+0000,8,15,6,april,22,friday,2022,local,,SetValue,cybertees.net,cyber-host,windowslogs,1,60427,"{"""":"":\\\\\\."","""":"""","""":,"""":[""""],"""":,"""":""{----}"",""",Event_logs.json,_json,ip-10-10-40-195,,splunk,,2022-04-15T12:06:26.125Z,
1,,,,SYSTEM,User,,,,,,Registry object added or deleted (rule: RegistryEvent),Microsoft-Windows-Sysmon/Operational,,,,,,,,,,,,,,,,,,NT AUTHORITY,,,,,12,,2022-04-15 8:06:26,2022-04-15 8:06:24,INFO,3524,,,,,,,James.browne,C:\windows\system32\svchost.exe,,,,,,,,,-9223372036854775808,,,,,,,,,"Registry object added or deleted:
RuleName: -
EventType: CreateKey
UtcTime: 2022-04-15 12:06:24.659
ProcessGuid: {2d351099-43cd-5f5f-0e00-000000000400}
ProcessId: 876
Image: C:\windows\system32\svchost.exe
TargetObject: \REGISTRY\A\{880a2083-1f4b-4b97-aa60-39a324efa5ef}\Events\{5df06697-7e1e-49ad-a68f-7bf26ca81869}",,,,,,,,Info,0,,,,,,,,,,{2d351099-43cd-5f5f-0e00-000000000400},876,,,,{5770385F-C22A-43E0-BF4C-06F5698FFBD9},,,,425021,,,,,,,-,,INFO,2,,,,,,,,,,,,eventlog,im_msvistalog,Microsoft-Windows-Sysmon,,,,,,,,,,,,,,,,,\REGISTRY\A\{880a2083-1f4b-4b97-aa60-39a324efa5ef}\Events\{5df06697-7e1e-49ad-a68f-7bf26ca81869},,,,,,,12,,,,4688,,,,,S-1-5-18,2022-04-15 12:06:25,2,,,"{""Image"":""C:\\windows\\system32\\svchost.exe"",""ProcessId"":""876"",""EventID"":12,""tags"":[""splunk""],""RecordNumber"":425021,""ProviderGuid"":""{5770385F-C22A-43E0-BF4C-06F5698FFBD9}"",""SourceName"":""Microsoft-Windows-Sysmon"",""OpcodeValue"":0,""EventTime"":""2022-04-15 08:06:24"",""AccountName"":""SYSTEM"",""host"":""cybertees.net"",""SeverityValue"":2,""ExecutionProcessID"":3524,""AccountType"":""User"",""Category"":""Registry object added or deleted (rule: RegistryEvent)"",""SourceModuleName"":""eventlog"",""Domain"":""NT AUTHORITY"",""Message"":""Registry object added or deleted:\r\nRuleName: -\r\nEventType: CreateKey\r\nUtcTime: 2022-04-15 12:06:24.659\r\nProcessGuid: {2d351099-43cd-5f5f-0e00-000000000400}\r\nProcessId: 876\r\nImage: C:\\windows\\system32\\svchost.exe\r\nTargetObject: \\REGISTRY\\A\\{880a2083-1f4b-4b97-aa60-39a324efa5ef}\\Events\\{5df06697-7e1e-49ad-a68f-7bf26ca81869}"",""port"":60427,""UserID"":""S-1-5-18"",""UtcTime"":""2022-04-15 12:06:24.659"",""timestamp"":""2022-04-15T12:06:26.124Z"",""ThreadID"":4688,""Severity"":""INFO"",""EventTypeOrignal"":""INFO"",""EventType"":""CreateKey"",""Channel"":""Microsoft-Windows-Sysmon/Operational"",""TargetObject"":""\\REGISTRY\\A\\{880a2083-1f4b-4b97-aa60-39a324efa5ef}\\Events\\{5df06697-7e1e-49ad-a68f-7bf26ca81869}"",""Opcode"":""Info"",""EventReceivedTime"":""2022-04-15 08:06:26"",""@version"":""1"",""Task"":12,""SourceModuleType"":""im_msvistalog"",""RuleName"":""-"",""Hostname"":""James.browne"",""Keywords"":-9223372036854775808,""Version"":2,""ProcessGuid"":""{2d351099-43cd-5f5f-0e00-000000000400}""}",2022-04-15T08:06:22.000+0000,8,15,6,april,22,friday,2022,local,,CreateKey,cybertees.net,cyber-host,windowslogs,1,60427,"{"""":"":\\\\\\."","""":"""","""":,"""":[""""],"""":,"""":""{----}"",""",Event_logs.json,_json,ip-10-10-40-195,,splunk,,2022-04-15T12:06:26.124Z,
1,,,,SYSTEM,User,,,,,,Image loaded (rule: ImageLoad),Microsoft-Windows-Sysmon/Operational,,Microsoft Corporation,,,,Microsoft Property System,,,,,,,,,,,,NT AUTHORITY,,,,,7,,2022-04-15 8:06:26,2022-04-15 8:06:24,,3524,7.0.18362.815 (WinBuild.160101.0800),,,,,"SHA1=9CC7754BDE825122FB0D3DF16579BD7CC2884B8B,MD5=B6D1AA0F21AC82024879E4EE96B50B56,SHA256=AF6B7199AAB64EBDADDA63B8662878A076A343955B1CF5E9F48C98114EF52BBE,IMPHASH=0D1929519D5C1A55D02774067E6F2181",James.browne,C:\Windows\System32\backgroundTaskHost.exe,C:\Windows\System32\propsys.dll,,,,,,,,-9223372036854775808,,,,,,,,,"Image loaded:
RuleName: -
UtcTime: 2022-04-15 12:06:24.597
ProcessGuid: {2d351099-5cc0-5f5f-3904-000000000400}
ProcessId: 5200
Image: C:\Windows\System32\backgroundTaskHost.exe
ImageLoaded: C:\Windows\System32\propsys.dll
FileVersion: 7.0.18362.815 (WinBuild.160101.0800)
Description: Microsoft Property System
Product: Windows Search
Company: Microsoft Corporation
OriginalFileName: propsys.dll
Hashes: SHA1=9CC7754BDE825122FB0D3DF16579BD7CC2884B8B,MD5=B6D1AA0F21AC82024879E4EE96B50B56,SHA256=AF6B7199AAB64EBDADDA63B8662878A076A343955B1CF5E9F48C98114EF52BBE,IMPHASH=0D1929519D5C1A55D02774067E6F2181
Signed: true
Signature: Microsoft Windows
SignatureStatus: Valid",,,,,,,,Info,0,propsys.dll,,,,,,,,,{2d351099-5cc0-5f5f-3904-000000000400},5200,,Windows Search,,{5770385F-C22A-43E0-BF4C-06F5698FFBD9},,,,425020,,,,,,,-,,INFO,2,,,Microsoft Windows,Valid,TRUE,,,,,,,eventlog,im_msvistalog,Microsoft-Windows-Sysmon,,,,,,,,,,,,,,,,,,,,,,,,7,,,,4700,,,,,S-1-5-18,2022-04-15 12:06:25,3,,,"{""EventID"":7,""RecordNumber"":425020,""ProviderGuid"":""{5770385F-C22A-43E0-BF4C-06F5698FFBD9}"",""SourceName"":""Microsoft-Windows-Sysmon"",""OpcodeValue"":0,""AccountName"":""SYSTEM"",""SignatureStatus"":""Valid"",""SourceModuleName"":""eventlog"",""ExecutionProcessID"":3524,""AccountType"":""User"",""Category"":""Image loaded (rule: ImageLoad)"",""Domain"":""NT AUTHORITY"",""port"":60427,""Company"":""Microsoft Corporation"",""ThreadID"":4700,""Severity"":""INFO"",""EventType"":""INFO"",""Signed"":""true"",""Channel"":""Microsoft-Windows-Sysmon/Operational"",""Opcode"":""Info"",""EventReceivedTime"":""2022-04-15 08:06:26"",""ImageLoaded"":""C:\\Windows\\System32\\propsys.dll"",""Task"":7,""RuleName"":""-"",""Keywords"":-9223372036854775808,""Version"":3,""ProcessId"":""5200"",""Image"":""C:\\Windows\\System32\\backgroundTaskHost.exe"",""Product"":""Windows Search"",""tags"":[""splunk""],""EventTime"":""2022-04-15 08:06:24"",""host"":""cybertees.net"",""SeverityValue"":2,""Message"":""Image loaded:\r\nRuleName: -\r\nUtcTime: 2022-04-15 12:06:24.597\r\nProcessGuid: {2d351099-5cc0-5f5f-3904-000000000400}\r\nProcessId: 5200\r\nImage: C:\\Windows\\System32\\backgroundTaskHost.exe\r\nImageLoaded: C:\\Windows\\System32\\propsys.dll\r\nFileVersion: 7.0.18362.815 (WinBuild.160101.0800)\r\nDescription: Microsoft Property System\r\nProduct: Windows Search\r\nCompany: Microsoft Corporation\r\nOriginalFileName: propsys.dll\r\nHashes: SHA1=9CC7754BDE825122FB0D3DF16579BD7CC2884B8B,MD5=B6D1AA0F21AC82024879E4EE96B50B56,SHA256=AF6B7199AAB64EBDADDA63B8662878A076A343955B1CF5E9F48C98114EF52BBE,IMPHASH=0D1929519D5C1A55D02774067E6F2181\r\nSigned: true\r\nSignature: Microsoft Windows\r\nSignatureStatus: Valid"",""UtcTime"":""2022-04-15 12:06:24.597"",""UserID"":""S-1-5-18"",""FileVersion"":""7.0.18362.815 (WinBuild.160101.0800)"",""Description"":""Microsoft Property System"",""OriginalFileName"":""propsys.dll"",""timestamp"":""2022-04-15T12:06:26.124Z"",""Hashes"":""SHA1=9CC7754BDE825122FB0D3DF16579BD7CC2884B8B,MD5=B6D1AA0F21AC82024879E4EE96B50B56,SHA256=AF6B7199AAB64EBDADDA63B8662878A076A343955B1CF5E9F48C98114EF52BBE,IMPHASH=0D1929519D5C1A55D02774067E6F2181"",""Signature"":""Microsoft Windows"",""@version"":""1"",""SourceModuleType"":""im_msvistalog"",""Hostname"":""James.browne"",""ProcessGuid"":""{2d351099-5cc0-5f5f-3904-000000000400}""}",2022-04-15T08:06:22.000+0000,8,15,6,april,22,friday,2022,local,,INFO,cybertees.net,cyber-host,windowslogs,1,60427,"{"""":,"""":,"""":""{----}"","""":""--"","""":,"""":"""","""":"""","""":""""",Event_logs.json,_json,ip-10-10-40-195,,splunk,,2022-04-15T12:06:26.124Z,
1,,,,SYSTEM,User,,,,,,Registry value set (rule: RegistryEvent),Microsoft-Windows-Sysmon/Operational,,,,,,,,,,,,,,Binary Data,,,,NT AUTHORITY,,,,,13,,2022-04-15 8:06:26,2022-04-15 8:06:24,INFO,3524,,,,,,,James.browne,C:\windows\system32\svchost.exe,,,,,,,,,-9223372036854775808,,,,,,,,,"Registry value set:
RuleName: -
EventType: SetValue
UtcTime: 2022-04-15 12:06:24.659
ProcessGuid: {2d351099-43cd-5f5f-0e00-000000000400}
ProcessId: 876
Image: C:\windows\system32\svchost.exe
TargetObject: \REGISTRY\A\{880a2083-1f4b-4b97-aa60-39a324efa5ef}\Events\{9797a939-dfc0-4b16-98a2-39b59ccd20af}\UserSid
Details: Binary Data",,,,,,,,Info,0,,,,,,,,,,{2d351099-43cd-5f5f-0e00-000000000400},876,,,,{5770385F-C22A-43E0-BF4C-06F5698FFBD9},,,,425019,,,,,,,-,,INFO,2,,,,,,,,,,,,eventlog,im_msvistalog,Microsoft-Windows-Sysmon,,,,,,,,,,,,,,,,,\REGISTRY\A\{880a2083-1f4b-4b97-aa60-39a324efa5ef}\Events\{9797a939-dfc0-4b16-98a2-39b59ccd20af}\UserSid,,,,,,,13,,,,4688,,,,,S-1-5-18,2022-04-15 12:06:25,2,,,"{""Image"":""C:\\windows\\system32\\svchost.exe"",""ProcessId"":""876"",""EventID"":13,""tags"":[""splunk""],""RecordNumber"":425019,""ProviderGuid"":""{5770385F-C22A-43E0-BF4C-06F5698FFBD9}"",""SourceName"":""Microsoft-Windows-Sysmon"",""OpcodeValue"":0,""EventTime"":""2022-04-15 08:06:24"",""AccountName"":""SYSTEM"",""host"":""cybertees.net"",""SeverityValue"":2,""ExecutionProcessID"":3524,""AccountType"":""User"",""Category"":""Registry value set (rule: RegistryEvent)"",""SourceModuleName"":""eventlog"",""Domain"":""NT AUTHORITY"",""Message"":""Registry value set:\r\nRuleName: -\r\nEventType: SetValue\r\nUtcTime: 2022-04-15 12:06:24.659\r\nProcessGuid: {2d351099-43cd-5f5f-0e00-000000000400}\r\nProcessId: 876\r\nImage: C:\\windows\\system32\\svchost.exe\r\nTargetObject: \\REGISTRY\\A\\{880a2083-1f4b-4b97-aa60-39a324efa5ef}\\Events\\{9797a939-dfc0-4b16-98a2-39b59ccd20af}\\UserSid\r\nDetails: Binary Data"",""port"":60427,""UserID"":""S-1-5-18"",""UtcTime"":""2022-04-15 12:06:24.659"",""timestamp"":""2022-04-15T12:06:26.123Z"",""ThreadID"":4688,""Severity"":""INFO"",""EventTypeOrignal"":""INFO"",""EventType"":""SetValue"",""Channel"":""Microsoft-Windows-Sysmon/Operational"",""TargetObject"":""\\REGISTRY\\A\\{880a2083-1f4b-4b97-aa60-39a324efa5ef}\\Events\\{9797a939-dfc0-4b16-98a2-39b59ccd20af}\\UserSid"",""Details"":""Binary Data"",""Opcode"":""Info"",""EventReceivedTime"":""2022-04-15 08:06:26"",""@version"":""1"",""Task"":13,""SourceModuleType"":""im_msvistalog"",""RuleName"":""-"",""Hostname"":""James.browne"",""Keywords"":-9223372036854775808,""Version"":2,""ProcessGuid"":""{2d351099-43cd-5f5f-0e00-000000000400}""}",2022-04-15T08:06:22.000+0000,8,15,6,april,22,friday,2022,local,,SetValue,cybertees.net,cyber-host,windowslogs,1,60427,"{"""":"":\\\\\\."","""":"""","""":,"""":[""""],"""":,"""":""{----}"",""",Event_logs.json,_json,ip-10-10-40-195,,splunk,,2022-04-15T12:06:26.123Z,
1,,,,SYSTEM,User,,,,,,Registry value set (rule: RegistryEvent),Microsoft-Windows-Sysmon/Operational,,,,,,,,,,,,,,Microsoft.Windows.ContentDeliveryManager_10.0.18362.449_neutral_neutral_cw5n1h2txyewy,,,,NT AUTHORITY,,,,,13,,2022-04-15 8:06:26,2022-04-15 8:06:24,INFO,3524,,,,,,,James.browne,C:\windows\system32\svchost.exe,,,,,,,,,-9223372036854775808,,,,,,,,,"Registry value set:
RuleName: -
EventType: SetValue
UtcTime: 2022-04-15 12:06:24.659
ProcessGuid: {2d351099-43cd-5f5f-0e00-000000000400}
ProcessId: 876
Image: C:\windows\system32\svchost.exe
TargetObject: \REGISTRY\A\{880a2083-1f4b-4b97-aa60-39a324efa5ef}\Events\{9797a939-dfc0-4b16-98a2-39b59ccd20af}\PackageFullName
Details: Microsoft.Windows.ContentDeliveryManager_10.0.18362.449_neutral_neutral_cw5n1h2txyewy",,,,,,,,Info,0,,,,,,,,,,{2d351099-43cd-5f5f-0e00-000000000400},876,,,,{5770385F-C22A-43E0-BF4C-06F5698FFBD9},,,,425018,,,,,,,-,,INFO,2,,,,,,,,,,,,eventlog,im_msvistalog,Microsoft-Windows-Sysmon,,,,,,,,,,,,,,,,,\REGISTRY\A\{880a2083-1f4b-4b97-aa60-39a324efa5ef}\Events\{9797a939-dfc0-4b16-98a2-39b59ccd20af}\PackageFullName,,,,,,,13,,,,4688,,,,,S-1-5-18,2022-04-15 12:06:25,2,,,"{""Image"":""C:\\windows\\system32\\svchost.exe"",""ProcessId"":""876"",""EventID"":13,""tags"":[""splunk""],""RecordNumber"":425018,""ProviderGuid"":""{5770385F-C22A-43E0-BF4C-06F5698FFBD9}"",""SourceName"":""Microsoft-Windows-Sysmon"",""OpcodeValue"":0,""EventTime"":""2022-04-15 08:06:24"",""AccountName"":""SYSTEM"",""host"":""cybertees.net"",""SeverityValue"":2,""ExecutionProcessID"":3524,""AccountType"":""User"",""Category"":""Registry value set (rule: RegistryEvent)"",""SourceModuleName"":""eventlog"",""Domain"":""NT AUTHORITY"",""Message"":""Registry value set:\r\nRuleName: -\r\nEventType: SetValue\r\nUtcTime: 2022-04-15 12:06:24.659\r\nProcessGuid: {2d351099-43cd-5f5f-0e00-000000000400}\r\nProcessId: 876\r\nImage: C:\\windows\\system32\\svchost.exe\r\nTargetObject: \\REGISTRY\\A\\{880a2083-1f4b-4b97-aa60-39a324efa5ef}\\Events\\{9797a939-dfc0-4b16-98a2-39b59ccd20af}\\PackageFullName\r\nDetails: Microsoft.Windows.ContentDeliveryManager_10.0.18362.449_neutral_neutral_cw5n1h2txyewy"",""port"":60427,""UserID"":""S-1-5-18"",""UtcTime"":""2022-04-15 12:06:24.659"",""timestamp"":""2022-04-15T12:06:26.122Z"",""ThreadID"":4688,""Severity"":""INFO"",""EventTypeOrignal"":""INFO"",""EventType"":""SetValue"",""Channel"":""Microsoft-Windows-Sysmon/Operational"",""TargetObject"":""\\REGISTRY\\A\\{880a2083-1f4b-4b97-aa60-39a324efa5ef}\\Events\\{9797a939-dfc0-4b16-98a2-39b59ccd20af}\\PackageFullName"",""Details"":""Microsoft.Windows.ContentDeliveryManager_10.0.18362.449_neutral_neutral_cw5n1h2txyewy"",""Opcode"":""Info"",""EventReceivedTime"":""2022-04-15 08:06:26"",""@version"":""1"",""Task"":13,""SourceModuleType"":""im_msvistalog"",""RuleName"":""-"",""Hostname"":""James.browne"",""Keywords"":-9223372036854775808,""Version"":2,""ProcessGuid"":""{2d351099-43cd-5f5f-0e00-000000000400}""}",2022-04-15T08:06:22.000+0000,8,15,6,april,22,friday,2022,local,,SetValue,cybertees.net,cyber-host,windowslogs,1,60427,"{"""":"":\\\\\\."","""":"""","""":,"""":[""""],"""":,"""":""{----}"",""",Event_logs.json,_json,ip-10-10-40-195,,splunk,,2022-04-15T12:06:26.122Z,
1,,,,SYSTEM,User,,,,,,Registry value set (rule: RegistryEvent),Microsoft-Windows-Sysmon/Operational,,,,,,,,,,,,,,DWORD (0x00000604),,,,NT AUTHORITY,,,,,13,,2022-04-15 8:06:26,2022-04-15 8:06:24,INFO,3524,,,,,,,James.browne,C:\windows\system32\svchost.exe,,,,,,,,,-9223372036854775808,,,,,,,,,"Registry value set:
RuleName: -
EventType: SetValue
UtcTime: 2022-04-15 12:06:24.659
ProcessGuid: {2d351099-43cd-5f5f-0e00-000000000400}
ProcessId: 876
Image: C:\windows\system32\svchost.exe
TargetObject: \REGISTRY\A\{880a2083-1f4b-4b97-aa60-39a324efa5ef}\Events\{9797a939-dfc0-4b16-98a2-39b59ccd20af}\Flags
Details: DWORD (0x00000604)",,,,,,,,Info,0,,,,,,,,,,{2d351099-43cd-5f5f-0e00-000000000400},876,,,,{5770385F-C22A-43E0-BF4C-06F5698FFBD9},,,,425017,,,,,,,-,,INFO,2,,,,,,,,,,,,eventlog,im_msvistalog,Microsoft-Windows-Sysmon,,,,,,,,,,,,,,,,,\REGISTRY\A\{880a2083-1f4b-4b97-aa60-39a324efa5ef}\Events\{9797a939-dfc0-4b16-98a2-39b59ccd20af}\Flags,,,,,,,13,,,,4688,,,,,S-1-5-18,2022-04-15 12:06:25,2,,,"{""Image"":""C:\\windows\\system32\\svchost.exe"",""ProcessId"":""876"",""EventID"":13,""tags"":[""splunk""],""RecordNumber"":425017,""ProviderGuid"":""{5770385F-C22A-43E0-BF4C-06F5698FFBD9}"",""SourceName"":""Microsoft-Windows-Sysmon"",""OpcodeValue"":0,""EventTime"":""2022-04-15 08:06:24"",""AccountName"":""SYSTEM"",""host"":""cybertees.net"",""SeverityValue"":2,""ExecutionProcessID"":3524,""AccountType"":""User"",""Category"":""Registry value set (rule: RegistryEvent)"",""SourceModuleName"":""eventlog"",""Domain"":""NT AUTHORITY"",""Message"":""Registry value set:\r\nRuleName: -\r\nEventType: SetValue\r\nUtcTime: 2022-04-15 12:06:24.659\r\nProcessGuid: {2d351099-43cd-5f5f-0e00-000000000400}\r\nProcessId: 876\r\nImage: C:\\windows\\system32\\svchost.exe\r\nTargetObject: \\REGISTRY\\A\\{880a2083-1f4b-4b97-aa60-39a324efa5ef}\\Events\\{9797a939-dfc0-4b16-98a2-39b59ccd20af}\\Flags\r\nDetails: DWORD (0x00000604)"",""port"":60427,""UserID"":""S-1-5-18"",""UtcTime"":""2022-04-15 12:06:24.659"",""timestamp"":""2022-04-15T12:06:26.122Z"",""ThreadID"":4688,""Severity"":""INFO"",""EventTypeOrignal"":""INFO"",""EventType"":""SetValue"",""Channel"":""Microsoft-Windows-Sysmon/Operational"",""TargetObject"":""\\REGISTRY\\A\\{880a2083-1f4b-4b97-aa60-39a324efa5ef}\\Events\\{9797a939-dfc0-4b16-98a2-39b59ccd20af}\\Flags"",""Details"":""DWORD (0x00000604)"",""Opcode"":""Info"",""EventReceivedTime"":""2022-04-15 08:06:26"",""@version"":""1"",""Task"":13,""SourceModuleType"":""im_msvistalog"",""RuleName"":""-"",""Hostname"":""James.browne"",""Keywords"":-9223372036854775808,""Version"":2,""ProcessGuid"":""{2d351099-43cd-5f5f-0e00-000000000400}""}",2022-04-15T08:06:22.000+0000,8,15,6,april,22,friday,2022,local,,SetValue,cybertees.net,cyber-host,windowslogs,1,60427,"{"""":"":\\\\\\."","""":"""","""":,"""":[""""],"""":,"""":""{----}"",""",Event_logs.json,_json,ip-10-10-40-195,,splunk,,2022-04-15T12:06:26.122Z,
1,,,,SYSTEM,User,,,,,,Registry value set (rule: RegistryEvent),Microsoft-Windows-Sysmon/Operational,,,,,,,,,,,,,,Binary Data,,,,NT AUTHORITY,,,,,13,,2022-04-15 8:06:26,2022-04-15 8:06:24,INFO,3524,,,,,,,James.browne,C:\windows\system32\svchost.exe,,,,,,,,,-9223372036854775808,,,,,,,,,"Registry value set:
RuleName: -
EventType: SetValue
UtcTime: 2022-04-15 12:06:24.659
ProcessGuid: {2d351099-43cd-5f5f-0e00-000000000400}
ProcessId: 876
Image: C:\windows\system32\svchost.exe
TargetObject: \REGISTRY\A\{880a2083-1f4b-4b97-aa60-39a324efa5ef}\Events\{9797a939-dfc0-4b16-98a2-39b59ccd20af}\EventParameters
Details: Binary Data",,,,,,,,Info,0,,,,,,,,,,{2d351099-43cd-5f5f-0e00-000000000400},876,,,,{5770385F-C22A-43E0-BF4C-06F5698FFBD9},,,,425016,,,,,,,-,,INFO,2,,,,,,,,,,,,eventlog,im_msvistalog,Microsoft-Windows-Sysmon,,,,,,,,,,,,,,,,,\REGISTRY\A\{880a2083-1f4b-4b97-aa60-39a324efa5ef}\Events\{9797a939-dfc0-4b16-98a2-39b59ccd20af}\EventParameters,,,,,,,13,,,,4688,,,,,S-1-5-18,2022-04-15 12:06:25,2,,,"{""Image"":""C:\\windows\\system32\\svchost.exe"",""ProcessId"":""876"",""EventID"":13,""tags"":[""splunk""],""RecordNumber"":425016,""ProviderGuid"":""{5770385F-C22A-43E0-BF4C-06F5698FFBD9}"",""SourceName"":""Microsoft-Windows-Sysmon"",""OpcodeValue"":0,""EventTime"":""2022-04-15 08:06:24"",""AccountName"":""SYSTEM"",""host"":""cybertees.net"",""SeverityValue"":2,""ExecutionProcessID"":3524,""AccountType"":""User"",""Category"":""Registry value set (rule: RegistryEvent)"",""SourceModuleName"":""eventlog"",""Domain"":""NT AUTHORITY"",""Message"":""Registry value set:\r\nRuleName: -\r\nEventType: SetValue\r\nUtcTime: 2022-04-15 12:06:24.659\r\nProcessGuid: {2d351099-43cd-5f5f-0e00-000000000400}\r\nProcessId: 876\r\nImage: C:\\windows\\system32\\svchost.exe\r\nTargetObject: \\REGISTRY\\A\\{880a2083-1f4b-4b97-aa60-39a324efa5ef}\\Events\\{9797a939-dfc0-4b16-98a2-39b59ccd20af}\\EventParameters\r\nDetails: Binary Data"",""port"":60427,""UserID"":""S-1-5-18"",""UtcTime"":""2022-04-15 12:06:24.659"",""timestamp"":""2022-04-15T12:06:26.121Z"",""ThreadID"":4688,""Severity"":""INFO"",""EventTypeOrignal"":""INFO"",""EventType"":""SetValue"",""Channel"":""Microsoft-Windows-Sysmon/Operational"",""TargetObject"":""\\REGISTRY\\A\\{880a2083-1f4b-4b97-aa60-39a324efa5ef}\\Events\\{9797a939-dfc0-4b16-98a2-39b59ccd20af}\\EventParameters"",""Details"":""Binary Data"",""Opcode"":""Info"",""EventReceivedTime"":""2022-04-15 08:06:26"",""@version"":""1"",""Task"":13,""SourceModuleType"":""im_msvistalog"",""RuleName"":""-"",""Hostname"":""James.browne"",""Keywords"":-9223372036854775808,""Version"":2,""ProcessGuid"":""{2d351099-43cd-5f5f-0e00-000000000400}""}",2022-04-15T08:06:22.000+0000,8,15,6,april,22,friday,2022,local,,SetValue,cybertees.net,cyber-host,windowslogs,1,60427,"{"""":"":\\\\\\."","""":"""","""":,"""":[""""],"""":,"""":""{----}"",""",Event_logs.json,_json,ip-10-10-40-195,,splunk,,2022-04-15T12:06:26.121Z,
1,,,,SYSTEM,User,,,,,,Registry value set (rule: RegistryEvent),Microsoft-Windows-Sysmon/Operational,,,,,,,,,,,,,,{b5ccd5ef-4238-440b-bba0-999f828f1cfe},,,,NT AUTHORITY,,,,,13,,2022-04-15 8:06:26,2022-04-15 8:06:24,INFO,3524,,,,,,,James.browne,C:\windows\system32\svchost.exe,,,,,,,,,-9223372036854775808,,,,,,,,,"Registry value set:
RuleName: -
EventType: SetValue
UtcTime: 2022-04-15 12:06:24.659
ProcessGuid: {2d351099-43cd-5f5f-0e00-000000000400}
ProcessId: 876
Image: C:\windows\system32\svchost.exe
TargetObject: \REGISTRY\A\{880a2083-1f4b-4b97-aa60-39a324efa5ef}\Events\{9797a939-dfc0-4b16-98a2-39b59ccd20af}\BrokerId
Details: {b5ccd5ef-4238-440b-bba0-999f828f1cfe}",,,,,,,,Info,0,,,,,,,,,,{2d351099-43cd-5f5f-0e00-000000000400},876,,,,{5770385F-C22A-43E0-BF4C-06F5698FFBD9},,,,425015,,,,,,,-,,INFO,2,,,,,,,,,,,,eventlog,im_msvistalog,Microsoft-Windows-Sysmon,,,,,,,,,,,,,,,,,\REGISTRY\A\{880a2083-1f4b-4b97-aa60-39a324efa5ef}\Events\{9797a939-dfc0-4b16-98a2-39b59ccd20af}\BrokerId,,,,,,,13,,,,4688,,,,,S-1-5-18,2022-04-15 12:06:25,2,,,"{""Image"":""C:\\windows\\system32\\svchost.exe"",""ProcessId"":""876"",""EventID"":13,""tags"":[""splunk""],""RecordNumber"":425015,""ProviderGuid"":""{5770385F-C22A-43E0-BF4C-06F5698FFBD9}"",""SourceName"":""Microsoft-Windows-Sysmon"",""OpcodeValue"":0,""EventTime"":""2022-04-15 08:06:24"",""AccountName"":""SYSTEM"",""host"":""cybertees.net"",""SeverityValue"":2,""ExecutionProcessID"":3524,""AccountType"":""User"",""Category"":""Registry value set (rule: RegistryEvent)"",""SourceModuleName"":""eventlog"",""Domain"":""NT AUTHORITY"",""Message"":""Registry value set:\r\nRuleName: -\r\nEventType: SetValue\r\nUtcTime: 2022-04-15 12:06:24.659\r\nProcessGuid: {2d351099-43cd-5f5f-0e00-000000000400}\r\nProcessId: 876\r\nImage: C:\\windows\\system32\\svchost.exe\r\nTargetObject: \\REGISTRY\\A\\{880a2083-1f4b-4b97-aa60-39a324efa5ef}\\Events\\{9797a939-dfc0-4b16-98a2-39b59ccd20af}\\BrokerId\r\nDetails: {b5ccd5ef-4238-440b-bba0-999f828f1cfe}"",""port"":60427,""UserID"":""S-1-5-18"",""UtcTime"":""2022-04-15 12:06:24.659"",""timestamp"":""2022-04-15T12:06:26.121Z"",""ThreadID"":4688,""Severity"":""INFO"",""EventTypeOrignal"":""INFO"",""EventType"":""SetValue"",""Channel"":""Microsoft-Windows-Sysmon/Operational"",""TargetObject"":""\\REGISTRY\\A\\{880a2083-1f4b-4b97-aa60-39a324efa5ef}\\Events\\{9797a939-dfc0-4b16-98a2-39b59ccd20af}\\BrokerId"",""Details"":""{b5ccd5ef-4238-440b-bba0-999f828f1cfe}"",""Opcode"":""Info"",""EventReceivedTime"":""2022-04-15 08:06:26"",""@version"":""1"",""Task"":13,""SourceModuleType"":""im_msvistalog"",""RuleName"":""-"",""Hostname"":""James.browne"",""Keywords"":-9223372036854775808,""Version"":2,""ProcessGuid"":""{2d351099-43cd-5f5f-0e00-000000000400}""}",2022-04-15T08:06:22.000+0000,8,15,6,april,22,friday,2022,local,,SetValue,cybertees.net,cyber-host,windowslogs,1,60427,"{"""":"":\\\\\\."","""":"""","""":,"""":[""""],"""":,"""":""{----}"",""",Event_logs.json,_json,ip-10-10-40-195,,splunk,,2022-04-15T12:06:26.121Z,
1,,,,SYSTEM,User,,,,,,Registry object added or deleted (rule: RegistryEvent),Microsoft-Windows-Sysmon/Operational,,,,,,,,,,,,,,,,,,NT AUTHORITY,,,,,12,,2022-04-15 8:06:26,2022-04-15 8:06:24,INFO,3524,,,,,,,James.browne,C:\windows\system32\svchost.exe,,,,,,,,,-9223372036854775808,,,,,,,,,"Registry object added or deleted:
RuleName: -
EventType: CreateKey
UtcTime: 2022-04-15 12:06:24.659
ProcessGuid: {2d351099-43cd-5f5f-0e00-000000000400}
ProcessId: 876
Image: C:\windows\system32\svchost.exe
TargetObject: \REGISTRY\A\{880a2083-1f4b-4b97-aa60-39a324efa5ef}\Events\{9797a939-dfc0-4b16-98a2-39b59ccd20af}",,,,,,,,Info,0,,,,,,,,,,{2d351099-43cd-5f5f-0e00-000000000400},876,,,,{5770385F-C22A-43E0-BF4C-06F5698FFBD9},,,,425014,,,,,,,-,,INFO,2,,,,,,,,,,,,eventlog,im_msvistalog,Microsoft-Windows-Sysmon,,,,,,,,,,,,,,,,,\REGISTRY\A\{880a2083-1f4b-4b97-aa60-39a324efa5ef}\Events\{9797a939-dfc0-4b16-98a2-39b59ccd20af},,,,,,,12,,,,4688,,,,,S-1-5-18,2022-04-15 12:06:25,2,,,"{""Image"":""C:\\windows\\system32\\svchost.exe"",""ProcessId"":""876"",""EventID"":12,""tags"":[""splunk""],""RecordNumber"":425014,""ProviderGuid"":""{5770385F-C22A-43E0-BF4C-06F5698FFBD9}"",""SourceName"":""Microsoft-Windows-Sysmon"",""OpcodeValue"":0,""EventTime"":""2022-04-15 08:06:24"",""AccountName"":""SYSTEM"",""host"":""cybertees.net"",""SeverityValue"":2,""ExecutionProcessID"":3524,""AccountType"":""User"",""Category"":""Registry object added or deleted (rule: RegistryEvent)"",""SourceModuleName"":""eventlog"",""Domain"":""NT AUTHORITY"",""Message"":""Registry object added or deleted:\r\nRuleName: -\r\nEventType: CreateKey\r\nUtcTime: 2022-04-15 12:06:24.659\r\nProcessGuid: {2d351099-43cd-5f5f-0e00-000000000400}\r\nProcessId: 876\r\nImage: C:\\windows\\system32\\svchost.exe\r\nTargetObject: \\REGISTRY\\A\\{880a2083-1f4b-4b97-aa60-39a324efa5ef}\\Events\\{9797a939-dfc0-4b16-98a2-39b59ccd20af}"",""port"":60427,""UserID"":""S-1-5-18"",""UtcTime"":""2022-04-15 12:06:24.659"",""timestamp"":""2022-04-15T12:06:26.120Z"",""ThreadID"":4688,""Severity"":""INFO"",""EventTypeOrignal"":""INFO"",""EventType"":""CreateKey"",""Channel"":""Microsoft-Windows-Sysmon/Operational"",""TargetObject"":""\\REGISTRY\\A\\{880a2083-1f4b-4b97-aa60-39a324efa5ef}\\Events\\{9797a939-dfc0-4b16-98a2-39b59ccd20af}"",""Opcode"":""Info"",""EventReceivedTime"":""2022-04-15 08:06:26"",""@version"":""1"",""Task"":12,""SourceModuleType"":""im_msvistalog"",""RuleName"":""-"",""Hostname"":""James.browne"",""Keywords"":-9223372036854775808,""Version"":2,""ProcessGuid"":""{2d351099-43cd-5f5f-0e00-000000000400}""}",2022-04-15T08:06:22.000+0000,8,15,6,april,22,friday,2022,local,,CreateKey,cybertees.net,cyber-host,windowslogs,1,60427,"{"""":"":\\\\\\."","""":"""","""":,"""":[""""],"""":,"""":""{----}"",""",Event_logs.json,_json,ip-10-10-40-195,,splunk,,2022-04-15T12:06:26.120Z,
