1,,,,SYSTEM,User,,,,,,Registry object added or deleted (rule: RegistryEvent),Microsoft-Windows-Sysmon/Operational,,,,,,,,,,,,,,,,,,NT AUTHORITY,,,,,12,,2022-04-15 8:06:06,2022-04-15 8:06:06,INFO,3524,,,,,,,James.browne,C:\windows\system32\svchost.exe,,,,,,,,,-9223372036854775808,,,,,,,,,"Registry object added or deleted:
RuleName: -
EventType: CreateKey
UtcTime: 2022-04-15 12:06:06.222
ProcessGuid: {2d351099-5cae-5f5f-3204-000000000400}
ProcessId: 2116
Image: C:\windows\system32\svchost.exe
TargetObject: HKLM\SOFTWARE\Microsoft\Windows\CurrentVersion\Group Policy\DataStore\S-1-5-21-4020993649-1037605423-417876593-500",,,,,,,,Info,0,,,,,,,,,,{2d351099-5cae-5f5f-3204-000000000400},2116,,,,{5770385F-C22A-43E0-BF4C-06F5698FFBD9},,,,423588,,,,,,,-,,INFO,2,,,,,,,,,,,,eventlog,im_msvistalog,Microsoft-Windows-Sysmon,,,,,,,,,,,,,,,,,HKLM\SOFTWARE\Microsoft\Windows\CurrentVersion\Group Policy\DataStore\S-1-5-21-4020993649-1037605423-417876593-500,,,,,,,12,,,,4688,,,,,S-1-5-18,2022-04-15 12:06:06,2,,,"{""Image"":""C:\\windows\\system32\\svchost.exe"",""ProcessId"":""2116"",""EventID"":12,""tags"":[""splunk""],""RecordNumber"":423588,""ProviderGuid"":""{5770385F-C22A-43E0-BF4C-06F5698FFBD9}"",""SourceName"":""Microsoft-Windows-Sysmon"",""OpcodeValue"":0,""EventTime"":""2022-04-15 08:06:06"",""AccountName"":""SYSTEM"",""host"":""cybertees.net"",""SeverityValue"":2,""ExecutionProcessID"":3524,""AccountType"":""User"",""Category"":""Registry object added or deleted (rule: RegistryEvent)"",""SourceModuleName"":""eventlog"",""Domain"":""NT AUTHORITY"",""Message"":""Registry object added or deleted:\r\nRuleName: -\r\nEventType: CreateKey\r\nUtcTime: 2022-04-15 12:06:06.222\r\nProcessGuid: {2d351099-5cae-5f5f-3204-000000000400}\r\nProcessId: 2116\r\nImage: C:\\windows\\system32\\svchost.exe\r\nTargetObject: HKLM\\SOFTWARE\\Microsoft\\Windows\\CurrentVersion\\Group Policy\\DataStore\\S-1-5-21-4020993649-1037605423-417876593-500"",""port"":60427,""UserID"":""S-1-5-18"",""UtcTime"":""2022-04-15 12:06:06.222"",""timestamp"":""2022-04-15T12:06:07.026Z"",""ThreadID"":4688,""Severity"":""INFO"",""EventTypeOrignal"":""INFO"",""EventType"":""CreateKey"",""Channel"":""Microsoft-Windows-Sysmon/Operational"",""TargetObject"":""HKLM\\SOFTWARE\\Microsoft\\Windows\\CurrentVersion\\Group Policy\\DataStore\\S-1-5-21-4020993649-1037605423-417876593-500"",""Opcode"":""Info"",""EventReceivedTime"":""2022-04-15 08:06:06"",""@version"":""1"",""Task"":12,""SourceModuleType"":""im_msvistalog"",""RuleName"":""-"",""Hostname"":""James.browne"",""Keywords"":-9223372036854775808,""Version"":2,""ProcessGuid"":""{2d351099-5cae-5f5f-3204-000000000400}""}",2022-04-15T08:06:02.000+0000,8,15,6,april,2,friday,2022,local,,CreateKey,cybertees.net,cyber-host,windowslogs,1,60427,"{"""":"":\\\\\\."","""":"""","""":,"""":[""""],"""":,"""":""{----}"",""",Event_logs.json,_json,ip-10-10-40-195,,splunk,,2022-04-15T12:06:07.026Z,
1,,,,SYSTEM,User,,,,,,Image loaded (rule: ImageLoad),Microsoft-Windows-Sysmon/Operational,,Microsoft Corporation,,,,Group Policy Client,,,,,,,,,,,,NT AUTHORITY,,,,,7,,2022-04-15 8:06:06,2022-04-15 8:06:06,,3524,10.0.18362.900 (WinBuild.160101.0800),,,,,"SHA1=3869BC409780C9E6D9C7E1392F9A65937EB1D5FC,MD5=C9F5D18D3D876841D50485BCB4038FB7,SHA256=02871E2AB0600268956B1712BB83505E5A89B6F8DF28EDE905FA1FADE193686F,IMPHASH=017D93707DB255778CA0FF39263685FA",James.browne,C:\Windows\System32\svchost.exe,C:\Windows\System32\gpsvc.dll,,,,,,,,-9223372036854775808,,,,,,,,,"Image loaded:
RuleName: -
UtcTime: 2022-04-15 12:06:06.175
ProcessGuid: {2d351099-5cae-5f5f-3204-000000000400}
ProcessId: 2116
Image: C:\Windows\System32\svchost.exe
ImageLoaded: C:\Windows\System32\gpsvc.dll
FileVersion: 10.0.18362.900 (WinBuild.160101.0800)
Description: Group Policy Client
Product: Microsoft® Windows® Operating System
Company: Microsoft Corporation
OriginalFileName: gpsvc.dll
Hashes: SHA1=3869BC409780C9E6D9C7E1392F9A65937EB1D5FC,MD5=C9F5D18D3D876841D50485BCB4038FB7,SHA256=02871E2AB0600268956B1712BB83505E5A89B6F8DF28EDE905FA1FADE193686F,IMPHASH=017D93707DB255778CA0FF39263685FA
Signed: true
Signature: Microsoft Windows
SignatureStatus: Valid",,,,,,,,Info,0,gpsvc.dll,,,,,,,,,{2d351099-5cae-5f5f-3204-000000000400},2116,,Microsoft® Windows® Operating System,,{5770385F-C22A-43E0-BF4C-06F5698FFBD9},,,,423587,,,,,,,-,,INFO,2,,,Microsoft Windows,Valid,TRUE,,,,,,,eventlog,im_msvistalog,Microsoft-Windows-Sysmon,,,,,,,,,,,,,,,,,,,,,,,,7,,,,4700,,,,,S-1-5-18,2022-04-15 12:06:06,3,,,"{""EventID"":7,""RecordNumber"":423587,""ProviderGuid"":""{5770385F-C22A-43E0-BF4C-06F5698FFBD9}"",""SourceName"":""Microsoft-Windows-Sysmon"",""OpcodeValue"":0,""AccountName"":""SYSTEM"",""SignatureStatus"":""Valid"",""SourceModuleName"":""eventlog"",""ExecutionProcessID"":3524,""AccountType"":""User"",""Category"":""Image loaded (rule: ImageLoad)"",""Domain"":""NT AUTHORITY"",""port"":60427,""Company"":""Microsoft Corporation"",""ThreadID"":4700,""Severity"":""INFO"",""EventType"":""INFO"",""Signed"":""true"",""Channel"":""Microsoft-Windows-Sysmon/Operational"",""Opcode"":""Info"",""EventReceivedTime"":""2022-04-15 08:06:06"",""ImageLoaded"":""C:\\Windows\\System32\\gpsvc.dll"",""Task"":7,""RuleName"":""-"",""Keywords"":-9223372036854775808,""Version"":3,""ProcessId"":""2116"",""Image"":""C:\\Windows\\System32\\svchost.exe"",""Product"":""Microsoft® Windows® Operating System"",""tags"":[""splunk""],""EventTime"":""2022-04-15 08:06:06"",""host"":""cybertees.net"",""SeverityValue"":2,""Message"":""Image loaded:\r\nRuleName: -\r\nUtcTime: 2022-04-15 12:06:06.175\r\nProcessGuid: {2d351099-5cae-5f5f-3204-000000000400}\r\nProcessId: 2116\r\nImage: C:\\Windows\\System32\\svchost.exe\r\nImageLoaded: C:\\Windows\\System32\\gpsvc.dll\r\nFileVersion: 10.0.18362.900 (WinBuild.160101.0800)\r\nDescription: Group Policy Client\r\nProduct: Microsoft® Windows® Operating System\r\nCompany: Microsoft Corporation\r\nOriginalFileName: gpsvc.dll\r\nHashes: SHA1=3869BC409780C9E6D9C7E1392F9A65937EB1D5FC,MD5=C9F5D18D3D876841D50485BCB4038FB7,SHA256=02871E2AB0600268956B1712BB83505E5A89B6F8DF28EDE905FA1FADE193686F,IMPHASH=017D93707DB255778CA0FF39263685FA\r\nSigned: true\r\nSignature: Microsoft Windows\r\nSignatureStatus: Valid"",""UtcTime"":""2022-04-15 12:06:06.175"",""UserID"":""S-1-5-18"",""FileVersion"":""10.0.18362.900 (WinBuild.160101.0800)"",""Description"":""Group Policy Client"",""OriginalFileName"":""gpsvc.dll"",""timestamp"":""2022-04-15T12:06:07.025Z"",""Hashes"":""SHA1=3869BC409780C9E6D9C7E1392F9A65937EB1D5FC,MD5=C9F5D18D3D876841D50485BCB4038FB7,SHA256=02871E2AB0600268956B1712BB83505E5A89B6F8DF28EDE905FA1FADE193686F,IMPHASH=017D93707DB255778CA0FF39263685FA"",""Signature"":""Microsoft Windows"",""@version"":""1"",""SourceModuleType"":""im_msvistalog"",""Hostname"":""James.browne"",""ProcessGuid"":""{2d351099-5cae-5f5f-3204-000000000400}""}",2022-04-15T08:06:02.000+0000,8,15,6,april,2,friday,2022,local,,INFO,cybertees.net,cyber-host,windowslogs,1,60427,"{"""":,"""":,"""":""{----}"","""":""--"","""":,"""":"""","""":"""","""":""""",Event_logs.json,_json,ip-10-10-40-195,,splunk,,2022-04-15T12:06:07.025Z,
1,,,,SYSTEM,User,,,,,,Registry object added or deleted (rule: RegistryEvent),Microsoft-Windows-Sysmon/Operational,,,,,,,,,,,,,,,,,,NT AUTHORITY,,,,,12,,2022-04-15 8:06:06,2022-04-15 8:06:06,INFO,3524,,,,,,,James.browne,C:\windows\system32\svchost.exe,,,,,,,,,-9223372036854775808,,,,,,,,,"Registry object added or deleted:
RuleName: -
EventType: CreateKey
UtcTime: 2022-04-15 12:06:06.206
ProcessGuid: {2d351099-5cae-5f5f-3204-000000000400}
ProcessId: 2116
Image: C:\windows\system32\svchost.exe
TargetObject: HKLM\SOFTWARE\Microsoft\Windows\CurrentVersion\Group Policy\DataStore\S-1-5-21-4020993649-1037605423-417876593-1104",,,,,,,,Info,0,,,,,,,,,,{2d351099-5cae-5f5f-3204-000000000400},2116,,,,{5770385F-C22A-43E0-BF4C-06F5698FFBD9},,,,423586,,,,,,,-,,INFO,2,,,,,,,,,,,,eventlog,im_msvistalog,Microsoft-Windows-Sysmon,,,,,,,,,,,,,,,,,HKLM\SOFTWARE\Microsoft\Windows\CurrentVersion\Group Policy\DataStore\S-1-5-21-4020993649-1037605423-417876593-1104,,,,,,,12,,,,4688,,,,,S-1-5-18,2022-04-15 12:06:06,2,,,"{""Image"":""C:\\windows\\system32\\svchost.exe"",""ProcessId"":""2116"",""EventID"":12,""tags"":[""splunk""],""RecordNumber"":423586,""ProviderGuid"":""{5770385F-C22A-43E0-BF4C-06F5698FFBD9}"",""SourceName"":""Microsoft-Windows-Sysmon"",""OpcodeValue"":0,""EventTime"":""2022-04-15 08:06:06"",""AccountName"":""SYSTEM"",""host"":""cybertees.net"",""SeverityValue"":2,""ExecutionProcessID"":3524,""AccountType"":""User"",""Category"":""Registry object added or deleted (rule: RegistryEvent)"",""SourceModuleName"":""eventlog"",""Domain"":""NT AUTHORITY"",""Message"":""Registry object added or deleted:\r\nRuleName: -\r\nEventType: CreateKey\r\nUtcTime: 2022-04-15 12:06:06.206\r\nProcessGuid: {2d351099-5cae-5f5f-3204-000000000400}\r\nProcessId: 2116\r\nImage: C:\\windows\\system32\\svchost.exe\r\nTargetObject: HKLM\\SOFTWARE\\Microsoft\\Windows\\CurrentVersion\\Group Policy\\DataStore\\S-1-5-21-4020993649-1037605423-417876593-1104"",""port"":60427,""UserID"":""S-1-5-18"",""UtcTime"":""2022-04-15 12:06:06.206"",""timestamp"":""2022-04-15T12:06:07.025Z"",""ThreadID"":4688,""Severity"":""INFO"",""EventTypeOrignal"":""INFO"",""EventType"":""CreateKey"",""Channel"":""Microsoft-Windows-Sysmon/Operational"",""TargetObject"":""HKLM\\SOFTWARE\\Microsoft\\Windows\\CurrentVersion\\Group Policy\\DataStore\\S-1-5-21-4020993649-1037605423-417876593-1104"",""Opcode"":""Info"",""EventReceivedTime"":""2022-04-15 08:06:06"",""@version"":""1"",""Task"":12,""SourceModuleType"":""im_msvistalog"",""RuleName"":""-"",""Hostname"":""James.browne"",""Keywords"":-9223372036854775808,""Version"":2,""ProcessGuid"":""{2d351099-5cae-5f5f-3204-000000000400}""}",2022-04-15T08:06:02.000+0000,8,15,6,april,2,friday,2022,local,,CreateKey,cybertees.net,cyber-host,windowslogs,1,60427,"{"""":"":\\\\\\."","""":"""","""":,"""":[""""],"""":,"""":""{----}"",""",Event_logs.json,_json,ip-10-10-40-195,,splunk,,2022-04-15T12:06:07.025Z,
1,,,,SYSTEM,User,,,,,,Registry object added or deleted (rule: RegistryEvent),Microsoft-Windows-Sysmon/Operational,,,,,,,,,,,,,,,,,,NT AUTHORITY,,,,,12,,2022-04-15 8:06:06,2022-04-15 8:06:06,INFO,3524,,,,,,,James.browne,C:\windows\system32\svchost.exe,,,,,,,,,-9223372036854775808,,,,,,,,,"Registry object added or deleted:
RuleName: -
EventType: CreateKey
UtcTime: 2022-04-15 12:06:06.206
ProcessGuid: {2d351099-5cae-5f5f-3204-000000000400}
ProcessId: 2116
Image: C:\windows\system32\svchost.exe
TargetObject: HKLM\SOFTWARE\Microsoft\Windows\CurrentVersion\Group Policy\DataStore\S-1-5-21-4020993649-1037605423-417876593-1104",,,,,,,,Info,0,,,,,,,,,,{2d351099-5cae-5f5f-3204-000000000400},2116,,,,{5770385F-C22A-43E0-BF4C-06F5698FFBD9},,,,423585,,,,,,,-,,INFO,2,,,,,,,,,,,,eventlog,im_msvistalog,Microsoft-Windows-Sysmon,,,,,,,,,,,,,,,,,HKLM\SOFTWARE\Microsoft\Windows\CurrentVersion\Group Policy\DataStore\S-1-5-21-4020993649-1037605423-417876593-1104,,,,,,,12,,,,4688,,,,,S-1-5-18,2022-04-15 12:06:06,2,,,"{""Image"":""C:\\windows\\system32\\svchost.exe"",""ProcessId"":""2116"",""EventID"":12,""tags"":[""splunk""],""RecordNumber"":423585,""ProviderGuid"":""{5770385F-C22A-43E0-BF4C-06F5698FFBD9}"",""SourceName"":""Microsoft-Windows-Sysmon"",""OpcodeValue"":0,""EventTime"":""2022-04-15 08:06:06"",""AccountName"":""SYSTEM"",""host"":""cybertees.net"",""SeverityValue"":2,""ExecutionProcessID"":3524,""AccountType"":""User"",""Category"":""Registry object added or deleted (rule: RegistryEvent)"",""SourceModuleName"":""eventlog"",""Domain"":""NT AUTHORITY"",""Message"":""Registry object added or deleted:\r\nRuleName: -\r\nEventType: CreateKey\r\nUtcTime: 2022-04-15 12:06:06.206\r\nProcessGuid: {2d351099-5cae-5f5f-3204-000000000400}\r\nProcessId: 2116\r\nImage: C:\\windows\\system32\\svchost.exe\r\nTargetObject: HKLM\\SOFTWARE\\Microsoft\\Windows\\CurrentVersion\\Group Policy\\DataStore\\S-1-5-21-4020993649-1037605423-417876593-1104"",""port"":60427,""UserID"":""S-1-5-18"",""UtcTime"":""2022-04-15 12:06:06.206"",""timestamp"":""2022-04-15T12:06:07.025Z"",""ThreadID"":4688,""Severity"":""INFO"",""EventTypeOrignal"":""INFO"",""EventType"":""CreateKey"",""Channel"":""Microsoft-Windows-Sysmon/Operational"",""TargetObject"":""HKLM\\SOFTWARE\\Microsoft\\Windows\\CurrentVersion\\Group Policy\\DataStore\\S-1-5-21-4020993649-1037605423-417876593-1104"",""Opcode"":""Info"",""EventReceivedTime"":""2022-04-15 08:06:06"",""@version"":""1"",""Task"":12,""SourceModuleType"":""im_msvistalog"",""RuleName"":""-"",""Hostname"":""James.browne"",""Keywords"":-9223372036854775808,""Version"":2,""ProcessGuid"":""{2d351099-5cae-5f5f-3204-000000000400}""}",2022-04-15T08:06:02.000+0000,8,15,6,april,2,friday,2022,local,,CreateKey,cybertees.net,cyber-host,windowslogs,1,60427,"{"""":"":\\\\\\."","""":"""","""":,"""":[""""],"""":,"""":""{----}"",""",Event_logs.json,_json,ip-10-10-40-195,,splunk,,2022-04-15T12:06:07.025Z,
1,,,,SYSTEM,User,,,,,,Registry object added or deleted (rule: RegistryEvent),Microsoft-Windows-Sysmon/Operational,,,,,,,,,,,,,,,,,,NT AUTHORITY,,,,,12,,2022-04-15 8:06:06,2022-04-15 8:06:06,INFO,3524,,,,,,,James.browne,C:\windows\system32\svchost.exe,,,,,,,,,-9223372036854775808,,,,,,,,,"Registry object added or deleted:
RuleName: -
EventType: CreateKey
UtcTime: 2022-04-15 12:06:06.206
ProcessGuid: {2d351099-5cae-5f5f-3204-000000000400}
ProcessId: 2116
Image: C:\windows\system32\svchost.exe
TargetObject: HKLM\SOFTWARE\Microsoft\Windows\CurrentVersion\Group Policy\ServiceInstances",,,,,,,,Info,0,,,,,,,,,,{2d351099-5cae-5f5f-3204-000000000400},2116,,,,{5770385F-C22A-43E0-BF4C-06F5698FFBD9},,,,423584,,,,,,,-,,INFO,2,,,,,,,,,,,,eventlog,im_msvistalog,Microsoft-Windows-Sysmon,,,,,,,,,,,,,,,,,HKLM\SOFTWARE\Microsoft\Windows\CurrentVersion\Group Policy\ServiceInstances,,,,,,,12,,,,4688,,,,,S-1-5-18,2022-04-15 12:06:06,2,,,"{""Image"":""C:\\windows\\system32\\svchost.exe"",""ProcessId"":""2116"",""EventID"":12,""tags"":[""splunk""],""RecordNumber"":423584,""ProviderGuid"":""{5770385F-C22A-43E0-BF4C-06F5698FFBD9}"",""SourceName"":""Microsoft-Windows-Sysmon"",""OpcodeValue"":0,""EventTime"":""2022-04-15 08:06:06"",""AccountName"":""SYSTEM"",""host"":""cybertees.net"",""SeverityValue"":2,""ExecutionProcessID"":3524,""AccountType"":""User"",""Category"":""Registry object added or deleted (rule: RegistryEvent)"",""SourceModuleName"":""eventlog"",""Domain"":""NT AUTHORITY"",""Message"":""Registry object added or deleted:\r\nRuleName: -\r\nEventType: CreateKey\r\nUtcTime: 2022-04-15 12:06:06.206\r\nProcessGuid: {2d351099-5cae-5f5f-3204-000000000400}\r\nProcessId: 2116\r\nImage: C:\\windows\\system32\\svchost.exe\r\nTargetObject: HKLM\\SOFTWARE\\Microsoft\\Windows\\CurrentVersion\\Group Policy\\ServiceInstances"",""port"":60427,""UserID"":""S-1-5-18"",""UtcTime"":""2022-04-15 12:06:06.206"",""timestamp"":""2022-04-15T12:06:07.025Z"",""ThreadID"":4688,""Severity"":""INFO"",""EventTypeOrignal"":""INFO"",""EventType"":""CreateKey"",""Channel"":""Microsoft-Windows-Sysmon/Operational"",""TargetObject"":""HKLM\\SOFTWARE\\Microsoft\\Windows\\CurrentVersion\\Group Policy\\ServiceInstances"",""Opcode"":""Info"",""EventReceivedTime"":""2022-04-15 08:06:06"",""@version"":""1"",""Task"":12,""SourceModuleType"":""im_msvistalog"",""RuleName"":""-"",""Hostname"":""James.browne"",""Keywords"":-9223372036854775808,""Version"":2,""ProcessGuid"":""{2d351099-5cae-5f5f-3204-000000000400}""}",2022-04-15T08:06:02.000+0000,8,15,6,april,2,friday,2022,local,,CreateKey,cybertees.net,cyber-host,windowslogs,1,60427,"{"""":"":\\\\\\."","""":"""","""":,"""":[""""],"""":,"""":""{----}"",""",Event_logs.json,_json,ip-10-10-40-195,,splunk,,2022-04-15T12:06:07.025Z,
1,,,,SYSTEM,User,,,,,C:\windows\SYSTEM32\ntdll.dll+9c534|C:\windows\system32\lsasrv.dll+179a6|C:\windows\system32\lsasrv.dll+1852f|C:\windows\system32\lsasrv.dll+17814|C:\windows\SYSTEM32\SspiSrv.dll+1a72|C:\windows\System32\RPCRT4.dll+76a53|C:\windows\System32\RPCRT4.dll+da036|C:\windows\System32\RPCRT4.dll+37b1c|C:\windows\System32\RPCRT4.dll+54998|C:\windows\System32\RPCRT4.dll+2c951|C:\windows\System32\RPCRT4.dll+2c20b|C:\windows\System32\RPCRT4.dll+1a86f|C:\windows\System32\RPCRT4.dll+19d1a|C:\windows\System32\RPCRT4.dll+19301|C:\windows\System32\RPCRT4.dll+18d6e|C:\windows\System32\RPCRT4.dll+169a5|C:\windows\SYSTEM32\ntdll.dll+333ed|C:\windows\SYSTEM32\ntdll.dll+34142|C:\windows\System32\KERNEL32.DLL+17bd4|C:\windows\SYSTEM32\ntdll.dll+6ce51,Process accessed (rule: ProcessAccess),Microsoft-Windows-Sysmon/Operational,,,,,,,,,,,,,,,,,,NT AUTHORITY,,,,,10,,2022-04-15 8:06:06,2022-04-15 8:06:06,,3524,,,0x1478,,,,James.browne,,,,,,,,,,-9223372036854775808,,,,,,,,,"Process accessed:
RuleName: -
UtcTime: 2022-04-15 12:06:06.206
SourceProcessGUID: {2d351099-43cc-5f5f-0c00-000000000400}
SourceProcessId: 740
SourceThreadId: 2744
SourceImage: C:\windows\system32\lsass.exe
TargetProcessGUID: {2d351099-5cae-5f5f-3204-000000000400}
TargetProcessId: 2116
TargetImage: C:\windows\system32\svchost.exe
GrantedAccess: 0x1478
CallTrace: C:\windows\SYSTEM32\ntdll.dll+9c534|C:\windows\system32\lsasrv.dll+179a6|C:\windows\system32\lsasrv.dll+1852f|C:\windows\system32\lsasrv.dll+17814|C:\windows\SYSTEM32\SspiSrv.dll+1a72|C:\windows\System32\RPCRT4.dll+76a53|C:\windows\System32\RPCRT4.dll+da036|C:\windows\System32\RPCRT4.dll+37b1c|C:\windows\System32\RPCRT4.dll+54998|C:\windows\System32\RPCRT4.dll+2c951|C:\windows\System32\RPCRT4.dll+2c20b|C:\windows\System32\RPCRT4.dll+1a86f|C:\windows\System32\RPCRT4.dll+19d1a|C:\windows\System32\RPCRT4.dll+19301|C:\windows\System32\RPCRT4.dll+18d6e|C:\windows\System32\RPCRT4.dll+169a5|C:\windows\SYSTEM32\ntdll.dll+333ed|C:\windows\SYSTEM32\ntdll.dll+34142|C:\windows\System32\KERNEL32.DLL+17bd4|C:\windows\SYSTEM32\ntdll.dll+6ce51",,,,,,,,Info,0,,,,,,,,,,,740,,,,{5770385F-C22A-43E0-BF4C-06F5698FFBD9},,,,423583,,,,,,,-,,INFO,2,,,,,,,,,C:\windows\system32\lsass.exe,,,eventlog,im_msvistalog,Microsoft-Windows-Sysmon,,,{2d351099-43cc-5f5f-0c00-000000000400},740,2744,,,,,,,,,C:\windows\system32\svchost.exe,,,,,,{2d351099-5cae-5f5f-3204-000000000400},2116,,,10,,,,4688,,,,,S-1-5-18,2022-04-15 12:06:06,3,,,"{""EventID"":10,""RecordNumber"":423583,""ProviderGuid"":""{5770385F-C22A-43E0-BF4C-06F5698FFBD9}"",""SourceName"":""Microsoft-Windows-Sysmon"",""OpcodeValue"":0,""AccountName"":""SYSTEM"",""SourceImage"":""C:\\windows\\system32\\lsass.exe"",""SourceModuleName"":""eventlog"",""ExecutionProcessID"":3524,""AccountType"":""User"",""Category"":""Process accessed (rule: ProcessAccess)"",""SourceProcessId"":""740"",""Domain"":""NT AUTHORITY"",""port"":60427,""ThreadID"":4688,""Severity"":""INFO"",""EventType"":""INFO"",""Channel"":""Microsoft-Windows-Sysmon/Operational"",""Opcode"":""Info"",""EventReceivedTime"":""2022-04-15 08:06:06"",""Task"":10,""RuleName"":""-"",""Keywords"":-9223372036854775808,""Version"":3,""ProcessId"":""740"",""tags"":[""splunk""],""GrantedAccess"":""0x1478"",""SourceProcessGUID"":""{2d351099-43cc-5f5f-0c00-000000000400}"",""EventTime"":""2022-04-15 08:06:06"",""host"":""cybertees.net"",""SeverityValue"":2,""CallTrace"":""C:\\windows\\SYSTEM32\\ntdll.dll+9c534|C:\\windows\\system32\\lsasrv.dll+179a6|C:\\windows\\system32\\lsasrv.dll+1852f|C:\\windows\\system32\\lsasrv.dll+17814|C:\\windows\\SYSTEM32\\SspiSrv.dll+1a72|C:\\windows\\System32\\RPCRT4.dll+76a53|C:\\windows\\System32\\RPCRT4.dll+da036|C:\\windows\\System32\\RPCRT4.dll+37b1c|C:\\windows\\System32\\RPCRT4.dll+54998|C:\\windows\\System32\\RPCRT4.dll+2c951|C:\\windows\\System32\\RPCRT4.dll+2c20b|C:\\windows\\System32\\RPCRT4.dll+1a86f|C:\\windows\\System32\\RPCRT4.dll+19d1a|C:\\windows\\System32\\RPCRT4.dll+19301|C:\\windows\\System32\\RPCRT4.dll+18d6e|C:\\windows\\System32\\RPCRT4.dll+169a5|C:\\windows\\SYSTEM32\\ntdll.dll+333ed|C:\\windows\\SYSTEM32\\ntdll.dll+34142|C:\\windows\\System32\\KERNEL32.DLL+17bd4|C:\\windows\\SYSTEM32\\ntdll.dll+6ce51"",""Message"":""Process accessed:\r\nRuleName: -\r\nUtcTime: 2022-04-15 12:06:06.206\r\nSourceProcessGUID: {2d351099-43cc-5f5f-0c00-000000000400}\r\nSourceProcessId: 740\r\nSourceThreadId: 2744\r\nSourceImage: C:\\windows\\system32\\lsass.exe\r\nTargetProcessGUID: {2d351099-5cae-5f5f-3204-000000000400}\r\nTargetProcessId: 2116\r\nTargetImage: C:\\windows\\system32\\svchost.exe\r\nGrantedAccess: 0x1478\r\nCallTrace: C:\\windows\\SYSTEM32\\ntdll.dll+9c534|C:\\windows\\system32\\lsasrv.dll+179a6|C:\\windows\\system32\\lsasrv.dll+1852f|C:\\windows\\system32\\lsasrv.dll+17814|C:\\windows\\SYSTEM32\\SspiSrv.dll+1a72|C:\\windows\\System32\\RPCRT4.dll+76a53|C:\\windows\\System32\\RPCRT4.dll+da036|C:\\windows\\System32\\RPCRT4.dll+37b1c|C:\\windows\\System32\\RPCRT4.dll+54998|C:\\windows\\System32\\RPCRT4.dll+2c951|C:\\windows\\System32\\RPCRT4.dll+2c20b|C:\\windows\\System32\\RPCRT4.dll+1a86f|C:\\windows\\System32\\RPCRT4.dll+19d1a|C:\\windows\\System32\\RPCRT4.dll+19301|C:\\windows\\System32\\RPCRT4.dll+18d6e|C:\\windows\\System32\\RPCRT4.dll+169a5|C:\\windows\\SYSTEM32\\ntdll.dll+333ed|C:\\windows\\SYSTEM32\\ntdll.dll+34142|C:\\windows\\System32\\KERNEL32.DLL+17bd4|C:\\windows\\SYSTEM32\\ntdll.dll+6ce51"",""UtcTime"":""2022-04-15 12:06:06.206"",""UserID"":""S-1-5-18"",""timestamp"":""2022-04-15T12:06:07.024Z"",""TargetProcessId"":""2116"",""SourceThreadId"":""2744"",""@version"":""1"",""TargetProcessGUID"":""{2d351099-5cae-5f5f-3204-000000000400}"",""SourceModuleType"":""im_msvistalog"",""TargetImage"":""C:\\windows\\system32\\svchost.exe"",""Hostname"":""James.browne""}",2022-04-15T08:06:02.000+0000,8,15,6,april,2,friday,2022,local,,INFO,cybertees.net,cyber-host,windowslogs,1,60427,"{"""":,"""":,"""":""{----}"","""":""--"","""":,"""":"""","""":"":\\\\\\",Event_logs.json,_json,ip-10-10-40-195,,splunk,,2022-04-15T12:06:07.024Z,
1,,,,SYSTEM,User,,,,,,Registry object added or deleted (rule: RegistryEvent),Microsoft-Windows-Sysmon/Operational,,,,,,,,,,,,,,,,,,NT AUTHORITY,,,,,12,,2022-04-15 8:06:06,2022-04-15 8:06:06,INFO,3524,,,,,,,James.browne,C:\windows\system32\svchost.exe,,,,,,,,,-9223372036854775808,,,,,,,,,"Registry object added or deleted:
RuleName: -
EventType: CreateKey
UtcTime: 2022-04-15 12:06:06.206
ProcessGuid: {2d351099-5cae-5f5f-3204-000000000400}
ProcessId: 2116
Image: C:\windows\system32\svchost.exe
TargetObject: HKLM\SOFTWARE\Microsoft\Windows\CurrentVersion\Group Policy\ServiceInstances",,,,,,,,Info,0,,,,,,,,,,{2d351099-5cae-5f5f-3204-000000000400},2116,,,,{5770385F-C22A-43E0-BF4C-06F5698FFBD9},,,,423582,,,,,,,-,,INFO,2,,,,,,,,,,,,eventlog,im_msvistalog,Microsoft-Windows-Sysmon,,,,,,,,,,,,,,,,,HKLM\SOFTWARE\Microsoft\Windows\CurrentVersion\Group Policy\ServiceInstances,,,,,,,12,,,,4688,,,,,S-1-5-18,2022-04-15 12:06:06,2,,,"{""Image"":""C:\\windows\\system32\\svchost.exe"",""ProcessId"":""2116"",""EventID"":12,""tags"":[""splunk""],""RecordNumber"":423582,""ProviderGuid"":""{5770385F-C22A-43E0-BF4C-06F5698FFBD9}"",""SourceName"":""Microsoft-Windows-Sysmon"",""OpcodeValue"":0,""EventTime"":""2022-04-15 08:06:06"",""AccountName"":""SYSTEM"",""host"":""cybertees.net"",""SeverityValue"":2,""ExecutionProcessID"":3524,""AccountType"":""User"",""Category"":""Registry object added or deleted (rule: RegistryEvent)"",""SourceModuleName"":""eventlog"",""Domain"":""NT AUTHORITY"",""Message"":""Registry object added or deleted:\r\nRuleName: -\r\nEventType: CreateKey\r\nUtcTime: 2022-04-15 12:06:06.206\r\nProcessGuid: {2d351099-5cae-5f5f-3204-000000000400}\r\nProcessId: 2116\r\nImage: C:\\windows\\system32\\svchost.exe\r\nTargetObject: HKLM\\SOFTWARE\\Microsoft\\Windows\\CurrentVersion\\Group Policy\\ServiceInstances"",""port"":60427,""UserID"":""S-1-5-18"",""UtcTime"":""2022-04-15 12:06:06.206"",""timestamp"":""2022-04-15T12:06:07.023Z"",""ThreadID"":4688,""Severity"":""INFO"",""EventTypeOrignal"":""INFO"",""EventType"":""CreateKey"",""Channel"":""Microsoft-Windows-Sysmon/Operational"",""TargetObject"":""HKLM\\SOFTWARE\\Microsoft\\Windows\\CurrentVersion\\Group Policy\\ServiceInstances"",""Opcode"":""Info"",""EventReceivedTime"":""2022-04-15 08:06:06"",""@version"":""1"",""Task"":12,""SourceModuleType"":""im_msvistalog"",""RuleName"":""-"",""Hostname"":""James.browne"",""Keywords"":-9223372036854775808,""Version"":2,""ProcessGuid"":""{2d351099-5cae-5f5f-3204-000000000400}""}",2022-04-15T08:06:02.000+0000,8,15,6,april,2,friday,2022,local,,CreateKey,cybertees.net,cyber-host,windowslogs,1,60427,"{"""":"":\\\\\\."","""":"""","""":,"""":[""""],"""":,"""":""{----}"",""",Event_logs.json,_json,ip-10-10-40-195,,splunk,,2022-04-15T12:06:07.023Z,
1,,,,SYSTEM,User,,,,,C:\windows\SYSTEM32\ntdll.dll+9d104|C:\windows\System32\RPCRT4.dll+2d2f4|C:\windows\system32\lsasrv.dll+176b9|C:\windows\SYSTEM32\SspiSrv.dll+1a72|C:\windows\System32\RPCRT4.dll+76a53|C:\windows\System32\RPCRT4.dll+da036|C:\windows\System32\RPCRT4.dll+37b1c|C:\windows\System32\RPCRT4.dll+54998|C:\windows\System32\RPCRT4.dll+2c951|C:\windows\System32\RPCRT4.dll+2c20b|C:\windows\System32\RPCRT4.dll+1a86f|C:\windows\System32\RPCRT4.dll+19d1a|C:\windows\System32\RPCRT4.dll+19301|C:\windows\System32\RPCRT4.dll+18d6e|C:\windows\System32\RPCRT4.dll+169a5|C:\windows\SYSTEM32\ntdll.dll+333ed|C:\windows\SYSTEM32\ntdll.dll+34142|C:\windows\System32\KERNEL32.DLL+17bd4|C:\windows\SYSTEM32\ntdll.dll+6ce51,Process accessed (rule: ProcessAccess),Microsoft-Windows-Sysmon/Operational,,,,,,,,,,,,,,,,,,NT AUTHORITY,,,,,10,,2022-04-15 8:06:06,2022-04-15 8:06:06,,3524,,,0x1000,,,,James.browne,,,,,,,,,,-9223372036854775808,,,,,,,,,"Process accessed:
RuleName: -
UtcTime: 2022-04-15 12:06:06.206
SourceProcessGUID: {2d351099-43cc-5f5f-0c00-000000000400}
SourceProcessId: 740
SourceThreadId: 2744
SourceImage: C:\windows\system32\lsass.exe
TargetProcessGUID: {2d351099-5cae-5f5f-3204-000000000400}
TargetProcessId: 2116
TargetImage: C:\windows\system32\svchost.exe
GrantedAccess: 0x1000
CallTrace: C:\windows\SYSTEM32\ntdll.dll+9d104|C:\windows\System32\RPCRT4.dll+2d2f4|C:\windows\system32\lsasrv.dll+176b9|C:\windows\SYSTEM32\SspiSrv.dll+1a72|C:\windows\System32\RPCRT4.dll+76a53|C:\windows\System32\RPCRT4.dll+da036|C:\windows\System32\RPCRT4.dll+37b1c|C:\windows\System32\RPCRT4.dll+54998|C:\windows\System32\RPCRT4.dll+2c951|C:\windows\System32\RPCRT4.dll+2c20b|C:\windows\System32\RPCRT4.dll+1a86f|C:\windows\System32\RPCRT4.dll+19d1a|C:\windows\System32\RPCRT4.dll+19301|C:\windows\System32\RPCRT4.dll+18d6e|C:\windows\System32\RPCRT4.dll+169a5|C:\windows\SYSTEM32\ntdll.dll+333ed|C:\windows\SYSTEM32\ntdll.dll+34142|C:\windows\System32\KERNEL32.DLL+17bd4|C:\windows\SYSTEM32\ntdll.dll+6ce51",,,,,,,,Info,0,,,,,,,,,,,740,,,,{5770385F-C22A-43E0-BF4C-06F5698FFBD9},,,,423581,,,,,,,-,,INFO,2,,,,,,,,,C:\windows\system32\lsass.exe,,,eventlog,im_msvistalog,Microsoft-Windows-Sysmon,,,{2d351099-43cc-5f5f-0c00-000000000400},740,2744,,,,,,,,,C:\windows\system32\svchost.exe,,,,,,{2d351099-5cae-5f5f-3204-000000000400},2116,,,10,,,,4688,,,,,S-1-5-18,2022-04-15 12:06:06,3,,,"{""EventID"":10,""RecordNumber"":423581,""ProviderGuid"":""{5770385F-C22A-43E0-BF4C-06F5698FFBD9}"",""SourceName"":""Microsoft-Windows-Sysmon"",""OpcodeValue"":0,""AccountName"":""SYSTEM"",""SourceImage"":""C:\\windows\\system32\\lsass.exe"",""SourceModuleName"":""eventlog"",""ExecutionProcessID"":3524,""AccountType"":""User"",""Category"":""Process accessed (rule: ProcessAccess)"",""SourceProcessId"":""740"",""Domain"":""NT AUTHORITY"",""port"":60427,""ThreadID"":4688,""Severity"":""INFO"",""EventType"":""INFO"",""Channel"":""Microsoft-Windows-Sysmon/Operational"",""Opcode"":""Info"",""EventReceivedTime"":""2022-04-15 08:06:06"",""Task"":10,""RuleName"":""-"",""Keywords"":-9223372036854775808,""Version"":3,""ProcessId"":""740"",""tags"":[""splunk""],""GrantedAccess"":""0x1000"",""SourceProcessGUID"":""{2d351099-43cc-5f5f-0c00-000000000400}"",""EventTime"":""2022-04-15 08:06:06"",""host"":""cybertees.net"",""SeverityValue"":2,""CallTrace"":""C:\\windows\\SYSTEM32\\ntdll.dll+9d104|C:\\windows\\System32\\RPCRT4.dll+2d2f4|C:\\windows\\system32\\lsasrv.dll+176b9|C:\\windows\\SYSTEM32\\SspiSrv.dll+1a72|C:\\windows\\System32\\RPCRT4.dll+76a53|C:\\windows\\System32\\RPCRT4.dll+da036|C:\\windows\\System32\\RPCRT4.dll+37b1c|C:\\windows\\System32\\RPCRT4.dll+54998|C:\\windows\\System32\\RPCRT4.dll+2c951|C:\\windows\\System32\\RPCRT4.dll+2c20b|C:\\windows\\System32\\RPCRT4.dll+1a86f|C:\\windows\\System32\\RPCRT4.dll+19d1a|C:\\windows\\System32\\RPCRT4.dll+19301|C:\\windows\\System32\\RPCRT4.dll+18d6e|C:\\windows\\System32\\RPCRT4.dll+169a5|C:\\windows\\SYSTEM32\\ntdll.dll+333ed|C:\\windows\\SYSTEM32\\ntdll.dll+34142|C:\\windows\\System32\\KERNEL32.DLL+17bd4|C:\\windows\\SYSTEM32\\ntdll.dll+6ce51"",""Message"":""Process accessed:\r\nRuleName: -\r\nUtcTime: 2022-04-15 12:06:06.206\r\nSourceProcessGUID: {2d351099-43cc-5f5f-0c00-000000000400}\r\nSourceProcessId: 740\r\nSourceThreadId: 2744\r\nSourceImage: C:\\windows\\system32\\lsass.exe\r\nTargetProcessGUID: {2d351099-5cae-5f5f-3204-000000000400}\r\nTargetProcessId: 2116\r\nTargetImage: C:\\windows\\system32\\svchost.exe\r\nGrantedAccess: 0x1000\r\nCallTrace: C:\\windows\\SYSTEM32\\ntdll.dll+9d104|C:\\windows\\System32\\RPCRT4.dll+2d2f4|C:\\windows\\system32\\lsasrv.dll+176b9|C:\\windows\\SYSTEM32\\SspiSrv.dll+1a72|C:\\windows\\System32\\RPCRT4.dll+76a53|C:\\windows\\System32\\RPCRT4.dll+da036|C:\\windows\\System32\\RPCRT4.dll+37b1c|C:\\windows\\System32\\RPCRT4.dll+54998|C:\\windows\\System32\\RPCRT4.dll+2c951|C:\\windows\\System32\\RPCRT4.dll+2c20b|C:\\windows\\System32\\RPCRT4.dll+1a86f|C:\\windows\\System32\\RPCRT4.dll+19d1a|C:\\windows\\System32\\RPCRT4.dll+19301|C:\\windows\\System32\\RPCRT4.dll+18d6e|C:\\windows\\System32\\RPCRT4.dll+169a5|C:\\windows\\SYSTEM32\\ntdll.dll+333ed|C:\\windows\\SYSTEM32\\ntdll.dll+34142|C:\\windows\\System32\\KERNEL32.DLL+17bd4|C:\\windows\\SYSTEM32\\ntdll.dll+6ce51"",""UtcTime"":""2022-04-15 12:06:06.206"",""UserID"":""S-1-5-18"",""timestamp"":""2022-04-15T12:06:07.023Z"",""TargetProcessId"":""2116"",""SourceThreadId"":""2744"",""@version"":""1"",""TargetProcessGUID"":""{2d351099-5cae-5f5f-3204-000000000400}"",""SourceModuleType"":""im_msvistalog"",""TargetImage"":""C:\\windows\\system32\\svchost.exe"",""Hostname"":""James.browne""}",2022-04-15T08:06:02.000+0000,8,15,6,april,2,friday,2022,local,,INFO,cybertees.net,cyber-host,windowslogs,1,60427,"{"""":,"""":,"""":""{----}"","""":""--"","""":,"""":"""","""":"":\\\\\\",Event_logs.json,_json,ip-10-10-40-195,,splunk,,2022-04-15T12:06:07.023Z,
1,,,,SYSTEM,User,,,,,,Registry object added or deleted (rule: RegistryEvent),Microsoft-Windows-Sysmon/Operational,,,,,,,,,,,,,,,,,,NT AUTHORITY,,,,,12,,2022-04-15 8:06:06,2022-04-15 8:06:06,INFO,3524,,,,,,,James.browne,C:\windows\system32\svchost.exe,,,,,,,,,-9223372036854775808,,,,,,,,,"Registry object added or deleted:
RuleName: -
EventType: CreateKey
UtcTime: 2022-04-15 12:06:06.206
ProcessGuid: {2d351099-5cae-5f5f-3204-000000000400}
ProcessId: 2116
Image: C:\windows\system32\svchost.exe
TargetObject: HKLM\SOFTWARE\Microsoft\Windows\CurrentVersion\Group Policy\ServiceInstances",,,,,,,,Info,0,,,,,,,,,,{2d351099-5cae-5f5f-3204-000000000400},2116,,,,{5770385F-C22A-43E0-BF4C-06F5698FFBD9},,,,423580,,,,,,,-,,INFO,2,,,,,,,,,,,,eventlog,im_msvistalog,Microsoft-Windows-Sysmon,,,,,,,,,,,,,,,,,HKLM\SOFTWARE\Microsoft\Windows\CurrentVersion\Group Policy\ServiceInstances,,,,,,,12,,,,4688,,,,,S-1-5-18,2022-04-15 12:06:06,2,,,"{""Image"":""C:\\windows\\system32\\svchost.exe"",""ProcessId"":""2116"",""EventID"":12,""tags"":[""splunk""],""RecordNumber"":423580,""ProviderGuid"":""{5770385F-C22A-43E0-BF4C-06F5698FFBD9}"",""SourceName"":""Microsoft-Windows-Sysmon"",""OpcodeValue"":0,""EventTime"":""2022-04-15 08:06:06"",""AccountName"":""SYSTEM"",""host"":""cybertees.net"",""SeverityValue"":2,""ExecutionProcessID"":3524,""AccountType"":""User"",""Category"":""Registry object added or deleted (rule: RegistryEvent)"",""SourceModuleName"":""eventlog"",""Domain"":""NT AUTHORITY"",""Message"":""Registry object added or deleted:\r\nRuleName: -\r\nEventType: CreateKey\r\nUtcTime: 2022-04-15 12:06:06.206\r\nProcessGuid: {2d351099-5cae-5f5f-3204-000000000400}\r\nProcessId: 2116\r\nImage: C:\\windows\\system32\\svchost.exe\r\nTargetObject: HKLM\\SOFTWARE\\Microsoft\\Windows\\CurrentVersion\\Group Policy\\ServiceInstances"",""port"":60427,""UserID"":""S-1-5-18"",""UtcTime"":""2022-04-15 12:06:06.206"",""timestamp"":""2022-04-15T12:06:07.022Z"",""ThreadID"":4688,""Severity"":""INFO"",""EventTypeOrignal"":""INFO"",""EventType"":""CreateKey"",""Channel"":""Microsoft-Windows-Sysmon/Operational"",""TargetObject"":""HKLM\\SOFTWARE\\Microsoft\\Windows\\CurrentVersion\\Group Policy\\ServiceInstances"",""Opcode"":""Info"",""EventReceivedTime"":""2022-04-15 08:06:06"",""@version"":""1"",""Task"":12,""SourceModuleType"":""im_msvistalog"",""RuleName"":""-"",""Hostname"":""James.browne"",""Keywords"":-9223372036854775808,""Version"":2,""ProcessGuid"":""{2d351099-5cae-5f5f-3204-000000000400}""}",2022-04-15T08:06:02.000+0000,8,15,6,april,2,friday,2022,local,,CreateKey,cybertees.net,cyber-host,windowslogs,1,60427,"{"""":"":\\\\\\."","""":"""","""":,"""":[""""],"""":,"""":""{----}"",""",Event_logs.json,_json,ip-10-10-40-195,,splunk,,2022-04-15T12:06:07.022Z,
1,,,,SYSTEM,User,,,,,,Registry object added or deleted (rule: RegistryEvent),Microsoft-Windows-Sysmon/Operational,,,,,,,,,,,,,,,,,,NT AUTHORITY,,,,,12,,2022-04-15 8:06:06,2022-04-15 8:06:06,INFO,3524,,,,,,,James.browne,C:\windows\system32\svchost.exe,,,,,,,,,-9223372036854775808,,,,,,,,,"Registry object added or deleted:
RuleName: -
EventType: CreateKey
UtcTime: 2022-04-15 12:06:06.206
ProcessGuid: {2d351099-5cae-5f5f-3204-000000000400}
ProcessId: 2116
Image: C:\windows\system32\svchost.exe
TargetObject: HKLM\SOFTWARE\Microsoft\Windows\CurrentVersion\Group Policy\ServiceInstances\5188c08d-16ef-4ebd-b899-eb193575495a",,,,,,,,Info,0,,,,,,,,,,{2d351099-5cae-5f5f-3204-000000000400},2116,,,,{5770385F-C22A-43E0-BF4C-06F5698FFBD9},,,,423579,,,,,,,-,,INFO,2,,,,,,,,,,,,eventlog,im_msvistalog,Microsoft-Windows-Sysmon,,,,,,,,,,,,,,,,,HKLM\SOFTWARE\Microsoft\Windows\CurrentVersion\Group Policy\ServiceInstances\5188c08d-16ef-4ebd-b899-eb193575495a,,,,,,,12,,,,4688,,,,,S-1-5-18,2022-04-15 12:06:06,2,,,"{""Image"":""C:\\windows\\system32\\svchost.exe"",""ProcessId"":""2116"",""EventID"":12,""tags"":[""splunk""],""RecordNumber"":423579,""ProviderGuid"":""{5770385F-C22A-43E0-BF4C-06F5698FFBD9}"",""SourceName"":""Microsoft-Windows-Sysmon"",""OpcodeValue"":0,""EventTime"":""2022-04-15 08:06:06"",""AccountName"":""SYSTEM"",""host"":""cybertees.net"",""SeverityValue"":2,""ExecutionProcessID"":3524,""AccountType"":""User"",""Category"":""Registry object added or deleted (rule: RegistryEvent)"",""SourceModuleName"":""eventlog"",""Domain"":""NT AUTHORITY"",""Message"":""Registry object added or deleted:\r\nRuleName: -\r\nEventType: CreateKey\r\nUtcTime: 2022-04-15 12:06:06.206\r\nProcessGuid: {2d351099-5cae-5f5f-3204-000000000400}\r\nProcessId: 2116\r\nImage: C:\\windows\\system32\\svchost.exe\r\nTargetObject: HKLM\\SOFTWARE\\Microsoft\\Windows\\CurrentVersion\\Group Policy\\ServiceInstances\\5188c08d-16ef-4ebd-b899-eb193575495a"",""port"":60427,""UserID"":""S-1-5-18"",""UtcTime"":""2022-04-15 12:06:06.206"",""timestamp"":""2022-04-15T12:06:07.022Z"",""ThreadID"":4688,""Severity"":""INFO"",""EventTypeOrignal"":""INFO"",""EventType"":""CreateKey"",""Channel"":""Microsoft-Windows-Sysmon/Operational"",""TargetObject"":""HKLM\\SOFTWARE\\Microsoft\\Windows\\CurrentVersion\\Group Policy\\ServiceInstances\\5188c08d-16ef-4ebd-b899-eb193575495a"",""Opcode"":""Info"",""EventReceivedTime"":""2022-04-15 08:06:06"",""@version"":""1"",""Task"":12,""SourceModuleType"":""im_msvistalog"",""RuleName"":""-"",""Hostname"":""James.browne"",""Keywords"":-9223372036854775808,""Version"":2,""ProcessGuid"":""{2d351099-5cae-5f5f-3204-000000000400}""}",2022-04-15T08:06:02.000+0000,8,15,6,april,2,friday,2022,local,,CreateKey,cybertees.net,cyber-host,windowslogs,1,60427,"{"""":"":\\\\\\."","""":"""","""":,"""":[""""],"""":,"""":""{----}"",""",Event_logs.json,_json,ip-10-10-40-195,,splunk,,2022-04-15T12:06:07.022Z,
1,,,,SYSTEM,User,,,,,,Image loaded (rule: ImageLoad),Microsoft-Windows-Sysmon/Operational,,Microsoft Corporation,,,,Security Support Provider Interface,,,,,,,,,,,,NT AUTHORITY,,,,,7,,2022-04-15 8:06:06,2022-04-15 8:06:06,,3524,10.0.18362.1049 (WinBuild.160101.0800),,,,,"SHA1=A30A81AB6EB472CC79CF9E8C5B47ECA85998801A,MD5=DA9647C845792371DD2F95E1CCC9A63A,SHA256=FE741D2F986B0B9557A90BDF0560F49CD17381D1094C42A91634AABE49F46A1E,IMPHASH=D08C52FA17116C062A28110FE7465D80",James.browne,C:\Windows\System32\svchost.exe,C:\Windows\System32\sspicli.dll,,,,,,,,-9223372036854775808,,,,,,,,,"Image loaded:
RuleName: -
UtcTime: 2022-04-15 12:06:06.206
ProcessGuid: {2d351099-5cae-5f5f-3204-000000000400}
ProcessId: 2116
Image: C:\Windows\System32\svchost.exe
ImageLoaded: C:\Windows\System32\sspicli.dll
FileVersion: 10.0.18362.1049 (WinBuild.160101.0800)
Description: Security Support Provider Interface
Product: Microsoft® Windows® Operating System
Company: Microsoft Corporation
OriginalFileName: sspicli.dll
Hashes: SHA1=A30A81AB6EB472CC79CF9E8C5B47ECA85998801A,MD5=DA9647C845792371DD2F95E1CCC9A63A,SHA256=FE741D2F986B0B9557A90BDF0560F49CD17381D1094C42A91634AABE49F46A1E,IMPHASH=D08C52FA17116C062A28110FE7465D80
Signed: true
Signature: Microsoft Windows
SignatureStatus: Valid",,,,,,,,Info,0,sspicli.dll,,,,,,,,,{2d351099-5cae-5f5f-3204-000000000400},2116,,Microsoft® Windows® Operating System,,{5770385F-C22A-43E0-BF4C-06F5698FFBD9},,,,423578,,,,,,,-,,INFO,2,,,Microsoft Windows,Valid,TRUE,,,,,,,eventlog,im_msvistalog,Microsoft-Windows-Sysmon,,,,,,,,,,,,,,,,,,,,,,,,7,,,,4688,,,,,S-1-5-18,2022-04-15 12:06:06,3,,,"{""EventID"":7,""RecordNumber"":423578,""ProviderGuid"":""{5770385F-C22A-43E0-BF4C-06F5698FFBD9}"",""SourceName"":""Microsoft-Windows-Sysmon"",""OpcodeValue"":0,""AccountName"":""SYSTEM"",""SignatureStatus"":""Valid"",""SourceModuleName"":""eventlog"",""ExecutionProcessID"":3524,""AccountType"":""User"",""Category"":""Image loaded (rule: ImageLoad)"",""Domain"":""NT AUTHORITY"",""port"":60427,""Company"":""Microsoft Corporation"",""ThreadID"":4688,""Severity"":""INFO"",""EventType"":""INFO"",""Signed"":""true"",""Channel"":""Microsoft-Windows-Sysmon/Operational"",""Opcode"":""Info"",""EventReceivedTime"":""2022-04-15 08:06:06"",""ImageLoaded"":""C:\\Windows\\System32\\sspicli.dll"",""Task"":7,""RuleName"":""-"",""Keywords"":-9223372036854775808,""Version"":3,""ProcessId"":""2116"",""Image"":""C:\\Windows\\System32\\svchost.exe"",""Product"":""Microsoft® Windows® Operating System"",""tags"":[""splunk""],""EventTime"":""2022-04-15 08:06:06"",""host"":""cybertees.net"",""SeverityValue"":2,""Message"":""Image loaded:\r\nRuleName: -\r\nUtcTime: 2022-04-15 12:06:06.206\r\nProcessGuid: {2d351099-5cae-5f5f-3204-000000000400}\r\nProcessId: 2116\r\nImage: C:\\Windows\\System32\\svchost.exe\r\nImageLoaded: C:\\Windows\\System32\\sspicli.dll\r\nFileVersion: 10.0.18362.1049 (WinBuild.160101.0800)\r\nDescription: Security Support Provider Interface\r\nProduct: Microsoft® Windows® Operating System\r\nCompany: Microsoft Corporation\r\nOriginalFileName: sspicli.dll\r\nHashes: SHA1=A30A81AB6EB472CC79CF9E8C5B47ECA85998801A,MD5=DA9647C845792371DD2F95E1CCC9A63A,SHA256=FE741D2F986B0B9557A90BDF0560F49CD17381D1094C42A91634AABE49F46A1E,IMPHASH=D08C52FA17116C062A28110FE7465D80\r\nSigned: true\r\nSignature: Microsoft Windows\r\nSignatureStatus: Valid"",""UtcTime"":""2022-04-15 12:06:06.206"",""UserID"":""S-1-5-18"",""FileVersion"":""10.0.18362.1049 (WinBuild.160101.0800)"",""Description"":""Security Support Provider Interface"",""OriginalFileName"":""sspicli.dll"",""timestamp"":""2022-04-15T12:06:07.021Z"",""Hashes"":""SHA1=A30A81AB6EB472CC79CF9E8C5B47ECA85998801A,MD5=DA9647C845792371DD2F95E1CCC9A63A,SHA256=FE741D2F986B0B9557A90BDF0560F49CD17381D1094C42A91634AABE49F46A1E,IMPHASH=D08C52FA17116C062A28110FE7465D80"",""Signature"":""Microsoft Windows"",""@version"":""1"",""SourceModuleType"":""im_msvistalog"",""Hostname"":""James.browne"",""ProcessGuid"":""{2d351099-5cae-5f5f-3204-000000000400}""}",2022-04-15T08:06:02.000+0000,8,15,6,april,2,friday,2022,local,,INFO,cybertees.net,cyber-host,windowslogs,1,60427,"{"""":,"""":,"""":""{----}"","""":""--"","""":,"""":"""","""":"""","""":""""",Event_logs.json,_json,ip-10-10-40-195,,splunk,,2022-04-15T12:06:07.021Z,
