Disabled Privileges:
			-",,,,,,,,Info,0,,,,,,,,,,,0xcac,C:\Windows\System32\svchost.exe,,,{54849625-5478-4994-A5BA-3E3B0328C30D},,,,73598,,,,,,,,,INFO,2,,,,,,,,,,,,eventlog,im_msvistalog,Microsoft-Windows-Security-Auditing,,,,,,,Cybertees,0x3e7,WORKSTATION5$,S-1-5-18,Cybertees,,,,,0x3e7,,,,,,WORKSTATION5$,S-1-5-18,13317,,,,2916,,,,,,,0,,,"{""tags"":[""splunk""],""EventID"":4703,""RecordNumber"":73598,""ProviderGuid"":""{54849625-5478-4994-A5BA-3E3B0328C30D}"",""SourceName"":""Microsoft-Windows-Security-Auditing"",""OpcodeValue"":0,""EventTime"":""2022-04-15 08:06:07"",""SubjectUserSid"":""S-1-5-18"",""host"":""cybertees.net"",""SeverityValue"":2,""ExecutionProcessID"":4,""Category"":""Token Right Adjusted Events"",""SubjectLogonId"":""0x3e7"",""TargetUserName"":""WORKSTATION5$"",""SourceModuleName"":""eventlog"",""Message"":""A token right was adjusted.\r\n\r\nSubject:\r\n\tSecurity ID:\t\tS-1-5-18\r\n\tAccount Name:\t\tWORKSTATION5$\r\n\tAccount Domain:\t\tCybertees\r\n\tLogon ID:\t\t0x3E7\r\n\r\nTarget Account:\r\n\tSecurity ID:\t\tS-1-5-18\r\n\tAccount Name:\t\tWORKSTATION5$\r\n\tAccount Domain:\t\tCybertees\r\n\tLogon ID:\t\t0x3E7\r\n\r\nProcess Information:\r\n\tProcess ID:\t\t0xcac\r\n\tProcess Name:\t\tC:\\Windows\\System32\\svchost.exe\r\n\r\nEnabled Privileges:\r\n\t\t\tSeAssignPrimaryTokenPrivilege\r\n\t\t\tSeIncreaseQuotaPrivilege\r\n\t\t\tSeSecurityPrivilege\r\n\t\t\tSeTakeOwnershipPrivilege\r\n\t\t\tSeLoadDriverPrivilege\r\n\t\t\tSeBackupPrivilege\r\n\t\t\tSeRestorePrivilege\r\n\t\t\tSeShutdownPrivilege\r\n\r\nDisabled Privileges:\r\n\t\t\t-"",""port"":60427,""TargetUserSid"":""S-1-5-18"",""timestamp"":""2022-04-15T12:06:09.316Z"",""ThreadID"":2916,""SubjectUserName"":""WORKSTATION5$"",""Severity"":""INFO"",""ProcessName"":""C:\\Windows\\System32\\svchost.exe"",""DisabledPrivilegeList"":""-"",""EventType"":""AUDIT_SUCCESS"",""Channel"":""Security"",""TargetLogonId"":""0x3e7"",""Opcode"":""Info"",""EnabledPrivilegeList"":""SeAssignPrimaryTokenPrivilege\r\n\t\t\tSeIncreaseQuotaPrivilege\r\n\t\t\tSeSecurityPrivilege\r\n\t\t\tSeTakeOwnershipPrivilege\r\n\t\t\tSeLoadDriverPrivilege\r\n\t\t\tSeBackupPrivilege\r\n\t\t\tSeRestorePrivilege\r\n\t\t\tSeShutdownPrivilege"",""EventReceivedTime"":""2022-04-15 08:06:09"",""@version"":""1"",""Task"":13317,""SubjectDomainName"":""Cybertees"",""SourceModuleType"":""im_msvistalog"",""TargetDomainName"":""Cybertees"",""Hostname"":""James.browne"",""Keywords"":-9214364837600034816,""Version"":0,""ProcessId"":""0xcac""}",2022-04-15T08:06:07.000+0000,8,15,6,april,7,friday,2022,local,,AUDIT_SUCCESS,cybertees.net,cyber-host,windowslogs,1,60427,"{"""":[""""],"""":,"""":,"""":""{----}"","""":""---"","""":,"""":""--_:",Event_logs.json,_json,ip-10-10-40-195,,splunk,,2022-04-15T12:06:09.316Z,
1,,,,,,,,,,,Token Right Adjusted Events,Security,,,,,,,,,,,,,,,,,-,,,,"SeAssignPrimaryTokenPrivilege
			SeIncreaseQuotaPrivilege
			SeSecurityPrivilege
			SeTakeOwnershipPrivilege
			SeLoadDriverPrivilege
			SeBackupPrivilege
			SeRestorePrivilege
			SeShutdownPrivilege",,4703,,2022-04-15 8:06:09,2022-04-15 8:06:07,,4,,,,,,,James.browne,,,,,,,,,,-9214364837600034816,,,,,,,,,"A token right was adjusted.

Subject:
	Security ID:		S-1-5-18
	Account Name:		WORKSTATION5$
	Account Domain:		Cybertees
	Logon ID:		0x3E7

Target Account:
	Security ID:		S-1-5-18
	Account Name:		WORKSTATION5$
	Account Domain:		Cybertees
	Logon ID:		0x3E7

Process Information:
	Process ID:		0xcac
	Process Name:		C:\Windows\System32\svchost.exe

Enabled Privileges:
			SeAssignPrimaryTokenPrivilege
			SeIncreaseQuotaPrivilege
			SeSecurityPrivilege
			SeTakeOwnershipPrivilege
			SeLoadDriverPrivilege
			SeBackupPrivilege
			SeRestorePrivilege
			SeShutdownPrivilege

Disabled Privileges:
			-",,,,,,,,Info,0,,,,,,,,,,,0xcac,C:\Windows\System32\svchost.exe,,,{54849625-5478-4994-A5BA-3E3B0328C30D},,,,73597,,,,,,,,,INFO,2,,,,,,,,,,,,eventlog,im_msvistalog,Microsoft-Windows-Security-Auditing,,,,,,,Cybertees,0x3e7,WORKSTATION5$,S-1-5-18,Cybertees,,,,,0x3e7,,,,,,WORKSTATION5$,S-1-5-18,13317,,,,2916,,,,,,,0,,,"{""tags"":[""splunk""],""EventID"":4703,""RecordNumber"":73597,""ProviderGuid"":""{54849625-5478-4994-A5BA-3E3B0328C30D}"",""SourceName"":""Microsoft-Windows-Security-Auditing"",""OpcodeValue"":0,""EventTime"":""2022-04-15 08:06:07"",""SubjectUserSid"":""S-1-5-18"",""host"":""cybertees.net"",""SeverityValue"":2,""ExecutionProcessID"":4,""Category"":""Token Right Adjusted Events"",""SubjectLogonId"":""0x3e7"",""TargetUserName"":""WORKSTATION5$"",""SourceModuleName"":""eventlog"",""Message"":""A token right was adjusted.\r\n\r\nSubject:\r\n\tSecurity ID:\t\tS-1-5-18\r\n\tAccount Name:\t\tWORKSTATION5$\r\n\tAccount Domain:\t\tCybertees\r\n\tLogon ID:\t\t0x3E7\r\n\r\nTarget Account:\r\n\tSecurity ID:\t\tS-1-5-18\r\n\tAccount Name:\t\tWORKSTATION5$\r\n\tAccount Domain:\t\tCybertees\r\n\tLogon ID:\t\t0x3E7\r\n\r\nProcess Information:\r\n\tProcess ID:\t\t0xcac\r\n\tProcess Name:\t\tC:\\Windows\\System32\\svchost.exe\r\n\r\nEnabled Privileges:\r\n\t\t\tSeAssignPrimaryTokenPrivilege\r\n\t\t\tSeIncreaseQuotaPrivilege\r\n\t\t\tSeSecurityPrivilege\r\n\t\t\tSeTakeOwnershipPrivilege\r\n\t\t\tSeLoadDriverPrivilege\r\n\t\t\tSeBackupPrivilege\r\n\t\t\tSeRestorePrivilege\r\n\t\t\tSeShutdownPrivilege\r\n\r\nDisabled Privileges:\r\n\t\t\t-"",""port"":60427,""TargetUserSid"":""S-1-5-18"",""timestamp"":""2022-04-15T12:06:09.316Z"",""ThreadID"":2916,""SubjectUserName"":""WORKSTATION5$"",""Severity"":""INFO"",""ProcessName"":""C:\\Windows\\System32\\svchost.exe"",""DisabledPrivilegeList"":""-"",""EventType"":""AUDIT_SUCCESS"",""Channel"":""Security"",""TargetLogonId"":""0x3e7"",""Opcode"":""Info"",""EnabledPrivilegeList"":""SeAssignPrimaryTokenPrivilege\r\n\t\t\tSeIncreaseQuotaPrivilege\r\n\t\t\tSeSecurityPrivilege\r\n\t\t\tSeTakeOwnershipPrivilege\r\n\t\t\tSeLoadDriverPrivilege\r\n\t\t\tSeBackupPrivilege\r\n\t\t\tSeRestorePrivilege\r\n\t\t\tSeShutdownPrivilege"",""EventReceivedTime"":""2022-04-15 08:06:09"",""@version"":""1"",""Task"":13317,""SubjectDomainName"":""Cybertees"",""SourceModuleType"":""im_msvistalog"",""TargetDomainName"":""Cybertees"",""Hostname"":""James.browne"",""Keywords"":-9214364837600034816,""Version"":0,""ProcessId"":""0xcac""}",2022-04-15T08:06:07.000+0000,8,15,6,april,7,friday,2022,local,,AUDIT_SUCCESS,cybertees.net,cyber-host,windowslogs,1,60427,"{"""":[""""],"""":,"""":,"""":""{----}"","""":""---"","""":,"""":""--_:",Event_logs.json,_json,ip-10-10-40-195,,splunk,,2022-04-15T12:06:09.316Z,
1,,,,,,,,,,,Token Right Adjusted Events,Security,,,,,,,,,,,,,,,,,-,,,,"SeAssignPrimaryTokenPrivilege
			SeIncreaseQuotaPrivilege
			SeSecurityPrivilege
			SeTakeOwnershipPrivilege
			SeLoadDriverPrivilege
			SeBackupPrivilege
			SeRestorePrivilege
			SeShutdownPrivilege",,4703,,2022-04-15 8:06:09,2022-04-15 8:06:07,,4,,,,,,,James.browne,,,,,,,,,,-9214364837600034816,,,,,,,,,"A token right was adjusted.

Subject:
	Security ID:		S-1-5-18
	Account Name:		WORKSTATION5$
	Account Domain:		Cybertees
	Logon ID:		0x3E7

Target Account:
	Security ID:		S-1-5-18
	Account Name:		WORKSTATION5$
	Account Domain:		Cybertees
	Logon ID:		0x3E7

Process Information:
	Process ID:		0xcac
	Process Name:		C:\Windows\System32\svchost.exe

Enabled Privileges:
			SeAssignPrimaryTokenPrivilege
			SeIncreaseQuotaPrivilege
			SeSecurityPrivilege
			SeTakeOwnershipPrivilege
			SeLoadDriverPrivilege
			SeBackupPrivilege
			SeRestorePrivilege
			SeShutdownPrivilege

Disabled Privileges:
			-",,,,,,,,Info,0,,,,,,,,,,,0xcac,C:\Windows\System32\svchost.exe,,,{54849625-5478-4994-A5BA-3E3B0328C30D},,,,73596,,,,,,,,,INFO,2,,,,,,,,,,,,eventlog,im_msvistalog,Microsoft-Windows-Security-Auditing,,,,,,,Cybertees,0x3e7,WORKSTATION5$,S-1-5-18,Cybertees,,,,,0x3e7,,,,,,WORKSTATION5$,S-1-5-18,13317,,,,2916,,,,,,,0,,,"{""tags"":[""splunk""],""EventID"":4703,""RecordNumber"":73596,""ProviderGuid"":""{54849625-5478-4994-A5BA-3E3B0328C30D}"",""SourceName"":""Microsoft-Windows-Security-Auditing"",""OpcodeValue"":0,""EventTime"":""2022-04-15 08:06:07"",""SubjectUserSid"":""S-1-5-18"",""host"":""cybertees.net"",""SeverityValue"":2,""ExecutionProcessID"":4,""Category"":""Token Right Adjusted Events"",""SubjectLogonId"":""0x3e7"",""TargetUserName"":""WORKSTATION5$"",""SourceModuleName"":""eventlog"",""Message"":""A token right was adjusted.\r\n\r\nSubject:\r\n\tSecurity ID:\t\tS-1-5-18\r\n\tAccount Name:\t\tWORKSTATION5$\r\n\tAccount Domain:\t\tCybertees\r\n\tLogon ID:\t\t0x3E7\r\n\r\nTarget Account:\r\n\tSecurity ID:\t\tS-1-5-18\r\n\tAccount Name:\t\tWORKSTATION5$\r\n\tAccount Domain:\t\tCybertees\r\n\tLogon ID:\t\t0x3E7\r\n\r\nProcess Information:\r\n\tProcess ID:\t\t0xcac\r\n\tProcess Name:\t\tC:\\Windows\\System32\\svchost.exe\r\n\r\nEnabled Privileges:\r\n\t\t\tSeAssignPrimaryTokenPrivilege\r\n\t\t\tSeIncreaseQuotaPrivilege\r\n\t\t\tSeSecurityPrivilege\r\n\t\t\tSeTakeOwnershipPrivilege\r\n\t\t\tSeLoadDriverPrivilege\r\n\t\t\tSeBackupPrivilege\r\n\t\t\tSeRestorePrivilege\r\n\t\t\tSeShutdownPrivilege\r\n\r\nDisabled Privileges:\r\n\t\t\t-"",""port"":60427,""TargetUserSid"":""S-1-5-18"",""timestamp"":""2022-04-15T12:06:09.316Z"",""ThreadID"":2916,""SubjectUserName"":""WORKSTATION5$"",""Severity"":""INFO"",""ProcessName"":""C:\\Windows\\System32\\svchost.exe"",""DisabledPrivilegeList"":""-"",""EventType"":""AUDIT_SUCCESS"",""Channel"":""Security"",""TargetLogonId"":""0x3e7"",""Opcode"":""Info"",""EnabledPrivilegeList"":""SeAssignPrimaryTokenPrivilege\r\n\t\t\tSeIncreaseQuotaPrivilege\r\n\t\t\tSeSecurityPrivilege\r\n\t\t\tSeTakeOwnershipPrivilege\r\n\t\t\tSeLoadDriverPrivilege\r\n\t\t\tSeBackupPrivilege\r\n\t\t\tSeRestorePrivilege\r\n\t\t\tSeShutdownPrivilege"",""EventReceivedTime"":""2022-04-15 08:06:09"",""@version"":""1"",""Task"":13317,""SubjectDomainName"":""Cybertees"",""SourceModuleType"":""im_msvistalog"",""TargetDomainName"":""Cybertees"",""Hostname"":""James.browne"",""Keywords"":-9214364837600034816,""Version"":0,""ProcessId"":""0xcac""}",2022-04-15T08:06:07.000+0000,8,15,6,april,7,friday,2022,local,,AUDIT_SUCCESS,cybertees.net,cyber-host,windowslogs,1,60427,"{"""":[""""],"""":,"""":,"""":""{----}"","""":""---"","""":,"""":""--_:",Event_logs.json,_json,ip-10-10-40-195,,splunk,,2022-04-15T12:06:09.316Z,
1,,,,,,,,,,,Token Right Adjusted Events,Security,,,,,,,,,,,,,,,,,-,,,,"SeAssignPrimaryTokenPrivilege
			SeIncreaseQuotaPrivilege
			SeSecurityPrivilege
			SeTakeOwnershipPrivilege
			SeLoadDriverPrivilege
			SeBackupPrivilege
			SeRestorePrivilege
			SeShutdownPrivilege",,4703,,2022-04-15 8:06:09,2022-04-15 8:06:07,,4,,,,,,,James.browne,,,,,,,,,,-9214364837600034816,,,,,,,,,"A token right was adjusted.

Subject:
	Security ID:		S-1-5-18
	Account Name:		WORKSTATION5$
	Account Domain:		Cybertees
	Logon ID:		0x3E7

Target Account:
	Security ID:		S-1-5-18
	Account Name:		WORKSTATION5$
	Account Domain:		Cybertees
	Logon ID:		0x3E7

Process Information:
	Process ID:		0xcac
	Process Name:		C:\Windows\System32\svchost.exe

Enabled Privileges:
			SeAssignPrimaryTokenPrivilege
			SeIncreaseQuotaPrivilege
			SeSecurityPrivilege
			SeTakeOwnershipPrivilege
			SeLoadDriverPrivilege
			SeBackupPrivilege
			SeRestorePrivilege
			SeShutdownPrivilege

Disabled Privileges:
			-",,,,,,,,Info,0,,,,,,,,,,,0xcac,C:\Windows\System32\svchost.exe,,,{54849625-5478-4994-A5BA-3E3B0328C30D},,,,73595,,,,,,,,,INFO,2,,,,,,,,,,,,eventlog,im_msvistalog,Microsoft-Windows-Security-Auditing,,,,,,,Cybertees,0x3e7,WORKSTATION5$,S-1-5-18,Cybertees,,,,,0x3e7,,,,,,WORKSTATION5$,S-1-5-18,13317,,,,2916,,,,,,,0,,,"{""tags"":[""splunk""],""EventID"":4703,""RecordNumber"":73595,""ProviderGuid"":""{54849625-5478-4994-A5BA-3E3B0328C30D}"",""SourceName"":""Microsoft-Windows-Security-Auditing"",""OpcodeValue"":0,""EventTime"":""2022-04-15 08:06:07"",""SubjectUserSid"":""S-1-5-18"",""host"":""cybertees.net"",""SeverityValue"":2,""ExecutionProcessID"":4,""Category"":""Token Right Adjusted Events"",""SubjectLogonId"":""0x3e7"",""TargetUserName"":""WORKSTATION5$"",""SourceModuleName"":""eventlog"",""Message"":""A token right was adjusted.\r\n\r\nSubject:\r\n\tSecurity ID:\t\tS-1-5-18\r\n\tAccount Name:\t\tWORKSTATION5$\r\n\tAccount Domain:\t\tCybertees\r\n\tLogon ID:\t\t0x3E7\r\n\r\nTarget Account:\r\n\tSecurity ID:\t\tS-1-5-18\r\n\tAccount Name:\t\tWORKSTATION5$\r\n\tAccount Domain:\t\tCybertees\r\n\tLogon ID:\t\t0x3E7\r\n\r\nProcess Information:\r\n\tProcess ID:\t\t0xcac\r\n\tProcess Name:\t\tC:\\Windows\\System32\\svchost.exe\r\n\r\nEnabled Privileges:\r\n\t\t\tSeAssignPrimaryTokenPrivilege\r\n\t\t\tSeIncreaseQuotaPrivilege\r\n\t\t\tSeSecurityPrivilege\r\n\t\t\tSeTakeOwnershipPrivilege\r\n\t\t\tSeLoadDriverPrivilege\r\n\t\t\tSeBackupPrivilege\r\n\t\t\tSeRestorePrivilege\r\n\t\t\tSeShutdownPrivilege\r\n\r\nDisabled Privileges:\r\n\t\t\t-"",""port"":60427,""TargetUserSid"":""S-1-5-18"",""timestamp"":""2022-04-15T12:06:09.316Z"",""ThreadID"":2916,""SubjectUserName"":""WORKSTATION5$"",""Severity"":""INFO"",""ProcessName"":""C:\\Windows\\System32\\svchost.exe"",""DisabledPrivilegeList"":""-"",""EventType"":""AUDIT_SUCCESS"",""Channel"":""Security"",""TargetLogonId"":""0x3e7"",""Opcode"":""Info"",""EnabledPrivilegeList"":""SeAssignPrimaryTokenPrivilege\r\n\t\t\tSeIncreaseQuotaPrivilege\r\n\t\t\tSeSecurityPrivilege\r\n\t\t\tSeTakeOwnershipPrivilege\r\n\t\t\tSeLoadDriverPrivilege\r\n\t\t\tSeBackupPrivilege\r\n\t\t\tSeRestorePrivilege\r\n\t\t\tSeShutdownPrivilege"",""EventReceivedTime"":""2022-04-15 08:06:09"",""@version"":""1"",""Task"":13317,""SubjectDomainName"":""Cybertees"",""SourceModuleType"":""im_msvistalog"",""TargetDomainName"":""Cybertees"",""Hostname"":""James.browne"",""Keywords"":-9214364837600034816,""Version"":0,""ProcessId"":""0xcac""}",2022-04-15T08:06:07.000+0000,8,15,6,april,7,friday,2022,local,,AUDIT_SUCCESS,cybertees.net,cyber-host,windowslogs,1,60427,"{"""":[""""],"""":,"""":,"""":""{----}"","""":""---"","""":,"""":""--_:",Event_logs.json,_json,ip-10-10-40-195,,splunk,,2022-04-15T12:06:09.316Z,
1,,,,,,,,,,,Token Right Adjusted Events,Security,,,,,,,,,,,,,,,,,-,,,,"SeAssignPrimaryTokenPrivilege
			SeIncreaseQuotaPrivilege
			SeSecurityPrivilege
			SeTakeOwnershipPrivilege
			SeLoadDriverPrivilege
			SeBackupPrivilege
			SeRestorePrivilege
			SeShutdownPrivilege",,4703,,2022-04-15 8:06:09,2022-04-15 8:06:07,,4,,,,,,,James.browne,,,,,,,,,,-9214364837600034816,,,,,,,,,"A token right was adjusted.

Subject:
	Security ID:		S-1-5-18
	Account Name:		WORKSTATION5$
	Account Domain:		Cybertees
	Logon ID:		0x3E7

Target Account:
	Security ID:		S-1-5-18
	Account Name:		WORKSTATION5$
	Account Domain:		Cybertees
	Logon ID:		0x3E7

Process Information:
	Process ID:		0xcac
	Process Name:		C:\Windows\System32\svchost.exe

Enabled Privileges:
			SeAssignPrimaryTokenPrivilege
			SeIncreaseQuotaPrivilege
			SeSecurityPrivilege
			SeTakeOwnershipPrivilege
			SeLoadDriverPrivilege
			SeBackupPrivilege
			SeRestorePrivilege
			SeShutdownPrivilege

Disabled Privileges:
			-",,,,,,,,Info,0,,,,,,,,,,,0xcac,C:\Windows\System32\svchost.exe,,,{54849625-5478-4994-A5BA-3E3B0328C30D},,,,73594,,,,,,,,,INFO,2,,,,,,,,,,,,eventlog,im_msvistalog,Microsoft-Windows-Security-Auditing,,,,,,,Cybertees,0x3e7,WORKSTATION5$,S-1-5-18,Cybertees,,,,,0x3e7,,,,,,WORKSTATION5$,S-1-5-18,13317,,,,2916,,,,,,,0,,,"{""tags"":[""splunk""],""EventID"":4703,""RecordNumber"":73594,""ProviderGuid"":""{54849625-5478-4994-A5BA-3E3B0328C30D}"",""SourceName"":""Microsoft-Windows-Security-Auditing"",""OpcodeValue"":0,""EventTime"":""2022-04-15 08:06:07"",""SubjectUserSid"":""S-1-5-18"",""host"":""cybertees.net"",""SeverityValue"":2,""ExecutionProcessID"":4,""Category"":""Token Right Adjusted Events"",""SubjectLogonId"":""0x3e7"",""TargetUserName"":""WORKSTATION5$"",""SourceModuleName"":""eventlog"",""Message"":""A token right was adjusted.\r\n\r\nSubject:\r\n\tSecurity ID:\t\tS-1-5-18\r\n\tAccount Name:\t\tWORKSTATION5$\r\n\tAccount Domain:\t\tCybertees\r\n\tLogon ID:\t\t0x3E7\r\n\r\nTarget Account:\r\n\tSecurity ID:\t\tS-1-5-18\r\n\tAccount Name:\t\tWORKSTATION5$\r\n\tAccount Domain:\t\tCybertees\r\n\tLogon ID:\t\t0x3E7\r\n\r\nProcess Information:\r\n\tProcess ID:\t\t0xcac\r\n\tProcess Name:\t\tC:\\Windows\\System32\\svchost.exe\r\n\r\nEnabled Privileges:\r\n\t\t\tSeAssignPrimaryTokenPrivilege\r\n\t\t\tSeIncreaseQuotaPrivilege\r\n\t\t\tSeSecurityPrivilege\r\n\t\t\tSeTakeOwnershipPrivilege\r\n\t\t\tSeLoadDriverPrivilege\r\n\t\t\tSeBackupPrivilege\r\n\t\t\tSeRestorePrivilege\r\n\t\t\tSeShutdownPrivilege\r\n\r\nDisabled Privileges:\r\n\t\t\t-"",""port"":60427,""TargetUserSid"":""S-1-5-18"",""timestamp"":""2022-04-15T12:06:09.316Z"",""ThreadID"":2916,""SubjectUserName"":""WORKSTATION5$"",""Severity"":""INFO"",""ProcessName"":""C:\\Windows\\System32\\svchost.exe"",""DisabledPrivilegeList"":""-"",""EventType"":""AUDIT_SUCCESS"",""Channel"":""Security"",""TargetLogonId"":""0x3e7"",""Opcode"":""Info"",""EnabledPrivilegeList"":""SeAssignPrimaryTokenPrivilege\r\n\t\t\tSeIncreaseQuotaPrivilege\r\n\t\t\tSeSecurityPrivilege\r\n\t\t\tSeTakeOwnershipPrivilege\r\n\t\t\tSeLoadDriverPrivilege\r\n\t\t\tSeBackupPrivilege\r\n\t\t\tSeRestorePrivilege\r\n\t\t\tSeShutdownPrivilege"",""EventReceivedTime"":""2022-04-15 08:06:09"",""@version"":""1"",""Task"":13317,""SubjectDomainName"":""Cybertees"",""SourceModuleType"":""im_msvistalog"",""TargetDomainName"":""Cybertees"",""Hostname"":""James.browne"",""Keywords"":-9214364837600034816,""Version"":0,""ProcessId"":""0xcac""}",2022-04-15T08:06:07.000+0000,8,15,6,april,7,friday,2022,local,,AUDIT_SUCCESS,cybertees.net,cyber-host,windowslogs,1,60427,"{"""":[""""],"""":,"""":,"""":""{----}"","""":""---"","""":,"""":""--_:",Event_logs.json,_json,ip-10-10-40-195,,splunk,,2022-04-15T12:06:09.316Z,
1,,,,,,,,,,,Token Right Adjusted Events,Security,,,,,,,,,,,,,,,,,-,,,,"SeAssignPrimaryTokenPrivilege
			SeIncreaseQuotaPrivilege
			SeSecurityPrivilege
			SeTakeOwnershipPrivilege
			SeLoadDriverPrivilege
			SeBackupPrivilege
			SeRestorePrivilege
			SeShutdownPrivilege",,4703,,2022-04-15 8:06:09,2022-04-15 8:06:07,,4,,,,,,,James.browne,,,,,,,,,,-9214364837600034816,,,,,,,,,"A token right was adjusted.

Subject:
	Security ID:		S-1-5-18
	Account Name:		WORKSTATION5$
	Account Domain:		Cybertees
	Logon ID:		0x3E7

Target Account:
	Security ID:		S-1-5-18
	Account Name:		WORKSTATION5$
	Account Domain:		Cybertees
	Logon ID:		0x3E7

Process Information:
	Process ID:		0xcac
	Process Name:		C:\Windows\System32\svchost.exe

Enabled Privileges:
			SeAssignPrimaryTokenPrivilege
			SeIncreaseQuotaPrivilege
			SeSecurityPrivilege
			SeTakeOwnershipPrivilege
			SeLoadDriverPrivilege
			SeBackupPrivilege
			SeRestorePrivilege
			SeShutdownPrivilege

Disabled Privileges:
			-",,,,,,,,Info,0,,,,,,,,,,,0xcac,C:\Windows\System32\svchost.exe,,,{54849625-5478-4994-A5BA-3E3B0328C30D},,,,73593,,,,,,,,,INFO,2,,,,,,,,,,,,eventlog,im_msvistalog,Microsoft-Windows-Security-Auditing,,,,,,,Cybertees,0x3e7,WORKSTATION5$,S-1-5-18,Cybertees,,,,,0x3e7,,,,,,WORKSTATION5$,S-1-5-18,13317,,,,2916,,,,,,,0,,,"{""tags"":[""splunk""],""EventID"":4703,""RecordNumber"":73593,""ProviderGuid"":""{54849625-5478-4994-A5BA-3E3B0328C30D}"",""SourceName"":""Microsoft-Windows-Security-Auditing"",""OpcodeValue"":0,""EventTime"":""2022-04-15 08:06:07"",""SubjectUserSid"":""S-1-5-18"",""host"":""cybertees.net"",""SeverityValue"":2,""ExecutionProcessID"":4,""Category"":""Token Right Adjusted Events"",""SubjectLogonId"":""0x3e7"",""TargetUserName"":""WORKSTATION5$"",""SourceModuleName"":""eventlog"",""Message"":""A token right was adjusted.\r\n\r\nSubject:\r\n\tSecurity ID:\t\tS-1-5-18\r\n\tAccount Name:\t\tWORKSTATION5$\r\n\tAccount Domain:\t\tCybertees\r\n\tLogon ID:\t\t0x3E7\r\n\r\nTarget Account:\r\n\tSecurity ID:\t\tS-1-5-18\r\n\tAccount Name:\t\tWORKSTATION5$\r\n\tAccount Domain:\t\tCybertees\r\n\tLogon ID:\t\t0x3E7\r\n\r\nProcess Information:\r\n\tProcess ID:\t\t0xcac\r\n\tProcess Name:\t\tC:\\Windows\\System32\\svchost.exe\r\n\r\nEnabled Privileges:\r\n\t\t\tSeAssignPrimaryTokenPrivilege\r\n\t\t\tSeIncreaseQuotaPrivilege\r\n\t\t\tSeSecurityPrivilege\r\n\t\t\tSeTakeOwnershipPrivilege\r\n\t\t\tSeLoadDriverPrivilege\r\n\t\t\tSeBackupPrivilege\r\n\t\t\tSeRestorePrivilege\r\n\t\t\tSeShutdownPrivilege\r\n\r\nDisabled Privileges:\r\n\t\t\t-"",""port"":60427,""TargetUserSid"":""S-1-5-18"",""timestamp"":""2022-04-15T12:06:09.316Z"",""ThreadID"":2916,""SubjectUserName"":""WORKSTATION5$"",""Severity"":""INFO"",""ProcessName"":""C:\\Windows\\System32\\svchost.exe"",""DisabledPrivilegeList"":""-"",""EventType"":""AUDIT_SUCCESS"",""Channel"":""Security"",""TargetLogonId"":""0x3e7"",""Opcode"":""Info"",""EnabledPrivilegeList"":""SeAssignPrimaryTokenPrivilege\r\n\t\t\tSeIncreaseQuotaPrivilege\r\n\t\t\tSeSecurityPrivilege\r\n\t\t\tSeTakeOwnershipPrivilege\r\n\t\t\tSeLoadDriverPrivilege\r\n\t\t\tSeBackupPrivilege\r\n\t\t\tSeRestorePrivilege\r\n\t\t\tSeShutdownPrivilege"",""EventReceivedTime"":""2022-04-15 08:06:09"",""@version"":""1"",""Task"":13317,""SubjectDomainName"":""Cybertees"",""SourceModuleType"":""im_msvistalog"",""TargetDomainName"":""Cybertees"",""Hostname"":""James.browne"",""Keywords"":-9214364837600034816,""Version"":0,""ProcessId"":""0xcac""}",2022-04-15T08:06:07.000+0000,8,15,6,april,7,friday,2022,local,,AUDIT_SUCCESS,cybertees.net,cyber-host,windowslogs,1,60427,"{"""":[""""],"""":,"""":,"""":""{----}"","""":""---"","""":,"""":""--_:",Event_logs.json,_json,ip-10-10-40-195,,splunk,,2022-04-15T12:06:09.316Z,
1,,,,SYSTEM,User,,,,,C:\windows\SYSTEM32\ntdll.dll+9c534|C:\windows\SYSTEM32\psmserviceexthost.dll+222a3|C:\windows\SYSTEM32\psmserviceexthost.dll+1a172|C:\windows\SYSTEM32\psmserviceexthost.dll+19e3b|C:\windows\SYSTEM32\psmserviceexthost.dll+19318|C:\windows\SYSTEM32\ntdll.dll+3081d|C:\windows\SYSTEM32\ntdll.dll+345b4|C:\windows\System32\KERNEL32.DLL+17bd4|C:\windows\SYSTEM32\ntdll.dll+6ce51,Process accessed (rule: ProcessAccess),Microsoft-Windows-Sysmon/Operational,,,,,,,,,,,,,,,,,,NT AUTHORITY,,,,,10,,2022-04-15 8:06:09,2022-04-15 8:06:08,,3348,,,0x1000,,,,Micheal.Beaven,,,,,,,,,,-9223372036854775808,,,,,,,,,"Process accessed:
RuleName: -
UtcTime: 2022-04-15 12:06:08.156
SourceProcessGUID: {83d0c8c3-43cb-5f5f-1000-000000000400}
SourceProcessId: 900
SourceThreadId: 976
SourceImage: C:\windows\system32\svchost.exe
TargetProcessGUID: {83d0c8c3-4479-5f5f-5602-000000000400}
TargetProcessId: 1268
TargetImage: C:\windows\System32\svchost.exe
GrantedAccess: 0x1000
CallTrace: C:\windows\SYSTEM32\ntdll.dll+9c534|C:\windows\SYSTEM32\psmserviceexthost.dll+222a3|C:\windows\SYSTEM32\psmserviceexthost.dll+1a172|C:\windows\SYSTEM32\psmserviceexthost.dll+19e3b|C:\windows\SYSTEM32\psmserviceexthost.dll+19318|C:\windows\SYSTEM32\ntdll.dll+3081d|C:\windows\SYSTEM32\ntdll.dll+345b4|C:\windows\System32\KERNEL32.DLL+17bd4|C:\windows\SYSTEM32\ntdll.dll+6ce51",,,,,,,,Info,0,,,,,,,,,,,900,,,,{5770385F-C22A-43E0-BF4C-06F5698FFBD9},,,,183258,,,,,,,-,,INFO,2,,,,,,,,,C:\windows\system32\svchost.exe,,,eventlog,im_msvistalog,Microsoft-Windows-Sysmon,,,{83d0c8c3-43cb-5f5f-1000-000000000400},900,976,,,,,,,,,C:\windows\System32\svchost.exe,,,,,,{83d0c8c3-4479-5f5f-5602-000000000400},1268,,,10,,,,4532,,,,,S-1-5-18,2022-04-15 12:06:08,3,,,"{""EventID"":10,""RecordNumber"":183258,""ProviderGuid"":""{5770385F-C22A-43E0-BF4C-06F5698FFBD9}"",""SourceName"":""Microsoft-Windows-Sysmon"",""OpcodeValue"":0,""AccountName"":""SYSTEM"",""SourceImage"":""C:\\windows\\system32\\svchost.exe"",""SourceModuleName"":""eventlog"",""ExecutionProcessID"":3348,""AccountType"":""User"",""Category"":""Process accessed (rule: ProcessAccess)"",""SourceProcessId"":""900"",""Domain"":""NT AUTHORITY"",""port"":60427,""ThreadID"":4532,""Severity"":""INFO"",""EventType"":""INFO"",""Channel"":""Microsoft-Windows-Sysmon/Operational"",""Opcode"":""Info"",""EventReceivedTime"":""2022-04-15 08:06:09"",""Task"":10,""RuleName"":""-"",""Keywords"":-9223372036854775808,""Version"":3,""ProcessId"":""900"",""tags"":[""splunk""],""GrantedAccess"":""0x1000"",""SourceProcessGUID"":""{83d0c8c3-43cb-5f5f-1000-000000000400}"",""EventTime"":""2022-04-15 08:06:08"",""host"":""cybertees.net"",""SeverityValue"":2,""CallTrace"":""C:\\windows\\SYSTEM32\\ntdll.dll+9c534|C:\\windows\\SYSTEM32\\psmserviceexthost.dll+222a3|C:\\windows\\SYSTEM32\\psmserviceexthost.dll+1a172|C:\\windows\\SYSTEM32\\psmserviceexthost.dll+19e3b|C:\\windows\\SYSTEM32\\psmserviceexthost.dll+19318|C:\\windows\\SYSTEM32\\ntdll.dll+3081d|C:\\windows\\SYSTEM32\\ntdll.dll+345b4|C:\\windows\\System32\\KERNEL32.DLL+17bd4|C:\\windows\\SYSTEM32\\ntdll.dll+6ce51"",""Message"":""Process accessed:\r\nRuleName: -\r\nUtcTime: 2022-04-15 12:06:08.156\r\nSourceProcessGUID: {83d0c8c3-43cb-5f5f-1000-000000000400}\r\nSourceProcessId: 900\r\nSourceThreadId: 976\r\nSourceImage: C:\\windows\\system32\\svchost.exe\r\nTargetProcessGUID: {83d0c8c3-4479-5f5f-5602-000000000400}\r\nTargetProcessId: 1268\r\nTargetImage: C:\\windows\\System32\\svchost.exe\r\nGrantedAccess: 0x1000\r\nCallTrace: C:\\windows\\SYSTEM32\\ntdll.dll+9c534|C:\\windows\\SYSTEM32\\psmserviceexthost.dll+222a3|C:\\windows\\SYSTEM32\\psmserviceexthost.dll+1a172|C:\\windows\\SYSTEM32\\psmserviceexthost.dll+19e3b|C:\\windows\\SYSTEM32\\psmserviceexthost.dll+19318|C:\\windows\\SYSTEM32\\ntdll.dll+3081d|C:\\windows\\SYSTEM32\\ntdll.dll+345b4|C:\\windows\\System32\\KERNEL32.DLL+17bd4|C:\\windows\\SYSTEM32\\ntdll.dll+6ce51"",""UtcTime"":""2022-04-15 12:06:08.156"",""UserID"":""S-1-5-18"",""timestamp"":""2022-04-15T12:06:09.316Z"",""TargetProcessId"":""1268"",""SourceThreadId"":""976"",""@version"":""1"",""TargetProcessGUID"":""{83d0c8c3-4479-5f5f-5602-000000000400}"",""SourceModuleType"":""im_msvistalog"",""TargetImage"":""C:\\windows\\System32\\svchost.exe"",""Hostname"":""Micheal.Beaven""}",2022-04-15T08:06:07.000+0000,8,15,6,april,7,friday,2022,local,,INFO,cybertees.net,cyber-host,windowslogs,1,60427,"{"""":,"""":,"""":""{----}"","""":""--"","""":,"""":"""","""":"":\\\\\\",Event_logs.json,_json,ip-10-10-40-195,,splunk,,2022-04-15T12:06:09.316Z,
1,,,,,,,,,,,Token Right Adjusted Events,Security,,,,,,,,,,,,,,,,,-,,,,"SeAssignPrimaryTokenPrivilege
			SeIncreaseQuotaPrivilege
			SeSecurityPrivilege
			SeTakeOwnershipPrivilege
			SeLoadDriverPrivilege
			SeBackupPrivilege
			SeRestorePrivilege
			SeShutdownPrivilege",,4703,,2022-04-15 8:06:09,2022-04-15 8:06:07,,4,,,,,,,James.browne,,,,,,,,,,-9214364837600034816,,,,,,,,,"A token right was adjusted.

Subject:
	Security ID:		S-1-5-18
	Account Name:		WORKSTATION5$
	Account Domain:		Cybertees
	Logon ID:		0x3E7

Target Account:
	Security ID:		S-1-5-18
	Account Name:		WORKSTATION5$
	Account Domain:		Cybertees
	Logon ID:		0x3E7

Process Information:
	Process ID:		0xcac
	Process Name:		C:\Windows\System32\svchost.exe

Enabled Privileges:
			SeAssignPrimaryTokenPrivilege
			SeIncreaseQuotaPrivilege
			SeSecurityPrivilege
			SeTakeOwnershipPrivilege
			SeLoadDriverPrivilege
			SeBackupPrivilege
			SeRestorePrivilege
			SeShutdownPrivilege

Disabled Privileges:
			-",,,,,,,,Info,0,,,,,,,,,,,0xcac,C:\Windows\System32\svchost.exe,,,{54849625-5478-4994-A5BA-3E3B0328C30D},,,,73592,,,,,,,,,INFO,2,,,,,,,,,,,,eventlog,im_msvistalog,Microsoft-Windows-Security-Auditing,,,,,,,Cybertees,0x3e7,WORKSTATION5$,S-1-5-18,Cybertees,,,,,0x3e7,,,,,,WORKSTATION5$,S-1-5-18,13317,,,,2916,,,,,,,0,,,"{""tags"":[""splunk""],""EventID"":4703,""RecordNumber"":73592,""ProviderGuid"":""{54849625-5478-4994-A5BA-3E3B0328C30D}"",""SourceName"":""Microsoft-Windows-Security-Auditing"",""OpcodeValue"":0,""EventTime"":""2022-04-15 08:06:07"",""SubjectUserSid"":""S-1-5-18"",""host"":""cybertees.net"",""SeverityValue"":2,""ExecutionProcessID"":4,""Category"":""Token Right Adjusted Events"",""SubjectLogonId"":""0x3e7"",""TargetUserName"":""WORKSTATION5$"",""SourceModuleName"":""eventlog"",""Message"":""A token right was adjusted.\r\n\r\nSubject:\r\n\tSecurity ID:\t\tS-1-5-18\r\n\tAccount Name:\t\tWORKSTATION5$\r\n\tAccount Domain:\t\tCybertees\r\n\tLogon ID:\t\t0x3E7\r\n\r\nTarget Account:\r\n\tSecurity ID:\t\tS-1-5-18\r\n\tAccount Name:\t\tWORKSTATION5$\r\n\tAccount Domain:\t\tCybertees\r\n\tLogon ID:\t\t0x3E7\r\n\r\nProcess Information:\r\n\tProcess ID:\t\t0xcac\r\n\tProcess Name:\t\tC:\\Windows\\System32\\svchost.exe\r\n\r\nEnabled Privileges:\r\n\t\t\tSeAssignPrimaryTokenPrivilege\r\n\t\t\tSeIncreaseQuotaPrivilege\r\n\t\t\tSeSecurityPrivilege\r\n\t\t\tSeTakeOwnershipPrivilege\r\n\t\t\tSeLoadDriverPrivilege\r\n\t\t\tSeBackupPrivilege\r\n\t\t\tSeRestorePrivilege\r\n\t\t\tSeShutdownPrivilege\r\n\r\nDisabled Privileges:\r\n\t\t\t-"",""port"":60427,""TargetUserSid"":""S-1-5-18"",""timestamp"":""2022-04-15T12:06:09.316Z"",""ThreadID"":2916,""SubjectUserName"":""WORKSTATION5$"",""Severity"":""INFO"",""ProcessName"":""C:\\Windows\\System32\\svchost.exe"",""DisabledPrivilegeList"":""-"",""EventType"":""AUDIT_SUCCESS"",""Channel"":""Security"",""TargetLogonId"":""0x3e7"",""Opcode"":""Info"",""EnabledPrivilegeList"":""SeAssignPrimaryTokenPrivilege\r\n\t\t\tSeIncreaseQuotaPrivilege\r\n\t\t\tSeSecurityPrivilege\r\n\t\t\tSeTakeOwnershipPrivilege\r\n\t\t\tSeLoadDriverPrivilege\r\n\t\t\tSeBackupPrivilege\r\n\t\t\tSeRestorePrivilege\r\n\t\t\tSeShutdownPrivilege"",""EventReceivedTime"":""2022-04-15 08:06:09"",""@version"":""1"",""Task"":13317,""SubjectDomainName"":""Cybertees"",""SourceModuleType"":""im_msvistalog"",""TargetDomainName"":""Cybertees"",""Hostname"":""James.browne"",""Keywords"":-9214364837600034816,""Version"":0,""ProcessId"":""0xcac""}",2022-04-15T08:06:07.000+0000,8,15,6,april,7,friday,2022,local,,AUDIT_SUCCESS,cybertees.net,cyber-host,windowslogs,1,60427,"{"""":[""""],"""":,"""":,"""":""{----}"","""":""---"","""":,"""":""--_:",Event_logs.json,_json,ip-10-10-40-195,,splunk,,2022-04-15T12:06:09.316Z,
1,,,,SYSTEM,User,,,,,C:\windows\SYSTEM32\ntdll.dll+9c534|C:\windows\SYSTEM32\psmserviceexthost.dll+222a3|C:\windows\SYSTEM32\psmserviceexthost.dll+1a172|C:\windows\SYSTEM32\psmserviceexthost.dll+19e3b|C:\windows\SYSTEM32\psmserviceexthost.dll+19318|C:\windows\SYSTEM32\ntdll.dll+3081d|C:\windows\SYSTEM32\ntdll.dll+345b4|C:\windows\System32\KERNEL32.DLL+17bd4|C:\windows\SYSTEM32\ntdll.dll+6ce51,Process accessed (rule: ProcessAccess),Microsoft-Windows-Sysmon/Operational,,,,,,,,,,,,,,,,,,NT AUTHORITY,,,,,10,,2022-04-15 8:06:09,2022-04-15 8:06:08,,3348,,,0x1000,,,,Micheal.Beaven,,,,,,,,,,-9223372036854775808,,,,,,,,,"Process accessed:
RuleName: -
UtcTime: 2022-04-15 12:06:08.156
SourceProcessGUID: {83d0c8c3-43cb-5f5f-1000-000000000400}
SourceProcessId: 900
SourceThreadId: 976
SourceImage: C:\windows\system32\svchost.exe
TargetProcessGUID: {83d0c8c3-4479-5f5f-5602-000000000400}
TargetProcessId: 1268
TargetImage: C:\windows\System32\svchost.exe
GrantedAccess: 0x1000
CallTrace: C:\windows\SYSTEM32\ntdll.dll+9c534|C:\windows\SYSTEM32\psmserviceexthost.dll+222a3|C:\windows\SYSTEM32\psmserviceexthost.dll+1a172|C:\windows\SYSTEM32\psmserviceexthost.dll+19e3b|C:\windows\SYSTEM32\psmserviceexthost.dll+19318|C:\windows\SYSTEM32\ntdll.dll+3081d|C:\windows\SYSTEM32\ntdll.dll+345b4|C:\windows\System32\KERNEL32.DLL+17bd4|C:\windows\SYSTEM32\ntdll.dll+6ce51",,,,,,,,Info,0,,,,,,,,,,,900,,,,{5770385F-C22A-43E0-BF4C-06F5698FFBD9},,,,183257,,,,,,,-,,INFO,2,,,,,,,,,C:\windows\system32\svchost.exe,,,eventlog,im_msvistalog,Microsoft-Windows-Sysmon,,,{83d0c8c3-43cb-5f5f-1000-000000000400},900,976,,,,,,,,,C:\windows\System32\svchost.exe,,,,,,{83d0c8c3-4479-5f5f-5602-000000000400},1268,,,10,,,,4532,,,,,S-1-5-18,2022-04-15 12:06:08,3,,,"{""EventID"":10,""RecordNumber"":183257,""ProviderGuid"":""{5770385F-C22A-43E0-BF4C-06F5698FFBD9}"",""SourceName"":""Microsoft-Windows-Sysmon"",""OpcodeValue"":0,""AccountName"":""SYSTEM"",""SourceImage"":""C:\\windows\\system32\\svchost.exe"",""SourceModuleName"":""eventlog"",""ExecutionProcessID"":3348,""AccountType"":""User"",""Category"":""Process accessed (rule: ProcessAccess)"",""SourceProcessId"":""900"",""Domain"":""NT AUTHORITY"",""port"":60427,""ThreadID"":4532,""Severity"":""INFO"",""EventType"":""INFO"",""Channel"":""Microsoft-Windows-Sysmon/Operational"",""Opcode"":""Info"",""EventReceivedTime"":""2022-04-15 08:06:09"",""Task"":10,""RuleName"":""-"",""Keywords"":-9223372036854775808,""Version"":3,""ProcessId"":""900"",""tags"":[""splunk""],""GrantedAccess"":""0x1000"",""SourceProcessGUID"":""{83d0c8c3-43cb-5f5f-1000-000000000400}"",""EventTime"":""2022-04-15 08:06:08"",""host"":""cybertees.net"",""SeverityValue"":2,""CallTrace"":""C:\\windows\\SYSTEM32\\ntdll.dll+9c534|C:\\windows\\SYSTEM32\\psmserviceexthost.dll+222a3|C:\\windows\\SYSTEM32\\psmserviceexthost.dll+1a172|C:\\windows\\SYSTEM32\\psmserviceexthost.dll+19e3b|C:\\windows\\SYSTEM32\\psmserviceexthost.dll+19318|C:\\windows\\SYSTEM32\\ntdll.dll+3081d|C:\\windows\\SYSTEM32\\ntdll.dll+345b4|C:\\windows\\System32\\KERNEL32.DLL+17bd4|C:\\windows\\SYSTEM32\\ntdll.dll+6ce51"",""Message"":""Process accessed:\r\nRuleName: -\r\nUtcTime: 2022-04-15 12:06:08.156\r\nSourceProcessGUID: {83d0c8c3-43cb-5f5f-1000-000000000400}\r\nSourceProcessId: 900\r\nSourceThreadId: 976\r\nSourceImage: C:\\windows\\system32\\svchost.exe\r\nTargetProcessGUID: {83d0c8c3-4479-5f5f-5602-000000000400}\r\nTargetProcessId: 1268\r\nTargetImage: C:\\windows\\System32\\svchost.exe\r\nGrantedAccess: 0x1000\r\nCallTrace: C:\\windows\\SYSTEM32\\ntdll.dll+9c534|C:\\windows\\SYSTEM32\\psmserviceexthost.dll+222a3|C:\\windows\\SYSTEM32\\psmserviceexthost.dll+1a172|C:\\windows\\SYSTEM32\\psmserviceexthost.dll+19e3b|C:\\windows\\SYSTEM32\\psmserviceexthost.dll+19318|C:\\windows\\SYSTEM32\\ntdll.dll+3081d|C:\\windows\\SYSTEM32\\ntdll.dll+345b4|C:\\windows\\System32\\KERNEL32.DLL+17bd4|C:\\windows\\SYSTEM32\\ntdll.dll+6ce51"",""UtcTime"":""2022-04-15 12:06:08.156"",""UserID"":""S-1-5-18"",""timestamp"":""2022-04-15T12:06:09.316Z"",""TargetProcessId"":""1268"",""SourceThreadId"":""976"",""@version"":""1"",""TargetProcessGUID"":""{83d0c8c3-4479-5f5f-5602-000000000400}"",""SourceModuleType"":""im_msvistalog"",""TargetImage"":""C:\\windows\\System32\\svchost.exe"",""Hostname"":""Micheal.Beaven""}",2022-04-15T08:06:07.000+0000,8,15,6,april,7,friday,2022,local,,INFO,cybertees.net,cyber-host,windowslogs,1,60427,"{"""":,"""":,"""":""{----}"","""":""--"","""":,"""":"""","""":"":\\\\\\",Event_logs.json,_json,ip-10-10-40-195,,splunk,,2022-04-15T12:06:09.316Z,
1,,,,,,,,,,,Token Right Adjusted Events,Security,,,,,,,,,,,,,,,,,-,,,,"SeAssignPrimaryTokenPrivilege
			SeIncreaseQuotaPrivilege
			SeSecurityPrivilege
			SeTakeOwnershipPrivilege
			SeLoadDriverPrivilege
			SeBackupPrivilege
			SeRestorePrivilege
			SeShutdownPrivilege",,4703,,2022-04-15 8:06:09,2022-04-15 8:06:07,,4,,,,,,,James.browne,,,,,,,,,,-9214364837600034816,,,,,,,,,"A token right was adjusted.

Subject:
	Security ID:		S-1-5-18
	Account Name:		WORKSTATION5$
	Account Domain:		Cybertees
	Logon ID:		0x3E7

Target Account:
	Security ID:		S-1-5-18
	Account Name:		WORKSTATION5$
	Account Domain:		Cybertees
	Logon ID:		0x3E7

Process Information:
	Process ID:		0xcac
	Process Name:		C:\Windows\System32\svchost.exe

Enabled Privileges:
			SeAssignPrimaryTokenPrivilege
			SeIncreaseQuotaPrivilege
			SeSecurityPrivilege
			SeTakeOwnershipPrivilege
			SeLoadDriverPrivilege
			SeBackupPrivilege
			SeRestorePrivilege
			SeShutdownPrivilege

Disabled Privileges:
			-",,,,,,,,Info,0,,,,,,,,,,,0xcac,C:\Windows\System32\svchost.exe,,,{54849625-5478-4994-A5BA-3E3B0328C30D},,,,73591,,,,,,,,,INFO,2,,,,,,,,,,,,eventlog,im_msvistalog,Microsoft-Windows-Security-Auditing,,,,,,,Cybertees,0x3e7,WORKSTATION5$,S-1-5-18,Cybertees,,,,,0x3e7,,,,,,WORKSTATION5$,S-1-5-18,13317,,,,2916,,,,,,,0,,,"{""tags"":[""splunk""],""EventID"":4703,""RecordNumber"":73591,""ProviderGuid"":""{54849625-5478-4994-A5BA-3E3B0328C30D}"",""SourceName"":""Microsoft-Windows-Security-Auditing"",""OpcodeValue"":0,""EventTime"":""2022-04-15 08:06:07"",""SubjectUserSid"":""S-1-5-18"",""host"":""cybertees.net"",""SeverityValue"":2,""ExecutionProcessID"":4,""Category"":""Token Right Adjusted Events"",""SubjectLogonId"":""0x3e7"",""TargetUserName"":""WORKSTATION5$"",""SourceModuleName"":""eventlog"",""Message"":""A token right was adjusted.\r\n\r\nSubject:\r\n\tSecurity ID:\t\tS-1-5-18\r\n\tAccount Name:\t\tWORKSTATION5$\r\n\tAccount Domain:\t\tCybertees\r\n\tLogon ID:\t\t0x3E7\r\n\r\nTarget Account:\r\n\tSecurity ID:\t\tS-1-5-18\r\n\tAccount Name:\t\tWORKSTATION5$\r\n\tAccount Domain:\t\tCybertees\r\n\tLogon ID:\t\t0x3E7\r\n\r\nProcess Information:\r\n\tProcess ID:\t\t0xcac\r\n\tProcess Name:\t\tC:\\Windows\\System32\\svchost.exe\r\n\r\nEnabled Privileges:\r\n\t\t\tSeAssignPrimaryTokenPrivilege\r\n\t\t\tSeIncreaseQuotaPrivilege\r\n\t\t\tSeSecurityPrivilege\r\n\t\t\tSeTakeOwnershipPrivilege\r\n\t\t\tSeLoadDriverPrivilege\r\n\t\t\tSeBackupPrivilege\r\n\t\t\tSeRestorePrivilege\r\n\t\t\tSeShutdownPrivilege\r\n\r\nDisabled Privileges:\r\n\t\t\t-"",""port"":60427,""TargetUserSid"":""S-1-5-18"",""timestamp"":""2022-04-15T12:06:09.313Z"",""ThreadID"":2916,""SubjectUserName"":""WORKSTATION5$"",""Severity"":""INFO"",""ProcessName"":""C:\\Windows\\System32\\svchost.exe"",""DisabledPrivilegeList"":""-"",""EventType"":""AUDIT_SUCCESS"",""Channel"":""Security"",""TargetLogonId"":""0x3e7"",""Opcode"":""Info"",""EnabledPrivilegeList"":""SeAssignPrimaryTokenPrivilege\r\n\t\t\tSeIncreaseQuotaPrivilege\r\n\t\t\tSeSecurityPrivilege\r\n\t\t\tSeTakeOwnershipPrivilege\r\n\t\t\tSeLoadDriverPrivilege\r\n\t\t\tSeBackupPrivilege\r\n\t\t\tSeRestorePrivilege\r\n\t\t\tSeShutdownPrivilege"",""EventReceivedTime"":""2022-04-15 08:06:09"",""@version"":""1"",""Task"":13317,""SubjectDomainName"":""Cybertees"",""SourceModuleType"":""im_msvistalog"",""TargetDomainName"":""Cybertees"",""Hostname"":""James.browne"",""Keywords"":-9214364837600034816,""Version"":0,""ProcessId"":""0xcac""}",2022-04-15T08:06:07.000+0000,8,15,6,april,7,friday,2022,local,,AUDIT_SUCCESS,cybertees.net,cyber-host,windowslogs,1,60427,"{"""":[""""],"""":,"""":,"""":""{----}"","""":""---"","""":,"""":""--_:",Event_logs.json,_json,ip-10-10-40-195,,splunk,,2022-04-15T12:06:09.313Z,
1,,,,SYSTEM,User,,,,,C:\windows\SYSTEM32\ntdll.dll+9c534|C:\windows\SYSTEM32\psmserviceexthost.dll+222a3|C:\windows\SYSTEM32\psmserviceexthost.dll+1a172|C:\windows\SYSTEM32\psmserviceexthost.dll+19e3b|C:\windows\SYSTEM32\psmserviceexthost.dll+19318|C:\windows\SYSTEM32\ntdll.dll+3081d|C:\windows\SYSTEM32\ntdll.dll+345b4|C:\windows\System32\KERNEL32.DLL+17bd4|C:\windows\SYSTEM32\ntdll.dll+6ce51,Process accessed (rule: ProcessAccess),Microsoft-Windows-Sysmon/Operational,,,,,,,,,,,,,,,,,,NT AUTHORITY,,,,,10,,2022-04-15 8:06:09,2022-04-15 8:06:08,,3348,,,0x1000,,,,Micheal.Beaven,,,,,,,,,,-9223372036854775808,,,,,,,,,"Process accessed:
RuleName: -
UtcTime: 2022-04-15 12:06:08.156
SourceProcessGUID: {83d0c8c3-43cb-5f5f-1000-000000000400}
SourceProcessId: 900
SourceThreadId: 1376
SourceImage: C:\windows\system32\svchost.exe
TargetProcessGUID: {83d0c8c3-4479-5f5f-5602-000000000400}
TargetProcessId: 1268
TargetImage: C:\windows\System32\svchost.exe
GrantedAccess: 0x1000
CallTrace: C:\windows\SYSTEM32\ntdll.dll+9c534|C:\windows\SYSTEM32\psmserviceexthost.dll+222a3|C:\windows\SYSTEM32\psmserviceexthost.dll+1a172|C:\windows\SYSTEM32\psmserviceexthost.dll+19e3b|C:\windows\SYSTEM32\psmserviceexthost.dll+19318|C:\windows\SYSTEM32\ntdll.dll+3081d|C:\windows\SYSTEM32\ntdll.dll+345b4|C:\windows\System32\KERNEL32.DLL+17bd4|C:\windows\SYSTEM32\ntdll.dll+6ce51",,,,,,,,Info,0,,,,,,,,,,,900,,,,{5770385F-C22A-43E0-BF4C-06F5698FFBD9},,,,183256,,,,,,,-,,INFO,2,,,,,,,,,C:\windows\system32\svchost.exe,,,eventlog,im_msvistalog,Microsoft-Windows-Sysmon,,,{83d0c8c3-43cb-5f5f-1000-000000000400},900,1376,,,,,,,,,C:\windows\System32\svchost.exe,,,,,,{83d0c8c3-4479-5f5f-5602-000000000400},1268,,,10,,,,4532,,,,,S-1-5-18,2022-04-15 12:06:08,3,,,"{""EventID"":10,""RecordNumber"":183256,""ProviderGuid"":""{5770385F-C22A-43E0-BF4C-06F5698FFBD9}"",""SourceName"":""Microsoft-Windows-Sysmon"",""OpcodeValue"":0,""AccountName"":""SYSTEM"",""SourceImage"":""C:\\windows\\system32\\svchost.exe"",""SourceModuleName"":""eventlog"",""ExecutionProcessID"":3348,""AccountType"":""User"",""Category"":""Process accessed (rule: ProcessAccess)"",""SourceProcessId"":""900"",""Domain"":""NT AUTHORITY"",""port"":60427,""ThreadID"":4532,""Severity"":""INFO"",""EventType"":""INFO"",""Channel"":""Microsoft-Windows-Sysmon/Operational"",""Opcode"":""Info"",""EventReceivedTime"":""2022-04-15 08:06:09"",""Task"":10,""RuleName"":""-"",""Keywords"":-9223372036854775808,""Version"":3,""ProcessId"":""900"",""tags"":[""splunk""],""GrantedAccess"":""0x1000"",""SourceProcessGUID"":""{83d0c8c3-43cb-5f5f-1000-000000000400}"",""EventTime"":""2022-04-15 08:06:08"",""host"":""cybertees.net"",""SeverityValue"":2,""CallTrace"":""C:\\windows\\SYSTEM32\\ntdll.dll+9c534|C:\\windows\\SYSTEM32\\psmserviceexthost.dll+222a3|C:\\windows\\SYSTEM32\\psmserviceexthost.dll+1a172|C:\\windows\\SYSTEM32\\psmserviceexthost.dll+19e3b|C:\\windows\\SYSTEM32\\psmserviceexthost.dll+19318|C:\\windows\\SYSTEM32\\ntdll.dll+3081d|C:\\windows\\SYSTEM32\\ntdll.dll+345b4|C:\\windows\\System32\\KERNEL32.DLL+17bd4|C:\\windows\\SYSTEM32\\ntdll.dll+6ce51"",""Message"":""Process accessed:\r\nRuleName: -\r\nUtcTime: 2022-04-15 12:06:08.156\r\nSourceProcessGUID: {83d0c8c3-43cb-5f5f-1000-000000000400}\r\nSourceProcessId: 900\r\nSourceThreadId: 1376\r\nSourceImage: C:\\windows\\system32\\svchost.exe\r\nTargetProcessGUID: {83d0c8c3-4479-5f5f-5602-000000000400}\r\nTargetProcessId: 1268\r\nTargetImage: C:\\windows\\System32\\svchost.exe\r\nGrantedAccess: 0x1000\r\nCallTrace: C:\\windows\\SYSTEM32\\ntdll.dll+9c534|C:\\windows\\SYSTEM32\\psmserviceexthost.dll+222a3|C:\\windows\\SYSTEM32\\psmserviceexthost.dll+1a172|C:\\windows\\SYSTEM32\\psmserviceexthost.dll+19e3b|C:\\windows\\SYSTEM32\\psmserviceexthost.dll+19318|C:\\windows\\SYSTEM32\\ntdll.dll+3081d|C:\\windows\\SYSTEM32\\ntdll.dll+345b4|C:\\windows\\System32\\KERNEL32.DLL+17bd4|C:\\windows\\SYSTEM32\\ntdll.dll+6ce51"",""UtcTime"":""2022-04-15 12:06:08.156"",""UserID"":""S-1-5-18"",""timestamp"":""2022-04-15T12:06:09.313Z"",""TargetProcessId"":""1268"",""SourceThreadId"":""1376"",""@version"":""1"",""TargetProcessGUID"":""{83d0c8c3-4479-5f5f-5602-000000000400}"",""SourceModuleType"":""im_msvistalog"",""TargetImage"":""C:\\windows\\System32\\svchost.exe"",""Hostname"":""Micheal.Beaven""}",2022-04-15T08:06:07.000+0000,8,15,6,april,7,friday,2022,local,,INFO,cybertees.net,cyber-host,windowslogs,1,60427,"{"""":,"""":,"""":""{----}"","""":""--"","""":,"""":"""","""":"":\\\\\\",Event_logs.json,_json,ip-10-10-40-195,,splunk,,2022-04-15T12:06:09.313Z,
1,,,,,,,,,,,Token Right Adjusted Events,Security,,,,,,,,,,,,,,,,,-,,,,"SeAssignPrimaryTokenPrivilege
			SeIncreaseQuotaPrivilege
			SeSecurityPrivilege
			SeTakeOwnershipPrivilege
			SeLoadDriverPrivilege
			SeBackupPrivilege
			SeRestorePrivilege
			SeShutdownPrivilege",,4703,,2022-04-15 8:06:09,2022-04-15 8:06:07,,4,,,,,,,James.browne,,,,,,,,,,-9214364837600034816,,,,,,,,,"A token right was adjusted.

Subject:
	Security ID:		S-1-5-18
	Account Name:		WORKSTATION5$
	Account Domain:		Cybertees
	Logon ID:		0x3E7

Target Account:
	Security ID:		S-1-5-18
	Account Name:		WORKSTATION5$
	Account Domain:		Cybertees
	Logon ID:		0x3E7

Process Information:
	Process ID:		0xcac
	Process Name:		C:\Windows\System32\svchost.exe

Enabled Privileges:
			SeAssignPrimaryTokenPrivilege
			SeIncreaseQuotaPrivilege
			SeSecurityPrivilege
			SeTakeOwnershipPrivilege
			SeLoadDriverPrivilege
			SeBackupPrivilege
			SeRestorePrivilege
			SeShutdownPrivilege

