1,,,,SYSTEM,User,,,,,,Registry value set (rule: RegistryEvent),Microsoft-Windows-Sysmon/Operational,,,,,,,,,,,,,,DWORD (0x00000000),,,,NT AUTHORITY,,,,,13,,2022-04-15 8:06:06,2022-04-15 8:06:06,INFO,3524,,,,,,,James.browne,C:\windows\system32\svchost.exe,,,,,,,,,-9223372036854775808,,,,,,,,,"Registry value set:
RuleName: -
EventType: SetValue
UtcTime: 2022-04-15 12:06:06.190
ProcessGuid: {2d351099-5cae-5f5f-3204-000000000400}
ProcessId: 2116
Image: C:\windows\system32\svchost.exe
TargetObject: HKLM\SOFTWARE\Microsoft\Windows\CurrentVersion\Group Policy\PolicyApplicationState\PolicyState
Details: DWORD (0x00000000)",,,,,,,,Info,0,,,,,,,,,,{2d351099-5cae-5f5f-3204-000000000400},2116,,,,{5770385F-C22A-43E0-BF4C-06F5698FFBD9},,,,423555,,,,,,,-,,INFO,2,,,,,,,,,,,,eventlog,im_msvistalog,Microsoft-Windows-Sysmon,,,,,,,,,,,,,,,,,HKLM\SOFTWARE\Microsoft\Windows\CurrentVersion\Group Policy\PolicyApplicationState\PolicyState,,,,,,,13,,,,4688,,,,,S-1-5-18,2022-04-15 12:06:06,2,,,"{""Image"":""C:\\windows\\system32\\svchost.exe"",""ProcessId"":""2116"",""EventID"":13,""tags"":[""splunk""],""RecordNumber"":423555,""ProviderGuid"":""{5770385F-C22A-43E0-BF4C-06F5698FFBD9}"",""SourceName"":""Microsoft-Windows-Sysmon"",""OpcodeValue"":0,""EventTime"":""2022-04-15 08:06:06"",""AccountName"":""SYSTEM"",""host"":""cybertees.net"",""SeverityValue"":2,""ExecutionProcessID"":3524,""AccountType"":""User"",""Category"":""Registry value set (rule: RegistryEvent)"",""SourceModuleName"":""eventlog"",""Domain"":""NT AUTHORITY"",""Message"":""Registry value set:\r\nRuleName: -\r\nEventType: SetValue\r\nUtcTime: 2022-04-15 12:06:06.190\r\nProcessGuid: {2d351099-5cae-5f5f-3204-000000000400}\r\nProcessId: 2116\r\nImage: C:\\windows\\system32\\svchost.exe\r\nTargetObject: HKLM\\SOFTWARE\\Microsoft\\Windows\\CurrentVersion\\Group Policy\\PolicyApplicationState\\PolicyState\r\nDetails: DWORD (0x00000000)"",""port"":60427,""UserID"":""S-1-5-18"",""UtcTime"":""2022-04-15 12:06:06.190"",""timestamp"":""2022-04-15T12:06:07.010Z"",""ThreadID"":4688,""Severity"":""INFO"",""EventTypeOrignal"":""INFO"",""EventType"":""SetValue"",""Channel"":""Microsoft-Windows-Sysmon/Operational"",""TargetObject"":""HKLM\\SOFTWARE\\Microsoft\\Windows\\CurrentVersion\\Group Policy\\PolicyApplicationState\\PolicyState"",""Details"":""DWORD (0x00000000)"",""Opcode"":""Info"",""EventReceivedTime"":""2022-04-15 08:06:06"",""@version"":""1"",""Task"":13,""SourceModuleType"":""im_msvistalog"",""RuleName"":""-"",""Hostname"":""James.browne"",""Keywords"":-9223372036854775808,""Version"":2,""ProcessGuid"":""{2d351099-5cae-5f5f-3204-000000000400}""}",2022-04-15T08:06:02.000+0000,8,15,6,april,2,friday,2022,local,,SetValue,cybertees.net,cyber-host,windowslogs,1,60427,"{"""":"":\\\\\\."","""":"""","""":,"""":[""""],"""":,"""":""{----}"",""",Event_logs.json,_json,ip-10-10-40-195,,splunk,,2022-04-15T12:06:07.010Z,
1,,,,SYSTEM,User,,,,,,Registry object added or deleted (rule: RegistryEvent),Microsoft-Windows-Sysmon/Operational,,,,,,,,,,,,,,,,,,NT AUTHORITY,,,,,12,,2022-04-15 8:06:06,2022-04-15 8:06:06,INFO,3524,,,,,,,James.browne,C:\windows\system32\svchost.exe,,,,,,,,,-9223372036854775808,,,,,,,,,"Registry object added or deleted:
RuleName: -
EventType: CreateKey
UtcTime: 2022-04-15 12:06:06.190
ProcessGuid: {2d351099-5cae-5f5f-3204-000000000400}
ProcessId: 2116
Image: C:\windows\system32\svchost.exe
TargetObject: HKLM\SOFTWARE\Microsoft\Windows\CurrentVersion\Group Policy\PolicyApplicationState",,,,,,,,Info,0,,,,,,,,,,{2d351099-5cae-5f5f-3204-000000000400},2116,,,,{5770385F-C22A-43E0-BF4C-06F5698FFBD9},,,,423554,,,,,,,-,,INFO,2,,,,,,,,,,,,eventlog,im_msvistalog,Microsoft-Windows-Sysmon,,,,,,,,,,,,,,,,,HKLM\SOFTWARE\Microsoft\Windows\CurrentVersion\Group Policy\PolicyApplicationState,,,,,,,12,,,,4688,,,,,S-1-5-18,2022-04-15 12:06:06,2,,,"{""Image"":""C:\\windows\\system32\\svchost.exe"",""ProcessId"":""2116"",""EventID"":12,""tags"":[""splunk""],""RecordNumber"":423554,""ProviderGuid"":""{5770385F-C22A-43E0-BF4C-06F5698FFBD9}"",""SourceName"":""Microsoft-Windows-Sysmon"",""OpcodeValue"":0,""EventTime"":""2022-04-15 08:06:06"",""AccountName"":""SYSTEM"",""host"":""cybertees.net"",""SeverityValue"":2,""ExecutionProcessID"":3524,""AccountType"":""User"",""Category"":""Registry object added or deleted (rule: RegistryEvent)"",""SourceModuleName"":""eventlog"",""Domain"":""NT AUTHORITY"",""Message"":""Registry object added or deleted:\r\nRuleName: -\r\nEventType: CreateKey\r\nUtcTime: 2022-04-15 12:06:06.190\r\nProcessGuid: {2d351099-5cae-5f5f-3204-000000000400}\r\nProcessId: 2116\r\nImage: C:\\windows\\system32\\svchost.exe\r\nTargetObject: HKLM\\SOFTWARE\\Microsoft\\Windows\\CurrentVersion\\Group Policy\\PolicyApplicationState"",""port"":60427,""UserID"":""S-1-5-18"",""UtcTime"":""2022-04-15 12:06:06.190"",""timestamp"":""2022-04-15T12:06:07.010Z"",""ThreadID"":4688,""Severity"":""INFO"",""EventTypeOrignal"":""INFO"",""EventType"":""CreateKey"",""Channel"":""Microsoft-Windows-Sysmon/Operational"",""TargetObject"":""HKLM\\SOFTWARE\\Microsoft\\Windows\\CurrentVersion\\Group Policy\\PolicyApplicationState"",""Opcode"":""Info"",""EventReceivedTime"":""2022-04-15 08:06:06"",""@version"":""1"",""Task"":12,""SourceModuleType"":""im_msvistalog"",""RuleName"":""-"",""Hostname"":""James.browne"",""Keywords"":-9223372036854775808,""Version"":2,""ProcessGuid"":""{2d351099-5cae-5f5f-3204-000000000400}""}",2022-04-15T08:06:02.000+0000,8,15,6,april,2,friday,2022,local,,CreateKey,cybertees.net,cyber-host,windowslogs,1,60427,"{"""":"":\\\\\\."","""":"""","""":,"""":[""""],"""":,"""":""{----}"",""",Event_logs.json,_json,ip-10-10-40-195,,splunk,,2022-04-15T12:06:07.010Z,
1,,,,SYSTEM,User,,,,,,Registry object added or deleted (rule: RegistryEvent),Microsoft-Windows-Sysmon/Operational,,,,,,,,,,,,,,,,,,NT AUTHORITY,,,,,12,,2022-04-15 8:06:06,2022-04-15 8:06:06,INFO,3524,,,,,,,James.browne,C:\windows\system32\svchost.exe,,,,,,,,,-9223372036854775808,,,,,,,,,"Registry object added or deleted:
RuleName: -
EventType: CreateKey
UtcTime: 2022-04-15 12:06:06.190
ProcessGuid: {2d351099-5cae-5f5f-3204-000000000400}
ProcessId: 2116
Image: C:\windows\system32\svchost.exe
TargetObject: HKLM\SOFTWARE\Microsoft\Windows\CurrentVersion\Group Policy",,,,,,,,Info,0,,,,,,,,,,{2d351099-5cae-5f5f-3204-000000000400},2116,,,,{5770385F-C22A-43E0-BF4C-06F5698FFBD9},,,,423553,,,,,,,-,,INFO,2,,,,,,,,,,,,eventlog,im_msvistalog,Microsoft-Windows-Sysmon,,,,,,,,,,,,,,,,,HKLM\SOFTWARE\Microsoft\Windows\CurrentVersion\Group Policy,,,,,,,12,,,,4688,,,,,S-1-5-18,2022-04-15 12:06:06,2,,,"{""Image"":""C:\\windows\\system32\\svchost.exe"",""ProcessId"":""2116"",""EventID"":12,""tags"":[""splunk""],""RecordNumber"":423553,""ProviderGuid"":""{5770385F-C22A-43E0-BF4C-06F5698FFBD9}"",""SourceName"":""Microsoft-Windows-Sysmon"",""OpcodeValue"":0,""EventTime"":""2022-04-15 08:06:06"",""AccountName"":""SYSTEM"",""host"":""cybertees.net"",""SeverityValue"":2,""ExecutionProcessID"":3524,""AccountType"":""User"",""Category"":""Registry object added or deleted (rule: RegistryEvent)"",""SourceModuleName"":""eventlog"",""Domain"":""NT AUTHORITY"",""Message"":""Registry object added or deleted:\r\nRuleName: -\r\nEventType: CreateKey\r\nUtcTime: 2022-04-15 12:06:06.190\r\nProcessGuid: {2d351099-5cae-5f5f-3204-000000000400}\r\nProcessId: 2116\r\nImage: C:\\windows\\system32\\svchost.exe\r\nTargetObject: HKLM\\SOFTWARE\\Microsoft\\Windows\\CurrentVersion\\Group Policy"",""port"":60427,""UserID"":""S-1-5-18"",""UtcTime"":""2022-04-15 12:06:06.190"",""timestamp"":""2022-04-15T12:06:07.010Z"",""ThreadID"":4688,""Severity"":""INFO"",""EventTypeOrignal"":""INFO"",""EventType"":""CreateKey"",""Channel"":""Microsoft-Windows-Sysmon/Operational"",""TargetObject"":""HKLM\\SOFTWARE\\Microsoft\\Windows\\CurrentVersion\\Group Policy"",""Opcode"":""Info"",""EventReceivedTime"":""2022-04-15 08:06:06"",""@version"":""1"",""Task"":12,""SourceModuleType"":""im_msvistalog"",""RuleName"":""-"",""Hostname"":""James.browne"",""Keywords"":-9223372036854775808,""Version"":2,""ProcessGuid"":""{2d351099-5cae-5f5f-3204-000000000400}""}",2022-04-15T08:06:02.000+0000,8,15,6,april,2,friday,2022,local,,CreateKey,cybertees.net,cyber-host,windowslogs,1,60427,"{"""":"":\\\\\\."","""":"""","""":,"""":[""""],"""":,"""":""{----}"",""",Event_logs.json,_json,ip-10-10-40-195,,splunk,,2022-04-15T12:06:07.010Z,
1,,,,SYSTEM,User,,,,,,Registry object added or deleted (rule: RegistryEvent),Microsoft-Windows-Sysmon/Operational,,,,,,,,,,,,,,,,,,NT AUTHORITY,,,,,12,,2022-04-15 8:06:06,2022-04-15 8:06:06,INFO,3524,,,,,,,James.browne,C:\windows\system32\svchost.exe,,,,,,,,,-9223372036854775808,,,,,,,,,"Registry object added or deleted:
RuleName: -
EventType: CreateKey
UtcTime: 2022-04-15 12:06:06.190
ProcessGuid: {2d351099-5cae-5f5f-3204-000000000400}
ProcessId: 2116
Image: C:\windows\system32\svchost.exe
TargetObject: HKLM\SOFTWARE\Microsoft\Windows\CurrentVersion\Group Policy\GPStartup",,,,,,,,Info,0,,,,,,,,,,{2d351099-5cae-5f5f-3204-000000000400},2116,,,,{5770385F-C22A-43E0-BF4C-06F5698FFBD9},,,,423552,,,,,,,-,,INFO,2,,,,,,,,,,,,eventlog,im_msvistalog,Microsoft-Windows-Sysmon,,,,,,,,,,,,,,,,,HKLM\SOFTWARE\Microsoft\Windows\CurrentVersion\Group Policy\GPStartup,,,,,,,12,,,,4688,,,,,S-1-5-18,2022-04-15 12:06:06,2,,,"{""Image"":""C:\\windows\\system32\\svchost.exe"",""ProcessId"":""2116"",""EventID"":12,""tags"":[""splunk""],""RecordNumber"":423552,""ProviderGuid"":""{5770385F-C22A-43E0-BF4C-06F5698FFBD9}"",""SourceName"":""Microsoft-Windows-Sysmon"",""OpcodeValue"":0,""EventTime"":""2022-04-15 08:06:06"",""AccountName"":""SYSTEM"",""host"":""cybertees.net"",""SeverityValue"":2,""ExecutionProcessID"":3524,""AccountType"":""User"",""Category"":""Registry object added or deleted (rule: RegistryEvent)"",""SourceModuleName"":""eventlog"",""Domain"":""NT AUTHORITY"",""Message"":""Registry object added or deleted:\r\nRuleName: -\r\nEventType: CreateKey\r\nUtcTime: 2022-04-15 12:06:06.190\r\nProcessGuid: {2d351099-5cae-5f5f-3204-000000000400}\r\nProcessId: 2116\r\nImage: C:\\windows\\system32\\svchost.exe\r\nTargetObject: HKLM\\SOFTWARE\\Microsoft\\Windows\\CurrentVersion\\Group Policy\\GPStartup"",""port"":60427,""UserID"":""S-1-5-18"",""UtcTime"":""2022-04-15 12:06:06.190"",""timestamp"":""2022-04-15T12:06:07.009Z"",""ThreadID"":4688,""Severity"":""INFO"",""EventTypeOrignal"":""INFO"",""EventType"":""CreateKey"",""Channel"":""Microsoft-Windows-Sysmon/Operational"",""TargetObject"":""HKLM\\SOFTWARE\\Microsoft\\Windows\\CurrentVersion\\Group Policy\\GPStartup"",""Opcode"":""Info"",""EventReceivedTime"":""2022-04-15 08:06:06"",""@version"":""1"",""Task"":12,""SourceModuleType"":""im_msvistalog"",""RuleName"":""-"",""Hostname"":""James.browne"",""Keywords"":-9223372036854775808,""Version"":2,""ProcessGuid"":""{2d351099-5cae-5f5f-3204-000000000400}""}",2022-04-15T08:06:02.000+0000,8,15,6,april,2,friday,2022,local,,CreateKey,cybertees.net,cyber-host,windowslogs,1,60427,"{"""":"":\\\\\\."","""":"""","""":,"""":[""""],"""":,"""":""{----}"",""",Event_logs.json,_json,ip-10-10-40-195,,splunk,,2022-04-15T12:06:07.009Z,
1,,,,SYSTEM,User,,,,,,Registry object added or deleted (rule: RegistryEvent),Microsoft-Windows-Sysmon/Operational,,,,,,,,,,,,,,,,,,NT AUTHORITY,,,,,12,,2022-04-15 8:06:06,2022-04-15 8:06:06,INFO,3524,,,,,,,James.browne,C:\windows\system32\svchost.exe,,,,,,,,,-9223372036854775808,,,,,,,,,"Registry object added or deleted:
RuleName: -
EventType: CreateKey
UtcTime: 2022-04-15 12:06:06.190
ProcessGuid: {2d351099-5cae-5f5f-3204-000000000400}
ProcessId: 2116
Image: C:\windows\system32\svchost.exe
TargetObject: HKLM\SOFTWARE\Microsoft\Windows\CurrentVersion\Group Policy",,,,,,,,Info,0,,,,,,,,,,{2d351099-5cae-5f5f-3204-000000000400},2116,,,,{5770385F-C22A-43E0-BF4C-06F5698FFBD9},,,,423551,,,,,,,-,,INFO,2,,,,,,,,,,,,eventlog,im_msvistalog,Microsoft-Windows-Sysmon,,,,,,,,,,,,,,,,,HKLM\SOFTWARE\Microsoft\Windows\CurrentVersion\Group Policy,,,,,,,12,,,,4688,,,,,S-1-5-18,2022-04-15 12:06:06,2,,,"{""Image"":""C:\\windows\\system32\\svchost.exe"",""ProcessId"":""2116"",""EventID"":12,""tags"":[""splunk""],""RecordNumber"":423551,""ProviderGuid"":""{5770385F-C22A-43E0-BF4C-06F5698FFBD9}"",""SourceName"":""Microsoft-Windows-Sysmon"",""OpcodeValue"":0,""EventTime"":""2022-04-15 08:06:06"",""AccountName"":""SYSTEM"",""host"":""cybertees.net"",""SeverityValue"":2,""ExecutionProcessID"":3524,""AccountType"":""User"",""Category"":""Registry object added or deleted (rule: RegistryEvent)"",""SourceModuleName"":""eventlog"",""Domain"":""NT AUTHORITY"",""Message"":""Registry object added or deleted:\r\nRuleName: -\r\nEventType: CreateKey\r\nUtcTime: 2022-04-15 12:06:06.190\r\nProcessGuid: {2d351099-5cae-5f5f-3204-000000000400}\r\nProcessId: 2116\r\nImage: C:\\windows\\system32\\svchost.exe\r\nTargetObject: HKLM\\SOFTWARE\\Microsoft\\Windows\\CurrentVersion\\Group Policy"",""port"":60427,""UserID"":""S-1-5-18"",""UtcTime"":""2022-04-15 12:06:06.190"",""timestamp"":""2022-04-15T12:06:07.009Z"",""ThreadID"":4688,""Severity"":""INFO"",""EventTypeOrignal"":""INFO"",""EventType"":""CreateKey"",""Channel"":""Microsoft-Windows-Sysmon/Operational"",""TargetObject"":""HKLM\\SOFTWARE\\Microsoft\\Windows\\CurrentVersion\\Group Policy"",""Opcode"":""Info"",""EventReceivedTime"":""2022-04-15 08:06:06"",""@version"":""1"",""Task"":12,""SourceModuleType"":""im_msvistalog"",""RuleName"":""-"",""Hostname"":""James.browne"",""Keywords"":-9223372036854775808,""Version"":2,""ProcessGuid"":""{2d351099-5cae-5f5f-3204-000000000400}""}",2022-04-15T08:06:02.000+0000,8,15,6,april,2,friday,2022,local,,CreateKey,cybertees.net,cyber-host,windowslogs,1,60427,"{"""":"":\\\\\\."","""":"""","""":,"""":[""""],"""":,"""":""{----}"",""",Event_logs.json,_json,ip-10-10-40-195,,splunk,,2022-04-15T12:06:07.009Z,
1,,,,SYSTEM,User,,,,,,Image loaded (rule: ImageLoad),Microsoft-Windows-Sysmon/Operational,,Microsoft Corporation,,,,OLEAUT32.DLL,,,,,,,,,,,,NT AUTHORITY,,,,,7,,2022-04-15 8:06:06,2022-04-15 8:06:06,,3524,10.0.18362.959 (WinBuild.160101.0800),,,,,"SHA1=EF5BE564B84A7DE92B12ACBCD69D5F580FABCD89,MD5=9EE967CF9B388C7FAAEC9F04700EB47B,SHA256=CF34BADD43D9E69CA9F01352C4D89C9FD9F4AB53832B1589215A8544462F346D,IMPHASH=F010E2DB51A2E86CCF6052A1ACC0854F",James.browne,C:\Windows\System32\svchost.exe,C:\Windows\System32\oleaut32.dll,,,,,,,,-9223372036854775808,,,,,,,,,"Image loaded:
RuleName: -
UtcTime: 2022-04-15 12:06:06.190
ProcessGuid: {2d351099-5cae-5f5f-3204-000000000400}
ProcessId: 2116
Image: C:\Windows\System32\svchost.exe
ImageLoaded: C:\Windows\System32\oleaut32.dll
FileVersion: 10.0.18362.959 (WinBuild.160101.0800)
Description: OLEAUT32.DLL
Product: Microsoft® Windows® Operating System
Company: Microsoft Corporation
OriginalFileName: OLEAUT32.DLL
Hashes: SHA1=EF5BE564B84A7DE92B12ACBCD69D5F580FABCD89,MD5=9EE967CF9B388C7FAAEC9F04700EB47B,SHA256=CF34BADD43D9E69CA9F01352C4D89C9FD9F4AB53832B1589215A8544462F346D,IMPHASH=F010E2DB51A2E86CCF6052A1ACC0854F
Signed: true
Signature: Microsoft Windows
SignatureStatus: Valid",,,,,,,,Info,0,OLEAUT32.DLL,,,,,,,,,{2d351099-5cae-5f5f-3204-000000000400},2116,,Microsoft® Windows® Operating System,,{5770385F-C22A-43E0-BF4C-06F5698FFBD9},,,,423550,,,,,,,-,,INFO,2,,,Microsoft Windows,Valid,TRUE,,,,,,,eventlog,im_msvistalog,Microsoft-Windows-Sysmon,,,,,,,,,,,,,,,,,,,,,,,,7,,,,4688,,,,,S-1-5-18,2022-04-15 12:06:06,3,,,"{""EventID"":7,""RecordNumber"":423550,""ProviderGuid"":""{5770385F-C22A-43E0-BF4C-06F5698FFBD9}"",""SourceName"":""Microsoft-Windows-Sysmon"",""OpcodeValue"":0,""AccountName"":""SYSTEM"",""SignatureStatus"":""Valid"",""SourceModuleName"":""eventlog"",""ExecutionProcessID"":3524,""AccountType"":""User"",""Category"":""Image loaded (rule: ImageLoad)"",""Domain"":""NT AUTHORITY"",""port"":60427,""Company"":""Microsoft Corporation"",""ThreadID"":4688,""Severity"":""INFO"",""EventType"":""INFO"",""Signed"":""true"",""Channel"":""Microsoft-Windows-Sysmon/Operational"",""Opcode"":""Info"",""EventReceivedTime"":""2022-04-15 08:06:06"",""ImageLoaded"":""C:\\Windows\\System32\\oleaut32.dll"",""Task"":7,""RuleName"":""-"",""Keywords"":-9223372036854775808,""Version"":3,""ProcessId"":""2116"",""Image"":""C:\\Windows\\System32\\svchost.exe"",""Product"":""Microsoft® Windows® Operating System"",""tags"":[""splunk""],""EventTime"":""2022-04-15 08:06:06"",""host"":""cybertees.net"",""SeverityValue"":2,""Message"":""Image loaded:\r\nRuleName: -\r\nUtcTime: 2022-04-15 12:06:06.190\r\nProcessGuid: {2d351099-5cae-5f5f-3204-000000000400}\r\nProcessId: 2116\r\nImage: C:\\Windows\\System32\\svchost.exe\r\nImageLoaded: C:\\Windows\\System32\\oleaut32.dll\r\nFileVersion: 10.0.18362.959 (WinBuild.160101.0800)\r\nDescription: OLEAUT32.DLL\r\nProduct: Microsoft® Windows® Operating System\r\nCompany: Microsoft Corporation\r\nOriginalFileName: OLEAUT32.DLL\r\nHashes: SHA1=EF5BE564B84A7DE92B12ACBCD69D5F580FABCD89,MD5=9EE967CF9B388C7FAAEC9F04700EB47B,SHA256=CF34BADD43D9E69CA9F01352C4D89C9FD9F4AB53832B1589215A8544462F346D,IMPHASH=F010E2DB51A2E86CCF6052A1ACC0854F\r\nSigned: true\r\nSignature: Microsoft Windows\r\nSignatureStatus: Valid"",""UtcTime"":""2022-04-15 12:06:06.190"",""UserID"":""S-1-5-18"",""FileVersion"":""10.0.18362.959 (WinBuild.160101.0800)"",""Description"":""OLEAUT32.DLL"",""OriginalFileName"":""OLEAUT32.DLL"",""timestamp"":""2022-04-15T12:06:07.009Z"",""Hashes"":""SHA1=EF5BE564B84A7DE92B12ACBCD69D5F580FABCD89,MD5=9EE967CF9B388C7FAAEC9F04700EB47B,SHA256=CF34BADD43D9E69CA9F01352C4D89C9FD9F4AB53832B1589215A8544462F346D,IMPHASH=F010E2DB51A2E86CCF6052A1ACC0854F"",""Signature"":""Microsoft Windows"",""@version"":""1"",""SourceModuleType"":""im_msvistalog"",""Hostname"":""James.browne"",""ProcessGuid"":""{2d351099-5cae-5f5f-3204-000000000400}""}",2022-04-15T08:06:02.000+0000,8,15,6,april,2,friday,2022,local,,INFO,cybertees.net,cyber-host,windowslogs,1,60427,"{"""":,"""":,"""":""{----}"","""":""--"","""":,"""":"""","""":"""","""":""""",Event_logs.json,_json,ip-10-10-40-195,,splunk,,2022-04-15T12:06:07.009Z,
1,,,,SYSTEM,User,,,,,,Pipe Connected (rule: PipeEvent),Microsoft-Windows-Sysmon/Operational,,,,,,,,,,,,,,,,,,NT AUTHORITY,,,,,18,,2022-04-15 8:06:06,2022-04-15 8:06:06,INFO,3524,,,,,,,James.browne,C:\windows\system32\svchost.exe,,,,,,,,,-9223372036854775808,,,,,,,,,"Pipe Connected:
RuleName: -
EventType: ConnectPipe
UtcTime: 2022-04-15 12:06:06.190
ProcessGuid: {2d351099-5cae-5f5f-3204-000000000400}
ProcessId: 2116
PipeName: \lsass
Image: C:\windows\system32\svchost.exe",,,,,,,,Info,0,,,,,,,,\lsass,,{2d351099-5cae-5f5f-3204-000000000400},2116,,,,{5770385F-C22A-43E0-BF4C-06F5698FFBD9},,,,423549,,,,,,,-,,INFO,2,,,,,,,,,,,,eventlog,im_msvistalog,Microsoft-Windows-Sysmon,,,,,,,,,,,,,,,,,,,,,,,,18,,,,4688,,,,,S-1-5-18,2022-04-15 12:06:06,1,,,"{""Image"":""C:\\windows\\system32\\svchost.exe"",""ProcessId"":""2116"",""EventID"":18,""tags"":[""splunk""],""RecordNumber"":423549,""ProviderGuid"":""{5770385F-C22A-43E0-BF4C-06F5698FFBD9}"",""SourceName"":""Microsoft-Windows-Sysmon"",""OpcodeValue"":0,""EventTime"":""2022-04-15 08:06:06"",""AccountName"":""SYSTEM"",""host"":""cybertees.net"",""SeverityValue"":2,""ExecutionProcessID"":3524,""AccountType"":""User"",""Category"":""Pipe Connected (rule: PipeEvent)"",""SourceModuleName"":""eventlog"",""Domain"":""NT AUTHORITY"",""Message"":""Pipe Connected:\r\nRuleName: -\r\nEventType: ConnectPipe\r\nUtcTime: 2022-04-15 12:06:06.190\r\nProcessGuid: {2d351099-5cae-5f5f-3204-000000000400}\r\nProcessId: 2116\r\nPipeName: \\lsass\r\nImage: C:\\windows\\system32\\svchost.exe"",""port"":60427,""UserID"":""S-1-5-18"",""UtcTime"":""2022-04-15 12:06:06.190"",""timestamp"":""2022-04-15T12:06:07.008Z"",""ThreadID"":4688,""Severity"":""INFO"",""PipeName"":""\\lsass"",""EventTypeOrignal"":""INFO"",""EventType"":""ConnectPipe"",""Channel"":""Microsoft-Windows-Sysmon/Operational"",""Opcode"":""Info"",""EventReceivedTime"":""2022-04-15 08:06:06"",""@version"":""1"",""Task"":18,""SourceModuleType"":""im_msvistalog"",""RuleName"":""-"",""Hostname"":""James.browne"",""Keywords"":-9223372036854775808,""Version"":1,""ProcessGuid"":""{2d351099-5cae-5f5f-3204-000000000400}""}",2022-04-15T08:06:02.000+0000,8,15,6,april,2,friday,2022,local,,ConnectPipe,cybertees.net,cyber-host,windowslogs,1,60427,"{"""":"":\\\\\\."","""":"""","""":,"""":[""""],"""":,"""":""{----}"",""",Event_logs.json,_json,ip-10-10-40-195,,splunk,,2022-04-15T12:06:07.008Z,
1,,,,SYSTEM,User,,,,,,Image loaded (rule: ImageLoad),Microsoft-Windows-Sysmon/Operational,,Microsoft Corporation,,,,DS Setup Client DLL,,,,,,,,,,,,NT AUTHORITY,,,,,7,,2022-04-15 8:06:06,2022-04-15 8:06:06,,3524,10.0.18362.1 (WinBuild.160101.0800),,,,,"SHA1=89C99ECF6EEEBE6158E4853115E17E71730780D8,MD5=609AC3B4E090CB1894F56D978E74C4F1,SHA256=108A9798E55A91928F7FE8EBC5087EEDBB6C023D958F18A6CEFD46BA5399BE61,IMPHASH=CA2E5F1683005B67E0843A76EE3BADA8",James.browne,C:\Windows\System32\svchost.exe,C:\Windows\System32\dsrole.dll,,,,,,,,-9223372036854775808,,,,,,,,,"Image loaded:
RuleName: -
UtcTime: 2022-04-15 12:06:06.190
ProcessGuid: {2d351099-5cae-5f5f-3204-000000000400}
ProcessId: 2116
Image: C:\Windows\System32\svchost.exe
ImageLoaded: C:\Windows\System32\dsrole.dll
FileVersion: 10.0.18362.1 (WinBuild.160101.0800)
Description: DS Setup Client DLL
Product: Microsoft® Windows® Operating System
Company: Microsoft Corporation
OriginalFileName: DSROLE.DLL
Hashes: SHA1=89C99ECF6EEEBE6158E4853115E17E71730780D8,MD5=609AC3B4E090CB1894F56D978E74C4F1,SHA256=108A9798E55A91928F7FE8EBC5087EEDBB6C023D958F18A6CEFD46BA5399BE61,IMPHASH=CA2E5F1683005B67E0843A76EE3BADA8
Signed: true
Signature: Microsoft Windows
SignatureStatus: Valid",,,,,,,,Info,0,DSROLE.DLL,,,,,,,,,{2d351099-5cae-5f5f-3204-000000000400},2116,,Microsoft® Windows® Operating System,,{5770385F-C22A-43E0-BF4C-06F5698FFBD9},,,,423548,,,,,,,-,,INFO,2,,,Microsoft Windows,Valid,TRUE,,,,,,,eventlog,im_msvistalog,Microsoft-Windows-Sysmon,,,,,,,,,,,,,,,,,,,,,,,,7,,,,4688,,,,,S-1-5-18,2022-04-15 12:06:06,3,,,"{""EventID"":7,""RecordNumber"":423548,""ProviderGuid"":""{5770385F-C22A-43E0-BF4C-06F5698FFBD9}"",""SourceName"":""Microsoft-Windows-Sysmon"",""OpcodeValue"":0,""AccountName"":""SYSTEM"",""SignatureStatus"":""Valid"",""SourceModuleName"":""eventlog"",""ExecutionProcessID"":3524,""AccountType"":""User"",""Category"":""Image loaded (rule: ImageLoad)"",""Domain"":""NT AUTHORITY"",""port"":60427,""Company"":""Microsoft Corporation"",""ThreadID"":4688,""Severity"":""INFO"",""EventType"":""INFO"",""Signed"":""true"",""Channel"":""Microsoft-Windows-Sysmon/Operational"",""Opcode"":""Info"",""EventReceivedTime"":""2022-04-15 08:06:06"",""ImageLoaded"":""C:\\Windows\\System32\\dsrole.dll"",""Task"":7,""RuleName"":""-"",""Keywords"":-9223372036854775808,""Version"":3,""ProcessId"":""2116"",""Image"":""C:\\Windows\\System32\\svchost.exe"",""Product"":""Microsoft® Windows® Operating System"",""tags"":[""splunk""],""EventTime"":""2022-04-15 08:06:06"",""host"":""cybertees.net"",""SeverityValue"":2,""Message"":""Image loaded:\r\nRuleName: -\r\nUtcTime: 2022-04-15 12:06:06.190\r\nProcessGuid: {2d351099-5cae-5f5f-3204-000000000400}\r\nProcessId: 2116\r\nImage: C:\\Windows\\System32\\svchost.exe\r\nImageLoaded: C:\\Windows\\System32\\dsrole.dll\r\nFileVersion: 10.0.18362.1 (WinBuild.160101.0800)\r\nDescription: DS Setup Client DLL\r\nProduct: Microsoft® Windows® Operating System\r\nCompany: Microsoft Corporation\r\nOriginalFileName: DSROLE.DLL\r\nHashes: SHA1=89C99ECF6EEEBE6158E4853115E17E71730780D8,MD5=609AC3B4E090CB1894F56D978E74C4F1,SHA256=108A9798E55A91928F7FE8EBC5087EEDBB6C023D958F18A6CEFD46BA5399BE61,IMPHASH=CA2E5F1683005B67E0843A76EE3BADA8\r\nSigned: true\r\nSignature: Microsoft Windows\r\nSignatureStatus: Valid"",""UtcTime"":""2022-04-15 12:06:06.190"",""UserID"":""S-1-5-18"",""FileVersion"":""10.0.18362.1 (WinBuild.160101.0800)"",""Description"":""DS Setup Client DLL"",""OriginalFileName"":""DSROLE.DLL"",""timestamp"":""2022-04-15T12:06:07.007Z"",""Hashes"":""SHA1=89C99ECF6EEEBE6158E4853115E17E71730780D8,MD5=609AC3B4E090CB1894F56D978E74C4F1,SHA256=108A9798E55A91928F7FE8EBC5087EEDBB6C023D958F18A6CEFD46BA5399BE61,IMPHASH=CA2E5F1683005B67E0843A76EE3BADA8"",""Signature"":""Microsoft Windows"",""@version"":""1"",""SourceModuleType"":""im_msvistalog"",""Hostname"":""James.browne"",""ProcessGuid"":""{2d351099-5cae-5f5f-3204-000000000400}""}",2022-04-15T08:06:02.000+0000,8,15,6,april,2,friday,2022,local,,INFO,cybertees.net,cyber-host,windowslogs,1,60427,"{"""":,"""":,"""":""{----}"","""":""--"","""":,"""":"""","""":"""","""":""""",Event_logs.json,_json,ip-10-10-40-195,,splunk,,2022-04-15T12:06:07.007Z,
1,,,,SYSTEM,User,,,,,,Image loaded (rule: ImageLoad),Microsoft-Windows-Sysmon/Operational,,Microsoft Corporation,,,,ASN.1 Runtime APIs,,,,,,,,,,,,NT AUTHORITY,,,,,7,,2022-04-15 8:06:06,2022-04-15 8:06:06,,3524,10.0.18362.1 (WinBuild.160101.0800),,,,,"SHA1=F1F2A398A07419B588494558430A141884AD66EF,MD5=23D95BFDCD23EC6AFFF7E4B0703CE464,SHA256=18DE438E2C068383700C5A87423B70B251302F0D5107F331BC7EDE5097504907,IMPHASH=F79599CA729D557E0381EC0A41471A27",James.browne,C:\Windows\System32\svchost.exe,C:\Windows\System32\msasn1.dll,,,,,,,,-9223372036854775808,,,,,,,,,"Image loaded:
RuleName: -
UtcTime: 2022-04-15 12:06:06.190
ProcessGuid: {2d351099-5cae-5f5f-3204-000000000400}
ProcessId: 2116
Image: C:\Windows\System32\svchost.exe
ImageLoaded: C:\Windows\System32\msasn1.dll
FileVersion: 10.0.18362.1 (WinBuild.160101.0800)
Description: ASN.1 Runtime APIs
Product: Microsoft® Windows® Operating System
Company: Microsoft Corporation
OriginalFileName: msasn1.dll
Hashes: SHA1=F1F2A398A07419B588494558430A141884AD66EF,MD5=23D95BFDCD23EC6AFFF7E4B0703CE464,SHA256=18DE438E2C068383700C5A87423B70B251302F0D5107F331BC7EDE5097504907,IMPHASH=F79599CA729D557E0381EC0A41471A27
Signed: true
Signature: Microsoft Windows
SignatureStatus: Valid",,,,,,,,Info,0,msasn1.dll,,,,,,,,,{2d351099-5cae-5f5f-3204-000000000400},2116,,Microsoft® Windows® Operating System,,{5770385F-C22A-43E0-BF4C-06F5698FFBD9},,,,423547,,,,,,,-,,INFO,2,,,Microsoft Windows,Valid,TRUE,,,,,,,eventlog,im_msvistalog,Microsoft-Windows-Sysmon,,,,,,,,,,,,,,,,,,,,,,,,7,,,,4688,,,,,S-1-5-18,2022-04-15 12:06:06,3,,,"{""EventID"":7,""RecordNumber"":423547,""ProviderGuid"":""{5770385F-C22A-43E0-BF4C-06F5698FFBD9}"",""SourceName"":""Microsoft-Windows-Sysmon"",""OpcodeValue"":0,""AccountName"":""SYSTEM"",""SignatureStatus"":""Valid"",""SourceModuleName"":""eventlog"",""ExecutionProcessID"":3524,""AccountType"":""User"",""Category"":""Image loaded (rule: ImageLoad)"",""Domain"":""NT AUTHORITY"",""port"":60427,""Company"":""Microsoft Corporation"",""ThreadID"":4688,""Severity"":""INFO"",""EventType"":""INFO"",""Signed"":""true"",""Channel"":""Microsoft-Windows-Sysmon/Operational"",""Opcode"":""Info"",""EventReceivedTime"":""2022-04-15 08:06:06"",""ImageLoaded"":""C:\\Windows\\System32\\msasn1.dll"",""Task"":7,""RuleName"":""-"",""Keywords"":-9223372036854775808,""Version"":3,""ProcessId"":""2116"",""Image"":""C:\\Windows\\System32\\svchost.exe"",""Product"":""Microsoft® Windows® Operating System"",""tags"":[""splunk""],""EventTime"":""2022-04-15 08:06:06"",""host"":""cybertees.net"",""SeverityValue"":2,""Message"":""Image loaded:\r\nRuleName: -\r\nUtcTime: 2022-04-15 12:06:06.190\r\nProcessGuid: {2d351099-5cae-5f5f-3204-000000000400}\r\nProcessId: 2116\r\nImage: C:\\Windows\\System32\\svchost.exe\r\nImageLoaded: C:\\Windows\\System32\\msasn1.dll\r\nFileVersion: 10.0.18362.1 (WinBuild.160101.0800)\r\nDescription: ASN.1 Runtime APIs\r\nProduct: Microsoft® Windows® Operating System\r\nCompany: Microsoft Corporation\r\nOriginalFileName: msasn1.dll\r\nHashes: SHA1=F1F2A398A07419B588494558430A141884AD66EF,MD5=23D95BFDCD23EC6AFFF7E4B0703CE464,SHA256=18DE438E2C068383700C5A87423B70B251302F0D5107F331BC7EDE5097504907,IMPHASH=F79599CA729D557E0381EC0A41471A27\r\nSigned: true\r\nSignature: Microsoft Windows\r\nSignatureStatus: Valid"",""UtcTime"":""2022-04-15 12:06:06.190"",""UserID"":""S-1-5-18"",""FileVersion"":""10.0.18362.1 (WinBuild.160101.0800)"",""Description"":""ASN.1 Runtime APIs"",""OriginalFileName"":""msasn1.dll"",""timestamp"":""2022-04-15T12:06:07.007Z"",""Hashes"":""SHA1=F1F2A398A07419B588494558430A141884AD66EF,MD5=23D95BFDCD23EC6AFFF7E4B0703CE464,SHA256=18DE438E2C068383700C5A87423B70B251302F0D5107F331BC7EDE5097504907,IMPHASH=F79599CA729D557E0381EC0A41471A27"",""Signature"":""Microsoft Windows"",""@version"":""1"",""SourceModuleType"":""im_msvistalog"",""Hostname"":""James.browne"",""ProcessGuid"":""{2d351099-5cae-5f5f-3204-000000000400}""}",2022-04-15T08:06:02.000+0000,8,15,6,april,2,friday,2022,local,,INFO,cybertees.net,cyber-host,windowslogs,1,60427,"{"""":,"""":,"""":""{----}"","""":""--"","""":,"""":"""","""":"""","""":""""",Event_logs.json,_json,ip-10-10-40-195,,splunk,,2022-04-15T12:06:07.007Z,
1,,,,SYSTEM,User,,,,,,Image loaded (rule: ImageLoad),Microsoft-Windows-Sysmon/Operational,,Microsoft Corporation,,,,Crypto API32,,,,,,,,,,,,NT AUTHORITY,,,,,7,,2022-04-15 8:06:06,2022-04-15 8:06:06,,3524,10.0.18362.592 (WinBuild.160101.0800),,,,,"SHA1=7A9DD389B0E3C124D4BFE5C1FF15F9A93285514F,MD5=1676DE3980DF1D78E14B172989916570,SHA256=E832E3A58B542E15A169B1545CE82451ACE19BD361FD81764383048528F9B540,IMPHASH=F523F043ACCD8EF1D89F5FD34B5CBBA6",James.browne,C:\Windows\System32\svchost.exe,C:\Windows\System32\crypt32.dll,,,,,,,,-9223372036854775808,,,,,,,,,"Image loaded:
RuleName: -
UtcTime: 2022-04-15 12:06:06.190
ProcessGuid: {2d351099-5cae-5f5f-3204-000000000400}
ProcessId: 2116
Image: C:\Windows\System32\svchost.exe
ImageLoaded: C:\Windows\System32\crypt32.dll
FileVersion: 10.0.18362.592 (WinBuild.160101.0800)
Description: Crypto API32
Product: Microsoft® Windows® Operating System
Company: Microsoft Corporation
OriginalFileName: CRYPT32.DLL
Hashes: SHA1=7A9DD389B0E3C124D4BFE5C1FF15F9A93285514F,MD5=1676DE3980DF1D78E14B172989916570,SHA256=E832E3A58B542E15A169B1545CE82451ACE19BD361FD81764383048528F9B540,IMPHASH=F523F043ACCD8EF1D89F5FD34B5CBBA6
Signed: true
Signature: Microsoft Windows
SignatureStatus: Valid",,,,,,,,Info,0,CRYPT32.DLL,,,,,,,,,{2d351099-5cae-5f5f-3204-000000000400},2116,,Microsoft® Windows® Operating System,,{5770385F-C22A-43E0-BF4C-06F5698FFBD9},,,,423546,,,,,,,-,,INFO,2,,,Microsoft Windows,Valid,TRUE,,,,,,,eventlog,im_msvistalog,Microsoft-Windows-Sysmon,,,,,,,,,,,,,,,,,,,,,,,,7,,,,4688,,,,,S-1-5-18,2022-04-15 12:06:06,3,,,"{""EventID"":7,""RecordNumber"":423546,""ProviderGuid"":""{5770385F-C22A-43E0-BF4C-06F5698FFBD9}"",""SourceName"":""Microsoft-Windows-Sysmon"",""OpcodeValue"":0,""AccountName"":""SYSTEM"",""SignatureStatus"":""Valid"",""SourceModuleName"":""eventlog"",""ExecutionProcessID"":3524,""AccountType"":""User"",""Category"":""Image loaded (rule: ImageLoad)"",""Domain"":""NT AUTHORITY"",""port"":60427,""Company"":""Microsoft Corporation"",""ThreadID"":4688,""Severity"":""INFO"",""EventType"":""INFO"",""Signed"":""true"",""Channel"":""Microsoft-Windows-Sysmon/Operational"",""Opcode"":""Info"",""EventReceivedTime"":""2022-04-15 08:06:06"",""ImageLoaded"":""C:\\Windows\\System32\\crypt32.dll"",""Task"":7,""RuleName"":""-"",""Keywords"":-9223372036854775808,""Version"":3,""ProcessId"":""2116"",""Image"":""C:\\Windows\\System32\\svchost.exe"",""Product"":""Microsoft® Windows® Operating System"",""tags"":[""splunk""],""EventTime"":""2022-04-15 08:06:06"",""host"":""cybertees.net"",""SeverityValue"":2,""Message"":""Image loaded:\r\nRuleName: -\r\nUtcTime: 2022-04-15 12:06:06.190\r\nProcessGuid: {2d351099-5cae-5f5f-3204-000000000400}\r\nProcessId: 2116\r\nImage: C:\\Windows\\System32\\svchost.exe\r\nImageLoaded: C:\\Windows\\System32\\crypt32.dll\r\nFileVersion: 10.0.18362.592 (WinBuild.160101.0800)\r\nDescription: Crypto API32\r\nProduct: Microsoft® Windows® Operating System\r\nCompany: Microsoft Corporation\r\nOriginalFileName: CRYPT32.DLL\r\nHashes: SHA1=7A9DD389B0E3C124D4BFE5C1FF15F9A93285514F,MD5=1676DE3980DF1D78E14B172989916570,SHA256=E832E3A58B542E15A169B1545CE82451ACE19BD361FD81764383048528F9B540,IMPHASH=F523F043ACCD8EF1D89F5FD34B5CBBA6\r\nSigned: true\r\nSignature: Microsoft Windows\r\nSignatureStatus: Valid"",""UtcTime"":""2022-04-15 12:06:06.190"",""UserID"":""S-1-5-18"",""FileVersion"":""10.0.18362.592 (WinBuild.160101.0800)"",""Description"":""Crypto API32"",""OriginalFileName"":""CRYPT32.DLL"",""timestamp"":""2022-04-15T12:06:07.006Z"",""Hashes"":""SHA1=7A9DD389B0E3C124D4BFE5C1FF15F9A93285514F,MD5=1676DE3980DF1D78E14B172989916570,SHA256=E832E3A58B542E15A169B1545CE82451ACE19BD361FD81764383048528F9B540,IMPHASH=F523F043ACCD8EF1D89F5FD34B5CBBA6"",""Signature"":""Microsoft Windows"",""@version"":""1"",""SourceModuleType"":""im_msvistalog"",""Hostname"":""James.browne"",""ProcessGuid"":""{2d351099-5cae-5f5f-3204-000000000400}""}",2022-04-15T08:06:02.000+0000,8,15,6,april,2,friday,2022,local,,INFO,cybertees.net,cyber-host,windowslogs,1,60427,"{"""":,"""":,"""":""{----}"","""":""--"","""":,"""":"""","""":"""","""":""""",Event_logs.json,_json,ip-10-10-40-195,,splunk,,2022-04-15T12:06:07.006Z,
1,,,,SYSTEM,User,,,,,,Image loaded (rule: ImageLoad),Microsoft-Windows-Sysmon/Operational,,Microsoft Corporation,,,,Windows Lockdown Policy,,,,,,,,,,,,NT AUTHORITY,,,,,7,,2022-04-15 8:06:06,2022-04-15 8:06:06,,3524,10.0.18362.295 (WinBuild.160101.0800),,,,,"SHA1=61EEE26CE7FB24474937385B23FF70CABB3FBECD,MD5=28D2A51C29BE3CF712562179EEA91355,SHA256=88A5C9D4C94B0BFCBF9AA74E208FF31BB375760E172F11E04B9989190C01C32A,IMPHASH=169EC277C8848700EB6754B7E1EDFFE6",James.browne,C:\Windows\System32\svchost.exe,C:\Windows\System32\wldp.dll,,,,,,,,-9223372036854775808,,,,,,,,,"Image loaded:
RuleName: -
UtcTime: 2022-04-15 12:06:06.190
ProcessGuid: {2d351099-5cae-5f5f-3204-000000000400}
ProcessId: 2116
Image: C:\Windows\System32\svchost.exe
ImageLoaded: C:\Windows\System32\wldp.dll
FileVersion: 10.0.18362.295 (WinBuild.160101.0800)
Description: Windows Lockdown Policy
Product: Microsoft® Windows® Operating System
Company: Microsoft Corporation
OriginalFileName: wldp.dll
Hashes: SHA1=61EEE26CE7FB24474937385B23FF70CABB3FBECD,MD5=28D2A51C29BE3CF712562179EEA91355,SHA256=88A5C9D4C94B0BFCBF9AA74E208FF31BB375760E172F11E04B9989190C01C32A,IMPHASH=169EC277C8848700EB6754B7E1EDFFE6
Signed: true
Signature: Microsoft Windows
SignatureStatus: Valid",,,,,,,,Info,0,wldp.dll,,,,,,,,,{2d351099-5cae-5f5f-3204-000000000400},2116,,Microsoft® Windows® Operating System,,{5770385F-C22A-43E0-BF4C-06F5698FFBD9},,,,423545,,,,,,,-,,INFO,2,,,Microsoft Windows,Valid,TRUE,,,,,,,eventlog,im_msvistalog,Microsoft-Windows-Sysmon,,,,,,,,,,,,,,,,,,,,,,,,7,,,,4688,,,,,S-1-5-18,2022-04-15 12:06:06,3,,,"{""EventID"":7,""RecordNumber"":423545,""ProviderGuid"":""{5770385F-C22A-43E0-BF4C-06F5698FFBD9}"",""SourceName"":""Microsoft-Windows-Sysmon"",""OpcodeValue"":0,""AccountName"":""SYSTEM"",""SignatureStatus"":""Valid"",""SourceModuleName"":""eventlog"",""ExecutionProcessID"":3524,""AccountType"":""User"",""Category"":""Image loaded (rule: ImageLoad)"",""Domain"":""NT AUTHORITY"",""port"":60427,""Company"":""Microsoft Corporation"",""ThreadID"":4688,""Severity"":""INFO"",""EventType"":""INFO"",""Signed"":""true"",""Channel"":""Microsoft-Windows-Sysmon/Operational"",""Opcode"":""Info"",""EventReceivedTime"":""2022-04-15 08:06:06"",""ImageLoaded"":""C:\\Windows\\System32\\wldp.dll"",""Task"":7,""RuleName"":""-"",""Keywords"":-9223372036854775808,""Version"":3,""ProcessId"":""2116"",""Image"":""C:\\Windows\\System32\\svchost.exe"",""Product"":""Microsoft® Windows® Operating System"",""tags"":[""splunk""],""EventTime"":""2022-04-15 08:06:06"",""host"":""cybertees.net"",""SeverityValue"":2,""Message"":""Image loaded:\r\nRuleName: -\r\nUtcTime: 2022-04-15 12:06:06.190\r\nProcessGuid: {2d351099-5cae-5f5f-3204-000000000400}\r\nProcessId: 2116\r\nImage: C:\\Windows\\System32\\svchost.exe\r\nImageLoaded: C:\\Windows\\System32\\wldp.dll\r\nFileVersion: 10.0.18362.295 (WinBuild.160101.0800)\r\nDescription: Windows Lockdown Policy\r\nProduct: Microsoft® Windows® Operating System\r\nCompany: Microsoft Corporation\r\nOriginalFileName: wldp.dll\r\nHashes: SHA1=61EEE26CE7FB24474937385B23FF70CABB3FBECD,MD5=28D2A51C29BE3CF712562179EEA91355,SHA256=88A5C9D4C94B0BFCBF9AA74E208FF31BB375760E172F11E04B9989190C01C32A,IMPHASH=169EC277C8848700EB6754B7E1EDFFE6\r\nSigned: true\r\nSignature: Microsoft Windows\r\nSignatureStatus: Valid"",""UtcTime"":""2022-04-15 12:06:06.190"",""UserID"":""S-1-5-18"",""FileVersion"":""10.0.18362.295 (WinBuild.160101.0800)"",""Description"":""Windows Lockdown Policy"",""OriginalFileName"":""wldp.dll"",""timestamp"":""2022-04-15T12:06:07.006Z"",""Hashes"":""SHA1=61EEE26CE7FB24474937385B23FF70CABB3FBECD,MD5=28D2A51C29BE3CF712562179EEA91355,SHA256=88A5C9D4C94B0BFCBF9AA74E208FF31BB375760E172F11E04B9989190C01C32A,IMPHASH=169EC277C8848700EB6754B7E1EDFFE6"",""Signature"":""Microsoft Windows"",""@version"":""1"",""SourceModuleType"":""im_msvistalog"",""Hostname"":""James.browne"",""ProcessGuid"":""{2d351099-5cae-5f5f-3204-000000000400}""}",2022-04-15T08:06:02.000+0000,8,15,6,april,2,friday,2022,local,,INFO,cybertees.net,cyber-host,windowslogs,1,60427,"{"""":,"""":,"""":""{----}"","""":""--"","""":,"""":"""","""":"""","""":""""",Event_logs.json,_json,ip-10-10-40-195,,splunk,,2022-04-15T12:06:07.006Z,
1,,,,SYSTEM,User,,,,,,Image loaded (rule: ImageLoad),Microsoft-Windows-Sysmon/Operational,,Microsoft Corporation,,,,IP Helper API,,,,,,,,,,,,NT AUTHORITY,,,,,7,,2022-04-15 8:06:06,2022-04-15 8:06:06,,3524,10.0.18362.1 (WinBuild.160101.0800),,,,,"SHA1=9414EC114C3389E0A7BC2FD986E00946E1A2A299,MD5=3929147A2A34B0902152C7D0F241B02A,SHA256=AD1C5309AA873F6A284EABE382812868E20C3D3D64197F3E6EF9D015EA060CAA,IMPHASH=6EC28633CC4ECB9F457795DD7E00B34B",James.browne,C:\Windows\System32\svchost.exe,C:\Windows\System32\IPHLPAPI.DLL,,,,,,,,-9223372036854775808,,,,,,,,,"Image loaded:
RuleName: -
UtcTime: 2022-04-15 12:06:06.190
ProcessGuid: {2d351099-5cae-5f5f-3204-000000000400}
ProcessId: 2116
Image: C:\Windows\System32\svchost.exe
ImageLoaded: C:\Windows\System32\IPHLPAPI.DLL
FileVersion: 10.0.18362.1 (WinBuild.160101.0800)
Description: IP Helper API
Product: Microsoft® Windows® Operating System
Company: Microsoft Corporation
OriginalFileName: iphlpapi.dll
Hashes: SHA1=9414EC114C3389E0A7BC2FD986E00946E1A2A299,MD5=3929147A2A34B0902152C7D0F241B02A,SHA256=AD1C5309AA873F6A284EABE382812868E20C3D3D64197F3E6EF9D015EA060CAA,IMPHASH=6EC28633CC4ECB9F457795DD7E00B34B
Signed: true
Signature: Microsoft Windows
SignatureStatus: Valid",,,,,,,,Info,0,iphlpapi.dll,,,,,,,,,{2d351099-5cae-5f5f-3204-000000000400},2116,,Microsoft® Windows® Operating System,,{5770385F-C22A-43E0-BF4C-06F5698FFBD9},,,,423544,,,,,,,-,,INFO,2,,,Microsoft Windows,Valid,TRUE,,,,,,,eventlog,im_msvistalog,Microsoft-Windows-Sysmon,,,,,,,,,,,,,,,,,,,,,,,,7,,,,4688,,,,,S-1-5-18,2022-04-15 12:06:06,3,,,"{""EventID"":7,""RecordNumber"":423544,""ProviderGuid"":""{5770385F-C22A-43E0-BF4C-06F5698FFBD9}"",""SourceName"":""Microsoft-Windows-Sysmon"",""OpcodeValue"":0,""AccountName"":""SYSTEM"",""SignatureStatus"":""Valid"",""SourceModuleName"":""eventlog"",""ExecutionProcessID"":3524,""AccountType"":""User"",""Category"":""Image loaded (rule: ImageLoad)"",""Domain"":""NT AUTHORITY"",""port"":60427,""Company"":""Microsoft Corporation"",""ThreadID"":4688,""Severity"":""INFO"",""EventType"":""INFO"",""Signed"":""true"",""Channel"":""Microsoft-Windows-Sysmon/Operational"",""Opcode"":""Info"",""EventReceivedTime"":""2022-04-15 08:06:06"",""ImageLoaded"":""C:\\Windows\\System32\\IPHLPAPI.DLL"",""Task"":7,""RuleName"":""-"",""Keywords"":-9223372036854775808,""Version"":3,""ProcessId"":""2116"",""Image"":""C:\\Windows\\System32\\svchost.exe"",""Product"":""Microsoft® Windows® Operating System"",""tags"":[""splunk""],""EventTime"":""2022-04-15 08:06:06"",""host"":""cybertees.net"",""SeverityValue"":2,""Message"":""Image loaded:\r\nRuleName: -\r\nUtcTime: 2022-04-15 12:06:06.190\r\nProcessGuid: {2d351099-5cae-5f5f-3204-000000000400}\r\nProcessId: 2116\r\nImage: C:\\Windows\\System32\\svchost.exe\r\nImageLoaded: C:\\Windows\\System32\\IPHLPAPI.DLL\r\nFileVersion: 10.0.18362.1 (WinBuild.160101.0800)\r\nDescription: IP Helper API\r\nProduct: Microsoft® Windows® Operating System\r\nCompany: Microsoft Corporation\r\nOriginalFileName: iphlpapi.dll\r\nHashes: SHA1=9414EC114C3389E0A7BC2FD986E00946E1A2A299,MD5=3929147A2A34B0902152C7D0F241B02A,SHA256=AD1C5309AA873F6A284EABE382812868E20C3D3D64197F3E6EF9D015EA060CAA,IMPHASH=6EC28633CC4ECB9F457795DD7E00B34B\r\nSigned: true\r\nSignature: Microsoft Windows\r\nSignatureStatus: Valid"",""UtcTime"":""2022-04-15 12:06:06.190"",""UserID"":""S-1-5-18"",""FileVersion"":""10.0.18362.1 (WinBuild.160101.0800)"",""Description"":""IP Helper API"",""OriginalFileName"":""iphlpapi.dll"",""timestamp"":""2022-04-15T12:06:07.005Z"",""Hashes"":""SHA1=9414EC114C3389E0A7BC2FD986E00946E1A2A299,MD5=3929147A2A34B0902152C7D0F241B02A,SHA256=AD1C5309AA873F6A284EABE382812868E20C3D3D64197F3E6EF9D015EA060CAA,IMPHASH=6EC28633CC4ECB9F457795DD7E00B34B"",""Signature"":""Microsoft Windows"",""@version"":""1"",""SourceModuleType"":""im_msvistalog"",""Hostname"":""James.browne"",""ProcessGuid"":""{2d351099-5cae-5f5f-3204-000000000400}""}",2022-04-15T08:06:02.000+0000,8,15,6,april,2,friday,2022,local,,INFO,cybertees.net,cyber-host,windowslogs,1,60427,"{"""":,"""":,"""":""{----}"","""":""--"","""":,"""":"""","""":"""","""":""""",Event_logs.json,_json,ip-10-10-40-195,,splunk,,2022-04-15T12:06:07.005Z,
1,,,,SYSTEM,User,,,,,,Image loaded (rule: ImageLoad),Microsoft-Windows-Sysmon/Operational,,Microsoft Corporation,,,,Network Location Awareness 2,,,,,,,,,,,,NT AUTHORITY,,,,,7,,2022-04-15 8:06:06,2022-04-15 8:06:06,,3524,10.0.18362.959 (WinBuild.160101.0800),,,,,"SHA1=D4CBF6AC94556045CAF7E77D67DC4338201F031A,MD5=8243955ACA7AF5283E4FD815613A676E,SHA256=17B6E959785C9B6A154253316C823F1E20672A11AABD27C2C22DFDAF423D0E64,IMPHASH=6D4C4EF38EFC59715BE4026CFB8A1236",James.browne,C:\Windows\System32\svchost.exe,C:\Windows\System32\nlaapi.dll,,,,,,,,-9223372036854775808,,,,,,,,,"Image loaded:
RuleName: -
UtcTime: 2022-04-15 12:06:06.190
ProcessGuid: {2d351099-5cae-5f5f-3204-000000000400}
ProcessId: 2116
Image: C:\Windows\System32\svchost.exe
ImageLoaded: C:\Windows\System32\nlaapi.dll
FileVersion: 10.0.18362.959 (WinBuild.160101.0800)
Description: Network Location Awareness 2
Product: Microsoft® Windows® Operating System
Company: Microsoft Corporation
OriginalFileName: nlaapi.dll
Hashes: SHA1=D4CBF6AC94556045CAF7E77D67DC4338201F031A,MD5=8243955ACA7AF5283E4FD815613A676E,SHA256=17B6E959785C9B6A154253316C823F1E20672A11AABD27C2C22DFDAF423D0E64,IMPHASH=6D4C4EF38EFC59715BE4026CFB8A1236
Signed: true
Signature: Microsoft Windows
SignatureStatus: Valid",,,,,,,,Info,0,nlaapi.dll,,,,,,,,,{2d351099-5cae-5f5f-3204-000000000400},2116,,Microsoft® Windows® Operating System,,{5770385F-C22A-43E0-BF4C-06F5698FFBD9},,,,423543,,,,,,,-,,INFO,2,,,Microsoft Windows,Valid,TRUE,,,,,,,eventlog,im_msvistalog,Microsoft-Windows-Sysmon,,,,,,,,,,,,,,,,,,,,,,,,7,,,,4688,,,,,S-1-5-18,2022-04-15 12:06:06,3,,,"{""EventID"":7,""RecordNumber"":423543,""ProviderGuid"":""{5770385F-C22A-43E0-BF4C-06F5698FFBD9}"",""SourceName"":""Microsoft-Windows-Sysmon"",""OpcodeValue"":0,""AccountName"":""SYSTEM"",""SignatureStatus"":""Valid"",""SourceModuleName"":""eventlog"",""ExecutionProcessID"":3524,""AccountType"":""User"",""Category"":""Image loaded (rule: ImageLoad)"",""Domain"":""NT AUTHORITY"",""port"":60427,""Company"":""Microsoft Corporation"",""ThreadID"":4688,""Severity"":""INFO"",""EventType"":""INFO"",""Signed"":""true"",""Channel"":""Microsoft-Windows-Sysmon/Operational"",""Opcode"":""Info"",""EventReceivedTime"":""2022-04-15 08:06:06"",""ImageLoaded"":""C:\\Windows\\System32\\nlaapi.dll"",""Task"":7,""RuleName"":""-"",""Keywords"":-9223372036854775808,""Version"":3,""ProcessId"":""2116"",""Image"":""C:\\Windows\\System32\\svchost.exe"",""Product"":""Microsoft® Windows® Operating System"",""tags"":[""splunk""],""EventTime"":""2022-04-15 08:06:06"",""host"":""cybertees.net"",""SeverityValue"":2,""Message"":""Image loaded:\r\nRuleName: -\r\nUtcTime: 2022-04-15 12:06:06.190\r\nProcessGuid: {2d351099-5cae-5f5f-3204-000000000400}\r\nProcessId: 2116\r\nImage: C:\\Windows\\System32\\svchost.exe\r\nImageLoaded: C:\\Windows\\System32\\nlaapi.dll\r\nFileVersion: 10.0.18362.959 (WinBuild.160101.0800)\r\nDescription: Network Location Awareness 2\r\nProduct: Microsoft® Windows® Operating System\r\nCompany: Microsoft Corporation\r\nOriginalFileName: nlaapi.dll\r\nHashes: SHA1=D4CBF6AC94556045CAF7E77D67DC4338201F031A,MD5=8243955ACA7AF5283E4FD815613A676E,SHA256=17B6E959785C9B6A154253316C823F1E20672A11AABD27C2C22DFDAF423D0E64,IMPHASH=6D4C4EF38EFC59715BE4026CFB8A1236\r\nSigned: true\r\nSignature: Microsoft Windows\r\nSignatureStatus: Valid"",""UtcTime"":""2022-04-15 12:06:06.190"",""UserID"":""S-1-5-18"",""FileVersion"":""10.0.18362.959 (WinBuild.160101.0800)"",""Description"":""Network Location Awareness 2"",""OriginalFileName"":""nlaapi.dll"",""timestamp"":""2022-04-15T12:06:07.005Z"",""Hashes"":""SHA1=D4CBF6AC94556045CAF7E77D67DC4338201F031A,MD5=8243955ACA7AF5283E4FD815613A676E,SHA256=17B6E959785C9B6A154253316C823F1E20672A11AABD27C2C22DFDAF423D0E64,IMPHASH=6D4C4EF38EFC59715BE4026CFB8A1236"",""Signature"":""Microsoft Windows"",""@version"":""1"",""SourceModuleType"":""im_msvistalog"",""Hostname"":""James.browne"",""ProcessGuid"":""{2d351099-5cae-5f5f-3204-000000000400}""}",2022-04-15T08:06:02.000+0000,8,15,6,april,2,friday,2022,local,,INFO,cybertees.net,cyber-host,windowslogs,1,60427,"{"""":,"""":,"""":""{----}"","""":""--"","""":,"""":"""","""":"""","""":""""",Event_logs.json,_json,ip-10-10-40-195,,splunk,,2022-04-15T12:06:07.005Z,
