1,,,,SYSTEM,User,,,,,,Registry value set (rule: RegistryEvent),Microsoft-Windows-Sysmon/Operational,,,,,,,,,,,,,,{b5ccd5ef-4238-440b-bba0-999f828f1cfe},,,,NT AUTHORITY,,,,,13,,2022-04-15 8:06:27,2022-04-15 8:06:25,INFO,3524,,,,,,,James.browne,C:\windows\system32\svchost.exe,,,,,,,,,-9223372036854775808,,,,,,,,,"Registry value set:
RuleName: -
EventType: SetValue
UtcTime: 2022-04-15 12:06:25.768
ProcessGuid: {2d351099-43cd-5f5f-0e00-000000000400}
ProcessId: 876
Image: C:\windows\system32\svchost.exe
TargetObject: \REGISTRY\A\{880a2083-1f4b-4b97-aa60-39a324efa5ef}\Events\{7c6d86e2-1270-4b6e-a9b0-5a48c80df260}\BrokerId
Details: {b5ccd5ef-4238-440b-bba0-999f828f1cfe}",,,,,,,,Info,0,,,,,,,,,,{2d351099-43cd-5f5f-0e00-000000000400},876,,,,{5770385F-C22A-43E0-BF4C-06F5698FFBD9},,,,425752,,,,,,,-,,INFO,2,,,,,,,,,,,,eventlog,im_msvistalog,Microsoft-Windows-Sysmon,,,,,,,,,,,,,,,,,\REGISTRY\A\{880a2083-1f4b-4b97-aa60-39a324efa5ef}\Events\{7c6d86e2-1270-4b6e-a9b0-5a48c80df260}\BrokerId,,,,,,,13,,,,4688,,,,,S-1-5-18,2022-04-15 12:06:26,2,,,"{""Image"":""C:\\windows\\system32\\svchost.exe"",""ProcessId"":""876"",""EventID"":13,""tags"":[""splunk""],""RecordNumber"":425752,""ProviderGuid"":""{5770385F-C22A-43E0-BF4C-06F5698FFBD9}"",""SourceName"":""Microsoft-Windows-Sysmon"",""OpcodeValue"":0,""EventTime"":""2022-04-15 08:06:25"",""AccountName"":""SYSTEM"",""host"":""cybertees.net"",""SeverityValue"":2,""ExecutionProcessID"":3524,""AccountType"":""User"",""Category"":""Registry value set (rule: RegistryEvent)"",""SourceModuleName"":""eventlog"",""Domain"":""NT AUTHORITY"",""Message"":""Registry value set:\r\nRuleName: -\r\nEventType: SetValue\r\nUtcTime: 2022-04-15 12:06:25.768\r\nProcessGuid: {2d351099-43cd-5f5f-0e00-000000000400}\r\nProcessId: 876\r\nImage: C:\\windows\\system32\\svchost.exe\r\nTargetObject: \\REGISTRY\\A\\{880a2083-1f4b-4b97-aa60-39a324efa5ef}\\Events\\{7c6d86e2-1270-4b6e-a9b0-5a48c80df260}\\BrokerId\r\nDetails: {b5ccd5ef-4238-440b-bba0-999f828f1cfe}"",""port"":60427,""UserID"":""S-1-5-18"",""UtcTime"":""2022-04-15 12:06:25.768"",""timestamp"":""2022-04-15T12:06:27.623Z"",""ThreadID"":4688,""Severity"":""INFO"",""EventTypeOrignal"":""INFO"",""EventType"":""SetValue"",""Channel"":""Microsoft-Windows-Sysmon/Operational"",""TargetObject"":""\\REGISTRY\\A\\{880a2083-1f4b-4b97-aa60-39a324efa5ef}\\Events\\{7c6d86e2-1270-4b6e-a9b0-5a48c80df260}\\BrokerId"",""Details"":""{b5ccd5ef-4238-440b-bba0-999f828f1cfe}"",""Opcode"":""Info"",""EventReceivedTime"":""2022-04-15 08:06:27"",""@version"":""1"",""Task"":13,""SourceModuleType"":""im_msvistalog"",""RuleName"":""-"",""Hostname"":""James.browne"",""Keywords"":-9223372036854775808,""Version"":2,""ProcessGuid"":""{2d351099-43cd-5f5f-0e00-000000000400}""}",2022-04-15T08:06:22.000+0000,8,15,6,april,22,friday,2022,local,,SetValue,cybertees.net,cyber-host,windowslogs,1,60427,"{"""":"":\\\\\\."","""":"""","""":,"""":[""""],"""":,"""":""{----}"",""",Event_logs.json,_json,ip-10-10-40-195,,splunk,,2022-04-15T12:06:27.623Z,
1,"%%4432
				",0x1,,,,,,,,,Registry,Security,,,,,,,,,,,,,,,,,,,,,,,4663,,2022-04-15 8:06:27,2022-04-15 8:06:26,,4,,,,,0x5dc,,James.browne,,,,,,,,,,-9214364837600034816,,,,,,,,,"An attempt was made to access an object.

Subject:
	Security ID:		S-1-5-21-4020993649-1037605423-417876593-500
	Account Name:		Alberto
	Account Domain:		Cybertees
	Logon ID:		0x7ED5AA

Object:
	Object Server:		Security
	Object Type:		Key
	Object Name:		\REGISTRY\MACHINE\SYSTEM\ControlSet001\Control\Session Manager\Environment
	Handle ID:		0x5dc
	Resource Attributes:	-

Process Information:
	Process ID:		0x2518
	Process Name:		C:\Windows\System32\RuntimeBroker.exe

Access Request Information:
	Accesses:		Query key value
				
	Access Mask:		0x1",,,,\REGISTRY\MACHINE\SYSTEM\ControlSet001\Control\Session Manager\Environment,Security,Key,,Info,0,,,,,,,,,,,0x2518,C:\Windows\System32\RuntimeBroker.exe,,,{54849625-5478-4994-A5BA-3E3B0328C30D},,,,78880,,,,-,,,,,INFO,2,,,,,,,,,,,,eventlog,im_msvistalog,Microsoft-Windows-Security-Auditing,,,,,,,Cybertees,0x7ed5aa,Alberto,S-1-5-21-4020993649-1037605423-417876593-500,,,,,,,,,,,,,,12801,,,,5692,,,,,,,1,,,"{""tags"":[""splunk""],""EventID"":4663,""RecordNumber"":78880,""ProviderGuid"":""{54849625-5478-4994-A5BA-3E3B0328C30D}"",""SourceName"":""Microsoft-Windows-Security-Auditing"",""OpcodeValue"":0,""EventTime"":""2022-04-15 08:06:26"",""SubjectUserSid"":""S-1-5-21-4020993649-1037605423-417876593-500"",""host"":""cybertees.net"",""SeverityValue"":2,""ExecutionProcessID"":4,""Category"":""Registry"",""SubjectLogonId"":""0x7ed5aa"",""AccessList"":""%%4432\r\n\t\t\t\t"",""SourceModuleName"":""eventlog"",""Message"":""An attempt was made to access an object.\r\n\r\nSubject:\r\n\tSecurity ID:\t\tS-1-5-21-4020993649-1037605423-417876593-500\r\n\tAccount Name:\t\tAlberto\r\n\tAccount Domain:\t\tCybertees\r\n\tLogon ID:\t\t0x7ED5AA\r\n\r\nObject:\r\n\tObject Server:\t\tSecurity\r\n\tObject Type:\t\tKey\r\n\tObject Name:\t\t\\REGISTRY\\MACHINE\\SYSTEM\\ControlSet001\\Control\\Session Manager\\Environment\r\n\tHandle ID:\t\t0x5dc\r\n\tResource Attributes:\t-\r\n\r\nProcess Information:\r\n\tProcess ID:\t\t0x2518\r\n\tProcess Name:\t\tC:\\Windows\\System32\\RuntimeBroker.exe\r\n\r\nAccess Request Information:\r\n\tAccesses:\t\tQuery key value\r\n\t\t\t\t\r\n\tAccess Mask:\t\t0x1"",""port"":60427,""timestamp"":""2022-04-15T12:06:27.623Z"",""ThreadID"":5692,""SubjectUserName"":""Alberto"",""Severity"":""INFO"",""ObjectServer"":""Security"",""ProcessName"":""C:\\Windows\\System32\\RuntimeBroker.exe"",""ResourceAttributes"":""-"",""EventType"":""AUDIT_SUCCESS"",""Channel"":""Security"",""ObjectType"":""Key"",""Opcode"":""Info"",""ObjectName"":""\\REGISTRY\\MACHINE\\SYSTEM\\ControlSet001\\Control\\Session Manager\\Environment"",""EventReceivedTime"":""2022-04-15 08:06:27"",""@version"":""1"",""Task"":12801,""SubjectDomainName"":""Cybertees"",""HandleId"":""0x5dc"",""AccessMask"":""0x1"",""SourceModuleType"":""im_msvistalog"",""Hostname"":""James.browne"",""Keywords"":-9214364837600034816,""Version"":1,""ProcessId"":""0x2518""}",2022-04-15T08:06:22.000+0000,8,15,6,april,22,friday,2022,local,,AUDIT_SUCCESS,cybertees.net,cyber-host,windowslogs,1,60427,"{"""":[""""],"""":,"""":,"""":""{----}"","""":""---"","""":,"""":""--_:",Event_logs.json,_json,ip-10-10-40-195,,splunk,,2022-04-15T12:06:27.623Z,
1,,,,SYSTEM,User,,,,,,Registry object added or deleted (rule: RegistryEvent),Microsoft-Windows-Sysmon/Operational,,,,,,,,,,,,,,,,,,NT AUTHORITY,,,,,12,,2022-04-15 8:06:27,2022-04-15 8:06:25,INFO,3524,,,,,,,James.browne,C:\windows\system32\svchost.exe,,,,,,,,,-9223372036854775808,,,,,,,,,"Registry object added or deleted:
RuleName: -
EventType: CreateKey
UtcTime: 2022-04-15 12:06:25.768
ProcessGuid: {2d351099-43cd-5f5f-0e00-000000000400}
ProcessId: 876
Image: C:\windows\system32\svchost.exe
TargetObject: \REGISTRY\A\{880a2083-1f4b-4b97-aa60-39a324efa5ef}\Events\{7c6d86e2-1270-4b6e-a9b0-5a48c80df260}",,,,,,,,Info,0,,,,,,,,,,{2d351099-43cd-5f5f-0e00-000000000400},876,,,,{5770385F-C22A-43E0-BF4C-06F5698FFBD9},,,,425751,,,,,,,-,,INFO,2,,,,,,,,,,,,eventlog,im_msvistalog,Microsoft-Windows-Sysmon,,,,,,,,,,,,,,,,,\REGISTRY\A\{880a2083-1f4b-4b97-aa60-39a324efa5ef}\Events\{7c6d86e2-1270-4b6e-a9b0-5a48c80df260},,,,,,,12,,,,4688,,,,,S-1-5-18,2022-04-15 12:06:26,2,,,"{""Image"":""C:\\windows\\system32\\svchost.exe"",""ProcessId"":""876"",""EventID"":12,""tags"":[""splunk""],""RecordNumber"":425751,""ProviderGuid"":""{5770385F-C22A-43E0-BF4C-06F5698FFBD9}"",""SourceName"":""Microsoft-Windows-Sysmon"",""OpcodeValue"":0,""EventTime"":""2022-04-15 08:06:25"",""AccountName"":""SYSTEM"",""host"":""cybertees.net"",""SeverityValue"":2,""ExecutionProcessID"":3524,""AccountType"":""User"",""Category"":""Registry object added or deleted (rule: RegistryEvent)"",""SourceModuleName"":""eventlog"",""Domain"":""NT AUTHORITY"",""Message"":""Registry object added or deleted:\r\nRuleName: -\r\nEventType: CreateKey\r\nUtcTime: 2022-04-15 12:06:25.768\r\nProcessGuid: {2d351099-43cd-5f5f-0e00-000000000400}\r\nProcessId: 876\r\nImage: C:\\windows\\system32\\svchost.exe\r\nTargetObject: \\REGISTRY\\A\\{880a2083-1f4b-4b97-aa60-39a324efa5ef}\\Events\\{7c6d86e2-1270-4b6e-a9b0-5a48c80df260}"",""port"":60427,""UserID"":""S-1-5-18"",""UtcTime"":""2022-04-15 12:06:25.768"",""timestamp"":""2022-04-15T12:06:27.622Z"",""ThreadID"":4688,""Severity"":""INFO"",""EventTypeOrignal"":""INFO"",""EventType"":""CreateKey"",""Channel"":""Microsoft-Windows-Sysmon/Operational"",""TargetObject"":""\\REGISTRY\\A\\{880a2083-1f4b-4b97-aa60-39a324efa5ef}\\Events\\{7c6d86e2-1270-4b6e-a9b0-5a48c80df260}"",""Opcode"":""Info"",""EventReceivedTime"":""2022-04-15 08:06:27"",""@version"":""1"",""Task"":12,""SourceModuleType"":""im_msvistalog"",""RuleName"":""-"",""Hostname"":""James.browne"",""Keywords"":-9223372036854775808,""Version"":2,""ProcessGuid"":""{2d351099-43cd-5f5f-0e00-000000000400}""}",2022-04-15T08:06:22.000+0000,8,15,6,april,22,friday,2022,local,,CreateKey,cybertees.net,cyber-host,windowslogs,1,60427,"{"""":"":\\\\\\."","""":"""","""":,"""":[""""],"""":,"""":""{----}"",""",Event_logs.json,_json,ip-10-10-40-195,,splunk,,2022-04-15T12:06:27.622Z,
1,"%%1538
				%%4432
				%%4435
				%%4436
				",0x20019,-,,,,,,,,Registry,Security,,,,,,,,,,,,,,,,,,,,,,,4656,,2022-04-15 8:06:27,2022-04-15 8:06:26,,4,,,,,0x5dc,,James.browne,,,,,,,,,,-9214364837600034816,,,,,,,,,"A handle to an object was requested.

Subject:
	Security ID:		S-1-5-21-4020993649-1037605423-417876593-500
	Account Name:		Alberto
	Account Domain:		Cybertees
	Logon ID:		0x7ED5AA

Object:
	Object Server:		Security
	Object Type:		Key
	Object Name:		\REGISTRY\MACHINE\SYSTEM\ControlSet001\Control\Session Manager\Environment
	Handle ID:		0x5dc
	Resource Attributes:	-

Process Information:
	Process ID:		0x2518
	Process Name:		C:\Windows\System32\RuntimeBroker.exe

Access Request Information:
	Transaction ID:		{00000000-0000-0000-0000-000000000000}
	Accesses:		READ_CONTROL
				Query key value
				Enumerate sub-keys
				Notify about changes to keys
				
	Access Reasons:		-
	Access Mask:		0x20019
	Privileges Used for Access Check:	-
	Restricted SID Count:	0",,,,\REGISTRY\MACHINE\SYSTEM\ControlSet001\Control\Session Manager\Environment,Security,Key,,Info,0,,,,,,,,,-,,0x2518,C:\Windows\System32\RuntimeBroker.exe,,,{54849625-5478-4994-A5BA-3E3B0328C30D},,,,78879,,,,-,,0,,,INFO,2,,,,,,,,,,,,eventlog,im_msvistalog,Microsoft-Windows-Security-Auditing,,,,,,,Cybertees,0x7ed5aa,Alberto,S-1-5-21-4020993649-1037605423-417876593-500,,,,,,,,,,,,,,12801,,,,5692,,{00000000-0000-0000-0000-000000000000},,,,,1,,,"{""EventID"":4656,""RecordNumber"":78879,""ProviderGuid"":""{54849625-5478-4994-A5BA-3E3B0328C30D}"",""SourceName"":""Microsoft-Windows-Security-Auditing"",""OpcodeValue"":0,""AccessList"":""%%1538\r\n\t\t\t\t%%4432\r\n\t\t\t\t%%4435\r\n\t\t\t\t%%4436\r\n\t\t\t\t"",""AccessReason"":""-"",""SourceModuleName"":""eventlog"",""ExecutionProcessID"":4,""Category"":""Registry"",""port"":60427,""ThreadID"":5692,""SubjectUserName"":""Alberto"",""Severity"":""INFO"",""ObjectServer"":""Security"",""ProcessName"":""C:\\Windows\\System32\\RuntimeBroker.exe"",""ResourceAttributes"":""-"",""EventType"":""AUDIT_SUCCESS"",""Channel"":""Security"",""ObjectType"":""Key"",""Opcode"":""Info"",""ObjectName"":""\\REGISTRY\\MACHINE\\SYSTEM\\ControlSet001\\Control\\Session Manager\\Environment"",""EventReceivedTime"":""2022-04-15 08:06:27"",""Task"":12801,""SubjectDomainName"":""Cybertees"",""HandleId"":""0x5dc"",""Keywords"":-9214364837600034816,""Version"":1,""ProcessId"":""0x2518"",""tags"":[""splunk""],""SubjectUserSid"":""S-1-5-21-4020993649-1037605423-417876593-500"",""EventTime"":""2022-04-15 08:06:26"",""host"":""cybertees.net"",""SeverityValue"":2,""SubjectLogonId"":""0x7ed5aa"",""Message"":""A handle to an object was requested.\r\n\r\nSubject:\r\n\tSecurity ID:\t\tS-1-5-21-4020993649-1037605423-417876593-500\r\n\tAccount Name:\t\tAlberto\r\n\tAccount Domain:\t\tCybertees\r\n\tLogon ID:\t\t0x7ED5AA\r\n\r\nObject:\r\n\tObject Server:\t\tSecurity\r\n\tObject Type:\t\tKey\r\n\tObject Name:\t\t\\REGISTRY\\MACHINE\\SYSTEM\\ControlSet001\\Control\\Session Manager\\Environment\r\n\tHandle ID:\t\t0x5dc\r\n\tResource Attributes:\t-\r\n\r\nProcess Information:\r\n\tProcess ID:\t\t0x2518\r\n\tProcess Name:\t\tC:\\Windows\\System32\\RuntimeBroker.exe\r\n\r\nAccess Request Information:\r\n\tTransaction ID:\t\t{00000000-0000-0000-0000-000000000000}\r\n\tAccesses:\t\tREAD_CONTROL\r\n\t\t\t\tQuery key value\r\n\t\t\t\tEnumerate sub-keys\r\n\t\t\t\tNotify about changes to keys\r\n\t\t\t\t\r\n\tAccess Reasons:\t\t-\r\n\tAccess Mask:\t\t0x20019\r\n\tPrivileges Used for Access Check:\t-\r\n\tRestricted SID Count:\t0"",""timestamp"":""2022-04-15T12:06:27.622Z"",""@version"":""1"",""AccessMask"":""0x20019"",""SourceModuleType"":""im_msvistalog"",""RestrictedSidCount"":""0"",""TransactionId"":""{00000000-0000-0000-0000-000000000000}"",""Hostname"":""James.browne"",""PrivilegeList"":""-""}",2022-04-15T08:06:22.000+0000,8,15,6,april,22,friday,2022,local,,AUDIT_SUCCESS,cybertees.net,cyber-host,windowslogs,1,60427,"{"""":,"""":,"""":""{----}"","""":""---"","""":,"""":""%%\\\\\\%%\\",Event_logs.json,_json,ip-10-10-40-195,,splunk,,2022-04-15T12:06:27.622Z,
1,,,,SYSTEM,User,,,,,,Registry value set (rule: RegistryEvent),Microsoft-Windows-Sysmon/Operational,,,,,,,,,,,,,,Binary Data,,,,NT AUTHORITY,,,,,13,,2022-04-15 8:06:27,2022-04-15 8:06:25,INFO,3524,,,,,,,James.browne,C:\windows\system32\backgroundTaskHost.exe,,,,,,,,,-9223372036854775808,,,,,,,,,"Registry value set:
RuleName: -
EventType: SetValue
UtcTime: 2022-04-15 12:06:25.753
ProcessGuid: {2d351099-5cc0-5f5f-3904-000000000400}
ProcessId: 5200
Image: C:\windows\system32\backgroundTaskHost.exe
TargetObject: HKU\S-1-5-21-4020993649-1037605423-417876593-500\Software\Microsoft\Windows\CurrentVersion\ContentDeliveryManager\Health\Placement-SubscribedContent-280815\HealthEvaluation
Details: Binary Data",,,,,,,,Info,0,,,,,,,,,,{2d351099-5cc0-5f5f-3904-000000000400},5200,,,,{5770385F-C22A-43E0-BF4C-06F5698FFBD9},,,,425750,,,,,,,-,,INFO,2,,,,,,,,,,,,eventlog,im_msvistalog,Microsoft-Windows-Sysmon,,,,,,,,,,,,,,,,,HKU\S-1-5-21-4020993649-1037605423-417876593-500\Software\Microsoft\Windows\CurrentVersion\ContentDeliveryManager\Health\Placement-SubscribedContent-280815\HealthEvaluation,,,,,,,13,,,,4688,,,,,S-1-5-18,2022-04-15 12:06:26,2,,,"{""Image"":""C:\\windows\\system32\\backgroundTaskHost.exe"",""ProcessId"":""5200"",""EventID"":13,""tags"":[""splunk""],""RecordNumber"":425750,""ProviderGuid"":""{5770385F-C22A-43E0-BF4C-06F5698FFBD9}"",""SourceName"":""Microsoft-Windows-Sysmon"",""OpcodeValue"":0,""EventTime"":""2022-04-15 08:06:25"",""AccountName"":""SYSTEM"",""host"":""cybertees.net"",""SeverityValue"":2,""ExecutionProcessID"":3524,""AccountType"":""User"",""Category"":""Registry value set (rule: RegistryEvent)"",""SourceModuleName"":""eventlog"",""Domain"":""NT AUTHORITY"",""Message"":""Registry value set:\r\nRuleName: -\r\nEventType: SetValue\r\nUtcTime: 2022-04-15 12:06:25.753\r\nProcessGuid: {2d351099-5cc0-5f5f-3904-000000000400}\r\nProcessId: 5200\r\nImage: C:\\windows\\system32\\backgroundTaskHost.exe\r\nTargetObject: HKU\\S-1-5-21-4020993649-1037605423-417876593-500\\Software\\Microsoft\\Windows\\CurrentVersion\\ContentDeliveryManager\\Health\\Placement-SubscribedContent-280815\\HealthEvaluation\r\nDetails: Binary Data"",""port"":60427,""UserID"":""S-1-5-18"",""UtcTime"":""2022-04-15 12:06:25.753"",""timestamp"":""2022-04-15T12:06:27.622Z"",""ThreadID"":4688,""Severity"":""INFO"",""EventTypeOrignal"":""INFO"",""EventType"":""SetValue"",""Channel"":""Microsoft-Windows-Sysmon/Operational"",""TargetObject"":""HKU\\S-1-5-21-4020993649-1037605423-417876593-500\\Software\\Microsoft\\Windows\\CurrentVersion\\ContentDeliveryManager\\Health\\Placement-SubscribedContent-280815\\HealthEvaluation"",""Details"":""Binary Data"",""Opcode"":""Info"",""EventReceivedTime"":""2022-04-15 08:06:27"",""@version"":""1"",""Task"":13,""SourceModuleType"":""im_msvistalog"",""RuleName"":""-"",""Hostname"":""James.browne"",""Keywords"":-9223372036854775808,""Version"":2,""ProcessGuid"":""{2d351099-5cc0-5f5f-3904-000000000400}""}",2022-04-15T08:06:22.000+0000,8,15,6,april,22,friday,2022,local,,SetValue,cybertees.net,cyber-host,windowslogs,1,60427,"{"""":"":\\\\\\."","""":"""","""":,"""":[""""],"""":,"""":""{----}"",""",Event_logs.json,_json,ip-10-10-40-195,,splunk,,2022-04-15T12:06:27.622Z,
1,,,,,,,,,,,Registry,Security,,,,,,,,,,,,,,,,,,,,,,,4658,,2022-04-15 8:06:27,2022-04-15 8:06:26,,4,,,,,0x3d9c,,James.browne,,,,,,,,,,-9214364837600034816,,,,,,,,,"The handle to an object was closed.

Subject :
	Security ID:		S-1-5-21-4020993649-1037605423-417876593-500
	Account Name:		Alberto
	Account Domain:		Cybertees
	Logon ID:		0x7ED5AA

Object:
	Object Server:		Security
	Handle ID:		0x3d9c

Process Information:
	Process ID:		0x2518
	Process Name:		C:\Windows\System32\RuntimeBroker.exe",,,,,Security,,,Info,0,,,,,,,,,,,0x2518,C:\Windows\System32\RuntimeBroker.exe,,,{54849625-5478-4994-A5BA-3E3B0328C30D},,,,78878,,,,,,,,,INFO,2,,,,,,,,,,,,eventlog,im_msvistalog,Microsoft-Windows-Security-Auditing,,,,,,,Cybertees,0x7ed5aa,Alberto,S-1-5-21-4020993649-1037605423-417876593-500,,,,,,,,,,,,,,12801,,,,5692,,,,,,,0,,,"{""tags"":[""splunk""],""EventID"":4658,""RecordNumber"":78878,""ProviderGuid"":""{54849625-5478-4994-A5BA-3E3B0328C30D}"",""SourceName"":""Microsoft-Windows-Security-Auditing"",""OpcodeValue"":0,""EventTime"":""2022-04-15 08:06:26"",""SubjectUserSid"":""S-1-5-21-4020993649-1037605423-417876593-500"",""host"":""cybertees.net"",""SeverityValue"":2,""ExecutionProcessID"":4,""Category"":""Registry"",""SubjectLogonId"":""0x7ed5aa"",""SourceModuleName"":""eventlog"",""Message"":""The handle to an object was closed.\r\n\r\nSubject :\r\n\tSecurity ID:\t\tS-1-5-21-4020993649-1037605423-417876593-500\r\n\tAccount Name:\t\tAlberto\r\n\tAccount Domain:\t\tCybertees\r\n\tLogon ID:\t\t0x7ED5AA\r\n\r\nObject:\r\n\tObject Server:\t\tSecurity\r\n\tHandle ID:\t\t0x3d9c\r\n\r\nProcess Information:\r\n\tProcess ID:\t\t0x2518\r\n\tProcess Name:\t\tC:\\Windows\\System32\\RuntimeBroker.exe"",""port"":60427,""timestamp"":""2022-04-15T12:06:27.621Z"",""ThreadID"":5692,""SubjectUserName"":""Alberto"",""Severity"":""INFO"",""ObjectServer"":""Security"",""ProcessName"":""C:\\Windows\\System32\\RuntimeBroker.exe"",""EventType"":""AUDIT_SUCCESS"",""Channel"":""Security"",""Opcode"":""Info"",""EventReceivedTime"":""2022-04-15 08:06:27"",""@version"":""1"",""Task"":12801,""SubjectDomainName"":""Cybertees"",""HandleId"":""0x3d9c"",""SourceModuleType"":""im_msvistalog"",""Hostname"":""James.browne"",""Keywords"":-9214364837600034816,""Version"":0,""ProcessId"":""0x2518""}",2022-04-15T08:06:22.000+0000,8,15,6,april,22,friday,2022,local,,AUDIT_SUCCESS,cybertees.net,cyber-host,windowslogs,1,60427,"{"""":[""""],"""":,"""":,"""":""{----}"","""":""---"","""":,"""":""--_:",Event_logs.json,_json,ip-10-10-40-195,,splunk,,2022-04-15T12:06:27.621Z,
1,,,,SYSTEM,User,,,,,,Registry object added or deleted (rule: RegistryEvent),Microsoft-Windows-Sysmon/Operational,,,,,,,,,,,,,,,,,,NT AUTHORITY,,,,,12,,2022-04-15 8:06:27,2022-04-15 8:06:25,INFO,3524,,,,,,,James.browne,C:\windows\system32\backgroundTaskHost.exe,,,,,,,,,-9223372036854775808,,,,,,,,,"Registry object added or deleted:
RuleName: -
EventType: CreateKey
UtcTime: 2022-04-15 12:06:25.753
ProcessGuid: {2d351099-5cc0-5f5f-3904-000000000400}
ProcessId: 5200
Image: C:\windows\system32\backgroundTaskHost.exe
TargetObject: HKU\S-1-5-21-4020993649-1037605423-417876593-500\Software\Microsoft\Windows\CurrentVersion\ContentDeliveryManager\Health\Placement-SubscribedContent-280815",,,,,,,,Info,0,,,,,,,,,,{2d351099-5cc0-5f5f-3904-000000000400},5200,,,,{5770385F-C22A-43E0-BF4C-06F5698FFBD9},,,,425749,,,,,,,-,,INFO,2,,,,,,,,,,,,eventlog,im_msvistalog,Microsoft-Windows-Sysmon,,,,,,,,,,,,,,,,,HKU\S-1-5-21-4020993649-1037605423-417876593-500\Software\Microsoft\Windows\CurrentVersion\ContentDeliveryManager\Health\Placement-SubscribedContent-280815,,,,,,,12,,,,4688,,,,,S-1-5-18,2022-04-15 12:06:26,2,,,"{""Image"":""C:\\windows\\system32\\backgroundTaskHost.exe"",""ProcessId"":""5200"",""EventID"":12,""tags"":[""splunk""],""RecordNumber"":425749,""ProviderGuid"":""{5770385F-C22A-43E0-BF4C-06F5698FFBD9}"",""SourceName"":""Microsoft-Windows-Sysmon"",""OpcodeValue"":0,""EventTime"":""2022-04-15 08:06:25"",""AccountName"":""SYSTEM"",""host"":""cybertees.net"",""SeverityValue"":2,""ExecutionProcessID"":3524,""AccountType"":""User"",""Category"":""Registry object added or deleted (rule: RegistryEvent)"",""SourceModuleName"":""eventlog"",""Domain"":""NT AUTHORITY"",""Message"":""Registry object added or deleted:\r\nRuleName: -\r\nEventType: CreateKey\r\nUtcTime: 2022-04-15 12:06:25.753\r\nProcessGuid: {2d351099-5cc0-5f5f-3904-000000000400}\r\nProcessId: 5200\r\nImage: C:\\windows\\system32\\backgroundTaskHost.exe\r\nTargetObject: HKU\\S-1-5-21-4020993649-1037605423-417876593-500\\Software\\Microsoft\\Windows\\CurrentVersion\\ContentDeliveryManager\\Health\\Placement-SubscribedContent-280815"",""port"":60427,""UserID"":""S-1-5-18"",""UtcTime"":""2022-04-15 12:06:25.753"",""timestamp"":""2022-04-15T12:06:27.621Z"",""ThreadID"":4688,""Severity"":""INFO"",""EventTypeOrignal"":""INFO"",""EventType"":""CreateKey"",""Channel"":""Microsoft-Windows-Sysmon/Operational"",""TargetObject"":""HKU\\S-1-5-21-4020993649-1037605423-417876593-500\\Software\\Microsoft\\Windows\\CurrentVersion\\ContentDeliveryManager\\Health\\Placement-SubscribedContent-280815"",""Opcode"":""Info"",""EventReceivedTime"":""2022-04-15 08:06:27"",""@version"":""1"",""Task"":12,""SourceModuleType"":""im_msvistalog"",""RuleName"":""-"",""Hostname"":""James.browne"",""Keywords"":-9223372036854775808,""Version"":2,""ProcessGuid"":""{2d351099-5cc0-5f5f-3904-000000000400}""}",2022-04-15T08:06:22.000+0000,8,15,6,april,22,friday,2022,local,,CreateKey,cybertees.net,cyber-host,windowslogs,1,60427,"{"""":"":\\\\\\."","""":"""","""":,"""":[""""],"""":,"""":""{----}"",""",Event_logs.json,_json,ip-10-10-40-195,,splunk,,2022-04-15T12:06:27.621Z,
1,,,,,,,,,,,Handle Manipulation,Security,,,,,,,,,,,,,,,,,,,,,,,4690,,2022-04-15 8:06:27,2022-04-15 8:06:26,,4,,,,,,,James.browne,,,,,,,,,,-9214364837600034816,,,,,,,,,"An attempt was made to duplicate a handle to an object.

Subject:
	Security ID:		S-1-5-21-4020993649-1037605423-417876593-500
	Account Name:		Alberto
	Account Domain:		Cybertees
	Logon ID:		0x7ED5AA

Source Handle Information:
	Source Handle ID:	0x5dc
	Source Process ID:	0x2518

New Handle Information:
	Target Handle ID:	0x3d9c
	Target Process ID:	0x4",,,,,,,,Info,0,,,,,,,,,,,0x2518,,,,{54849625-5478-4994-A5BA-3E3B0328C30D},,,,78877,,,,,,,,,INFO,2,,,,,,,0x5dc,,,,,eventlog,im_msvistalog,Microsoft-Windows-Security-Auditing,,,,0x2518,,,Cybertees,0x7ed5aa,Alberto,S-1-5-21-4020993649-1037605423-417876593-500,,,0x3d9c,,,,,,,,0x4,,,12807,,,,5692,,,,,,,0,,,"{""tags"":[""splunk""],""EventID"":4690,""RecordNumber"":78877,""ProviderGuid"":""{54849625-5478-4994-A5BA-3E3B0328C30D}"",""SourceName"":""Microsoft-Windows-Security-Auditing"",""OpcodeValue"":0,""EventTime"":""2022-04-15 08:06:26"",""SubjectUserSid"":""S-1-5-21-4020993649-1037605423-417876593-500"",""host"":""cybertees.net"",""SeverityValue"":2,""ExecutionProcessID"":4,""Category"":""Handle Manipulation"",""SubjectLogonId"":""0x7ed5aa"",""SourceProcessId"":""0x2518"",""SourceModuleName"":""eventlog"",""SourceHandleId"":""0x5dc"",""Message"":""An attempt was made to duplicate a handle to an object.\r\n\r\nSubject:\r\n\tSecurity ID:\t\tS-1-5-21-4020993649-1037605423-417876593-500\r\n\tAccount Name:\t\tAlberto\r\n\tAccount Domain:\t\tCybertees\r\n\tLogon ID:\t\t0x7ED5AA\r\n\r\nSource Handle Information:\r\n\tSource Handle ID:\t0x5dc\r\n\tSource Process ID:\t0x2518\r\n\r\nNew Handle Information:\r\n\tTarget Handle ID:\t0x3d9c\r\n\tTarget Process ID:\t0x4"",""port"":60427,""timestamp"":""2022-04-15T12:06:27.620Z"",""ThreadID"":5692,""TargetProcessId"":""0x4"",""SubjectUserName"":""Alberto"",""Severity"":""INFO"",""EventType"":""AUDIT_SUCCESS"",""Channel"":""Security"",""Opcode"":""Info"",""EventReceivedTime"":""2022-04-15 08:06:27"",""@version"":""1"",""Task"":12807,""SubjectDomainName"":""Cybertees"",""SourceModuleType"":""im_msvistalog"",""TargetHandleId"":""0x3d9c"",""Hostname"":""James.browne"",""Keywords"":-9214364837600034816,""Version"":0,""ProcessId"":""0x2518""}",2022-04-15T08:06:22.000+0000,8,15,6,april,22,friday,2022,local,,AUDIT_SUCCESS,cybertees.net,cyber-host,windowslogs,1,60427,"{"""":[""""],"""":,"""":,"""":""{----}"","""":""---"","""":,"""":""--_:",Event_logs.json,_json,ip-10-10-40-195,,splunk,,2022-04-15T12:06:27.620Z,
1,,,,SYSTEM,User,,,,,,Registry value set (rule: RegistryEvent),Microsoft-Windows-Sysmon/Operational,,,,,,,,,,,,,,Binary Data,,,,NT AUTHORITY,,,,,13,,2022-04-15 8:06:27,2022-04-15 8:06:25,INFO,3524,,,,,,,James.browne,C:\windows\system32\backgroundTaskHost.exe,,,,,,,,,-9223372036854775808,,,,,,,,,"Registry value set:
RuleName: -
EventType: SetValue
UtcTime: 2022-04-15 12:06:25.753
ProcessGuid: {2d351099-5cc0-5f5f-3904-000000000400}
ProcessId: 5200
Image: C:\windows\system32\backgroundTaskHost.exe
TargetObject: HKU\S-1-5-21-4020993649-1037605423-417876593-500\Software\Microsoft\Windows\CurrentVersion\ContentDeliveryManager\Health\Placement-SubscribedContent-280815\(Default)
Details: Binary Data",,,,,,,,Info,0,,,,,,,,,,{2d351099-5cc0-5f5f-3904-000000000400},5200,,,,{5770385F-C22A-43E0-BF4C-06F5698FFBD9},,,,425748,,,,,,,-,,INFO,2,,,,,,,,,,,,eventlog,im_msvistalog,Microsoft-Windows-Sysmon,,,,,,,,,,,,,,,,,HKU\S-1-5-21-4020993649-1037605423-417876593-500\Software\Microsoft\Windows\CurrentVersion\ContentDeliveryManager\Health\Placement-SubscribedContent-280815\(Default),,,,,,,13,,,,4688,,,,,S-1-5-18,2022-04-15 12:06:26,2,,,"{""Image"":""C:\\windows\\system32\\backgroundTaskHost.exe"",""ProcessId"":""5200"",""EventID"":13,""tags"":[""splunk""],""RecordNumber"":425748,""ProviderGuid"":""{5770385F-C22A-43E0-BF4C-06F5698FFBD9}"",""SourceName"":""Microsoft-Windows-Sysmon"",""OpcodeValue"":0,""EventTime"":""2022-04-15 08:06:25"",""AccountName"":""SYSTEM"",""host"":""cybertees.net"",""SeverityValue"":2,""ExecutionProcessID"":3524,""AccountType"":""User"",""Category"":""Registry value set (rule: RegistryEvent)"",""SourceModuleName"":""eventlog"",""Domain"":""NT AUTHORITY"",""Message"":""Registry value set:\r\nRuleName: -\r\nEventType: SetValue\r\nUtcTime: 2022-04-15 12:06:25.753\r\nProcessGuid: {2d351099-5cc0-5f5f-3904-000000000400}\r\nProcessId: 5200\r\nImage: C:\\windows\\system32\\backgroundTaskHost.exe\r\nTargetObject: HKU\\S-1-5-21-4020993649-1037605423-417876593-500\\Software\\Microsoft\\Windows\\CurrentVersion\\ContentDeliveryManager\\Health\\Placement-SubscribedContent-280815\\(Default)\r\nDetails: Binary Data"",""port"":60427,""UserID"":""S-1-5-18"",""UtcTime"":""2022-04-15 12:06:25.753"",""timestamp"":""2022-04-15T12:06:27.620Z"",""ThreadID"":4688,""Severity"":""INFO"",""EventTypeOrignal"":""INFO"",""EventType"":""SetValue"",""Channel"":""Microsoft-Windows-Sysmon/Operational"",""TargetObject"":""HKU\\S-1-5-21-4020993649-1037605423-417876593-500\\Software\\Microsoft\\Windows\\CurrentVersion\\ContentDeliveryManager\\Health\\Placement-SubscribedContent-280815\\(Default)"",""Details"":""Binary Data"",""Opcode"":""Info"",""EventReceivedTime"":""2022-04-15 08:06:27"",""@version"":""1"",""Task"":13,""SourceModuleType"":""im_msvistalog"",""RuleName"":""-"",""Hostname"":""James.browne"",""Keywords"":-9223372036854775808,""Version"":2,""ProcessGuid"":""{2d351099-5cc0-5f5f-3904-000000000400}""}",2022-04-15T08:06:22.000+0000,8,15,6,april,22,friday,2022,local,,SetValue,cybertees.net,cyber-host,windowslogs,1,60427,"{"""":"":\\\\\\."","""":"""","""":,"""":[""""],"""":,"""":""{----}"",""",Event_logs.json,_json,ip-10-10-40-195,,splunk,,2022-04-15T12:06:27.620Z,
1,,,,SYSTEM,User,,,,,,Registry object added or deleted (rule: RegistryEvent),Microsoft-Windows-Sysmon/Operational,,,,,,,,,,,,,,,,,,NT AUTHORITY,,,,,12,,2022-04-15 8:06:27,2022-04-15 8:06:25,INFO,3524,,,,,,,James.browne,C:\windows\system32\backgroundTaskHost.exe,,,,,,,,,-9223372036854775808,,,,,,,,,"Registry object added or deleted:
RuleName: -
EventType: CreateKey
UtcTime: 2022-04-15 12:06:25.753
ProcessGuid: {2d351099-5cc0-5f5f-3904-000000000400}
ProcessId: 5200
Image: C:\windows\system32\backgroundTaskHost.exe
TargetObject: HKU\S-1-5-21-4020993649-1037605423-417876593-500\Software\Microsoft\Windows\CurrentVersion\ContentDeliveryManager\Health\Placement-SubscribedContent-280815",,,,,,,,Info,0,,,,,,,,,,{2d351099-5cc0-5f5f-3904-000000000400},5200,,,,{5770385F-C22A-43E0-BF4C-06F5698FFBD9},,,,425747,,,,,,,-,,INFO,2,,,,,,,,,,,,eventlog,im_msvistalog,Microsoft-Windows-Sysmon,,,,,,,,,,,,,,,,,HKU\S-1-5-21-4020993649-1037605423-417876593-500\Software\Microsoft\Windows\CurrentVersion\ContentDeliveryManager\Health\Placement-SubscribedContent-280815,,,,,,,12,,,,4688,,,,,S-1-5-18,2022-04-15 12:06:26,2,,,"{""Image"":""C:\\windows\\system32\\backgroundTaskHost.exe"",""ProcessId"":""5200"",""EventID"":12,""tags"":[""splunk""],""RecordNumber"":425747,""ProviderGuid"":""{5770385F-C22A-43E0-BF4C-06F5698FFBD9}"",""SourceName"":""Microsoft-Windows-Sysmon"",""OpcodeValue"":0,""EventTime"":""2022-04-15 08:06:25"",""AccountName"":""SYSTEM"",""host"":""cybertees.net"",""SeverityValue"":2,""ExecutionProcessID"":3524,""AccountType"":""User"",""Category"":""Registry object added or deleted (rule: RegistryEvent)"",""SourceModuleName"":""eventlog"",""Domain"":""NT AUTHORITY"",""Message"":""Registry object added or deleted:\r\nRuleName: -\r\nEventType: CreateKey\r\nUtcTime: 2022-04-15 12:06:25.753\r\nProcessGuid: {2d351099-5cc0-5f5f-3904-000000000400}\r\nProcessId: 5200\r\nImage: C:\\windows\\system32\\backgroundTaskHost.exe\r\nTargetObject: HKU\\S-1-5-21-4020993649-1037605423-417876593-500\\Software\\Microsoft\\Windows\\CurrentVersion\\ContentDeliveryManager\\Health\\Placement-SubscribedContent-280815"",""port"":60427,""UserID"":""S-1-5-18"",""UtcTime"":""2022-04-15 12:06:25.753"",""timestamp"":""2022-04-15T12:06:27.619Z"",""ThreadID"":4688,""Severity"":""INFO"",""EventTypeOrignal"":""INFO"",""EventType"":""CreateKey"",""Channel"":""Microsoft-Windows-Sysmon/Operational"",""TargetObject"":""HKU\\S-1-5-21-4020993649-1037605423-417876593-500\\Software\\Microsoft\\Windows\\CurrentVersion\\ContentDeliveryManager\\Health\\Placement-SubscribedContent-280815"",""Opcode"":""Info"",""EventReceivedTime"":""2022-04-15 08:06:27"",""@version"":""1"",""Task"":12,""SourceModuleType"":""im_msvistalog"",""RuleName"":""-"",""Hostname"":""James.browne"",""Keywords"":-9223372036854775808,""Version"":2,""ProcessGuid"":""{2d351099-5cc0-5f5f-3904-000000000400}""}",2022-04-15T08:06:22.000+0000,8,15,6,april,22,friday,2022,local,,CreateKey,cybertees.net,cyber-host,windowslogs,1,60427,"{"""":"":\\\\\\."","""":"""","""":,"""":[""""],"""":,"""":""{----}"",""",Event_logs.json,_json,ip-10-10-40-195,,splunk,,2022-04-15T12:06:27.619Z,
1,,,,SYSTEM,User,,,,,,Registry value set (rule: RegistryEvent),Microsoft-Windows-Sysmon/Operational,,,,,,,,,,,,,,Binary Data,,,,NT AUTHORITY,,,,,13,,2022-04-15 8:06:27,2022-04-15 8:06:25,INFO,3524,,,,,,,James.browne,C:\windows\system32\backgroundTaskHost.exe,,,,,,,,,-9223372036854775808,,,,,,,,,"Registry value set:
RuleName: -
EventType: SetValue
UtcTime: 2022-04-15 12:06:25.753
ProcessGuid: {2d351099-5cc0-5f5f-3904-000000000400}
ProcessId: 5200
Image: C:\windows\system32\backgroundTaskHost.exe
TargetObject: \REGISTRY\A\{24ba27e4-e200-c615-e39b-bc4b3589a3be}\LocalState\Placements\NextRotationTimes
Details: Binary Data",,,,,,,,Info,0,,,,,,,,,,{2d351099-5cc0-5f5f-3904-000000000400},5200,,,,{5770385F-C22A-43E0-BF4C-06F5698FFBD9},,,,425746,,,,,,,-,,INFO,2,,,,,,,,,,,,eventlog,im_msvistalog,Microsoft-Windows-Sysmon,,,,,,,,,,,,,,,,,\REGISTRY\A\{24ba27e4-e200-c615-e39b-bc4b3589a3be}\LocalState\Placements\NextRotationTimes,,,,,,,13,,,,4688,,,,,S-1-5-18,2022-04-15 12:06:26,2,,,"{""Image"":""C:\\windows\\system32\\backgroundTaskHost.exe"",""ProcessId"":""5200"",""EventID"":13,""tags"":[""splunk""],""RecordNumber"":425746,""ProviderGuid"":""{5770385F-C22A-43E0-BF4C-06F5698FFBD9}"",""SourceName"":""Microsoft-Windows-Sysmon"",""OpcodeValue"":0,""EventTime"":""2022-04-15 08:06:25"",""AccountName"":""SYSTEM"",""host"":""cybertees.net"",""SeverityValue"":2,""ExecutionProcessID"":3524,""AccountType"":""User"",""Category"":""Registry value set (rule: RegistryEvent)"",""SourceModuleName"":""eventlog"",""Domain"":""NT AUTHORITY"",""Message"":""Registry value set:\r\nRuleName: -\r\nEventType: SetValue\r\nUtcTime: 2022-04-15 12:06:25.753\r\nProcessGuid: {2d351099-5cc0-5f5f-3904-000000000400}\r\nProcessId: 5200\r\nImage: C:\\windows\\system32\\backgroundTaskHost.exe\r\nTargetObject: \\REGISTRY\\A\\{24ba27e4-e200-c615-e39b-bc4b3589a3be}\\LocalState\\Placements\\NextRotationTimes\r\nDetails: Binary Data"",""port"":60427,""UserID"":""S-1-5-18"",""UtcTime"":""2022-04-15 12:06:25.753"",""timestamp"":""2022-04-15T12:06:27.619Z"",""ThreadID"":4688,""Severity"":""INFO"",""EventTypeOrignal"":""INFO"",""EventType"":""SetValue"",""Channel"":""Microsoft-Windows-Sysmon/Operational"",""TargetObject"":""\\REGISTRY\\A\\{24ba27e4-e200-c615-e39b-bc4b3589a3be}\\LocalState\\Placements\\NextRotationTimes"",""Details"":""Binary Data"",""Opcode"":""Info"",""EventReceivedTime"":""2022-04-15 08:06:27"",""@version"":""1"",""Task"":13,""SourceModuleType"":""im_msvistalog"",""RuleName"":""-"",""Hostname"":""James.browne"",""Keywords"":-9223372036854775808,""Version"":2,""ProcessGuid"":""{2d351099-5cc0-5f5f-3904-000000000400}""}",2022-04-15T08:06:22.000+0000,8,15,6,april,22,friday,2022,local,,SetValue,cybertees.net,cyber-host,windowslogs,1,60427,"{"""":"":\\\\\\."","""":"""","""":,"""":[""""],"""":,"""":""{----}"",""",Event_logs.json,_json,ip-10-10-40-195,,splunk,,2022-04-15T12:06:27.619Z,
1,,,,SYSTEM,User,,,,,,Registry object added or deleted (rule: RegistryEvent),Microsoft-Windows-Sysmon/Operational,,,,,,,,,,,,,,,,,,NT AUTHORITY,,,,,12,,2022-04-15 8:06:27,2022-04-15 8:06:25,INFO,3524,,,,,,,James.browne,C:\windows\system32\backgroundTaskHost.exe,,,,,,,,,-9223372036854775808,,,,,,,,,"Registry object added or deleted:
RuleName: -
EventType: CreateKey
UtcTime: 2022-04-15 12:06:25.753
ProcessGuid: {2d351099-5cc0-5f5f-3904-000000000400}
ProcessId: 5200
Image: C:\windows\system32\backgroundTaskHost.exe
TargetObject: \REGISTRY\A\{24ba27e4-e200-c615-e39b-bc4b3589a3be}\LocalState",,,,,,,,Info,0,,,,,,,,,,{2d351099-5cc0-5f5f-3904-000000000400},5200,,,,{5770385F-C22A-43E0-BF4C-06F5698FFBD9},,,,425745,,,,,,,-,,INFO,2,,,,,,,,,,,,eventlog,im_msvistalog,Microsoft-Windows-Sysmon,,,,,,,,,,,,,,,,,\REGISTRY\A\{24ba27e4-e200-c615-e39b-bc4b3589a3be}\LocalState,,,,,,,12,,,,4688,,,,,S-1-5-18,2022-04-15 12:06:26,2,,,"{""Image"":""C:\\windows\\system32\\backgroundTaskHost.exe"",""ProcessId"":""5200"",""EventID"":12,""tags"":[""splunk""],""RecordNumber"":425745,""ProviderGuid"":""{5770385F-C22A-43E0-BF4C-06F5698FFBD9}"",""SourceName"":""Microsoft-Windows-Sysmon"",""OpcodeValue"":0,""EventTime"":""2022-04-15 08:06:25"",""AccountName"":""SYSTEM"",""host"":""cybertees.net"",""SeverityValue"":2,""ExecutionProcessID"":3524,""AccountType"":""User"",""Category"":""Registry object added or deleted (rule: RegistryEvent)"",""SourceModuleName"":""eventlog"",""Domain"":""NT AUTHORITY"",""Message"":""Registry object added or deleted:\r\nRuleName: -\r\nEventType: CreateKey\r\nUtcTime: 2022-04-15 12:06:25.753\r\nProcessGuid: {2d351099-5cc0-5f5f-3904-000000000400}\r\nProcessId: 5200\r\nImage: C:\\windows\\system32\\backgroundTaskHost.exe\r\nTargetObject: \\REGISTRY\\A\\{24ba27e4-e200-c615-e39b-bc4b3589a3be}\\LocalState"",""port"":60427,""UserID"":""S-1-5-18"",""UtcTime"":""2022-04-15 12:06:25.753"",""timestamp"":""2022-04-15T12:06:27.619Z"",""ThreadID"":4688,""Severity"":""INFO"",""EventTypeOrignal"":""INFO"",""EventType"":""CreateKey"",""Channel"":""Microsoft-Windows-Sysmon/Operational"",""TargetObject"":""\\REGISTRY\\A\\{24ba27e4-e200-c615-e39b-bc4b3589a3be}\\LocalState"",""Opcode"":""Info"",""EventReceivedTime"":""2022-04-15 08:06:27"",""@version"":""1"",""Task"":12,""SourceModuleType"":""im_msvistalog"",""RuleName"":""-"",""Hostname"":""James.browne"",""Keywords"":-9223372036854775808,""Version"":2,""ProcessGuid"":""{2d351099-5cc0-5f5f-3904-000000000400}""}",2022-04-15T08:06:22.000+0000,8,15,6,april,22,friday,2022,local,,CreateKey,cybertees.net,cyber-host,windowslogs,1,60427,"{"""":"":\\\\\\."","""":"""","""":,"""":[""""],"""":,"""":""{----}"",""",Event_logs.json,_json,ip-10-10-40-195,,splunk,,2022-04-15T12:06:27.619Z,
1,,,,SYSTEM,User,,,,,,Registry object added or deleted (rule: RegistryEvent),Microsoft-Windows-Sysmon/Operational,,,,,,,,,,,,,,,,,,NT AUTHORITY,,,,,12,,2022-04-15 8:06:27,2022-04-15 8:06:25,INFO,3524,,,,,,,James.browne,C:\windows\system32\backgroundTaskHost.exe,,,,,,,,,-9223372036854775808,,,,,,,,,"Registry object added or deleted:
RuleName: -
EventType: CreateKey
UtcTime: 2022-04-15 12:06:25.753
ProcessGuid: {2d351099-5cc0-5f5f-3904-000000000400}
ProcessId: 5200
Image: C:\windows\system32\backgroundTaskHost.exe
TargetObject: \REGISTRY\A\{24ba27e4-e200-c615-e39b-bc4b3589a3be}\LocalState",,,,,,,,Info,0,,,,,,,,,,{2d351099-5cc0-5f5f-3904-000000000400},5200,,,,{5770385F-C22A-43E0-BF4C-06F5698FFBD9},,,,425744,,,,,,,-,,INFO,2,,,,,,,,,,,,eventlog,im_msvistalog,Microsoft-Windows-Sysmon,,,,,,,,,,,,,,,,,\REGISTRY\A\{24ba27e4-e200-c615-e39b-bc4b3589a3be}\LocalState,,,,,,,12,,,,4688,,,,,S-1-5-18,2022-04-15 12:06:26,2,,,"{""Image"":""C:\\windows\\system32\\backgroundTaskHost.exe"",""ProcessId"":""5200"",""EventID"":12,""tags"":[""splunk""],""RecordNumber"":425744,""ProviderGuid"":""{5770385F-C22A-43E0-BF4C-06F5698FFBD9}"",""SourceName"":""Microsoft-Windows-Sysmon"",""OpcodeValue"":0,""EventTime"":""2022-04-15 08:06:25"",""AccountName"":""SYSTEM"",""host"":""cybertees.net"",""SeverityValue"":2,""ExecutionProcessID"":3524,""AccountType"":""User"",""Category"":""Registry object added or deleted (rule: RegistryEvent)"",""SourceModuleName"":""eventlog"",""Domain"":""NT AUTHORITY"",""Message"":""Registry object added or deleted:\r\nRuleName: -\r\nEventType: CreateKey\r\nUtcTime: 2022-04-15 12:06:25.753\r\nProcessGuid: {2d351099-5cc0-5f5f-3904-000000000400}\r\nProcessId: 5200\r\nImage: C:\\windows\\system32\\backgroundTaskHost.exe\r\nTargetObject: \\REGISTRY\\A\\{24ba27e4-e200-c615-e39b-bc4b3589a3be}\\LocalState"",""port"":60427,""UserID"":""S-1-5-18"",""UtcTime"":""2022-04-15 12:06:25.753"",""timestamp"":""2022-04-15T12:06:27.618Z"",""ThreadID"":4688,""Severity"":""INFO"",""EventTypeOrignal"":""INFO"",""EventType"":""CreateKey"",""Channel"":""Microsoft-Windows-Sysmon/Operational"",""TargetObject"":""\\REGISTRY\\A\\{24ba27e4-e200-c615-e39b-bc4b3589a3be}\\LocalState"",""Opcode"":""Info"",""EventReceivedTime"":""2022-04-15 08:06:27"",""@version"":""1"",""Task"":12,""SourceModuleType"":""im_msvistalog"",""RuleName"":""-"",""Hostname"":""James.browne"",""Keywords"":-9223372036854775808,""Version"":2,""ProcessGuid"":""{2d351099-5cc0-5f5f-3904-000000000400}""}",2022-04-15T08:06:22.000+0000,8,15,6,april,22,friday,2022,local,,CreateKey,cybertees.net,cyber-host,windowslogs,1,60427,"{"""":"":\\\\\\."","""":"""","""":,"""":[""""],"""":,"""":""{----}"",""",Event_logs.json,_json,ip-10-10-40-195,,splunk,,2022-04-15T12:06:27.618Z,
1,,,,SYSTEM,User,,,,,,Registry object added or deleted (rule: RegistryEvent),Microsoft-Windows-Sysmon/Operational,,,,,,,,,,,,,,,,,,NT AUTHORITY,,,,,12,,2022-04-15 8:06:27,2022-04-15 8:06:25,INFO,3524,,,,,,,James.browne,C:\windows\system32\backgroundTaskHost.exe,,,,,,,,,-9223372036854775808,,,,,,,,,"Registry object added or deleted:
RuleName: -
EventType: CreateKey
UtcTime: 2022-04-15 12:06:25.753
ProcessGuid: {2d351099-5cc0-5f5f-3904-000000000400}
ProcessId: 5200
Image: C:\windows\system32\backgroundTaskHost.exe
TargetObject: \REGISTRY\A\{24ba27e4-e200-c615-e39b-bc4b3589a3be}\LocalState",,,,,,,,Info,0,,,,,,,,,,{2d351099-5cc0-5f5f-3904-000000000400},5200,,,,{5770385F-C22A-43E0-BF4C-06F5698FFBD9},,,,425743,,,,,,,-,,INFO,2,,,,,,,,,,,,eventlog,im_msvistalog,Microsoft-Windows-Sysmon,,,,,,,,,,,,,,,,,\REGISTRY\A\{24ba27e4-e200-c615-e39b-bc4b3589a3be}\LocalState,,,,,,,12,,,,4688,,,,,S-1-5-18,2022-04-15 12:06:26,2,,,"{""Image"":""C:\\windows\\system32\\backgroundTaskHost.exe"",""ProcessId"":""5200"",""EventID"":12,""tags"":[""splunk""],""RecordNumber"":425743,""ProviderGuid"":""{5770385F-C22A-43E0-BF4C-06F5698FFBD9}"",""SourceName"":""Microsoft-Windows-Sysmon"",""OpcodeValue"":0,""EventTime"":""2022-04-15 08:06:25"",""AccountName"":""SYSTEM"",""host"":""cybertees.net"",""SeverityValue"":2,""ExecutionProcessID"":3524,""AccountType"":""User"",""Category"":""Registry object added or deleted (rule: RegistryEvent)"",""SourceModuleName"":""eventlog"",""Domain"":""NT AUTHORITY"",""Message"":""Registry object added or deleted:\r\nRuleName: -\r\nEventType: CreateKey\r\nUtcTime: 2022-04-15 12:06:25.753\r\nProcessGuid: {2d351099-5cc0-5f5f-3904-000000000400}\r\nProcessId: 5200\r\nImage: C:\\windows\\system32\\backgroundTaskHost.exe\r\nTargetObject: \\REGISTRY\\A\\{24ba27e4-e200-c615-e39b-bc4b3589a3be}\\LocalState"",""port"":60427,""UserID"":""S-1-5-18"",""UtcTime"":""2022-04-15 12:06:25.753"",""timestamp"":""2022-04-15T12:06:27.617Z"",""ThreadID"":4688,""Severity"":""INFO"",""EventTypeOrignal"":""INFO"",""EventType"":""CreateKey"",""Channel"":""Microsoft-Windows-Sysmon/Operational"",""TargetObject"":""\\REGISTRY\\A\\{24ba27e4-e200-c615-e39b-bc4b3589a3be}\\LocalState"",""Opcode"":""Info"",""EventReceivedTime"":""2022-04-15 08:06:27"",""@version"":""1"",""Task"":12,""SourceModuleType"":""im_msvistalog"",""RuleName"":""-"",""Hostname"":""James.browne"",""Keywords"":-9223372036854775808,""Version"":2,""ProcessGuid"":""{2d351099-5cc0-5f5f-3904-000000000400}""}",2022-04-15T08:06:22.000+0000,8,15,6,april,22,friday,2022,local,,CreateKey,cybertees.net,cyber-host,windowslogs,1,60427,"{"""":"":\\\\\\."","""":"""","""":,"""":[""""],"""":,"""":""{----}"",""",Event_logs.json,_json,ip-10-10-40-195,,splunk,,2022-04-15T12:06:27.617Z,
1,,,,SYSTEM,User,,,,,,Registry value set (rule: RegistryEvent),Microsoft-Windows-Sysmon/Operational,,,,,,,,,,,,,,Binary Data,,,,NT AUTHORITY,,,,,13,,2022-04-15 8:06:27,2022-04-15 8:06:25,INFO,3524,,,,,,,James.browne,C:\windows\system32\backgroundTaskHost.exe,,,,,,,,,-9223372036854775808,,,,,,,,,"Registry value set:
RuleName: -
EventType: SetValue
UtcTime: 2022-04-15 12:06:25.753
ProcessGuid: {2d351099-5cc0-5f5f-3904-000000000400}
ProcessId: 5200
Image: C:\windows\system32\backgroundTaskHost.exe
TargetObject: \REGISTRY\A\{24ba27e4-e200-c615-e39b-bc4b3589a3be}\LocalState\ScheduledWorkItems\ContentDeliveryManager.Background.RefreshCacheTask\SubscribedContent-88000045\DueDateTime
Details: Binary Data",,,,,,,,Info,0,,,,,,,,,,{2d351099-5cc0-5f5f-3904-000000000400},5200,,,,{5770385F-C22A-43E0-BF4C-06F5698FFBD9},,,,425742,,,,,,,-,,INFO,2,,,,,,,,,,,,eventlog,im_msvistalog,Microsoft-Windows-Sysmon,,,,,,,,,,,,,,,,,\REGISTRY\A\{24ba27e4-e200-c615-e39b-bc4b3589a3be}\LocalState\ScheduledWorkItems\ContentDeliveryManager.Background.RefreshCacheTask\SubscribedContent-88000045\DueDateTime,,,,,,,13,,,,4688,,,,,S-1-5-18,2022-04-15 12:06:26,2,,,"{""Image"":""C:\\windows\\system32\\backgroundTaskHost.exe"",""ProcessId"":""5200"",""EventID"":13,""tags"":[""splunk""],""RecordNumber"":425742,""ProviderGuid"":""{5770385F-C22A-43E0-BF4C-06F5698FFBD9}"",""SourceName"":""Microsoft-Windows-Sysmon"",""OpcodeValue"":0,""EventTime"":""2022-04-15 08:06:25"",""AccountName"":""SYSTEM"",""host"":""cybertees.net"",""SeverityValue"":2,""ExecutionProcessID"":3524,""AccountType"":""User"",""Category"":""Registry value set (rule: RegistryEvent)"",""SourceModuleName"":""eventlog"",""Domain"":""NT AUTHORITY"",""Message"":""Registry value set:\r\nRuleName: -\r\nEventType: SetValue\r\nUtcTime: 2022-04-15 12:06:25.753\r\nProcessGuid: {2d351099-5cc0-5f5f-3904-000000000400}\r\nProcessId: 5200\r\nImage: C:\\windows\\system32\\backgroundTaskHost.exe\r\nTargetObject: \\REGISTRY\\A\\{24ba27e4-e200-c615-e39b-bc4b3589a3be}\\LocalState\\ScheduledWorkItems\\ContentDeliveryManager.Background.RefreshCacheTask\\SubscribedContent-88000045\\DueDateTime\r\nDetails: Binary Data"",""port"":60427,""UserID"":""S-1-5-18"",""UtcTime"":""2022-04-15 12:06:25.753"",""timestamp"":""2022-04-15T12:06:27.616Z"",""ThreadID"":4688,""Severity"":""INFO"",""EventTypeOrignal"":""INFO"",""EventType"":""SetValue"",""Channel"":""Microsoft-Windows-Sysmon/Operational"",""TargetObject"":""\\REGISTRY\\A\\{24ba27e4-e200-c615-e39b-bc4b3589a3be}\\LocalState\\ScheduledWorkItems\\ContentDeliveryManager.Background.RefreshCacheTask\\SubscribedContent-88000045\\DueDateTime"",""Details"":""Binary Data"",""Opcode"":""Info"",""EventReceivedTime"":""2022-04-15 08:06:27"",""@version"":""1"",""Task"":13,""SourceModuleType"":""im_msvistalog"",""RuleName"":""-"",""Hostname"":""James.browne"",""Keywords"":-9223372036854775808,""Version"":2,""ProcessGuid"":""{2d351099-5cc0-5f5f-3904-000000000400}""}",2022-04-15T08:06:22.000+0000,8,15,6,april,22,friday,2022,local,,SetValue,cybertees.net,cyber-host,windowslogs,1,60427,"{"""":"":\\\\\\."","""":"""","""":,"""":[""""],"""":,"""":""{----}"",""",Event_logs.json,_json,ip-10-10-40-195,,splunk,,2022-04-15T12:06:27.616Z,
1,,,,SYSTEM,User,,,,,,Registry object added or deleted (rule: RegistryEvent),Microsoft-Windows-Sysmon/Operational,,,,,,,,,,,,,,,,,,NT AUTHORITY,,,,,12,,2022-04-15 8:06:27,2022-04-15 8:06:25,INFO,3524,,,,,,,James.browne,C:\windows\system32\backgroundTaskHost.exe,,,,,,,,,-9223372036854775808,,,,,,,,,"Registry object added or deleted:
RuleName: -
EventType: CreateKey
UtcTime: 2022-04-15 12:06:25.753
ProcessGuid: {2d351099-5cc0-5f5f-3904-000000000400}
ProcessId: 5200
Image: C:\windows\system32\backgroundTaskHost.exe
TargetObject: \REGISTRY\A\{24ba27e4-e200-c615-e39b-bc4b3589a3be}\LocalState",,,,,,,,Info,0,,,,,,,,,,{2d351099-5cc0-5f5f-3904-000000000400},5200,,,,{5770385F-C22A-43E0-BF4C-06F5698FFBD9},,,,425741,,,,,,,-,,INFO,2,,,,,,,,,,,,eventlog,im_msvistalog,Microsoft-Windows-Sysmon,,,,,,,,,,,,,,,,,\REGISTRY\A\{24ba27e4-e200-c615-e39b-bc4b3589a3be}\LocalState,,,,,,,12,,,,4688,,,,,S-1-5-18,2022-04-15 12:06:26,2,,,"{""Image"":""C:\\windows\\system32\\backgroundTaskHost.exe"",""ProcessId"":""5200"",""EventID"":12,""tags"":[""splunk""],""RecordNumber"":425741,""ProviderGuid"":""{5770385F-C22A-43E0-BF4C-06F5698FFBD9}"",""SourceName"":""Microsoft-Windows-Sysmon"",""OpcodeValue"":0,""EventTime"":""2022-04-15 08:06:25"",""AccountName"":""SYSTEM"",""host"":""cybertees.net"",""SeverityValue"":2,""ExecutionProcessID"":3524,""AccountType"":""User"",""Category"":""Registry object added or deleted (rule: RegistryEvent)"",""SourceModuleName"":""eventlog"",""Domain"":""NT AUTHORITY"",""Message"":""Registry object added or deleted:\r\nRuleName: -\r\nEventType: CreateKey\r\nUtcTime: 2022-04-15 12:06:25.753\r\nProcessGuid: {2d351099-5cc0-5f5f-3904-000000000400}\r\nProcessId: 5200\r\nImage: C:\\windows\\system32\\backgroundTaskHost.exe\r\nTargetObject: \\REGISTRY\\A\\{24ba27e4-e200-c615-e39b-bc4b3589a3be}\\LocalState"",""port"":60427,""UserID"":""S-1-5-18"",""UtcTime"":""2022-04-15 12:06:25.753"",""timestamp"":""2022-04-15T12:06:27.616Z"",""ThreadID"":4688,""Severity"":""INFO"",""EventTypeOrignal"":""INFO"",""EventType"":""CreateKey"",""Channel"":""Microsoft-Windows-Sysmon/Operational"",""TargetObject"":""\\REGISTRY\\A\\{24ba27e4-e200-c615-e39b-bc4b3589a3be}\\LocalState"",""Opcode"":""Info"",""EventReceivedTime"":""2022-04-15 08:06:27"",""@version"":""1"",""Task"":12,""SourceModuleType"":""im_msvistalog"",""RuleName"":""-"",""Hostname"":""James.browne"",""Keywords"":-9223372036854775808,""Version"":2,""ProcessGuid"":""{2d351099-5cc0-5f5f-3904-000000000400}""}",2022-04-15T08:06:22.000+0000,8,15,6,april,22,friday,2022,local,,CreateKey,cybertees.net,cyber-host,windowslogs,1,60427,"{"""":"":\\\\\\."","""":"""","""":,"""":[""""],"""":,"""":""{----}"",""",Event_logs.json,_json,ip-10-10-40-195,,splunk,,2022-04-15T12:06:27.616Z,
