Requested Operation:
	Desired Access:	DELETE
				READ_CONTROL
				WRITE_DAC
				WRITE_OWNER
				SYNCHRONIZE
				Query semaphore state
				Modify semaphore state
				
	Privileges:		SeTakeOwnershipPrivilege",,,,\BaseNamedObjects\SM0:7264:304:WilStaging_02_p0,Security,Semaphore,,Info,0,,,,,,,,,SeTakeOwnershipPrivilege,,0x1c60,C:\Windows\System32\conhost.exe,,,{54849625-5478-4994-A5BA-3E3B0328C30D},,,,56069,,,,,,,,,INFO,2,,,,,,,,,,,,eventlog,im_msvistalog,Microsoft-Windows-Security-Auditing,,,,,,,Cybertees,0x551686,James,S-1-5-21-4020993649-1037605423-417876593-1104,,,,,,,,,,,,,,13056,,,,5640,,,,,,,0,,,"{""ProcessId"":""0x1c60"",""tags"":[""splunk""],""EventID"":4674,""RecordNumber"":56069,""ProviderGuid"":""{54849625-5478-4994-A5BA-3E3B0328C30D}"",""SourceName"":""Microsoft-Windows-Security-Auditing"",""OpcodeValue"":0,""EventTime"":""2022-04-15 08:06:02"",""SubjectUserSid"":""S-1-5-21-4020993649-1037605423-417876593-1104"",""host"":""cybertees.net"",""SeverityValue"":2,""ExecutionProcessID"":4,""Category"":""Sensitive Privilege Use"",""SubjectLogonId"":""0x551686"",""SourceModuleName"":""eventlog"",""Message"":""An operation was attempted on a privileged object.\r\n\r\nSubject:\r\n\tSecurity ID:\t\tS-1-5-21-4020993649-1037605423-417876593-1104\r\n\tAccount Name:\t\tJames\r\n\tAccount Domain:\t\tCybertees\r\n\tLogon ID:\t\t0x551686\r\n\r\nObject:\r\n\tObject Server:\tSecurity\r\n\tObject Type:\tSemaphore\r\n\tObject Name:\t\\BaseNamedObjects\\SM0:7264:304:WilStaging_02_p0\r\n\tObject Handle:\t0x22c\r\n\r\nProcess Information:\r\n\tProcess ID:\t0x1c60\r\n\tProcess Name:\tC:\\Windows\\System32\\conhost.exe\r\n\r\nRequested Operation:\r\n\tDesired Access:\tDELETE\r\n\t\t\t\tREAD_CONTROL\r\n\t\t\t\tWRITE_DAC\r\n\t\t\t\tWRITE_OWNER\r\n\t\t\t\tSYNCHRONIZE\r\n\t\t\t\tQuery semaphore state\r\n\t\t\t\tModify semaphore state\r\n\t\t\t\t\r\n\tPrivileges:\t\tSeTakeOwnershipPrivilege"",""port"":60427,""timestamp"":""2022-04-15T12:06:03.896Z"",""ThreadID"":5640,""SubjectUserName"":""James"",""Severity"":""INFO"",""ObjectServer"":""Security"",""ProcessName"":""C:\\Windows\\System32\\conhost.exe"",""EventType"":""AUDIT_SUCCESS"",""Channel"":""Security"",""ObjectType"":""Semaphore"",""Opcode"":""Info"",""ObjectName"":""\\BaseNamedObjects\\SM0:7264:304:WilStaging_02_p0"",""EventReceivedTime"":""2022-04-15 08:06:03"",""@version"":""1"",""Task"":13056,""SubjectDomainName"":""Cybertees"",""HandleId"":""0x22c"",""AccessMask"":""%%1537\r\n\t\t\t\t%%1538\r\n\t\t\t\t%%1539\r\n\t\t\t\t%%1540\r\n\t\t\t\t%%1541\r\n\t\t\t\t%%4528\r\n\t\t\t\t%%4529\r\n\t\t\t\t"",""SourceModuleType"":""im_msvistalog"",""Hostname"":""Micheal.Beaven"",""Keywords"":-9214364837600034816,""Version"":0,""PrivilegeList"":""SeTakeOwnershipPrivilege""}",2022-04-15T08:06:02.000+0000,8,15,6,april,2,friday,2022,local,,AUDIT_SUCCESS,cybertees.net,cyber-host,windowslogs,1,60427,"{"""":"""","""":[""""],"""":,"""":,"""":""{----}"","""":""---"","""":,""""",Event_logs.json,_json,ip-10-10-40-195,,splunk,,2022-04-15T12:06:03.896Z,
1,,,,SYSTEM,User,,,,,,Registry value set (rule: RegistryEvent),Microsoft-Windows-Sysmon/Operational,,,,,,,,,,,,,,Binary Data,,,,NT AUTHORITY,,,,,13,,2022-04-15 8:06:03,2022-04-15 8:06:02,INFO,3348,,,,,,,Micheal.Beaven,C:\windows\system32\lsass.exe,,,,,,,,,-9223372036854775808,,,,,,,,,"Registry value set:
RuleName: -
EventType: SetValue
UtcTime: 2022-04-15 12:06:02.420
ProcessGuid: {83d0c8c3-43ca-5f5f-0c00-000000000400}
ProcessId: 740
Image: C:\windows\system32\lsass.exe
TargetObject: HKLM\SAM\SAM\Domains\Account\Users\(Default)
Details: Binary Data",,,,,,,,Info,0,,,,,,,,,,{83d0c8c3-43ca-5f5f-0c00-000000000400},740,,,,{5770385F-C22A-43E0-BF4C-06F5698FFBD9},,,,183217,,,,,,,-,,INFO,2,,,,,,,,,,,,eventlog,im_msvistalog,Microsoft-Windows-Sysmon,,,,,,,,,,,,,,,,,HKLM\SAM\SAM\Domains\Account\Users\(Default),,,,,,,13,,,,4532,,,,,S-1-5-18,2022-04-15 12:06:02,2,,,"{""Image"":""C:\\windows\\system32\\lsass.exe"",""ProcessId"":""740"",""EventID"":13,""tags"":[""splunk""],""RecordNumber"":183217,""ProviderGuid"":""{5770385F-C22A-43E0-BF4C-06F5698FFBD9}"",""SourceName"":""Microsoft-Windows-Sysmon"",""OpcodeValue"":0,""EventTime"":""2022-04-15 08:06:02"",""AccountName"":""SYSTEM"",""host"":""cybertees.net"",""SeverityValue"":2,""ExecutionProcessID"":3348,""AccountType"":""User"",""Category"":""Registry value set (rule: RegistryEvent)"",""SourceModuleName"":""eventlog"",""Domain"":""NT AUTHORITY"",""Message"":""Registry value set:\r\nRuleName: -\r\nEventType: SetValue\r\nUtcTime: 2022-04-15 12:06:02.420\r\nProcessGuid: {83d0c8c3-43ca-5f5f-0c00-000000000400}\r\nProcessId: 740\r\nImage: C:\\windows\\system32\\lsass.exe\r\nTargetObject: HKLM\\SAM\\SAM\\Domains\\Account\\Users\\(Default)\r\nDetails: Binary Data"",""port"":60427,""UserID"":""S-1-5-18"",""UtcTime"":""2022-04-15 12:06:02.420"",""timestamp"":""2022-04-15T12:06:03.896Z"",""ThreadID"":4532,""Severity"":""INFO"",""EventTypeOrignal"":""INFO"",""EventType"":""SetValue"",""Channel"":""Microsoft-Windows-Sysmon/Operational"",""TargetObject"":""HKLM\\SAM\\SAM\\Domains\\Account\\Users\\(Default)"",""Details"":""Binary Data"",""Opcode"":""Info"",""EventReceivedTime"":""2022-04-15 08:06:03"",""@version"":""1"",""Task"":13,""SourceModuleType"":""im_msvistalog"",""RuleName"":""-"",""Hostname"":""Micheal.Beaven"",""Keywords"":-9223372036854775808,""Version"":2,""ProcessGuid"":""{83d0c8c3-43ca-5f5f-0c00-000000000400}""}",2022-04-15T08:06:02.000+0000,8,15,6,april,2,friday,2022,local,,SetValue,cybertees.net,cyber-host,windowslogs,1,60427,"{"""":"":\\\\\\."","""":"""","""":,"""":[""""],"""":,"""":""{----}"",""",Event_logs.json,_json,ip-10-10-40-195,,splunk,,2022-04-15T12:06:03.896Z,
1,,2031617,,,,,,,,,Sensitive Privilege Use,Security,,,,,,,,,,,,,,,,,,,,,,,4674,,2022-04-15 8:06:03,2022-04-15 8:06:02,,4,,,,,0x224,,Micheal.Beaven,,,,,,,,,,-9214364837600034816,,,,,,,,,"An operation was attempted on a privileged object.

Subject:
	Security ID:		S-1-5-21-4020993649-1037605423-417876593-1104
	Account Name:		James
	Account Domain:		Cybertees
	Logon ID:		0x551686

Object:
	Object Server:	Security
	Object Type:	-
	Object Name:	-
	Object Handle:	0x224

Process Information:
	Process ID:	0x1c60
	Process Name:	C:\Windows\System32\conhost.exe

Requested Operation:
	Desired Access:	2031617
	Privileges:		SeTakeOwnershipPrivilege",,,,-,Security,-,,Info,0,,,,,,,,,SeTakeOwnershipPrivilege,,0x1c60,C:\Windows\System32\conhost.exe,,,{54849625-5478-4994-A5BA-3E3B0328C30D},,,,56068,,,,,,,,,INFO,2,,,,,,,,,,,,eventlog,im_msvistalog,Microsoft-Windows-Security-Auditing,,,,,,,Cybertees,0x551686,James,S-1-5-21-4020993649-1037605423-417876593-1104,,,,,,,,,,,,,,13056,,,,5640,,,,,,,0,,,"{""ProcessId"":""0x1c60"",""tags"":[""splunk""],""EventID"":4674,""RecordNumber"":56068,""ProviderGuid"":""{54849625-5478-4994-A5BA-3E3B0328C30D}"",""SourceName"":""Microsoft-Windows-Security-Auditing"",""OpcodeValue"":0,""EventTime"":""2022-04-15 08:06:02"",""SubjectUserSid"":""S-1-5-21-4020993649-1037605423-417876593-1104"",""host"":""cybertees.net"",""SeverityValue"":2,""ExecutionProcessID"":4,""Category"":""Sensitive Privilege Use"",""SubjectLogonId"":""0x551686"",""SourceModuleName"":""eventlog"",""Message"":""An operation was attempted on a privileged object.\r\n\r\nSubject:\r\n\tSecurity ID:\t\tS-1-5-21-4020993649-1037605423-417876593-1104\r\n\tAccount Name:\t\tJames\r\n\tAccount Domain:\t\tCybertees\r\n\tLogon ID:\t\t0x551686\r\n\r\nObject:\r\n\tObject Server:\tSecurity\r\n\tObject Type:\t-\r\n\tObject Name:\t-\r\n\tObject Handle:\t0x224\r\n\r\nProcess Information:\r\n\tProcess ID:\t0x1c60\r\n\tProcess Name:\tC:\\Windows\\System32\\conhost.exe\r\n\r\nRequested Operation:\r\n\tDesired Access:\t2031617\r\n\tPrivileges:\t\tSeTakeOwnershipPrivilege"",""port"":60427,""timestamp"":""2022-04-15T12:06:03.896Z"",""ThreadID"":5640,""SubjectUserName"":""James"",""Severity"":""INFO"",""ObjectServer"":""Security"",""ProcessName"":""C:\\Windows\\System32\\conhost.exe"",""EventType"":""AUDIT_SUCCESS"",""Channel"":""Security"",""ObjectType"":""-"",""Opcode"":""Info"",""ObjectName"":""-"",""EventReceivedTime"":""2022-04-15 08:06:03"",""@version"":""1"",""Task"":13056,""SubjectDomainName"":""Cybertees"",""HandleId"":""0x224"",""AccessMask"":""2031617"",""SourceModuleType"":""im_msvistalog"",""Hostname"":""Micheal.Beaven"",""Keywords"":-9214364837600034816,""Version"":0,""PrivilegeList"":""SeTakeOwnershipPrivilege""}",2022-04-15T08:06:02.000+0000,8,15,6,april,2,friday,2022,local,,AUDIT_SUCCESS,cybertees.net,cyber-host,windowslogs,1,60427,"{"""":"""","""":[""""],"""":,"""":,"""":""{----}"","""":""---"","""":,""""",Event_logs.json,_json,ip-10-10-40-195,,splunk,,2022-04-15T12:06:03.896Z,
1,,,,SYSTEM,User,,,,,,Registry object added or deleted (rule: RegistryEvent),Microsoft-Windows-Sysmon/Operational,,,,,,,,,,,,,,,,,,NT AUTHORITY,,,,,12,,2022-04-15 8:06:03,2022-04-15 8:06:02,INFO,3348,,,,,,,Micheal.Beaven,C:\windows\system32\lsass.exe,,,,,,,,,-9223372036854775808,,,,,,,,,"Registry object added or deleted:
RuleName: -
EventType: CreateKey
UtcTime: 2022-04-15 12:06:02.420
ProcessGuid: {83d0c8c3-43ca-5f5f-0c00-000000000400}
ProcessId: 740
Image: C:\windows\system32\lsass.exe
TargetObject: HKLM\SAM\SAM\Domains\Account\Users",,,,,,,,Info,0,,,,,,,,,,{83d0c8c3-43ca-5f5f-0c00-000000000400},740,,,,{5770385F-C22A-43E0-BF4C-06F5698FFBD9},,,,183216,,,,,,,-,,INFO,2,,,,,,,,,,,,eventlog,im_msvistalog,Microsoft-Windows-Sysmon,,,,,,,,,,,,,,,,,HKLM\SAM\SAM\Domains\Account\Users,,,,,,,12,,,,4532,,,,,S-1-5-18,2022-04-15 12:06:02,2,,,"{""Image"":""C:\\windows\\system32\\lsass.exe"",""ProcessId"":""740"",""EventID"":12,""tags"":[""splunk""],""RecordNumber"":183216,""ProviderGuid"":""{5770385F-C22A-43E0-BF4C-06F5698FFBD9}"",""SourceName"":""Microsoft-Windows-Sysmon"",""OpcodeValue"":0,""EventTime"":""2022-04-15 08:06:02"",""AccountName"":""SYSTEM"",""host"":""cybertees.net"",""SeverityValue"":2,""ExecutionProcessID"":3348,""AccountType"":""User"",""Category"":""Registry object added or deleted (rule: RegistryEvent)"",""SourceModuleName"":""eventlog"",""Domain"":""NT AUTHORITY"",""Message"":""Registry object added or deleted:\r\nRuleName: -\r\nEventType: CreateKey\r\nUtcTime: 2022-04-15 12:06:02.420\r\nProcessGuid: {83d0c8c3-43ca-5f5f-0c00-000000000400}\r\nProcessId: 740\r\nImage: C:\\windows\\system32\\lsass.exe\r\nTargetObject: HKLM\\SAM\\SAM\\Domains\\Account\\Users"",""port"":60427,""UserID"":""S-1-5-18"",""UtcTime"":""2022-04-15 12:06:02.420"",""timestamp"":""2022-04-15T12:06:03.896Z"",""ThreadID"":4532,""Severity"":""INFO"",""EventTypeOrignal"":""INFO"",""EventType"":""CreateKey"",""Channel"":""Microsoft-Windows-Sysmon/Operational"",""TargetObject"":""HKLM\\SAM\\SAM\\Domains\\Account\\Users"",""Opcode"":""Info"",""EventReceivedTime"":""2022-04-15 08:06:03"",""@version"":""1"",""Task"":12,""SourceModuleType"":""im_msvistalog"",""RuleName"":""-"",""Hostname"":""Micheal.Beaven"",""Keywords"":-9223372036854775808,""Version"":2,""ProcessGuid"":""{83d0c8c3-43ca-5f5f-0c00-000000000400}""}",2022-04-15T08:06:02.000+0000,8,15,6,april,2,friday,2022,local,,CreateKey,cybertees.net,cyber-host,windowslogs,1,60427,"{"""":"":\\\\\\."","""":"""","""":,"""":[""""],"""":,"""":""{----}"",""",Event_logs.json,_json,ip-10-10-40-195,,splunk,,2022-04-15T12:06:03.896Z,
1,,"%%1537
				%%1538
				%%1539
				%%1540
				%%1541
				%%4448
				",,,,,,,,,Sensitive Privilege Use,Security,,,,,,,,,,,,,,,,,,,,,,,4674,,2022-04-15 8:06:03,2022-04-15 8:06:02,,4,,,,,0x224,,Micheal.Beaven,,,,,,,,,,-9214364837600034816,,,,,,,,,"An operation was attempted on a privileged object.

Subject:
	Security ID:		S-1-5-21-4020993649-1037605423-417876593-1104
	Account Name:		James
	Account Domain:		Cybertees
	Logon ID:		0x551686

Object:
	Object Server:	Security
	Object Type:	Mutant
	Object Name:	\BaseNamedObjects\SM0:7264:304:WilStaging_02
	Object Handle:	0x224

Process Information:
	Process ID:	0x1c60
	Process Name:	C:\Windows\System32\conhost.exe

Requested Operation:
	Desired Access:	DELETE
				READ_CONTROL
				WRITE_DAC
				WRITE_OWNER
				SYNCHRONIZE
				Query mutant state
				
	Privileges:		SeTakeOwnershipPrivilege",,,,\BaseNamedObjects\SM0:7264:304:WilStaging_02,Security,Mutant,,Info,0,,,,,,,,,SeTakeOwnershipPrivilege,,0x1c60,C:\Windows\System32\conhost.exe,,,{54849625-5478-4994-A5BA-3E3B0328C30D},,,,56067,,,,,,,,,INFO,2,,,,,,,,,,,,eventlog,im_msvistalog,Microsoft-Windows-Security-Auditing,,,,,,,Cybertees,0x551686,James,S-1-5-21-4020993649-1037605423-417876593-1104,,,,,,,,,,,,,,13056,,,,5640,,,,,,,0,,,"{""ProcessId"":""0x1c60"",""tags"":[""splunk""],""EventID"":4674,""RecordNumber"":56067,""ProviderGuid"":""{54849625-5478-4994-A5BA-3E3B0328C30D}"",""SourceName"":""Microsoft-Windows-Security-Auditing"",""OpcodeValue"":0,""EventTime"":""2022-04-15 08:06:02"",""SubjectUserSid"":""S-1-5-21-4020993649-1037605423-417876593-1104"",""host"":""cybertees.net"",""SeverityValue"":2,""ExecutionProcessID"":4,""Category"":""Sensitive Privilege Use"",""SubjectLogonId"":""0x551686"",""SourceModuleName"":""eventlog"",""Message"":""An operation was attempted on a privileged object.\r\n\r\nSubject:\r\n\tSecurity ID:\t\tS-1-5-21-4020993649-1037605423-417876593-1104\r\n\tAccount Name:\t\tJames\r\n\tAccount Domain:\t\tCybertees\r\n\tLogon ID:\t\t0x551686\r\n\r\nObject:\r\n\tObject Server:\tSecurity\r\n\tObject Type:\tMutant\r\n\tObject Name:\t\\BaseNamedObjects\\SM0:7264:304:WilStaging_02\r\n\tObject Handle:\t0x224\r\n\r\nProcess Information:\r\n\tProcess ID:\t0x1c60\r\n\tProcess Name:\tC:\\Windows\\System32\\conhost.exe\r\n\r\nRequested Operation:\r\n\tDesired Access:\tDELETE\r\n\t\t\t\tREAD_CONTROL\r\n\t\t\t\tWRITE_DAC\r\n\t\t\t\tWRITE_OWNER\r\n\t\t\t\tSYNCHRONIZE\r\n\t\t\t\tQuery mutant state\r\n\t\t\t\t\r\n\tPrivileges:\t\tSeTakeOwnershipPrivilege"",""port"":60427,""timestamp"":""2022-04-15T12:06:03.895Z"",""ThreadID"":5640,""SubjectUserName"":""James"",""Severity"":""INFO"",""ObjectServer"":""Security"",""ProcessName"":""C:\\Windows\\System32\\conhost.exe"",""EventType"":""AUDIT_SUCCESS"",""Channel"":""Security"",""ObjectType"":""Mutant"",""Opcode"":""Info"",""ObjectName"":""\\BaseNamedObjects\\SM0:7264:304:WilStaging_02"",""EventReceivedTime"":""2022-04-15 08:06:03"",""@version"":""1"",""Task"":13056,""SubjectDomainName"":""Cybertees"",""HandleId"":""0x224"",""AccessMask"":""%%1537\r\n\t\t\t\t%%1538\r\n\t\t\t\t%%1539\r\n\t\t\t\t%%1540\r\n\t\t\t\t%%1541\r\n\t\t\t\t%%4448\r\n\t\t\t\t"",""SourceModuleType"":""im_msvistalog"",""Hostname"":""Micheal.Beaven"",""Keywords"":-9214364837600034816,""Version"":0,""PrivilegeList"":""SeTakeOwnershipPrivilege""}",2022-04-15T08:06:02.000+0000,8,15,6,april,2,friday,2022,local,,AUDIT_SUCCESS,cybertees.net,cyber-host,windowslogs,1,60427,"{"""":"""","""":[""""],"""":,"""":,"""":""{----}"","""":""---"","""":,""""",Event_logs.json,_json,ip-10-10-40-195,,splunk,,2022-04-15T12:06:03.895Z,
1,,,,,,,,,,,Registry,Security,,,,,,,,,,,,,,,,,,,,,,,4658,,2022-04-15 8:06:03,2022-04-15 8:06:02,,4,,,,,0x84,,Micheal.Beaven,,,,,,,,,,-9214364837600034816,,,,,,,,,"The handle to an object was closed.

Subject :
	Security ID:		S-1-5-21-4020993649-1037605423-417876593-1104
	Account Name:		James
	Account Domain:		Cybertees
	Logon ID:		0x551686

Object:
	Object Server:		Security
	Handle ID:		0x84

Process Information:
	Process ID:		0x1c60
	Process Name:		C:\Windows\System32\conhost.exe",,,,,Security,,,Info,0,,,,,,,,,,,0x1c60,C:\Windows\System32\conhost.exe,,,{54849625-5478-4994-A5BA-3E3B0328C30D},,,,56066,,,,,,,,,INFO,2,,,,,,,,,,,,eventlog,im_msvistalog,Microsoft-Windows-Security-Auditing,,,,,,,Cybertees,0x551686,James,S-1-5-21-4020993649-1037605423-417876593-1104,,,,,,,,,,,,,,12801,,,,5640,,,,,,,0,,,"{""tags"":[""splunk""],""EventID"":4658,""RecordNumber"":56066,""ProviderGuid"":""{54849625-5478-4994-A5BA-3E3B0328C30D}"",""SourceName"":""Microsoft-Windows-Security-Auditing"",""OpcodeValue"":0,""EventTime"":""2022-04-15 08:06:02"",""SubjectUserSid"":""S-1-5-21-4020993649-1037605423-417876593-1104"",""host"":""cybertees.net"",""SeverityValue"":2,""ExecutionProcessID"":4,""Category"":""Registry"",""SubjectLogonId"":""0x551686"",""SourceModuleName"":""eventlog"",""Message"":""The handle to an object was closed.\r\n\r\nSubject :\r\n\tSecurity ID:\t\tS-1-5-21-4020993649-1037605423-417876593-1104\r\n\tAccount Name:\t\tJames\r\n\tAccount Domain:\t\tCybertees\r\n\tLogon ID:\t\t0x551686\r\n\r\nObject:\r\n\tObject Server:\t\tSecurity\r\n\tHandle ID:\t\t0x84\r\n\r\nProcess Information:\r\n\tProcess ID:\t\t0x1c60\r\n\tProcess Name:\t\tC:\\Windows\\System32\\conhost.exe"",""port"":60427,""timestamp"":""2022-04-15T12:06:03.895Z"",""ThreadID"":5640,""SubjectUserName"":""James"",""Severity"":""INFO"",""ObjectServer"":""Security"",""ProcessName"":""C:\\Windows\\System32\\conhost.exe"",""EventType"":""AUDIT_SUCCESS"",""Channel"":""Security"",""Opcode"":""Info"",""EventReceivedTime"":""2022-04-15 08:06:03"",""@version"":""1"",""Task"":12801,""SubjectDomainName"":""Cybertees"",""HandleId"":""0x84"",""SourceModuleType"":""im_msvistalog"",""Hostname"":""Micheal.Beaven"",""Keywords"":-9214364837600034816,""Version"":0,""ProcessId"":""0x1c60""}",2022-04-15T08:06:02.000+0000,8,15,6,april,2,friday,2022,local,,AUDIT_SUCCESS,cybertees.net,cyber-host,windowslogs,1,60427,"{"""":[""""],"""":,"""":,"""":""{----}"","""":""---"","""":,"""":""--_:",Event_logs.json,_json,ip-10-10-40-195,,splunk,,2022-04-15T12:06:03.895Z,
1,,,,SYSTEM,User,,,,,,Registry value set (rule: RegistryEvent),Microsoft-Windows-Sysmon/Operational,,,,,,,,,,,,,,Binary Data,,,,NT AUTHORITY,,,,,13,,2022-04-15 8:06:03,2022-04-15 8:06:02,INFO,3348,,,,,,,Micheal.Beaven,C:\windows\system32\lsass.exe,,,,,,,,,-9223372036854775808,,,,,,,,,"Registry value set:
RuleName: -
EventType: SetValue
UtcTime: 2022-04-15 12:06:02.420
ProcessGuid: {83d0c8c3-43ca-5f5f-0c00-000000000400}
ProcessId: 740
Image: C:\windows\system32\lsass.exe
TargetObject: HKLM\SAM\SAM\Domains\Account\Groups\00000201\C
Details: Binary Data",,,,,,,,Info,0,,,,,,,,,,{83d0c8c3-43ca-5f5f-0c00-000000000400},740,,,,{5770385F-C22A-43E0-BF4C-06F5698FFBD9},,,,183215,,,,,,,-,,INFO,2,,,,,,,,,,,,eventlog,im_msvistalog,Microsoft-Windows-Sysmon,,,,,,,,,,,,,,,,,HKLM\SAM\SAM\Domains\Account\Groups\00000201\C,,,,,,,13,,,,4532,,,,,S-1-5-18,2022-04-15 12:06:02,2,,,"{""Image"":""C:\\windows\\system32\\lsass.exe"",""ProcessId"":""740"",""EventID"":13,""tags"":[""splunk""],""RecordNumber"":183215,""ProviderGuid"":""{5770385F-C22A-43E0-BF4C-06F5698FFBD9}"",""SourceName"":""Microsoft-Windows-Sysmon"",""OpcodeValue"":0,""EventTime"":""2022-04-15 08:06:02"",""AccountName"":""SYSTEM"",""host"":""cybertees.net"",""SeverityValue"":2,""ExecutionProcessID"":3348,""AccountType"":""User"",""Category"":""Registry value set (rule: RegistryEvent)"",""SourceModuleName"":""eventlog"",""Domain"":""NT AUTHORITY"",""Message"":""Registry value set:\r\nRuleName: -\r\nEventType: SetValue\r\nUtcTime: 2022-04-15 12:06:02.420\r\nProcessGuid: {83d0c8c3-43ca-5f5f-0c00-000000000400}\r\nProcessId: 740\r\nImage: C:\\windows\\system32\\lsass.exe\r\nTargetObject: HKLM\\SAM\\SAM\\Domains\\Account\\Groups\\00000201\\C\r\nDetails: Binary Data"",""port"":60427,""UserID"":""S-1-5-18"",""UtcTime"":""2022-04-15 12:06:02.420"",""timestamp"":""2022-04-15T12:06:03.895Z"",""ThreadID"":4532,""Severity"":""INFO"",""EventTypeOrignal"":""INFO"",""EventType"":""SetValue"",""Channel"":""Microsoft-Windows-Sysmon/Operational"",""TargetObject"":""HKLM\\SAM\\SAM\\Domains\\Account\\Groups\\00000201\\C"",""Details"":""Binary Data"",""Opcode"":""Info"",""EventReceivedTime"":""2022-04-15 08:06:03"",""@version"":""1"",""Task"":13,""SourceModuleType"":""im_msvistalog"",""RuleName"":""-"",""Hostname"":""Micheal.Beaven"",""Keywords"":-9223372036854775808,""Version"":2,""ProcessGuid"":""{83d0c8c3-43ca-5f5f-0c00-000000000400}""}",2022-04-15T08:06:02.000+0000,8,15,6,april,2,friday,2022,local,,SetValue,cybertees.net,cyber-host,windowslogs,1,60427,"{"""":"":\\\\\\."","""":"""","""":,"""":[""""],"""":,"""":""{----}"",""",Event_logs.json,_json,ip-10-10-40-195,,splunk,,2022-04-15T12:06:03.895Z,
1,,,,SYSTEM,User,,,,,,Registry object added or deleted (rule: RegistryEvent),Microsoft-Windows-Sysmon/Operational,,,,,,,,,,,,,,,,,,NT AUTHORITY,,,,,12,,2022-04-15 8:06:03,2022-04-15 8:06:02,INFO,3348,,,,,,,Micheal.Beaven,C:\windows\system32\lsass.exe,,,,,,,,,-9223372036854775808,,,,,,,,,"Registry object added or deleted:
RuleName: -
EventType: CreateKey
UtcTime: 2022-04-15 12:06:02.420
ProcessGuid: {83d0c8c3-43ca-5f5f-0c00-000000000400}
ProcessId: 740
Image: C:\windows\system32\lsass.exe
TargetObject: HKLM\SAM\SAM\Domains\Account\Groups\00000201",,,,,,,,Info,0,,,,,,,,,,{83d0c8c3-43ca-5f5f-0c00-000000000400},740,,,,{5770385F-C22A-43E0-BF4C-06F5698FFBD9},,,,183214,,,,,,,-,,INFO,2,,,,,,,,,,,,eventlog,im_msvistalog,Microsoft-Windows-Sysmon,,,,,,,,,,,,,,,,,HKLM\SAM\SAM\Domains\Account\Groups\00000201,,,,,,,12,,,,4532,,,,,S-1-5-18,2022-04-15 12:06:02,2,,,"{""Image"":""C:\\windows\\system32\\lsass.exe"",""ProcessId"":""740"",""EventID"":12,""tags"":[""splunk""],""RecordNumber"":183214,""ProviderGuid"":""{5770385F-C22A-43E0-BF4C-06F5698FFBD9}"",""SourceName"":""Microsoft-Windows-Sysmon"",""OpcodeValue"":0,""EventTime"":""2022-04-15 08:06:02"",""AccountName"":""SYSTEM"",""host"":""cybertees.net"",""SeverityValue"":2,""ExecutionProcessID"":3348,""AccountType"":""User"",""Category"":""Registry object added or deleted (rule: RegistryEvent)"",""SourceModuleName"":""eventlog"",""Domain"":""NT AUTHORITY"",""Message"":""Registry object added or deleted:\r\nRuleName: -\r\nEventType: CreateKey\r\nUtcTime: 2022-04-15 12:06:02.420\r\nProcessGuid: {83d0c8c3-43ca-5f5f-0c00-000000000400}\r\nProcessId: 740\r\nImage: C:\\windows\\system32\\lsass.exe\r\nTargetObject: HKLM\\SAM\\SAM\\Domains\\Account\\Groups\\00000201"",""port"":60427,""UserID"":""S-1-5-18"",""UtcTime"":""2022-04-15 12:06:02.420"",""timestamp"":""2022-04-15T12:06:03.894Z"",""ThreadID"":4532,""Severity"":""INFO"",""EventTypeOrignal"":""INFO"",""EventType"":""CreateKey"",""Channel"":""Microsoft-Windows-Sysmon/Operational"",""TargetObject"":""HKLM\\SAM\\SAM\\Domains\\Account\\Groups\\00000201"",""Opcode"":""Info"",""EventReceivedTime"":""2022-04-15 08:06:03"",""@version"":""1"",""Task"":12,""SourceModuleType"":""im_msvistalog"",""RuleName"":""-"",""Hostname"":""Micheal.Beaven"",""Keywords"":-9223372036854775808,""Version"":2,""ProcessGuid"":""{83d0c8c3-43ca-5f5f-0c00-000000000400}""}",2022-04-15T08:06:02.000+0000,8,15,6,april,2,friday,2022,local,,CreateKey,cybertees.net,cyber-host,windowslogs,1,60427,"{"""":"":\\\\\\."","""":"""","""":,"""":[""""],"""":,"""":""{----}"",""",Event_logs.json,_json,ip-10-10-40-195,,splunk,,2022-04-15T12:06:03.894Z,
1,"%%4432
				",0x1,,,,,,,,,Registry,Security,,,,,,,,,,,,,,,,,,,,,,,4663,,2022-04-15 8:06:03,2022-04-15 8:06:02,,4,,,,,0x84,,Micheal.Beaven,,,,,,,,,,-9214364837600034816,,,,,,,,,"An attempt was made to access an object.

Subject:
	Security ID:		S-1-5-21-4020993649-1037605423-417876593-1104
	Account Name:		James
	Account Domain:		Cybertees
	Logon ID:		0x551686

Object:
	Object Server:		Security
	Object Type:		Key
	Object Name:		\REGISTRY\MACHINE\SYSTEM\ControlSet001\Control\Lsa
	Handle ID:		0x84
	Resource Attributes:	-

Process Information:
	Process ID:		0x1c60
	Process Name:		C:\Windows\System32\conhost.exe

Access Request Information:
	Accesses:		Query key value
				
	Access Mask:		0x1",,,,\REGISTRY\MACHINE\SYSTEM\ControlSet001\Control\Lsa,Security,Key,,Info,0,,,,,,,,,,,0x1c60,C:\Windows\System32\conhost.exe,,,{54849625-5478-4994-A5BA-3E3B0328C30D},,,,56065,,,,-,,,,,INFO,2,,,,,,,,,,,,eventlog,im_msvistalog,Microsoft-Windows-Security-Auditing,,,,,,,Cybertees,0x551686,James,S-1-5-21-4020993649-1037605423-417876593-1104,,,,,,,,,,,,,,12801,,,,5640,,,,,,,1,,,"{""tags"":[""splunk""],""EventID"":4663,""RecordNumber"":56065,""ProviderGuid"":""{54849625-5478-4994-A5BA-3E3B0328C30D}"",""SourceName"":""Microsoft-Windows-Security-Auditing"",""OpcodeValue"":0,""EventTime"":""2022-04-15 08:06:02"",""SubjectUserSid"":""S-1-5-21-4020993649-1037605423-417876593-1104"",""host"":""cybertees.net"",""SeverityValue"":2,""ExecutionProcessID"":4,""Category"":""Registry"",""SubjectLogonId"":""0x551686"",""AccessList"":""%%4432\r\n\t\t\t\t"",""SourceModuleName"":""eventlog"",""Message"":""An attempt was made to access an object.\r\n\r\nSubject:\r\n\tSecurity ID:\t\tS-1-5-21-4020993649-1037605423-417876593-1104\r\n\tAccount Name:\t\tJames\r\n\tAccount Domain:\t\tCybertees\r\n\tLogon ID:\t\t0x551686\r\n\r\nObject:\r\n\tObject Server:\t\tSecurity\r\n\tObject Type:\t\tKey\r\n\tObject Name:\t\t\\REGISTRY\\MACHINE\\SYSTEM\\ControlSet001\\Control\\Lsa\r\n\tHandle ID:\t\t0x84\r\n\tResource Attributes:\t-\r\n\r\nProcess Information:\r\n\tProcess ID:\t\t0x1c60\r\n\tProcess Name:\t\tC:\\Windows\\System32\\conhost.exe\r\n\r\nAccess Request Information:\r\n\tAccesses:\t\tQuery key value\r\n\t\t\t\t\r\n\tAccess Mask:\t\t0x1"",""port"":60427,""timestamp"":""2022-04-15T12:06:03.894Z"",""ThreadID"":5640,""SubjectUserName"":""James"",""Severity"":""INFO"",""ObjectServer"":""Security"",""ProcessName"":""C:\\Windows\\System32\\conhost.exe"",""ResourceAttributes"":""-"",""EventType"":""AUDIT_SUCCESS"",""Channel"":""Security"",""ObjectType"":""Key"",""Opcode"":""Info"",""ObjectName"":""\\REGISTRY\\MACHINE\\SYSTEM\\ControlSet001\\Control\\Lsa"",""EventReceivedTime"":""2022-04-15 08:06:03"",""@version"":""1"",""Task"":12801,""SubjectDomainName"":""Cybertees"",""HandleId"":""0x84"",""AccessMask"":""0x1"",""SourceModuleType"":""im_msvistalog"",""Hostname"":""Micheal.Beaven"",""Keywords"":-9214364837600034816,""Version"":1,""ProcessId"":""0x1c60""}",2022-04-15T08:06:02.000+0000,8,15,6,april,2,friday,2022,local,,AUDIT_SUCCESS,cybertees.net,cyber-host,windowslogs,1,60427,"{"""":[""""],"""":,"""":,"""":""{----}"","""":""---"","""":,"""":""--_:",Event_logs.json,_json,ip-10-10-40-195,,splunk,,2022-04-15T12:06:03.894Z,
1,"%%4432
				",0x1,-,,,,,,,,Registry,Security,,,,,,,,,,,,,,,,,,,,,,,4656,,2022-04-15 8:06:03,2022-04-15 8:06:02,,4,,,,,0x84,,Micheal.Beaven,,,,,,,,,,-9214364837600034816,,,,,,,,,"A handle to an object was requested.

Subject:
	Security ID:		S-1-5-21-4020993649-1037605423-417876593-1104
	Account Name:		James
	Account Domain:		Cybertees
	Logon ID:		0x551686

Object:
	Object Server:		Security
	Object Type:		Key
	Object Name:		\REGISTRY\MACHINE\SYSTEM\ControlSet001\Control\Lsa
	Handle ID:		0x84
	Resource Attributes:	-

Process Information:
	Process ID:		0x1c60
	Process Name:		C:\Windows\System32\conhost.exe

Access Request Information:
	Transaction ID:		{00000000-0000-0000-0000-000000000000}
	Accesses:		Query key value
				
	Access Reasons:		-
	Access Mask:		0x1
	Privileges Used for Access Check:	-
	Restricted SID Count:	0",,,,\REGISTRY\MACHINE\SYSTEM\ControlSet001\Control\Lsa,Security,Key,,Info,0,,,,,,,,,-,,0x1c60,C:\Windows\System32\conhost.exe,,,{54849625-5478-4994-A5BA-3E3B0328C30D},,,,56064,,,,-,,0,,,INFO,2,,,,,,,,,,,,eventlog,im_msvistalog,Microsoft-Windows-Security-Auditing,,,,,,,Cybertees,0x551686,James,S-1-5-21-4020993649-1037605423-417876593-1104,,,,,,,,,,,,,,12801,,,,5640,,{00000000-0000-0000-0000-000000000000},,,,,1,,,"{""EventID"":4656,""RecordNumber"":56064,""ProviderGuid"":""{54849625-5478-4994-A5BA-3E3B0328C30D}"",""SourceName"":""Microsoft-Windows-Security-Auditing"",""OpcodeValue"":0,""AccessList"":""%%4432\r\n\t\t\t\t"",""AccessReason"":""-"",""SourceModuleName"":""eventlog"",""ExecutionProcessID"":4,""Category"":""Registry"",""port"":60427,""ThreadID"":5640,""SubjectUserName"":""James"",""Severity"":""INFO"",""ObjectServer"":""Security"",""ProcessName"":""C:\\Windows\\System32\\conhost.exe"",""ResourceAttributes"":""-"",""EventType"":""AUDIT_SUCCESS"",""Channel"":""Security"",""ObjectType"":""Key"",""Opcode"":""Info"",""ObjectName"":""\\REGISTRY\\MACHINE\\SYSTEM\\ControlSet001\\Control\\Lsa"",""EventReceivedTime"":""2022-04-15 08:06:03"",""Task"":12801,""SubjectDomainName"":""Cybertees"",""HandleId"":""0x84"",""Keywords"":-9214364837600034816,""Version"":1,""ProcessId"":""0x1c60"",""tags"":[""splunk""],""SubjectUserSid"":""S-1-5-21-4020993649-1037605423-417876593-1104"",""EventTime"":""2022-04-15 08:06:02"",""host"":""cybertees.net"",""SeverityValue"":2,""SubjectLogonId"":""0x551686"",""Message"":""A handle to an object was requested.\r\n\r\nSubject:\r\n\tSecurity ID:\t\tS-1-5-21-4020993649-1037605423-417876593-1104\r\n\tAccount Name:\t\tJames\r\n\tAccount Domain:\t\tCybertees\r\n\tLogon ID:\t\t0x551686\r\n\r\nObject:\r\n\tObject Server:\t\tSecurity\r\n\tObject Type:\t\tKey\r\n\tObject Name:\t\t\\REGISTRY\\MACHINE\\SYSTEM\\ControlSet001\\Control\\Lsa\r\n\tHandle ID:\t\t0x84\r\n\tResource Attributes:\t-\r\n\r\nProcess Information:\r\n\tProcess ID:\t\t0x1c60\r\n\tProcess Name:\t\tC:\\Windows\\System32\\conhost.exe\r\n\r\nAccess Request Information:\r\n\tTransaction ID:\t\t{00000000-0000-0000-0000-000000000000}\r\n\tAccesses:\t\tQuery key value\r\n\t\t\t\t\r\n\tAccess Reasons:\t\t-\r\n\tAccess Mask:\t\t0x1\r\n\tPrivileges Used for Access Check:\t-\r\n\tRestricted SID Count:\t0"",""timestamp"":""2022-04-15T12:06:03.894Z"",""@version"":""1"",""AccessMask"":""0x1"",""SourceModuleType"":""im_msvistalog"",""RestrictedSidCount"":""0"",""TransactionId"":""{00000000-0000-0000-0000-000000000000}"",""Hostname"":""Micheal.Beaven"",""PrivilegeList"":""-""}",2022-04-15T08:06:02.000+0000,8,15,6,april,2,friday,2022,local,,AUDIT_SUCCESS,cybertees.net,cyber-host,windowslogs,1,60427,"{"""":,"""":,"""":""{----}"","""":""---"","""":,"""":""%%\\\\\\"",""""",Event_logs.json,_json,ip-10-10-40-195,,splunk,,2022-04-15T12:06:03.894Z,
1,,,,SYSTEM,User,,,,,,Registry value set (rule: RegistryEvent),Microsoft-Windows-Sysmon/Operational,,,,,,,,,,,,,,Binary Data,,,,NT AUTHORITY,,,,,13,,2022-04-15 8:06:03,2022-04-15 8:06:02,INFO,3348,,,,,,,Micheal.Beaven,C:\windows\system32\lsass.exe,,,,,,,,,-9223372036854775808,,,,,,,,,"Registry value set:
RuleName: -
EventType: SetValue
UtcTime: 2022-04-15 12:06:02.420
ProcessGuid: {83d0c8c3-43ca-5f5f-0c00-000000000400}
ProcessId: 740
Image: C:\windows\system32\lsass.exe
TargetObject: HKLM\SAM\SAM\Domains\Account\F
Details: Binary Data",,,,,,,,Info,0,,,,,,,,,,{83d0c8c3-43ca-5f5f-0c00-000000000400},740,,,,{5770385F-C22A-43E0-BF4C-06F5698FFBD9},,,,183213,,,,,,,-,,INFO,2,,,,,,,,,,,,eventlog,im_msvistalog,Microsoft-Windows-Sysmon,,,,,,,,,,,,,,,,,HKLM\SAM\SAM\Domains\Account\F,,,,,,,13,,,,4532,,,,,S-1-5-18,2022-04-15 12:06:02,2,,,"{""Image"":""C:\\windows\\system32\\lsass.exe"",""ProcessId"":""740"",""EventID"":13,""tags"":[""splunk""],""RecordNumber"":183213,""ProviderGuid"":""{5770385F-C22A-43E0-BF4C-06F5698FFBD9}"",""SourceName"":""Microsoft-Windows-Sysmon"",""OpcodeValue"":0,""EventTime"":""2022-04-15 08:06:02"",""AccountName"":""SYSTEM"",""host"":""cybertees.net"",""SeverityValue"":2,""ExecutionProcessID"":3348,""AccountType"":""User"",""Category"":""Registry value set (rule: RegistryEvent)"",""SourceModuleName"":""eventlog"",""Domain"":""NT AUTHORITY"",""Message"":""Registry value set:\r\nRuleName: -\r\nEventType: SetValue\r\nUtcTime: 2022-04-15 12:06:02.420\r\nProcessGuid: {83d0c8c3-43ca-5f5f-0c00-000000000400}\r\nProcessId: 740\r\nImage: C:\\windows\\system32\\lsass.exe\r\nTargetObject: HKLM\\SAM\\SAM\\Domains\\Account\\F\r\nDetails: Binary Data"",""port"":60427,""UserID"":""S-1-5-18"",""UtcTime"":""2022-04-15 12:06:02.420"",""timestamp"":""2022-04-15T12:06:03.894Z"",""ThreadID"":4532,""Severity"":""INFO"",""EventTypeOrignal"":""INFO"",""EventType"":""SetValue"",""Channel"":""Microsoft-Windows-Sysmon/Operational"",""TargetObject"":""HKLM\\SAM\\SAM\\Domains\\Account\\F"",""Details"":""Binary Data"",""Opcode"":""Info"",""EventReceivedTime"":""2022-04-15 08:06:03"",""@version"":""1"",""Task"":13,""SourceModuleType"":""im_msvistalog"",""RuleName"":""-"",""Hostname"":""Micheal.Beaven"",""Keywords"":-9223372036854775808,""Version"":2,""ProcessGuid"":""{83d0c8c3-43ca-5f5f-0c00-000000000400}""}",2022-04-15T08:06:02.000+0000,8,15,6,april,2,friday,2022,local,,SetValue,cybertees.net,cyber-host,windowslogs,1,60427,"{"""":"":\\\\\\."","""":"""","""":,"""":[""""],"""":,"""":""{----}"",""",Event_logs.json,_json,ip-10-10-40-195,,splunk,,2022-04-15T12:06:03.894Z,
1,,,,NETWORK SERVICE,Well Known Group,,,,,,,Microsoft-Windows-WMI-Activity/Operational,,,,,,,,,,,,,,,,,,NT AUTHORITY,,,,,5857,,2022-04-15 8:06:03,2022-04-15 8:06:02,,3952,,,,,,,Micheal.Beaven,,,,,,,,,,4611686018427387904,,,,,,,,,CIMWin32 provider started with result code 0x0. HostProcess = wmiprvse.exe; ProcessID = 3952; ProviderPath = %systemroot%\system32\wbem\cimwin32.dll,,,,,,,,Info,0,,,,,,,,,,,,,,,{1418EF04-B0B4-4623-BF7E-D74AB47BBDAA},,,,318,,,,,,,,,INFO,2,,,,,,,,,,,,eventlog,im_msvistalog,Microsoft-Windows-WMI-Activity,,,,,,,,,,,,,,,,,,,,,,,,0,,,,3776,,,,,S-1-5-20,,0,,,"{""EventID"":5857,""RecordNumber"":318,""ProviderGuid"":""{1418EF04-B0B4-4623-BF7E-D74AB47BBDAA}"",""SourceName"":""Microsoft-Windows-WMI-Activity"",""OpcodeValue"":0,""EventTime"":""2022-04-15 08:06:02"",""AccountName"":""NETWORK SERVICE"",""host"":""cybertees.net"",""SeverityValue"":2,""ExecutionProcessID"":3952,""AccountType"":""Well Known Group"",""SourceModuleName"":""eventlog"",""Domain"":""NT AUTHORITY"",""Message"":""CIMWin32 provider started with result code 0x0. HostProcess = wmiprvse.exe; ProcessID = 3952; ProviderPath = %systemroot%\\system32\\wbem\\cimwin32.dll"",""port"":60427,""UserID"":""S-1-5-20"",""timestamp"":""2022-04-15T12:06:03.893Z"",""ThreadID"":3776,""Severity"":""INFO"",""EventType"":""INFO"",""Channel"":""Microsoft-Windows-WMI-Activity/Operational"",""Opcode"":""Info"",""EventReceivedTime"":""2022-04-15 08:06:03"",""@version"":""1"",""Task"":0,""SourceModuleType"":""im_msvistalog"",""Hostname"":""Micheal.Beaven"",""Keywords"":4611686018427387904,""Version"":0,""tags"":[""splunk""]}",2022-04-15T08:06:02.000+0000,8,15,6,april,2,friday,2022,local,,INFO,cybertees.net,cyber-host,windowslogs,1,60427,"{"""":,"""":,"""":""{----}"","""":""---"","""":,"""":""--_::"","""":""_",Event_logs.json,_json,ip-10-10-40-195,,splunk,,2022-04-15T12:06:03.893Z,
1,,,,,,,,,,,Registry,Security,,,,,,,,,,,,,,,,,,,,,,,4658,,2022-04-15 8:06:03,2022-04-15 8:06:02,,4,,,,,0x2c4c,,Micheal.Beaven,,,,,,,,,,-9214364837600034816,,,,,,,,,"The handle to an object was closed.

Subject :
	Security ID:		S-1-5-21-4020993649-1037605423-417876593-1104
	Account Name:		James
	Account Domain:		Cybertees
	Logon ID:		0x551686

Object:
	Object Server:		Security
	Handle ID:		0x2c4c

Process Information:
	Process ID:		0x1c60
	Process Name:		C:\Windows\System32\conhost.exe",,,,,Security,,,Info,0,,,,,,,,,,,0x1c60,C:\Windows\System32\conhost.exe,,,{54849625-5478-4994-A5BA-3E3B0328C30D},,,,56063,,,,,,,,,INFO,2,,,,,,,,,,,,eventlog,im_msvistalog,Microsoft-Windows-Security-Auditing,,,,,,,Cybertees,0x551686,James,S-1-5-21-4020993649-1037605423-417876593-1104,,,,,,,,,,,,,,12801,,,,5640,,,,,,,0,,,"{""tags"":[""splunk""],""EventID"":4658,""RecordNumber"":56063,""ProviderGuid"":""{54849625-5478-4994-A5BA-3E3B0328C30D}"",""SourceName"":""Microsoft-Windows-Security-Auditing"",""OpcodeValue"":0,""EventTime"":""2022-04-15 08:06:02"",""SubjectUserSid"":""S-1-5-21-4020993649-1037605423-417876593-1104"",""host"":""cybertees.net"",""SeverityValue"":2,""ExecutionProcessID"":4,""Category"":""Registry"",""SubjectLogonId"":""0x551686"",""SourceModuleName"":""eventlog"",""Message"":""The handle to an object was closed.\r\n\r\nSubject :\r\n\tSecurity ID:\t\tS-1-5-21-4020993649-1037605423-417876593-1104\r\n\tAccount Name:\t\tJames\r\n\tAccount Domain:\t\tCybertees\r\n\tLogon ID:\t\t0x551686\r\n\r\nObject:\r\n\tObject Server:\t\tSecurity\r\n\tHandle ID:\t\t0x2c4c\r\n\r\nProcess Information:\r\n\tProcess ID:\t\t0x1c60\r\n\tProcess Name:\t\tC:\\Windows\\System32\\conhost.exe"",""port"":60427,""timestamp"":""2022-04-15T12:06:03.892Z"",""ThreadID"":5640,""SubjectUserName"":""James"",""Severity"":""INFO"",""ObjectServer"":""Security"",""ProcessName"":""C:\\Windows\\System32\\conhost.exe"",""EventType"":""AUDIT_SUCCESS"",""Channel"":""Security"",""Opcode"":""Info"",""EventReceivedTime"":""2022-04-15 08:06:03"",""@version"":""1"",""Task"":12801,""SubjectDomainName"":""Cybertees"",""HandleId"":""0x2c4c"",""SourceModuleType"":""im_msvistalog"",""Hostname"":""Micheal.Beaven"",""Keywords"":-9214364837600034816,""Version"":0,""ProcessId"":""0x1c60""}",2022-04-15T08:06:02.000+0000,8,15,6,april,2,friday,2022,local,,AUDIT_SUCCESS,cybertees.net,cyber-host,windowslogs,1,60427,"{"""":[""""],"""":,"""":,"""":""{----}"","""":""---"","""":,"""":""--_:",Event_logs.json,_json,ip-10-10-40-195,,splunk,,2022-04-15T12:06:03.892Z,
1,,,,SYSTEM,User,,,,,,Registry value set (rule: RegistryEvent),Microsoft-Windows-Sysmon/Operational,,,,,,,,,,,,,,Binary Data,,,,NT AUTHORITY,,,,,13,,2022-04-15 8:06:03,2022-04-15 8:06:02,INFO,3348,,,,,,,Micheal.Beaven,C:\windows\system32\lsass.exe,,,,,,,,,-9223372036854775808,,,,,,,,,"Registry value set:
RuleName: -
EventType: SetValue
UtcTime: 2022-04-15 12:06:02.420
ProcessGuid: {83d0c8c3-43ca-5f5f-0c00-000000000400}
ProcessId: 740
Image: C:\windows\system32\lsass.exe
TargetObject: HKLM\SAM\SAM\Domains\Account\Users\000003E8\V
Details: Binary Data",,,,,,,,Info,0,,,,,,,,,,{83d0c8c3-43ca-5f5f-0c00-000000000400},740,,,,{5770385F-C22A-43E0-BF4C-06F5698FFBD9},,,,183212,,,,,,,-,,INFO,2,,,,,,,,,,,,eventlog,im_msvistalog,Microsoft-Windows-Sysmon,,,,,,,,,,,,,,,,,HKLM\SAM\SAM\Domains\Account\Users\000003E8\V,,,,,,,13,,,,4532,,,,,S-1-5-18,2022-04-15 12:06:02,2,,,"{""Image"":""C:\\windows\\system32\\lsass.exe"",""ProcessId"":""740"",""EventID"":13,""tags"":[""splunk""],""RecordNumber"":183212,""ProviderGuid"":""{5770385F-C22A-43E0-BF4C-06F5698FFBD9}"",""SourceName"":""Microsoft-Windows-Sysmon"",""OpcodeValue"":0,""EventTime"":""2022-04-15 08:06:02"",""AccountName"":""SYSTEM"",""host"":""cybertees.net"",""SeverityValue"":2,""ExecutionProcessID"":3348,""AccountType"":""User"",""Category"":""Registry value set (rule: RegistryEvent)"",""SourceModuleName"":""eventlog"",""Domain"":""NT AUTHORITY"",""Message"":""Registry value set:\r\nRuleName: -\r\nEventType: SetValue\r\nUtcTime: 2022-04-15 12:06:02.420\r\nProcessGuid: {83d0c8c3-43ca-5f5f-0c00-000000000400}\r\nProcessId: 740\r\nImage: C:\\windows\\system32\\lsass.exe\r\nTargetObject: HKLM\\SAM\\SAM\\Domains\\Account\\Users\\000003E8\\V\r\nDetails: Binary Data"",""port"":60427,""UserID"":""S-1-5-18"",""UtcTime"":""2022-04-15 12:06:02.420"",""timestamp"":""2022-04-15T12:06:03.892Z"",""ThreadID"":4532,""Severity"":""INFO"",""EventTypeOrignal"":""INFO"",""EventType"":""SetValue"",""Channel"":""Microsoft-Windows-Sysmon/Operational"",""TargetObject"":""HKLM\\SAM\\SAM\\Domains\\Account\\Users\\000003E8\\V"",""Details"":""Binary Data"",""Opcode"":""Info"",""EventReceivedTime"":""2022-04-15 08:06:03"",""@version"":""1"",""Task"":13,""SourceModuleType"":""im_msvistalog"",""RuleName"":""-"",""Hostname"":""Micheal.Beaven"",""Keywords"":-9223372036854775808,""Version"":2,""ProcessGuid"":""{83d0c8c3-43ca-5f5f-0c00-000000000400}""}",2022-04-15T08:06:02.000+0000,8,15,6,april,2,friday,2022,local,,SetValue,cybertees.net,cyber-host,windowslogs,1,60427,"{"""":"":\\\\\\."","""":"""","""":,"""":[""""],"""":,"""":""{----}"",""",Event_logs.json,_json,ip-10-10-40-195,,splunk,,2022-04-15T12:06:03.892Z,
1,,,,,,,,,,,Handle Manipulation,Security,,,,,,,,,,,,,,,,,,,,,,,4690,,2022-04-15 8:06:03,2022-04-15 8:06:02,,4,,,,,,,Micheal.Beaven,,,,,,,,,,-9214364837600034816,,,,,,,,,"An attempt was made to duplicate a handle to an object.

Subject:
	Security ID:		S-1-5-21-4020993649-1037605423-417876593-1104
	Account Name:		James
	Account Domain:		Cybertees
	Logon ID:		0x551686

Source Handle Information:
	Source Handle ID:	0x84
	Source Process ID:	0x1c60

New Handle Information:
	Target Handle ID:	0x2c4c
	Target Process ID:	0x4",,,,,,,,Info,0,,,,,,,,,,,0x1c60,,,,{54849625-5478-4994-A5BA-3E3B0328C30D},,,,56062,,,,,,,,,INFO,2,,,,,,,0x84,,,,,eventlog,im_msvistalog,Microsoft-Windows-Security-Auditing,,,,0x1c60,,,Cybertees,0x551686,James,S-1-5-21-4020993649-1037605423-417876593-1104,,,0x2c4c,,,,,,,,0x4,,,12807,,,,5640,,,,,,,0,,,"{""tags"":[""splunk""],""EventID"":4690,""RecordNumber"":56062,""ProviderGuid"":""{54849625-5478-4994-A5BA-3E3B0328C30D}"",""SourceName"":""Microsoft-Windows-Security-Auditing"",""OpcodeValue"":0,""EventTime"":""2022-04-15 08:06:02"",""SubjectUserSid"":""S-1-5-21-4020993649-1037605423-417876593-1104"",""host"":""cybertees.net"",""SeverityValue"":2,""ExecutionProcessID"":4,""Category"":""Handle Manipulation"",""SubjectLogonId"":""0x551686"",""SourceProcessId"":""0x1c60"",""SourceModuleName"":""eventlog"",""SourceHandleId"":""0x84"",""Message"":""An attempt was made to duplicate a handle to an object.\r\n\r\nSubject:\r\n\tSecurity ID:\t\tS-1-5-21-4020993649-1037605423-417876593-1104\r\n\tAccount Name:\t\tJames\r\n\tAccount Domain:\t\tCybertees\r\n\tLogon ID:\t\t0x551686\r\n\r\nSource Handle Information:\r\n\tSource Handle ID:\t0x84\r\n\tSource Process ID:\t0x1c60\r\n\r\nNew Handle Information:\r\n\tTarget Handle ID:\t0x2c4c\r\n\tTarget Process ID:\t0x4"",""port"":60427,""timestamp"":""2022-04-15T12:06:03.892Z"",""ThreadID"":5640,""TargetProcessId"":""0x4"",""SubjectUserName"":""James"",""Severity"":""INFO"",""EventType"":""AUDIT_SUCCESS"",""Channel"":""Security"",""Opcode"":""Info"",""EventReceivedTime"":""2022-04-15 08:06:03"",""@version"":""1"",""Task"":12807,""SubjectDomainName"":""Cybertees"",""SourceModuleType"":""im_msvistalog"",""TargetHandleId"":""0x2c4c"",""Hostname"":""Micheal.Beaven"",""Keywords"":-9214364837600034816,""Version"":0,""ProcessId"":""0x1c60""}",2022-04-15T08:06:02.000+0000,8,15,6,april,2,friday,2022,local,,AUDIT_SUCCESS,cybertees.net,cyber-host,windowslogs,1,60427,"{"""":[""""],"""":,"""":,"""":""{----}"","""":""---"","""":,"""":""--_:",Event_logs.json,_json,ip-10-10-40-195,,splunk,,2022-04-15T12:06:03.892Z,
1,,,,SYSTEM,User,,,,,,Registry object added or deleted (rule: RegistryEvent),Microsoft-Windows-Sysmon/Operational,,,,,,,,,,,,,,,,,,NT AUTHORITY,,,,,12,,2022-04-15 8:06:03,2022-04-15 8:06:02,INFO,3348,,,,,,,Micheal.Beaven,C:\windows\system32\lsass.exe,,,,,,,,,-9223372036854775808,,,,,,,,,"Registry object added or deleted:
RuleName: -
EventType: CreateKey
UtcTime: 2022-04-15 12:06:02.420
ProcessGuid: {83d0c8c3-43ca-5f5f-0c00-000000000400}
ProcessId: 740
Image: C:\windows\system32\lsass.exe
TargetObject: HKLM\SAM\SAM\Domains\Account\Users\000003E8",,,,,,,,Info,0,,,,,,,,,,{83d0c8c3-43ca-5f5f-0c00-000000000400},740,,,,{5770385F-C22A-43E0-BF4C-06F5698FFBD9},,,,183211,,,,,,,-,,INFO,2,,,,,,,,,,,,eventlog,im_msvistalog,Microsoft-Windows-Sysmon,,,,,,,,,,,,,,,,,HKLM\SAM\SAM\Domains\Account\Users\000003E8,,,,,,,12,,,,4532,,,,,S-1-5-18,2022-04-15 12:06:02,2,,,"{""Image"":""C:\\windows\\system32\\lsass.exe"",""ProcessId"":""740"",""EventID"":12,""tags"":[""splunk""],""RecordNumber"":183211,""ProviderGuid"":""{5770385F-C22A-43E0-BF4C-06F5698FFBD9}"",""SourceName"":""Microsoft-Windows-Sysmon"",""OpcodeValue"":0,""EventTime"":""2022-04-15 08:06:02"",""AccountName"":""SYSTEM"",""host"":""cybertees.net"",""SeverityValue"":2,""ExecutionProcessID"":3348,""AccountType"":""User"",""Category"":""Registry object added or deleted (rule: RegistryEvent)"",""SourceModuleName"":""eventlog"",""Domain"":""NT AUTHORITY"",""Message"":""Registry object added or deleted:\r\nRuleName: -\r\nEventType: CreateKey\r\nUtcTime: 2022-04-15 12:06:02.420\r\nProcessGuid: {83d0c8c3-43ca-5f5f-0c00-000000000400}\r\nProcessId: 740\r\nImage: C:\\windows\\system32\\lsass.exe\r\nTargetObject: HKLM\\SAM\\SAM\\Domains\\Account\\Users\\000003E8"",""port"":60427,""UserID"":""S-1-5-18"",""UtcTime"":""2022-04-15 12:06:02.420"",""timestamp"":""2022-04-15T12:06:03.891Z"",""ThreadID"":4532,""Severity"":""INFO"",""EventTypeOrignal"":""INFO"",""EventType"":""CreateKey"",""Channel"":""Microsoft-Windows-Sysmon/Operational"",""TargetObject"":""HKLM\\SAM\\SAM\\Domains\\Account\\Users\\000003E8"",""Opcode"":""Info"",""EventReceivedTime"":""2022-04-15 08:06:03"",""@version"":""1"",""Task"":12,""SourceModuleType"":""im_msvistalog"",""RuleName"":""-"",""Hostname"":""Micheal.Beaven"",""Keywords"":-9223372036854775808,""Version"":2,""ProcessGuid"":""{83d0c8c3-43ca-5f5f-0c00-000000000400}""}",2022-04-15T08:06:02.000+0000,8,15,6,april,2,friday,2022,local,,CreateKey,cybertees.net,cyber-host,windowslogs,1,60427,"{"""":"":\\\\\\."","""":"""","""":,"""":[""""],"""":,"""":""{----}"",""",Event_logs.json,_json,ip-10-10-40-195,,splunk,,2022-04-15T12:06:03.891Z,
1,,"%%1537
				%%1538
				%%1539
				%%1540
				%%1541
				%%4416
				%%4417
				%%4418
				%%4419
				%%4420
				%%4421
				%%4422
				%%4423
				%%4424
				",,,,,,,,,Sensitive Privilege Use,Security,,,,,,,,,,,,,,,,,,,,,,,4674,,2022-04-15 8:06:03,2022-04-15 8:06:02,,4,,,,,0x4,,Micheal.Beaven,,,,,,,,,,-9214364837600034816,,,,,,,,,"An operation was attempted on a privileged object.

Subject:
	Security ID:		S-1-5-21-4020993649-1037605423-417876593-1104
	Account Name:		James
	Account Domain:		Cybertees
	Logon ID:		0x551686

Object:
	Object Server:	Security
	Object Type:	File
	Object Name:	\Device\ConDrv
	Object Handle:	0x4

Process Information:
	Process ID:	0x1c60
	Process Name:	C:\Windows\System32\net.exe

