New Handle Information:
	Target Handle ID:	0x31a4
	Target Process ID:	0x4",,,,,,,,Info,0,,,,,,,,,,,0x844,,,,{54849625-5478-4994-A5BA-3E3B0328C30D},,,,73420,,,,,,,,,INFO,2,,,,,,,0x304,,,,,eventlog,im_msvistalog,Microsoft-Windows-Security-Auditing,,,,0x844,,,Cybertees,0x3e7,WORKSTATION5$,S-1-5-18,,,0x31a4,,,,,,,,0x4,,,12807,,,,1996,,,,,,,0,,,"{""tags"":[""splunk""],""EventID"":4690,""RecordNumber"":73420,""ProviderGuid"":""{54849625-5478-4994-A5BA-3E3B0328C30D}"",""SourceName"":""Microsoft-Windows-Security-Auditing"",""OpcodeValue"":0,""EventTime"":""2022-04-15 08:06:06"",""SubjectUserSid"":""S-1-5-18"",""host"":""cybertees.net"",""SeverityValue"":2,""ExecutionProcessID"":4,""Category"":""Handle Manipulation"",""SubjectLogonId"":""0x3e7"",""SourceProcessId"":""0x844"",""SourceModuleName"":""eventlog"",""SourceHandleId"":""0x304"",""Message"":""An attempt was made to duplicate a handle to an object.\r\n\r\nSubject:\r\n\tSecurity ID:\t\tS-1-5-18\r\n\tAccount Name:\t\tWORKSTATION5$\r\n\tAccount Domain:\t\tCybertees\r\n\tLogon ID:\t\t0x3E7\r\n\r\nSource Handle Information:\r\n\tSource Handle ID:\t0x304\r\n\tSource Process ID:\t0x844\r\n\r\nNew Handle Information:\r\n\tTarget Handle ID:\t0x31a4\r\n\tTarget Process ID:\t0x4"",""port"":60427,""timestamp"":""2022-04-15T12:06:08.157Z"",""ThreadID"":1996,""TargetProcessId"":""0x4"",""SubjectUserName"":""WORKSTATION5$"",""Severity"":""INFO"",""EventType"":""AUDIT_SUCCESS"",""Channel"":""Security"",""Opcode"":""Info"",""EventReceivedTime"":""2022-04-15 08:06:08"",""@version"":""1"",""Task"":12807,""SubjectDomainName"":""Cybertees"",""SourceModuleType"":""im_msvistalog"",""TargetHandleId"":""0x31a4"",""Hostname"":""James.browne"",""Keywords"":-9214364837600034816,""Version"":0,""ProcessId"":""0x844""}",2022-04-15T08:06:02.000+0000,8,15,6,april,2,friday,2022,local,,AUDIT_SUCCESS,cybertees.net,cyber-host,windowslogs,1,60427,"{"""":[""""],"""":,"""":,"""":""{----}"","""":""---"","""":,"""":""--_:",Event_logs.json,_json,ip-10-10-40-195,,splunk,,2022-04-15T12:06:08.157Z,
1,,,,SYSTEM,User,,,,,,Registry value set (rule: RegistryEvent),Microsoft-Windows-Sysmon/Operational,,,,,,,,,,,,,,Cybertees\WORKSTATION5$,,,,NT AUTHORITY,,,,,13,,2022-04-15 8:06:08,2022-04-15 8:06:07,INFO,3524,,,,,,,James.browne,C:\windows\system32\svchost.exe,,,,,,,,,-9223372036854775808,,,,,,,,,"Registry value set:
RuleName: -
EventType: SetValue
UtcTime: 2022-04-15 12:06:07.064
ProcessGuid: {2d351099-5cae-5f5f-3204-000000000400}
ProcessId: 2116
Image: C:\windows\system32\svchost.exe
TargetObject: HKLM\SOFTWARE\Microsoft\Windows\CurrentVersion\Group Policy\DataStore\Machine\0\szName
Details: Cybertees\WORKSTATION5$",,,,,,,,Info,0,,,,,,,,,,{2d351099-5cae-5f5f-3204-000000000400},2116,,,,{5770385F-C22A-43E0-BF4C-06F5698FFBD9},,,,423718,,,,,,,-,,INFO,2,,,,,,,,,,,,eventlog,im_msvistalog,Microsoft-Windows-Sysmon,,,,,,,,,,,,,,,,,HKLM\SOFTWARE\Microsoft\Windows\CurrentVersion\Group Policy\DataStore\Machine\0\szName,,,,,,,13,,,,4688,,,,,S-1-5-18,2022-04-15 12:06:07,2,,,"{""Image"":""C:\\windows\\system32\\svchost.exe"",""ProcessId"":""2116"",""EventID"":13,""tags"":[""splunk""],""RecordNumber"":423718,""ProviderGuid"":""{5770385F-C22A-43E0-BF4C-06F5698FFBD9}"",""SourceName"":""Microsoft-Windows-Sysmon"",""OpcodeValue"":0,""EventTime"":""2022-04-15 08:06:07"",""AccountName"":""SYSTEM"",""host"":""cybertees.net"",""SeverityValue"":2,""ExecutionProcessID"":3524,""AccountType"":""User"",""Category"":""Registry value set (rule: RegistryEvent)"",""SourceModuleName"":""eventlog"",""Domain"":""NT AUTHORITY"",""Message"":""Registry value set:\r\nRuleName: -\r\nEventType: SetValue\r\nUtcTime: 2022-04-15 12:06:07.064\r\nProcessGuid: {2d351099-5cae-5f5f-3204-000000000400}\r\nProcessId: 2116\r\nImage: C:\\windows\\system32\\svchost.exe\r\nTargetObject: HKLM\\SOFTWARE\\Microsoft\\Windows\\CurrentVersion\\Group Policy\\DataStore\\Machine\\0\\szName\r\nDetails: Cybertees\\WORKSTATION5$"",""port"":60427,""UserID"":""S-1-5-18"",""UtcTime"":""2022-04-15 12:06:07.064"",""timestamp"":""2022-04-15T12:06:08.156Z"",""ThreadID"":4688,""Severity"":""INFO"",""EventTypeOrignal"":""INFO"",""EventType"":""SetValue"",""Channel"":""Microsoft-Windows-Sysmon/Operational"",""TargetObject"":""HKLM\\SOFTWARE\\Microsoft\\Windows\\CurrentVersion\\Group Policy\\DataStore\\Machine\\0\\szName"",""Details"":""Cybertees\\WORKSTATION5$"",""Opcode"":""Info"",""EventReceivedTime"":""2022-04-15 08:06:08"",""@version"":""1"",""Task"":13,""SourceModuleType"":""im_msvistalog"",""RuleName"":""-"",""Hostname"":""James.browne"",""Keywords"":-9223372036854775808,""Version"":2,""ProcessGuid"":""{2d351099-5cae-5f5f-3204-000000000400}""}",2022-04-15T08:06:02.000+0000,8,15,6,april,2,friday,2022,local,,SetValue,cybertees.net,cyber-host,windowslogs,1,60427,"{"""":"":\\\\\\."","""":"""","""":,"""":[""""],"""":,"""":""{----}"",""",Event_logs.json,_json,ip-10-10-40-195,,splunk,,2022-04-15T12:06:08.156Z,
1,,,,,,,,,,,Registry,Security,,,,,,,,,,,,,,,,,,,,,,,4658,,2022-04-15 8:06:08,2022-04-15 8:06:06,,4,,,,,0x2cc,,James.browne,,,,,,,,,,-9214364837600034816,,,,,,,,,"The handle to an object was closed.

Subject :
	Security ID:		S-1-5-18
	Account Name:		WORKSTATION5$
	Account Domain:		Cybertees
	Logon ID:		0x3E7

Object:
	Object Server:		Security
	Handle ID:		0x2cc

Process Information:
	Process ID:		0x844
	Process Name:		C:\Windows\System32\svchost.exe",,,,,Security,,,Info,0,,,,,,,,,,,0x844,C:\Windows\System32\svchost.exe,,,{54849625-5478-4994-A5BA-3E3B0328C30D},,,,73419,,,,,,,,,INFO,2,,,,,,,,,,,,eventlog,im_msvistalog,Microsoft-Windows-Security-Auditing,,,,,,,Cybertees,0x3e7,WORKSTATION5$,S-1-5-18,,,,,,,,,,,,,,12801,,,,1996,,,,,,,0,,,"{""tags"":[""splunk""],""EventID"":4658,""RecordNumber"":73419,""ProviderGuid"":""{54849625-5478-4994-A5BA-3E3B0328C30D}"",""SourceName"":""Microsoft-Windows-Security-Auditing"",""OpcodeValue"":0,""EventTime"":""2022-04-15 08:06:06"",""SubjectUserSid"":""S-1-5-18"",""host"":""cybertees.net"",""SeverityValue"":2,""ExecutionProcessID"":4,""Category"":""Registry"",""SubjectLogonId"":""0x3e7"",""SourceModuleName"":""eventlog"",""Message"":""The handle to an object was closed.\r\n\r\nSubject :\r\n\tSecurity ID:\t\tS-1-5-18\r\n\tAccount Name:\t\tWORKSTATION5$\r\n\tAccount Domain:\t\tCybertees\r\n\tLogon ID:\t\t0x3E7\r\n\r\nObject:\r\n\tObject Server:\t\tSecurity\r\n\tHandle ID:\t\t0x2cc\r\n\r\nProcess Information:\r\n\tProcess ID:\t\t0x844\r\n\tProcess Name:\t\tC:\\Windows\\System32\\svchost.exe"",""port"":60427,""timestamp"":""2022-04-15T12:06:08.155Z"",""ThreadID"":1996,""SubjectUserName"":""WORKSTATION5$"",""Severity"":""INFO"",""ObjectServer"":""Security"",""ProcessName"":""C:\\Windows\\System32\\svchost.exe"",""EventType"":""AUDIT_SUCCESS"",""Channel"":""Security"",""Opcode"":""Info"",""EventReceivedTime"":""2022-04-15 08:06:08"",""@version"":""1"",""Task"":12801,""SubjectDomainName"":""Cybertees"",""HandleId"":""0x2cc"",""SourceModuleType"":""im_msvistalog"",""Hostname"":""James.browne"",""Keywords"":-9214364837600034816,""Version"":0,""ProcessId"":""0x844""}",2022-04-15T08:06:02.000+0000,8,15,6,april,2,friday,2022,local,,AUDIT_SUCCESS,cybertees.net,cyber-host,windowslogs,1,60427,"{"""":[""""],"""":,"""":,"""":""{----}"","""":""---"","""":,"""":""--_:",Event_logs.json,_json,ip-10-10-40-195,,splunk,,2022-04-15T12:06:08.155Z,
1,,,,SYSTEM,User,,,,,,,Microsoft-Windows-WMI-Activity/Operational,,,,,,,,,,,,,,,,,,NT AUTHORITY,,,,,5858,,2022-04-15 8:06:08,2022-04-15 8:06:07,,3244,,,,,,,James.browne,,,,,,,,,,4611686018427387904,,,,,,,,,"Id = {1D65F9FA-18F0-4532-AC14-FA53575FA88F}; ClientMachine = WORKSTATION5; User = NT AUTHORITY\SYSTEM; ClientProcessId = 2116; Component = Unknown; Operation = Start IWbemServices::DeleteInstance - Root\Rsop\Computer : RSOP_ExtensionStatus.extensionGuid=""{6A4C88C6-C502-4f74-8F60-2CB23EDC24E2}""; ResultCode = 0x80041002; PossibleCause = Unknown",,,,,,,,Info,0,,,,,,,,,,,,,,,{1418EF04-B0B4-4623-BF7E-D74AB47BBDAA},,,,336,,,,,,,,,ERROR,4,,,,,,,,,,,,eventlog,im_msvistalog,Microsoft-Windows-WMI-Activity,,,,,,,,,,,,,,,,,,,,,,,,0,,,,8040,,,,,S-1-5-18,,0,,,"{""EventID"":5858,""RecordNumber"":336,""ProviderGuid"":""{1418EF04-B0B4-4623-BF7E-D74AB47BBDAA}"",""SourceName"":""Microsoft-Windows-WMI-Activity"",""OpcodeValue"":0,""EventTime"":""2022-04-15 08:06:07"",""AccountName"":""SYSTEM"",""host"":""cybertees.net"",""SeverityValue"":4,""ExecutionProcessID"":3244,""AccountType"":""User"",""SourceModuleName"":""eventlog"",""Domain"":""NT AUTHORITY"",""Message"":""Id = {1D65F9FA-18F0-4532-AC14-FA53575FA88F}; ClientMachine = WORKSTATION5; User = NT AUTHORITY\\SYSTEM; ClientProcessId = 2116; Component = Unknown; Operation = Start IWbemServices::DeleteInstance - Root\\Rsop\\Computer : RSOP_ExtensionStatus.extensionGuid=\""{6A4C88C6-C502-4f74-8F60-2CB23EDC24E2}\""; ResultCode = 0x80041002; PossibleCause = Unknown"",""port"":60427,""UserID"":""S-1-5-18"",""timestamp"":""2022-04-15T12:06:08.155Z"",""ThreadID"":8040,""Severity"":""ERROR"",""EventType"":""ERROR"",""Channel"":""Microsoft-Windows-WMI-Activity/Operational"",""Opcode"":""Info"",""EventReceivedTime"":""2022-04-15 08:06:08"",""@version"":""1"",""Task"":0,""SourceModuleType"":""im_msvistalog"",""Hostname"":""James.browne"",""Keywords"":4611686018427387904,""Version"":0,""tags"":[""splunk""]}",2022-04-15T08:06:02.000+0000,8,15,6,april,2,friday,2022,local,,ERROR,cybertees.net,cyber-host,windowslogs,1,60427,"{"""":,"""":,"""":""{----}"","""":""---"","""":,"""":""--_::"","""":""""",Event_logs.json,_json,ip-10-10-40-195,,splunk,,2022-04-15T12:06:08.155Z,
1,,,,SYSTEM,User,,,,,,Registry object added or deleted (rule: RegistryEvent),Microsoft-Windows-Sysmon/Operational,,,,,,,,,,,,,,,,,,NT AUTHORITY,,,,,12,,2022-04-15 8:06:08,2022-04-15 8:06:07,INFO,3524,,,,,,,James.browne,C:\windows\system32\svchost.exe,,,,,,,,,-9223372036854775808,,,,,,,,,"Registry object added or deleted:
RuleName: -
EventType: CreateKey
UtcTime: 2022-04-15 12:06:07.064
ProcessGuid: {2d351099-5cae-5f5f-3204-000000000400}
ProcessId: 2116
Image: C:\windows\system32\svchost.exe
TargetObject: HKLM\SOFTWARE\Microsoft\Windows\CurrentVersion\Group Policy\DataStore\Machine\0",,,,,,,,Info,0,,,,,,,,,,{2d351099-5cae-5f5f-3204-000000000400},2116,,,,{5770385F-C22A-43E0-BF4C-06F5698FFBD9},,,,423717,,,,,,,-,,INFO,2,,,,,,,,,,,,eventlog,im_msvistalog,Microsoft-Windows-Sysmon,,,,,,,,,,,,,,,,,HKLM\SOFTWARE\Microsoft\Windows\CurrentVersion\Group Policy\DataStore\Machine\0,,,,,,,12,,,,4688,,,,,S-1-5-18,2022-04-15 12:06:07,2,,,"{""Image"":""C:\\windows\\system32\\svchost.exe"",""ProcessId"":""2116"",""EventID"":12,""tags"":[""splunk""],""RecordNumber"":423717,""ProviderGuid"":""{5770385F-C22A-43E0-BF4C-06F5698FFBD9}"",""SourceName"":""Microsoft-Windows-Sysmon"",""OpcodeValue"":0,""EventTime"":""2022-04-15 08:06:07"",""AccountName"":""SYSTEM"",""host"":""cybertees.net"",""SeverityValue"":2,""ExecutionProcessID"":3524,""AccountType"":""User"",""Category"":""Registry object added or deleted (rule: RegistryEvent)"",""SourceModuleName"":""eventlog"",""Domain"":""NT AUTHORITY"",""Message"":""Registry object added or deleted:\r\nRuleName: -\r\nEventType: CreateKey\r\nUtcTime: 2022-04-15 12:06:07.064\r\nProcessGuid: {2d351099-5cae-5f5f-3204-000000000400}\r\nProcessId: 2116\r\nImage: C:\\windows\\system32\\svchost.exe\r\nTargetObject: HKLM\\SOFTWARE\\Microsoft\\Windows\\CurrentVersion\\Group Policy\\DataStore\\Machine\\0"",""port"":60427,""UserID"":""S-1-5-18"",""UtcTime"":""2022-04-15 12:06:07.064"",""timestamp"":""2022-04-15T12:06:08.154Z"",""ThreadID"":4688,""Severity"":""INFO"",""EventTypeOrignal"":""INFO"",""EventType"":""CreateKey"",""Channel"":""Microsoft-Windows-Sysmon/Operational"",""TargetObject"":""HKLM\\SOFTWARE\\Microsoft\\Windows\\CurrentVersion\\Group Policy\\DataStore\\Machine\\0"",""Opcode"":""Info"",""EventReceivedTime"":""2022-04-15 08:06:08"",""@version"":""1"",""Task"":12,""SourceModuleType"":""im_msvistalog"",""RuleName"":""-"",""Hostname"":""James.browne"",""Keywords"":-9223372036854775808,""Version"":2,""ProcessGuid"":""{2d351099-5cae-5f5f-3204-000000000400}""}",2022-04-15T08:06:02.000+0000,8,15,6,april,2,friday,2022,local,,CreateKey,cybertees.net,cyber-host,windowslogs,1,60427,"{"""":"":\\\\\\."","""":"""","""":,"""":[""""],"""":,"""":""{----}"",""",Event_logs.json,_json,ip-10-10-40-195,,splunk,,2022-04-15T12:06:08.154Z,
1,"%%4432
				",0x1,,,,,,,,,Registry,Security,,,,,,,,,,,,,,,,,,,,,,,4663,,2022-04-15 8:06:08,2022-04-15 8:06:06,,4,,,,,0x2cc,,James.browne,,,,,,,,,,-9214364837600034816,,,,,,,,,"An attempt was made to access an object.

Subject:
	Security ID:		S-1-5-18
	Account Name:		WORKSTATION5$
	Account Domain:		Cybertees
	Logon ID:		0x3E7

Object:
	Object Server:		Security
	Object Type:		Key
	Object Name:		\REGISTRY\MACHINE\SOFTWARE\Microsoft\Windows NT\CurrentVersion\Winlogon
	Handle ID:		0x2cc
	Resource Attributes:	-

Process Information:
	Process ID:		0x844
	Process Name:		C:\Windows\System32\svchost.exe

Access Request Information:
	Accesses:		Query key value
				
	Access Mask:		0x1",,,,\REGISTRY\MACHINE\SOFTWARE\Microsoft\Windows NT\CurrentVersion\Winlogon,Security,Key,,Info,0,,,,,,,,,,,0x844,C:\Windows\System32\svchost.exe,,,{54849625-5478-4994-A5BA-3E3B0328C30D},,,,73418,,,,-,,,,,INFO,2,,,,,,,,,,,,eventlog,im_msvistalog,Microsoft-Windows-Security-Auditing,,,,,,,Cybertees,0x3e7,WORKSTATION5$,S-1-5-18,,,,,,,,,,,,,,12801,,,,1996,,,,,,,1,,,"{""tags"":[""splunk""],""EventID"":4663,""RecordNumber"":73418,""ProviderGuid"":""{54849625-5478-4994-A5BA-3E3B0328C30D}"",""SourceName"":""Microsoft-Windows-Security-Auditing"",""OpcodeValue"":0,""EventTime"":""2022-04-15 08:06:06"",""SubjectUserSid"":""S-1-5-18"",""host"":""cybertees.net"",""SeverityValue"":2,""ExecutionProcessID"":4,""Category"":""Registry"",""SubjectLogonId"":""0x3e7"",""AccessList"":""%%4432\r\n\t\t\t\t"",""SourceModuleName"":""eventlog"",""Message"":""An attempt was made to access an object.\r\n\r\nSubject:\r\n\tSecurity ID:\t\tS-1-5-18\r\n\tAccount Name:\t\tWORKSTATION5$\r\n\tAccount Domain:\t\tCybertees\r\n\tLogon ID:\t\t0x3E7\r\n\r\nObject:\r\n\tObject Server:\t\tSecurity\r\n\tObject Type:\t\tKey\r\n\tObject Name:\t\t\\REGISTRY\\MACHINE\\SOFTWARE\\Microsoft\\Windows NT\\CurrentVersion\\Winlogon\r\n\tHandle ID:\t\t0x2cc\r\n\tResource Attributes:\t-\r\n\r\nProcess Information:\r\n\tProcess ID:\t\t0x844\r\n\tProcess Name:\t\tC:\\Windows\\System32\\svchost.exe\r\n\r\nAccess Request Information:\r\n\tAccesses:\t\tQuery key value\r\n\t\t\t\t\r\n\tAccess Mask:\t\t0x1"",""port"":60427,""timestamp"":""2022-04-15T12:06:08.154Z"",""ThreadID"":1996,""SubjectUserName"":""WORKSTATION5$"",""Severity"":""INFO"",""ObjectServer"":""Security"",""ProcessName"":""C:\\Windows\\System32\\svchost.exe"",""ResourceAttributes"":""-"",""EventType"":""AUDIT_SUCCESS"",""Channel"":""Security"",""ObjectType"":""Key"",""Opcode"":""Info"",""ObjectName"":""\\REGISTRY\\MACHINE\\SOFTWARE\\Microsoft\\Windows NT\\CurrentVersion\\Winlogon"",""EventReceivedTime"":""2022-04-15 08:06:08"",""@version"":""1"",""Task"":12801,""SubjectDomainName"":""Cybertees"",""HandleId"":""0x2cc"",""AccessMask"":""0x1"",""SourceModuleType"":""im_msvistalog"",""Hostname"":""James.browne"",""Keywords"":-9214364837600034816,""Version"":1,""ProcessId"":""0x844""}",2022-04-15T08:06:02.000+0000,8,15,6,april,2,friday,2022,local,,AUDIT_SUCCESS,cybertees.net,cyber-host,windowslogs,1,60427,"{"""":[""""],"""":,"""":,"""":""{----}"","""":""---"","""":,"""":""--_:",Event_logs.json,_json,ip-10-10-40-195,,splunk,,2022-04-15T12:06:08.154Z,
1,,,,SYSTEM,User,,,,,,,Microsoft-Windows-WMI-Activity/Operational,,,,,,,,,,,,,,,,,,NT AUTHORITY,,,,,5858,,2022-04-15 8:06:08,2022-04-15 8:06:07,,3244,,,,,,,James.browne,,,,,,,,,,4611686018427387904,,,,,,,,,"Id = {1D65F9FA-18F0-4532-AC14-FA53575FA88F}; ClientMachine = WORKSTATION5; User = NT AUTHORITY\SYSTEM; ClientProcessId = 2116; Component = Unknown; Operation = Start IWbemServices::DeleteInstance - Root\Rsop\Computer : RSOP_ExtensionStatus.extensionGuid=""{6232C319-91AC-4931-9385-E70C2B099F0E}""; ResultCode = 0x80041002; PossibleCause = Unknown",,,,,,,,Info,0,,,,,,,,,,,,,,,{1418EF04-B0B4-4623-BF7E-D74AB47BBDAA},,,,335,,,,,,,,,ERROR,4,,,,,,,,,,,,eventlog,im_msvistalog,Microsoft-Windows-WMI-Activity,,,,,,,,,,,,,,,,,,,,,,,,0,,,,8040,,,,,S-1-5-18,,0,,,"{""EventID"":5858,""RecordNumber"":335,""ProviderGuid"":""{1418EF04-B0B4-4623-BF7E-D74AB47BBDAA}"",""SourceName"":""Microsoft-Windows-WMI-Activity"",""OpcodeValue"":0,""EventTime"":""2022-04-15 08:06:07"",""AccountName"":""SYSTEM"",""host"":""cybertees.net"",""SeverityValue"":4,""ExecutionProcessID"":3244,""AccountType"":""User"",""SourceModuleName"":""eventlog"",""Domain"":""NT AUTHORITY"",""Message"":""Id = {1D65F9FA-18F0-4532-AC14-FA53575FA88F}; ClientMachine = WORKSTATION5; User = NT AUTHORITY\\SYSTEM; ClientProcessId = 2116; Component = Unknown; Operation = Start IWbemServices::DeleteInstance - Root\\Rsop\\Computer : RSOP_ExtensionStatus.extensionGuid=\""{6232C319-91AC-4931-9385-E70C2B099F0E}\""; ResultCode = 0x80041002; PossibleCause = Unknown"",""port"":60427,""UserID"":""S-1-5-18"",""timestamp"":""2022-04-15T12:06:08.152Z"",""ThreadID"":8040,""Severity"":""ERROR"",""EventType"":""ERROR"",""Channel"":""Microsoft-Windows-WMI-Activity/Operational"",""Opcode"":""Info"",""EventReceivedTime"":""2022-04-15 08:06:08"",""@version"":""1"",""Task"":0,""SourceModuleType"":""im_msvistalog"",""Hostname"":""James.browne"",""Keywords"":4611686018427387904,""Version"":0,""tags"":[""splunk""]}",2022-04-15T08:06:02.000+0000,8,15,6,april,2,friday,2022,local,,ERROR,cybertees.net,cyber-host,windowslogs,1,60427,"{"""":,"""":,"""":""{----}"","""":""---"","""":,"""":""--_::"","""":""""",Event_logs.json,_json,ip-10-10-40-195,,splunk,,2022-04-15T12:06:08.152Z,
1,"%%1538
				%%4432
				%%4435
				%%4436
				",0x20019,-,,,,,,,,Registry,Security,,,,,,,,,,,,,,,,,,,,,,,4656,,2022-04-15 8:06:08,2022-04-15 8:06:06,,4,,,,,0x2cc,,James.browne,,,,,,,,,,-9214364837600034816,,,,,,,,,"A handle to an object was requested.

Subject:
	Security ID:		S-1-5-18
	Account Name:		WORKSTATION5$
	Account Domain:		Cybertees
	Logon ID:		0x3E7

Object:
	Object Server:		Security
	Object Type:		Key
	Object Name:		\REGISTRY\MACHINE\SOFTWARE\Microsoft\Windows NT\CurrentVersion\Winlogon
	Handle ID:		0x2cc
	Resource Attributes:	-

Process Information:
	Process ID:		0x844
	Process Name:		C:\Windows\System32\svchost.exe

Access Request Information:
	Transaction ID:		{00000000-0000-0000-0000-000000000000}
	Accesses:		READ_CONTROL
				Query key value
				Enumerate sub-keys
				Notify about changes to keys
				
	Access Reasons:		-
	Access Mask:		0x20019
	Privileges Used for Access Check:	-
	Restricted SID Count:	0",,,,\REGISTRY\MACHINE\SOFTWARE\Microsoft\Windows NT\CurrentVersion\Winlogon,Security,Key,,Info,0,,,,,,,,,-,,0x844,C:\Windows\System32\svchost.exe,,,{54849625-5478-4994-A5BA-3E3B0328C30D},,,,73417,,,,-,,0,,,INFO,2,,,,,,,,,,,,eventlog,im_msvistalog,Microsoft-Windows-Security-Auditing,,,,,,,Cybertees,0x3e7,WORKSTATION5$,S-1-5-18,,,,,,,,,,,,,,12801,,,,2916,,{00000000-0000-0000-0000-000000000000},,,,,1,,,"{""EventID"":4656,""RecordNumber"":73417,""ProviderGuid"":""{54849625-5478-4994-A5BA-3E3B0328C30D}"",""SourceName"":""Microsoft-Windows-Security-Auditing"",""OpcodeValue"":0,""AccessList"":""%%1538\r\n\t\t\t\t%%4432\r\n\t\t\t\t%%4435\r\n\t\t\t\t%%4436\r\n\t\t\t\t"",""AccessReason"":""-"",""SourceModuleName"":""eventlog"",""ExecutionProcessID"":4,""Category"":""Registry"",""port"":60427,""ThreadID"":2916,""SubjectUserName"":""WORKSTATION5$"",""Severity"":""INFO"",""ObjectServer"":""Security"",""ProcessName"":""C:\\Windows\\System32\\svchost.exe"",""ResourceAttributes"":""-"",""EventType"":""AUDIT_SUCCESS"",""Channel"":""Security"",""ObjectType"":""Key"",""Opcode"":""Info"",""ObjectName"":""\\REGISTRY\\MACHINE\\SOFTWARE\\Microsoft\\Windows NT\\CurrentVersion\\Winlogon"",""EventReceivedTime"":""2022-04-15 08:06:08"",""Task"":12801,""SubjectDomainName"":""Cybertees"",""HandleId"":""0x2cc"",""Keywords"":-9214364837600034816,""Version"":1,""ProcessId"":""0x844"",""tags"":[""splunk""],""SubjectUserSid"":""S-1-5-18"",""EventTime"":""2022-04-15 08:06:06"",""host"":""cybertees.net"",""SeverityValue"":2,""SubjectLogonId"":""0x3e7"",""Message"":""A handle to an object was requested.\r\n\r\nSubject:\r\n\tSecurity ID:\t\tS-1-5-18\r\n\tAccount Name:\t\tWORKSTATION5$\r\n\tAccount Domain:\t\tCybertees\r\n\tLogon ID:\t\t0x3E7\r\n\r\nObject:\r\n\tObject Server:\t\tSecurity\r\n\tObject Type:\t\tKey\r\n\tObject Name:\t\t\\REGISTRY\\MACHINE\\SOFTWARE\\Microsoft\\Windows NT\\CurrentVersion\\Winlogon\r\n\tHandle ID:\t\t0x2cc\r\n\tResource Attributes:\t-\r\n\r\nProcess Information:\r\n\tProcess ID:\t\t0x844\r\n\tProcess Name:\t\tC:\\Windows\\System32\\svchost.exe\r\n\r\nAccess Request Information:\r\n\tTransaction ID:\t\t{00000000-0000-0000-0000-000000000000}\r\n\tAccesses:\t\tREAD_CONTROL\r\n\t\t\t\tQuery key value\r\n\t\t\t\tEnumerate sub-keys\r\n\t\t\t\tNotify about changes to keys\r\n\t\t\t\t\r\n\tAccess Reasons:\t\t-\r\n\tAccess Mask:\t\t0x20019\r\n\tPrivileges Used for Access Check:\t-\r\n\tRestricted SID Count:\t0"",""timestamp"":""2022-04-15T12:06:08.152Z"",""@version"":""1"",""AccessMask"":""0x20019"",""SourceModuleType"":""im_msvistalog"",""RestrictedSidCount"":""0"",""TransactionId"":""{00000000-0000-0000-0000-000000000000}"",""Hostname"":""James.browne"",""PrivilegeList"":""-""}",2022-04-15T08:06:02.000+0000,8,15,6,april,2,friday,2022,local,,AUDIT_SUCCESS,cybertees.net,cyber-host,windowslogs,1,60427,"{"""":,"""":,"""":""{----}"","""":""---"","""":,"""":""%%\\\\\\%%\\",Event_logs.json,_json,ip-10-10-40-195,,splunk,,2022-04-15T12:06:08.152Z,
1,,,,SYSTEM,User,,,,,,Registry object added or deleted (rule: RegistryEvent),Microsoft-Windows-Sysmon/Operational,,,,,,,,,,,,,,,,,,NT AUTHORITY,,,,,12,,2022-04-15 8:06:08,2022-04-15 8:06:07,INFO,3524,,,,,,,James.browne,C:\windows\system32\svchost.exe,,,,,,,,,-9223372036854775808,,,,,,,,,"Registry object added or deleted:
RuleName: -
EventType: CreateKey
UtcTime: 2022-04-15 12:06:07.064
ProcessGuid: {2d351099-5cae-5f5f-3204-000000000400}
ProcessId: 2116
Image: C:\windows\system32\svchost.exe
TargetObject: HKLM\SOFTWARE\Microsoft\Windows\CurrentVersion\Group Policy\DataStore\Machine",,,,,,,,Info,0,,,,,,,,,,{2d351099-5cae-5f5f-3204-000000000400},2116,,,,{5770385F-C22A-43E0-BF4C-06F5698FFBD9},,,,423716,,,,,,,-,,INFO,2,,,,,,,,,,,,eventlog,im_msvistalog,Microsoft-Windows-Sysmon,,,,,,,,,,,,,,,,,HKLM\SOFTWARE\Microsoft\Windows\CurrentVersion\Group Policy\DataStore\Machine,,,,,,,12,,,,4688,,,,,S-1-5-18,2022-04-15 12:06:07,2,,,"{""Image"":""C:\\windows\\system32\\svchost.exe"",""ProcessId"":""2116"",""EventID"":12,""tags"":[""splunk""],""RecordNumber"":423716,""ProviderGuid"":""{5770385F-C22A-43E0-BF4C-06F5698FFBD9}"",""SourceName"":""Microsoft-Windows-Sysmon"",""OpcodeValue"":0,""EventTime"":""2022-04-15 08:06:07"",""AccountName"":""SYSTEM"",""host"":""cybertees.net"",""SeverityValue"":2,""ExecutionProcessID"":3524,""AccountType"":""User"",""Category"":""Registry object added or deleted (rule: RegistryEvent)"",""SourceModuleName"":""eventlog"",""Domain"":""NT AUTHORITY"",""Message"":""Registry object added or deleted:\r\nRuleName: -\r\nEventType: CreateKey\r\nUtcTime: 2022-04-15 12:06:07.064\r\nProcessGuid: {2d351099-5cae-5f5f-3204-000000000400}\r\nProcessId: 2116\r\nImage: C:\\windows\\system32\\svchost.exe\r\nTargetObject: HKLM\\SOFTWARE\\Microsoft\\Windows\\CurrentVersion\\Group Policy\\DataStore\\Machine"",""port"":60427,""UserID"":""S-1-5-18"",""UtcTime"":""2022-04-15 12:06:07.064"",""timestamp"":""2022-04-15T12:06:08.152Z"",""ThreadID"":4688,""Severity"":""INFO"",""EventTypeOrignal"":""INFO"",""EventType"":""CreateKey"",""Channel"":""Microsoft-Windows-Sysmon/Operational"",""TargetObject"":""HKLM\\SOFTWARE\\Microsoft\\Windows\\CurrentVersion\\Group Policy\\DataStore\\Machine"",""Opcode"":""Info"",""EventReceivedTime"":""2022-04-15 08:06:08"",""@version"":""1"",""Task"":12,""SourceModuleType"":""im_msvistalog"",""RuleName"":""-"",""Hostname"":""James.browne"",""Keywords"":-9223372036854775808,""Version"":2,""ProcessGuid"":""{2d351099-5cae-5f5f-3204-000000000400}""}",2022-04-15T08:06:02.000+0000,8,15,6,april,2,friday,2022,local,,CreateKey,cybertees.net,cyber-host,windowslogs,1,60427,"{"""":"":\\\\\\."","""":"""","""":,"""":[""""],"""":,"""":""{----}"",""",Event_logs.json,_json,ip-10-10-40-195,,splunk,,2022-04-15T12:06:08.152Z,
1,,,,SYSTEM,User,,,,,,,Microsoft-Windows-WMI-Activity/Operational,,,,,,,,,,,,,,,,,,NT AUTHORITY,,,,,5858,,2022-04-15 8:06:08,2022-04-15 8:06:07,,3244,,,,,,,James.browne,,,,,,,,,,4611686018427387904,,,,,,,,,"Id = {1D65F9FA-18F0-4532-AC14-FA53575FA88F}; ClientMachine = WORKSTATION5; User = NT AUTHORITY\SYSTEM; ClientProcessId = 2116; Component = Unknown; Operation = Start IWbemServices::DeleteInstance - Root\Rsop\Computer : RSOP_ExtensionStatus.extensionGuid=""{4d968b55-cac2-4ff5-983f-0a54603781a3}""; ResultCode = 0x80041002; PossibleCause = Unknown",,,,,,,,Info,0,,,,,,,,,,,,,,,{1418EF04-B0B4-4623-BF7E-D74AB47BBDAA},,,,334,,,,,,,,,ERROR,4,,,,,,,,,,,,eventlog,im_msvistalog,Microsoft-Windows-WMI-Activity,,,,,,,,,,,,,,,,,,,,,,,,0,,,,8040,,,,,S-1-5-18,,0,,,"{""EventID"":5858,""RecordNumber"":334,""ProviderGuid"":""{1418EF04-B0B4-4623-BF7E-D74AB47BBDAA}"",""SourceName"":""Microsoft-Windows-WMI-Activity"",""OpcodeValue"":0,""EventTime"":""2022-04-15 08:06:07"",""AccountName"":""SYSTEM"",""host"":""cybertees.net"",""SeverityValue"":4,""ExecutionProcessID"":3244,""AccountType"":""User"",""SourceModuleName"":""eventlog"",""Domain"":""NT AUTHORITY"",""Message"":""Id = {1D65F9FA-18F0-4532-AC14-FA53575FA88F}; ClientMachine = WORKSTATION5; User = NT AUTHORITY\\SYSTEM; ClientProcessId = 2116; Component = Unknown; Operation = Start IWbemServices::DeleteInstance - Root\\Rsop\\Computer : RSOP_ExtensionStatus.extensionGuid=\""{4d968b55-cac2-4ff5-983f-0a54603781a3}\""; ResultCode = 0x80041002; PossibleCause = Unknown"",""port"":60427,""UserID"":""S-1-5-18"",""timestamp"":""2022-04-15T12:06:08.152Z"",""ThreadID"":8040,""Severity"":""ERROR"",""EventType"":""ERROR"",""Channel"":""Microsoft-Windows-WMI-Activity/Operational"",""Opcode"":""Info"",""EventReceivedTime"":""2022-04-15 08:06:08"",""@version"":""1"",""Task"":0,""SourceModuleType"":""im_msvistalog"",""Hostname"":""James.browne"",""Keywords"":4611686018427387904,""Version"":0,""tags"":[""splunk""]}",2022-04-15T08:06:02.000+0000,8,15,6,april,2,friday,2022,local,,ERROR,cybertees.net,cyber-host,windowslogs,1,60427,"{"""":,"""":,"""":""{----}"","""":""---"","""":,"""":""--_::"","""":""""",Event_logs.json,_json,ip-10-10-40-195,,splunk,,2022-04-15T12:06:08.152Z,
1,,,,,,,,,,,Registry,Security,,,,,,,,,,,,,,,,,,,,,,,4658,,2022-04-15 8:06:08,2022-04-15 8:06:06,,4,,,,,0x17e4,,James.browne,,,,,,,,,,-9214364837600034816,,,,,,,,,"The handle to an object was closed.

Subject :
	Security ID:		S-1-5-18
	Account Name:		WORKSTATION5$
	Account Domain:		Cybertees
	Logon ID:		0x3E7

Object:
	Object Server:		Security
	Handle ID:		0x17e4

Process Information:
	Process ID:		0x844
	Process Name:		C:\Windows\System32\svchost.exe",,,,,Security,,,Info,0,,,,,,,,,,,0x844,C:\Windows\System32\svchost.exe,,,{54849625-5478-4994-A5BA-3E3B0328C30D},,,,73416,,,,,,,,,INFO,2,,,,,,,,,,,,eventlog,im_msvistalog,Microsoft-Windows-Security-Auditing,,,,,,,Cybertees,0x3e7,WORKSTATION5$,S-1-5-18,,,,,,,,,,,,,,12801,,,,2916,,,,,,,0,,,"{""tags"":[""splunk""],""EventID"":4658,""RecordNumber"":73416,""ProviderGuid"":""{54849625-5478-4994-A5BA-3E3B0328C30D}"",""SourceName"":""Microsoft-Windows-Security-Auditing"",""OpcodeValue"":0,""EventTime"":""2022-04-15 08:06:06"",""SubjectUserSid"":""S-1-5-18"",""host"":""cybertees.net"",""SeverityValue"":2,""ExecutionProcessID"":4,""Category"":""Registry"",""SubjectLogonId"":""0x3e7"",""SourceModuleName"":""eventlog"",""Message"":""The handle to an object was closed.\r\n\r\nSubject :\r\n\tSecurity ID:\t\tS-1-5-18\r\n\tAccount Name:\t\tWORKSTATION5$\r\n\tAccount Domain:\t\tCybertees\r\n\tLogon ID:\t\t0x3E7\r\n\r\nObject:\r\n\tObject Server:\t\tSecurity\r\n\tHandle ID:\t\t0x17e4\r\n\r\nProcess Information:\r\n\tProcess ID:\t\t0x844\r\n\tProcess Name:\t\tC:\\Windows\\System32\\svchost.exe"",""port"":60427,""timestamp"":""2022-04-15T12:06:08.151Z"",""ThreadID"":2916,""SubjectUserName"":""WORKSTATION5$"",""Severity"":""INFO"",""ObjectServer"":""Security"",""ProcessName"":""C:\\Windows\\System32\\svchost.exe"",""EventType"":""AUDIT_SUCCESS"",""Channel"":""Security"",""Opcode"":""Info"",""EventReceivedTime"":""2022-04-15 08:06:08"",""@version"":""1"",""Task"":12801,""SubjectDomainName"":""Cybertees"",""HandleId"":""0x17e4"",""SourceModuleType"":""im_msvistalog"",""Hostname"":""James.browne"",""Keywords"":-9214364837600034816,""Version"":0,""ProcessId"":""0x844""}",2022-04-15T08:06:02.000+0000,8,15,6,april,2,friday,2022,local,,AUDIT_SUCCESS,cybertees.net,cyber-host,windowslogs,1,60427,"{"""":[""""],"""":,"""":,"""":""{----}"","""":""---"","""":,"""":""--_:",Event_logs.json,_json,ip-10-10-40-195,,splunk,,2022-04-15T12:06:08.151Z,
1,,,,SYSTEM,User,,,,,,Registry object added or deleted (rule: RegistryEvent),Microsoft-Windows-Sysmon/Operational,,,,,,,,,,,,,,,,,,NT AUTHORITY,,,,,12,,2022-04-15 8:06:08,2022-04-15 8:06:07,INFO,3524,,,,,,,James.browne,C:\windows\system32\svchost.exe,,,,,,,,,-9223372036854775808,,,,,,,,,"Registry object added or deleted:
RuleName: -
EventType: CreateKey
UtcTime: 2022-04-15 12:06:07.064
ProcessGuid: {2d351099-5cae-5f5f-3204-000000000400}
ProcessId: 2116
Image: C:\windows\system32\svchost.exe
TargetObject: HKLM\SOFTWARE\Microsoft\Windows\CurrentVersion\Group Policy\DataStore\Machine",,,,,,,,Info,0,,,,,,,,,,{2d351099-5cae-5f5f-3204-000000000400},2116,,,,{5770385F-C22A-43E0-BF4C-06F5698FFBD9},,,,423715,,,,,,,-,,INFO,2,,,,,,,,,,,,eventlog,im_msvistalog,Microsoft-Windows-Sysmon,,,,,,,,,,,,,,,,,HKLM\SOFTWARE\Microsoft\Windows\CurrentVersion\Group Policy\DataStore\Machine,,,,,,,12,,,,4688,,,,,S-1-5-18,2022-04-15 12:06:07,2,,,"{""Image"":""C:\\windows\\system32\\svchost.exe"",""ProcessId"":""2116"",""EventID"":12,""tags"":[""splunk""],""RecordNumber"":423715,""ProviderGuid"":""{5770385F-C22A-43E0-BF4C-06F5698FFBD9}"",""SourceName"":""Microsoft-Windows-Sysmon"",""OpcodeValue"":0,""EventTime"":""2022-04-15 08:06:07"",""AccountName"":""SYSTEM"",""host"":""cybertees.net"",""SeverityValue"":2,""ExecutionProcessID"":3524,""AccountType"":""User"",""Category"":""Registry object added or deleted (rule: RegistryEvent)"",""SourceModuleName"":""eventlog"",""Domain"":""NT AUTHORITY"",""Message"":""Registry object added or deleted:\r\nRuleName: -\r\nEventType: CreateKey\r\nUtcTime: 2022-04-15 12:06:07.064\r\nProcessGuid: {2d351099-5cae-5f5f-3204-000000000400}\r\nProcessId: 2116\r\nImage: C:\\windows\\system32\\svchost.exe\r\nTargetObject: HKLM\\SOFTWARE\\Microsoft\\Windows\\CurrentVersion\\Group Policy\\DataStore\\Machine"",""port"":60427,""UserID"":""S-1-5-18"",""UtcTime"":""2022-04-15 12:06:07.064"",""timestamp"":""2022-04-15T12:06:08.151Z"",""ThreadID"":4688,""Severity"":""INFO"",""EventTypeOrignal"":""INFO"",""EventType"":""CreateKey"",""Channel"":""Microsoft-Windows-Sysmon/Operational"",""TargetObject"":""HKLM\\SOFTWARE\\Microsoft\\Windows\\CurrentVersion\\Group Policy\\DataStore\\Machine"",""Opcode"":""Info"",""EventReceivedTime"":""2022-04-15 08:06:08"",""@version"":""1"",""Task"":12,""SourceModuleType"":""im_msvistalog"",""RuleName"":""-"",""Hostname"":""James.browne"",""Keywords"":-9223372036854775808,""Version"":2,""ProcessGuid"":""{2d351099-5cae-5f5f-3204-000000000400}""}",2022-04-15T08:06:02.000+0000,8,15,6,april,2,friday,2022,local,,CreateKey,cybertees.net,cyber-host,windowslogs,1,60427,"{"""":"":\\\\\\."","""":"""","""":,"""":[""""],"""":,"""":""{----}"",""",Event_logs.json,_json,ip-10-10-40-195,,splunk,,2022-04-15T12:06:08.151Z,
1,,,,SYSTEM,User,,,,,,,Microsoft-Windows-WMI-Activity/Operational,,,,,,,,,,,,,,,,,,NT AUTHORITY,,,,,5858,,2022-04-15 8:06:08,2022-04-15 8:06:07,,3244,,,,,,,James.browne,,,,,,,,,,4611686018427387904,,,,,,,,,"Id = {1D65F9FA-18F0-4532-AC14-FA53575FA88F}; ClientMachine = WORKSTATION5; User = NT AUTHORITY\SYSTEM; ClientProcessId = 2116; Component = Unknown; Operation = Start IWbemServices::DeleteInstance - Root\Rsop\Computer : RSOP_ExtensionStatus.extensionGuid=""{4CFB60C1-FAA6-47f1-89AA-0B18730C9FD3}""; ResultCode = 0x80041002; PossibleCause = Unknown",,,,,,,,Info,0,,,,,,,,,,,,,,,{1418EF04-B0B4-4623-BF7E-D74AB47BBDAA},,,,333,,,,,,,,,ERROR,4,,,,,,,,,,,,eventlog,im_msvistalog,Microsoft-Windows-WMI-Activity,,,,,,,,,,,,,,,,,,,,,,,,0,,,,8040,,,,,S-1-5-18,,0,,,"{""EventID"":5858,""RecordNumber"":333,""ProviderGuid"":""{1418EF04-B0B4-4623-BF7E-D74AB47BBDAA}"",""SourceName"":""Microsoft-Windows-WMI-Activity"",""OpcodeValue"":0,""EventTime"":""2022-04-15 08:06:07"",""AccountName"":""SYSTEM"",""host"":""cybertees.net"",""SeverityValue"":4,""ExecutionProcessID"":3244,""AccountType"":""User"",""SourceModuleName"":""eventlog"",""Domain"":""NT AUTHORITY"",""Message"":""Id = {1D65F9FA-18F0-4532-AC14-FA53575FA88F}; ClientMachine = WORKSTATION5; User = NT AUTHORITY\\SYSTEM; ClientProcessId = 2116; Component = Unknown; Operation = Start IWbemServices::DeleteInstance - Root\\Rsop\\Computer : RSOP_ExtensionStatus.extensionGuid=\""{4CFB60C1-FAA6-47f1-89AA-0B18730C9FD3}\""; ResultCode = 0x80041002; PossibleCause = Unknown"",""port"":60427,""UserID"":""S-1-5-18"",""timestamp"":""2022-04-15T12:06:08.151Z"",""ThreadID"":8040,""Severity"":""ERROR"",""EventType"":""ERROR"",""Channel"":""Microsoft-Windows-WMI-Activity/Operational"",""Opcode"":""Info"",""EventReceivedTime"":""2022-04-15 08:06:08"",""@version"":""1"",""Task"":0,""SourceModuleType"":""im_msvistalog"",""Hostname"":""James.browne"",""Keywords"":4611686018427387904,""Version"":0,""tags"":[""splunk""]}",2022-04-15T08:06:02.000+0000,8,15,6,april,2,friday,2022,local,,ERROR,cybertees.net,cyber-host,windowslogs,1,60427,"{"""":,"""":,"""":""{----}"","""":""---"","""":,"""":""--_::"","""":""""",Event_logs.json,_json,ip-10-10-40-195,,splunk,,2022-04-15T12:06:08.151Z,
1,,,,,,,,,,,Handle Manipulation,Security,,,,,,,,,,,,,,,,,,,,,,,4690,,2022-04-15 8:06:08,2022-04-15 8:06:06,,4,,,,,,,James.browne,,,,,,,,,,-9214364837600034816,,,,,,,,,"An attempt was made to duplicate a handle to an object.

Subject:
	Security ID:		S-1-5-18
	Account Name:		WORKSTATION5$
	Account Domain:		Cybertees
	Logon ID:		0x3E7

Source Handle Information:
	Source Handle ID:	0x2cc
	Source Process ID:	0x844

