1,,,,SYSTEM,User,,,,,,Registry object added or deleted (rule: RegistryEvent),Microsoft-Windows-Sysmon/Operational,,,,,,,,,,,,,,,,,,NT AUTHORITY,,,,,12,,2022-04-15 8:06:30,2022-04-15 8:06:26,INFO,3524,,,,,,,James.browne,C:\windows\system32\svchost.exe,,,,,,,,,-9223372036854775808,,,,,,,,,"Registry object added or deleted:
RuleName: -
EventType: CreateKey
UtcTime: 2022-04-15 12:06:26.597
ProcessGuid: {2d351099-43cd-5f5f-0e00-000000000400}
ProcessId: 876
Image: C:\windows\system32\svchost.exe
TargetObject: HKU\S-1-5-21-4020993649-1037605423-417876593-500\Software\Microsoft\Windows NT\CurrentVersion\HostActivityManager",,,,,,,,Info,0,,,,,,,,,,{2d351099-43cd-5f5f-0e00-000000000400},876,,,,{5770385F-C22A-43E0-BF4C-06F5698FFBD9},,,,426732,,,,,,,-,,INFO,2,,,,,,,,,,,,eventlog,im_msvistalog,Microsoft-Windows-Sysmon,,,,,,,,,,,,,,,,,HKU\S-1-5-21-4020993649-1037605423-417876593-500\Software\Microsoft\Windows NT\CurrentVersion\HostActivityManager,,,,,,,12,,,,4688,,,,,S-1-5-18,2022-04-15 12:06:27,2,,,"{""Image"":""C:\\windows\\system32\\svchost.exe"",""ProcessId"":""876"",""EventID"":12,""tags"":[""splunk""],""RecordNumber"":426732,""ProviderGuid"":""{5770385F-C22A-43E0-BF4C-06F5698FFBD9}"",""SourceName"":""Microsoft-Windows-Sysmon"",""OpcodeValue"":0,""EventTime"":""2022-04-15 08:06:26"",""AccountName"":""SYSTEM"",""host"":""cybertees.net"",""SeverityValue"":2,""ExecutionProcessID"":3524,""AccountType"":""User"",""Category"":""Registry object added or deleted (rule: RegistryEvent)"",""SourceModuleName"":""eventlog"",""Domain"":""NT AUTHORITY"",""Message"":""Registry object added or deleted:\r\nRuleName: -\r\nEventType: CreateKey\r\nUtcTime: 2022-04-15 12:06:26.597\r\nProcessGuid: {2d351099-43cd-5f5f-0e00-000000000400}\r\nProcessId: 876\r\nImage: C:\\windows\\system32\\svchost.exe\r\nTargetObject: HKU\\S-1-5-21-4020993649-1037605423-417876593-500\\Software\\Microsoft\\Windows NT\\CurrentVersion\\HostActivityManager"",""port"":60427,""UserID"":""S-1-5-18"",""UtcTime"":""2022-04-15 12:06:26.597"",""timestamp"":""2022-04-15T12:06:30.209Z"",""ThreadID"":4688,""Severity"":""INFO"",""EventTypeOrignal"":""INFO"",""EventType"":""CreateKey"",""Channel"":""Microsoft-Windows-Sysmon/Operational"",""TargetObject"":""HKU\\S-1-5-21-4020993649-1037605423-417876593-500\\Software\\Microsoft\\Windows NT\\CurrentVersion\\HostActivityManager"",""Opcode"":""Info"",""EventReceivedTime"":""2022-04-15 08:06:30"",""@version"":""1"",""Task"":12,""SourceModuleType"":""im_msvistalog"",""RuleName"":""-"",""Hostname"":""James.browne"",""Keywords"":-9223372036854775808,""Version"":2,""ProcessGuid"":""{2d351099-43cd-5f5f-0e00-000000000400}""}",2022-04-15T08:06:28.000+0000,8,15,6,april,28,friday,2022,local,,CreateKey,cybertees.net,cyber-host,windowslogs,1,60427,"{"""":"":\\\\\\."","""":"""","""":,"""":[""""],"""":,"""":""{----}"",""",Event_logs.json,_json,ip-10-10-40-195,,splunk,,2022-04-15T12:06:30.209Z,
1,,,,SYSTEM,User,,,,,C:\windows\SYSTEM32\ntdll.dll+9c534|C:\windows\System32\KERNELBASE.dll+6aec5|c:\windows\system32\lsm.dll+1184f|c:\windows\system32\lsm.dll+1172e|C:\windows\System32\RPCRT4.dll+76a53|C:\windows\System32\RPCRT4.dll+da036|C:\windows\System32\RPCRT4.dll+37b1c|C:\windows\System32\RPCRT4.dll+54998|C:\windows\System32\RPCRT4.dll+2c951|C:\windows\System32\RPCRT4.dll+2c20b|C:\windows\System32\RPCRT4.dll+1a86f|C:\windows\System32\RPCRT4.dll+19d1a|C:\windows\System32\RPCRT4.dll+19301|C:\windows\System32\RPCRT4.dll+18d6e|C:\windows\System32\RPCRT4.dll+169a5|C:\windows\SYSTEM32\ntdll.dll+333ed|C:\windows\SYSTEM32\ntdll.dll+34142|C:\windows\System32\KERNEL32.DLL+17bd4|C:\windows\SYSTEM32\ntdll.dll+6ce51,Process accessed (rule: ProcessAccess),Microsoft-Windows-Sysmon/Operational,,,,,,,,,,,,,,,,,,NT AUTHORITY,,,,,10,,2022-04-15 8:06:30,2022-04-15 8:06:26,,3524,,,0x1000,,,,James.browne,,,,,,,,,,-9223372036854775808,,,,,,,,,"Process accessed:
RuleName: -
UtcTime: 2022-04-15 12:06:26.597
SourceProcessGUID: {2d351099-43cd-5f5f-1200-000000000400}
SourceProcessId: 396
SourceThreadId: 4596
SourceImage: C:\windows\system32\svchost.exe
TargetProcessGUID: {2d351099-43cd-5f5f-0e00-000000000400}
TargetProcessId: 876
TargetImage: C:\windows\system32\svchost.exe
GrantedAccess: 0x1000
CallTrace: C:\windows\SYSTEM32\ntdll.dll+9c534|C:\windows\System32\KERNELBASE.dll+6aec5|c:\windows\system32\lsm.dll+1184f|c:\windows\system32\lsm.dll+1172e|C:\windows\System32\RPCRT4.dll+76a53|C:\windows\System32\RPCRT4.dll+da036|C:\windows\System32\RPCRT4.dll+37b1c|C:\windows\System32\RPCRT4.dll+54998|C:\windows\System32\RPCRT4.dll+2c951|C:\windows\System32\RPCRT4.dll+2c20b|C:\windows\System32\RPCRT4.dll+1a86f|C:\windows\System32\RPCRT4.dll+19d1a|C:\windows\System32\RPCRT4.dll+19301|C:\windows\System32\RPCRT4.dll+18d6e|C:\windows\System32\RPCRT4.dll+169a5|C:\windows\SYSTEM32\ntdll.dll+333ed|C:\windows\SYSTEM32\ntdll.dll+34142|C:\windows\System32\KERNEL32.DLL+17bd4|C:\windows\SYSTEM32\ntdll.dll+6ce51",,,,,,,,Info,0,,,,,,,,,,,396,,,,{5770385F-C22A-43E0-BF4C-06F5698FFBD9},,,,426731,,,,,,,-,,INFO,2,,,,,,,,,C:\windows\system32\svchost.exe,,,eventlog,im_msvistalog,Microsoft-Windows-Sysmon,,,{2d351099-43cd-5f5f-1200-000000000400},396,4596,,,,,,,,,C:\windows\system32\svchost.exe,,,,,,{2d351099-43cd-5f5f-0e00-000000000400},876,,,10,,,,4688,,,,,S-1-5-18,2022-04-15 12:06:27,3,,,"{""EventID"":10,""RecordNumber"":426731,""ProviderGuid"":""{5770385F-C22A-43E0-BF4C-06F5698FFBD9}"",""SourceName"":""Microsoft-Windows-Sysmon"",""OpcodeValue"":0,""AccountName"":""SYSTEM"",""SourceImage"":""C:\\windows\\system32\\svchost.exe"",""SourceModuleName"":""eventlog"",""ExecutionProcessID"":3524,""AccountType"":""User"",""Category"":""Process accessed (rule: ProcessAccess)"",""SourceProcessId"":""396"",""Domain"":""NT AUTHORITY"",""port"":60427,""ThreadID"":4688,""Severity"":""INFO"",""EventType"":""INFO"",""Channel"":""Microsoft-Windows-Sysmon/Operational"",""Opcode"":""Info"",""EventReceivedTime"":""2022-04-15 08:06:30"",""Task"":10,""RuleName"":""-"",""Keywords"":-9223372036854775808,""Version"":3,""ProcessId"":""396"",""tags"":[""splunk""],""GrantedAccess"":""0x1000"",""SourceProcessGUID"":""{2d351099-43cd-5f5f-1200-000000000400}"",""EventTime"":""2022-04-15 08:06:26"",""host"":""cybertees.net"",""SeverityValue"":2,""CallTrace"":""C:\\windows\\SYSTEM32\\ntdll.dll+9c534|C:\\windows\\System32\\KERNELBASE.dll+6aec5|c:\\windows\\system32\\lsm.dll+1184f|c:\\windows\\system32\\lsm.dll+1172e|C:\\windows\\System32\\RPCRT4.dll+76a53|C:\\windows\\System32\\RPCRT4.dll+da036|C:\\windows\\System32\\RPCRT4.dll+37b1c|C:\\windows\\System32\\RPCRT4.dll+54998|C:\\windows\\System32\\RPCRT4.dll+2c951|C:\\windows\\System32\\RPCRT4.dll+2c20b|C:\\windows\\System32\\RPCRT4.dll+1a86f|C:\\windows\\System32\\RPCRT4.dll+19d1a|C:\\windows\\System32\\RPCRT4.dll+19301|C:\\windows\\System32\\RPCRT4.dll+18d6e|C:\\windows\\System32\\RPCRT4.dll+169a5|C:\\windows\\SYSTEM32\\ntdll.dll+333ed|C:\\windows\\SYSTEM32\\ntdll.dll+34142|C:\\windows\\System32\\KERNEL32.DLL+17bd4|C:\\windows\\SYSTEM32\\ntdll.dll+6ce51"",""Message"":""Process accessed:\r\nRuleName: -\r\nUtcTime: 2022-04-15 12:06:26.597\r\nSourceProcessGUID: {2d351099-43cd-5f5f-1200-000000000400}\r\nSourceProcessId: 396\r\nSourceThreadId: 4596\r\nSourceImage: C:\\windows\\system32\\svchost.exe\r\nTargetProcessGUID: {2d351099-43cd-5f5f-0e00-000000000400}\r\nTargetProcessId: 876\r\nTargetImage: C:\\windows\\system32\\svchost.exe\r\nGrantedAccess: 0x1000\r\nCallTrace: C:\\windows\\SYSTEM32\\ntdll.dll+9c534|C:\\windows\\System32\\KERNELBASE.dll+6aec5|c:\\windows\\system32\\lsm.dll+1184f|c:\\windows\\system32\\lsm.dll+1172e|C:\\windows\\System32\\RPCRT4.dll+76a53|C:\\windows\\System32\\RPCRT4.dll+da036|C:\\windows\\System32\\RPCRT4.dll+37b1c|C:\\windows\\System32\\RPCRT4.dll+54998|C:\\windows\\System32\\RPCRT4.dll+2c951|C:\\windows\\System32\\RPCRT4.dll+2c20b|C:\\windows\\System32\\RPCRT4.dll+1a86f|C:\\windows\\System32\\RPCRT4.dll+19d1a|C:\\windows\\System32\\RPCRT4.dll+19301|C:\\windows\\System32\\RPCRT4.dll+18d6e|C:\\windows\\System32\\RPCRT4.dll+169a5|C:\\windows\\SYSTEM32\\ntdll.dll+333ed|C:\\windows\\SYSTEM32\\ntdll.dll+34142|C:\\windows\\System32\\KERNEL32.DLL+17bd4|C:\\windows\\SYSTEM32\\ntdll.dll+6ce51"",""UtcTime"":""2022-04-15 12:06:26.597"",""UserID"":""S-1-5-18"",""timestamp"":""2022-04-15T12:06:30.208Z"",""TargetProcessId"":""876"",""SourceThreadId"":""4596"",""@version"":""1"",""TargetProcessGUID"":""{2d351099-43cd-5f5f-0e00-000000000400}"",""SourceModuleType"":""im_msvistalog"",""TargetImage"":""C:\\windows\\system32\\svchost.exe"",""Hostname"":""James.browne""}",2022-04-15T08:06:28.000+0000,8,15,6,april,28,friday,2022,local,,INFO,cybertees.net,cyber-host,windowslogs,1,60427,"{"""":,"""":,"""":""{----}"","""":""--"","""":,"""":"""","""":"":\\\\\\",Event_logs.json,_json,ip-10-10-40-195,,splunk,,2022-04-15T12:06:30.208Z,
1,,,,SYSTEM,User,,,,,C:\windows\SYSTEM32\ntdll.dll+9c534|C:\windows\System32\KERNELBASE.dll+6aec5|c:\windows\system32\lsm.dll+1184f|c:\windows\system32\lsm.dll+1172e|C:\windows\System32\RPCRT4.dll+76a53|C:\windows\System32\RPCRT4.dll+da036|C:\windows\System32\RPCRT4.dll+37b1c|C:\windows\System32\RPCRT4.dll+54998|C:\windows\System32\RPCRT4.dll+2c951|C:\windows\System32\RPCRT4.dll+2c20b|C:\windows\System32\RPCRT4.dll+1a86f|C:\windows\System32\RPCRT4.dll+19d1a|C:\windows\System32\RPCRT4.dll+19301|C:\windows\System32\RPCRT4.dll+18d6e|C:\windows\System32\RPCRT4.dll+169a5|C:\windows\SYSTEM32\ntdll.dll+333ed|C:\windows\SYSTEM32\ntdll.dll+34142|C:\windows\System32\KERNEL32.DLL+17bd4|C:\windows\SYSTEM32\ntdll.dll+6ce51,Process accessed (rule: ProcessAccess),Microsoft-Windows-Sysmon/Operational,,,,,,,,,,,,,,,,,,NT AUTHORITY,,,,,10,,2022-04-15 8:06:30,2022-04-15 8:06:26,,3524,,,0x1000,,,,James.browne,,,,,,,,,,-9223372036854775808,,,,,,,,,"Process accessed:
RuleName: -
UtcTime: 2022-04-15 12:06:26.597
SourceProcessGUID: {2d351099-43cd-5f5f-1200-000000000400}
SourceProcessId: 396
SourceThreadId: 9772
SourceImage: C:\windows\system32\svchost.exe
TargetProcessGUID: {2d351099-43cd-5f5f-0e00-000000000400}
TargetProcessId: 876
TargetImage: C:\windows\system32\svchost.exe
GrantedAccess: 0x1000
CallTrace: C:\windows\SYSTEM32\ntdll.dll+9c534|C:\windows\System32\KERNELBASE.dll+6aec5|c:\windows\system32\lsm.dll+1184f|c:\windows\system32\lsm.dll+1172e|C:\windows\System32\RPCRT4.dll+76a53|C:\windows\System32\RPCRT4.dll+da036|C:\windows\System32\RPCRT4.dll+37b1c|C:\windows\System32\RPCRT4.dll+54998|C:\windows\System32\RPCRT4.dll+2c951|C:\windows\System32\RPCRT4.dll+2c20b|C:\windows\System32\RPCRT4.dll+1a86f|C:\windows\System32\RPCRT4.dll+19d1a|C:\windows\System32\RPCRT4.dll+19301|C:\windows\System32\RPCRT4.dll+18d6e|C:\windows\System32\RPCRT4.dll+169a5|C:\windows\SYSTEM32\ntdll.dll+333ed|C:\windows\SYSTEM32\ntdll.dll+34142|C:\windows\System32\KERNEL32.DLL+17bd4|C:\windows\SYSTEM32\ntdll.dll+6ce51",,,,,,,,Info,0,,,,,,,,,,,396,,,,{5770385F-C22A-43E0-BF4C-06F5698FFBD9},,,,426730,,,,,,,-,,INFO,2,,,,,,,,,C:\windows\system32\svchost.exe,,,eventlog,im_msvistalog,Microsoft-Windows-Sysmon,,,{2d351099-43cd-5f5f-1200-000000000400},396,9772,,,,,,,,,C:\windows\system32\svchost.exe,,,,,,{2d351099-43cd-5f5f-0e00-000000000400},876,,,10,,,,4688,,,,,S-1-5-18,2022-04-15 12:06:27,3,,,"{""EventID"":10,""RecordNumber"":426730,""ProviderGuid"":""{5770385F-C22A-43E0-BF4C-06F5698FFBD9}"",""SourceName"":""Microsoft-Windows-Sysmon"",""OpcodeValue"":0,""AccountName"":""SYSTEM"",""SourceImage"":""C:\\windows\\system32\\svchost.exe"",""SourceModuleName"":""eventlog"",""ExecutionProcessID"":3524,""AccountType"":""User"",""Category"":""Process accessed (rule: ProcessAccess)"",""SourceProcessId"":""396"",""Domain"":""NT AUTHORITY"",""port"":60427,""ThreadID"":4688,""Severity"":""INFO"",""EventType"":""INFO"",""Channel"":""Microsoft-Windows-Sysmon/Operational"",""Opcode"":""Info"",""EventReceivedTime"":""2022-04-15 08:06:30"",""Task"":10,""RuleName"":""-"",""Keywords"":-9223372036854775808,""Version"":3,""ProcessId"":""396"",""tags"":[""splunk""],""GrantedAccess"":""0x1000"",""SourceProcessGUID"":""{2d351099-43cd-5f5f-1200-000000000400}"",""EventTime"":""2022-04-15 08:06:26"",""host"":""cybertees.net"",""SeverityValue"":2,""CallTrace"":""C:\\windows\\SYSTEM32\\ntdll.dll+9c534|C:\\windows\\System32\\KERNELBASE.dll+6aec5|c:\\windows\\system32\\lsm.dll+1184f|c:\\windows\\system32\\lsm.dll+1172e|C:\\windows\\System32\\RPCRT4.dll+76a53|C:\\windows\\System32\\RPCRT4.dll+da036|C:\\windows\\System32\\RPCRT4.dll+37b1c|C:\\windows\\System32\\RPCRT4.dll+54998|C:\\windows\\System32\\RPCRT4.dll+2c951|C:\\windows\\System32\\RPCRT4.dll+2c20b|C:\\windows\\System32\\RPCRT4.dll+1a86f|C:\\windows\\System32\\RPCRT4.dll+19d1a|C:\\windows\\System32\\RPCRT4.dll+19301|C:\\windows\\System32\\RPCRT4.dll+18d6e|C:\\windows\\System32\\RPCRT4.dll+169a5|C:\\windows\\SYSTEM32\\ntdll.dll+333ed|C:\\windows\\SYSTEM32\\ntdll.dll+34142|C:\\windows\\System32\\KERNEL32.DLL+17bd4|C:\\windows\\SYSTEM32\\ntdll.dll+6ce51"",""Message"":""Process accessed:\r\nRuleName: -\r\nUtcTime: 2022-04-15 12:06:26.597\r\nSourceProcessGUID: {2d351099-43cd-5f5f-1200-000000000400}\r\nSourceProcessId: 396\r\nSourceThreadId: 9772\r\nSourceImage: C:\\windows\\system32\\svchost.exe\r\nTargetProcessGUID: {2d351099-43cd-5f5f-0e00-000000000400}\r\nTargetProcessId: 876\r\nTargetImage: C:\\windows\\system32\\svchost.exe\r\nGrantedAccess: 0x1000\r\nCallTrace: C:\\windows\\SYSTEM32\\ntdll.dll+9c534|C:\\windows\\System32\\KERNELBASE.dll+6aec5|c:\\windows\\system32\\lsm.dll+1184f|c:\\windows\\system32\\lsm.dll+1172e|C:\\windows\\System32\\RPCRT4.dll+76a53|C:\\windows\\System32\\RPCRT4.dll+da036|C:\\windows\\System32\\RPCRT4.dll+37b1c|C:\\windows\\System32\\RPCRT4.dll+54998|C:\\windows\\System32\\RPCRT4.dll+2c951|C:\\windows\\System32\\RPCRT4.dll+2c20b|C:\\windows\\System32\\RPCRT4.dll+1a86f|C:\\windows\\System32\\RPCRT4.dll+19d1a|C:\\windows\\System32\\RPCRT4.dll+19301|C:\\windows\\System32\\RPCRT4.dll+18d6e|C:\\windows\\System32\\RPCRT4.dll+169a5|C:\\windows\\SYSTEM32\\ntdll.dll+333ed|C:\\windows\\SYSTEM32\\ntdll.dll+34142|C:\\windows\\System32\\KERNEL32.DLL+17bd4|C:\\windows\\SYSTEM32\\ntdll.dll+6ce51"",""UtcTime"":""2022-04-15 12:06:26.597"",""UserID"":""S-1-5-18"",""timestamp"":""2022-04-15T12:06:30.208Z"",""TargetProcessId"":""876"",""SourceThreadId"":""9772"",""@version"":""1"",""TargetProcessGUID"":""{2d351099-43cd-5f5f-0e00-000000000400}"",""SourceModuleType"":""im_msvistalog"",""TargetImage"":""C:\\windows\\system32\\svchost.exe"",""Hostname"":""James.browne""}",2022-04-15T08:06:28.000+0000,8,15,6,april,28,friday,2022,local,,INFO,cybertees.net,cyber-host,windowslogs,1,60427,"{"""":,"""":,"""":""{----}"","""":""--"","""":,"""":"""","""":"":\\\\\\",Event_logs.json,_json,ip-10-10-40-195,,splunk,,2022-04-15T12:06:30.208Z,
1,,,,SYSTEM,User,,,,,C:\windows\SYSTEM32\ntdll.dll+9c534|C:\windows\System32\KERNELBASE.dll+6aec5|c:\windows\system32\lsm.dll+1184f|c:\windows\system32\lsm.dll+1172e|C:\windows\System32\RPCRT4.dll+76a53|C:\windows\System32\RPCRT4.dll+da036|C:\windows\System32\RPCRT4.dll+37b1c|C:\windows\System32\RPCRT4.dll+54998|C:\windows\System32\RPCRT4.dll+2c951|C:\windows\System32\RPCRT4.dll+2c20b|C:\windows\System32\RPCRT4.dll+1a86f|C:\windows\System32\RPCRT4.dll+19d1a|C:\windows\System32\RPCRT4.dll+19301|C:\windows\System32\RPCRT4.dll+18d6e|C:\windows\System32\RPCRT4.dll+169a5|C:\windows\SYSTEM32\ntdll.dll+333ed|C:\windows\SYSTEM32\ntdll.dll+34142|C:\windows\System32\KERNEL32.DLL+17bd4|C:\windows\SYSTEM32\ntdll.dll+6ce51,Process accessed (rule: ProcessAccess),Microsoft-Windows-Sysmon/Operational,,,,,,,,,,,,,,,,,,NT AUTHORITY,,,,,10,,2022-04-15 8:06:30,2022-04-15 8:06:26,,3524,,,0x1000,,,,James.browne,,,,,,,,,,-9223372036854775808,,,,,,,,,"Process accessed:
RuleName: -
UtcTime: 2022-04-15 12:06:26.597
SourceProcessGUID: {2d351099-43cd-5f5f-1200-000000000400}
SourceProcessId: 396
SourceThreadId: 8088
SourceImage: C:\windows\system32\svchost.exe
TargetProcessGUID: {2d351099-43cd-5f5f-0e00-000000000400}
TargetProcessId: 876
TargetImage: C:\windows\system32\svchost.exe
GrantedAccess: 0x1000
CallTrace: C:\windows\SYSTEM32\ntdll.dll+9c534|C:\windows\System32\KERNELBASE.dll+6aec5|c:\windows\system32\lsm.dll+1184f|c:\windows\system32\lsm.dll+1172e|C:\windows\System32\RPCRT4.dll+76a53|C:\windows\System32\RPCRT4.dll+da036|C:\windows\System32\RPCRT4.dll+37b1c|C:\windows\System32\RPCRT4.dll+54998|C:\windows\System32\RPCRT4.dll+2c951|C:\windows\System32\RPCRT4.dll+2c20b|C:\windows\System32\RPCRT4.dll+1a86f|C:\windows\System32\RPCRT4.dll+19d1a|C:\windows\System32\RPCRT4.dll+19301|C:\windows\System32\RPCRT4.dll+18d6e|C:\windows\System32\RPCRT4.dll+169a5|C:\windows\SYSTEM32\ntdll.dll+333ed|C:\windows\SYSTEM32\ntdll.dll+34142|C:\windows\System32\KERNEL32.DLL+17bd4|C:\windows\SYSTEM32\ntdll.dll+6ce51",,,,,,,,Info,0,,,,,,,,,,,396,,,,{5770385F-C22A-43E0-BF4C-06F5698FFBD9},,,,426729,,,,,,,-,,INFO,2,,,,,,,,,C:\windows\system32\svchost.exe,,,eventlog,im_msvistalog,Microsoft-Windows-Sysmon,,,{2d351099-43cd-5f5f-1200-000000000400},396,8088,,,,,,,,,C:\windows\system32\svchost.exe,,,,,,{2d351099-43cd-5f5f-0e00-000000000400},876,,,10,,,,4688,,,,,S-1-5-18,2022-04-15 12:06:27,3,,,"{""EventID"":10,""RecordNumber"":426729,""ProviderGuid"":""{5770385F-C22A-43E0-BF4C-06F5698FFBD9}"",""SourceName"":""Microsoft-Windows-Sysmon"",""OpcodeValue"":0,""AccountName"":""SYSTEM"",""SourceImage"":""C:\\windows\\system32\\svchost.exe"",""SourceModuleName"":""eventlog"",""ExecutionProcessID"":3524,""AccountType"":""User"",""Category"":""Process accessed (rule: ProcessAccess)"",""SourceProcessId"":""396"",""Domain"":""NT AUTHORITY"",""port"":60427,""ThreadID"":4688,""Severity"":""INFO"",""EventType"":""INFO"",""Channel"":""Microsoft-Windows-Sysmon/Operational"",""Opcode"":""Info"",""EventReceivedTime"":""2022-04-15 08:06:30"",""Task"":10,""RuleName"":""-"",""Keywords"":-9223372036854775808,""Version"":3,""ProcessId"":""396"",""tags"":[""splunk""],""GrantedAccess"":""0x1000"",""SourceProcessGUID"":""{2d351099-43cd-5f5f-1200-000000000400}"",""EventTime"":""2022-04-15 08:06:26"",""host"":""cybertees.net"",""SeverityValue"":2,""CallTrace"":""C:\\windows\\SYSTEM32\\ntdll.dll+9c534|C:\\windows\\System32\\KERNELBASE.dll+6aec5|c:\\windows\\system32\\lsm.dll+1184f|c:\\windows\\system32\\lsm.dll+1172e|C:\\windows\\System32\\RPCRT4.dll+76a53|C:\\windows\\System32\\RPCRT4.dll+da036|C:\\windows\\System32\\RPCRT4.dll+37b1c|C:\\windows\\System32\\RPCRT4.dll+54998|C:\\windows\\System32\\RPCRT4.dll+2c951|C:\\windows\\System32\\RPCRT4.dll+2c20b|C:\\windows\\System32\\RPCRT4.dll+1a86f|C:\\windows\\System32\\RPCRT4.dll+19d1a|C:\\windows\\System32\\RPCRT4.dll+19301|C:\\windows\\System32\\RPCRT4.dll+18d6e|C:\\windows\\System32\\RPCRT4.dll+169a5|C:\\windows\\SYSTEM32\\ntdll.dll+333ed|C:\\windows\\SYSTEM32\\ntdll.dll+34142|C:\\windows\\System32\\KERNEL32.DLL+17bd4|C:\\windows\\SYSTEM32\\ntdll.dll+6ce51"",""Message"":""Process accessed:\r\nRuleName: -\r\nUtcTime: 2022-04-15 12:06:26.597\r\nSourceProcessGUID: {2d351099-43cd-5f5f-1200-000000000400}\r\nSourceProcessId: 396\r\nSourceThreadId: 8088\r\nSourceImage: C:\\windows\\system32\\svchost.exe\r\nTargetProcessGUID: {2d351099-43cd-5f5f-0e00-000000000400}\r\nTargetProcessId: 876\r\nTargetImage: C:\\windows\\system32\\svchost.exe\r\nGrantedAccess: 0x1000\r\nCallTrace: C:\\windows\\SYSTEM32\\ntdll.dll+9c534|C:\\windows\\System32\\KERNELBASE.dll+6aec5|c:\\windows\\system32\\lsm.dll+1184f|c:\\windows\\system32\\lsm.dll+1172e|C:\\windows\\System32\\RPCRT4.dll+76a53|C:\\windows\\System32\\RPCRT4.dll+da036|C:\\windows\\System32\\RPCRT4.dll+37b1c|C:\\windows\\System32\\RPCRT4.dll+54998|C:\\windows\\System32\\RPCRT4.dll+2c951|C:\\windows\\System32\\RPCRT4.dll+2c20b|C:\\windows\\System32\\RPCRT4.dll+1a86f|C:\\windows\\System32\\RPCRT4.dll+19d1a|C:\\windows\\System32\\RPCRT4.dll+19301|C:\\windows\\System32\\RPCRT4.dll+18d6e|C:\\windows\\System32\\RPCRT4.dll+169a5|C:\\windows\\SYSTEM32\\ntdll.dll+333ed|C:\\windows\\SYSTEM32\\ntdll.dll+34142|C:\\windows\\System32\\KERNEL32.DLL+17bd4|C:\\windows\\SYSTEM32\\ntdll.dll+6ce51"",""UtcTime"":""2022-04-15 12:06:26.597"",""UserID"":""S-1-5-18"",""timestamp"":""2022-04-15T12:06:30.207Z"",""TargetProcessId"":""876"",""SourceThreadId"":""8088"",""@version"":""1"",""TargetProcessGUID"":""{2d351099-43cd-5f5f-0e00-000000000400}"",""SourceModuleType"":""im_msvistalog"",""TargetImage"":""C:\\windows\\system32\\svchost.exe"",""Hostname"":""James.browne""}",2022-04-15T08:06:28.000+0000,8,15,6,april,28,friday,2022,local,,INFO,cybertees.net,cyber-host,windowslogs,1,60427,"{"""":,"""":,"""":""{----}"","""":""--"","""":,"""":"""","""":"":\\\\\\",Event_logs.json,_json,ip-10-10-40-195,,splunk,,2022-04-15T12:06:30.207Z,
1,,,,SYSTEM,User,,,,,,Registry object added or deleted (rule: RegistryEvent),Microsoft-Windows-Sysmon/Operational,,,,,,,,,,,,,,,,,,NT AUTHORITY,,,,,12,,2022-04-15 8:06:30,2022-04-15 8:06:26,INFO,3524,,,,,,,James.browne,C:\windows\system32\svchost.exe,,,,,,,,,-9223372036854775808,,,,,,,,,"Registry object added or deleted:
RuleName: -
EventType: CreateKey
UtcTime: 2022-04-15 12:06:26.597
ProcessGuid: {2d351099-43cd-5f5f-0e00-000000000400}
ProcessId: 876
Image: C:\windows\system32\svchost.exe
TargetObject: HKU\S-1-5-21-4020993649-1037605423-417876593-1104\Software\Microsoft\Windows NT\CurrentVersion\HostActivityManager",,,,,,,,Info,0,,,,,,,,,,{2d351099-43cd-5f5f-0e00-000000000400},876,,,,{5770385F-C22A-43E0-BF4C-06F5698FFBD9},,,,426728,,,,,,,-,,INFO,2,,,,,,,,,,,,eventlog,im_msvistalog,Microsoft-Windows-Sysmon,,,,,,,,,,,,,,,,,HKU\S-1-5-21-4020993649-1037605423-417876593-1104\Software\Microsoft\Windows NT\CurrentVersion\HostActivityManager,,,,,,,12,,,,4688,,,,,S-1-5-18,2022-04-15 12:06:27,2,,,"{""Image"":""C:\\windows\\system32\\svchost.exe"",""ProcessId"":""876"",""EventID"":12,""tags"":[""splunk""],""RecordNumber"":426728,""ProviderGuid"":""{5770385F-C22A-43E0-BF4C-06F5698FFBD9}"",""SourceName"":""Microsoft-Windows-Sysmon"",""OpcodeValue"":0,""EventTime"":""2022-04-15 08:06:26"",""AccountName"":""SYSTEM"",""host"":""cybertees.net"",""SeverityValue"":2,""ExecutionProcessID"":3524,""AccountType"":""User"",""Category"":""Registry object added or deleted (rule: RegistryEvent)"",""SourceModuleName"":""eventlog"",""Domain"":""NT AUTHORITY"",""Message"":""Registry object added or deleted:\r\nRuleName: -\r\nEventType: CreateKey\r\nUtcTime: 2022-04-15 12:06:26.597\r\nProcessGuid: {2d351099-43cd-5f5f-0e00-000000000400}\r\nProcessId: 876\r\nImage: C:\\windows\\system32\\svchost.exe\r\nTargetObject: HKU\\S-1-5-21-4020993649-1037605423-417876593-1104\\Software\\Microsoft\\Windows NT\\CurrentVersion\\HostActivityManager"",""port"":60427,""UserID"":""S-1-5-18"",""UtcTime"":""2022-04-15 12:06:26.597"",""timestamp"":""2022-04-15T12:06:30.207Z"",""ThreadID"":4688,""Severity"":""INFO"",""EventTypeOrignal"":""INFO"",""EventType"":""CreateKey"",""Channel"":""Microsoft-Windows-Sysmon/Operational"",""TargetObject"":""HKU\\S-1-5-21-4020993649-1037605423-417876593-1104\\Software\\Microsoft\\Windows NT\\CurrentVersion\\HostActivityManager"",""Opcode"":""Info"",""EventReceivedTime"":""2022-04-15 08:06:30"",""@version"":""1"",""Task"":12,""SourceModuleType"":""im_msvistalog"",""RuleName"":""-"",""Hostname"":""James.browne"",""Keywords"":-9223372036854775808,""Version"":2,""ProcessGuid"":""{2d351099-43cd-5f5f-0e00-000000000400}""}",2022-04-15T08:06:28.000+0000,8,15,6,april,28,friday,2022,local,,CreateKey,cybertees.net,cyber-host,windowslogs,1,60427,"{"""":"":\\\\\\."","""":"""","""":,"""":[""""],"""":,"""":""{----}"",""",Event_logs.json,_json,ip-10-10-40-195,,splunk,,2022-04-15T12:06:30.207Z,
1,,,,SYSTEM,User,,,,,,Registry object added or deleted (rule: RegistryEvent),Microsoft-Windows-Sysmon/Operational,,,,,,,,,,,,,,,,,,NT AUTHORITY,,,,,12,,2022-04-15 8:06:30,2022-04-15 8:06:26,INFO,3524,,,,,,,James.browne,C:\windows\system32\svchost.exe,,,,,,,,,-9223372036854775808,,,,,,,,,"Registry object added or deleted:
RuleName: -
EventType: CreateKey
UtcTime: 2022-04-15 12:06:26.597
ProcessGuid: {2d351099-43cd-5f5f-0e00-000000000400}
ProcessId: 876
Image: C:\windows\system32\svchost.exe
TargetObject: HKU\S-1-5-21-4020993649-1037605423-417876593-1104\Software\Microsoft\Windows NT\CurrentVersion\HostActivityManager\Volatile",,,,,,,,Info,0,,,,,,,,,,{2d351099-43cd-5f5f-0e00-000000000400},876,,,,{5770385F-C22A-43E0-BF4C-06F5698FFBD9},,,,426727,,,,,,,-,,INFO,2,,,,,,,,,,,,eventlog,im_msvistalog,Microsoft-Windows-Sysmon,,,,,,,,,,,,,,,,,HKU\S-1-5-21-4020993649-1037605423-417876593-1104\Software\Microsoft\Windows NT\CurrentVersion\HostActivityManager\Volatile,,,,,,,12,,,,4688,,,,,S-1-5-18,2022-04-15 12:06:27,2,,,"{""Image"":""C:\\windows\\system32\\svchost.exe"",""ProcessId"":""876"",""EventID"":12,""tags"":[""splunk""],""RecordNumber"":426727,""ProviderGuid"":""{5770385F-C22A-43E0-BF4C-06F5698FFBD9}"",""SourceName"":""Microsoft-Windows-Sysmon"",""OpcodeValue"":0,""EventTime"":""2022-04-15 08:06:26"",""AccountName"":""SYSTEM"",""host"":""cybertees.net"",""SeverityValue"":2,""ExecutionProcessID"":3524,""AccountType"":""User"",""Category"":""Registry object added or deleted (rule: RegistryEvent)"",""SourceModuleName"":""eventlog"",""Domain"":""NT AUTHORITY"",""Message"":""Registry object added or deleted:\r\nRuleName: -\r\nEventType: CreateKey\r\nUtcTime: 2022-04-15 12:06:26.597\r\nProcessGuid: {2d351099-43cd-5f5f-0e00-000000000400}\r\nProcessId: 876\r\nImage: C:\\windows\\system32\\svchost.exe\r\nTargetObject: HKU\\S-1-5-21-4020993649-1037605423-417876593-1104\\Software\\Microsoft\\Windows NT\\CurrentVersion\\HostActivityManager\\Volatile"",""port"":60427,""UserID"":""S-1-5-18"",""UtcTime"":""2022-04-15 12:06:26.597"",""timestamp"":""2022-04-15T12:06:30.206Z"",""ThreadID"":4688,""Severity"":""INFO"",""EventTypeOrignal"":""INFO"",""EventType"":""CreateKey"",""Channel"":""Microsoft-Windows-Sysmon/Operational"",""TargetObject"":""HKU\\S-1-5-21-4020993649-1037605423-417876593-1104\\Software\\Microsoft\\Windows NT\\CurrentVersion\\HostActivityManager\\Volatile"",""Opcode"":""Info"",""EventReceivedTime"":""2022-04-15 08:06:30"",""@version"":""1"",""Task"":12,""SourceModuleType"":""im_msvistalog"",""RuleName"":""-"",""Hostname"":""James.browne"",""Keywords"":-9223372036854775808,""Version"":2,""ProcessGuid"":""{2d351099-43cd-5f5f-0e00-000000000400}""}",2022-04-15T08:06:28.000+0000,8,15,6,april,28,friday,2022,local,,CreateKey,cybertees.net,cyber-host,windowslogs,1,60427,"{"""":"":\\\\\\."","""":"""","""":,"""":[""""],"""":,"""":""{----}"",""",Event_logs.json,_json,ip-10-10-40-195,,splunk,,2022-04-15T12:06:30.206Z,
1,,,,SYSTEM,User,,,,,,Registry object added or deleted (rule: RegistryEvent),Microsoft-Windows-Sysmon/Operational,,,,,,,,,,,,,,,,,,NT AUTHORITY,,,,,12,,2022-04-15 8:06:30,2022-04-15 8:06:26,INFO,3524,,,,,,,James.browne,C:\windows\system32\svchost.exe,,,,,,,,,-9223372036854775808,,,,,,,,,"Registry object added or deleted:
RuleName: -
EventType: CreateKey
UtcTime: 2022-04-15 12:06:26.597
ProcessGuid: {2d351099-43cd-5f5f-0e00-000000000400}
ProcessId: 876
Image: C:\windows\system32\svchost.exe
TargetObject: HKU\S-1-5-21-4020993649-1037605423-417876593-1104\Software\Microsoft\Windows NT\CurrentVersion\HostActivityManager",,,,,,,,Info,0,,,,,,,,,,{2d351099-43cd-5f5f-0e00-000000000400},876,,,,{5770385F-C22A-43E0-BF4C-06F5698FFBD9},,,,426726,,,,,,,-,,INFO,2,,,,,,,,,,,,eventlog,im_msvistalog,Microsoft-Windows-Sysmon,,,,,,,,,,,,,,,,,HKU\S-1-5-21-4020993649-1037605423-417876593-1104\Software\Microsoft\Windows NT\CurrentVersion\HostActivityManager,,,,,,,12,,,,4688,,,,,S-1-5-18,2022-04-15 12:06:27,2,,,"{""Image"":""C:\\windows\\system32\\svchost.exe"",""ProcessId"":""876"",""EventID"":12,""tags"":[""splunk""],""RecordNumber"":426726,""ProviderGuid"":""{5770385F-C22A-43E0-BF4C-06F5698FFBD9}"",""SourceName"":""Microsoft-Windows-Sysmon"",""OpcodeValue"":0,""EventTime"":""2022-04-15 08:06:26"",""AccountName"":""SYSTEM"",""host"":""cybertees.net"",""SeverityValue"":2,""ExecutionProcessID"":3524,""AccountType"":""User"",""Category"":""Registry object added or deleted (rule: RegistryEvent)"",""SourceModuleName"":""eventlog"",""Domain"":""NT AUTHORITY"",""Message"":""Registry object added or deleted:\r\nRuleName: -\r\nEventType: CreateKey\r\nUtcTime: 2022-04-15 12:06:26.597\r\nProcessGuid: {2d351099-43cd-5f5f-0e00-000000000400}\r\nProcessId: 876\r\nImage: C:\\windows\\system32\\svchost.exe\r\nTargetObject: HKU\\S-1-5-21-4020993649-1037605423-417876593-1104\\Software\\Microsoft\\Windows NT\\CurrentVersion\\HostActivityManager"",""port"":60427,""UserID"":""S-1-5-18"",""UtcTime"":""2022-04-15 12:06:26.597"",""timestamp"":""2022-04-15T12:06:30.205Z"",""ThreadID"":4688,""Severity"":""INFO"",""EventTypeOrignal"":""INFO"",""EventType"":""CreateKey"",""Channel"":""Microsoft-Windows-Sysmon/Operational"",""TargetObject"":""HKU\\S-1-5-21-4020993649-1037605423-417876593-1104\\Software\\Microsoft\\Windows NT\\CurrentVersion\\HostActivityManager"",""Opcode"":""Info"",""EventReceivedTime"":""2022-04-15 08:06:30"",""@version"":""1"",""Task"":12,""SourceModuleType"":""im_msvistalog"",""RuleName"":""-"",""Hostname"":""James.browne"",""Keywords"":-9223372036854775808,""Version"":2,""ProcessGuid"":""{2d351099-43cd-5f5f-0e00-000000000400}""}",2022-04-15T08:06:28.000+0000,8,15,6,april,28,friday,2022,local,,CreateKey,cybertees.net,cyber-host,windowslogs,1,60427,"{"""":"":\\\\\\."","""":"""","""":,"""":[""""],"""":,"""":""{----}"",""",Event_logs.json,_json,ip-10-10-40-195,,splunk,,2022-04-15T12:06:30.205Z,
1,,,,SYSTEM,User,,,,,,Registry object added or deleted (rule: RegistryEvent),Microsoft-Windows-Sysmon/Operational,,,,,,,,,,,,,,,,,,NT AUTHORITY,,,,,12,,2022-04-15 8:06:30,2022-04-15 8:06:26,INFO,3524,,,,,,,James.browne,C:\windows\system32\BackgroundTransferHost.exe,,,,,,,,,-9223372036854775808,,,,,,,,,"Registry object added or deleted:
RuleName: -
EventType: CreateKey
UtcTime: 2022-04-15 12:06:26.597
ProcessGuid: {2d351099-5cc2-5f5f-3d04-000000000400}
ProcessId: 5696
Image: C:\windows\system32\BackgroundTransferHost.exe
TargetObject: HKLM\System\CurrentControlSet\Services\Tcpip\Parameters",,,,,,,,Info,0,,,,,,,,,,{2d351099-5cc2-5f5f-3d04-000000000400},5696,,,,{5770385F-C22A-43E0-BF4C-06F5698FFBD9},,,,426725,,,,,,,-,,INFO,2,,,,,,,,,,,,eventlog,im_msvistalog,Microsoft-Windows-Sysmon,,,,,,,,,,,,,,,,,HKLM\System\CurrentControlSet\Services\Tcpip\Parameters,,,,,,,12,,,,4688,,,,,S-1-5-18,2022-04-15 12:06:27,2,,,"{""Image"":""C:\\windows\\system32\\BackgroundTransferHost.exe"",""ProcessId"":""5696"",""EventID"":12,""tags"":[""splunk""],""RecordNumber"":426725,""ProviderGuid"":""{5770385F-C22A-43E0-BF4C-06F5698FFBD9}"",""SourceName"":""Microsoft-Windows-Sysmon"",""OpcodeValue"":0,""EventTime"":""2022-04-15 08:06:26"",""AccountName"":""SYSTEM"",""host"":""cybertees.net"",""SeverityValue"":2,""ExecutionProcessID"":3524,""AccountType"":""User"",""Category"":""Registry object added or deleted (rule: RegistryEvent)"",""SourceModuleName"":""eventlog"",""Domain"":""NT AUTHORITY"",""Message"":""Registry object added or deleted:\r\nRuleName: -\r\nEventType: CreateKey\r\nUtcTime: 2022-04-15 12:06:26.597\r\nProcessGuid: {2d351099-5cc2-5f5f-3d04-000000000400}\r\nProcessId: 5696\r\nImage: C:\\windows\\system32\\BackgroundTransferHost.exe\r\nTargetObject: HKLM\\System\\CurrentControlSet\\Services\\Tcpip\\Parameters"",""port"":60427,""UserID"":""S-1-5-18"",""UtcTime"":""2022-04-15 12:06:26.597"",""timestamp"":""2022-04-15T12:06:30.204Z"",""ThreadID"":4688,""Severity"":""INFO"",""EventTypeOrignal"":""INFO"",""EventType"":""CreateKey"",""Channel"":""Microsoft-Windows-Sysmon/Operational"",""TargetObject"":""HKLM\\System\\CurrentControlSet\\Services\\Tcpip\\Parameters"",""Opcode"":""Info"",""EventReceivedTime"":""2022-04-15 08:06:30"",""@version"":""1"",""Task"":12,""SourceModuleType"":""im_msvistalog"",""RuleName"":""-"",""Hostname"":""James.browne"",""Keywords"":-9223372036854775808,""Version"":2,""ProcessGuid"":""{2d351099-5cc2-5f5f-3d04-000000000400}""}",2022-04-15T08:06:28.000+0000,8,15,6,april,28,friday,2022,local,,CreateKey,cybertees.net,cyber-host,windowslogs,1,60427,"{"""":"":\\\\\\."","""":"""","""":,"""":[""""],"""":,"""":""{----}"",""",Event_logs.json,_json,ip-10-10-40-195,,splunk,,2022-04-15T12:06:30.204Z,
1,,,,SYSTEM,User,,,,,C:\windows\SYSTEM32\ntdll.dll+9c534|C:\windows\System32\KERNELBASE.dll+6aec5|c:\windows\system32\lsm.dll+1184f|c:\windows\system32\lsm.dll+1172e|C:\windows\System32\RPCRT4.dll+76a53|C:\windows\System32\RPCRT4.dll+da036|C:\windows\System32\RPCRT4.dll+37b1c|C:\windows\System32\RPCRT4.dll+54998|C:\windows\System32\RPCRT4.dll+2c951|C:\windows\System32\RPCRT4.dll+2c20b|C:\windows\System32\RPCRT4.dll+1a86f|C:\windows\System32\RPCRT4.dll+19d1a|C:\windows\System32\RPCRT4.dll+19301|C:\windows\System32\RPCRT4.dll+18d6e|C:\windows\System32\RPCRT4.dll+169a5|C:\windows\SYSTEM32\ntdll.dll+333ed|C:\windows\SYSTEM32\ntdll.dll+34142|C:\windows\System32\KERNEL32.DLL+17bd4|C:\windows\SYSTEM32\ntdll.dll+6ce51,Process accessed (rule: ProcessAccess),Microsoft-Windows-Sysmon/Operational,,,,,,,,,,,,,,,,,,NT AUTHORITY,,,,,10,,2022-04-15 8:06:30,2022-04-15 8:06:26,,3524,,,0x1000,,,,James.browne,,,,,,,,,,-9223372036854775808,,,,,,,,,"Process accessed:
RuleName: -
UtcTime: 2022-04-15 12:06:26.581
SourceProcessGUID: {2d351099-43cd-5f5f-1200-000000000400}
SourceProcessId: 396
SourceThreadId: 8088
SourceImage: C:\windows\system32\svchost.exe
TargetProcessGUID: {2d351099-43cd-5f5f-0e00-000000000400}
TargetProcessId: 876
TargetImage: C:\windows\system32\svchost.exe
GrantedAccess: 0x1000
CallTrace: C:\windows\SYSTEM32\ntdll.dll+9c534|C:\windows\System32\KERNELBASE.dll+6aec5|c:\windows\system32\lsm.dll+1184f|c:\windows\system32\lsm.dll+1172e|C:\windows\System32\RPCRT4.dll+76a53|C:\windows\System32\RPCRT4.dll+da036|C:\windows\System32\RPCRT4.dll+37b1c|C:\windows\System32\RPCRT4.dll+54998|C:\windows\System32\RPCRT4.dll+2c951|C:\windows\System32\RPCRT4.dll+2c20b|C:\windows\System32\RPCRT4.dll+1a86f|C:\windows\System32\RPCRT4.dll+19d1a|C:\windows\System32\RPCRT4.dll+19301|C:\windows\System32\RPCRT4.dll+18d6e|C:\windows\System32\RPCRT4.dll+169a5|C:\windows\SYSTEM32\ntdll.dll+333ed|C:\windows\SYSTEM32\ntdll.dll+34142|C:\windows\System32\KERNEL32.DLL+17bd4|C:\windows\SYSTEM32\ntdll.dll+6ce51",,,,,,,,Info,0,,,,,,,,,,,396,,,,{5770385F-C22A-43E0-BF4C-06F5698FFBD9},,,,426724,,,,,,,-,,INFO,2,,,,,,,,,C:\windows\system32\svchost.exe,,,eventlog,im_msvistalog,Microsoft-Windows-Sysmon,,,{2d351099-43cd-5f5f-1200-000000000400},396,8088,,,,,,,,,C:\windows\system32\svchost.exe,,,,,,{2d351099-43cd-5f5f-0e00-000000000400},876,,,10,,,,4688,,,,,S-1-5-18,2022-04-15 12:06:27,3,,,"{""EventID"":10,""RecordNumber"":426724,""ProviderGuid"":""{5770385F-C22A-43E0-BF4C-06F5698FFBD9}"",""SourceName"":""Microsoft-Windows-Sysmon"",""OpcodeValue"":0,""AccountName"":""SYSTEM"",""SourceImage"":""C:\\windows\\system32\\svchost.exe"",""SourceModuleName"":""eventlog"",""ExecutionProcessID"":3524,""AccountType"":""User"",""Category"":""Process accessed (rule: ProcessAccess)"",""SourceProcessId"":""396"",""Domain"":""NT AUTHORITY"",""port"":60427,""ThreadID"":4688,""Severity"":""INFO"",""EventType"":""INFO"",""Channel"":""Microsoft-Windows-Sysmon/Operational"",""Opcode"":""Info"",""EventReceivedTime"":""2022-04-15 08:06:30"",""Task"":10,""RuleName"":""-"",""Keywords"":-9223372036854775808,""Version"":3,""ProcessId"":""396"",""tags"":[""splunk""],""GrantedAccess"":""0x1000"",""SourceProcessGUID"":""{2d351099-43cd-5f5f-1200-000000000400}"",""EventTime"":""2022-04-15 08:06:26"",""host"":""cybertees.net"",""SeverityValue"":2,""CallTrace"":""C:\\windows\\SYSTEM32\\ntdll.dll+9c534|C:\\windows\\System32\\KERNELBASE.dll+6aec5|c:\\windows\\system32\\lsm.dll+1184f|c:\\windows\\system32\\lsm.dll+1172e|C:\\windows\\System32\\RPCRT4.dll+76a53|C:\\windows\\System32\\RPCRT4.dll+da036|C:\\windows\\System32\\RPCRT4.dll+37b1c|C:\\windows\\System32\\RPCRT4.dll+54998|C:\\windows\\System32\\RPCRT4.dll+2c951|C:\\windows\\System32\\RPCRT4.dll+2c20b|C:\\windows\\System32\\RPCRT4.dll+1a86f|C:\\windows\\System32\\RPCRT4.dll+19d1a|C:\\windows\\System32\\RPCRT4.dll+19301|C:\\windows\\System32\\RPCRT4.dll+18d6e|C:\\windows\\System32\\RPCRT4.dll+169a5|C:\\windows\\SYSTEM32\\ntdll.dll+333ed|C:\\windows\\SYSTEM32\\ntdll.dll+34142|C:\\windows\\System32\\KERNEL32.DLL+17bd4|C:\\windows\\SYSTEM32\\ntdll.dll+6ce51"",""Message"":""Process accessed:\r\nRuleName: -\r\nUtcTime: 2022-04-15 12:06:26.581\r\nSourceProcessGUID: {2d351099-43cd-5f5f-1200-000000000400}\r\nSourceProcessId: 396\r\nSourceThreadId: 8088\r\nSourceImage: C:\\windows\\system32\\svchost.exe\r\nTargetProcessGUID: {2d351099-43cd-5f5f-0e00-000000000400}\r\nTargetProcessId: 876\r\nTargetImage: C:\\windows\\system32\\svchost.exe\r\nGrantedAccess: 0x1000\r\nCallTrace: C:\\windows\\SYSTEM32\\ntdll.dll+9c534|C:\\windows\\System32\\KERNELBASE.dll+6aec5|c:\\windows\\system32\\lsm.dll+1184f|c:\\windows\\system32\\lsm.dll+1172e|C:\\windows\\System32\\RPCRT4.dll+76a53|C:\\windows\\System32\\RPCRT4.dll+da036|C:\\windows\\System32\\RPCRT4.dll+37b1c|C:\\windows\\System32\\RPCRT4.dll+54998|C:\\windows\\System32\\RPCRT4.dll+2c951|C:\\windows\\System32\\RPCRT4.dll+2c20b|C:\\windows\\System32\\RPCRT4.dll+1a86f|C:\\windows\\System32\\RPCRT4.dll+19d1a|C:\\windows\\System32\\RPCRT4.dll+19301|C:\\windows\\System32\\RPCRT4.dll+18d6e|C:\\windows\\System32\\RPCRT4.dll+169a5|C:\\windows\\SYSTEM32\\ntdll.dll+333ed|C:\\windows\\SYSTEM32\\ntdll.dll+34142|C:\\windows\\System32\\KERNEL32.DLL+17bd4|C:\\windows\\SYSTEM32\\ntdll.dll+6ce51"",""UtcTime"":""2022-04-15 12:06:26.581"",""UserID"":""S-1-5-18"",""timestamp"":""2022-04-15T12:06:30.204Z"",""TargetProcessId"":""876"",""SourceThreadId"":""8088"",""@version"":""1"",""TargetProcessGUID"":""{2d351099-43cd-5f5f-0e00-000000000400}"",""SourceModuleType"":""im_msvistalog"",""TargetImage"":""C:\\windows\\system32\\svchost.exe"",""Hostname"":""James.browne""}",2022-04-15T08:06:28.000+0000,8,15,6,april,28,friday,2022,local,,INFO,cybertees.net,cyber-host,windowslogs,1,60427,"{"""":,"""":,"""":""{----}"","""":""--"","""":,"""":"""","""":"":\\\\\\",Event_logs.json,_json,ip-10-10-40-195,,splunk,,2022-04-15T12:06:30.204Z,
1,,,,SYSTEM,User,,,,,,Registry value set (rule: RegistryEvent),Microsoft-Windows-Sysmon/Operational,,,,,,,,,,,,,,DWORD (0x00000002),,,,NT AUTHORITY,,,,,13,,2022-04-15 8:06:30,2022-04-15 8:06:26,INFO,3524,,,,,,,James.browne,C:\windows\system32\svchost.exe,,,,,,,,,-9223372036854775808,,,,,,,,,"Registry value set:
RuleName: -
EventType: SetValue
UtcTime: 2022-04-15 12:06:26.581
ProcessGuid: {2d351099-43cd-5f5f-0e00-000000000400}
ProcessId: 876
Image: C:\windows\system32\svchost.exe
TargetObject: HKU\S-1-5-21-4020993649-1037605423-417876593-1104\Software\Microsoft\Windows NT\CurrentVersion\BackgroundModel\PreInstallTasks\RequireReschedule\Microsoft.OneConnect_8wekyb3d8bbwe\RetryRemaining
Details: DWORD (0x00000002)",,,,,,,,Info,0,,,,,,,,,,{2d351099-43cd-5f5f-0e00-000000000400},876,,,,{5770385F-C22A-43E0-BF4C-06F5698FFBD9},,,,426723,,,,,,,-,,INFO,2,,,,,,,,,,,,eventlog,im_msvistalog,Microsoft-Windows-Sysmon,,,,,,,,,,,,,,,,,HKU\S-1-5-21-4020993649-1037605423-417876593-1104\Software\Microsoft\Windows NT\CurrentVersion\BackgroundModel\PreInstallTasks\RequireReschedule\Microsoft.OneConnect_8wekyb3d8bbwe\RetryRemaining,,,,,,,13,,,,4688,,,,,S-1-5-18,2022-04-15 12:06:27,2,,,"{""Image"":""C:\\windows\\system32\\svchost.exe"",""ProcessId"":""876"",""EventID"":13,""tags"":[""splunk""],""RecordNumber"":426723,""ProviderGuid"":""{5770385F-C22A-43E0-BF4C-06F5698FFBD9}"",""SourceName"":""Microsoft-Windows-Sysmon"",""OpcodeValue"":0,""EventTime"":""2022-04-15 08:06:26"",""AccountName"":""SYSTEM"",""host"":""cybertees.net"",""SeverityValue"":2,""ExecutionProcessID"":3524,""AccountType"":""User"",""Category"":""Registry value set (rule: RegistryEvent)"",""SourceModuleName"":""eventlog"",""Domain"":""NT AUTHORITY"",""Message"":""Registry value set:\r\nRuleName: -\r\nEventType: SetValue\r\nUtcTime: 2022-04-15 12:06:26.581\r\nProcessGuid: {2d351099-43cd-5f5f-0e00-000000000400}\r\nProcessId: 876\r\nImage: C:\\windows\\system32\\svchost.exe\r\nTargetObject: HKU\\S-1-5-21-4020993649-1037605423-417876593-1104\\Software\\Microsoft\\Windows NT\\CurrentVersion\\BackgroundModel\\PreInstallTasks\\RequireReschedule\\Microsoft.OneConnect_8wekyb3d8bbwe\\RetryRemaining\r\nDetails: DWORD (0x00000002)"",""port"":60427,""UserID"":""S-1-5-18"",""UtcTime"":""2022-04-15 12:06:26.581"",""timestamp"":""2022-04-15T12:06:30.203Z"",""ThreadID"":4688,""Severity"":""INFO"",""EventTypeOrignal"":""INFO"",""EventType"":""SetValue"",""Channel"":""Microsoft-Windows-Sysmon/Operational"",""TargetObject"":""HKU\\S-1-5-21-4020993649-1037605423-417876593-1104\\Software\\Microsoft\\Windows NT\\CurrentVersion\\BackgroundModel\\PreInstallTasks\\RequireReschedule\\Microsoft.OneConnect_8wekyb3d8bbwe\\RetryRemaining"",""Details"":""DWORD (0x00000002)"",""Opcode"":""Info"",""EventReceivedTime"":""2022-04-15 08:06:30"",""@version"":""1"",""Task"":13,""SourceModuleType"":""im_msvistalog"",""RuleName"":""-"",""Hostname"":""James.browne"",""Keywords"":-9223372036854775808,""Version"":2,""ProcessGuid"":""{2d351099-43cd-5f5f-0e00-000000000400}""}",2022-04-15T08:06:28.000+0000,8,15,6,april,28,friday,2022,local,,SetValue,cybertees.net,cyber-host,windowslogs,1,60427,"{"""":"":\\\\\\."","""":"""","""":,"""":[""""],"""":,"""":""{----}"",""",Event_logs.json,_json,ip-10-10-40-195,,splunk,,2022-04-15T12:06:30.203Z,
1,,,,SYSTEM,User,,,,,,Registry value set (rule: RegistryEvent),Microsoft-Windows-Sysmon/Operational,,,,,,,,,,,,,,BackgroundTaskComponent.PostInstallationTask,,,,NT AUTHORITY,,,,,13,,2022-04-15 8:06:30,2022-04-15 8:06:26,INFO,3524,,,,,,,James.browne,C:\windows\system32\svchost.exe,,,,,,,,,-9223372036854775808,,,,,,,,,"Registry value set:
RuleName: -
EventType: SetValue
UtcTime: 2022-04-15 12:06:26.581
ProcessGuid: {2d351099-43cd-5f5f-0e00-000000000400}
ProcessId: 876
Image: C:\windows\system32\svchost.exe
TargetObject: HKU\S-1-5-21-4020993649-1037605423-417876593-1104\Software\Microsoft\Windows NT\CurrentVersion\BackgroundModel\PreInstallTasks\RequireReschedule\Microsoft.OneConnect_8wekyb3d8bbwe\TaskEntryPoint
Details: BackgroundTaskComponent.PostInstallationTask",,,,,,,,Info,0,,,,,,,,,,{2d351099-43cd-5f5f-0e00-000000000400},876,,,,{5770385F-C22A-43E0-BF4C-06F5698FFBD9},,,,426722,,,,,,,-,,INFO,2,,,,,,,,,,,,eventlog,im_msvistalog,Microsoft-Windows-Sysmon,,,,,,,,,,,,,,,,,HKU\S-1-5-21-4020993649-1037605423-417876593-1104\Software\Microsoft\Windows NT\CurrentVersion\BackgroundModel\PreInstallTasks\RequireReschedule\Microsoft.OneConnect_8wekyb3d8bbwe\TaskEntryPoint,,,,,,,13,,,,4688,,,,,S-1-5-18,2022-04-15 12:06:27,2,,,"{""Image"":""C:\\windows\\system32\\svchost.exe"",""ProcessId"":""876"",""EventID"":13,""tags"":[""splunk""],""RecordNumber"":426722,""ProviderGuid"":""{5770385F-C22A-43E0-BF4C-06F5698FFBD9}"",""SourceName"":""Microsoft-Windows-Sysmon"",""OpcodeValue"":0,""EventTime"":""2022-04-15 08:06:26"",""AccountName"":""SYSTEM"",""host"":""cybertees.net"",""SeverityValue"":2,""ExecutionProcessID"":3524,""AccountType"":""User"",""Category"":""Registry value set (rule: RegistryEvent)"",""SourceModuleName"":""eventlog"",""Domain"":""NT AUTHORITY"",""Message"":""Registry value set:\r\nRuleName: -\r\nEventType: SetValue\r\nUtcTime: 2022-04-15 12:06:26.581\r\nProcessGuid: {2d351099-43cd-5f5f-0e00-000000000400}\r\nProcessId: 876\r\nImage: C:\\windows\\system32\\svchost.exe\r\nTargetObject: HKU\\S-1-5-21-4020993649-1037605423-417876593-1104\\Software\\Microsoft\\Windows NT\\CurrentVersion\\BackgroundModel\\PreInstallTasks\\RequireReschedule\\Microsoft.OneConnect_8wekyb3d8bbwe\\TaskEntryPoint\r\nDetails: BackgroundTaskComponent.PostInstallationTask"",""port"":60427,""UserID"":""S-1-5-18"",""UtcTime"":""2022-04-15 12:06:26.581"",""timestamp"":""2022-04-15T12:06:30.203Z"",""ThreadID"":4688,""Severity"":""INFO"",""EventTypeOrignal"":""INFO"",""EventType"":""SetValue"",""Channel"":""Microsoft-Windows-Sysmon/Operational"",""TargetObject"":""HKU\\S-1-5-21-4020993649-1037605423-417876593-1104\\Software\\Microsoft\\Windows NT\\CurrentVersion\\BackgroundModel\\PreInstallTasks\\RequireReschedule\\Microsoft.OneConnect_8wekyb3d8bbwe\\TaskEntryPoint"",""Details"":""BackgroundTaskComponent.PostInstallationTask"",""Opcode"":""Info"",""EventReceivedTime"":""2022-04-15 08:06:30"",""@version"":""1"",""Task"":13,""SourceModuleType"":""im_msvistalog"",""RuleName"":""-"",""Hostname"":""James.browne"",""Keywords"":-9223372036854775808,""Version"":2,""ProcessGuid"":""{2d351099-43cd-5f5f-0e00-000000000400}""}",2022-04-15T08:06:28.000+0000,8,15,6,april,28,friday,2022,local,,SetValue,cybertees.net,cyber-host,windowslogs,1,60427,"{"""":"":\\\\\\."","""":"""","""":,"""":[""""],"""":,"""":""{----}"",""",Event_logs.json,_json,ip-10-10-40-195,,splunk,,2022-04-15T12:06:30.203Z,
1,,,,SYSTEM,User,,,,,,Registry object added or deleted (rule: RegistryEvent),Microsoft-Windows-Sysmon/Operational,,,,,,,,,,,,,,,,,,NT AUTHORITY,,,,,12,,2022-04-15 8:06:30,2022-04-15 8:06:26,INFO,3524,,,,,,,James.browne,C:\windows\system32\svchost.exe,,,,,,,,,-9223372036854775808,,,,,,,,,"Registry object added or deleted:
RuleName: -
EventType: CreateKey
UtcTime: 2022-04-15 12:06:26.581
ProcessGuid: {2d351099-43cd-5f5f-0e00-000000000400}
ProcessId: 876
Image: C:\windows\system32\svchost.exe
TargetObject: HKU\S-1-5-21-4020993649-1037605423-417876593-1104\Software\Microsoft\Windows NT\CurrentVersion\BackgroundModel\PreInstallTasks\RequireReschedule\Microsoft.OneConnect_8wekyb3d8bbwe",,,,,,,,Info,0,,,,,,,,,,{2d351099-43cd-5f5f-0e00-000000000400},876,,,,{5770385F-C22A-43E0-BF4C-06F5698FFBD9},,,,426721,,,,,,,-,,INFO,2,,,,,,,,,,,,eventlog,im_msvistalog,Microsoft-Windows-Sysmon,,,,,,,,,,,,,,,,,HKU\S-1-5-21-4020993649-1037605423-417876593-1104\Software\Microsoft\Windows NT\CurrentVersion\BackgroundModel\PreInstallTasks\RequireReschedule\Microsoft.OneConnect_8wekyb3d8bbwe,,,,,,,12,,,,4688,,,,,S-1-5-18,2022-04-15 12:06:27,2,,,"{""Image"":""C:\\windows\\system32\\svchost.exe"",""ProcessId"":""876"",""EventID"":12,""tags"":[""splunk""],""RecordNumber"":426721,""ProviderGuid"":""{5770385F-C22A-43E0-BF4C-06F5698FFBD9}"",""SourceName"":""Microsoft-Windows-Sysmon"",""OpcodeValue"":0,""EventTime"":""2022-04-15 08:06:26"",""AccountName"":""SYSTEM"",""host"":""cybertees.net"",""SeverityValue"":2,""ExecutionProcessID"":3524,""AccountType"":""User"",""Category"":""Registry object added or deleted (rule: RegistryEvent)"",""SourceModuleName"":""eventlog"",""Domain"":""NT AUTHORITY"",""Message"":""Registry object added or deleted:\r\nRuleName: -\r\nEventType: CreateKey\r\nUtcTime: 2022-04-15 12:06:26.581\r\nProcessGuid: {2d351099-43cd-5f5f-0e00-000000000400}\r\nProcessId: 876\r\nImage: C:\\windows\\system32\\svchost.exe\r\nTargetObject: HKU\\S-1-5-21-4020993649-1037605423-417876593-1104\\Software\\Microsoft\\Windows NT\\CurrentVersion\\BackgroundModel\\PreInstallTasks\\RequireReschedule\\Microsoft.OneConnect_8wekyb3d8bbwe"",""port"":60427,""UserID"":""S-1-5-18"",""UtcTime"":""2022-04-15 12:06:26.581"",""timestamp"":""2022-04-15T12:06:30.202Z"",""ThreadID"":4688,""Severity"":""INFO"",""EventTypeOrignal"":""INFO"",""EventType"":""CreateKey"",""Channel"":""Microsoft-Windows-Sysmon/Operational"",""TargetObject"":""HKU\\S-1-5-21-4020993649-1037605423-417876593-1104\\Software\\Microsoft\\Windows NT\\CurrentVersion\\BackgroundModel\\PreInstallTasks\\RequireReschedule\\Microsoft.OneConnect_8wekyb3d8bbwe"",""Opcode"":""Info"",""EventReceivedTime"":""2022-04-15 08:06:30"",""@version"":""1"",""Task"":12,""SourceModuleType"":""im_msvistalog"",""RuleName"":""-"",""Hostname"":""James.browne"",""Keywords"":-9223372036854775808,""Version"":2,""ProcessGuid"":""{2d351099-43cd-5f5f-0e00-000000000400}""}",2022-04-15T08:06:28.000+0000,8,15,6,april,28,friday,2022,local,,CreateKey,cybertees.net,cyber-host,windowslogs,1,60427,"{"""":"":\\\\\\."","""":"""","""":,"""":[""""],"""":,"""":""{----}"",""",Event_logs.json,_json,ip-10-10-40-195,,splunk,,2022-04-15T12:06:30.202Z,
