1,,,,SYSTEM,User,,,,,,Registry value set (rule: RegistryEvent),Microsoft-Windows-Sysmon/Operational,,,,,,,,,,,,,,DWORD (0x0000005c),,,,NT AUTHORITY,,,,,13,,2022-04-15 8:06:28,2022-04-15 8:06:25,INFO,3524,,,,,,,James.browne,C:\windows\system32\svchost.exe,,,,,,,,,-9223372036854775808,,,,,,,,,"Registry value set:
RuleName: -
EventType: SetValue
UtcTime: 2022-04-15 12:06:25.815
ProcessGuid: {2d351099-43cd-5f5f-0e00-000000000400}
ProcessId: 876
Image: C:\windows\system32\svchost.exe
TargetObject: \REGISTRY\A\{880a2083-1f4b-4b97-aa60-39a324efa5ef}\Events\{44acbf61-69db-4030-82a1-caf9193619a1}\EventType
Details: DWORD (0x0000005c)",,,,,,,,Info,0,,,,,,,,,,{2d351099-43cd-5f5f-0e00-000000000400},876,,,,{5770385F-C22A-43E0-BF4C-06F5698FFBD9},,,,425888,,,,,,,-,,INFO,2,,,,,,,,,,,,eventlog,im_msvistalog,Microsoft-Windows-Sysmon,,,,,,,,,,,,,,,,,\REGISTRY\A\{880a2083-1f4b-4b97-aa60-39a324efa5ef}\Events\{44acbf61-69db-4030-82a1-caf9193619a1}\EventType,,,,,,,13,,,,4688,,,,,S-1-5-18,2022-04-15 12:06:26,2,,,"{""Image"":""C:\\windows\\system32\\svchost.exe"",""ProcessId"":""876"",""EventID"":13,""tags"":[""splunk""],""RecordNumber"":425888,""ProviderGuid"":""{5770385F-C22A-43E0-BF4C-06F5698FFBD9}"",""SourceName"":""Microsoft-Windows-Sysmon"",""OpcodeValue"":0,""EventTime"":""2022-04-15 08:06:25"",""AccountName"":""SYSTEM"",""host"":""cybertees.net"",""SeverityValue"":2,""ExecutionProcessID"":3524,""AccountType"":""User"",""Category"":""Registry value set (rule: RegistryEvent)"",""SourceModuleName"":""eventlog"",""Domain"":""NT AUTHORITY"",""Message"":""Registry value set:\r\nRuleName: -\r\nEventType: SetValue\r\nUtcTime: 2022-04-15 12:06:25.815\r\nProcessGuid: {2d351099-43cd-5f5f-0e00-000000000400}\r\nProcessId: 876\r\nImage: C:\\windows\\system32\\svchost.exe\r\nTargetObject: \\REGISTRY\\A\\{880a2083-1f4b-4b97-aa60-39a324efa5ef}\\Events\\{44acbf61-69db-4030-82a1-caf9193619a1}\\EventType\r\nDetails: DWORD (0x0000005c)"",""port"":60427,""UserID"":""S-1-5-18"",""UtcTime"":""2022-04-15 12:06:25.815"",""timestamp"":""2022-04-15T12:06:28.698Z"",""ThreadID"":4688,""Severity"":""INFO"",""EventTypeOrignal"":""INFO"",""EventType"":""SetValue"",""Channel"":""Microsoft-Windows-Sysmon/Operational"",""TargetObject"":""\\REGISTRY\\A\\{880a2083-1f4b-4b97-aa60-39a324efa5ef}\\Events\\{44acbf61-69db-4030-82a1-caf9193619a1}\\EventType"",""Details"":""DWORD (0x0000005c)"",""Opcode"":""Info"",""EventReceivedTime"":""2022-04-15 08:06:28"",""@version"":""1"",""Task"":13,""SourceModuleType"":""im_msvistalog"",""RuleName"":""-"",""Hostname"":""James.browne"",""Keywords"":-9223372036854775808,""Version"":2,""ProcessGuid"":""{2d351099-43cd-5f5f-0e00-000000000400}""}",2022-04-15T08:06:22.000+0000,8,15,6,april,22,friday,2022,local,,SetValue,cybertees.net,cyber-host,windowslogs,1,60427,"{"""":"":\\\\\\."","""":"""","""":,"""":[""""],"""":,"""":""{----}"",""",Event_logs.json,_json,ip-10-10-40-195,,splunk,,2022-04-15T12:06:28.698Z,
1,,,,SYSTEM,User,,,,,C:\windows\SYSTEM32\ntdll.dll+9fc24|C:\windows\System32\KERNELBASE.dll+6c2d5|c:\windows\system32\lsm.dll+e625|C:\windows\System32\RPCRT4.dll+77883|C:\windows\System32\RPCRT4.dll+db4a6|C:\windows\System32\RPCRT4.dll+10d50|C:\windows\System32\RPCRT4.dll+54a78|C:\windows\System32\RPCRT4.dll+304f0|C:\windows\System32\RPCRT4.dll+2fe9b|C:\windows\System32\RPCRT4.dll+2222f|C:\windows\System32\RPCRT4.dll+2168a|C:\windows\System32\RPCRT4.dll+20c51|C:\windows\System32\RPCRT4.dll+206c2|C:\windows\System32\RPCRT4.dll+17495|C:\windows\SYSTEM32\ntdll.dll+4f4d0|C:\windows\SYSTEM32\ntdll.dll+50358|C:\windows\System32\KERNEL32.DLL+17974|C:\windows\SYSTEM32\ntdll.dll+6a271,Process accessed (rule: ProcessAccess),Microsoft-Windows-Sysmon/Operational,,,,,,,,,,,,,,,,,,NT AUTHORITY,,,,,10,,2022-04-15 8:06:28,2022-04-15 8:06:27,,3652,,,0x1000,,,,Salena.Adam,,,,,,,,,,-9223372036854775808,,,,,,,,,"Process accessed:
RuleName: -
UtcTime: 2022-04-15 12:06:27.582
SourceProcessGUID: {ef3dcf22-42ab-5f5f-1000-000000000300}
SourceProcessId: 1020
SourceThreadId: 4256
SourceImage: C:\windows\system32\svchost.exe
TargetProcessGUID: {ef3dcf22-42ae-5f5f-2700-000000000300}
TargetProcessId: 1744
TargetImage: C:\windows\System32\svchost.exe
GrantedAccess: 0x1000
CallTrace: C:\windows\SYSTEM32\ntdll.dll+9fc24|C:\windows\System32\KERNELBASE.dll+6c2d5|c:\windows\system32\lsm.dll+e625|C:\windows\System32\RPCRT4.dll+77883|C:\windows\System32\RPCRT4.dll+db4a6|C:\windows\System32\RPCRT4.dll+10d50|C:\windows\System32\RPCRT4.dll+54a78|C:\windows\System32\RPCRT4.dll+304f0|C:\windows\System32\RPCRT4.dll+2fe9b|C:\windows\System32\RPCRT4.dll+2222f|C:\windows\System32\RPCRT4.dll+2168a|C:\windows\System32\RPCRT4.dll+20c51|C:\windows\System32\RPCRT4.dll+206c2|C:\windows\System32\RPCRT4.dll+17495|C:\windows\SYSTEM32\ntdll.dll+4f4d0|C:\windows\SYSTEM32\ntdll.dll+50358|C:\windows\System32\KERNEL32.DLL+17974|C:\windows\SYSTEM32\ntdll.dll+6a271",,,,,,,,Info,0,,,,,,,,,,,1020,,,,{5770385F-C22A-43E0-BF4C-06F5698FFBD9},,,,238983,,,,,,,-,,INFO,2,,,,,,,,,C:\windows\system32\svchost.exe,,,eventlog,im_msvistalog,Microsoft-Windows-Sysmon,,,{ef3dcf22-42ab-5f5f-1000-000000000300},1020,4256,,,,,,,,,C:\windows\System32\svchost.exe,,,,,,{ef3dcf22-42ae-5f5f-2700-000000000300},1744,,,10,,,,4104,,,,,S-1-5-18,2022-04-15 12:06:28,3,,,"{""EventID"":10,""RecordNumber"":238983,""ProviderGuid"":""{5770385F-C22A-43E0-BF4C-06F5698FFBD9}"",""SourceName"":""Microsoft-Windows-Sysmon"",""OpcodeValue"":0,""AccountName"":""SYSTEM"",""SourceImage"":""C:\\windows\\system32\\svchost.exe"",""SourceModuleName"":""eventlog"",""ExecutionProcessID"":3652,""AccountType"":""User"",""Category"":""Process accessed (rule: ProcessAccess)"",""SourceProcessId"":""1020"",""Domain"":""NT AUTHORITY"",""port"":60427,""ThreadID"":4104,""Severity"":""INFO"",""EventType"":""INFO"",""Channel"":""Microsoft-Windows-Sysmon/Operational"",""Opcode"":""Info"",""EventReceivedTime"":""2022-04-15 08:06:28"",""Task"":10,""RuleName"":""-"",""Keywords"":-9223372036854775808,""Version"":3,""ProcessId"":""1020"",""tags"":[""splunk""],""GrantedAccess"":""0x1000"",""SourceProcessGUID"":""{ef3dcf22-42ab-5f5f-1000-000000000300}"",""EventTime"":""2022-04-15 08:06:27"",""host"":""cybertees.net"",""SeverityValue"":2,""CallTrace"":""C:\\windows\\SYSTEM32\\ntdll.dll+9fc24|C:\\windows\\System32\\KERNELBASE.dll+6c2d5|c:\\windows\\system32\\lsm.dll+e625|C:\\windows\\System32\\RPCRT4.dll+77883|C:\\windows\\System32\\RPCRT4.dll+db4a6|C:\\windows\\System32\\RPCRT4.dll+10d50|C:\\windows\\System32\\RPCRT4.dll+54a78|C:\\windows\\System32\\RPCRT4.dll+304f0|C:\\windows\\System32\\RPCRT4.dll+2fe9b|C:\\windows\\System32\\RPCRT4.dll+2222f|C:\\windows\\System32\\RPCRT4.dll+2168a|C:\\windows\\System32\\RPCRT4.dll+20c51|C:\\windows\\System32\\RPCRT4.dll+206c2|C:\\windows\\System32\\RPCRT4.dll+17495|C:\\windows\\SYSTEM32\\ntdll.dll+4f4d0|C:\\windows\\SYSTEM32\\ntdll.dll+50358|C:\\windows\\System32\\KERNEL32.DLL+17974|C:\\windows\\SYSTEM32\\ntdll.dll+6a271"",""Message"":""Process accessed:\r\nRuleName: -\r\nUtcTime: 2022-04-15 12:06:27.582\r\nSourceProcessGUID: {ef3dcf22-42ab-5f5f-1000-000000000300}\r\nSourceProcessId: 1020\r\nSourceThreadId: 4256\r\nSourceImage: C:\\windows\\system32\\svchost.exe\r\nTargetProcessGUID: {ef3dcf22-42ae-5f5f-2700-000000000300}\r\nTargetProcessId: 1744\r\nTargetImage: C:\\windows\\System32\\svchost.exe\r\nGrantedAccess: 0x1000\r\nCallTrace: C:\\windows\\SYSTEM32\\ntdll.dll+9fc24|C:\\windows\\System32\\KERNELBASE.dll+6c2d5|c:\\windows\\system32\\lsm.dll+e625|C:\\windows\\System32\\RPCRT4.dll+77883|C:\\windows\\System32\\RPCRT4.dll+db4a6|C:\\windows\\System32\\RPCRT4.dll+10d50|C:\\windows\\System32\\RPCRT4.dll+54a78|C:\\windows\\System32\\RPCRT4.dll+304f0|C:\\windows\\System32\\RPCRT4.dll+2fe9b|C:\\windows\\System32\\RPCRT4.dll+2222f|C:\\windows\\System32\\RPCRT4.dll+2168a|C:\\windows\\System32\\RPCRT4.dll+20c51|C:\\windows\\System32\\RPCRT4.dll+206c2|C:\\windows\\System32\\RPCRT4.dll+17495|C:\\windows\\SYSTEM32\\ntdll.dll+4f4d0|C:\\windows\\SYSTEM32\\ntdll.dll+50358|C:\\windows\\System32\\KERNEL32.DLL+17974|C:\\windows\\SYSTEM32\\ntdll.dll+6a271"",""UtcTime"":""2022-04-15 12:06:27.582"",""UserID"":""S-1-5-18"",""timestamp"":""2022-04-15T12:06:28.698Z"",""TargetProcessId"":""1744"",""SourceThreadId"":""4256"",""@version"":""1"",""TargetProcessGUID"":""{ef3dcf22-42ae-5f5f-2700-000000000300}"",""SourceModuleType"":""im_msvistalog"",""TargetImage"":""C:\\windows\\System32\\svchost.exe"",""Hostname"":""Salena.Adam""}",2022-04-15T08:06:22.000+0000,8,15,6,april,22,friday,2022,local,,INFO,cybertees.net,cyber-host,windowslogs,1,60427,"{"""":,"""":,"""":""{----}"","""":""--"","""":,"""":"""","""":"":\\\\\\",Event_logs.json,_json,ip-10-10-40-195,,splunk,,2022-04-15T12:06:28.698Z,
1,,,,SYSTEM,User,,,,,,Registry value set (rule: RegistryEvent),Microsoft-Windows-Sysmon/Operational,,,,,,,,,,,,,,DWORD (0x00000000),,,,NT AUTHORITY,,,,,13,,2022-04-15 8:06:28,2022-04-15 8:06:25,INFO,3524,,,,,,,James.browne,C:\windows\system32\svchost.exe,,,,,,,,,-9223372036854775808,,,,,,,,,"Registry value set:
RuleName: -
EventType: SetValue
UtcTime: 2022-04-15 12:06:25.815
ProcessGuid: {2d351099-43cd-5f5f-0e00-000000000400}
ProcessId: 876
Image: C:\windows\system32\svchost.exe
TargetObject: \REGISTRY\A\{880a2083-1f4b-4b97-aa60-39a324efa5ef}\WorkItems\{aa448fab-fbb7-4376-86e9-39ef7016d5df}\PackageFlags
Details: DWORD (0x00000000)",,,,,,,,Info,0,,,,,,,,,,{2d351099-43cd-5f5f-0e00-000000000400},876,,,,{5770385F-C22A-43E0-BF4C-06F5698FFBD9},,,,425887,,,,,,,-,,INFO,2,,,,,,,,,,,,eventlog,im_msvistalog,Microsoft-Windows-Sysmon,,,,,,,,,,,,,,,,,\REGISTRY\A\{880a2083-1f4b-4b97-aa60-39a324efa5ef}\WorkItems\{aa448fab-fbb7-4376-86e9-39ef7016d5df}\PackageFlags,,,,,,,13,,,,4688,,,,,S-1-5-18,2022-04-15 12:06:26,2,,,"{""Image"":""C:\\windows\\system32\\svchost.exe"",""ProcessId"":""876"",""EventID"":13,""tags"":[""splunk""],""RecordNumber"":425887,""ProviderGuid"":""{5770385F-C22A-43E0-BF4C-06F5698FFBD9}"",""SourceName"":""Microsoft-Windows-Sysmon"",""OpcodeValue"":0,""EventTime"":""2022-04-15 08:06:25"",""AccountName"":""SYSTEM"",""host"":""cybertees.net"",""SeverityValue"":2,""ExecutionProcessID"":3524,""AccountType"":""User"",""Category"":""Registry value set (rule: RegistryEvent)"",""SourceModuleName"":""eventlog"",""Domain"":""NT AUTHORITY"",""Message"":""Registry value set:\r\nRuleName: -\r\nEventType: SetValue\r\nUtcTime: 2022-04-15 12:06:25.815\r\nProcessGuid: {2d351099-43cd-5f5f-0e00-000000000400}\r\nProcessId: 876\r\nImage: C:\\windows\\system32\\svchost.exe\r\nTargetObject: \\REGISTRY\\A\\{880a2083-1f4b-4b97-aa60-39a324efa5ef}\\WorkItems\\{aa448fab-fbb7-4376-86e9-39ef7016d5df}\\PackageFlags\r\nDetails: DWORD (0x00000000)"",""port"":60427,""UserID"":""S-1-5-18"",""UtcTime"":""2022-04-15 12:06:25.815"",""timestamp"":""2022-04-15T12:06:28.697Z"",""ThreadID"":4688,""Severity"":""INFO"",""EventTypeOrignal"":""INFO"",""EventType"":""SetValue"",""Channel"":""Microsoft-Windows-Sysmon/Operational"",""TargetObject"":""\\REGISTRY\\A\\{880a2083-1f4b-4b97-aa60-39a324efa5ef}\\WorkItems\\{aa448fab-fbb7-4376-86e9-39ef7016d5df}\\PackageFlags"",""Details"":""DWORD (0x00000000)"",""Opcode"":""Info"",""EventReceivedTime"":""2022-04-15 08:06:28"",""@version"":""1"",""Task"":13,""SourceModuleType"":""im_msvistalog"",""RuleName"":""-"",""Hostname"":""James.browne"",""Keywords"":-9223372036854775808,""Version"":2,""ProcessGuid"":""{2d351099-43cd-5f5f-0e00-000000000400}""}",2022-04-15T08:06:22.000+0000,8,15,6,april,22,friday,2022,local,,SetValue,cybertees.net,cyber-host,windowslogs,1,60427,"{"""":"":\\\\\\."","""":"""","""":,"""":[""""],"""":,"""":""{----}"",""",Event_logs.json,_json,ip-10-10-40-195,,splunk,,2022-04-15T12:06:28.697Z,
1,,,,SYSTEM,User,,,,,,Registry object added or deleted (rule: RegistryEvent),Microsoft-Windows-Sysmon/Operational,,,,,,,,,,,,,,,,,,NT AUTHORITY,,,,,12,,2022-04-15 8:06:28,2022-04-15 8:06:27,INFO,3652,,,,,,,Salena.Adam,C:\windows\system32\lsass.exe,,,,,,,,,-9223372036854775808,,,,,,,,,"Registry object added or deleted:
RuleName: -
EventType: CreateKey
UtcTime: 2022-04-15 12:06:27.582
ProcessGuid: {ef3dcf22-42a7-5f5f-0c00-000000000300}
ProcessId: 700
Image: C:\windows\system32\lsass.exe
TargetObject: HKLM\System\CurrentControlSet\Services\Tcpip\Parameters",,,,,,,,Info,0,,,,,,,,,,{ef3dcf22-42a7-5f5f-0c00-000000000300},700,,,,{5770385F-C22A-43E0-BF4C-06F5698FFBD9},,,,238982,,,,,,,-,,INFO,2,,,,,,,,,,,,eventlog,im_msvistalog,Microsoft-Windows-Sysmon,,,,,,,,,,,,,,,,,HKLM\System\CurrentControlSet\Services\Tcpip\Parameters,,,,,,,12,,,,4104,,,,,S-1-5-18,2022-04-15 12:06:28,2,,,"{""Image"":""C:\\windows\\system32\\lsass.exe"",""ProcessId"":""700"",""EventID"":12,""tags"":[""splunk""],""RecordNumber"":238982,""ProviderGuid"":""{5770385F-C22A-43E0-BF4C-06F5698FFBD9}"",""SourceName"":""Microsoft-Windows-Sysmon"",""OpcodeValue"":0,""EventTime"":""2022-04-15 08:06:27"",""AccountName"":""SYSTEM"",""host"":""cybertees.net"",""SeverityValue"":2,""ExecutionProcessID"":3652,""AccountType"":""User"",""Category"":""Registry object added or deleted (rule: RegistryEvent)"",""SourceModuleName"":""eventlog"",""Domain"":""NT AUTHORITY"",""Message"":""Registry object added or deleted:\r\nRuleName: -\r\nEventType: CreateKey\r\nUtcTime: 2022-04-15 12:06:27.582\r\nProcessGuid: {ef3dcf22-42a7-5f5f-0c00-000000000300}\r\nProcessId: 700\r\nImage: C:\\windows\\system32\\lsass.exe\r\nTargetObject: HKLM\\System\\CurrentControlSet\\Services\\Tcpip\\Parameters"",""port"":60427,""UserID"":""S-1-5-18"",""UtcTime"":""2022-04-15 12:06:27.582"",""timestamp"":""2022-04-15T12:06:28.697Z"",""ThreadID"":4104,""Severity"":""INFO"",""EventTypeOrignal"":""INFO"",""EventType"":""CreateKey"",""Channel"":""Microsoft-Windows-Sysmon/Operational"",""TargetObject"":""HKLM\\System\\CurrentControlSet\\Services\\Tcpip\\Parameters"",""Opcode"":""Info"",""EventReceivedTime"":""2022-04-15 08:06:28"",""@version"":""1"",""Task"":12,""SourceModuleType"":""im_msvistalog"",""RuleName"":""-"",""Hostname"":""Salena.Adam"",""Keywords"":-9223372036854775808,""Version"":2,""ProcessGuid"":""{ef3dcf22-42a7-5f5f-0c00-000000000300}""}",2022-04-15T08:06:22.000+0000,8,15,6,april,22,friday,2022,local,,CreateKey,cybertees.net,cyber-host,windowslogs,1,60427,"{"""":"":\\\\\\."","""":"""","""":,"""":[""""],"""":,"""":""{----}"",""",Event_logs.json,_json,ip-10-10-40-195,,splunk,,2022-04-15T12:06:28.697Z,
1,,,,SYSTEM,User,,,,,,Registry value set (rule: RegistryEvent),Microsoft-Windows-Sysmon/Operational,,,,,,,,,,,,,,DWORD (0x00000003),,,,NT AUTHORITY,,,,,13,,2022-04-15 8:06:28,2022-04-15 8:06:25,INFO,3524,,,,,,,James.browne,C:\windows\system32\svchost.exe,,,,,,,,,-9223372036854775808,,,,,,,,,"Registry value set:
RuleName: -
EventType: SetValue
UtcTime: 2022-04-15 12:06:25.815
ProcessGuid: {2d351099-43cd-5f5f-0e00-000000000400}
ProcessId: 876
Image: C:\windows\system32\svchost.exe
TargetObject: \REGISTRY\A\{880a2083-1f4b-4b97-aa60-39a324efa5ef}\WorkItems\{aa448fab-fbb7-4376-86e9-39ef7016d5df}\PsmActivationType
Details: DWORD (0x00000003)",,,,,,,,Info,0,,,,,,,,,,{2d351099-43cd-5f5f-0e00-000000000400},876,,,,{5770385F-C22A-43E0-BF4C-06F5698FFBD9},,,,425886,,,,,,,-,,INFO,2,,,,,,,,,,,,eventlog,im_msvistalog,Microsoft-Windows-Sysmon,,,,,,,,,,,,,,,,,\REGISTRY\A\{880a2083-1f4b-4b97-aa60-39a324efa5ef}\WorkItems\{aa448fab-fbb7-4376-86e9-39ef7016d5df}\PsmActivationType,,,,,,,13,,,,4688,,,,,S-1-5-18,2022-04-15 12:06:26,2,,,"{""Image"":""C:\\windows\\system32\\svchost.exe"",""ProcessId"":""876"",""EventID"":13,""tags"":[""splunk""],""RecordNumber"":425886,""ProviderGuid"":""{5770385F-C22A-43E0-BF4C-06F5698FFBD9}"",""SourceName"":""Microsoft-Windows-Sysmon"",""OpcodeValue"":0,""EventTime"":""2022-04-15 08:06:25"",""AccountName"":""SYSTEM"",""host"":""cybertees.net"",""SeverityValue"":2,""ExecutionProcessID"":3524,""AccountType"":""User"",""Category"":""Registry value set (rule: RegistryEvent)"",""SourceModuleName"":""eventlog"",""Domain"":""NT AUTHORITY"",""Message"":""Registry value set:\r\nRuleName: -\r\nEventType: SetValue\r\nUtcTime: 2022-04-15 12:06:25.815\r\nProcessGuid: {2d351099-43cd-5f5f-0e00-000000000400}\r\nProcessId: 876\r\nImage: C:\\windows\\system32\\svchost.exe\r\nTargetObject: \\REGISTRY\\A\\{880a2083-1f4b-4b97-aa60-39a324efa5ef}\\WorkItems\\{aa448fab-fbb7-4376-86e9-39ef7016d5df}\\PsmActivationType\r\nDetails: DWORD (0x00000003)"",""port"":60427,""UserID"":""S-1-5-18"",""UtcTime"":""2022-04-15 12:06:25.815"",""timestamp"":""2022-04-15T12:06:28.696Z"",""ThreadID"":4688,""Severity"":""INFO"",""EventTypeOrignal"":""INFO"",""EventType"":""SetValue"",""Channel"":""Microsoft-Windows-Sysmon/Operational"",""TargetObject"":""\\REGISTRY\\A\\{880a2083-1f4b-4b97-aa60-39a324efa5ef}\\WorkItems\\{aa448fab-fbb7-4376-86e9-39ef7016d5df}\\PsmActivationType"",""Details"":""DWORD (0x00000003)"",""Opcode"":""Info"",""EventReceivedTime"":""2022-04-15 08:06:28"",""@version"":""1"",""Task"":13,""SourceModuleType"":""im_msvistalog"",""RuleName"":""-"",""Hostname"":""James.browne"",""Keywords"":-9223372036854775808,""Version"":2,""ProcessGuid"":""{2d351099-43cd-5f5f-0e00-000000000400}""}",2022-04-15T08:06:22.000+0000,8,15,6,april,22,friday,2022,local,,SetValue,cybertees.net,cyber-host,windowslogs,1,60427,"{"""":"":\\\\\\."","""":"""","""":,"""":[""""],"""":,"""":""{----}"",""",Event_logs.json,_json,ip-10-10-40-195,,splunk,,2022-04-15T12:06:28.696Z,
1,,,,SYSTEM,User,,,,,,Registry object added or deleted (rule: RegistryEvent),Microsoft-Windows-Sysmon/Operational,,,,,,,,,,,,,,,,,,NT AUTHORITY,,,,,12,,2022-04-15 8:06:28,2022-04-15 8:06:27,INFO,3652,,,,,,,Salena.Adam,C:\windows\system32\svchost.exe,,,,,,,,,-9223372036854775808,,,,,,,,,"Registry object added or deleted:
RuleName: -
EventType: CreateKey
UtcTime: 2022-04-15 12:06:27.582
ProcessGuid: {ef3dcf22-42ae-5f5f-2100-000000000300}
ProcessId: 1524
Image: C:\windows\system32\svchost.exe
TargetObject: HKLM\SOFTWARE\Microsoft\Windows\CurrentVersion\Group Policy\Cache",,,,,,,,Info,0,,,,,,,,,,{ef3dcf22-42ae-5f5f-2100-000000000300},1524,,,,{5770385F-C22A-43E0-BF4C-06F5698FFBD9},,,,238981,,,,,,,-,,INFO,2,,,,,,,,,,,,eventlog,im_msvistalog,Microsoft-Windows-Sysmon,,,,,,,,,,,,,,,,,HKLM\SOFTWARE\Microsoft\Windows\CurrentVersion\Group Policy\Cache,,,,,,,12,,,,4104,,,,,S-1-5-18,2022-04-15 12:06:28,2,,,"{""Image"":""C:\\windows\\system32\\svchost.exe"",""ProcessId"":""1524"",""EventID"":12,""tags"":[""splunk""],""RecordNumber"":238981,""ProviderGuid"":""{5770385F-C22A-43E0-BF4C-06F5698FFBD9}"",""SourceName"":""Microsoft-Windows-Sysmon"",""OpcodeValue"":0,""EventTime"":""2022-04-15 08:06:27"",""AccountName"":""SYSTEM"",""host"":""cybertees.net"",""SeverityValue"":2,""ExecutionProcessID"":3652,""AccountType"":""User"",""Category"":""Registry object added or deleted (rule: RegistryEvent)"",""SourceModuleName"":""eventlog"",""Domain"":""NT AUTHORITY"",""Message"":""Registry object added or deleted:\r\nRuleName: -\r\nEventType: CreateKey\r\nUtcTime: 2022-04-15 12:06:27.582\r\nProcessGuid: {ef3dcf22-42ae-5f5f-2100-000000000300}\r\nProcessId: 1524\r\nImage: C:\\windows\\system32\\svchost.exe\r\nTargetObject: HKLM\\SOFTWARE\\Microsoft\\Windows\\CurrentVersion\\Group Policy\\Cache"",""port"":60427,""UserID"":""S-1-5-18"",""UtcTime"":""2022-04-15 12:06:27.582"",""timestamp"":""2022-04-15T12:06:28.696Z"",""ThreadID"":4104,""Severity"":""INFO"",""EventTypeOrignal"":""INFO"",""EventType"":""CreateKey"",""Channel"":""Microsoft-Windows-Sysmon/Operational"",""TargetObject"":""HKLM\\SOFTWARE\\Microsoft\\Windows\\CurrentVersion\\Group Policy\\Cache"",""Opcode"":""Info"",""EventReceivedTime"":""2022-04-15 08:06:28"",""@version"":""1"",""Task"":12,""SourceModuleType"":""im_msvistalog"",""RuleName"":""-"",""Hostname"":""Salena.Adam"",""Keywords"":-9223372036854775808,""Version"":2,""ProcessGuid"":""{ef3dcf22-42ae-5f5f-2100-000000000300}""}",2022-04-15T08:06:22.000+0000,8,15,6,april,22,friday,2022,local,,CreateKey,cybertees.net,cyber-host,windowslogs,1,60427,"{"""":"":\\\\\\."","""":"""","""":,"""":[""""],"""":,"""":""{----}"",""",Event_logs.json,_json,ip-10-10-40-195,,splunk,,2022-04-15T12:06:28.696Z,
1,,,,SYSTEM,User,,,,,,Registry value set (rule: RegistryEvent),Microsoft-Windows-Sysmon/Operational,,,,,,,,,,,,,,App,,,,NT AUTHORITY,,,,,13,,2022-04-15 8:06:28,2022-04-15 8:06:25,INFO,3524,,,,,,,James.browne,C:\windows\system32\svchost.exe,,,,,,,,,-9223372036854775808,,,,,,,,,"Registry value set:
RuleName: -
EventType: SetValue
UtcTime: 2022-04-15 12:06:25.815
ProcessGuid: {2d351099-43cd-5f5f-0e00-000000000400}
ProcessId: 876
Image: C:\windows\system32\svchost.exe
TargetObject: \REGISTRY\A\{880a2083-1f4b-4b97-aa60-39a324efa5ef}\WorkItems\{aa448fab-fbb7-4376-86e9-39ef7016d5df}\PackageRelativeAppName
Details: App",,,,,,,,Info,0,,,,,,,,,,{2d351099-43cd-5f5f-0e00-000000000400},876,,,,{5770385F-C22A-43E0-BF4C-06F5698FFBD9},,,,425885,,,,,,,-,,INFO,2,,,,,,,,,,,,eventlog,im_msvistalog,Microsoft-Windows-Sysmon,,,,,,,,,,,,,,,,,\REGISTRY\A\{880a2083-1f4b-4b97-aa60-39a324efa5ef}\WorkItems\{aa448fab-fbb7-4376-86e9-39ef7016d5df}\PackageRelativeAppName,,,,,,,13,,,,4688,,,,,S-1-5-18,2022-04-15 12:06:26,2,,,"{""Image"":""C:\\windows\\system32\\svchost.exe"",""ProcessId"":""876"",""EventID"":13,""tags"":[""splunk""],""RecordNumber"":425885,""ProviderGuid"":""{5770385F-C22A-43E0-BF4C-06F5698FFBD9}"",""SourceName"":""Microsoft-Windows-Sysmon"",""OpcodeValue"":0,""EventTime"":""2022-04-15 08:06:25"",""AccountName"":""SYSTEM"",""host"":""cybertees.net"",""SeverityValue"":2,""ExecutionProcessID"":3524,""AccountType"":""User"",""Category"":""Registry value set (rule: RegistryEvent)"",""SourceModuleName"":""eventlog"",""Domain"":""NT AUTHORITY"",""Message"":""Registry value set:\r\nRuleName: -\r\nEventType: SetValue\r\nUtcTime: 2022-04-15 12:06:25.815\r\nProcessGuid: {2d351099-43cd-5f5f-0e00-000000000400}\r\nProcessId: 876\r\nImage: C:\\windows\\system32\\svchost.exe\r\nTargetObject: \\REGISTRY\\A\\{880a2083-1f4b-4b97-aa60-39a324efa5ef}\\WorkItems\\{aa448fab-fbb7-4376-86e9-39ef7016d5df}\\PackageRelativeAppName\r\nDetails: App"",""port"":60427,""UserID"":""S-1-5-18"",""UtcTime"":""2022-04-15 12:06:25.815"",""timestamp"":""2022-04-15T12:06:28.696Z"",""ThreadID"":4688,""Severity"":""INFO"",""EventTypeOrignal"":""INFO"",""EventType"":""SetValue"",""Channel"":""Microsoft-Windows-Sysmon/Operational"",""TargetObject"":""\\REGISTRY\\A\\{880a2083-1f4b-4b97-aa60-39a324efa5ef}\\WorkItems\\{aa448fab-fbb7-4376-86e9-39ef7016d5df}\\PackageRelativeAppName"",""Details"":""App"",""Opcode"":""Info"",""EventReceivedTime"":""2022-04-15 08:06:28"",""@version"":""1"",""Task"":13,""SourceModuleType"":""im_msvistalog"",""RuleName"":""-"",""Hostname"":""James.browne"",""Keywords"":-9223372036854775808,""Version"":2,""ProcessGuid"":""{2d351099-43cd-5f5f-0e00-000000000400}""}",2022-04-15T08:06:22.000+0000,8,15,6,april,22,friday,2022,local,,SetValue,cybertees.net,cyber-host,windowslogs,1,60427,"{"""":"":\\\\\\."","""":"""","""":,"""":[""""],"""":,"""":""{----}"",""",Event_logs.json,_json,ip-10-10-40-195,,splunk,,2022-04-15T12:06:28.696Z,
1,,,,SYSTEM,User,,,,,,Registry object added or deleted (rule: RegistryEvent),Microsoft-Windows-Sysmon/Operational,,,,,,,,,,,,,,,,,,NT AUTHORITY,,,,,12,,2022-04-15 8:06:28,2022-04-15 8:06:27,INFO,3652,,,,,,,Salena.Adam,C:\windows\system32\svchost.exe,,,,,,,,,-9223372036854775808,,,,,,,,,"Registry object added or deleted:
RuleName: -
EventType: CreateKey
UtcTime: 2022-04-15 12:06:27.582
ProcessGuid: {ef3dcf22-42ae-5f5f-2100-000000000300}
ProcessId: 1524
Image: C:\windows\system32\svchost.exe
TargetObject: HKLM\SOFTWARE\Microsoft\Windows\CurrentVersion\Group Policy",,,,,,,,Info,0,,,,,,,,,,{ef3dcf22-42ae-5f5f-2100-000000000300},1524,,,,{5770385F-C22A-43E0-BF4C-06F5698FFBD9},,,,238980,,,,,,,-,,INFO,2,,,,,,,,,,,,eventlog,im_msvistalog,Microsoft-Windows-Sysmon,,,,,,,,,,,,,,,,,HKLM\SOFTWARE\Microsoft\Windows\CurrentVersion\Group Policy,,,,,,,12,,,,4104,,,,,S-1-5-18,2022-04-15 12:06:28,2,,,"{""Image"":""C:\\windows\\system32\\svchost.exe"",""ProcessId"":""1524"",""EventID"":12,""tags"":[""splunk""],""RecordNumber"":238980,""ProviderGuid"":""{5770385F-C22A-43E0-BF4C-06F5698FFBD9}"",""SourceName"":""Microsoft-Windows-Sysmon"",""OpcodeValue"":0,""EventTime"":""2022-04-15 08:06:27"",""AccountName"":""SYSTEM"",""host"":""cybertees.net"",""SeverityValue"":2,""ExecutionProcessID"":3652,""AccountType"":""User"",""Category"":""Registry object added or deleted (rule: RegistryEvent)"",""SourceModuleName"":""eventlog"",""Domain"":""NT AUTHORITY"",""Message"":""Registry object added or deleted:\r\nRuleName: -\r\nEventType: CreateKey\r\nUtcTime: 2022-04-15 12:06:27.582\r\nProcessGuid: {ef3dcf22-42ae-5f5f-2100-000000000300}\r\nProcessId: 1524\r\nImage: C:\\windows\\system32\\svchost.exe\r\nTargetObject: HKLM\\SOFTWARE\\Microsoft\\Windows\\CurrentVersion\\Group Policy"",""port"":60427,""UserID"":""S-1-5-18"",""UtcTime"":""2022-04-15 12:06:27.582"",""timestamp"":""2022-04-15T12:06:28.695Z"",""ThreadID"":4104,""Severity"":""INFO"",""EventTypeOrignal"":""INFO"",""EventType"":""CreateKey"",""Channel"":""Microsoft-Windows-Sysmon/Operational"",""TargetObject"":""HKLM\\SOFTWARE\\Microsoft\\Windows\\CurrentVersion\\Group Policy"",""Opcode"":""Info"",""EventReceivedTime"":""2022-04-15 08:06:28"",""@version"":""1"",""Task"":12,""SourceModuleType"":""im_msvistalog"",""RuleName"":""-"",""Hostname"":""Salena.Adam"",""Keywords"":-9223372036854775808,""Version"":2,""ProcessGuid"":""{ef3dcf22-42ae-5f5f-2100-000000000300}""}",2022-04-15T08:06:22.000+0000,8,15,6,april,22,friday,2022,local,,CreateKey,cybertees.net,cyber-host,windowslogs,1,60427,"{"""":"":\\\\\\."","""":"""","""":,"""":[""""],"""":,"""":""{----}"",""",Event_logs.json,_json,ip-10-10-40-195,,splunk,,2022-04-15T12:06:28.695Z,
1,,,,SYSTEM,User,,,,,C:\windows\SYSTEM32\ntdll.dll+9fc24|C:\windows\System32\KERNELBASE.dll+6c2d5|c:\windows\system32\lsm.dll+eafe|C:\windows\System32\RPCRT4.dll+77883|C:\windows\System32\RPCRT4.dll+db4a6|C:\windows\System32\RPCRT4.dll+10d50|C:\windows\System32\RPCRT4.dll+54a78|C:\windows\System32\RPCRT4.dll+304f0|C:\windows\System32\RPCRT4.dll+2fe9b|C:\windows\System32\RPCRT4.dll+2222f|C:\windows\System32\RPCRT4.dll+2168a|C:\windows\System32\RPCRT4.dll+20c51|C:\windows\System32\RPCRT4.dll+206c2|C:\windows\System32\RPCRT4.dll+17495|C:\windows\SYSTEM32\ntdll.dll+4f4d0|C:\windows\SYSTEM32\ntdll.dll+50358|C:\windows\System32\KERNEL32.DLL+17974|C:\windows\SYSTEM32\ntdll.dll+6a271,Process accessed (rule: ProcessAccess),Microsoft-Windows-Sysmon/Operational,,,,,,,,,,,,,,,,,,NT AUTHORITY,,,,,10,,2022-04-15 8:06:28,2022-04-15 8:06:27,,3652,,,0x1000,,,,Salena.Adam,,,,,,,,,,-9223372036854775808,,,,,,,,,"Process accessed:
RuleName: -
UtcTime: 2022-04-15 12:06:27.582
SourceProcessGUID: {ef3dcf22-42ab-5f5f-1000-000000000300}
SourceProcessId: 1020
SourceThreadId: 4256
SourceImage: C:\windows\system32\svchost.exe
TargetProcessGUID: {ef3dcf22-42ae-5f5f-2700-000000000300}
TargetProcessId: 1744
TargetImage: C:\windows\System32\svchost.exe
GrantedAccess: 0x1000
CallTrace: C:\windows\SYSTEM32\ntdll.dll+9fc24|C:\windows\System32\KERNELBASE.dll+6c2d5|c:\windows\system32\lsm.dll+eafe|C:\windows\System32\RPCRT4.dll+77883|C:\windows\System32\RPCRT4.dll+db4a6|C:\windows\System32\RPCRT4.dll+10d50|C:\windows\System32\RPCRT4.dll+54a78|C:\windows\System32\RPCRT4.dll+304f0|C:\windows\System32\RPCRT4.dll+2fe9b|C:\windows\System32\RPCRT4.dll+2222f|C:\windows\System32\RPCRT4.dll+2168a|C:\windows\System32\RPCRT4.dll+20c51|C:\windows\System32\RPCRT4.dll+206c2|C:\windows\System32\RPCRT4.dll+17495|C:\windows\SYSTEM32\ntdll.dll+4f4d0|C:\windows\SYSTEM32\ntdll.dll+50358|C:\windows\System32\KERNEL32.DLL+17974|C:\windows\SYSTEM32\ntdll.dll+6a271",,,,,,,,Info,0,,,,,,,,,,,1020,,,,{5770385F-C22A-43E0-BF4C-06F5698FFBD9},,,,238979,,,,,,,-,,INFO,2,,,,,,,,,C:\windows\system32\svchost.exe,,,eventlog,im_msvistalog,Microsoft-Windows-Sysmon,,,{ef3dcf22-42ab-5f5f-1000-000000000300},1020,4256,,,,,,,,,C:\windows\System32\svchost.exe,,,,,,{ef3dcf22-42ae-5f5f-2700-000000000300},1744,,,10,,,,4104,,,,,S-1-5-18,2022-04-15 12:06:28,3,,,"{""EventID"":10,""RecordNumber"":238979,""ProviderGuid"":""{5770385F-C22A-43E0-BF4C-06F5698FFBD9}"",""SourceName"":""Microsoft-Windows-Sysmon"",""OpcodeValue"":0,""AccountName"":""SYSTEM"",""SourceImage"":""C:\\windows\\system32\\svchost.exe"",""SourceModuleName"":""eventlog"",""ExecutionProcessID"":3652,""AccountType"":""User"",""Category"":""Process accessed (rule: ProcessAccess)"",""SourceProcessId"":""1020"",""Domain"":""NT AUTHORITY"",""port"":60427,""ThreadID"":4104,""Severity"":""INFO"",""EventType"":""INFO"",""Channel"":""Microsoft-Windows-Sysmon/Operational"",""Opcode"":""Info"",""EventReceivedTime"":""2022-04-15 08:06:28"",""Task"":10,""RuleName"":""-"",""Keywords"":-9223372036854775808,""Version"":3,""ProcessId"":""1020"",""tags"":[""splunk""],""GrantedAccess"":""0x1000"",""SourceProcessGUID"":""{ef3dcf22-42ab-5f5f-1000-000000000300}"",""EventTime"":""2022-04-15 08:06:27"",""host"":""cybertees.net"",""SeverityValue"":2,""CallTrace"":""C:\\windows\\SYSTEM32\\ntdll.dll+9fc24|C:\\windows\\System32\\KERNELBASE.dll+6c2d5|c:\\windows\\system32\\lsm.dll+eafe|C:\\windows\\System32\\RPCRT4.dll+77883|C:\\windows\\System32\\RPCRT4.dll+db4a6|C:\\windows\\System32\\RPCRT4.dll+10d50|C:\\windows\\System32\\RPCRT4.dll+54a78|C:\\windows\\System32\\RPCRT4.dll+304f0|C:\\windows\\System32\\RPCRT4.dll+2fe9b|C:\\windows\\System32\\RPCRT4.dll+2222f|C:\\windows\\System32\\RPCRT4.dll+2168a|C:\\windows\\System32\\RPCRT4.dll+20c51|C:\\windows\\System32\\RPCRT4.dll+206c2|C:\\windows\\System32\\RPCRT4.dll+17495|C:\\windows\\SYSTEM32\\ntdll.dll+4f4d0|C:\\windows\\SYSTEM32\\ntdll.dll+50358|C:\\windows\\System32\\KERNEL32.DLL+17974|C:\\windows\\SYSTEM32\\ntdll.dll+6a271"",""Message"":""Process accessed:\r\nRuleName: -\r\nUtcTime: 2022-04-15 12:06:27.582\r\nSourceProcessGUID: {ef3dcf22-42ab-5f5f-1000-000000000300}\r\nSourceProcessId: 1020\r\nSourceThreadId: 4256\r\nSourceImage: C:\\windows\\system32\\svchost.exe\r\nTargetProcessGUID: {ef3dcf22-42ae-5f5f-2700-000000000300}\r\nTargetProcessId: 1744\r\nTargetImage: C:\\windows\\System32\\svchost.exe\r\nGrantedAccess: 0x1000\r\nCallTrace: C:\\windows\\SYSTEM32\\ntdll.dll+9fc24|C:\\windows\\System32\\KERNELBASE.dll+6c2d5|c:\\windows\\system32\\lsm.dll+eafe|C:\\windows\\System32\\RPCRT4.dll+77883|C:\\windows\\System32\\RPCRT4.dll+db4a6|C:\\windows\\System32\\RPCRT4.dll+10d50|C:\\windows\\System32\\RPCRT4.dll+54a78|C:\\windows\\System32\\RPCRT4.dll+304f0|C:\\windows\\System32\\RPCRT4.dll+2fe9b|C:\\windows\\System32\\RPCRT4.dll+2222f|C:\\windows\\System32\\RPCRT4.dll+2168a|C:\\windows\\System32\\RPCRT4.dll+20c51|C:\\windows\\System32\\RPCRT4.dll+206c2|C:\\windows\\System32\\RPCRT4.dll+17495|C:\\windows\\SYSTEM32\\ntdll.dll+4f4d0|C:\\windows\\SYSTEM32\\ntdll.dll+50358|C:\\windows\\System32\\KERNEL32.DLL+17974|C:\\windows\\SYSTEM32\\ntdll.dll+6a271"",""UtcTime"":""2022-04-15 12:06:27.582"",""UserID"":""S-1-5-18"",""timestamp"":""2022-04-15T12:06:28.694Z"",""TargetProcessId"":""1744"",""SourceThreadId"":""4256"",""@version"":""1"",""TargetProcessGUID"":""{ef3dcf22-42ae-5f5f-2700-000000000300}"",""SourceModuleType"":""im_msvistalog"",""TargetImage"":""C:\\windows\\System32\\svchost.exe"",""Hostname"":""Salena.Adam""}",2022-04-15T08:06:22.000+0000,8,15,6,april,22,friday,2022,local,,INFO,cybertees.net,cyber-host,windowslogs,1,60427,"{"""":,"""":,"""":""{----}"","""":""--"","""":,"""":"""","""":"":\\\\\\",Event_logs.json,_json,ip-10-10-40-195,,splunk,,2022-04-15T12:06:28.694Z,
1,,,,SYSTEM,User,,,,,,Registry value set (rule: RegistryEvent),Microsoft-Windows-Sysmon/Operational,,,,,,,,,,,,,,Windows.Networking.BackgroundTransfer.Internal.BackgroundTransferTask,,,,NT AUTHORITY,,,,,13,,2022-04-15 8:06:28,2022-04-15 8:06:25,INFO,3524,,,,,,,James.browne,C:\windows\system32\svchost.exe,,,,,,,,,-9223372036854775808,,,,,,,,,"Registry value set:
RuleName: -
EventType: SetValue
UtcTime: 2022-04-15 12:06:25.815
ProcessGuid: {2d351099-43cd-5f5f-0e00-000000000400}
ProcessId: 876
Image: C:\windows\system32\svchost.exe
TargetObject: \REGISTRY\A\{880a2083-1f4b-4b97-aa60-39a324efa5ef}\WorkItems\{aa448fab-fbb7-4376-86e9-39ef7016d5df}\TaskEntryPoint
Details: Windows.Networking.BackgroundTransfer.Internal.BackgroundTransferTask",,,,,,,,Info,0,,,,,,,,,,{2d351099-43cd-5f5f-0e00-000000000400},876,,,,{5770385F-C22A-43E0-BF4C-06F5698FFBD9},,,,425884,,,,,,,-,,INFO,2,,,,,,,,,,,,eventlog,im_msvistalog,Microsoft-Windows-Sysmon,,,,,,,,,,,,,,,,,\REGISTRY\A\{880a2083-1f4b-4b97-aa60-39a324efa5ef}\WorkItems\{aa448fab-fbb7-4376-86e9-39ef7016d5df}\TaskEntryPoint,,,,,,,13,,,,4688,,,,,S-1-5-18,2022-04-15 12:06:26,2,,,"{""Image"":""C:\\windows\\system32\\svchost.exe"",""ProcessId"":""876"",""EventID"":13,""tags"":[""splunk""],""RecordNumber"":425884,""ProviderGuid"":""{5770385F-C22A-43E0-BF4C-06F5698FFBD9}"",""SourceName"":""Microsoft-Windows-Sysmon"",""OpcodeValue"":0,""EventTime"":""2022-04-15 08:06:25"",""AccountName"":""SYSTEM"",""host"":""cybertees.net"",""SeverityValue"":2,""ExecutionProcessID"":3524,""AccountType"":""User"",""Category"":""Registry value set (rule: RegistryEvent)"",""SourceModuleName"":""eventlog"",""Domain"":""NT AUTHORITY"",""Message"":""Registry value set:\r\nRuleName: -\r\nEventType: SetValue\r\nUtcTime: 2022-04-15 12:06:25.815\r\nProcessGuid: {2d351099-43cd-5f5f-0e00-000000000400}\r\nProcessId: 876\r\nImage: C:\\windows\\system32\\svchost.exe\r\nTargetObject: \\REGISTRY\\A\\{880a2083-1f4b-4b97-aa60-39a324efa5ef}\\WorkItems\\{aa448fab-fbb7-4376-86e9-39ef7016d5df}\\TaskEntryPoint\r\nDetails: Windows.Networking.BackgroundTransfer.Internal.BackgroundTransferTask"",""port"":60427,""UserID"":""S-1-5-18"",""UtcTime"":""2022-04-15 12:06:25.815"",""timestamp"":""2022-04-15T12:06:28.692Z"",""ThreadID"":4688,""Severity"":""INFO"",""EventTypeOrignal"":""INFO"",""EventType"":""SetValue"",""Channel"":""Microsoft-Windows-Sysmon/Operational"",""TargetObject"":""\\REGISTRY\\A\\{880a2083-1f4b-4b97-aa60-39a324efa5ef}\\WorkItems\\{aa448fab-fbb7-4376-86e9-39ef7016d5df}\\TaskEntryPoint"",""Details"":""Windows.Networking.BackgroundTransfer.Internal.BackgroundTransferTask"",""Opcode"":""Info"",""EventReceivedTime"":""2022-04-15 08:06:28"",""@version"":""1"",""Task"":13,""SourceModuleType"":""im_msvistalog"",""RuleName"":""-"",""Hostname"":""James.browne"",""Keywords"":-9223372036854775808,""Version"":2,""ProcessGuid"":""{2d351099-43cd-5f5f-0e00-000000000400}""}",2022-04-15T08:06:22.000+0000,8,15,6,april,22,friday,2022,local,,SetValue,cybertees.net,cyber-host,windowslogs,1,60427,"{"""":"":\\\\\\."","""":"""","""":,"""":[""""],"""":,"""":""{----}"",""",Event_logs.json,_json,ip-10-10-40-195,,splunk,,2022-04-15T12:06:28.692Z,
1,,,,SYSTEM,User,,,,,C:\windows\SYSTEM32\ntdll.dll+9fc24|C:\windows\System32\KERNELBASE.dll+6c2d5|c:\windows\system32\lsm.dll+eca0|C:\windows\System32\RPCRT4.dll+77883|C:\windows\System32\RPCRT4.dll+db4a6|C:\windows\System32\RPCRT4.dll+10d50|C:\windows\System32\RPCRT4.dll+54a78|C:\windows\System32\RPCRT4.dll+304f0|C:\windows\System32\RPCRT4.dll+2fe9b|C:\windows\System32\RPCRT4.dll+2222f|C:\windows\System32\RPCRT4.dll+2168a|C:\windows\System32\RPCRT4.dll+20c51|C:\windows\System32\RPCRT4.dll+206c2|C:\windows\System32\RPCRT4.dll+17495|C:\windows\SYSTEM32\ntdll.dll+4f4d0|C:\windows\SYSTEM32\ntdll.dll+50358|C:\windows\System32\KERNEL32.DLL+17974|C:\windows\SYSTEM32\ntdll.dll+6a271,Process accessed (rule: ProcessAccess),Microsoft-Windows-Sysmon/Operational,,,,,,,,,,,,,,,,,,NT AUTHORITY,,,,,10,,2022-04-15 8:06:28,2022-04-15 8:06:27,,3652,,,0x1000,,,,Salena.Adam,,,,,,,,,,-9223372036854775808,,,,,,,,,"Process accessed:
RuleName: -
UtcTime: 2022-04-15 12:06:27.582
SourceProcessGUID: {ef3dcf22-42ab-5f5f-1000-000000000300}
SourceProcessId: 1020
SourceThreadId: 4256
SourceImage: C:\windows\system32\svchost.exe
TargetProcessGUID: {ef3dcf22-42ae-5f5f-2700-000000000300}
TargetProcessId: 1744
TargetImage: C:\windows\System32\svchost.exe
GrantedAccess: 0x1000
CallTrace: C:\windows\SYSTEM32\ntdll.dll+9fc24|C:\windows\System32\KERNELBASE.dll+6c2d5|c:\windows\system32\lsm.dll+eca0|C:\windows\System32\RPCRT4.dll+77883|C:\windows\System32\RPCRT4.dll+db4a6|C:\windows\System32\RPCRT4.dll+10d50|C:\windows\System32\RPCRT4.dll+54a78|C:\windows\System32\RPCRT4.dll+304f0|C:\windows\System32\RPCRT4.dll+2fe9b|C:\windows\System32\RPCRT4.dll+2222f|C:\windows\System32\RPCRT4.dll+2168a|C:\windows\System32\RPCRT4.dll+20c51|C:\windows\System32\RPCRT4.dll+206c2|C:\windows\System32\RPCRT4.dll+17495|C:\windows\SYSTEM32\ntdll.dll+4f4d0|C:\windows\SYSTEM32\ntdll.dll+50358|C:\windows\System32\KERNEL32.DLL+17974|C:\windows\SYSTEM32\ntdll.dll+6a271",,,,,,,,Info,0,,,,,,,,,,,1020,,,,{5770385F-C22A-43E0-BF4C-06F5698FFBD9},,,,238978,,,,,,,-,,INFO,2,,,,,,,,,C:\windows\system32\svchost.exe,,,eventlog,im_msvistalog,Microsoft-Windows-Sysmon,,,{ef3dcf22-42ab-5f5f-1000-000000000300},1020,4256,,,,,,,,,C:\windows\System32\svchost.exe,,,,,,{ef3dcf22-42ae-5f5f-2700-000000000300},1744,,,10,,,,4104,,,,,S-1-5-18,2022-04-15 12:06:28,3,,,"{""EventID"":10,""RecordNumber"":238978,""ProviderGuid"":""{5770385F-C22A-43E0-BF4C-06F5698FFBD9}"",""SourceName"":""Microsoft-Windows-Sysmon"",""OpcodeValue"":0,""AccountName"":""SYSTEM"",""SourceImage"":""C:\\windows\\system32\\svchost.exe"",""SourceModuleName"":""eventlog"",""ExecutionProcessID"":3652,""AccountType"":""User"",""Category"":""Process accessed (rule: ProcessAccess)"",""SourceProcessId"":""1020"",""Domain"":""NT AUTHORITY"",""port"":60427,""ThreadID"":4104,""Severity"":""INFO"",""EventType"":""INFO"",""Channel"":""Microsoft-Windows-Sysmon/Operational"",""Opcode"":""Info"",""EventReceivedTime"":""2022-04-15 08:06:28"",""Task"":10,""RuleName"":""-"",""Keywords"":-9223372036854775808,""Version"":3,""ProcessId"":""1020"",""tags"":[""splunk""],""GrantedAccess"":""0x1000"",""SourceProcessGUID"":""{ef3dcf22-42ab-5f5f-1000-000000000300}"",""EventTime"":""2022-04-15 08:06:27"",""host"":""cybertees.net"",""SeverityValue"":2,""CallTrace"":""C:\\windows\\SYSTEM32\\ntdll.dll+9fc24|C:\\windows\\System32\\KERNELBASE.dll+6c2d5|c:\\windows\\system32\\lsm.dll+eca0|C:\\windows\\System32\\RPCRT4.dll+77883|C:\\windows\\System32\\RPCRT4.dll+db4a6|C:\\windows\\System32\\RPCRT4.dll+10d50|C:\\windows\\System32\\RPCRT4.dll+54a78|C:\\windows\\System32\\RPCRT4.dll+304f0|C:\\windows\\System32\\RPCRT4.dll+2fe9b|C:\\windows\\System32\\RPCRT4.dll+2222f|C:\\windows\\System32\\RPCRT4.dll+2168a|C:\\windows\\System32\\RPCRT4.dll+20c51|C:\\windows\\System32\\RPCRT4.dll+206c2|C:\\windows\\System32\\RPCRT4.dll+17495|C:\\windows\\SYSTEM32\\ntdll.dll+4f4d0|C:\\windows\\SYSTEM32\\ntdll.dll+50358|C:\\windows\\System32\\KERNEL32.DLL+17974|C:\\windows\\SYSTEM32\\ntdll.dll+6a271"",""Message"":""Process accessed:\r\nRuleName: -\r\nUtcTime: 2022-04-15 12:06:27.582\r\nSourceProcessGUID: {ef3dcf22-42ab-5f5f-1000-000000000300}\r\nSourceProcessId: 1020\r\nSourceThreadId: 4256\r\nSourceImage: C:\\windows\\system32\\svchost.exe\r\nTargetProcessGUID: {ef3dcf22-42ae-5f5f-2700-000000000300}\r\nTargetProcessId: 1744\r\nTargetImage: C:\\windows\\System32\\svchost.exe\r\nGrantedAccess: 0x1000\r\nCallTrace: C:\\windows\\SYSTEM32\\ntdll.dll+9fc24|C:\\windows\\System32\\KERNELBASE.dll+6c2d5|c:\\windows\\system32\\lsm.dll+eca0|C:\\windows\\System32\\RPCRT4.dll+77883|C:\\windows\\System32\\RPCRT4.dll+db4a6|C:\\windows\\System32\\RPCRT4.dll+10d50|C:\\windows\\System32\\RPCRT4.dll+54a78|C:\\windows\\System32\\RPCRT4.dll+304f0|C:\\windows\\System32\\RPCRT4.dll+2fe9b|C:\\windows\\System32\\RPCRT4.dll+2222f|C:\\windows\\System32\\RPCRT4.dll+2168a|C:\\windows\\System32\\RPCRT4.dll+20c51|C:\\windows\\System32\\RPCRT4.dll+206c2|C:\\windows\\System32\\RPCRT4.dll+17495|C:\\windows\\SYSTEM32\\ntdll.dll+4f4d0|C:\\windows\\SYSTEM32\\ntdll.dll+50358|C:\\windows\\System32\\KERNEL32.DLL+17974|C:\\windows\\SYSTEM32\\ntdll.dll+6a271"",""UtcTime"":""2022-04-15 12:06:27.582"",""UserID"":""S-1-5-18"",""timestamp"":""2022-04-15T12:06:28.692Z"",""TargetProcessId"":""1744"",""SourceThreadId"":""4256"",""@version"":""1"",""TargetProcessGUID"":""{ef3dcf22-42ae-5f5f-2700-000000000300}"",""SourceModuleType"":""im_msvistalog"",""TargetImage"":""C:\\windows\\System32\\svchost.exe"",""Hostname"":""Salena.Adam""}",2022-04-15T08:06:22.000+0000,8,15,6,april,22,friday,2022,local,,INFO,cybertees.net,cyber-host,windowslogs,1,60427,"{"""":,"""":,"""":""{----}"","""":""--"","""":,"""":"""","""":"":\\\\\\",Event_logs.json,_json,ip-10-10-40-195,,splunk,,2022-04-15T12:06:28.692Z,
1,,,,SYSTEM,User,,,,,,Registry value set (rule: RegistryEvent),Microsoft-Windows-Sysmon/Operational,,,,,,,,,,,,,,{44acbf61-69db-4030-82a1-caf9193619a1},,,,NT AUTHORITY,,,,,13,,2022-04-15 8:06:28,2022-04-15 8:06:25,INFO,3524,,,,,,,James.browne,C:\windows\system32\svchost.exe,,,,,,,,,-9223372036854775808,,,,,,,,,"Registry value set:
RuleName: -
EventType: SetValue
UtcTime: 2022-04-15 12:06:25.815
ProcessGuid: {2d351099-43cd-5f5f-0e00-000000000400}
ProcessId: 876
Image: C:\windows\system32\svchost.exe
TargetObject: \REGISTRY\A\{880a2083-1f4b-4b97-aa60-39a324efa5ef}\WorkItems\{aa448fab-fbb7-4376-86e9-39ef7016d5df}\TriggerEvent
Details: {44acbf61-69db-4030-82a1-caf9193619a1}",,,,,,,,Info,0,,,,,,,,,,{2d351099-43cd-5f5f-0e00-000000000400},876,,,,{5770385F-C22A-43E0-BF4C-06F5698FFBD9},,,,425883,,,,,,,-,,INFO,2,,,,,,,,,,,,eventlog,im_msvistalog,Microsoft-Windows-Sysmon,,,,,,,,,,,,,,,,,\REGISTRY\A\{880a2083-1f4b-4b97-aa60-39a324efa5ef}\WorkItems\{aa448fab-fbb7-4376-86e9-39ef7016d5df}\TriggerEvent,,,,,,,13,,,,4688,,,,,S-1-5-18,2022-04-15 12:06:26,2,,,"{""Image"":""C:\\windows\\system32\\svchost.exe"",""ProcessId"":""876"",""EventID"":13,""tags"":[""splunk""],""RecordNumber"":425883,""ProviderGuid"":""{5770385F-C22A-43E0-BF4C-06F5698FFBD9}"",""SourceName"":""Microsoft-Windows-Sysmon"",""OpcodeValue"":0,""EventTime"":""2022-04-15 08:06:25"",""AccountName"":""SYSTEM"",""host"":""cybertees.net"",""SeverityValue"":2,""ExecutionProcessID"":3524,""AccountType"":""User"",""Category"":""Registry value set (rule: RegistryEvent)"",""SourceModuleName"":""eventlog"",""Domain"":""NT AUTHORITY"",""Message"":""Registry value set:\r\nRuleName: -\r\nEventType: SetValue\r\nUtcTime: 2022-04-15 12:06:25.815\r\nProcessGuid: {2d351099-43cd-5f5f-0e00-000000000400}\r\nProcessId: 876\r\nImage: C:\\windows\\system32\\svchost.exe\r\nTargetObject: \\REGISTRY\\A\\{880a2083-1f4b-4b97-aa60-39a324efa5ef}\\WorkItems\\{aa448fab-fbb7-4376-86e9-39ef7016d5df}\\TriggerEvent\r\nDetails: {44acbf61-69db-4030-82a1-caf9193619a1}"",""port"":60427,""UserID"":""S-1-5-18"",""UtcTime"":""2022-04-15 12:06:25.815"",""timestamp"":""2022-04-15T12:06:28.691Z"",""ThreadID"":4688,""Severity"":""INFO"",""EventTypeOrignal"":""INFO"",""EventType"":""SetValue"",""Channel"":""Microsoft-Windows-Sysmon/Operational"",""TargetObject"":""\\REGISTRY\\A\\{880a2083-1f4b-4b97-aa60-39a324efa5ef}\\WorkItems\\{aa448fab-fbb7-4376-86e9-39ef7016d5df}\\TriggerEvent"",""Details"":""{44acbf61-69db-4030-82a1-caf9193619a1}"",""Opcode"":""Info"",""EventReceivedTime"":""2022-04-15 08:06:28"",""@version"":""1"",""Task"":13,""SourceModuleType"":""im_msvistalog"",""RuleName"":""-"",""Hostname"":""James.browne"",""Keywords"":-9223372036854775808,""Version"":2,""ProcessGuid"":""{2d351099-43cd-5f5f-0e00-000000000400}""}",2022-04-15T08:06:22.000+0000,8,15,6,april,22,friday,2022,local,,SetValue,cybertees.net,cyber-host,windowslogs,1,60427,"{"""":"":\\\\\\."","""":"""","""":,"""":[""""],"""":,"""":""{----}"",""",Event_logs.json,_json,ip-10-10-40-195,,splunk,,2022-04-15T12:06:28.691Z,
