1,,,,SYSTEM,User,,,,,,Image loaded (rule: ImageLoad),Microsoft-Windows-Sysmon/Operational,,Microsoft Corporation,,,,Data Usage API,,,,,,,,,,,,NT AUTHORITY,,,,,7,,2022-04-15 8:06:26,2022-04-15 8:06:24,,3524,10.0.18362.693 (WinBuild.160101.0800),,,,,"SHA1=E711CFCDD970929A7267B444AAFFEB08A7AEDD98,MD5=97B0B861FD6E5855A743F1B1797E3764,SHA256=523FB2CCFA1D1512D1EAFA70F77796631AD67FA116F95258C7D5070701BA6ADD,IMPHASH=443E75EF802F5DE56E285D6439883998",James.browne,C:\Windows\System32\RuntimeBroker.exe,C:\Windows\System32\dusmapi.dll,,,,,,,,-9223372036854775808,,,,,,,,,"Image loaded:
RuleName: -
UtcTime: 2022-04-15 12:06:24.972
ProcessGuid: {2d351099-5cc0-5f5f-3b04-000000000400}
ProcessId: 9496
Image: C:\Windows\System32\RuntimeBroker.exe
ImageLoaded: C:\Windows\System32\dusmapi.dll
FileVersion: 10.0.18362.693 (WinBuild.160101.0800)
Description: Data Usage API
Product: Microsoft Windows Operating System
Company: Microsoft Corporation
OriginalFileName: dusmapi.dll
Hashes: SHA1=E711CFCDD970929A7267B444AAFFEB08A7AEDD98,MD5=97B0B861FD6E5855A743F1B1797E3764,SHA256=523FB2CCFA1D1512D1EAFA70F77796631AD67FA116F95258C7D5070701BA6ADD,IMPHASH=443E75EF802F5DE56E285D6439883998
Signed: true
Signature: Microsoft Windows
SignatureStatus: Valid",,,,,,,,Info,0,dusmapi.dll,,,,,,,,,{2d351099-5cc0-5f5f-3b04-000000000400},9496,,Microsoft Windows Operating System,,{5770385F-C22A-43E0-BF4C-06F5698FFBD9},,,,425234,,,,,,,-,,INFO,2,,,Microsoft Windows,Valid,TRUE,,,,,,,eventlog,im_msvistalog,Microsoft-Windows-Sysmon,,,,,,,,,,,,,,,,,,,,,,,,7,,,,4700,,,,,S-1-5-18,2022-04-15 12:06:25,3,,,"{""EventID"":7,""RecordNumber"":425234,""ProviderGuid"":""{5770385F-C22A-43E0-BF4C-06F5698FFBD9}"",""SourceName"":""Microsoft-Windows-Sysmon"",""OpcodeValue"":0,""AccountName"":""SYSTEM"",""SignatureStatus"":""Valid"",""SourceModuleName"":""eventlog"",""ExecutionProcessID"":3524,""AccountType"":""User"",""Category"":""Image loaded (rule: ImageLoad)"",""Domain"":""NT AUTHORITY"",""port"":60427,""Company"":""Microsoft Corporation"",""ThreadID"":4700,""Severity"":""INFO"",""EventType"":""INFO"",""Signed"":""true"",""Channel"":""Microsoft-Windows-Sysmon/Operational"",""Opcode"":""Info"",""EventReceivedTime"":""2022-04-15 08:06:26"",""ImageLoaded"":""C:\\Windows\\System32\\dusmapi.dll"",""Task"":7,""RuleName"":""-"",""Keywords"":-9223372036854775808,""Version"":3,""ProcessId"":""9496"",""Image"":""C:\\Windows\\System32\\RuntimeBroker.exe"",""Product"":""Microsoft Windows Operating System"",""tags"":[""splunk""],""EventTime"":""2022-04-15 08:06:24"",""host"":""cybertees.net"",""SeverityValue"":2,""Message"":""Image loaded:\r\nRuleName: -\r\nUtcTime: 2022-04-15 12:06:24.972\r\nProcessGuid: {2d351099-5cc0-5f5f-3b04-000000000400}\r\nProcessId: 9496\r\nImage: C:\\Windows\\System32\\RuntimeBroker.exe\r\nImageLoaded: C:\\Windows\\System32\\dusmapi.dll\r\nFileVersion: 10.0.18362.693 (WinBuild.160101.0800)\r\nDescription: Data Usage API\r\nProduct: Microsoft Windows Operating System\r\nCompany: Microsoft Corporation\r\nOriginalFileName: dusmapi.dll\r\nHashes: SHA1=E711CFCDD970929A7267B444AAFFEB08A7AEDD98,MD5=97B0B861FD6E5855A743F1B1797E3764,SHA256=523FB2CCFA1D1512D1EAFA70F77796631AD67FA116F95258C7D5070701BA6ADD,IMPHASH=443E75EF802F5DE56E285D6439883998\r\nSigned: true\r\nSignature: Microsoft Windows\r\nSignatureStatus: Valid"",""UtcTime"":""2022-04-15 12:06:24.972"",""UserID"":""S-1-5-18"",""FileVersion"":""10.0.18362.693 (WinBuild.160101.0800)"",""Description"":""Data Usage API"",""OriginalFileName"":""dusmapi.dll"",""timestamp"":""2022-04-15T12:06:26.265Z"",""Hashes"":""SHA1=E711CFCDD970929A7267B444AAFFEB08A7AEDD98,MD5=97B0B861FD6E5855A743F1B1797E3764,SHA256=523FB2CCFA1D1512D1EAFA70F77796631AD67FA116F95258C7D5070701BA6ADD,IMPHASH=443E75EF802F5DE56E285D6439883998"",""Signature"":""Microsoft Windows"",""@version"":""1"",""SourceModuleType"":""im_msvistalog"",""Hostname"":""James.browne"",""ProcessGuid"":""{2d351099-5cc0-5f5f-3b04-000000000400}""}",2022-04-15T08:06:22.000+0000,8,15,6,april,22,friday,2022,local,,INFO,cybertees.net,cyber-host,windowslogs,1,60427,"{"""":,"""":,"""":""{----}"","""":""--"","""":,"""":"""","""":"""","""":""""",Event_logs.json,_json,ip-10-10-40-195,,splunk,,2022-04-15T12:06:26.265Z,
1,,,,SYSTEM,User,,,,,,Registry object added or deleted (rule: RegistryEvent),Microsoft-Windows-Sysmon/Operational,,,,,,,,,,,,,,,,,,NT AUTHORITY,,,,,12,,2022-04-15 8:06:26,2022-04-15 8:06:24,INFO,3524,,,,,,,James.browne,C:\windows\system32\backgroundTaskHost.exe,,,,,,,,,-9223372036854775808,,,,,,,,,"Registry object added or deleted:
RuleName: -
EventType: CreateKey
UtcTime: 2022-04-15 12:06:24.972
ProcessGuid: {2d351099-5cc0-5f5f-3904-000000000400}
ProcessId: 5200
Image: C:\windows\system32\backgroundTaskHost.exe
TargetObject: \REGISTRY\A\{24ba27e4-e200-c615-e39b-bc4b3589a3be}\LocalState",,,,,,,,Info,0,,,,,,,,,,{2d351099-5cc0-5f5f-3904-000000000400},5200,,,,{5770385F-C22A-43E0-BF4C-06F5698FFBD9},,,,425233,,,,,,,-,,INFO,2,,,,,,,,,,,,eventlog,im_msvistalog,Microsoft-Windows-Sysmon,,,,,,,,,,,,,,,,,\REGISTRY\A\{24ba27e4-e200-c615-e39b-bc4b3589a3be}\LocalState,,,,,,,12,,,,4688,,,,,S-1-5-18,2022-04-15 12:06:25,2,,,"{""Image"":""C:\\windows\\system32\\backgroundTaskHost.exe"",""ProcessId"":""5200"",""EventID"":12,""tags"":[""splunk""],""RecordNumber"":425233,""ProviderGuid"":""{5770385F-C22A-43E0-BF4C-06F5698FFBD9}"",""SourceName"":""Microsoft-Windows-Sysmon"",""OpcodeValue"":0,""EventTime"":""2022-04-15 08:06:24"",""AccountName"":""SYSTEM"",""host"":""cybertees.net"",""SeverityValue"":2,""ExecutionProcessID"":3524,""AccountType"":""User"",""Category"":""Registry object added or deleted (rule: RegistryEvent)"",""SourceModuleName"":""eventlog"",""Domain"":""NT AUTHORITY"",""Message"":""Registry object added or deleted:\r\nRuleName: -\r\nEventType: CreateKey\r\nUtcTime: 2022-04-15 12:06:24.972\r\nProcessGuid: {2d351099-5cc0-5f5f-3904-000000000400}\r\nProcessId: 5200\r\nImage: C:\\windows\\system32\\backgroundTaskHost.exe\r\nTargetObject: \\REGISTRY\\A\\{24ba27e4-e200-c615-e39b-bc4b3589a3be}\\LocalState"",""port"":60427,""UserID"":""S-1-5-18"",""UtcTime"":""2022-04-15 12:06:24.972"",""timestamp"":""2022-04-15T12:06:26.265Z"",""ThreadID"":4688,""Severity"":""INFO"",""EventTypeOrignal"":""INFO"",""EventType"":""CreateKey"",""Channel"":""Microsoft-Windows-Sysmon/Operational"",""TargetObject"":""\\REGISTRY\\A\\{24ba27e4-e200-c615-e39b-bc4b3589a3be}\\LocalState"",""Opcode"":""Info"",""EventReceivedTime"":""2022-04-15 08:06:26"",""@version"":""1"",""Task"":12,""SourceModuleType"":""im_msvistalog"",""RuleName"":""-"",""Hostname"":""James.browne"",""Keywords"":-9223372036854775808,""Version"":2,""ProcessGuid"":""{2d351099-5cc0-5f5f-3904-000000000400}""}",2022-04-15T08:06:22.000+0000,8,15,6,april,22,friday,2022,local,,CreateKey,cybertees.net,cyber-host,windowslogs,1,60427,"{"""":"":\\\\\\."","""":"""","""":,"""":[""""],"""":,"""":""{----}"",""",Event_logs.json,_json,ip-10-10-40-195,,splunk,,2022-04-15T12:06:26.265Z,
1,,,,SYSTEM,User,,,,,,Registry object added or deleted (rule: RegistryEvent),Microsoft-Windows-Sysmon/Operational,,,,,,,,,,,,,,,,,,NT AUTHORITY,,,,,12,,2022-04-15 8:06:26,2022-04-15 8:06:24,INFO,3524,,,,,,,James.browne,C:\windows\system32\backgroundTaskHost.exe,,,,,,,,,-9223372036854775808,,,,,,,,,"Registry object added or deleted:
RuleName: -
EventType: CreateKey
UtcTime: 2022-04-15 12:06:24.972
ProcessGuid: {2d351099-5cc0-5f5f-3904-000000000400}
ProcessId: 5200
Image: C:\windows\system32\backgroundTaskHost.exe
TargetObject: \REGISTRY\A\{24ba27e4-e200-c615-e39b-bc4b3589a3be}\LocalState",,,,,,,,Info,0,,,,,,,,,,{2d351099-5cc0-5f5f-3904-000000000400},5200,,,,{5770385F-C22A-43E0-BF4C-06F5698FFBD9},,,,425232,,,,,,,-,,INFO,2,,,,,,,,,,,,eventlog,im_msvistalog,Microsoft-Windows-Sysmon,,,,,,,,,,,,,,,,,\REGISTRY\A\{24ba27e4-e200-c615-e39b-bc4b3589a3be}\LocalState,,,,,,,12,,,,4688,,,,,S-1-5-18,2022-04-15 12:06:25,2,,,"{""Image"":""C:\\windows\\system32\\backgroundTaskHost.exe"",""ProcessId"":""5200"",""EventID"":12,""tags"":[""splunk""],""RecordNumber"":425232,""ProviderGuid"":""{5770385F-C22A-43E0-BF4C-06F5698FFBD9}"",""SourceName"":""Microsoft-Windows-Sysmon"",""OpcodeValue"":0,""EventTime"":""2022-04-15 08:06:24"",""AccountName"":""SYSTEM"",""host"":""cybertees.net"",""SeverityValue"":2,""ExecutionProcessID"":3524,""AccountType"":""User"",""Category"":""Registry object added or deleted (rule: RegistryEvent)"",""SourceModuleName"":""eventlog"",""Domain"":""NT AUTHORITY"",""Message"":""Registry object added or deleted:\r\nRuleName: -\r\nEventType: CreateKey\r\nUtcTime: 2022-04-15 12:06:24.972\r\nProcessGuid: {2d351099-5cc0-5f5f-3904-000000000400}\r\nProcessId: 5200\r\nImage: C:\\windows\\system32\\backgroundTaskHost.exe\r\nTargetObject: \\REGISTRY\\A\\{24ba27e4-e200-c615-e39b-bc4b3589a3be}\\LocalState"",""port"":60427,""UserID"":""S-1-5-18"",""UtcTime"":""2022-04-15 12:06:24.972"",""timestamp"":""2022-04-15T12:06:26.264Z"",""ThreadID"":4688,""Severity"":""INFO"",""EventTypeOrignal"":""INFO"",""EventType"":""CreateKey"",""Channel"":""Microsoft-Windows-Sysmon/Operational"",""TargetObject"":""\\REGISTRY\\A\\{24ba27e4-e200-c615-e39b-bc4b3589a3be}\\LocalState"",""Opcode"":""Info"",""EventReceivedTime"":""2022-04-15 08:06:26"",""@version"":""1"",""Task"":12,""SourceModuleType"":""im_msvistalog"",""RuleName"":""-"",""Hostname"":""James.browne"",""Keywords"":-9223372036854775808,""Version"":2,""ProcessGuid"":""{2d351099-5cc0-5f5f-3904-000000000400}""}",2022-04-15T08:06:22.000+0000,8,15,6,april,22,friday,2022,local,,CreateKey,cybertees.net,cyber-host,windowslogs,1,60427,"{"""":"":\\\\\\."","""":"""","""":,"""":[""""],"""":,"""":""{----}"",""",Event_logs.json,_json,ip-10-10-40-195,,splunk,,2022-04-15T12:06:26.264Z,
1,,,,SYSTEM,User,,,,,,Registry object added or deleted (rule: RegistryEvent),Microsoft-Windows-Sysmon/Operational,,,,,,,,,,,,,,,,,,NT AUTHORITY,,,,,12,,2022-04-15 8:06:26,2022-04-15 8:06:24,INFO,3524,,,,,,,James.browne,C:\windows\system32\backgroundTaskHost.exe,,,,,,,,,-9223372036854775808,,,,,,,,,"Registry object added or deleted:
RuleName: -
EventType: CreateKey
UtcTime: 2022-04-15 12:06:24.972
ProcessGuid: {2d351099-5cc0-5f5f-3904-000000000400}
ProcessId: 5200
Image: C:\windows\system32\backgroundTaskHost.exe
TargetObject: \REGISTRY\A\{24ba27e4-e200-c615-e39b-bc4b3589a3be}\LocalState",,,,,,,,Info,0,,,,,,,,,,{2d351099-5cc0-5f5f-3904-000000000400},5200,,,,{5770385F-C22A-43E0-BF4C-06F5698FFBD9},,,,425231,,,,,,,-,,INFO,2,,,,,,,,,,,,eventlog,im_msvistalog,Microsoft-Windows-Sysmon,,,,,,,,,,,,,,,,,\REGISTRY\A\{24ba27e4-e200-c615-e39b-bc4b3589a3be}\LocalState,,,,,,,12,,,,4688,,,,,S-1-5-18,2022-04-15 12:06:25,2,,,"{""Image"":""C:\\windows\\system32\\backgroundTaskHost.exe"",""ProcessId"":""5200"",""EventID"":12,""tags"":[""splunk""],""RecordNumber"":425231,""ProviderGuid"":""{5770385F-C22A-43E0-BF4C-06F5698FFBD9}"",""SourceName"":""Microsoft-Windows-Sysmon"",""OpcodeValue"":0,""EventTime"":""2022-04-15 08:06:24"",""AccountName"":""SYSTEM"",""host"":""cybertees.net"",""SeverityValue"":2,""ExecutionProcessID"":3524,""AccountType"":""User"",""Category"":""Registry object added or deleted (rule: RegistryEvent)"",""SourceModuleName"":""eventlog"",""Domain"":""NT AUTHORITY"",""Message"":""Registry object added or deleted:\r\nRuleName: -\r\nEventType: CreateKey\r\nUtcTime: 2022-04-15 12:06:24.972\r\nProcessGuid: {2d351099-5cc0-5f5f-3904-000000000400}\r\nProcessId: 5200\r\nImage: C:\\windows\\system32\\backgroundTaskHost.exe\r\nTargetObject: \\REGISTRY\\A\\{24ba27e4-e200-c615-e39b-bc4b3589a3be}\\LocalState"",""port"":60427,""UserID"":""S-1-5-18"",""UtcTime"":""2022-04-15 12:06:24.972"",""timestamp"":""2022-04-15T12:06:26.264Z"",""ThreadID"":4688,""Severity"":""INFO"",""EventTypeOrignal"":""INFO"",""EventType"":""CreateKey"",""Channel"":""Microsoft-Windows-Sysmon/Operational"",""TargetObject"":""\\REGISTRY\\A\\{24ba27e4-e200-c615-e39b-bc4b3589a3be}\\LocalState"",""Opcode"":""Info"",""EventReceivedTime"":""2022-04-15 08:06:26"",""@version"":""1"",""Task"":12,""SourceModuleType"":""im_msvistalog"",""RuleName"":""-"",""Hostname"":""James.browne"",""Keywords"":-9223372036854775808,""Version"":2,""ProcessGuid"":""{2d351099-5cc0-5f5f-3904-000000000400}""}",2022-04-15T08:06:22.000+0000,8,15,6,april,22,friday,2022,local,,CreateKey,cybertees.net,cyber-host,windowslogs,1,60427,"{"""":"":\\\\\\."","""":"""","""":,"""":[""""],"""":,"""":""{----}"",""",Event_logs.json,_json,ip-10-10-40-195,,splunk,,2022-04-15T12:06:26.264Z,
1,,,,SYSTEM,User,,,,,,Registry object added or deleted (rule: RegistryEvent),Microsoft-Windows-Sysmon/Operational,,,,,,,,,,,,,,,,,,NT AUTHORITY,,,,,12,,2022-04-15 8:06:26,2022-04-15 8:06:24,INFO,3524,,,,,,,James.browne,C:\windows\system32\backgroundTaskHost.exe,,,,,,,,,-9223372036854775808,,,,,,,,,"Registry object added or deleted:
RuleName: -
EventType: CreateKey
UtcTime: 2022-04-15 12:06:24.972
ProcessGuid: {2d351099-5cc0-5f5f-3904-000000000400}
ProcessId: 5200
Image: C:\windows\system32\backgroundTaskHost.exe
TargetObject: \REGISTRY\A\{24ba27e4-e200-c615-e39b-bc4b3589a3be}\LocalState",,,,,,,,Info,0,,,,,,,,,,{2d351099-5cc0-5f5f-3904-000000000400},5200,,,,{5770385F-C22A-43E0-BF4C-06F5698FFBD9},,,,425230,,,,,,,-,,INFO,2,,,,,,,,,,,,eventlog,im_msvistalog,Microsoft-Windows-Sysmon,,,,,,,,,,,,,,,,,\REGISTRY\A\{24ba27e4-e200-c615-e39b-bc4b3589a3be}\LocalState,,,,,,,12,,,,4688,,,,,S-1-5-18,2022-04-15 12:06:25,2,,,"{""Image"":""C:\\windows\\system32\\backgroundTaskHost.exe"",""ProcessId"":""5200"",""EventID"":12,""tags"":[""splunk""],""RecordNumber"":425230,""ProviderGuid"":""{5770385F-C22A-43E0-BF4C-06F5698FFBD9}"",""SourceName"":""Microsoft-Windows-Sysmon"",""OpcodeValue"":0,""EventTime"":""2022-04-15 08:06:24"",""AccountName"":""SYSTEM"",""host"":""cybertees.net"",""SeverityValue"":2,""ExecutionProcessID"":3524,""AccountType"":""User"",""Category"":""Registry object added or deleted (rule: RegistryEvent)"",""SourceModuleName"":""eventlog"",""Domain"":""NT AUTHORITY"",""Message"":""Registry object added or deleted:\r\nRuleName: -\r\nEventType: CreateKey\r\nUtcTime: 2022-04-15 12:06:24.972\r\nProcessGuid: {2d351099-5cc0-5f5f-3904-000000000400}\r\nProcessId: 5200\r\nImage: C:\\windows\\system32\\backgroundTaskHost.exe\r\nTargetObject: \\REGISTRY\\A\\{24ba27e4-e200-c615-e39b-bc4b3589a3be}\\LocalState"",""port"":60427,""UserID"":""S-1-5-18"",""UtcTime"":""2022-04-15 12:06:24.972"",""timestamp"":""2022-04-15T12:06:26.264Z"",""ThreadID"":4688,""Severity"":""INFO"",""EventTypeOrignal"":""INFO"",""EventType"":""CreateKey"",""Channel"":""Microsoft-Windows-Sysmon/Operational"",""TargetObject"":""\\REGISTRY\\A\\{24ba27e4-e200-c615-e39b-bc4b3589a3be}\\LocalState"",""Opcode"":""Info"",""EventReceivedTime"":""2022-04-15 08:06:26"",""@version"":""1"",""Task"":12,""SourceModuleType"":""im_msvistalog"",""RuleName"":""-"",""Hostname"":""James.browne"",""Keywords"":-9223372036854775808,""Version"":2,""ProcessGuid"":""{2d351099-5cc0-5f5f-3904-000000000400}""}",2022-04-15T08:06:22.000+0000,8,15,6,april,22,friday,2022,local,,CreateKey,cybertees.net,cyber-host,windowslogs,1,60427,"{"""":"":\\\\\\."","""":"""","""":,"""":[""""],"""":,"""":""{----}"",""",Event_logs.json,_json,ip-10-10-40-195,,splunk,,2022-04-15T12:06:26.264Z,
1,,,,SYSTEM,User,,,,,,Image loaded (rule: ImageLoad),Microsoft-Windows-Sysmon/Operational,,Microsoft Corporation,,,,Windows.Networking.HostName DLL,,,,,,,,,,,,NT AUTHORITY,,,,,7,,2022-04-15 8:06:26,2022-04-15 8:06:24,,3524,10.0.18362.1 (WinBuild.160101.0800),,,,,"SHA1=095661C56106801E9B1C1920CE09066FD1E8F502,MD5=5DEEB84DF48CDC136979715AD212AE50,SHA256=2EAB9DD16A7CE91C50BE4E2164D5A4B630AFB229207194F378C76CEB074E5276,IMPHASH=C8F71E4BFDDF16BB97E1DBAF88DD3490",James.browne,C:\Windows\System32\backgroundTaskHost.exe,C:\Windows\System32\Windows.Networking.HostName.dll,,,,,,,,-9223372036854775808,,,,,,,,,"Image loaded:
RuleName: -
UtcTime: 2022-04-15 12:06:24.956
ProcessGuid: {2d351099-5cc0-5f5f-3904-000000000400}
ProcessId: 5200
Image: C:\Windows\System32\backgroundTaskHost.exe
ImageLoaded: C:\Windows\System32\Windows.Networking.HostName.dll
FileVersion: 10.0.18362.1 (WinBuild.160101.0800)
Description: Windows.Networking.HostName DLL
Product: Microsoft Windows Operating System
Company: Microsoft Corporation
OriginalFileName: Windows.Networking.HostName.dll
Hashes: SHA1=095661C56106801E9B1C1920CE09066FD1E8F502,MD5=5DEEB84DF48CDC136979715AD212AE50,SHA256=2EAB9DD16A7CE91C50BE4E2164D5A4B630AFB229207194F378C76CEB074E5276,IMPHASH=C8F71E4BFDDF16BB97E1DBAF88DD3490
Signed: true
Signature: Microsoft Windows
SignatureStatus: Valid",,,,,,,,Info,0,Windows.Networking.HostName.dll,,,,,,,,,{2d351099-5cc0-5f5f-3904-000000000400},5200,,Microsoft Windows Operating System,,{5770385F-C22A-43E0-BF4C-06F5698FFBD9},,,,425229,,,,,,,-,,INFO,2,,,Microsoft Windows,Valid,TRUE,,,,,,,eventlog,im_msvistalog,Microsoft-Windows-Sysmon,,,,,,,,,,,,,,,,,,,,,,,,7,,,,4688,,,,,S-1-5-18,2022-04-15 12:06:25,3,,,"{""EventID"":7,""RecordNumber"":425229,""ProviderGuid"":""{5770385F-C22A-43E0-BF4C-06F5698FFBD9}"",""SourceName"":""Microsoft-Windows-Sysmon"",""OpcodeValue"":0,""AccountName"":""SYSTEM"",""SignatureStatus"":""Valid"",""SourceModuleName"":""eventlog"",""ExecutionProcessID"":3524,""AccountType"":""User"",""Category"":""Image loaded (rule: ImageLoad)"",""Domain"":""NT AUTHORITY"",""port"":60427,""Company"":""Microsoft Corporation"",""ThreadID"":4688,""Severity"":""INFO"",""EventType"":""INFO"",""Signed"":""true"",""Channel"":""Microsoft-Windows-Sysmon/Operational"",""Opcode"":""Info"",""EventReceivedTime"":""2022-04-15 08:06:26"",""ImageLoaded"":""C:\\Windows\\System32\\Windows.Networking.HostName.dll"",""Task"":7,""RuleName"":""-"",""Keywords"":-9223372036854775808,""Version"":3,""ProcessId"":""5200"",""Image"":""C:\\Windows\\System32\\backgroundTaskHost.exe"",""Product"":""Microsoft Windows Operating System"",""tags"":[""splunk""],""EventTime"":""2022-04-15 08:06:24"",""host"":""cybertees.net"",""SeverityValue"":2,""Message"":""Image loaded:\r\nRuleName: -\r\nUtcTime: 2022-04-15 12:06:24.956\r\nProcessGuid: {2d351099-5cc0-5f5f-3904-000000000400}\r\nProcessId: 5200\r\nImage: C:\\Windows\\System32\\backgroundTaskHost.exe\r\nImageLoaded: C:\\Windows\\System32\\Windows.Networking.HostName.dll\r\nFileVersion: 10.0.18362.1 (WinBuild.160101.0800)\r\nDescription: Windows.Networking.HostName DLL\r\nProduct: Microsoft Windows Operating System\r\nCompany: Microsoft Corporation\r\nOriginalFileName: Windows.Networking.HostName.dll\r\nHashes: SHA1=095661C56106801E9B1C1920CE09066FD1E8F502,MD5=5DEEB84DF48CDC136979715AD212AE50,SHA256=2EAB9DD16A7CE91C50BE4E2164D5A4B630AFB229207194F378C76CEB074E5276,IMPHASH=C8F71E4BFDDF16BB97E1DBAF88DD3490\r\nSigned: true\r\nSignature: Microsoft Windows\r\nSignatureStatus: Valid"",""UtcTime"":""2022-04-15 12:06:24.956"",""UserID"":""S-1-5-18"",""FileVersion"":""10.0.18362.1 (WinBuild.160101.0800)"",""Description"":""Windows.Networking.HostName DLL"",""OriginalFileName"":""Windows.Networking.HostName.dll"",""timestamp"":""2022-04-15T12:06:26.263Z"",""Hashes"":""SHA1=095661C56106801E9B1C1920CE09066FD1E8F502,MD5=5DEEB84DF48CDC136979715AD212AE50,SHA256=2EAB9DD16A7CE91C50BE4E2164D5A4B630AFB229207194F378C76CEB074E5276,IMPHASH=C8F71E4BFDDF16BB97E1DBAF88DD3490"",""Signature"":""Microsoft Windows"",""@version"":""1"",""SourceModuleType"":""im_msvistalog"",""Hostname"":""James.browne"",""ProcessGuid"":""{2d351099-5cc0-5f5f-3904-000000000400}""}",2022-04-15T08:06:22.000+0000,8,15,6,april,22,friday,2022,local,,INFO,cybertees.net,cyber-host,windowslogs,1,60427,"{"""":,"""":,"""":""{----}"","""":""--"","""":,"""":"""","""":"""","""":""""",Event_logs.json,_json,ip-10-10-40-195,,splunk,,2022-04-15T12:06:26.263Z,
1,,,,SYSTEM,User,,,,,,Image loaded (rule: ImageLoad),Microsoft-Windows-Sysmon/Operational,,Microsoft Corporation,,,,Fusion 2.5,,,,,,,,,,,,NT AUTHORITY,,,,,7,,2022-04-15 8:06:26,2022-04-15 8:06:24,,3524,10.0.18362.719 (WinBuild.160101.0800),,,,,"SHA1=1110A9AACDF5EDCFABF037A0A209FC71C8A18203,MD5=568476BC28A516F8DB70ABF3EB944F96,SHA256=96FAF5D1ADB3CF056CA7F48242058534EAE641FB88F53C4F9CCB5ED68C0C4CDF,IMPHASH=D862FCE5077DFE4E06485A219A56323D",James.browne,C:\Windows\System32\RuntimeBroker.exe,C:\Windows\System32\sxs.dll,,,,,,,,-9223372036854775808,,,,,,,,,"Image loaded:
RuleName: -
UtcTime: 2022-04-15 12:06:24.956
ProcessGuid: {2d351099-5cc0-5f5f-3b04-000000000400}
ProcessId: 9496
Image: C:\Windows\System32\RuntimeBroker.exe
ImageLoaded: C:\Windows\System32\sxs.dll
FileVersion: 10.0.18362.719 (WinBuild.160101.0800)
Description: Fusion 2.5
Product: Microsoft Windows Operating System
Company: Microsoft Corporation
OriginalFileName: SXS.DLL
Hashes: SHA1=1110A9AACDF5EDCFABF037A0A209FC71C8A18203,MD5=568476BC28A516F8DB70ABF3EB944F96,SHA256=96FAF5D1ADB3CF056CA7F48242058534EAE641FB88F53C4F9CCB5ED68C0C4CDF,IMPHASH=D862FCE5077DFE4E06485A219A56323D
Signed: true
Signature: Microsoft Windows
SignatureStatus: Valid",,,,,,,,Info,0,SXS.DLL,,,,,,,,,{2d351099-5cc0-5f5f-3b04-000000000400},9496,,Microsoft Windows Operating System,,{5770385F-C22A-43E0-BF4C-06F5698FFBD9},,,,425228,,,,,,,-,,INFO,2,,,Microsoft Windows,Valid,TRUE,,,,,,,eventlog,im_msvistalog,Microsoft-Windows-Sysmon,,,,,,,,,,,,,,,,,,,,,,,,7,,,,4688,,,,,S-1-5-18,2022-04-15 12:06:25,3,,,"{""EventID"":7,""RecordNumber"":425228,""ProviderGuid"":""{5770385F-C22A-43E0-BF4C-06F5698FFBD9}"",""SourceName"":""Microsoft-Windows-Sysmon"",""OpcodeValue"":0,""AccountName"":""SYSTEM"",""SignatureStatus"":""Valid"",""SourceModuleName"":""eventlog"",""ExecutionProcessID"":3524,""AccountType"":""User"",""Category"":""Image loaded (rule: ImageLoad)"",""Domain"":""NT AUTHORITY"",""port"":60427,""Company"":""Microsoft Corporation"",""ThreadID"":4688,""Severity"":""INFO"",""EventType"":""INFO"",""Signed"":""true"",""Channel"":""Microsoft-Windows-Sysmon/Operational"",""Opcode"":""Info"",""EventReceivedTime"":""2022-04-15 08:06:26"",""ImageLoaded"":""C:\\Windows\\System32\\sxs.dll"",""Task"":7,""RuleName"":""-"",""Keywords"":-9223372036854775808,""Version"":3,""ProcessId"":""9496"",""Image"":""C:\\Windows\\System32\\RuntimeBroker.exe"",""Product"":""Microsoft Windows Operating System"",""tags"":[""splunk""],""EventTime"":""2022-04-15 08:06:24"",""host"":""cybertees.net"",""SeverityValue"":2,""Message"":""Image loaded:\r\nRuleName: -\r\nUtcTime: 2022-04-15 12:06:24.956\r\nProcessGuid: {2d351099-5cc0-5f5f-3b04-000000000400}\r\nProcessId: 9496\r\nImage: C:\\Windows\\System32\\RuntimeBroker.exe\r\nImageLoaded: C:\\Windows\\System32\\sxs.dll\r\nFileVersion: 10.0.18362.719 (WinBuild.160101.0800)\r\nDescription: Fusion 2.5\r\nProduct: Microsoft Windows Operating System\r\nCompany: Microsoft Corporation\r\nOriginalFileName: SXS.DLL\r\nHashes: SHA1=1110A9AACDF5EDCFABF037A0A209FC71C8A18203,MD5=568476BC28A516F8DB70ABF3EB944F96,SHA256=96FAF5D1ADB3CF056CA7F48242058534EAE641FB88F53C4F9CCB5ED68C0C4CDF,IMPHASH=D862FCE5077DFE4E06485A219A56323D\r\nSigned: true\r\nSignature: Microsoft Windows\r\nSignatureStatus: Valid"",""UtcTime"":""2022-04-15 12:06:24.956"",""UserID"":""S-1-5-18"",""FileVersion"":""10.0.18362.719 (WinBuild.160101.0800)"",""Description"":""Fusion 2.5"",""OriginalFileName"":""SXS.DLL"",""timestamp"":""2022-04-15T12:06:26.262Z"",""Hashes"":""SHA1=1110A9AACDF5EDCFABF037A0A209FC71C8A18203,MD5=568476BC28A516F8DB70ABF3EB944F96,SHA256=96FAF5D1ADB3CF056CA7F48242058534EAE641FB88F53C4F9CCB5ED68C0C4CDF,IMPHASH=D862FCE5077DFE4E06485A219A56323D"",""Signature"":""Microsoft Windows"",""@version"":""1"",""SourceModuleType"":""im_msvistalog"",""Hostname"":""James.browne"",""ProcessGuid"":""{2d351099-5cc0-5f5f-3b04-000000000400}""}",2022-04-15T08:06:22.000+0000,8,15,6,april,22,friday,2022,local,,INFO,cybertees.net,cyber-host,windowslogs,1,60427,"{"""":,"""":,"""":""{----}"","""":""--"","""":,"""":"""","""":"""","""":""""",Event_logs.json,_json,ip-10-10-40-195,,splunk,,2022-04-15T12:06:26.262Z,
1,,,,SYSTEM,User,,,,,,Image loaded (rule: ImageLoad),Microsoft-Windows-Sysmon/Operational,,Microsoft Corporation,,,,Network List Manager,,,,,,,,,,,,NT AUTHORITY,,,,,7,,2022-04-15 8:06:26,2022-04-15 8:06:24,,3524,10.0.18362.959 (WinBuild.160101.0800),,,,,"SHA1=0C43891A1C0F15A141B35E700D8259D62663E0D2,MD5=9785BA1B551C7ACC4367B8979D39CD35,SHA256=3BD9DF013C64526321968123A1CFCBCD18852852A5160ABF4EC57CE244DAAA4D,IMPHASH=580BFE34FFEA1EB37C636C9A923B925E",James.browne,C:\Windows\System32\RuntimeBroker.exe,C:\Windows\System32\netprofm.dll,,,,,,,,-9223372036854775808,,,,,,,,,"Image loaded:
RuleName: -
UtcTime: 2022-04-15 12:06:24.956
ProcessGuid: {2d351099-5cc0-5f5f-3b04-000000000400}
ProcessId: 9496
Image: C:\Windows\System32\RuntimeBroker.exe
ImageLoaded: C:\Windows\System32\netprofm.dll
FileVersion: 10.0.18362.959 (WinBuild.160101.0800)
Description: Network List Manager
Product: Microsoft Windows Operating System
Company: Microsoft Corporation
OriginalFileName: netprofm.dll
Hashes: SHA1=0C43891A1C0F15A141B35E700D8259D62663E0D2,MD5=9785BA1B551C7ACC4367B8979D39CD35,SHA256=3BD9DF013C64526321968123A1CFCBCD18852852A5160ABF4EC57CE244DAAA4D,IMPHASH=580BFE34FFEA1EB37C636C9A923B925E
Signed: true
Signature: Microsoft Windows
SignatureStatus: Valid",,,,,,,,Info,0,netprofm.dll,,,,,,,,,{2d351099-5cc0-5f5f-3b04-000000000400},9496,,Microsoft Windows Operating System,,{5770385F-C22A-43E0-BF4C-06F5698FFBD9},,,,425227,,,,,,,-,,INFO,2,,,Microsoft Windows,Valid,TRUE,,,,,,,eventlog,im_msvistalog,Microsoft-Windows-Sysmon,,,,,,,,,,,,,,,,,,,,,,,,7,,,,4688,,,,,S-1-5-18,2022-04-15 12:06:25,3,,,"{""EventID"":7,""RecordNumber"":425227,""ProviderGuid"":""{5770385F-C22A-43E0-BF4C-06F5698FFBD9}"",""SourceName"":""Microsoft-Windows-Sysmon"",""OpcodeValue"":0,""AccountName"":""SYSTEM"",""SignatureStatus"":""Valid"",""SourceModuleName"":""eventlog"",""ExecutionProcessID"":3524,""AccountType"":""User"",""Category"":""Image loaded (rule: ImageLoad)"",""Domain"":""NT AUTHORITY"",""port"":60427,""Company"":""Microsoft Corporation"",""ThreadID"":4688,""Severity"":""INFO"",""EventType"":""INFO"",""Signed"":""true"",""Channel"":""Microsoft-Windows-Sysmon/Operational"",""Opcode"":""Info"",""EventReceivedTime"":""2022-04-15 08:06:26"",""ImageLoaded"":""C:\\Windows\\System32\\netprofm.dll"",""Task"":7,""RuleName"":""-"",""Keywords"":-9223372036854775808,""Version"":3,""ProcessId"":""9496"",""Image"":""C:\\Windows\\System32\\RuntimeBroker.exe"",""Product"":""Microsoft Windows Operating System"",""tags"":[""splunk""],""EventTime"":""2022-04-15 08:06:24"",""host"":""cybertees.net"",""SeverityValue"":2,""Message"":""Image loaded:\r\nRuleName: -\r\nUtcTime: 2022-04-15 12:06:24.956\r\nProcessGuid: {2d351099-5cc0-5f5f-3b04-000000000400}\r\nProcessId: 9496\r\nImage: C:\\Windows\\System32\\RuntimeBroker.exe\r\nImageLoaded: C:\\Windows\\System32\\netprofm.dll\r\nFileVersion: 10.0.18362.959 (WinBuild.160101.0800)\r\nDescription: Network List Manager\r\nProduct: Microsoft Windows Operating System\r\nCompany: Microsoft Corporation\r\nOriginalFileName: netprofm.dll\r\nHashes: SHA1=0C43891A1C0F15A141B35E700D8259D62663E0D2,MD5=9785BA1B551C7ACC4367B8979D39CD35,SHA256=3BD9DF013C64526321968123A1CFCBCD18852852A5160ABF4EC57CE244DAAA4D,IMPHASH=580BFE34FFEA1EB37C636C9A923B925E\r\nSigned: true\r\nSignature: Microsoft Windows\r\nSignatureStatus: Valid"",""UtcTime"":""2022-04-15 12:06:24.956"",""UserID"":""S-1-5-18"",""FileVersion"":""10.0.18362.959 (WinBuild.160101.0800)"",""Description"":""Network List Manager"",""OriginalFileName"":""netprofm.dll"",""timestamp"":""2022-04-15T12:06:26.262Z"",""Hashes"":""SHA1=0C43891A1C0F15A141B35E700D8259D62663E0D2,MD5=9785BA1B551C7ACC4367B8979D39CD35,SHA256=3BD9DF013C64526321968123A1CFCBCD18852852A5160ABF4EC57CE244DAAA4D,IMPHASH=580BFE34FFEA1EB37C636C9A923B925E"",""Signature"":""Microsoft Windows"",""@version"":""1"",""SourceModuleType"":""im_msvistalog"",""Hostname"":""James.browne"",""ProcessGuid"":""{2d351099-5cc0-5f5f-3b04-000000000400}""}",2022-04-15T08:06:22.000+0000,8,15,6,april,22,friday,2022,local,,INFO,cybertees.net,cyber-host,windowslogs,1,60427,"{"""":,"""":,"""":""{----}"","""":""--"","""":,"""":"""","""":"""","""":""""",Event_logs.json,_json,ip-10-10-40-195,,splunk,,2022-04-15T12:06:26.262Z,
1,,,,SYSTEM,User,,,,,,Image loaded (rule: ImageLoad),Microsoft-Windows-Sysmon/Operational,,Microsoft Corporation,,,,NSI User-mode interface DLL,,,,,,,,,,,,NT AUTHORITY,,,,,7,,2022-04-15 8:06:26,2022-04-15 8:06:24,,3524,10.0.18362.449 (WinBuild.160101.0800),,,,,"SHA1=4118D7E1C3531A1A01FB8924E1A1D470066EEA3F,MD5=9EB93B389D055FA045FC91D2B763B3AC,SHA256=AB620EE31FB65F1A51B2FA28F30BC31329966CB27E3570812138DF99E4D7CC8D,IMPHASH=DEFB8C5BB37FCD63DC790B55724FDE42",James.browne,C:\Windows\System32\RuntimeBroker.exe,C:\Windows\System32\nsi.dll,,,,,,,,-9223372036854775808,,,,,,,,,"Image loaded:
RuleName: -
UtcTime: 2022-04-15 12:06:24.956
ProcessGuid: {2d351099-5cc0-5f5f-3b04-000000000400}
ProcessId: 9496
Image: C:\Windows\System32\RuntimeBroker.exe
ImageLoaded: C:\Windows\System32\nsi.dll
FileVersion: 10.0.18362.449 (WinBuild.160101.0800)
Description: NSI User-mode interface DLL
Product: Microsoft Windows Operating System
Company: Microsoft Corporation
OriginalFileName: nsi.dll
Hashes: SHA1=4118D7E1C3531A1A01FB8924E1A1D470066EEA3F,MD5=9EB93B389D055FA045FC91D2B763B3AC,SHA256=AB620EE31FB65F1A51B2FA28F30BC31329966CB27E3570812138DF99E4D7CC8D,IMPHASH=DEFB8C5BB37FCD63DC790B55724FDE42
Signed: true
Signature: Microsoft Windows
SignatureStatus: Valid",,,,,,,,Info,0,nsi.dll,,,,,,,,,{2d351099-5cc0-5f5f-3b04-000000000400},9496,,Microsoft Windows Operating System,,{5770385F-C22A-43E0-BF4C-06F5698FFBD9},,,,425226,,,,,,,-,,INFO,2,,,Microsoft Windows,Valid,TRUE,,,,,,,eventlog,im_msvistalog,Microsoft-Windows-Sysmon,,,,,,,,,,,,,,,,,,,,,,,,7,,,,4688,,,,,S-1-5-18,2022-04-15 12:06:25,3,,,"{""EventID"":7,""RecordNumber"":425226,""ProviderGuid"":""{5770385F-C22A-43E0-BF4C-06F5698FFBD9}"",""SourceName"":""Microsoft-Windows-Sysmon"",""OpcodeValue"":0,""AccountName"":""SYSTEM"",""SignatureStatus"":""Valid"",""SourceModuleName"":""eventlog"",""ExecutionProcessID"":3524,""AccountType"":""User"",""Category"":""Image loaded (rule: ImageLoad)"",""Domain"":""NT AUTHORITY"",""port"":60427,""Company"":""Microsoft Corporation"",""ThreadID"":4688,""Severity"":""INFO"",""EventType"":""INFO"",""Signed"":""true"",""Channel"":""Microsoft-Windows-Sysmon/Operational"",""Opcode"":""Info"",""EventReceivedTime"":""2022-04-15 08:06:26"",""ImageLoaded"":""C:\\Windows\\System32\\nsi.dll"",""Task"":7,""RuleName"":""-"",""Keywords"":-9223372036854775808,""Version"":3,""ProcessId"":""9496"",""Image"":""C:\\Windows\\System32\\RuntimeBroker.exe"",""Product"":""Microsoft Windows Operating System"",""tags"":[""splunk""],""EventTime"":""2022-04-15 08:06:24"",""host"":""cybertees.net"",""SeverityValue"":2,""Message"":""Image loaded:\r\nRuleName: -\r\nUtcTime: 2022-04-15 12:06:24.956\r\nProcessGuid: {2d351099-5cc0-5f5f-3b04-000000000400}\r\nProcessId: 9496\r\nImage: C:\\Windows\\System32\\RuntimeBroker.exe\r\nImageLoaded: C:\\Windows\\System32\\nsi.dll\r\nFileVersion: 10.0.18362.449 (WinBuild.160101.0800)\r\nDescription: NSI User-mode interface DLL\r\nProduct: Microsoft Windows Operating System\r\nCompany: Microsoft Corporation\r\nOriginalFileName: nsi.dll\r\nHashes: SHA1=4118D7E1C3531A1A01FB8924E1A1D470066EEA3F,MD5=9EB93B389D055FA045FC91D2B763B3AC,SHA256=AB620EE31FB65F1A51B2FA28F30BC31329966CB27E3570812138DF99E4D7CC8D,IMPHASH=DEFB8C5BB37FCD63DC790B55724FDE42\r\nSigned: true\r\nSignature: Microsoft Windows\r\nSignatureStatus: Valid"",""UtcTime"":""2022-04-15 12:06:24.956"",""UserID"":""S-1-5-18"",""FileVersion"":""10.0.18362.449 (WinBuild.160101.0800)"",""Description"":""NSI User-mode interface DLL"",""OriginalFileName"":""nsi.dll"",""timestamp"":""2022-04-15T12:06:26.262Z"",""Hashes"":""SHA1=4118D7E1C3531A1A01FB8924E1A1D470066EEA3F,MD5=9EB93B389D055FA045FC91D2B763B3AC,SHA256=AB620EE31FB65F1A51B2FA28F30BC31329966CB27E3570812138DF99E4D7CC8D,IMPHASH=DEFB8C5BB37FCD63DC790B55724FDE42"",""Signature"":""Microsoft Windows"",""@version"":""1"",""SourceModuleType"":""im_msvistalog"",""Hostname"":""James.browne"",""ProcessGuid"":""{2d351099-5cc0-5f5f-3b04-000000000400}""}",2022-04-15T08:06:22.000+0000,8,15,6,april,22,friday,2022,local,,INFO,cybertees.net,cyber-host,windowslogs,1,60427,"{"""":,"""":,"""":""{----}"","""":""--"","""":,"""":"""","""":"""","""":""""",Event_logs.json,_json,ip-10-10-40-195,,splunk,,2022-04-15T12:06:26.262Z,
1,,,,SYSTEM,User,,,,,,Image loaded (rule: ImageLoad),Microsoft-Windows-Sysmon/Operational,,Microsoft Corporation,,,,IP Helper API,,,,,,,,,,,,NT AUTHORITY,,,,,7,,2022-04-15 8:06:26,2022-04-15 8:06:24,,3524,10.0.18362.1 (WinBuild.160101.0800),,,,,"SHA1=9414EC114C3389E0A7BC2FD986E00946E1A2A299,MD5=3929147A2A34B0902152C7D0F241B02A,SHA256=AD1C5309AA873F6A284EABE382812868E20C3D3D64197F3E6EF9D015EA060CAA,IMPHASH=6EC28633CC4ECB9F457795DD7E00B34B",James.browne,C:\Windows\System32\RuntimeBroker.exe,C:\Windows\System32\IPHLPAPI.DLL,,,,,,,,-9223372036854775808,,,,,,,,,"Image loaded:
RuleName: -
UtcTime: 2022-04-15 12:06:24.956
ProcessGuid: {2d351099-5cc0-5f5f-3b04-000000000400}
ProcessId: 9496
Image: C:\Windows\System32\RuntimeBroker.exe
ImageLoaded: C:\Windows\System32\IPHLPAPI.DLL
FileVersion: 10.0.18362.1 (WinBuild.160101.0800)
Description: IP Helper API
Product: Microsoft Windows Operating System
Company: Microsoft Corporation
OriginalFileName: iphlpapi.dll
Hashes: SHA1=9414EC114C3389E0A7BC2FD986E00946E1A2A299,MD5=3929147A2A34B0902152C7D0F241B02A,SHA256=AD1C5309AA873F6A284EABE382812868E20C3D3D64197F3E6EF9D015EA060CAA,IMPHASH=6EC28633CC4ECB9F457795DD7E00B34B
Signed: true
Signature: Microsoft Windows
SignatureStatus: Valid",,,,,,,,Info,0,iphlpapi.dll,,,,,,,,,{2d351099-5cc0-5f5f-3b04-000000000400},9496,,Microsoft Windows Operating System,,{5770385F-C22A-43E0-BF4C-06F5698FFBD9},,,,425225,,,,,,,-,,INFO,2,,,Microsoft Windows,Valid,TRUE,,,,,,,eventlog,im_msvistalog,Microsoft-Windows-Sysmon,,,,,,,,,,,,,,,,,,,,,,,,7,,,,4688,,,,,S-1-5-18,2022-04-15 12:06:25,3,,,"{""EventID"":7,""RecordNumber"":425225,""ProviderGuid"":""{5770385F-C22A-43E0-BF4C-06F5698FFBD9}"",""SourceName"":""Microsoft-Windows-Sysmon"",""OpcodeValue"":0,""AccountName"":""SYSTEM"",""SignatureStatus"":""Valid"",""SourceModuleName"":""eventlog"",""ExecutionProcessID"":3524,""AccountType"":""User"",""Category"":""Image loaded (rule: ImageLoad)"",""Domain"":""NT AUTHORITY"",""port"":60427,""Company"":""Microsoft Corporation"",""ThreadID"":4688,""Severity"":""INFO"",""EventType"":""INFO"",""Signed"":""true"",""Channel"":""Microsoft-Windows-Sysmon/Operational"",""Opcode"":""Info"",""EventReceivedTime"":""2022-04-15 08:06:26"",""ImageLoaded"":""C:\\Windows\\System32\\IPHLPAPI.DLL"",""Task"":7,""RuleName"":""-"",""Keywords"":-9223372036854775808,""Version"":3,""ProcessId"":""9496"",""Image"":""C:\\Windows\\System32\\RuntimeBroker.exe"",""Product"":""Microsoft Windows Operating System"",""tags"":[""splunk""],""EventTime"":""2022-04-15 08:06:24"",""host"":""cybertees.net"",""SeverityValue"":2,""Message"":""Image loaded:\r\nRuleName: -\r\nUtcTime: 2022-04-15 12:06:24.956\r\nProcessGuid: {2d351099-5cc0-5f5f-3b04-000000000400}\r\nProcessId: 9496\r\nImage: C:\\Windows\\System32\\RuntimeBroker.exe\r\nImageLoaded: C:\\Windows\\System32\\IPHLPAPI.DLL\r\nFileVersion: 10.0.18362.1 (WinBuild.160101.0800)\r\nDescription: IP Helper API\r\nProduct: Microsoft Windows Operating System\r\nCompany: Microsoft Corporation\r\nOriginalFileName: iphlpapi.dll\r\nHashes: SHA1=9414EC114C3389E0A7BC2FD986E00946E1A2A299,MD5=3929147A2A34B0902152C7D0F241B02A,SHA256=AD1C5309AA873F6A284EABE382812868E20C3D3D64197F3E6EF9D015EA060CAA,IMPHASH=6EC28633CC4ECB9F457795DD7E00B34B\r\nSigned: true\r\nSignature: Microsoft Windows\r\nSignatureStatus: Valid"",""UtcTime"":""2022-04-15 12:06:24.956"",""UserID"":""S-1-5-18"",""FileVersion"":""10.0.18362.1 (WinBuild.160101.0800)"",""Description"":""IP Helper API"",""OriginalFileName"":""iphlpapi.dll"",""timestamp"":""2022-04-15T12:06:26.262Z"",""Hashes"":""SHA1=9414EC114C3389E0A7BC2FD986E00946E1A2A299,MD5=3929147A2A34B0902152C7D0F241B02A,SHA256=AD1C5309AA873F6A284EABE382812868E20C3D3D64197F3E6EF9D015EA060CAA,IMPHASH=6EC28633CC4ECB9F457795DD7E00B34B"",""Signature"":""Microsoft Windows"",""@version"":""1"",""SourceModuleType"":""im_msvistalog"",""Hostname"":""James.browne"",""ProcessGuid"":""{2d351099-5cc0-5f5f-3b04-000000000400}""}",2022-04-15T08:06:22.000+0000,8,15,6,april,22,friday,2022,local,,INFO,cybertees.net,cyber-host,windowslogs,1,60427,"{"""":,"""":,"""":""{----}"","""":""--"","""":,"""":"""","""":"""","""":""""",Event_logs.json,_json,ip-10-10-40-195,,splunk,,2022-04-15T12:06:26.262Z,
1,,,,SYSTEM,User,,,,,,Image loaded (rule: ImageLoad),Microsoft-Windows-Sysmon/Operational,,Microsoft Corporation,,,,Windows.Networking.HostName DLL,,,,,,,,,,,,NT AUTHORITY,,,,,7,,2022-04-15 8:06:26,2022-04-15 8:06:24,,3524,10.0.18362.1 (WinBuild.160101.0800),,,,,"SHA1=095661C56106801E9B1C1920CE09066FD1E8F502,MD5=5DEEB84DF48CDC136979715AD212AE50,SHA256=2EAB9DD16A7CE91C50BE4E2164D5A4B630AFB229207194F378C76CEB074E5276,IMPHASH=C8F71E4BFDDF16BB97E1DBAF88DD3490",James.browne,C:\Windows\System32\RuntimeBroker.exe,C:\Windows\System32\Windows.Networking.HostName.dll,,,,,,,,-9223372036854775808,,,,,,,,,"Image loaded:
RuleName: -
UtcTime: 2022-04-15 12:06:24.956
ProcessGuid: {2d351099-5cc0-5f5f-3b04-000000000400}
ProcessId: 9496
Image: C:\Windows\System32\RuntimeBroker.exe
ImageLoaded: C:\Windows\System32\Windows.Networking.HostName.dll
FileVersion: 10.0.18362.1 (WinBuild.160101.0800)
Description: Windows.Networking.HostName DLL
Product: Microsoft Windows Operating System
Company: Microsoft Corporation
OriginalFileName: Windows.Networking.HostName.dll
Hashes: SHA1=095661C56106801E9B1C1920CE09066FD1E8F502,MD5=5DEEB84DF48CDC136979715AD212AE50,SHA256=2EAB9DD16A7CE91C50BE4E2164D5A4B630AFB229207194F378C76CEB074E5276,IMPHASH=C8F71E4BFDDF16BB97E1DBAF88DD3490
Signed: true
Signature: Microsoft Windows
SignatureStatus: Valid",,,,,,,,Info,0,Windows.Networking.HostName.dll,,,,,,,,,{2d351099-5cc0-5f5f-3b04-000000000400},9496,,Microsoft Windows Operating System,,{5770385F-C22A-43E0-BF4C-06F5698FFBD9},,,,425224,,,,,,,-,,INFO,2,,,Microsoft Windows,Valid,TRUE,,,,,,,eventlog,im_msvistalog,Microsoft-Windows-Sysmon,,,,,,,,,,,,,,,,,,,,,,,,7,,,,4688,,,,,S-1-5-18,2022-04-15 12:06:25,3,,,"{""EventID"":7,""RecordNumber"":425224,""ProviderGuid"":""{5770385F-C22A-43E0-BF4C-06F5698FFBD9}"",""SourceName"":""Microsoft-Windows-Sysmon"",""OpcodeValue"":0,""AccountName"":""SYSTEM"",""SignatureStatus"":""Valid"",""SourceModuleName"":""eventlog"",""ExecutionProcessID"":3524,""AccountType"":""User"",""Category"":""Image loaded (rule: ImageLoad)"",""Domain"":""NT AUTHORITY"",""port"":60427,""Company"":""Microsoft Corporation"",""ThreadID"":4688,""Severity"":""INFO"",""EventType"":""INFO"",""Signed"":""true"",""Channel"":""Microsoft-Windows-Sysmon/Operational"",""Opcode"":""Info"",""EventReceivedTime"":""2022-04-15 08:06:26"",""ImageLoaded"":""C:\\Windows\\System32\\Windows.Networking.HostName.dll"",""Task"":7,""RuleName"":""-"",""Keywords"":-9223372036854775808,""Version"":3,""ProcessId"":""9496"",""Image"":""C:\\Windows\\System32\\RuntimeBroker.exe"",""Product"":""Microsoft Windows Operating System"",""tags"":[""splunk""],""EventTime"":""2022-04-15 08:06:24"",""host"":""cybertees.net"",""SeverityValue"":2,""Message"":""Image loaded:\r\nRuleName: -\r\nUtcTime: 2022-04-15 12:06:24.956\r\nProcessGuid: {2d351099-5cc0-5f5f-3b04-000000000400}\r\nProcessId: 9496\r\nImage: C:\\Windows\\System32\\RuntimeBroker.exe\r\nImageLoaded: C:\\Windows\\System32\\Windows.Networking.HostName.dll\r\nFileVersion: 10.0.18362.1 (WinBuild.160101.0800)\r\nDescription: Windows.Networking.HostName DLL\r\nProduct: Microsoft Windows Operating System\r\nCompany: Microsoft Corporation\r\nOriginalFileName: Windows.Networking.HostName.dll\r\nHashes: SHA1=095661C56106801E9B1C1920CE09066FD1E8F502,MD5=5DEEB84DF48CDC136979715AD212AE50,SHA256=2EAB9DD16A7CE91C50BE4E2164D5A4B630AFB229207194F378C76CEB074E5276,IMPHASH=C8F71E4BFDDF16BB97E1DBAF88DD3490\r\nSigned: true\r\nSignature: Microsoft Windows\r\nSignatureStatus: Valid"",""UtcTime"":""2022-04-15 12:06:24.956"",""UserID"":""S-1-5-18"",""FileVersion"":""10.0.18362.1 (WinBuild.160101.0800)"",""Description"":""Windows.Networking.HostName DLL"",""OriginalFileName"":""Windows.Networking.HostName.dll"",""timestamp"":""2022-04-15T12:06:26.262Z"",""Hashes"":""SHA1=095661C56106801E9B1C1920CE09066FD1E8F502,MD5=5DEEB84DF48CDC136979715AD212AE50,SHA256=2EAB9DD16A7CE91C50BE4E2164D5A4B630AFB229207194F378C76CEB074E5276,IMPHASH=C8F71E4BFDDF16BB97E1DBAF88DD3490"",""Signature"":""Microsoft Windows"",""@version"":""1"",""SourceModuleType"":""im_msvistalog"",""Hostname"":""James.browne"",""ProcessGuid"":""{2d351099-5cc0-5f5f-3b04-000000000400}""}",2022-04-15T08:06:22.000+0000,8,15,6,april,22,friday,2022,local,,INFO,cybertees.net,cyber-host,windowslogs,1,60427,"{"""":,"""":,"""":""{----}"","""":""--"","""":,"""":"""","""":"""","""":""""",Event_logs.json,_json,ip-10-10-40-195,,splunk,,2022-04-15T12:06:26.262Z,
1,,,,SYSTEM,User,,,,,,Image loaded (rule: ImageLoad),Microsoft-Windows-Sysmon/Operational,,Microsoft Corporation,,,,Windows Base Types DLL,,,,,,,,,,,,NT AUTHORITY,,,,,7,,2022-04-15 8:06:26,2022-04-15 8:06:24,,3524,10.0.18362.1082 (WinBuild.160101.0800),,,,,"SHA1=48693F4E9DBCC3BB04B2E795F3913378D7193312,MD5=7ADC03D35B2C759A1E1F39193C0024F5,SHA256=15789DF9BA906CE750ED99D0D8355513180BABE0DCA27F36D44A9EA3226E6B79,IMPHASH=554A9752315AC45D1DA4038F3CB03786",James.browne,C:\Windows\System32\RuntimeBroker.exe,C:\Windows\System32\WinTypes.dll,,,,,,,,-9223372036854775808,,,,,,,,,"Image loaded:
RuleName: -
UtcTime: 2022-04-15 12:06:24.956
ProcessGuid: {2d351099-5cc0-5f5f-3b04-000000000400}
ProcessId: 9496
Image: C:\Windows\System32\RuntimeBroker.exe
ImageLoaded: C:\Windows\System32\WinTypes.dll
FileVersion: 10.0.18362.1082 (WinBuild.160101.0800)
Description: Windows Base Types DLL
Product: Microsoft Windows Operating System
Company: Microsoft Corporation
OriginalFileName: WinTypes.dll
Hashes: SHA1=48693F4E9DBCC3BB04B2E795F3913378D7193312,MD5=7ADC03D35B2C759A1E1F39193C0024F5,SHA256=15789DF9BA906CE750ED99D0D8355513180BABE0DCA27F36D44A9EA3226E6B79,IMPHASH=554A9752315AC45D1DA4038F3CB03786
Signed: true
Signature: Microsoft Windows
SignatureStatus: Valid",,,,,,,,Info,0,WinTypes.dll,,,,,,,,,{2d351099-5cc0-5f5f-3b04-000000000400},9496,,Microsoft Windows Operating System,,{5770385F-C22A-43E0-BF4C-06F5698FFBD9},,,,425223,,,,,,,-,,INFO,2,,,Microsoft Windows,Valid,TRUE,,,,,,,eventlog,im_msvistalog,Microsoft-Windows-Sysmon,,,,,,,,,,,,,,,,,,,,,,,,7,,,,4688,,,,,S-1-5-18,2022-04-15 12:06:25,3,,,"{""EventID"":7,""RecordNumber"":425223,""ProviderGuid"":""{5770385F-C22A-43E0-BF4C-06F5698FFBD9}"",""SourceName"":""Microsoft-Windows-Sysmon"",""OpcodeValue"":0,""AccountName"":""SYSTEM"",""SignatureStatus"":""Valid"",""SourceModuleName"":""eventlog"",""ExecutionProcessID"":3524,""AccountType"":""User"",""Category"":""Image loaded (rule: ImageLoad)"",""Domain"":""NT AUTHORITY"",""port"":60427,""Company"":""Microsoft Corporation"",""ThreadID"":4688,""Severity"":""INFO"",""EventType"":""INFO"",""Signed"":""true"",""Channel"":""Microsoft-Windows-Sysmon/Operational"",""Opcode"":""Info"",""EventReceivedTime"":""2022-04-15 08:06:26"",""ImageLoaded"":""C:\\Windows\\System32\\WinTypes.dll"",""Task"":7,""RuleName"":""-"",""Keywords"":-9223372036854775808,""Version"":3,""ProcessId"":""9496"",""Image"":""C:\\Windows\\System32\\RuntimeBroker.exe"",""Product"":""Microsoft Windows Operating System"",""tags"":[""splunk""],""EventTime"":""2022-04-15 08:06:24"",""host"":""cybertees.net"",""SeverityValue"":2,""Message"":""Image loaded:\r\nRuleName: -\r\nUtcTime: 2022-04-15 12:06:24.956\r\nProcessGuid: {2d351099-5cc0-5f5f-3b04-000000000400}\r\nProcessId: 9496\r\nImage: C:\\Windows\\System32\\RuntimeBroker.exe\r\nImageLoaded: C:\\Windows\\System32\\WinTypes.dll\r\nFileVersion: 10.0.18362.1082 (WinBuild.160101.0800)\r\nDescription: Windows Base Types DLL\r\nProduct: Microsoft Windows Operating System\r\nCompany: Microsoft Corporation\r\nOriginalFileName: WinTypes.dll\r\nHashes: SHA1=48693F4E9DBCC3BB04B2E795F3913378D7193312,MD5=7ADC03D35B2C759A1E1F39193C0024F5,SHA256=15789DF9BA906CE750ED99D0D8355513180BABE0DCA27F36D44A9EA3226E6B79,IMPHASH=554A9752315AC45D1DA4038F3CB03786\r\nSigned: true\r\nSignature: Microsoft Windows\r\nSignatureStatus: Valid"",""UtcTime"":""2022-04-15 12:06:24.956"",""UserID"":""S-1-5-18"",""FileVersion"":""10.0.18362.1082 (WinBuild.160101.0800)"",""Description"":""Windows Base Types DLL"",""OriginalFileName"":""WinTypes.dll"",""timestamp"":""2022-04-15T12:06:26.261Z"",""Hashes"":""SHA1=48693F4E9DBCC3BB04B2E795F3913378D7193312,MD5=7ADC03D35B2C759A1E1F39193C0024F5,SHA256=15789DF9BA906CE750ED99D0D8355513180BABE0DCA27F36D44A9EA3226E6B79,IMPHASH=554A9752315AC45D1DA4038F3CB03786"",""Signature"":""Microsoft Windows"",""@version"":""1"",""SourceModuleType"":""im_msvistalog"",""Hostname"":""James.browne"",""ProcessGuid"":""{2d351099-5cc0-5f5f-3b04-000000000400}""}",2022-04-15T08:06:22.000+0000,8,15,6,april,22,friday,2022,local,,INFO,cybertees.net,cyber-host,windowslogs,1,60427,"{"""":,"""":,"""":""{----}"","""":""--"","""":,"""":"""","""":"""","""":""""",Event_logs.json,_json,ip-10-10-40-195,,splunk,,2022-04-15T12:06:26.261Z,
1,,,,SYSTEM,User,,,,,,Image loaded (rule: ImageLoad),Microsoft-Windows-Sysmon/Operational,,Microsoft Corporation,,,,Windows Networking Connectivity Runtime DLL,,,,,,,,,,,,NT AUTHORITY,,,,,7,,2022-04-15 8:06:26,2022-04-15 8:06:24,,3524,10.0.18362.836 (WinBuild.160101.0800),,,,,"SHA1=59CA77FDF53ACC40435EE0FD9C262DCC951D2256,MD5=BF37E6B6493C638D33C186A5823E8177,SHA256=B3895D87A0DF66ED212CCCA841D95DD8CFCCE9FB907DAA839BE435E057091096,IMPHASH=0DC85332FEE90F1C63B1DE1C1DD580D5",James.browne,C:\Windows\System32\RuntimeBroker.exe,C:\Windows\System32\Windows.Networking.Connectivity.dll,,,,,,,,-9223372036854775808,,,,,,,,,"Image loaded:
RuleName: -
UtcTime: 2022-04-15 12:06:24.925
ProcessGuid: {2d351099-5cc0-5f5f-3b04-000000000400}
ProcessId: 9496
Image: C:\Windows\System32\RuntimeBroker.exe
ImageLoaded: C:\Windows\System32\Windows.Networking.Connectivity.dll
FileVersion: 10.0.18362.836 (WinBuild.160101.0800)
Description: Windows Networking Connectivity Runtime DLL
Product: Microsoft Windows Operating System
Company: Microsoft Corporation
OriginalFileName: Windows.Networking.Connectivity.dll
Hashes: SHA1=59CA77FDF53ACC40435EE0FD9C262DCC951D2256,MD5=BF37E6B6493C638D33C186A5823E8177,SHA256=B3895D87A0DF66ED212CCCA841D95DD8CFCCE9FB907DAA839BE435E057091096,IMPHASH=0DC85332FEE90F1C63B1DE1C1DD580D5
Signed: true
Signature: Microsoft Windows
SignatureStatus: Valid",,,,,,,,Info,0,Windows.Networking.Connectivity.dll,,,,,,,,,{2d351099-5cc0-5f5f-3b04-000000000400},9496,,Microsoft Windows Operating System,,{5770385F-C22A-43E0-BF4C-06F5698FFBD9},,,,425222,,,,,,,-,,INFO,2,,,Microsoft Windows,Valid,TRUE,,,,,,,eventlog,im_msvistalog,Microsoft-Windows-Sysmon,,,,,,,,,,,,,,,,,,,,,,,,7,,,,4700,,,,,S-1-5-18,2022-04-15 12:06:25,3,,,"{""EventID"":7,""RecordNumber"":425222,""ProviderGuid"":""{5770385F-C22A-43E0-BF4C-06F5698FFBD9}"",""SourceName"":""Microsoft-Windows-Sysmon"",""OpcodeValue"":0,""AccountName"":""SYSTEM"",""SignatureStatus"":""Valid"",""SourceModuleName"":""eventlog"",""ExecutionProcessID"":3524,""AccountType"":""User"",""Category"":""Image loaded (rule: ImageLoad)"",""Domain"":""NT AUTHORITY"",""port"":60427,""Company"":""Microsoft Corporation"",""ThreadID"":4700,""Severity"":""INFO"",""EventType"":""INFO"",""Signed"":""true"",""Channel"":""Microsoft-Windows-Sysmon/Operational"",""Opcode"":""Info"",""EventReceivedTime"":""2022-04-15 08:06:26"",""ImageLoaded"":""C:\\Windows\\System32\\Windows.Networking.Connectivity.dll"",""Task"":7,""RuleName"":""-"",""Keywords"":-9223372036854775808,""Version"":3,""ProcessId"":""9496"",""Image"":""C:\\Windows\\System32\\RuntimeBroker.exe"",""Product"":""Microsoft Windows Operating System"",""tags"":[""splunk""],""EventTime"":""2022-04-15 08:06:24"",""host"":""cybertees.net"",""SeverityValue"":2,""Message"":""Image loaded:\r\nRuleName: -\r\nUtcTime: 2022-04-15 12:06:24.925\r\nProcessGuid: {2d351099-5cc0-5f5f-3b04-000000000400}\r\nProcessId: 9496\r\nImage: C:\\Windows\\System32\\RuntimeBroker.exe\r\nImageLoaded: C:\\Windows\\System32\\Windows.Networking.Connectivity.dll\r\nFileVersion: 10.0.18362.836 (WinBuild.160101.0800)\r\nDescription: Windows Networking Connectivity Runtime DLL\r\nProduct: Microsoft Windows Operating System\r\nCompany: Microsoft Corporation\r\nOriginalFileName: Windows.Networking.Connectivity.dll\r\nHashes: SHA1=59CA77FDF53ACC40435EE0FD9C262DCC951D2256,MD5=BF37E6B6493C638D33C186A5823E8177,SHA256=B3895D87A0DF66ED212CCCA841D95DD8CFCCE9FB907DAA839BE435E057091096,IMPHASH=0DC85332FEE90F1C63B1DE1C1DD580D5\r\nSigned: true\r\nSignature: Microsoft Windows\r\nSignatureStatus: Valid"",""UtcTime"":""2022-04-15 12:06:24.925"",""UserID"":""S-1-5-18"",""FileVersion"":""10.0.18362.836 (WinBuild.160101.0800)"",""Description"":""Windows Networking Connectivity Runtime DLL"",""OriginalFileName"":""Windows.Networking.Connectivity.dll"",""timestamp"":""2022-04-15T12:06:26.261Z"",""Hashes"":""SHA1=59CA77FDF53ACC40435EE0FD9C262DCC951D2256,MD5=BF37E6B6493C638D33C186A5823E8177,SHA256=B3895D87A0DF66ED212CCCA841D95DD8CFCCE9FB907DAA839BE435E057091096,IMPHASH=0DC85332FEE90F1C63B1DE1C1DD580D5"",""Signature"":""Microsoft Windows"",""@version"":""1"",""SourceModuleType"":""im_msvistalog"",""Hostname"":""James.browne"",""ProcessGuid"":""{2d351099-5cc0-5f5f-3b04-000000000400}""}",2022-04-15T08:06:22.000+0000,8,15,6,april,22,friday,2022,local,,INFO,cybertees.net,cyber-host,windowslogs,1,60427,"{"""":,"""":,"""":""{----}"","""":""--"","""":,"""":"""","""":"""","""":""""",Event_logs.json,_json,ip-10-10-40-195,,splunk,,2022-04-15T12:06:26.261Z,
