UtcTime: 2022-04-15 12:06:01.858
ProcessGuid: {2d351099-5ca9-5f5f-2f04-000000000400}
ProcessId: 9428
Image: C:\Windows\System32\wbem\WMIC.exe
ImageLoaded: C:\Windows\System32\oleaut32.dll
FileVersion: 10.0.18362.959 (WinBuild.160101.0800)
Description: OLEAUT32.DLL
Product: Microsoft® Windows® Operating System
Company: Microsoft Corporation
OriginalFileName: OLEAUT32.DLL
Hashes: SHA1=EF5BE564B84A7DE92B12ACBCD69D5F580FABCD89,MD5=9EE967CF9B388C7FAAEC9F04700EB47B,SHA256=CF34BADD43D9E69CA9F01352C4D89C9FD9F4AB53832B1589215A8544462F346D,IMPHASH=F010E2DB51A2E86CCF6052A1ACC0854F
Signed: true
Signature: Microsoft Windows
SignatureStatus: Valid",,,,,,,,Info,0,OLEAUT32.DLL,,,,,,,,,{2d351099-5ca9-5f5f-2f04-000000000400},9428,,Microsoft® Windows® Operating System,,{5770385F-C22A-43E0-BF4C-06F5698FFBD9},,,,423354,,,,,,,-,,INFO,2,,,Microsoft Windows,Valid,TRUE,,,,,,,eventlog,im_msvistalog,Microsoft-Windows-Sysmon,,,,,,,,,,,,,,,,,,,,,,,,7,,,,4688,,,,,S-1-5-18,2022-04-15 12:06:02,3,,,"{""EventID"":7,""RecordNumber"":423354,""ProviderGuid"":""{5770385F-C22A-43E0-BF4C-06F5698FFBD9}"",""SourceName"":""Microsoft-Windows-Sysmon"",""OpcodeValue"":0,""AccountName"":""SYSTEM"",""SignatureStatus"":""Valid"",""SourceModuleName"":""eventlog"",""ExecutionProcessID"":3524,""AccountType"":""User"",""Category"":""Image loaded (rule: ImageLoad)"",""Domain"":""NT AUTHORITY"",""port"":60427,""Company"":""Microsoft Corporation"",""ThreadID"":4688,""Severity"":""INFO"",""EventType"":""INFO"",""Signed"":""true"",""Channel"":""Microsoft-Windows-Sysmon/Operational"",""Opcode"":""Info"",""EventReceivedTime"":""2022-04-15 08:06:02"",""ImageLoaded"":""C:\\Windows\\System32\\oleaut32.dll"",""Task"":7,""RuleName"":""-"",""Keywords"":-9223372036854775808,""Version"":3,""ProcessId"":""9428"",""Image"":""C:\\Windows\\System32\\wbem\\WMIC.exe"",""Product"":""Microsoft® Windows® Operating System"",""tags"":[""splunk""],""EventTime"":""2022-04-15 08:06:01"",""host"":""cybertees.net"",""SeverityValue"":2,""Message"":""Image loaded:\r\nRuleName: -\r\nUtcTime: 2022-04-15 12:06:01.858\r\nProcessGuid: {2d351099-5ca9-5f5f-2f04-000000000400}\r\nProcessId: 9428\r\nImage: C:\\Windows\\System32\\wbem\\WMIC.exe\r\nImageLoaded: C:\\Windows\\System32\\oleaut32.dll\r\nFileVersion: 10.0.18362.959 (WinBuild.160101.0800)\r\nDescription: OLEAUT32.DLL\r\nProduct: Microsoft® Windows® Operating System\r\nCompany: Microsoft Corporation\r\nOriginalFileName: OLEAUT32.DLL\r\nHashes: SHA1=EF5BE564B84A7DE92B12ACBCD69D5F580FABCD89,MD5=9EE967CF9B388C7FAAEC9F04700EB47B,SHA256=CF34BADD43D9E69CA9F01352C4D89C9FD9F4AB53832B1589215A8544462F346D,IMPHASH=F010E2DB51A2E86CCF6052A1ACC0854F\r\nSigned: true\r\nSignature: Microsoft Windows\r\nSignatureStatus: Valid"",""UtcTime"":""2022-04-15 12:06:01.858"",""UserID"":""S-1-5-18"",""FileVersion"":""10.0.18362.959 (WinBuild.160101.0800)"",""Description"":""OLEAUT32.DLL"",""OriginalFileName"":""OLEAUT32.DLL"",""timestamp"":""2022-04-15T12:06:02.613Z"",""Hashes"":""SHA1=EF5BE564B84A7DE92B12ACBCD69D5F580FABCD89,MD5=9EE967CF9B388C7FAAEC9F04700EB47B,SHA256=CF34BADD43D9E69CA9F01352C4D89C9FD9F4AB53832B1589215A8544462F346D,IMPHASH=F010E2DB51A2E86CCF6052A1ACC0854F"",""Signature"":""Microsoft Windows"",""@version"":""1"",""SourceModuleType"":""im_msvistalog"",""Hostname"":""James.browne"",""ProcessGuid"":""{2d351099-5ca9-5f5f-2f04-000000000400}""}",2022-04-15T08:06:01.000+0000,8,15,6,april,1,friday,2022,local,,INFO,cybertees.net,cyber-host,windowslogs,1,60427,"{"""":,"""":,"""":""{----}"","""":""--"","""":,"""":"""","""":"""","""":""""",Event_logs.json,_json,ip-10-10-40-195,,splunk,,2022-04-15T12:06:02.613Z,
1,,,,SYSTEM,User,,,,,C:\windows\SYSTEM32\ntdll.dll+9c534|C:\windows\system32\lsasrv.dll+179a6|C:\windows\system32\lsasrv.dll+1852f|C:\windows\system32\lsasrv.dll+17814|C:\windows\SYSTEM32\SspiSrv.dll+1a72|C:\windows\System32\RPCRT4.dll+76a53|C:\windows\System32\RPCRT4.dll+da036|C:\windows\System32\RPCRT4.dll+37b1c|C:\windows\System32\RPCRT4.dll+54998|C:\windows\System32\RPCRT4.dll+2c951|C:\windows\System32\RPCRT4.dll+2c20b|C:\windows\System32\RPCRT4.dll+1a86f|C:\windows\System32\RPCRT4.dll+19d1a|C:\windows\System32\RPCRT4.dll+19301|C:\windows\System32\RPCRT4.dll+18d6e|C:\windows\System32\RPCRT4.dll+169a5|C:\windows\SYSTEM32\ntdll.dll+333ed|C:\windows\SYSTEM32\ntdll.dll+34142|C:\windows\System32\KERNEL32.DLL+17bd4|C:\windows\SYSTEM32\ntdll.dll+6ce51,Process accessed (rule: ProcessAccess),Microsoft-Windows-Sysmon/Operational,,,,,,,,,,,,,,,,,,NT AUTHORITY,,,,,10,,2022-04-15 8:06:02,2022-04-15 8:06:01,,3524,,,0x1478,,,,James.browne,,,,,,,,,,-9223372036854775808,,,,,,,,,"Process accessed:
RuleName: -
UtcTime: 2022-04-15 12:06:01.858
SourceProcessGUID: {2d351099-43cc-5f5f-0c00-000000000400}
SourceProcessId: 740
SourceThreadId: 116
SourceImage: C:\windows\system32\lsass.exe
TargetProcessGUID: {2d351099-5ca9-5f5f-2f04-000000000400}
TargetProcessId: 9428
TargetImage: C:\windows\System32\Wbem\WMIC.exe
GrantedAccess: 0x1478
CallTrace: C:\windows\SYSTEM32\ntdll.dll+9c534|C:\windows\system32\lsasrv.dll+179a6|C:\windows\system32\lsasrv.dll+1852f|C:\windows\system32\lsasrv.dll+17814|C:\windows\SYSTEM32\SspiSrv.dll+1a72|C:\windows\System32\RPCRT4.dll+76a53|C:\windows\System32\RPCRT4.dll+da036|C:\windows\System32\RPCRT4.dll+37b1c|C:\windows\System32\RPCRT4.dll+54998|C:\windows\System32\RPCRT4.dll+2c951|C:\windows\System32\RPCRT4.dll+2c20b|C:\windows\System32\RPCRT4.dll+1a86f|C:\windows\System32\RPCRT4.dll+19d1a|C:\windows\System32\RPCRT4.dll+19301|C:\windows\System32\RPCRT4.dll+18d6e|C:\windows\System32\RPCRT4.dll+169a5|C:\windows\SYSTEM32\ntdll.dll+333ed|C:\windows\SYSTEM32\ntdll.dll+34142|C:\windows\System32\KERNEL32.DLL+17bd4|C:\windows\SYSTEM32\ntdll.dll+6ce51",,,,,,,,Info,0,,,,,,,,,,,740,,,,{5770385F-C22A-43E0-BF4C-06F5698FFBD9},,,,423353,,,,,,,-,,INFO,2,,,,,,,,,C:\windows\system32\lsass.exe,,,eventlog,im_msvistalog,Microsoft-Windows-Sysmon,,,{2d351099-43cc-5f5f-0c00-000000000400},740,116,,,,,,,,,C:\windows\System32\Wbem\WMIC.exe,,,,,,{2d351099-5ca9-5f5f-2f04-000000000400},9428,,,10,,,,4688,,,,,S-1-5-18,2022-04-15 12:06:02,3,,,"{""EventID"":10,""RecordNumber"":423353,""ProviderGuid"":""{5770385F-C22A-43E0-BF4C-06F5698FFBD9}"",""SourceName"":""Microsoft-Windows-Sysmon"",""OpcodeValue"":0,""AccountName"":""SYSTEM"",""SourceImage"":""C:\\windows\\system32\\lsass.exe"",""SourceModuleName"":""eventlog"",""ExecutionProcessID"":3524,""AccountType"":""User"",""Category"":""Process accessed (rule: ProcessAccess)"",""SourceProcessId"":""740"",""Domain"":""NT AUTHORITY"",""port"":60427,""ThreadID"":4688,""Severity"":""INFO"",""EventType"":""INFO"",""Channel"":""Microsoft-Windows-Sysmon/Operational"",""Opcode"":""Info"",""EventReceivedTime"":""2022-04-15 08:06:02"",""Task"":10,""RuleName"":""-"",""Keywords"":-9223372036854775808,""Version"":3,""ProcessId"":""740"",""tags"":[""splunk""],""GrantedAccess"":""0x1478"",""SourceProcessGUID"":""{2d351099-43cc-5f5f-0c00-000000000400}"",""EventTime"":""2022-04-15 08:06:01"",""host"":""cybertees.net"",""SeverityValue"":2,""CallTrace"":""C:\\windows\\SYSTEM32\\ntdll.dll+9c534|C:\\windows\\system32\\lsasrv.dll+179a6|C:\\windows\\system32\\lsasrv.dll+1852f|C:\\windows\\system32\\lsasrv.dll+17814|C:\\windows\\SYSTEM32\\SspiSrv.dll+1a72|C:\\windows\\System32\\RPCRT4.dll+76a53|C:\\windows\\System32\\RPCRT4.dll+da036|C:\\windows\\System32\\RPCRT4.dll+37b1c|C:\\windows\\System32\\RPCRT4.dll+54998|C:\\windows\\System32\\RPCRT4.dll+2c951|C:\\windows\\System32\\RPCRT4.dll+2c20b|C:\\windows\\System32\\RPCRT4.dll+1a86f|C:\\windows\\System32\\RPCRT4.dll+19d1a|C:\\windows\\System32\\RPCRT4.dll+19301|C:\\windows\\System32\\RPCRT4.dll+18d6e|C:\\windows\\System32\\RPCRT4.dll+169a5|C:\\windows\\SYSTEM32\\ntdll.dll+333ed|C:\\windows\\SYSTEM32\\ntdll.dll+34142|C:\\windows\\System32\\KERNEL32.DLL+17bd4|C:\\windows\\SYSTEM32\\ntdll.dll+6ce51"",""Message"":""Process accessed:\r\nRuleName: -\r\nUtcTime: 2022-04-15 12:06:01.858\r\nSourceProcessGUID: {2d351099-43cc-5f5f-0c00-000000000400}\r\nSourceProcessId: 740\r\nSourceThreadId: 116\r\nSourceImage: C:\\windows\\system32\\lsass.exe\r\nTargetProcessGUID: {2d351099-5ca9-5f5f-2f04-000000000400}\r\nTargetProcessId: 9428\r\nTargetImage: C:\\windows\\System32\\Wbem\\WMIC.exe\r\nGrantedAccess: 0x1478\r\nCallTrace: C:\\windows\\SYSTEM32\\ntdll.dll+9c534|C:\\windows\\system32\\lsasrv.dll+179a6|C:\\windows\\system32\\lsasrv.dll+1852f|C:\\windows\\system32\\lsasrv.dll+17814|C:\\windows\\SYSTEM32\\SspiSrv.dll+1a72|C:\\windows\\System32\\RPCRT4.dll+76a53|C:\\windows\\System32\\RPCRT4.dll+da036|C:\\windows\\System32\\RPCRT4.dll+37b1c|C:\\windows\\System32\\RPCRT4.dll+54998|C:\\windows\\System32\\RPCRT4.dll+2c951|C:\\windows\\System32\\RPCRT4.dll+2c20b|C:\\windows\\System32\\RPCRT4.dll+1a86f|C:\\windows\\System32\\RPCRT4.dll+19d1a|C:\\windows\\System32\\RPCRT4.dll+19301|C:\\windows\\System32\\RPCRT4.dll+18d6e|C:\\windows\\System32\\RPCRT4.dll+169a5|C:\\windows\\SYSTEM32\\ntdll.dll+333ed|C:\\windows\\SYSTEM32\\ntdll.dll+34142|C:\\windows\\System32\\KERNEL32.DLL+17bd4|C:\\windows\\SYSTEM32\\ntdll.dll+6ce51"",""UtcTime"":""2022-04-15 12:06:01.858"",""UserID"":""S-1-5-18"",""timestamp"":""2022-04-15T12:06:02.613Z"",""TargetProcessId"":""9428"",""SourceThreadId"":""116"",""@version"":""1"",""TargetProcessGUID"":""{2d351099-5ca9-5f5f-2f04-000000000400}"",""SourceModuleType"":""im_msvistalog"",""TargetImage"":""C:\\windows\\System32\\Wbem\\WMIC.exe"",""Hostname"":""James.browne""}",2022-04-15T08:06:01.000+0000,8,15,6,april,1,friday,2022,local,,INFO,cybertees.net,cyber-host,windowslogs,1,60427,"{"""":,"""":,"""":""{----}"","""":""--"","""":,"""":"""","""":"":\\\\\\",Event_logs.json,_json,ip-10-10-40-195,,splunk,,2022-04-15T12:06:02.613Z,
1,,,,SYSTEM,User,,,,,C:\windows\SYSTEM32\ntdll.dll+9d104|C:\windows\System32\RPCRT4.dll+2d2f4|C:\windows\system32\lsasrv.dll+176b9|C:\windows\SYSTEM32\SspiSrv.dll+1a72|C:\windows\System32\RPCRT4.dll+76a53|C:\windows\System32\RPCRT4.dll+da036|C:\windows\System32\RPCRT4.dll+37b1c|C:\windows\System32\RPCRT4.dll+54998|C:\windows\System32\RPCRT4.dll+2c951|C:\windows\System32\RPCRT4.dll+2c20b|C:\windows\System32\RPCRT4.dll+1a86f|C:\windows\System32\RPCRT4.dll+19d1a|C:\windows\System32\RPCRT4.dll+19301|C:\windows\System32\RPCRT4.dll+18d6e|C:\windows\System32\RPCRT4.dll+169a5|C:\windows\SYSTEM32\ntdll.dll+333ed|C:\windows\SYSTEM32\ntdll.dll+34142|C:\windows\System32\KERNEL32.DLL+17bd4|C:\windows\SYSTEM32\ntdll.dll+6ce51,Process accessed (rule: ProcessAccess),Microsoft-Windows-Sysmon/Operational,,,,,,,,,,,,,,,,,,NT AUTHORITY,,,,,10,,2022-04-15 8:06:02,2022-04-15 8:06:01,,3524,,,0x1000,,,,James.browne,,,,,,,,,,-9223372036854775808,,,,,,,,,"Process accessed:
RuleName: -
UtcTime: 2022-04-15 12:06:01.858
SourceProcessGUID: {2d351099-43cc-5f5f-0c00-000000000400}
SourceProcessId: 740
SourceThreadId: 116
SourceImage: C:\windows\system32\lsass.exe
TargetProcessGUID: {2d351099-5ca9-5f5f-2f04-000000000400}
TargetProcessId: 9428
TargetImage: C:\windows\System32\Wbem\WMIC.exe
GrantedAccess: 0x1000
CallTrace: C:\windows\SYSTEM32\ntdll.dll+9d104|C:\windows\System32\RPCRT4.dll+2d2f4|C:\windows\system32\lsasrv.dll+176b9|C:\windows\SYSTEM32\SspiSrv.dll+1a72|C:\windows\System32\RPCRT4.dll+76a53|C:\windows\System32\RPCRT4.dll+da036|C:\windows\System32\RPCRT4.dll+37b1c|C:\windows\System32\RPCRT4.dll+54998|C:\windows\System32\RPCRT4.dll+2c951|C:\windows\System32\RPCRT4.dll+2c20b|C:\windows\System32\RPCRT4.dll+1a86f|C:\windows\System32\RPCRT4.dll+19d1a|C:\windows\System32\RPCRT4.dll+19301|C:\windows\System32\RPCRT4.dll+18d6e|C:\windows\System32\RPCRT4.dll+169a5|C:\windows\SYSTEM32\ntdll.dll+333ed|C:\windows\SYSTEM32\ntdll.dll+34142|C:\windows\System32\KERNEL32.DLL+17bd4|C:\windows\SYSTEM32\ntdll.dll+6ce51",,,,,,,,Info,0,,,,,,,,,,,740,,,,{5770385F-C22A-43E0-BF4C-06F5698FFBD9},,,,423352,,,,,,,-,,INFO,2,,,,,,,,,C:\windows\system32\lsass.exe,,,eventlog,im_msvistalog,Microsoft-Windows-Sysmon,,,{2d351099-43cc-5f5f-0c00-000000000400},740,116,,,,,,,,,C:\windows\System32\Wbem\WMIC.exe,,,,,,{2d351099-5ca9-5f5f-2f04-000000000400},9428,,,10,,,,4688,,,,,S-1-5-18,2022-04-15 12:06:02,3,,,"{""EventID"":10,""RecordNumber"":423352,""ProviderGuid"":""{5770385F-C22A-43E0-BF4C-06F5698FFBD9}"",""SourceName"":""Microsoft-Windows-Sysmon"",""OpcodeValue"":0,""AccountName"":""SYSTEM"",""SourceImage"":""C:\\windows\\system32\\lsass.exe"",""SourceModuleName"":""eventlog"",""ExecutionProcessID"":3524,""AccountType"":""User"",""Category"":""Process accessed (rule: ProcessAccess)"",""SourceProcessId"":""740"",""Domain"":""NT AUTHORITY"",""port"":60427,""ThreadID"":4688,""Severity"":""INFO"",""EventType"":""INFO"",""Channel"":""Microsoft-Windows-Sysmon/Operational"",""Opcode"":""Info"",""EventReceivedTime"":""2022-04-15 08:06:02"",""Task"":10,""RuleName"":""-"",""Keywords"":-9223372036854775808,""Version"":3,""ProcessId"":""740"",""tags"":[""splunk""],""GrantedAccess"":""0x1000"",""SourceProcessGUID"":""{2d351099-43cc-5f5f-0c00-000000000400}"",""EventTime"":""2022-04-15 08:06:01"",""host"":""cybertees.net"",""SeverityValue"":2,""CallTrace"":""C:\\windows\\SYSTEM32\\ntdll.dll+9d104|C:\\windows\\System32\\RPCRT4.dll+2d2f4|C:\\windows\\system32\\lsasrv.dll+176b9|C:\\windows\\SYSTEM32\\SspiSrv.dll+1a72|C:\\windows\\System32\\RPCRT4.dll+76a53|C:\\windows\\System32\\RPCRT4.dll+da036|C:\\windows\\System32\\RPCRT4.dll+37b1c|C:\\windows\\System32\\RPCRT4.dll+54998|C:\\windows\\System32\\RPCRT4.dll+2c951|C:\\windows\\System32\\RPCRT4.dll+2c20b|C:\\windows\\System32\\RPCRT4.dll+1a86f|C:\\windows\\System32\\RPCRT4.dll+19d1a|C:\\windows\\System32\\RPCRT4.dll+19301|C:\\windows\\System32\\RPCRT4.dll+18d6e|C:\\windows\\System32\\RPCRT4.dll+169a5|C:\\windows\\SYSTEM32\\ntdll.dll+333ed|C:\\windows\\SYSTEM32\\ntdll.dll+34142|C:\\windows\\System32\\KERNEL32.DLL+17bd4|C:\\windows\\SYSTEM32\\ntdll.dll+6ce51"",""Message"":""Process accessed:\r\nRuleName: -\r\nUtcTime: 2022-04-15 12:06:01.858\r\nSourceProcessGUID: {2d351099-43cc-5f5f-0c00-000000000400}\r\nSourceProcessId: 740\r\nSourceThreadId: 116\r\nSourceImage: C:\\windows\\system32\\lsass.exe\r\nTargetProcessGUID: {2d351099-5ca9-5f5f-2f04-000000000400}\r\nTargetProcessId: 9428\r\nTargetImage: C:\\windows\\System32\\Wbem\\WMIC.exe\r\nGrantedAccess: 0x1000\r\nCallTrace: C:\\windows\\SYSTEM32\\ntdll.dll+9d104|C:\\windows\\System32\\RPCRT4.dll+2d2f4|C:\\windows\\system32\\lsasrv.dll+176b9|C:\\windows\\SYSTEM32\\SspiSrv.dll+1a72|C:\\windows\\System32\\RPCRT4.dll+76a53|C:\\windows\\System32\\RPCRT4.dll+da036|C:\\windows\\System32\\RPCRT4.dll+37b1c|C:\\windows\\System32\\RPCRT4.dll+54998|C:\\windows\\System32\\RPCRT4.dll+2c951|C:\\windows\\System32\\RPCRT4.dll+2c20b|C:\\windows\\System32\\RPCRT4.dll+1a86f|C:\\windows\\System32\\RPCRT4.dll+19d1a|C:\\windows\\System32\\RPCRT4.dll+19301|C:\\windows\\System32\\RPCRT4.dll+18d6e|C:\\windows\\System32\\RPCRT4.dll+169a5|C:\\windows\\SYSTEM32\\ntdll.dll+333ed|C:\\windows\\SYSTEM32\\ntdll.dll+34142|C:\\windows\\System32\\KERNEL32.DLL+17bd4|C:\\windows\\SYSTEM32\\ntdll.dll+6ce51"",""UtcTime"":""2022-04-15 12:06:01.858"",""UserID"":""S-1-5-18"",""timestamp"":""2022-04-15T12:06:02.613Z"",""TargetProcessId"":""9428"",""SourceThreadId"":""116"",""@version"":""1"",""TargetProcessGUID"":""{2d351099-5ca9-5f5f-2f04-000000000400}"",""SourceModuleType"":""im_msvistalog"",""TargetImage"":""C:\\windows\\System32\\Wbem\\WMIC.exe"",""Hostname"":""James.browne""}",2022-04-15T08:06:01.000+0000,8,15,6,april,1,friday,2022,local,,INFO,cybertees.net,cyber-host,windowslogs,1,60427,"{"""":,"""":,"""":""{----}"","""":""--"","""":,"""":"""","""":"":\\\\\\",Event_logs.json,_json,ip-10-10-40-195,,splunk,,2022-04-15T12:06:02.613Z,
1,,,,SYSTEM,User,,,,,,Registry object added or deleted (rule: RegistryEvent),Microsoft-Windows-Sysmon/Operational,,,,,,,,,,,,,,,,,,NT AUTHORITY,,,,,12,,2022-04-15 8:06:02,2022-04-15 8:06:01,INFO,3524,,,,,,,James.browne,C:\windows\System32\Wbem\WMIC.exe,,,,,,,,,-9223372036854775808,,,,,,,,,"Registry object added or deleted:
RuleName: -
EventType: CreateKey
UtcTime: 2022-04-15 12:06:01.858
ProcessGuid: {2d351099-5ca9-5f5f-2f04-000000000400}
ProcessId: 9428
Image: C:\windows\System32\Wbem\WMIC.exe
TargetObject: HKLM\SOFTWARE\Microsoft\Wbem\CIMOM",,,,,,,,Info,0,,,,,,,,,,{2d351099-5ca9-5f5f-2f04-000000000400},9428,,,,{5770385F-C22A-43E0-BF4C-06F5698FFBD9},,,,423351,,,,,,,-,,INFO,2,,,,,,,,,,,,eventlog,im_msvistalog,Microsoft-Windows-Sysmon,,,,,,,,,,,,,,,,,HKLM\SOFTWARE\Microsoft\Wbem\CIMOM,,,,,,,12,,,,4688,,,,,S-1-5-18,2022-04-15 12:06:02,2,,,"{""Image"":""C:\\windows\\System32\\Wbem\\WMIC.exe"",""ProcessId"":""9428"",""EventID"":12,""tags"":[""splunk""],""RecordNumber"":423351,""ProviderGuid"":""{5770385F-C22A-43E0-BF4C-06F5698FFBD9}"",""SourceName"":""Microsoft-Windows-Sysmon"",""OpcodeValue"":0,""EventTime"":""2022-04-15 08:06:01"",""AccountName"":""SYSTEM"",""host"":""cybertees.net"",""SeverityValue"":2,""ExecutionProcessID"":3524,""AccountType"":""User"",""Category"":""Registry object added or deleted (rule: RegistryEvent)"",""SourceModuleName"":""eventlog"",""Domain"":""NT AUTHORITY"",""Message"":""Registry object added or deleted:\r\nRuleName: -\r\nEventType: CreateKey\r\nUtcTime: 2022-04-15 12:06:01.858\r\nProcessGuid: {2d351099-5ca9-5f5f-2f04-000000000400}\r\nProcessId: 9428\r\nImage: C:\\windows\\System32\\Wbem\\WMIC.exe\r\nTargetObject: HKLM\\SOFTWARE\\Microsoft\\Wbem\\CIMOM"",""port"":60427,""UserID"":""S-1-5-18"",""UtcTime"":""2022-04-15 12:06:01.858"",""timestamp"":""2022-04-15T12:06:02.613Z"",""ThreadID"":4688,""Severity"":""INFO"",""EventTypeOrignal"":""INFO"",""EventType"":""CreateKey"",""Channel"":""Microsoft-Windows-Sysmon/Operational"",""TargetObject"":""HKLM\\SOFTWARE\\Microsoft\\Wbem\\CIMOM"",""Opcode"":""Info"",""EventReceivedTime"":""2022-04-15 08:06:02"",""@version"":""1"",""Task"":12,""SourceModuleType"":""im_msvistalog"",""RuleName"":""-"",""Hostname"":""James.browne"",""Keywords"":-9223372036854775808,""Version"":2,""ProcessGuid"":""{2d351099-5ca9-5f5f-2f04-000000000400}""}",2022-04-15T08:06:01.000+0000,8,15,6,april,1,friday,2022,local,,CreateKey,cybertees.net,cyber-host,windowslogs,1,60427,"{"""":"":\\\\\\\\."","""":"""","""":,"""":[""""],"""":,"""":""{----}""",Event_logs.json,_json,ip-10-10-40-195,,splunk,,2022-04-15T12:06:02.613Z,
1,,,,SYSTEM,User,,,,,,Registry object added or deleted (rule: RegistryEvent),Microsoft-Windows-Sysmon/Operational,,,,,,,,,,,,,,,,,,NT AUTHORITY,,,,,12,,2022-04-15 8:06:02,2022-04-15 8:06:01,INFO,3524,,,,,,,James.browne,C:\windows\System32\Wbem\WMIC.exe,,,,,,,,,-9223372036854775808,,,,,,,,,"Registry object added or deleted:
RuleName: -
EventType: CreateKey
UtcTime: 2022-04-15 12:06:01.858
ProcessGuid: {2d351099-5ca9-5f5f-2f04-000000000400}
ProcessId: 9428
Image: C:\windows\System32\Wbem\WMIC.exe
TargetObject: HKLM\SOFTWARE\Microsoft\Wbem\CIMOM",,,,,,,,Info,0,,,,,,,,,,{2d351099-5ca9-5f5f-2f04-000000000400},9428,,,,{5770385F-C22A-43E0-BF4C-06F5698FFBD9},,,,423350,,,,,,,-,,INFO,2,,,,,,,,,,,,eventlog,im_msvistalog,Microsoft-Windows-Sysmon,,,,,,,,,,,,,,,,,HKLM\SOFTWARE\Microsoft\Wbem\CIMOM,,,,,,,12,,,,4688,,,,,S-1-5-18,2022-04-15 12:06:02,2,,,"{""Image"":""C:\\windows\\System32\\Wbem\\WMIC.exe"",""ProcessId"":""9428"",""EventID"":12,""tags"":[""splunk""],""RecordNumber"":423350,""ProviderGuid"":""{5770385F-C22A-43E0-BF4C-06F5698FFBD9}"",""SourceName"":""Microsoft-Windows-Sysmon"",""OpcodeValue"":0,""EventTime"":""2022-04-15 08:06:01"",""AccountName"":""SYSTEM"",""host"":""cybertees.net"",""SeverityValue"":2,""ExecutionProcessID"":3524,""AccountType"":""User"",""Category"":""Registry object added or deleted (rule: RegistryEvent)"",""SourceModuleName"":""eventlog"",""Domain"":""NT AUTHORITY"",""Message"":""Registry object added or deleted:\r\nRuleName: -\r\nEventType: CreateKey\r\nUtcTime: 2022-04-15 12:06:01.858\r\nProcessGuid: {2d351099-5ca9-5f5f-2f04-000000000400}\r\nProcessId: 9428\r\nImage: C:\\windows\\System32\\Wbem\\WMIC.exe\r\nTargetObject: HKLM\\SOFTWARE\\Microsoft\\Wbem\\CIMOM"",""port"":60427,""UserID"":""S-1-5-18"",""UtcTime"":""2022-04-15 12:06:01.858"",""timestamp"":""2022-04-15T12:06:02.613Z"",""ThreadID"":4688,""Severity"":""INFO"",""EventTypeOrignal"":""INFO"",""EventType"":""CreateKey"",""Channel"":""Microsoft-Windows-Sysmon/Operational"",""TargetObject"":""HKLM\\SOFTWARE\\Microsoft\\Wbem\\CIMOM"",""Opcode"":""Info"",""EventReceivedTime"":""2022-04-15 08:06:02"",""@version"":""1"",""Task"":12,""SourceModuleType"":""im_msvistalog"",""RuleName"":""-"",""Hostname"":""James.browne"",""Keywords"":-9223372036854775808,""Version"":2,""ProcessGuid"":""{2d351099-5ca9-5f5f-2f04-000000000400}""}",2022-04-15T08:06:01.000+0000,8,15,6,april,1,friday,2022,local,,CreateKey,cybertees.net,cyber-host,windowslogs,1,60427,"{"""":"":\\\\\\\\."","""":"""","""":,"""":[""""],"""":,"""":""{----}""",Event_logs.json,_json,ip-10-10-40-195,,splunk,,2022-04-15T12:06:02.613Z,
1,,,,SYSTEM,User,,,,,,Image loaded (rule: ImageLoad),Microsoft-Windows-Sysmon/Operational,,Microsoft Corporation,,,,Windows Cryptographic Primitives Library,,,,,,,,,,,,NT AUTHORITY,,,,,7,,2022-04-15 8:06:02,2022-04-15 8:06:01,,3524,10.0.18362.267 (WinBuild.160101.0800),,,,,"SHA1=421C35E0949143DE72C8F98776565D24815AD47E,MD5=F46778029BE7D755EBDCDF048EA62A4B,SHA256=907A4D1D405283AD24BBA1F9A763C5118A33574F3E0EC7FC543F65B24CC0A748,IMPHASH=E5649DCD6FA9472DB9A89CCD123913C0",James.browne,C:\Windows\System32\wbem\WMIC.exe,C:\Windows\System32\bcrypt.dll,,,,,,,,-9223372036854775808,,,,,,,,,"Image loaded:
RuleName: -
UtcTime: 2022-04-15 12:06:01.858
ProcessGuid: {2d351099-5ca9-5f5f-2f04-000000000400}
ProcessId: 9428
Image: C:\Windows\System32\wbem\WMIC.exe
ImageLoaded: C:\Windows\System32\bcrypt.dll
FileVersion: 10.0.18362.267 (WinBuild.160101.0800)
Description: Windows Cryptographic Primitives Library
Product: Microsoft® Windows® Operating System
Company: Microsoft Corporation
OriginalFileName: bcrypt.dll
Hashes: SHA1=421C35E0949143DE72C8F98776565D24815AD47E,MD5=F46778029BE7D755EBDCDF048EA62A4B,SHA256=907A4D1D405283AD24BBA1F9A763C5118A33574F3E0EC7FC543F65B24CC0A748,IMPHASH=E5649DCD6FA9472DB9A89CCD123913C0
Signed: true
Signature: Microsoft Windows
SignatureStatus: Valid",,,,,,,,Info,0,bcrypt.dll,,,,,,,,,{2d351099-5ca9-5f5f-2f04-000000000400},9428,,Microsoft® Windows® Operating System,,{5770385F-C22A-43E0-BF4C-06F5698FFBD9},,,,423349,,,,,,,-,,INFO,2,,,Microsoft Windows,Valid,TRUE,,,,,,,eventlog,im_msvistalog,Microsoft-Windows-Sysmon,,,,,,,,,,,,,,,,,,,,,,,,7,,,,4688,,,,,S-1-5-18,2022-04-15 12:06:02,3,,,"{""EventID"":7,""RecordNumber"":423349,""ProviderGuid"":""{5770385F-C22A-43E0-BF4C-06F5698FFBD9}"",""SourceName"":""Microsoft-Windows-Sysmon"",""OpcodeValue"":0,""AccountName"":""SYSTEM"",""SignatureStatus"":""Valid"",""SourceModuleName"":""eventlog"",""ExecutionProcessID"":3524,""AccountType"":""User"",""Category"":""Image loaded (rule: ImageLoad)"",""Domain"":""NT AUTHORITY"",""port"":60427,""Company"":""Microsoft Corporation"",""ThreadID"":4688,""Severity"":""INFO"",""EventType"":""INFO"",""Signed"":""true"",""Channel"":""Microsoft-Windows-Sysmon/Operational"",""Opcode"":""Info"",""EventReceivedTime"":""2022-04-15 08:06:02"",""ImageLoaded"":""C:\\Windows\\System32\\bcrypt.dll"",""Task"":7,""RuleName"":""-"",""Keywords"":-9223372036854775808,""Version"":3,""ProcessId"":""9428"",""Image"":""C:\\Windows\\System32\\wbem\\WMIC.exe"",""Product"":""Microsoft® Windows® Operating System"",""tags"":[""splunk""],""EventTime"":""2022-04-15 08:06:01"",""host"":""cybertees.net"",""SeverityValue"":2,""Message"":""Image loaded:\r\nRuleName: -\r\nUtcTime: 2022-04-15 12:06:01.858\r\nProcessGuid: {2d351099-5ca9-5f5f-2f04-000000000400}\r\nProcessId: 9428\r\nImage: C:\\Windows\\System32\\wbem\\WMIC.exe\r\nImageLoaded: C:\\Windows\\System32\\bcrypt.dll\r\nFileVersion: 10.0.18362.267 (WinBuild.160101.0800)\r\nDescription: Windows Cryptographic Primitives Library\r\nProduct: Microsoft® Windows® Operating System\r\nCompany: Microsoft Corporation\r\nOriginalFileName: bcrypt.dll\r\nHashes: SHA1=421C35E0949143DE72C8F98776565D24815AD47E,MD5=F46778029BE7D755EBDCDF048EA62A4B,SHA256=907A4D1D405283AD24BBA1F9A763C5118A33574F3E0EC7FC543F65B24CC0A748,IMPHASH=E5649DCD6FA9472DB9A89CCD123913C0\r\nSigned: true\r\nSignature: Microsoft Windows\r\nSignatureStatus: Valid"",""UtcTime"":""2022-04-15 12:06:01.858"",""UserID"":""S-1-5-18"",""FileVersion"":""10.0.18362.267 (WinBuild.160101.0800)"",""Description"":""Windows Cryptographic Primitives Library"",""OriginalFileName"":""bcrypt.dll"",""timestamp"":""2022-04-15T12:06:02.613Z"",""Hashes"":""SHA1=421C35E0949143DE72C8F98776565D24815AD47E,MD5=F46778029BE7D755EBDCDF048EA62A4B,SHA256=907A4D1D405283AD24BBA1F9A763C5118A33574F3E0EC7FC543F65B24CC0A748,IMPHASH=E5649DCD6FA9472DB9A89CCD123913C0"",""Signature"":""Microsoft Windows"",""@version"":""1"",""SourceModuleType"":""im_msvistalog"",""Hostname"":""James.browne"",""ProcessGuid"":""{2d351099-5ca9-5f5f-2f04-000000000400}""}",2022-04-15T08:06:01.000+0000,8,15,6,april,1,friday,2022,local,,INFO,cybertees.net,cyber-host,windowslogs,1,60427,"{"""":,"""":,"""":""{----}"","""":""--"","""":,"""":"""","""":"""","""":""""",Event_logs.json,_json,ip-10-10-40-195,,splunk,,2022-04-15T12:06:02.613Z,
1,,,,SYSTEM,User,,,,,,Image loaded (rule: ImageLoad),Microsoft-Windows-Sysmon/Operational,,Microsoft Corporation,,,,WMI,,,,,,,,,,,,NT AUTHORITY,,,,,7,,2022-04-15 8:06:02,2022-04-15 8:06:01,,3524,10.0.18362.1 (WinBuild.160101.0800),,,,,"SHA1=55E3CFD45165D85D68E41DCFA8CDEE7A49748535,MD5=AF1FF79545FD839C3DD08BE291DCDFA0,SHA256=5E3CA3FB6DF4300CE08FAA4DDE075E0289546FA22091C11B2041A2F326B4CF6B,IMPHASH=1DA3FF19E9F7A598F95DC9DD3B4992F3",James.browne,C:\Windows\System32\wbem\WMIC.exe,C:\Windows\System32\wbemcomn.dll,,,,,,,,-9223372036854775808,,,,,,,,,"Image loaded:
RuleName: -
UtcTime: 2022-04-15 12:06:01.858
ProcessGuid: {2d351099-5ca9-5f5f-2f04-000000000400}
ProcessId: 9428
Image: C:\Windows\System32\wbem\WMIC.exe
ImageLoaded: C:\Windows\System32\wbemcomn.dll
FileVersion: 10.0.18362.1 (WinBuild.160101.0800)
Description: WMI
Product: Microsoft® Windows® Operating System
Company: Microsoft Corporation
OriginalFileName: wbemcomn.dll
Hashes: SHA1=55E3CFD45165D85D68E41DCFA8CDEE7A49748535,MD5=AF1FF79545FD839C3DD08BE291DCDFA0,SHA256=5E3CA3FB6DF4300CE08FAA4DDE075E0289546FA22091C11B2041A2F326B4CF6B,IMPHASH=1DA3FF19E9F7A598F95DC9DD3B4992F3
Signed: true
Signature: Microsoft Windows
SignatureStatus: Valid",,,,,,,,Info,0,wbemcomn.dll,,,,,,,,,{2d351099-5ca9-5f5f-2f04-000000000400},9428,,Microsoft® Windows® Operating System,,{5770385F-C22A-43E0-BF4C-06F5698FFBD9},,,,423348,,,,,,,-,,INFO,2,,,Microsoft Windows,Valid,TRUE,,,,,,,eventlog,im_msvistalog,Microsoft-Windows-Sysmon,,,,,,,,,,,,,,,,,,,,,,,,7,,,,4688,,,,,S-1-5-18,2022-04-15 12:06:02,3,,,"{""EventID"":7,""RecordNumber"":423348,""ProviderGuid"":""{5770385F-C22A-43E0-BF4C-06F5698FFBD9}"",""SourceName"":""Microsoft-Windows-Sysmon"",""OpcodeValue"":0,""AccountName"":""SYSTEM"",""SignatureStatus"":""Valid"",""SourceModuleName"":""eventlog"",""ExecutionProcessID"":3524,""AccountType"":""User"",""Category"":""Image loaded (rule: ImageLoad)"",""Domain"":""NT AUTHORITY"",""port"":60427,""Company"":""Microsoft Corporation"",""ThreadID"":4688,""Severity"":""INFO"",""EventType"":""INFO"",""Signed"":""true"",""Channel"":""Microsoft-Windows-Sysmon/Operational"",""Opcode"":""Info"",""EventReceivedTime"":""2022-04-15 08:06:02"",""ImageLoaded"":""C:\\Windows\\System32\\wbemcomn.dll"",""Task"":7,""RuleName"":""-"",""Keywords"":-9223372036854775808,""Version"":3,""ProcessId"":""9428"",""Image"":""C:\\Windows\\System32\\wbem\\WMIC.exe"",""Product"":""Microsoft® Windows® Operating System"",""tags"":[""splunk""],""EventTime"":""2022-04-15 08:06:01"",""host"":""cybertees.net"",""SeverityValue"":2,""Message"":""Image loaded:\r\nRuleName: -\r\nUtcTime: 2022-04-15 12:06:01.858\r\nProcessGuid: {2d351099-5ca9-5f5f-2f04-000000000400}\r\nProcessId: 9428\r\nImage: C:\\Windows\\System32\\wbem\\WMIC.exe\r\nImageLoaded: C:\\Windows\\System32\\wbemcomn.dll\r\nFileVersion: 10.0.18362.1 (WinBuild.160101.0800)\r\nDescription: WMI\r\nProduct: Microsoft® Windows® Operating System\r\nCompany: Microsoft Corporation\r\nOriginalFileName: wbemcomn.dll\r\nHashes: SHA1=55E3CFD45165D85D68E41DCFA8CDEE7A49748535,MD5=AF1FF79545FD839C3DD08BE291DCDFA0,SHA256=5E3CA3FB6DF4300CE08FAA4DDE075E0289546FA22091C11B2041A2F326B4CF6B,IMPHASH=1DA3FF19E9F7A598F95DC9DD3B4992F3\r\nSigned: true\r\nSignature: Microsoft Windows\r\nSignatureStatus: Valid"",""UtcTime"":""2022-04-15 12:06:01.858"",""UserID"":""S-1-5-18"",""FileVersion"":""10.0.18362.1 (WinBuild.160101.0800)"",""Description"":""WMI"",""OriginalFileName"":""wbemcomn.dll"",""timestamp"":""2022-04-15T12:06:02.613Z"",""Hashes"":""SHA1=55E3CFD45165D85D68E41DCFA8CDEE7A49748535,MD5=AF1FF79545FD839C3DD08BE291DCDFA0,SHA256=5E3CA3FB6DF4300CE08FAA4DDE075E0289546FA22091C11B2041A2F326B4CF6B,IMPHASH=1DA3FF19E9F7A598F95DC9DD3B4992F3"",""Signature"":""Microsoft Windows"",""@version"":""1"",""SourceModuleType"":""im_msvistalog"",""Hostname"":""James.browne"",""ProcessGuid"":""{2d351099-5ca9-5f5f-2f04-000000000400}""}",2022-04-15T08:06:01.000+0000,8,15,6,april,1,friday,2022,local,,INFO,cybertees.net,cyber-host,windowslogs,1,60427,"{"""":,"""":,"""":""{----}"","""":""--"","""":,"""":"""","""":"""","""":""""",Event_logs.json,_json,ip-10-10-40-195,,splunk,,2022-04-15T12:06:02.613Z,
1,,,,SYSTEM,User,,,,,,Image loaded (rule: ImageLoad),Microsoft-Windows-Sysmon/Operational,,Microsoft Corporation,,,,Windows Socket 2.0 32-Bit DLL,,,,,,,,,,,,NT AUTHORITY,,,,,7,,2022-04-15 8:06:02,2022-04-15 8:06:01,,3524,10.0.18362.387 (WinBuild.160101.0800),,,,,"SHA1=0E931ED820C96CCAD23D4AFCB0ACD97C99155D11,MD5=C0F8DA7568D2F1534E0ABB0E69DC3280,SHA256=E419A4BBDF1D5E0601E90BAFC1558DBD7414CD44E098B581C1915EF2C6E38D0B,IMPHASH=70D7A835AF4CA9F98A94AAF1B60BF88F",James.browne,C:\Windows\System32\wbem\WMIC.exe,C:\Windows\System32\ws2_32.dll,,,,,,,,-9223372036854775808,,,,,,,,,"Image loaded:
RuleName: -
UtcTime: 2022-04-15 12:06:01.858
ProcessGuid: {2d351099-5ca9-5f5f-2f04-000000000400}
ProcessId: 9428
Image: C:\Windows\System32\wbem\WMIC.exe
ImageLoaded: C:\Windows\System32\ws2_32.dll
FileVersion: 10.0.18362.387 (WinBuild.160101.0800)
Description: Windows Socket 2.0 32-Bit DLL
Product: Microsoft® Windows® Operating System
Company: Microsoft Corporation
OriginalFileName: ws2_32.dll
Hashes: SHA1=0E931ED820C96CCAD23D4AFCB0ACD97C99155D11,MD5=C0F8DA7568D2F1534E0ABB0E69DC3280,SHA256=E419A4BBDF1D5E0601E90BAFC1558DBD7414CD44E098B581C1915EF2C6E38D0B,IMPHASH=70D7A835AF4CA9F98A94AAF1B60BF88F
Signed: true
Signature: Microsoft Windows
SignatureStatus: Valid",,,,,,,,Info,0,ws2_32.dll,,,,,,,,,{2d351099-5ca9-5f5f-2f04-000000000400},9428,,Microsoft® Windows® Operating System,,{5770385F-C22A-43E0-BF4C-06F5698FFBD9},,,,423347,,,,,,,-,,INFO,2,,,Microsoft Windows,Valid,TRUE,,,,,,,eventlog,im_msvistalog,Microsoft-Windows-Sysmon,,,,,,,,,,,,,,,,,,,,,,,,7,,,,4688,,,,,S-1-5-18,2022-04-15 12:06:02,3,,,"{""EventID"":7,""RecordNumber"":423347,""ProviderGuid"":""{5770385F-C22A-43E0-BF4C-06F5698FFBD9}"",""SourceName"":""Microsoft-Windows-Sysmon"",""OpcodeValue"":0,""AccountName"":""SYSTEM"",""SignatureStatus"":""Valid"",""SourceModuleName"":""eventlog"",""ExecutionProcessID"":3524,""AccountType"":""User"",""Category"":""Image loaded (rule: ImageLoad)"",""Domain"":""NT AUTHORITY"",""port"":60427,""Company"":""Microsoft Corporation"",""ThreadID"":4688,""Severity"":""INFO"",""EventType"":""INFO"",""Signed"":""true"",""Channel"":""Microsoft-Windows-Sysmon/Operational"",""Opcode"":""Info"",""EventReceivedTime"":""2022-04-15 08:06:02"",""ImageLoaded"":""C:\\Windows\\System32\\ws2_32.dll"",""Task"":7,""RuleName"":""-"",""Keywords"":-9223372036854775808,""Version"":3,""ProcessId"":""9428"",""Image"":""C:\\Windows\\System32\\wbem\\WMIC.exe"",""Product"":""Microsoft® Windows® Operating System"",""tags"":[""splunk""],""EventTime"":""2022-04-15 08:06:01"",""host"":""cybertees.net"",""SeverityValue"":2,""Message"":""Image loaded:\r\nRuleName: -\r\nUtcTime: 2022-04-15 12:06:01.858\r\nProcessGuid: {2d351099-5ca9-5f5f-2f04-000000000400}\r\nProcessId: 9428\r\nImage: C:\\Windows\\System32\\wbem\\WMIC.exe\r\nImageLoaded: C:\\Windows\\System32\\ws2_32.dll\r\nFileVersion: 10.0.18362.387 (WinBuild.160101.0800)\r\nDescription: Windows Socket 2.0 32-Bit DLL\r\nProduct: Microsoft® Windows® Operating System\r\nCompany: Microsoft Corporation\r\nOriginalFileName: ws2_32.dll\r\nHashes: SHA1=0E931ED820C96CCAD23D4AFCB0ACD97C99155D11,MD5=C0F8DA7568D2F1534E0ABB0E69DC3280,SHA256=E419A4BBDF1D5E0601E90BAFC1558DBD7414CD44E098B581C1915EF2C6E38D0B,IMPHASH=70D7A835AF4CA9F98A94AAF1B60BF88F\r\nSigned: true\r\nSignature: Microsoft Windows\r\nSignatureStatus: Valid"",""UtcTime"":""2022-04-15 12:06:01.858"",""UserID"":""S-1-5-18"",""FileVersion"":""10.0.18362.387 (WinBuild.160101.0800)"",""Description"":""Windows Socket 2.0 32-Bit DLL"",""OriginalFileName"":""ws2_32.dll"",""timestamp"":""2022-04-15T12:06:02.613Z"",""Hashes"":""SHA1=0E931ED820C96CCAD23D4AFCB0ACD97C99155D11,MD5=C0F8DA7568D2F1534E0ABB0E69DC3280,SHA256=E419A4BBDF1D5E0601E90BAFC1558DBD7414CD44E098B581C1915EF2C6E38D0B,IMPHASH=70D7A835AF4CA9F98A94AAF1B60BF88F"",""Signature"":""Microsoft Windows"",""@version"":""1"",""SourceModuleType"":""im_msvistalog"",""Hostname"":""James.browne"",""ProcessGuid"":""{2d351099-5ca9-5f5f-2f04-000000000400}""}",2022-04-15T08:06:01.000+0000,8,15,6,april,1,friday,2022,local,,INFO,cybertees.net,cyber-host,windowslogs,1,60427,"{"""":,"""":,"""":""{----}"","""":""--"","""":,"""":"""","""":"""","""":""""",Event_logs.json,_json,ip-10-10-40-195,,splunk,,2022-04-15T12:06:02.613Z,
1,,,,SYSTEM,User,,,,,,Image loaded (rule: ImageLoad),Microsoft-Windows-Sysmon/Operational,,Microsoft Corporation,,,,WMI,,,,,,,,,,,,NT AUTHORITY,,,,,7,,2022-04-15 8:06:02,2022-04-15 8:06:01,,3524,10.0.18362.1 (WinBuild.160101.0800),,,,,"SHA1=CD68DD1A25B246BF189D5718F3A7029D882A87B9,MD5=1DF9F7750C1F0FD8D2DB4A24BC89AF87,SHA256=3FA4641ECA80FE270E5B2A1DB22CDB0EC700C858BDE9C6F3AD53FBD275D76B68,IMPHASH=2071F5DD5C967908540F0C880AAFC6EC",James.browne,C:\Windows\System32\wbem\WMIC.exe,C:\Windows\System32\wbem\wbemprox.dll,,,,,,,,-9223372036854775808,,,,,,,,,"Image loaded:
RuleName: -
UtcTime: 2022-04-15 12:06:01.858
ProcessGuid: {2d351099-5ca9-5f5f-2f04-000000000400}
ProcessId: 9428
Image: C:\Windows\System32\wbem\WMIC.exe
ImageLoaded: C:\Windows\System32\wbem\wbemprox.dll
FileVersion: 10.0.18362.1 (WinBuild.160101.0800)
Description: WMI
Product: Microsoft® Windows® Operating System
Company: Microsoft Corporation
OriginalFileName: wbemprox.dll
Hashes: SHA1=CD68DD1A25B246BF189D5718F3A7029D882A87B9,MD5=1DF9F7750C1F0FD8D2DB4A24BC89AF87,SHA256=3FA4641ECA80FE270E5B2A1DB22CDB0EC700C858BDE9C6F3AD53FBD275D76B68,IMPHASH=2071F5DD5C967908540F0C880AAFC6EC
Signed: true
Signature: Microsoft Windows
SignatureStatus: Valid",,,,,,,,Info,0,wbemprox.dll,,,,,,,,,{2d351099-5ca9-5f5f-2f04-000000000400},9428,,Microsoft® Windows® Operating System,,{5770385F-C22A-43E0-BF4C-06F5698FFBD9},,,,423346,,,,,,,-,,INFO,2,,,Microsoft Windows,Valid,TRUE,,,,,,,eventlog,im_msvistalog,Microsoft-Windows-Sysmon,,,,,,,,,,,,,,,,,,,,,,,,7,,,,4688,,,,,S-1-5-18,2022-04-15 12:06:02,3,,,"{""EventID"":7,""RecordNumber"":423346,""ProviderGuid"":""{5770385F-C22A-43E0-BF4C-06F5698FFBD9}"",""SourceName"":""Microsoft-Windows-Sysmon"",""OpcodeValue"":0,""AccountName"":""SYSTEM"",""SignatureStatus"":""Valid"",""SourceModuleName"":""eventlog"",""ExecutionProcessID"":3524,""AccountType"":""User"",""Category"":""Image loaded (rule: ImageLoad)"",""Domain"":""NT AUTHORITY"",""port"":60427,""Company"":""Microsoft Corporation"",""ThreadID"":4688,""Severity"":""INFO"",""EventType"":""INFO"",""Signed"":""true"",""Channel"":""Microsoft-Windows-Sysmon/Operational"",""Opcode"":""Info"",""EventReceivedTime"":""2022-04-15 08:06:02"",""ImageLoaded"":""C:\\Windows\\System32\\wbem\\wbemprox.dll"",""Task"":7,""RuleName"":""-"",""Keywords"":-9223372036854775808,""Version"":3,""ProcessId"":""9428"",""Image"":""C:\\Windows\\System32\\wbem\\WMIC.exe"",""Product"":""Microsoft® Windows® Operating System"",""tags"":[""splunk""],""EventTime"":""2022-04-15 08:06:01"",""host"":""cybertees.net"",""SeverityValue"":2,""Message"":""Image loaded:\r\nRuleName: -\r\nUtcTime: 2022-04-15 12:06:01.858\r\nProcessGuid: {2d351099-5ca9-5f5f-2f04-000000000400}\r\nProcessId: 9428\r\nImage: C:\\Windows\\System32\\wbem\\WMIC.exe\r\nImageLoaded: C:\\Windows\\System32\\wbem\\wbemprox.dll\r\nFileVersion: 10.0.18362.1 (WinBuild.160101.0800)\r\nDescription: WMI\r\nProduct: Microsoft® Windows® Operating System\r\nCompany: Microsoft Corporation\r\nOriginalFileName: wbemprox.dll\r\nHashes: SHA1=CD68DD1A25B246BF189D5718F3A7029D882A87B9,MD5=1DF9F7750C1F0FD8D2DB4A24BC89AF87,SHA256=3FA4641ECA80FE270E5B2A1DB22CDB0EC700C858BDE9C6F3AD53FBD275D76B68,IMPHASH=2071F5DD5C967908540F0C880AAFC6EC\r\nSigned: true\r\nSignature: Microsoft Windows\r\nSignatureStatus: Valid"",""UtcTime"":""2022-04-15 12:06:01.858"",""UserID"":""S-1-5-18"",""FileVersion"":""10.0.18362.1 (WinBuild.160101.0800)"",""Description"":""WMI"",""OriginalFileName"":""wbemprox.dll"",""timestamp"":""2022-04-15T12:06:02.605Z"",""Hashes"":""SHA1=CD68DD1A25B246BF189D5718F3A7029D882A87B9,MD5=1DF9F7750C1F0FD8D2DB4A24BC89AF87,SHA256=3FA4641ECA80FE270E5B2A1DB22CDB0EC700C858BDE9C6F3AD53FBD275D76B68,IMPHASH=2071F5DD5C967908540F0C880AAFC6EC"",""Signature"":""Microsoft Windows"",""@version"":""1"",""SourceModuleType"":""im_msvistalog"",""Hostname"":""James.browne"",""ProcessGuid"":""{2d351099-5ca9-5f5f-2f04-000000000400}""}",2022-04-15T08:06:01.000+0000,8,15,6,april,1,friday,2022,local,,INFO,cybertees.net,cyber-host,windowslogs,1,60427,"{"""":,"""":,"""":""{----}"","""":""--"","""":,"""":"""","""":"""","""":""""",Event_logs.json,_json,ip-10-10-40-195,,splunk,,2022-04-15T12:06:02.605Z,
1,,,,SYSTEM,User,,,,,,Image loaded (rule: ImageLoad),Microsoft-Windows-Sysmon/Operational,,Microsoft Corporation,,,,COM+ Configuration Catalog,,,,,,,,,,,,NT AUTHORITY,,,,,7,,2022-04-15 8:06:02,2022-04-15 8:06:01,,3524,2001.12.10941.16384 (WinBuild.160101.0800),,,,,"SHA1=7DE7C7E87CFA639E8C4DF269E38FB69A391D6790,MD5=4B179D7C6AA9424831847BA6BACDB260,SHA256=F0541B07D7B00C8D09BC72DF7E2D974F83482E42CD88B4E8260B832B7A71682E,IMPHASH=70F94828FF194145825265FE7BA88C95",James.browne,C:\Windows\System32\wbem\WMIC.exe,C:\Windows\System32\clbcatq.dll,,,,,,,,-9223372036854775808,,,,,,,,,"Image loaded:
RuleName: -
