1,,,,SYSTEM,User,,,,,,Image loaded (rule: ImageLoad),Microsoft-Windows-Sysmon/Operational,,Microsoft Corporation,,,,Configuration Manager DLL,,,,,,,,,,,,NT AUTHORITY,,,,,7,,2022-04-15 8:06:06,2022-04-15 8:06:06,,3524,10.0.18362.387 (WinBuild.160101.0800),,,,,"SHA1=FA3A718BEED81C7084675E250ADC305677A6B5E4,MD5=3A99A40872AF3B87406CC57DBDF53748,SHA256=96A1DB38C74A81FBA4C4AB29020551364FD1ADA3B6FED789D193C787E757979D,IMPHASH=4B4464C7677B6F07342800F4CF0BA273",James.browne,C:\Windows\System32\conhost.exe,C:\Windows\System32\cfgmgr32.dll,,,,,,,,-9223372036854775808,,,,,,,,,"Image loaded:
RuleName: -
UtcTime: 2022-04-15 12:06:06.050
ProcessGuid: {2d351099-5cae-5f5f-3104-000000000400}
ProcessId: 9992
Image: C:\Windows\System32\conhost.exe
ImageLoaded: C:\Windows\System32\cfgmgr32.dll
FileVersion: 10.0.18362.387 (WinBuild.160101.0800)
Description: Configuration Manager DLL
Product: Microsoft® Windows® Operating System
Company: Microsoft Corporation
OriginalFileName: CFGMGR32.DLL
Hashes: SHA1=FA3A718BEED81C7084675E250ADC305677A6B5E4,MD5=3A99A40872AF3B87406CC57DBDF53748,SHA256=96A1DB38C74A81FBA4C4AB29020551364FD1ADA3B6FED789D193C787E757979D,IMPHASH=4B4464C7677B6F07342800F4CF0BA273
Signed: true
Signature: Microsoft Windows
SignatureStatus: Valid",,,,,,,,Info,0,CFGMGR32.DLL,,,,,,,,,{2d351099-5cae-5f5f-3104-000000000400},9992,,Microsoft® Windows® Operating System,,{5770385F-C22A-43E0-BF4C-06F5698FFBD9},,,,423489,,,,,,,-,,INFO,2,,,Microsoft Windows,Valid,TRUE,,,,,,,eventlog,im_msvistalog,Microsoft-Windows-Sysmon,,,,,,,,,,,,,,,,,,,,,,,,7,,,,4700,,,,,S-1-5-18,2022-04-15 12:06:06,3,,,"{""EventID"":7,""RecordNumber"":423489,""ProviderGuid"":""{5770385F-C22A-43E0-BF4C-06F5698FFBD9}"",""SourceName"":""Microsoft-Windows-Sysmon"",""OpcodeValue"":0,""AccountName"":""SYSTEM"",""SignatureStatus"":""Valid"",""SourceModuleName"":""eventlog"",""ExecutionProcessID"":3524,""AccountType"":""User"",""Category"":""Image loaded (rule: ImageLoad)"",""Domain"":""NT AUTHORITY"",""port"":60427,""Company"":""Microsoft Corporation"",""ThreadID"":4700,""Severity"":""INFO"",""EventType"":""INFO"",""Signed"":""true"",""Channel"":""Microsoft-Windows-Sysmon/Operational"",""Opcode"":""Info"",""EventReceivedTime"":""2022-04-15 08:06:06"",""ImageLoaded"":""C:\\Windows\\System32\\cfgmgr32.dll"",""Task"":7,""RuleName"":""-"",""Keywords"":-9223372036854775808,""Version"":3,""ProcessId"":""9992"",""Image"":""C:\\Windows\\System32\\conhost.exe"",""Product"":""Microsoft® Windows® Operating System"",""tags"":[""splunk""],""EventTime"":""2022-04-15 08:06:06"",""host"":""cybertees.net"",""SeverityValue"":2,""Message"":""Image loaded:\r\nRuleName: -\r\nUtcTime: 2022-04-15 12:06:06.050\r\nProcessGuid: {2d351099-5cae-5f5f-3104-000000000400}\r\nProcessId: 9992\r\nImage: C:\\Windows\\System32\\conhost.exe\r\nImageLoaded: C:\\Windows\\System32\\cfgmgr32.dll\r\nFileVersion: 10.0.18362.387 (WinBuild.160101.0800)\r\nDescription: Configuration Manager DLL\r\nProduct: Microsoft® Windows® Operating System\r\nCompany: Microsoft Corporation\r\nOriginalFileName: CFGMGR32.DLL\r\nHashes: SHA1=FA3A718BEED81C7084675E250ADC305677A6B5E4,MD5=3A99A40872AF3B87406CC57DBDF53748,SHA256=96A1DB38C74A81FBA4C4AB29020551364FD1ADA3B6FED789D193C787E757979D,IMPHASH=4B4464C7677B6F07342800F4CF0BA273\r\nSigned: true\r\nSignature: Microsoft Windows\r\nSignatureStatus: Valid"",""UtcTime"":""2022-04-15 12:06:06.050"",""UserID"":""S-1-5-18"",""FileVersion"":""10.0.18362.387 (WinBuild.160101.0800)"",""Description"":""Configuration Manager DLL"",""OriginalFileName"":""CFGMGR32.DLL"",""timestamp"":""2022-04-15T12:06:06.974Z"",""Hashes"":""SHA1=FA3A718BEED81C7084675E250ADC305677A6B5E4,MD5=3A99A40872AF3B87406CC57DBDF53748,SHA256=96A1DB38C74A81FBA4C4AB29020551364FD1ADA3B6FED789D193C787E757979D,IMPHASH=4B4464C7677B6F07342800F4CF0BA273"",""Signature"":""Microsoft Windows"",""@version"":""1"",""SourceModuleType"":""im_msvistalog"",""Hostname"":""James.browne"",""ProcessGuid"":""{2d351099-5cae-5f5f-3104-000000000400}""}",2022-04-15T08:06:02.000+0000,8,15,6,april,2,friday,2022,local,,INFO,cybertees.net,cyber-host,windowslogs,1,60427,"{"""":,"""":,"""":""{----}"","""":""--"","""":,"""":"""","""":"""","""":""""",Event_logs.json,_json,ip-10-10-40-195,,splunk,,2022-04-15T12:06:06.974Z,
1,,,,SYSTEM,User,,,,,,Image loaded (rule: ImageLoad),Microsoft-Windows-Sysmon/Operational,,Microsoft Corporation,,,,Cryptographic Service Provider API,,,,,,,,,,,,NT AUTHORITY,,,,,7,,2022-04-15 8:06:06,2022-04-15 8:06:06,,3524,10.0.18362.1 (WinBuild.160101.0800),,,,,"SHA1=90F229FB5DB52DF3604195B10C48E946684929ED,MD5=ACE18C6797090A1AA259BB8713917F98,SHA256=F5E118F67745792909973717FAE1F9FE68B2619332A4451AD04E0C9072B8D605,IMPHASH=A9B9D04D0B53DC48ABB37BE77AD01B55",James.browne,C:\Windows\System32\conhost.exe,C:\Windows\System32\cryptsp.dll,,,,,,,,-9223372036854775808,,,,,,,,,"Image loaded:
RuleName: -
UtcTime: 2022-04-15 12:06:06.050
ProcessGuid: {2d351099-5cae-5f5f-3104-000000000400}
ProcessId: 9992
Image: C:\Windows\System32\conhost.exe
ImageLoaded: C:\Windows\System32\cryptsp.dll
FileVersion: 10.0.18362.1 (WinBuild.160101.0800)
Description: Cryptographic Service Provider API
Product: Microsoft® Windows® Operating System
Company: Microsoft Corporation
OriginalFileName: cryptsp.dll
Hashes: SHA1=90F229FB5DB52DF3604195B10C48E946684929ED,MD5=ACE18C6797090A1AA259BB8713917F98,SHA256=F5E118F67745792909973717FAE1F9FE68B2619332A4451AD04E0C9072B8D605,IMPHASH=A9B9D04D0B53DC48ABB37BE77AD01B55
Signed: true
Signature: Microsoft Windows
SignatureStatus: Valid",,,,,,,,Info,0,cryptsp.dll,,,,,,,,,{2d351099-5cae-5f5f-3104-000000000400},9992,,Microsoft® Windows® Operating System,,{5770385F-C22A-43E0-BF4C-06F5698FFBD9},,,,423488,,,,,,,-,,INFO,2,,,Microsoft Windows,Valid,TRUE,,,,,,,eventlog,im_msvistalog,Microsoft-Windows-Sysmon,,,,,,,,,,,,,,,,,,,,,,,,7,,,,4688,,,,,S-1-5-18,2022-04-15 12:06:06,3,,,"{""EventID"":7,""RecordNumber"":423488,""ProviderGuid"":""{5770385F-C22A-43E0-BF4C-06F5698FFBD9}"",""SourceName"":""Microsoft-Windows-Sysmon"",""OpcodeValue"":0,""AccountName"":""SYSTEM"",""SignatureStatus"":""Valid"",""SourceModuleName"":""eventlog"",""ExecutionProcessID"":3524,""AccountType"":""User"",""Category"":""Image loaded (rule: ImageLoad)"",""Domain"":""NT AUTHORITY"",""port"":60427,""Company"":""Microsoft Corporation"",""ThreadID"":4688,""Severity"":""INFO"",""EventType"":""INFO"",""Signed"":""true"",""Channel"":""Microsoft-Windows-Sysmon/Operational"",""Opcode"":""Info"",""EventReceivedTime"":""2022-04-15 08:06:06"",""ImageLoaded"":""C:\\Windows\\System32\\cryptsp.dll"",""Task"":7,""RuleName"":""-"",""Keywords"":-9223372036854775808,""Version"":3,""ProcessId"":""9992"",""Image"":""C:\\Windows\\System32\\conhost.exe"",""Product"":""Microsoft® Windows® Operating System"",""tags"":[""splunk""],""EventTime"":""2022-04-15 08:06:06"",""host"":""cybertees.net"",""SeverityValue"":2,""Message"":""Image loaded:\r\nRuleName: -\r\nUtcTime: 2022-04-15 12:06:06.050\r\nProcessGuid: {2d351099-5cae-5f5f-3104-000000000400}\r\nProcessId: 9992\r\nImage: C:\\Windows\\System32\\conhost.exe\r\nImageLoaded: C:\\Windows\\System32\\cryptsp.dll\r\nFileVersion: 10.0.18362.1 (WinBuild.160101.0800)\r\nDescription: Cryptographic Service Provider API\r\nProduct: Microsoft® Windows® Operating System\r\nCompany: Microsoft Corporation\r\nOriginalFileName: cryptsp.dll\r\nHashes: SHA1=90F229FB5DB52DF3604195B10C48E946684929ED,MD5=ACE18C6797090A1AA259BB8713917F98,SHA256=F5E118F67745792909973717FAE1F9FE68B2619332A4451AD04E0C9072B8D605,IMPHASH=A9B9D04D0B53DC48ABB37BE77AD01B55\r\nSigned: true\r\nSignature: Microsoft Windows\r\nSignatureStatus: Valid"",""UtcTime"":""2022-04-15 12:06:06.050"",""UserID"":""S-1-5-18"",""FileVersion"":""10.0.18362.1 (WinBuild.160101.0800)"",""Description"":""Cryptographic Service Provider API"",""OriginalFileName"":""cryptsp.dll"",""timestamp"":""2022-04-15T12:06:06.973Z"",""Hashes"":""SHA1=90F229FB5DB52DF3604195B10C48E946684929ED,MD5=ACE18C6797090A1AA259BB8713917F98,SHA256=F5E118F67745792909973717FAE1F9FE68B2619332A4451AD04E0C9072B8D605,IMPHASH=A9B9D04D0B53DC48ABB37BE77AD01B55"",""Signature"":""Microsoft Windows"",""@version"":""1"",""SourceModuleType"":""im_msvistalog"",""Hostname"":""James.browne"",""ProcessGuid"":""{2d351099-5cae-5f5f-3104-000000000400}""}",2022-04-15T08:06:02.000+0000,8,15,6,april,2,friday,2022,local,,INFO,cybertees.net,cyber-host,windowslogs,1,60427,"{"""":,"""":,"""":""{----}"","""":""--"","""":,"""":"""","""":"""","""":""""",Event_logs.json,_json,ip-10-10-40-195,,splunk,,2022-04-15T12:06:06.973Z,
1,,,,SYSTEM,User,,,,,,Image loaded (rule: ImageLoad),Microsoft-Windows-Sysmon/Operational,,Microsoft Corporation,,,,AppModel API Host,,,,,,,,,,,,NT AUTHORITY,,,,,7,,2022-04-15 8:06:06,2022-04-15 8:06:06,,3524,10.0.18362.1 (WinBuild.160101.0800),,,,,"SHA1=4985EC8C3309DB6CCCCFD4D18423A84E37BEC172,MD5=EDF981437C0FD1B9DBF9EA42CE97CE60,SHA256=42164F81BC8FC2D0A6B71DAA492BE6A6D4785821AA4FDCA27B9273721EDB23D9,IMPHASH=8899216954AA228EAA7E8EEDC31DBC03",James.browne,C:\Windows\System32\conhost.exe,C:\Windows\System32\kernel.appcore.dll,,,,,,,,-9223372036854775808,,,,,,,,,"Image loaded:
RuleName: -
UtcTime: 2022-04-15 12:06:06.050
ProcessGuid: {2d351099-5cae-5f5f-3104-000000000400}
ProcessId: 9992
Image: C:\Windows\System32\conhost.exe
ImageLoaded: C:\Windows\System32\kernel.appcore.dll
FileVersion: 10.0.18362.1 (WinBuild.160101.0800)
Description: AppModel API Host
Product: Microsoft® Windows® Operating System
Company: Microsoft Corporation
OriginalFileName: kernel.appcore.dll
Hashes: SHA1=4985EC8C3309DB6CCCCFD4D18423A84E37BEC172,MD5=EDF981437C0FD1B9DBF9EA42CE97CE60,SHA256=42164F81BC8FC2D0A6B71DAA492BE6A6D4785821AA4FDCA27B9273721EDB23D9,IMPHASH=8899216954AA228EAA7E8EEDC31DBC03
Signed: true
Signature: Microsoft Windows
SignatureStatus: Valid",,,,,,,,Info,0,kernel.appcore.dll,,,,,,,,,{2d351099-5cae-5f5f-3104-000000000400},9992,,Microsoft® Windows® Operating System,,{5770385F-C22A-43E0-BF4C-06F5698FFBD9},,,,423487,,,,,,,-,,INFO,2,,,Microsoft Windows,Valid,TRUE,,,,,,,eventlog,im_msvistalog,Microsoft-Windows-Sysmon,,,,,,,,,,,,,,,,,,,,,,,,7,,,,4688,,,,,S-1-5-18,2022-04-15 12:06:06,3,,,"{""EventID"":7,""RecordNumber"":423487,""ProviderGuid"":""{5770385F-C22A-43E0-BF4C-06F5698FFBD9}"",""SourceName"":""Microsoft-Windows-Sysmon"",""OpcodeValue"":0,""AccountName"":""SYSTEM"",""SignatureStatus"":""Valid"",""SourceModuleName"":""eventlog"",""ExecutionProcessID"":3524,""AccountType"":""User"",""Category"":""Image loaded (rule: ImageLoad)"",""Domain"":""NT AUTHORITY"",""port"":60427,""Company"":""Microsoft Corporation"",""ThreadID"":4688,""Severity"":""INFO"",""EventType"":""INFO"",""Signed"":""true"",""Channel"":""Microsoft-Windows-Sysmon/Operational"",""Opcode"":""Info"",""EventReceivedTime"":""2022-04-15 08:06:06"",""ImageLoaded"":""C:\\Windows\\System32\\kernel.appcore.dll"",""Task"":7,""RuleName"":""-"",""Keywords"":-9223372036854775808,""Version"":3,""ProcessId"":""9992"",""Image"":""C:\\Windows\\System32\\conhost.exe"",""Product"":""Microsoft® Windows® Operating System"",""tags"":[""splunk""],""EventTime"":""2022-04-15 08:06:06"",""host"":""cybertees.net"",""SeverityValue"":2,""Message"":""Image loaded:\r\nRuleName: -\r\nUtcTime: 2022-04-15 12:06:06.050\r\nProcessGuid: {2d351099-5cae-5f5f-3104-000000000400}\r\nProcessId: 9992\r\nImage: C:\\Windows\\System32\\conhost.exe\r\nImageLoaded: C:\\Windows\\System32\\kernel.appcore.dll\r\nFileVersion: 10.0.18362.1 (WinBuild.160101.0800)\r\nDescription: AppModel API Host\r\nProduct: Microsoft® Windows® Operating System\r\nCompany: Microsoft Corporation\r\nOriginalFileName: kernel.appcore.dll\r\nHashes: SHA1=4985EC8C3309DB6CCCCFD4D18423A84E37BEC172,MD5=EDF981437C0FD1B9DBF9EA42CE97CE60,SHA256=42164F81BC8FC2D0A6B71DAA492BE6A6D4785821AA4FDCA27B9273721EDB23D9,IMPHASH=8899216954AA228EAA7E8EEDC31DBC03\r\nSigned: true\r\nSignature: Microsoft Windows\r\nSignatureStatus: Valid"",""UtcTime"":""2022-04-15 12:06:06.050"",""UserID"":""S-1-5-18"",""FileVersion"":""10.0.18362.1 (WinBuild.160101.0800)"",""Description"":""AppModel API Host"",""OriginalFileName"":""kernel.appcore.dll"",""timestamp"":""2022-04-15T12:06:06.973Z"",""Hashes"":""SHA1=4985EC8C3309DB6CCCCFD4D18423A84E37BEC172,MD5=EDF981437C0FD1B9DBF9EA42CE97CE60,SHA256=42164F81BC8FC2D0A6B71DAA492BE6A6D4785821AA4FDCA27B9273721EDB23D9,IMPHASH=8899216954AA228EAA7E8EEDC31DBC03"",""Signature"":""Microsoft Windows"",""@version"":""1"",""SourceModuleType"":""im_msvistalog"",""Hostname"":""James.browne"",""ProcessGuid"":""{2d351099-5cae-5f5f-3104-000000000400}""}",2022-04-15T08:06:02.000+0000,8,15,6,april,2,friday,2022,local,,INFO,cybertees.net,cyber-host,windowslogs,1,60427,"{"""":,"""":,"""":""{----}"","""":""--"","""":,"""":"""","""":"""","""":""""",Event_logs.json,_json,ip-10-10-40-195,,splunk,,2022-04-15T12:06:06.973Z,
1,,,,SYSTEM,User,,,,,,Image loaded (rule: ImageLoad),Microsoft-Windows-Sysmon/Operational,,Microsoft Corporation,,,,Shell Light-weight Utility Library,,,,,,,,,,,,NT AUTHORITY,,,,,7,,2022-04-15 8:06:06,2022-04-15 8:06:06,,3524,10.0.18362.1 (WinBuild.160101.0800),,,,,"SHA1=9074DF3335B785BB00B43AE76ACC66B799118FAE,MD5=BFB85A9022324E41FCEC5011BCB5FD23,SHA256=3CDA144CFB6278DA47267FE1E1FE258716A074C3D3DD8413B259DA7DA1039871,IMPHASH=6659A49ABF33952444C5A7FA22FD9032",James.browne,C:\Windows\System32\conhost.exe,C:\Windows\System32\shlwapi.dll,,,,,,,,-9223372036854775808,,,,,,,,,"Image loaded:
RuleName: -
UtcTime: 2022-04-15 12:06:06.050
ProcessGuid: {2d351099-5cae-5f5f-3104-000000000400}
ProcessId: 9992
Image: C:\Windows\System32\conhost.exe
ImageLoaded: C:\Windows\System32\shlwapi.dll
FileVersion: 10.0.18362.1 (WinBuild.160101.0800)
Description: Shell Light-weight Utility Library
Product: Microsoft® Windows® Operating System
Company: Microsoft Corporation
OriginalFileName: SHLWAPI.DLL
Hashes: SHA1=9074DF3335B785BB00B43AE76ACC66B799118FAE,MD5=BFB85A9022324E41FCEC5011BCB5FD23,SHA256=3CDA144CFB6278DA47267FE1E1FE258716A074C3D3DD8413B259DA7DA1039871,IMPHASH=6659A49ABF33952444C5A7FA22FD9032
Signed: true
Signature: Microsoft Windows
SignatureStatus: Valid",,,,,,,,Info,0,SHLWAPI.DLL,,,,,,,,,{2d351099-5cae-5f5f-3104-000000000400},9992,,Microsoft® Windows® Operating System,,{5770385F-C22A-43E0-BF4C-06F5698FFBD9},,,,423486,,,,,,,-,,INFO,2,,,Microsoft Windows,Valid,TRUE,,,,,,,eventlog,im_msvistalog,Microsoft-Windows-Sysmon,,,,,,,,,,,,,,,,,,,,,,,,7,,,,4688,,,,,S-1-5-18,2022-04-15 12:06:06,3,,,"{""EventID"":7,""RecordNumber"":423486,""ProviderGuid"":""{5770385F-C22A-43E0-BF4C-06F5698FFBD9}"",""SourceName"":""Microsoft-Windows-Sysmon"",""OpcodeValue"":0,""AccountName"":""SYSTEM"",""SignatureStatus"":""Valid"",""SourceModuleName"":""eventlog"",""ExecutionProcessID"":3524,""AccountType"":""User"",""Category"":""Image loaded (rule: ImageLoad)"",""Domain"":""NT AUTHORITY"",""port"":60427,""Company"":""Microsoft Corporation"",""ThreadID"":4688,""Severity"":""INFO"",""EventType"":""INFO"",""Signed"":""true"",""Channel"":""Microsoft-Windows-Sysmon/Operational"",""Opcode"":""Info"",""EventReceivedTime"":""2022-04-15 08:06:06"",""ImageLoaded"":""C:\\Windows\\System32\\shlwapi.dll"",""Task"":7,""RuleName"":""-"",""Keywords"":-9223372036854775808,""Version"":3,""ProcessId"":""9992"",""Image"":""C:\\Windows\\System32\\conhost.exe"",""Product"":""Microsoft® Windows® Operating System"",""tags"":[""splunk""],""EventTime"":""2022-04-15 08:06:06"",""host"":""cybertees.net"",""SeverityValue"":2,""Message"":""Image loaded:\r\nRuleName: -\r\nUtcTime: 2022-04-15 12:06:06.050\r\nProcessGuid: {2d351099-5cae-5f5f-3104-000000000400}\r\nProcessId: 9992\r\nImage: C:\\Windows\\System32\\conhost.exe\r\nImageLoaded: C:\\Windows\\System32\\shlwapi.dll\r\nFileVersion: 10.0.18362.1 (WinBuild.160101.0800)\r\nDescription: Shell Light-weight Utility Library\r\nProduct: Microsoft® Windows® Operating System\r\nCompany: Microsoft Corporation\r\nOriginalFileName: SHLWAPI.DLL\r\nHashes: SHA1=9074DF3335B785BB00B43AE76ACC66B799118FAE,MD5=BFB85A9022324E41FCEC5011BCB5FD23,SHA256=3CDA144CFB6278DA47267FE1E1FE258716A074C3D3DD8413B259DA7DA1039871,IMPHASH=6659A49ABF33952444C5A7FA22FD9032\r\nSigned: true\r\nSignature: Microsoft Windows\r\nSignatureStatus: Valid"",""UtcTime"":""2022-04-15 12:06:06.050"",""UserID"":""S-1-5-18"",""FileVersion"":""10.0.18362.1 (WinBuild.160101.0800)"",""Description"":""Shell Light-weight Utility Library"",""OriginalFileName"":""SHLWAPI.DLL"",""timestamp"":""2022-04-15T12:06:06.973Z"",""Hashes"":""SHA1=9074DF3335B785BB00B43AE76ACC66B799118FAE,MD5=BFB85A9022324E41FCEC5011BCB5FD23,SHA256=3CDA144CFB6278DA47267FE1E1FE258716A074C3D3DD8413B259DA7DA1039871,IMPHASH=6659A49ABF33952444C5A7FA22FD9032"",""Signature"":""Microsoft Windows"",""@version"":""1"",""SourceModuleType"":""im_msvistalog"",""Hostname"":""James.browne"",""ProcessGuid"":""{2d351099-5cae-5f5f-3104-000000000400}""}",2022-04-15T08:06:02.000+0000,8,15,6,april,2,friday,2022,local,,INFO,cybertees.net,cyber-host,windowslogs,1,60427,"{"""":,"""":,"""":""{----}"","""":""--"","""":,"""":"""","""":"""","""":""""",Event_logs.json,_json,ip-10-10-40-195,,splunk,,2022-04-15T12:06:06.973Z,
1,,,,SYSTEM,User,,,,,,Image loaded (rule: ImageLoad),Microsoft-Windows-Sysmon/Operational,,-,,,,-,,,,,,,,,,,,NT AUTHORITY,,,,,7,,2022-04-15 8:06:06,2022-04-15 8:06:06,,3524,-,,,,,"SHA1=6ABB78FB1614C12E3E9FFF3DE98B0E13E79201D9,MD5=B9A75ED4500DD953DF172FE6F63578E8,SHA256=709B99BA1DFEF6D9B2483F37D242B12F29B1E1ADE13E338B4D7041C55B55204B,IMPHASH=5A0FF5293A05BFEBAE6F2C9C302FC5E7",James.browne,C:\Windows\System32\conhost.exe,C:\Windows\System32\umpdc.dll,,,,,,,,-9223372036854775808,,,,,,,,,"Image loaded:
RuleName: -
UtcTime: 2022-04-15 12:06:06.050
ProcessGuid: {2d351099-5cae-5f5f-3104-000000000400}
ProcessId: 9992
Image: C:\Windows\System32\conhost.exe
ImageLoaded: C:\Windows\System32\umpdc.dll
FileVersion: -
Description: -
Product: -
Company: -
OriginalFileName: -
Hashes: SHA1=6ABB78FB1614C12E3E9FFF3DE98B0E13E79201D9,MD5=B9A75ED4500DD953DF172FE6F63578E8,SHA256=709B99BA1DFEF6D9B2483F37D242B12F29B1E1ADE13E338B4D7041C55B55204B,IMPHASH=5A0FF5293A05BFEBAE6F2C9C302FC5E7
Signed: true
Signature: Microsoft Windows
SignatureStatus: Valid",,,,,,,,Info,0,-,,,,,,,,,{2d351099-5cae-5f5f-3104-000000000400},9992,,-,,{5770385F-C22A-43E0-BF4C-06F5698FFBD9},,,,423485,,,,,,,-,,INFO,2,,,Microsoft Windows,Valid,TRUE,,,,,,,eventlog,im_msvistalog,Microsoft-Windows-Sysmon,,,,,,,,,,,,,,,,,,,,,,,,7,,,,4688,,,,,S-1-5-18,2022-04-15 12:06:06,3,,,"{""EventID"":7,""RecordNumber"":423485,""ProviderGuid"":""{5770385F-C22A-43E0-BF4C-06F5698FFBD9}"",""SourceName"":""Microsoft-Windows-Sysmon"",""OpcodeValue"":0,""AccountName"":""SYSTEM"",""SignatureStatus"":""Valid"",""SourceModuleName"":""eventlog"",""ExecutionProcessID"":3524,""AccountType"":""User"",""Category"":""Image loaded (rule: ImageLoad)"",""Domain"":""NT AUTHORITY"",""port"":60427,""Company"":""-"",""ThreadID"":4688,""Severity"":""INFO"",""EventType"":""INFO"",""Signed"":""true"",""Channel"":""Microsoft-Windows-Sysmon/Operational"",""Opcode"":""Info"",""EventReceivedTime"":""2022-04-15 08:06:06"",""ImageLoaded"":""C:\\Windows\\System32\\umpdc.dll"",""Task"":7,""RuleName"":""-"",""Keywords"":-9223372036854775808,""Version"":3,""ProcessId"":""9992"",""Image"":""C:\\Windows\\System32\\conhost.exe"",""Product"":""-"",""tags"":[""splunk""],""EventTime"":""2022-04-15 08:06:06"",""host"":""cybertees.net"",""SeverityValue"":2,""Message"":""Image loaded:\r\nRuleName: -\r\nUtcTime: 2022-04-15 12:06:06.050\r\nProcessGuid: {2d351099-5cae-5f5f-3104-000000000400}\r\nProcessId: 9992\r\nImage: C:\\Windows\\System32\\conhost.exe\r\nImageLoaded: C:\\Windows\\System32\\umpdc.dll\r\nFileVersion: -\r\nDescription: -\r\nProduct: -\r\nCompany: -\r\nOriginalFileName: -\r\nHashes: SHA1=6ABB78FB1614C12E3E9FFF3DE98B0E13E79201D9,MD5=B9A75ED4500DD953DF172FE6F63578E8,SHA256=709B99BA1DFEF6D9B2483F37D242B12F29B1E1ADE13E338B4D7041C55B55204B,IMPHASH=5A0FF5293A05BFEBAE6F2C9C302FC5E7\r\nSigned: true\r\nSignature: Microsoft Windows\r\nSignatureStatus: Valid"",""UtcTime"":""2022-04-15 12:06:06.050"",""UserID"":""S-1-5-18"",""FileVersion"":""-"",""Description"":""-"",""OriginalFileName"":""-"",""timestamp"":""2022-04-15T12:06:06.972Z"",""Hashes"":""SHA1=6ABB78FB1614C12E3E9FFF3DE98B0E13E79201D9,MD5=B9A75ED4500DD953DF172FE6F63578E8,SHA256=709B99BA1DFEF6D9B2483F37D242B12F29B1E1ADE13E338B4D7041C55B55204B,IMPHASH=5A0FF5293A05BFEBAE6F2C9C302FC5E7"",""Signature"":""Microsoft Windows"",""@version"":""1"",""SourceModuleType"":""im_msvistalog"",""Hostname"":""James.browne"",""ProcessGuid"":""{2d351099-5cae-5f5f-3104-000000000400}""}",2022-04-15T08:06:02.000+0000,8,15,6,april,2,friday,2022,local,,INFO,cybertees.net,cyber-host,windowslogs,1,60427,"{"""":,"""":,"""":""{----}"","""":""--"","""":,"""":"""","""":"""","""":""""",Event_logs.json,_json,ip-10-10-40-195,,splunk,,2022-04-15T12:06:06.972Z,
1,,,,SYSTEM,User,,,,,,Image loaded (rule: ImageLoad),Microsoft-Windows-Sysmon/Operational,,Microsoft Corporation,,,,Power Profile Helper DLL,,,,,,,,,,,,NT AUTHORITY,,,,,7,,2022-04-15 8:06:06,2022-04-15 8:06:06,,3524,10.0.18362.1 (WinBuild.160101.0800),,,,,"SHA1=30D5ADBC0664977C27B65622F514632581C9AF45,MD5=07B027B1E0B775FAE815E487F28137B9,SHA256=21358CE9A416C7F6DB063095102E91F014BDB85B08A4E783E17234792C9B483A,IMPHASH=817FF4748665EB442F0081A91349F764",James.browne,C:\Windows\System32\conhost.exe,C:\Windows\System32\powrprof.dll,,,,,,,,-9223372036854775808,,,,,,,,,"Image loaded:
RuleName: -
UtcTime: 2022-04-15 12:06:06.050
ProcessGuid: {2d351099-5cae-5f5f-3104-000000000400}
ProcessId: 9992
Image: C:\Windows\System32\conhost.exe
ImageLoaded: C:\Windows\System32\powrprof.dll
FileVersion: 10.0.18362.1 (WinBuild.160101.0800)
Description: Power Profile Helper DLL
Product: Microsoft® Windows® Operating System
Company: Microsoft Corporation
OriginalFileName: POWRPROF.DLL
Hashes: SHA1=30D5ADBC0664977C27B65622F514632581C9AF45,MD5=07B027B1E0B775FAE815E487F28137B9,SHA256=21358CE9A416C7F6DB063095102E91F014BDB85B08A4E783E17234792C9B483A,IMPHASH=817FF4748665EB442F0081A91349F764
Signed: true
Signature: Microsoft Windows
SignatureStatus: Valid",,,,,,,,Info,0,POWRPROF.DLL,,,,,,,,,{2d351099-5cae-5f5f-3104-000000000400},9992,,Microsoft® Windows® Operating System,,{5770385F-C22A-43E0-BF4C-06F5698FFBD9},,,,423484,,,,,,,-,,INFO,2,,,Microsoft Windows,Valid,TRUE,,,,,,,eventlog,im_msvistalog,Microsoft-Windows-Sysmon,,,,,,,,,,,,,,,,,,,,,,,,7,,,,4688,,,,,S-1-5-18,2022-04-15 12:06:06,3,,,"{""EventID"":7,""RecordNumber"":423484,""ProviderGuid"":""{5770385F-C22A-43E0-BF4C-06F5698FFBD9}"",""SourceName"":""Microsoft-Windows-Sysmon"",""OpcodeValue"":0,""AccountName"":""SYSTEM"",""SignatureStatus"":""Valid"",""SourceModuleName"":""eventlog"",""ExecutionProcessID"":3524,""AccountType"":""User"",""Category"":""Image loaded (rule: ImageLoad)"",""Domain"":""NT AUTHORITY"",""port"":60427,""Company"":""Microsoft Corporation"",""ThreadID"":4688,""Severity"":""INFO"",""EventType"":""INFO"",""Signed"":""true"",""Channel"":""Microsoft-Windows-Sysmon/Operational"",""Opcode"":""Info"",""EventReceivedTime"":""2022-04-15 08:06:06"",""ImageLoaded"":""C:\\Windows\\System32\\powrprof.dll"",""Task"":7,""RuleName"":""-"",""Keywords"":-9223372036854775808,""Version"":3,""ProcessId"":""9992"",""Image"":""C:\\Windows\\System32\\conhost.exe"",""Product"":""Microsoft® Windows® Operating System"",""tags"":[""splunk""],""EventTime"":""2022-04-15 08:06:06"",""host"":""cybertees.net"",""SeverityValue"":2,""Message"":""Image loaded:\r\nRuleName: -\r\nUtcTime: 2022-04-15 12:06:06.050\r\nProcessGuid: {2d351099-5cae-5f5f-3104-000000000400}\r\nProcessId: 9992\r\nImage: C:\\Windows\\System32\\conhost.exe\r\nImageLoaded: C:\\Windows\\System32\\powrprof.dll\r\nFileVersion: 10.0.18362.1 (WinBuild.160101.0800)\r\nDescription: Power Profile Helper DLL\r\nProduct: Microsoft® Windows® Operating System\r\nCompany: Microsoft Corporation\r\nOriginalFileName: POWRPROF.DLL\r\nHashes: SHA1=30D5ADBC0664977C27B65622F514632581C9AF45,MD5=07B027B1E0B775FAE815E487F28137B9,SHA256=21358CE9A416C7F6DB063095102E91F014BDB85B08A4E783E17234792C9B483A,IMPHASH=817FF4748665EB442F0081A91349F764\r\nSigned: true\r\nSignature: Microsoft Windows\r\nSignatureStatus: Valid"",""UtcTime"":""2022-04-15 12:06:06.050"",""UserID"":""S-1-5-18"",""FileVersion"":""10.0.18362.1 (WinBuild.160101.0800)"",""Description"":""Power Profile Helper DLL"",""OriginalFileName"":""POWRPROF.DLL"",""timestamp"":""2022-04-15T12:06:06.971Z"",""Hashes"":""SHA1=30D5ADBC0664977C27B65622F514632581C9AF45,MD5=07B027B1E0B775FAE815E487F28137B9,SHA256=21358CE9A416C7F6DB063095102E91F014BDB85B08A4E783E17234792C9B483A,IMPHASH=817FF4748665EB442F0081A91349F764"",""Signature"":""Microsoft Windows"",""@version"":""1"",""SourceModuleType"":""im_msvistalog"",""Hostname"":""James.browne"",""ProcessGuid"":""{2d351099-5cae-5f5f-3104-000000000400}""}",2022-04-15T08:06:02.000+0000,8,15,6,april,2,friday,2022,local,,INFO,cybertees.net,cyber-host,windowslogs,1,60427,"{"""":,"""":,"""":""{----}"","""":""--"","""":,"""":"""","""":"""","""":""""",Event_logs.json,_json,ip-10-10-40-195,,splunk,,2022-04-15T12:06:06.971Z,
1,,,,SYSTEM,User,,,,,,Image loaded (rule: ImageLoad),Microsoft-Windows-Sysmon/Operational,,Microsoft Corporation,,,,User Profile Basic API,,,,,,,,,,,,NT AUTHORITY,,,,,7,,2022-04-15 8:06:06,2022-04-15 8:06:06,,3524,10.0.18362.693 (WinBuild.160101.0800),,,,,"SHA1=387FC7660AFDEC45CFFB84980EB77D0E787ED31B,MD5=F4862E1CC68687B9D4B245512BDF8383,SHA256=A2DF0AC95B9AA338EB6062BA5739F65BFBA86658546F4C5CAC6045C363F55E24,IMPHASH=192CF98320740B7D296297054A9C3EEA",James.browne,C:\Windows\System32\conhost.exe,C:\Windows\System32\profapi.dll,,,,,,,,-9223372036854775808,,,,,,,,,"Image loaded:
RuleName: -
UtcTime: 2022-04-15 12:06:06.050
ProcessGuid: {2d351099-5cae-5f5f-3104-000000000400}
ProcessId: 9992
Image: C:\Windows\System32\conhost.exe
ImageLoaded: C:\Windows\System32\profapi.dll
FileVersion: 10.0.18362.693 (WinBuild.160101.0800)
Description: User Profile Basic API
Product: Microsoft® Windows® Operating System
Company: Microsoft Corporation
OriginalFileName: PROFAPI.DLL
Hashes: SHA1=387FC7660AFDEC45CFFB84980EB77D0E787ED31B,MD5=F4862E1CC68687B9D4B245512BDF8383,SHA256=A2DF0AC95B9AA338EB6062BA5739F65BFBA86658546F4C5CAC6045C363F55E24,IMPHASH=192CF98320740B7D296297054A9C3EEA
Signed: true
Signature: Microsoft Windows
SignatureStatus: Valid",,,,,,,,Info,0,PROFAPI.DLL,,,,,,,,,{2d351099-5cae-5f5f-3104-000000000400},9992,,Microsoft® Windows® Operating System,,{5770385F-C22A-43E0-BF4C-06F5698FFBD9},,,,423483,,,,,,,-,,INFO,2,,,Microsoft Windows,Valid,TRUE,,,,,,,eventlog,im_msvistalog,Microsoft-Windows-Sysmon,,,,,,,,,,,,,,,,,,,,,,,,7,,,,4688,,,,,S-1-5-18,2022-04-15 12:06:06,3,,,"{""EventID"":7,""RecordNumber"":423483,""ProviderGuid"":""{5770385F-C22A-43E0-BF4C-06F5698FFBD9}"",""SourceName"":""Microsoft-Windows-Sysmon"",""OpcodeValue"":0,""AccountName"":""SYSTEM"",""SignatureStatus"":""Valid"",""SourceModuleName"":""eventlog"",""ExecutionProcessID"":3524,""AccountType"":""User"",""Category"":""Image loaded (rule: ImageLoad)"",""Domain"":""NT AUTHORITY"",""port"":60427,""Company"":""Microsoft Corporation"",""ThreadID"":4688,""Severity"":""INFO"",""EventType"":""INFO"",""Signed"":""true"",""Channel"":""Microsoft-Windows-Sysmon/Operational"",""Opcode"":""Info"",""EventReceivedTime"":""2022-04-15 08:06:06"",""ImageLoaded"":""C:\\Windows\\System32\\profapi.dll"",""Task"":7,""RuleName"":""-"",""Keywords"":-9223372036854775808,""Version"":3,""ProcessId"":""9992"",""Image"":""C:\\Windows\\System32\\conhost.exe"",""Product"":""Microsoft® Windows® Operating System"",""tags"":[""splunk""],""EventTime"":""2022-04-15 08:06:06"",""host"":""cybertees.net"",""SeverityValue"":2,""Message"":""Image loaded:\r\nRuleName: -\r\nUtcTime: 2022-04-15 12:06:06.050\r\nProcessGuid: {2d351099-5cae-5f5f-3104-000000000400}\r\nProcessId: 9992\r\nImage: C:\\Windows\\System32\\conhost.exe\r\nImageLoaded: C:\\Windows\\System32\\profapi.dll\r\nFileVersion: 10.0.18362.693 (WinBuild.160101.0800)\r\nDescription: User Profile Basic API\r\nProduct: Microsoft® Windows® Operating System\r\nCompany: Microsoft Corporation\r\nOriginalFileName: PROFAPI.DLL\r\nHashes: SHA1=387FC7660AFDEC45CFFB84980EB77D0E787ED31B,MD5=F4862E1CC68687B9D4B245512BDF8383,SHA256=A2DF0AC95B9AA338EB6062BA5739F65BFBA86658546F4C5CAC6045C363F55E24,IMPHASH=192CF98320740B7D296297054A9C3EEA\r\nSigned: true\r\nSignature: Microsoft Windows\r\nSignatureStatus: Valid"",""UtcTime"":""2022-04-15 12:06:06.050"",""UserID"":""S-1-5-18"",""FileVersion"":""10.0.18362.693 (WinBuild.160101.0800)"",""Description"":""User Profile Basic API"",""OriginalFileName"":""PROFAPI.DLL"",""timestamp"":""2022-04-15T12:06:06.971Z"",""Hashes"":""SHA1=387FC7660AFDEC45CFFB84980EB77D0E787ED31B,MD5=F4862E1CC68687B9D4B245512BDF8383,SHA256=A2DF0AC95B9AA338EB6062BA5739F65BFBA86658546F4C5CAC6045C363F55E24,IMPHASH=192CF98320740B7D296297054A9C3EEA"",""Signature"":""Microsoft Windows"",""@version"":""1"",""SourceModuleType"":""im_msvistalog"",""Hostname"":""James.browne"",""ProcessGuid"":""{2d351099-5cae-5f5f-3104-000000000400}""}",2022-04-15T08:06:02.000+0000,8,15,6,april,2,friday,2022,local,,INFO,cybertees.net,cyber-host,windowslogs,1,60427,"{"""":,"""":,"""":""{----}"","""":""--"","""":,"""":"""","""":"""","""":""""",Event_logs.json,_json,ip-10-10-40-195,,splunk,,2022-04-15T12:06:06.971Z,
1,,,,SYSTEM,User,,,,,,Image loaded (rule: ImageLoad),Microsoft-Windows-Sysmon/Operational,,Microsoft Corporation,,,,Windows Shell Common Dll,,,,,,,,,,,,NT AUTHORITY,,,,,7,,2022-04-15 8:06:06,2022-04-15 8:06:06,,3524,10.0.18362.1049 (WinBuild.160101.0800),,,,,"SHA1=EB21D4919DBF6310400D04D81C2752209E53BCC2,MD5=14500F0CBAA1E523A1B695E3BD582000,SHA256=2DB38191D0619097F21C046C4D826558494CA44F7CCA0E45CA1560AAE0E6B46D,IMPHASH=5DE31297232BD99BC22531D7CE95B80E",James.browne,C:\Windows\System32\conhost.exe,C:\Windows\System32\shell32.dll,,,,,,,,-9223372036854775808,,,,,,,,,"Image loaded:
RuleName: -
UtcTime: 2022-04-15 12:06:06.050
ProcessGuid: {2d351099-5cae-5f5f-3104-000000000400}
ProcessId: 9992
Image: C:\Windows\System32\conhost.exe
ImageLoaded: C:\Windows\System32\shell32.dll
FileVersion: 10.0.18362.1049 (WinBuild.160101.0800)
Description: Windows Shell Common Dll
Product: Microsoft® Windows® Operating System
Company: Microsoft Corporation
OriginalFileName: SHELL32.DLL
Hashes: SHA1=EB21D4919DBF6310400D04D81C2752209E53BCC2,MD5=14500F0CBAA1E523A1B695E3BD582000,SHA256=2DB38191D0619097F21C046C4D826558494CA44F7CCA0E45CA1560AAE0E6B46D,IMPHASH=5DE31297232BD99BC22531D7CE95B80E
Signed: true
Signature: Microsoft Windows
SignatureStatus: Valid",,,,,,,,Info,0,SHELL32.DLL,,,,,,,,,{2d351099-5cae-5f5f-3104-000000000400},9992,,Microsoft® Windows® Operating System,,{5770385F-C22A-43E0-BF4C-06F5698FFBD9},,,,423482,,,,,,,-,,INFO,2,,,Microsoft Windows,Valid,TRUE,,,,,,,eventlog,im_msvistalog,Microsoft-Windows-Sysmon,,,,,,,,,,,,,,,,,,,,,,,,7,,,,4688,,,,,S-1-5-18,2022-04-15 12:06:06,3,,,"{""EventID"":7,""RecordNumber"":423482,""ProviderGuid"":""{5770385F-C22A-43E0-BF4C-06F5698FFBD9}"",""SourceName"":""Microsoft-Windows-Sysmon"",""OpcodeValue"":0,""AccountName"":""SYSTEM"",""SignatureStatus"":""Valid"",""SourceModuleName"":""eventlog"",""ExecutionProcessID"":3524,""AccountType"":""User"",""Category"":""Image loaded (rule: ImageLoad)"",""Domain"":""NT AUTHORITY"",""port"":60427,""Company"":""Microsoft Corporation"",""ThreadID"":4688,""Severity"":""INFO"",""EventType"":""INFO"",""Signed"":""true"",""Channel"":""Microsoft-Windows-Sysmon/Operational"",""Opcode"":""Info"",""EventReceivedTime"":""2022-04-15 08:06:06"",""ImageLoaded"":""C:\\Windows\\System32\\shell32.dll"",""Task"":7,""RuleName"":""-"",""Keywords"":-9223372036854775808,""Version"":3,""ProcessId"":""9992"",""Image"":""C:\\Windows\\System32\\conhost.exe"",""Product"":""Microsoft® Windows® Operating System"",""tags"":[""splunk""],""EventTime"":""2022-04-15 08:06:06"",""host"":""cybertees.net"",""SeverityValue"":2,""Message"":""Image loaded:\r\nRuleName: -\r\nUtcTime: 2022-04-15 12:06:06.050\r\nProcessGuid: {2d351099-5cae-5f5f-3104-000000000400}\r\nProcessId: 9992\r\nImage: C:\\Windows\\System32\\conhost.exe\r\nImageLoaded: C:\\Windows\\System32\\shell32.dll\r\nFileVersion: 10.0.18362.1049 (WinBuild.160101.0800)\r\nDescription: Windows Shell Common Dll\r\nProduct: Microsoft® Windows® Operating System\r\nCompany: Microsoft Corporation\r\nOriginalFileName: SHELL32.DLL\r\nHashes: SHA1=EB21D4919DBF6310400D04D81C2752209E53BCC2,MD5=14500F0CBAA1E523A1B695E3BD582000,SHA256=2DB38191D0619097F21C046C4D826558494CA44F7CCA0E45CA1560AAE0E6B46D,IMPHASH=5DE31297232BD99BC22531D7CE95B80E\r\nSigned: true\r\nSignature: Microsoft Windows\r\nSignatureStatus: Valid"",""UtcTime"":""2022-04-15 12:06:06.050"",""UserID"":""S-1-5-18"",""FileVersion"":""10.0.18362.1049 (WinBuild.160101.0800)"",""Description"":""Windows Shell Common Dll"",""OriginalFileName"":""SHELL32.DLL"",""timestamp"":""2022-04-15T12:06:06.970Z"",""Hashes"":""SHA1=EB21D4919DBF6310400D04D81C2752209E53BCC2,MD5=14500F0CBAA1E523A1B695E3BD582000,SHA256=2DB38191D0619097F21C046C4D826558494CA44F7CCA0E45CA1560AAE0E6B46D,IMPHASH=5DE31297232BD99BC22531D7CE95B80E"",""Signature"":""Microsoft Windows"",""@version"":""1"",""SourceModuleType"":""im_msvistalog"",""Hostname"":""James.browne"",""ProcessGuid"":""{2d351099-5cae-5f5f-3104-000000000400}""}",2022-04-15T08:06:02.000+0000,8,15,6,april,2,friday,2022,local,,INFO,cybertees.net,cyber-host,windowslogs,1,60427,"{"""":,"""":,"""":""{----}"","""":""--"","""":,"""":"""","""":"""","""":""""",Event_logs.json,_json,ip-10-10-40-195,,splunk,,2022-04-15T12:06:06.970Z,
1,,,,SYSTEM,User,,,,,,Image loaded (rule: ImageLoad),Microsoft-Windows-Sysmon/Operational,,Microsoft Corporation,,,,GDI Client DLL,,,,,,,,,,,,NT AUTHORITY,,,,,7,,2022-04-15 8:06:06,2022-04-15 8:06:06,,3524,10.0.18362.1082 (WinBuild.160101.0800),,,,,"SHA1=F7A63E3541F18A55EB874AAD899373D0C6EDED74,MD5=9B9E9E68B817D79F296AB1CCF378D017,SHA256=1CF582623B0CB3868554E78574B599F39B10B5CA4A51FA898F89286DDD15CE13,IMPHASH=4D32F6E2211CD04CA28C2CD4FAC607E8",James.browne,C:\Windows\System32\conhost.exe,C:\Windows\System32\gdi32full.dll,,,,,,,,-9223372036854775808,,,,,,,,,"Image loaded:
RuleName: -
UtcTime: 2022-04-15 12:06:06.050
ProcessGuid: {2d351099-5cae-5f5f-3104-000000000400}
ProcessId: 9992
Image: C:\Windows\System32\conhost.exe
ImageLoaded: C:\Windows\System32\gdi32full.dll
FileVersion: 10.0.18362.1082 (WinBuild.160101.0800)
Description: GDI Client DLL
Product: Microsoft® Windows® Operating System
Company: Microsoft Corporation
OriginalFileName: gdi32
Hashes: SHA1=F7A63E3541F18A55EB874AAD899373D0C6EDED74,MD5=9B9E9E68B817D79F296AB1CCF378D017,SHA256=1CF582623B0CB3868554E78574B599F39B10B5CA4A51FA898F89286DDD15CE13,IMPHASH=4D32F6E2211CD04CA28C2CD4FAC607E8
Signed: true
Signature: Microsoft Windows
SignatureStatus: Valid",,,,,,,,Info,0,gdi32,,,,,,,,,{2d351099-5cae-5f5f-3104-000000000400},9992,,Microsoft® Windows® Operating System,,{5770385F-C22A-43E0-BF4C-06F5698FFBD9},,,,423481,,,,,,,-,,INFO,2,,,Microsoft Windows,Valid,TRUE,,,,,,,eventlog,im_msvistalog,Microsoft-Windows-Sysmon,,,,,,,,,,,,,,,,,,,,,,,,7,,,,4688,,,,,S-1-5-18,2022-04-15 12:06:06,3,,,"{""EventID"":7,""RecordNumber"":423481,""ProviderGuid"":""{5770385F-C22A-43E0-BF4C-06F5698FFBD9}"",""SourceName"":""Microsoft-Windows-Sysmon"",""OpcodeValue"":0,""AccountName"":""SYSTEM"",""SignatureStatus"":""Valid"",""SourceModuleName"":""eventlog"",""ExecutionProcessID"":3524,""AccountType"":""User"",""Category"":""Image loaded (rule: ImageLoad)"",""Domain"":""NT AUTHORITY"",""port"":60427,""Company"":""Microsoft Corporation"",""ThreadID"":4688,""Severity"":""INFO"",""EventType"":""INFO"",""Signed"":""true"",""Channel"":""Microsoft-Windows-Sysmon/Operational"",""Opcode"":""Info"",""EventReceivedTime"":""2022-04-15 08:06:06"",""ImageLoaded"":""C:\\Windows\\System32\\gdi32full.dll"",""Task"":7,""RuleName"":""-"",""Keywords"":-9223372036854775808,""Version"":3,""ProcessId"":""9992"",""Image"":""C:\\Windows\\System32\\conhost.exe"",""Product"":""Microsoft® Windows® Operating System"",""tags"":[""splunk""],""EventTime"":""2022-04-15 08:06:06"",""host"":""cybertees.net"",""SeverityValue"":2,""Message"":""Image loaded:\r\nRuleName: -\r\nUtcTime: 2022-04-15 12:06:06.050\r\nProcessGuid: {2d351099-5cae-5f5f-3104-000000000400}\r\nProcessId: 9992\r\nImage: C:\\Windows\\System32\\conhost.exe\r\nImageLoaded: C:\\Windows\\System32\\gdi32full.dll\r\nFileVersion: 10.0.18362.1082 (WinBuild.160101.0800)\r\nDescription: GDI Client DLL\r\nProduct: Microsoft® Windows® Operating System\r\nCompany: Microsoft Corporation\r\nOriginalFileName: gdi32\r\nHashes: SHA1=F7A63E3541F18A55EB874AAD899373D0C6EDED74,MD5=9B9E9E68B817D79F296AB1CCF378D017,SHA256=1CF582623B0CB3868554E78574B599F39B10B5CA4A51FA898F89286DDD15CE13,IMPHASH=4D32F6E2211CD04CA28C2CD4FAC607E8\r\nSigned: true\r\nSignature: Microsoft Windows\r\nSignatureStatus: Valid"",""UtcTime"":""2022-04-15 12:06:06.050"",""UserID"":""S-1-5-18"",""FileVersion"":""10.0.18362.1082 (WinBuild.160101.0800)"",""Description"":""GDI Client DLL"",""OriginalFileName"":""gdi32"",""timestamp"":""2022-04-15T12:06:06.968Z"",""Hashes"":""SHA1=F7A63E3541F18A55EB874AAD899373D0C6EDED74,MD5=9B9E9E68B817D79F296AB1CCF378D017,SHA256=1CF582623B0CB3868554E78574B599F39B10B5CA4A51FA898F89286DDD15CE13,IMPHASH=4D32F6E2211CD04CA28C2CD4FAC607E8"",""Signature"":""Microsoft Windows"",""@version"":""1"",""SourceModuleType"":""im_msvistalog"",""Hostname"":""James.browne"",""ProcessGuid"":""{2d351099-5cae-5f5f-3104-000000000400}""}",2022-04-15T08:06:02.000+0000,8,15,6,april,2,friday,2022,local,,INFO,cybertees.net,cyber-host,windowslogs,1,60427,"{"""":,"""":,"""":""{----}"","""":""--"","""":,"""":"""","""":"""","""":""""",Event_logs.json,_json,ip-10-10-40-195,,splunk,,2022-04-15T12:06:06.968Z,
1,,,,SYSTEM,User,,,,,,Image loaded (rule: ImageLoad),Microsoft-Windows-Sysmon/Operational,,Microsoft Corporation,,,,GDI Client DLL,,,,,,,,,,,,NT AUTHORITY,,,,,7,,2022-04-15 8:06:06,2022-04-15 8:06:06,,3524,10.0.18362.1 (WinBuild.160101.0800),,,,,"SHA1=9E91D74D5B9BF64A3D4BE8C5EA3594F5DA2BC299,MD5=2839609118F48DEA292084E43FAA72D8,SHA256=4FC9460147D5A3AA1F9498863CF10BB7BE6099BEF1A3D55503164CA51E36E27E,IMPHASH=C5F30E6A06AB646153863B68366FE58A",James.browne,C:\Windows\System32\conhost.exe,C:\Windows\System32\gdi32.dll,,,,,,,,-9223372036854775808,,,,,,,,,"Image loaded:
RuleName: -
UtcTime: 2022-04-15 12:06:06.050
ProcessGuid: {2d351099-5cae-5f5f-3104-000000000400}
ProcessId: 9992
Image: C:\Windows\System32\conhost.exe
ImageLoaded: C:\Windows\System32\gdi32.dll
FileVersion: 10.0.18362.1 (WinBuild.160101.0800)
Description: GDI Client DLL
Product: Microsoft® Windows® Operating System
Company: Microsoft Corporation
OriginalFileName: gdi32
Hashes: SHA1=9E91D74D5B9BF64A3D4BE8C5EA3594F5DA2BC299,MD5=2839609118F48DEA292084E43FAA72D8,SHA256=4FC9460147D5A3AA1F9498863CF10BB7BE6099BEF1A3D55503164CA51E36E27E,IMPHASH=C5F30E6A06AB646153863B68366FE58A
Signed: true
Signature: Microsoft Windows
SignatureStatus: Valid",,,,,,,,Info,0,gdi32,,,,,,,,,{2d351099-5cae-5f5f-3104-000000000400},9992,,Microsoft® Windows® Operating System,,{5770385F-C22A-43E0-BF4C-06F5698FFBD9},,,,423480,,,,,,,-,,INFO,2,,,Microsoft Windows,Valid,TRUE,,,,,,,eventlog,im_msvistalog,Microsoft-Windows-Sysmon,,,,,,,,,,,,,,,,,,,,,,,,7,,,,4688,,,,,S-1-5-18,2022-04-15 12:06:06,3,,,"{""EventID"":7,""RecordNumber"":423480,""ProviderGuid"":""{5770385F-C22A-43E0-BF4C-06F5698FFBD9}"",""SourceName"":""Microsoft-Windows-Sysmon"",""OpcodeValue"":0,""AccountName"":""SYSTEM"",""SignatureStatus"":""Valid"",""SourceModuleName"":""eventlog"",""ExecutionProcessID"":3524,""AccountType"":""User"",""Category"":""Image loaded (rule: ImageLoad)"",""Domain"":""NT AUTHORITY"",""port"":60427,""Company"":""Microsoft Corporation"",""ThreadID"":4688,""Severity"":""INFO"",""EventType"":""INFO"",""Signed"":""true"",""Channel"":""Microsoft-Windows-Sysmon/Operational"",""Opcode"":""Info"",""EventReceivedTime"":""2022-04-15 08:06:06"",""ImageLoaded"":""C:\\Windows\\System32\\gdi32.dll"",""Task"":7,""RuleName"":""-"",""Keywords"":-9223372036854775808,""Version"":3,""ProcessId"":""9992"",""Image"":""C:\\Windows\\System32\\conhost.exe"",""Product"":""Microsoft® Windows® Operating System"",""tags"":[""splunk""],""EventTime"":""2022-04-15 08:06:06"",""host"":""cybertees.net"",""SeverityValue"":2,""Message"":""Image loaded:\r\nRuleName: -\r\nUtcTime: 2022-04-15 12:06:06.050\r\nProcessGuid: {2d351099-5cae-5f5f-3104-000000000400}\r\nProcessId: 9992\r\nImage: C:\\Windows\\System32\\conhost.exe\r\nImageLoaded: C:\\Windows\\System32\\gdi32.dll\r\nFileVersion: 10.0.18362.1 (WinBuild.160101.0800)\r\nDescription: GDI Client DLL\r\nProduct: Microsoft® Windows® Operating System\r\nCompany: Microsoft Corporation\r\nOriginalFileName: gdi32\r\nHashes: SHA1=9E91D74D5B9BF64A3D4BE8C5EA3594F5DA2BC299,MD5=2839609118F48DEA292084E43FAA72D8,SHA256=4FC9460147D5A3AA1F9498863CF10BB7BE6099BEF1A3D55503164CA51E36E27E,IMPHASH=C5F30E6A06AB646153863B68366FE58A\r\nSigned: true\r\nSignature: Microsoft Windows\r\nSignatureStatus: Valid"",""UtcTime"":""2022-04-15 12:06:06.050"",""UserID"":""S-1-5-18"",""FileVersion"":""10.0.18362.1 (WinBuild.160101.0800)"",""Description"":""GDI Client DLL"",""OriginalFileName"":""gdi32"",""timestamp"":""2022-04-15T12:06:06.968Z"",""Hashes"":""SHA1=9E91D74D5B9BF64A3D4BE8C5EA3594F5DA2BC299,MD5=2839609118F48DEA292084E43FAA72D8,SHA256=4FC9460147D5A3AA1F9498863CF10BB7BE6099BEF1A3D55503164CA51E36E27E,IMPHASH=C5F30E6A06AB646153863B68366FE58A"",""Signature"":""Microsoft Windows"",""@version"":""1"",""SourceModuleType"":""im_msvistalog"",""Hostname"":""James.browne"",""ProcessGuid"":""{2d351099-5cae-5f5f-3104-000000000400}""}",2022-04-15T08:06:02.000+0000,8,15,6,april,2,friday,2022,local,,INFO,cybertees.net,cyber-host,windowslogs,1,60427,"{"""":,"""":,"""":""{----}"","""":""--"","""":,"""":"""","""":"""","""":""""",Event_logs.json,_json,ip-10-10-40-195,,splunk,,2022-04-15T12:06:06.968Z,
1,,,,SYSTEM,User,,,,,,Image loaded (rule: ImageLoad),Microsoft-Windows-Sysmon/Operational,,Microsoft Corporation,,,,Win32u,,,,,,,,,,,,NT AUTHORITY,,,,,7,,2022-04-15 8:06:06,2022-04-15 8:06:06,,3524,10.0.18362.1082 (WinBuild.160101.0800),,,,,"SHA1=513CA7ADBF528DE9D0770936A2748FBEE92FD4B1,MD5=59FC84F38585E8F4D32424A05612E4FA,SHA256=68BBFE7153072E5A8D11972AA38B0E2CEF94D2149960E543DD80168C1F92BD24,IMPHASH=00000000000000000000000000000000",James.browne,C:\Windows\System32\conhost.exe,C:\Windows\System32\win32u.dll,,,,,,,,-9223372036854775808,,,,,,,,,"Image loaded:
RuleName: -
UtcTime: 2022-04-15 12:06:06.050
ProcessGuid: {2d351099-5cae-5f5f-3104-000000000400}
ProcessId: 9992
Image: C:\Windows\System32\conhost.exe
ImageLoaded: C:\Windows\System32\win32u.dll
FileVersion: 10.0.18362.1082 (WinBuild.160101.0800)
Description: Win32u
Product: Microsoft® Windows® Operating System
Company: Microsoft Corporation
OriginalFileName: Win32u.DLL
Hashes: SHA1=513CA7ADBF528DE9D0770936A2748FBEE92FD4B1,MD5=59FC84F38585E8F4D32424A05612E4FA,SHA256=68BBFE7153072E5A8D11972AA38B0E2CEF94D2149960E543DD80168C1F92BD24,IMPHASH=00000000000000000000000000000000
Signed: true
Signature: Microsoft Windows
SignatureStatus: Valid",,,,,,,,Info,0,Win32u.DLL,,,,,,,,,{2d351099-5cae-5f5f-3104-000000000400},9992,,Microsoft® Windows® Operating System,,{5770385F-C22A-43E0-BF4C-06F5698FFBD9},,,,423479,,,,,,,-,,INFO,2,,,Microsoft Windows,Valid,TRUE,,,,,,,eventlog,im_msvistalog,Microsoft-Windows-Sysmon,,,,,,,,,,,,,,,,,,,,,,,,7,,,,4688,,,,,S-1-5-18,2022-04-15 12:06:06,3,,,"{""EventID"":7,""RecordNumber"":423479,""ProviderGuid"":""{5770385F-C22A-43E0-BF4C-06F5698FFBD9}"",""SourceName"":""Microsoft-Windows-Sysmon"",""OpcodeValue"":0,""AccountName"":""SYSTEM"",""SignatureStatus"":""Valid"",""SourceModuleName"":""eventlog"",""ExecutionProcessID"":3524,""AccountType"":""User"",""Category"":""Image loaded (rule: ImageLoad)"",""Domain"":""NT AUTHORITY"",""port"":60427,""Company"":""Microsoft Corporation"",""ThreadID"":4688,""Severity"":""INFO"",""EventType"":""INFO"",""Signed"":""true"",""Channel"":""Microsoft-Windows-Sysmon/Operational"",""Opcode"":""Info"",""EventReceivedTime"":""2022-04-15 08:06:06"",""ImageLoaded"":""C:\\Windows\\System32\\win32u.dll"",""Task"":7,""RuleName"":""-"",""Keywords"":-9223372036854775808,""Version"":3,""ProcessId"":""9992"",""Image"":""C:\\Windows\\System32\\conhost.exe"",""Product"":""Microsoft® Windows® Operating System"",""tags"":[""splunk""],""EventTime"":""2022-04-15 08:06:06"",""host"":""cybertees.net"",""SeverityValue"":2,""Message"":""Image loaded:\r\nRuleName: -\r\nUtcTime: 2022-04-15 12:06:06.050\r\nProcessGuid: {2d351099-5cae-5f5f-3104-000000000400}\r\nProcessId: 9992\r\nImage: C:\\Windows\\System32\\conhost.exe\r\nImageLoaded: C:\\Windows\\System32\\win32u.dll\r\nFileVersion: 10.0.18362.1082 (WinBuild.160101.0800)\r\nDescription: Win32u\r\nProduct: Microsoft® Windows® Operating System\r\nCompany: Microsoft Corporation\r\nOriginalFileName: Win32u.DLL\r\nHashes: SHA1=513CA7ADBF528DE9D0770936A2748FBEE92FD4B1,MD5=59FC84F38585E8F4D32424A05612E4FA,SHA256=68BBFE7153072E5A8D11972AA38B0E2CEF94D2149960E543DD80168C1F92BD24,IMPHASH=00000000000000000000000000000000\r\nSigned: true\r\nSignature: Microsoft Windows\r\nSignatureStatus: Valid"",""UtcTime"":""2022-04-15 12:06:06.050"",""UserID"":""S-1-5-18"",""FileVersion"":""10.0.18362.1082 (WinBuild.160101.0800)"",""Description"":""Win32u"",""OriginalFileName"":""Win32u.DLL"",""timestamp"":""2022-04-15T12:06:06.967Z"",""Hashes"":""SHA1=513CA7ADBF528DE9D0770936A2748FBEE92FD4B1,MD5=59FC84F38585E8F4D32424A05612E4FA,SHA256=68BBFE7153072E5A8D11972AA38B0E2CEF94D2149960E543DD80168C1F92BD24,IMPHASH=00000000000000000000000000000000"",""Signature"":""Microsoft Windows"",""@version"":""1"",""SourceModuleType"":""im_msvistalog"",""Hostname"":""James.browne"",""ProcessGuid"":""{2d351099-5cae-5f5f-3104-000000000400}""}",2022-04-15T08:06:02.000+0000,8,15,6,april,2,friday,2022,local,,INFO,cybertees.net,cyber-host,windowslogs,1,60427,"{"""":,"""":,"""":""{----}"","""":""--"","""":,"""":"""","""":"""","""":""""",Event_logs.json,_json,ip-10-10-40-195,,splunk,,2022-04-15T12:06:06.967Z,
