1,,,,SYSTEM,User,,,,,,Image loaded (rule: ImageLoad),Microsoft-Windows-Sysmon/Operational,,Microsoft Corporation,,,,Multi-User Windows USER API Client DLL,,,,,,,,,,,,NT AUTHORITY,,,,,7,,2022-04-15 8:06:06,2022-04-15 8:06:06,,3524,10.0.18362.997 (WinBuild.160101.0800),,,,,"SHA1=75625F56E7F2AC8E56CE8A00A3EA4C0C6B0807EF,MD5=C7255260A37B185705C47AA5824AF151,SHA256=116DFE7CC1C09CB0CF7B6D3936D6F2BBC0739A9267CF840FB873B142150253BE,IMPHASH=4C2FEDA3D715107818B9354EC0C836B2",James.browne,C:\Windows\System32\conhost.exe,C:\Windows\System32\user32.dll,,,,,,,,-9223372036854775808,,,,,,,,,"Image loaded:
RuleName: -
UtcTime: 2022-04-15 12:06:06.034
ProcessGuid: {2d351099-5cae-5f5f-3104-000000000400}
ProcessId: 9992
Image: C:\Windows\System32\conhost.exe
ImageLoaded: C:\Windows\System32\user32.dll
FileVersion: 10.0.18362.997 (WinBuild.160101.0800)
Description: Multi-User Windows USER API Client DLL
Product: Microsoft® Windows® Operating System
Company: Microsoft Corporation
OriginalFileName: user32
Hashes: SHA1=75625F56E7F2AC8E56CE8A00A3EA4C0C6B0807EF,MD5=C7255260A37B185705C47AA5824AF151,SHA256=116DFE7CC1C09CB0CF7B6D3936D6F2BBC0739A9267CF840FB873B142150253BE,IMPHASH=4C2FEDA3D715107818B9354EC0C836B2
Signed: true
Signature: Microsoft Windows
SignatureStatus: Valid",,,,,,,,Info,0,user32,,,,,,,,,{2d351099-5cae-5f5f-3104-000000000400},9992,,Microsoft® Windows® Operating System,,{5770385F-C22A-43E0-BF4C-06F5698FFBD9},,,,423478,,,,,,,-,,INFO,2,,,Microsoft Windows,Valid,TRUE,,,,,,,eventlog,im_msvistalog,Microsoft-Windows-Sysmon,,,,,,,,,,,,,,,,,,,,,,,,7,,,,4688,,,,,S-1-5-18,2022-04-15 12:06:06,3,,,"{""EventID"":7,""RecordNumber"":423478,""ProviderGuid"":""{5770385F-C22A-43E0-BF4C-06F5698FFBD9}"",""SourceName"":""Microsoft-Windows-Sysmon"",""OpcodeValue"":0,""AccountName"":""SYSTEM"",""SignatureStatus"":""Valid"",""SourceModuleName"":""eventlog"",""ExecutionProcessID"":3524,""AccountType"":""User"",""Category"":""Image loaded (rule: ImageLoad)"",""Domain"":""NT AUTHORITY"",""port"":60427,""Company"":""Microsoft Corporation"",""ThreadID"":4688,""Severity"":""INFO"",""EventType"":""INFO"",""Signed"":""true"",""Channel"":""Microsoft-Windows-Sysmon/Operational"",""Opcode"":""Info"",""EventReceivedTime"":""2022-04-15 08:06:06"",""ImageLoaded"":""C:\\Windows\\System32\\user32.dll"",""Task"":7,""RuleName"":""-"",""Keywords"":-9223372036854775808,""Version"":3,""ProcessId"":""9992"",""Image"":""C:\\Windows\\System32\\conhost.exe"",""Product"":""Microsoft® Windows® Operating System"",""tags"":[""splunk""],""EventTime"":""2022-04-15 08:06:06"",""host"":""cybertees.net"",""SeverityValue"":2,""Message"":""Image loaded:\r\nRuleName: -\r\nUtcTime: 2022-04-15 12:06:06.034\r\nProcessGuid: {2d351099-5cae-5f5f-3104-000000000400}\r\nProcessId: 9992\r\nImage: C:\\Windows\\System32\\conhost.exe\r\nImageLoaded: C:\\Windows\\System32\\user32.dll\r\nFileVersion: 10.0.18362.997 (WinBuild.160101.0800)\r\nDescription: Multi-User Windows USER API Client DLL\r\nProduct: Microsoft® Windows® Operating System\r\nCompany: Microsoft Corporation\r\nOriginalFileName: user32\r\nHashes: SHA1=75625F56E7F2AC8E56CE8A00A3EA4C0C6B0807EF,MD5=C7255260A37B185705C47AA5824AF151,SHA256=116DFE7CC1C09CB0CF7B6D3936D6F2BBC0739A9267CF840FB873B142150253BE,IMPHASH=4C2FEDA3D715107818B9354EC0C836B2\r\nSigned: true\r\nSignature: Microsoft Windows\r\nSignatureStatus: Valid"",""UtcTime"":""2022-04-15 12:06:06.034"",""UserID"":""S-1-5-18"",""FileVersion"":""10.0.18362.997 (WinBuild.160101.0800)"",""Description"":""Multi-User Windows USER API Client DLL"",""OriginalFileName"":""user32"",""timestamp"":""2022-04-15T12:06:06.967Z"",""Hashes"":""SHA1=75625F56E7F2AC8E56CE8A00A3EA4C0C6B0807EF,MD5=C7255260A37B185705C47AA5824AF151,SHA256=116DFE7CC1C09CB0CF7B6D3936D6F2BBC0739A9267CF840FB873B142150253BE,IMPHASH=4C2FEDA3D715107818B9354EC0C836B2"",""Signature"":""Microsoft Windows"",""@version"":""1"",""SourceModuleType"":""im_msvistalog"",""Hostname"":""James.browne"",""ProcessGuid"":""{2d351099-5cae-5f5f-3104-000000000400}""}",2022-04-15T08:06:02.000+0000,8,15,6,april,2,friday,2022,local,,INFO,cybertees.net,cyber-host,windowslogs,1,60427,"{"""":,"""":,"""":""{----}"","""":""--"","""":,"""":"""","""":"""","""":""""",Event_logs.json,_json,ip-10-10-40-195,,splunk,,2022-04-15T12:06:06.967Z,
1,,,,SYSTEM,User,,,,,C:\windows\SYSTEM32\ntdll.dll+9c534|C:\windows\System32\KERNELBASE.dll+305fe|C:\windows\system32\conhost.exe+1260d|C:\windows\system32\conhost.exe+12505|C:\windows\system32\conhost.exe+895c|C:\windows\system32\conhost.exe+f2e6|C:\windows\System32\KERNEL32.DLL+17bd4|C:\windows\SYSTEM32\ntdll.dll+6ce51,Process accessed (rule: ProcessAccess),Microsoft-Windows-Sysmon/Operational,,,,,,,,,,,,,,,,,,NT AUTHORITY,,,,,10,,2022-04-15 8:06:06,2022-04-15 8:06:06,,3524,,,0x1fffff,,,,James.browne,,,,,,,,,,-9223372036854775808,,,,,,,,,"Process accessed:
RuleName: -
UtcTime: 2022-04-15 12:06:06.034
SourceProcessGUID: {2d351099-5cae-5f5f-3104-000000000400}
SourceProcessId: 9992
SourceThreadId: 8720
SourceImage: C:\windows\system32\conhost.exe
TargetProcessGUID: {2d351099-5cae-5f5f-3004-000000000400}
TargetProcessId: 8940
TargetImage: C:\windows\system32\gpupdate.exe
GrantedAccess: 0x1FFFFF
CallTrace: C:\windows\SYSTEM32\ntdll.dll+9c534|C:\windows\System32\KERNELBASE.dll+305fe|C:\windows\system32\conhost.exe+1260d|C:\windows\system32\conhost.exe+12505|C:\windows\system32\conhost.exe+895c|C:\windows\system32\conhost.exe+f2e6|C:\windows\System32\KERNEL32.DLL+17bd4|C:\windows\SYSTEM32\ntdll.dll+6ce51",,,,,,,,Info,0,,,,,,,,,,,9992,,,,{5770385F-C22A-43E0-BF4C-06F5698FFBD9},,,,423477,,,,,,,-,,INFO,2,,,,,,,,,C:\windows\system32\conhost.exe,,,eventlog,im_msvistalog,Microsoft-Windows-Sysmon,,,{2d351099-5cae-5f5f-3104-000000000400},9992,8720,,,,,,,,,C:\windows\system32\gpupdate.exe,,,,,,{2d351099-5cae-5f5f-3004-000000000400},8940,,,10,,,,4688,,,,,S-1-5-18,2022-04-15 12:06:06,3,,,"{""EventID"":10,""RecordNumber"":423477,""ProviderGuid"":""{5770385F-C22A-43E0-BF4C-06F5698FFBD9}"",""SourceName"":""Microsoft-Windows-Sysmon"",""OpcodeValue"":0,""AccountName"":""SYSTEM"",""SourceImage"":""C:\\windows\\system32\\conhost.exe"",""SourceModuleName"":""eventlog"",""ExecutionProcessID"":3524,""AccountType"":""User"",""Category"":""Process accessed (rule: ProcessAccess)"",""SourceProcessId"":""9992"",""Domain"":""NT AUTHORITY"",""port"":60427,""ThreadID"":4688,""Severity"":""INFO"",""EventType"":""INFO"",""Channel"":""Microsoft-Windows-Sysmon/Operational"",""Opcode"":""Info"",""EventReceivedTime"":""2022-04-15 08:06:06"",""Task"":10,""RuleName"":""-"",""Keywords"":-9223372036854775808,""Version"":3,""ProcessId"":""9992"",""tags"":[""splunk""],""GrantedAccess"":""0x1fffff"",""SourceProcessGUID"":""{2d351099-5cae-5f5f-3104-000000000400}"",""EventTime"":""2022-04-15 08:06:06"",""host"":""cybertees.net"",""SeverityValue"":2,""CallTrace"":""C:\\windows\\SYSTEM32\\ntdll.dll+9c534|C:\\windows\\System32\\KERNELBASE.dll+305fe|C:\\windows\\system32\\conhost.exe+1260d|C:\\windows\\system32\\conhost.exe+12505|C:\\windows\\system32\\conhost.exe+895c|C:\\windows\\system32\\conhost.exe+f2e6|C:\\windows\\System32\\KERNEL32.DLL+17bd4|C:\\windows\\SYSTEM32\\ntdll.dll+6ce51"",""Message"":""Process accessed:\r\nRuleName: -\r\nUtcTime: 2022-04-15 12:06:06.034\r\nSourceProcessGUID: {2d351099-5cae-5f5f-3104-000000000400}\r\nSourceProcessId: 9992\r\nSourceThreadId: 8720\r\nSourceImage: C:\\windows\\system32\\conhost.exe\r\nTargetProcessGUID: {2d351099-5cae-5f5f-3004-000000000400}\r\nTargetProcessId: 8940\r\nTargetImage: C:\\windows\\system32\\gpupdate.exe\r\nGrantedAccess: 0x1FFFFF\r\nCallTrace: C:\\windows\\SYSTEM32\\ntdll.dll+9c534|C:\\windows\\System32\\KERNELBASE.dll+305fe|C:\\windows\\system32\\conhost.exe+1260d|C:\\windows\\system32\\conhost.exe+12505|C:\\windows\\system32\\conhost.exe+895c|C:\\windows\\system32\\conhost.exe+f2e6|C:\\windows\\System32\\KERNEL32.DLL+17bd4|C:\\windows\\SYSTEM32\\ntdll.dll+6ce51"",""UtcTime"":""2022-04-15 12:06:06.034"",""UserID"":""S-1-5-18"",""timestamp"":""2022-04-15T12:06:06.967Z"",""TargetProcessId"":""8940"",""SourceThreadId"":""8720"",""@version"":""1"",""TargetProcessGUID"":""{2d351099-5cae-5f5f-3004-000000000400}"",""SourceModuleType"":""im_msvistalog"",""TargetImage"":""C:\\windows\\system32\\gpupdate.exe"",""Hostname"":""James.browne""}",2022-04-15T08:06:02.000+0000,8,15,6,april,2,friday,2022,local,,INFO,cybertees.net,cyber-host,windowslogs,1,60427,"{"""":,"""":,"""":""{----}"","""":""--"","""":,"""":"""","""":"":\\\\\\",Event_logs.json,_json,ip-10-10-40-195,,splunk,,2022-04-15T12:06:06.967Z,
1,,,,SYSTEM,User,,,,,,Image loaded (rule: ImageLoad),Microsoft-Windows-Sysmon/Operational,,Microsoft Corporation,,,,Host for SCM/SDDL/LSA Lookup APIs,,,,,,,,,,,,NT AUTHORITY,,,,,7,,2022-04-15 8:06:06,2022-04-15 8:06:06,,3524,10.0.18362.959 (WinBuild.160101.0800),,,,,"SHA1=A330EDE32DFA03AE6808EE7FB6916D8DEB8F5DDE,MD5=A094E2B38D3DD864B07580D243CB6E43,SHA256=C441E19D20961D4E990E117A300ED318BEDBF2F8BA0FF07BEE7832AC502CDDF2,IMPHASH=CE4BD072766253F6A267D0284CA82002",James.browne,C:\Windows\System32\conhost.exe,C:\Windows\System32\sechost.dll,,,,,,,,-9223372036854775808,,,,,,,,,"Image loaded:
RuleName: -
UtcTime: 2022-04-15 12:06:06.034
ProcessGuid: {2d351099-5cae-5f5f-3104-000000000400}
ProcessId: 9992
Image: C:\Windows\System32\conhost.exe
ImageLoaded: C:\Windows\System32\sechost.dll
FileVersion: 10.0.18362.959 (WinBuild.160101.0800)
Description: Host for SCM/SDDL/LSA Lookup APIs
Product: Microsoft® Windows® Operating System
Company: Microsoft Corporation
OriginalFileName: sechost.dll
Hashes: SHA1=A330EDE32DFA03AE6808EE7FB6916D8DEB8F5DDE,MD5=A094E2B38D3DD864B07580D243CB6E43,SHA256=C441E19D20961D4E990E117A300ED318BEDBF2F8BA0FF07BEE7832AC502CDDF2,IMPHASH=CE4BD072766253F6A267D0284CA82002
Signed: true
Signature: Microsoft Windows
SignatureStatus: Valid",,,,,,,,Info,0,sechost.dll,,,,,,,,,{2d351099-5cae-5f5f-3104-000000000400},9992,,Microsoft® Windows® Operating System,,{5770385F-C22A-43E0-BF4C-06F5698FFBD9},,,,423476,,,,,,,-,,INFO,2,,,Microsoft Windows,Valid,TRUE,,,,,,,eventlog,im_msvistalog,Microsoft-Windows-Sysmon,,,,,,,,,,,,,,,,,,,,,,,,7,,,,4688,,,,,S-1-5-18,2022-04-15 12:06:06,3,,,"{""EventID"":7,""RecordNumber"":423476,""ProviderGuid"":""{5770385F-C22A-43E0-BF4C-06F5698FFBD9}"",""SourceName"":""Microsoft-Windows-Sysmon"",""OpcodeValue"":0,""AccountName"":""SYSTEM"",""SignatureStatus"":""Valid"",""SourceModuleName"":""eventlog"",""ExecutionProcessID"":3524,""AccountType"":""User"",""Category"":""Image loaded (rule: ImageLoad)"",""Domain"":""NT AUTHORITY"",""port"":60427,""Company"":""Microsoft Corporation"",""ThreadID"":4688,""Severity"":""INFO"",""EventType"":""INFO"",""Signed"":""true"",""Channel"":""Microsoft-Windows-Sysmon/Operational"",""Opcode"":""Info"",""EventReceivedTime"":""2022-04-15 08:06:06"",""ImageLoaded"":""C:\\Windows\\System32\\sechost.dll"",""Task"":7,""RuleName"":""-"",""Keywords"":-9223372036854775808,""Version"":3,""ProcessId"":""9992"",""Image"":""C:\\Windows\\System32\\conhost.exe"",""Product"":""Microsoft® Windows® Operating System"",""tags"":[""splunk""],""EventTime"":""2022-04-15 08:06:06"",""host"":""cybertees.net"",""SeverityValue"":2,""Message"":""Image loaded:\r\nRuleName: -\r\nUtcTime: 2022-04-15 12:06:06.034\r\nProcessGuid: {2d351099-5cae-5f5f-3104-000000000400}\r\nProcessId: 9992\r\nImage: C:\\Windows\\System32\\conhost.exe\r\nImageLoaded: C:\\Windows\\System32\\sechost.dll\r\nFileVersion: 10.0.18362.959 (WinBuild.160101.0800)\r\nDescription: Host for SCM/SDDL/LSA Lookup APIs\r\nProduct: Microsoft® Windows® Operating System\r\nCompany: Microsoft Corporation\r\nOriginalFileName: sechost.dll\r\nHashes: SHA1=A330EDE32DFA03AE6808EE7FB6916D8DEB8F5DDE,MD5=A094E2B38D3DD864B07580D243CB6E43,SHA256=C441E19D20961D4E990E117A300ED318BEDBF2F8BA0FF07BEE7832AC502CDDF2,IMPHASH=CE4BD072766253F6A267D0284CA82002\r\nSigned: true\r\nSignature: Microsoft Windows\r\nSignatureStatus: Valid"",""UtcTime"":""2022-04-15 12:06:06.034"",""UserID"":""S-1-5-18"",""FileVersion"":""10.0.18362.959 (WinBuild.160101.0800)"",""Description"":""Host for SCM/SDDL/LSA Lookup APIs"",""OriginalFileName"":""sechost.dll"",""timestamp"":""2022-04-15T12:06:06.966Z"",""Hashes"":""SHA1=A330EDE32DFA03AE6808EE7FB6916D8DEB8F5DDE,MD5=A094E2B38D3DD864B07580D243CB6E43,SHA256=C441E19D20961D4E990E117A300ED318BEDBF2F8BA0FF07BEE7832AC502CDDF2,IMPHASH=CE4BD072766253F6A267D0284CA82002"",""Signature"":""Microsoft Windows"",""@version"":""1"",""SourceModuleType"":""im_msvistalog"",""Hostname"":""James.browne"",""ProcessGuid"":""{2d351099-5cae-5f5f-3104-000000000400}""}",2022-04-15T08:06:02.000+0000,8,15,6,april,2,friday,2022,local,,INFO,cybertees.net,cyber-host,windowslogs,1,60427,"{"""":,"""":,"""":""{----}"","""":""--"","""":,"""":"""","""":"""","""":""""",Event_logs.json,_json,ip-10-10-40-195,,splunk,,2022-04-15T12:06:06.966Z,
1,,,,SYSTEM,User,,,,,,Image loaded (rule: ImageLoad),Microsoft-Windows-Sysmon/Operational,,Microsoft Corporation,,,,Advanced Windows 32 Base API,,,,,,,,,,,,NT AUTHORITY,,,,,7,,2022-04-15 8:06:06,2022-04-15 8:06:06,,3524,10.0.18362.752 (WinBuild.160101.0800),,,,,"SHA1=35C61DDE6F8F4ED05F9C4837E2B91C886CA79F82,MD5=EA4F6E7961B4A402F6F5EC33C655260A,SHA256=5E2D103E7E1FD7CA0492E541F082D274EF6259AF2158A3562986C796C5C869DD,IMPHASH=8EEA175C33205685FB8A14876D7564DB",James.browne,C:\Windows\System32\conhost.exe,C:\Windows\System32\advapi32.dll,,,,,,,,-9223372036854775808,,,,,,,,,"Image loaded:
RuleName: -
UtcTime: 2022-04-15 12:06:06.034
ProcessGuid: {2d351099-5cae-5f5f-3104-000000000400}
ProcessId: 9992
Image: C:\Windows\System32\conhost.exe
ImageLoaded: C:\Windows\System32\advapi32.dll
FileVersion: 10.0.18362.752 (WinBuild.160101.0800)
Description: Advanced Windows 32 Base API
Product: Microsoft® Windows® Operating System
Company: Microsoft Corporation
OriginalFileName: advapi32.dll
Hashes: SHA1=35C61DDE6F8F4ED05F9C4837E2B91C886CA79F82,MD5=EA4F6E7961B4A402F6F5EC33C655260A,SHA256=5E2D103E7E1FD7CA0492E541F082D274EF6259AF2158A3562986C796C5C869DD,IMPHASH=8EEA175C33205685FB8A14876D7564DB
Signed: true
Signature: Microsoft Windows
SignatureStatus: Valid",,,,,,,,Info,0,advapi32.dll,,,,,,,,,{2d351099-5cae-5f5f-3104-000000000400},9992,,Microsoft® Windows® Operating System,,{5770385F-C22A-43E0-BF4C-06F5698FFBD9},,,,423475,,,,,,,-,,INFO,2,,,Microsoft Windows,Valid,TRUE,,,,,,,eventlog,im_msvistalog,Microsoft-Windows-Sysmon,,,,,,,,,,,,,,,,,,,,,,,,7,,,,4688,,,,,S-1-5-18,2022-04-15 12:06:06,3,,,"{""EventID"":7,""RecordNumber"":423475,""ProviderGuid"":""{5770385F-C22A-43E0-BF4C-06F5698FFBD9}"",""SourceName"":""Microsoft-Windows-Sysmon"",""OpcodeValue"":0,""AccountName"":""SYSTEM"",""SignatureStatus"":""Valid"",""SourceModuleName"":""eventlog"",""ExecutionProcessID"":3524,""AccountType"":""User"",""Category"":""Image loaded (rule: ImageLoad)"",""Domain"":""NT AUTHORITY"",""port"":60427,""Company"":""Microsoft Corporation"",""ThreadID"":4688,""Severity"":""INFO"",""EventType"":""INFO"",""Signed"":""true"",""Channel"":""Microsoft-Windows-Sysmon/Operational"",""Opcode"":""Info"",""EventReceivedTime"":""2022-04-15 08:06:06"",""ImageLoaded"":""C:\\Windows\\System32\\advapi32.dll"",""Task"":7,""RuleName"":""-"",""Keywords"":-9223372036854775808,""Version"":3,""ProcessId"":""9992"",""Image"":""C:\\Windows\\System32\\conhost.exe"",""Product"":""Microsoft® Windows® Operating System"",""tags"":[""splunk""],""EventTime"":""2022-04-15 08:06:06"",""host"":""cybertees.net"",""SeverityValue"":2,""Message"":""Image loaded:\r\nRuleName: -\r\nUtcTime: 2022-04-15 12:06:06.034\r\nProcessGuid: {2d351099-5cae-5f5f-3104-000000000400}\r\nProcessId: 9992\r\nImage: C:\\Windows\\System32\\conhost.exe\r\nImageLoaded: C:\\Windows\\System32\\advapi32.dll\r\nFileVersion: 10.0.18362.752 (WinBuild.160101.0800)\r\nDescription: Advanced Windows 32 Base API\r\nProduct: Microsoft® Windows® Operating System\r\nCompany: Microsoft Corporation\r\nOriginalFileName: advapi32.dll\r\nHashes: SHA1=35C61DDE6F8F4ED05F9C4837E2B91C886CA79F82,MD5=EA4F6E7961B4A402F6F5EC33C655260A,SHA256=5E2D103E7E1FD7CA0492E541F082D274EF6259AF2158A3562986C796C5C869DD,IMPHASH=8EEA175C33205685FB8A14876D7564DB\r\nSigned: true\r\nSignature: Microsoft Windows\r\nSignatureStatus: Valid"",""UtcTime"":""2022-04-15 12:06:06.034"",""UserID"":""S-1-5-18"",""FileVersion"":""10.0.18362.752 (WinBuild.160101.0800)"",""Description"":""Advanced Windows 32 Base API"",""OriginalFileName"":""advapi32.dll"",""timestamp"":""2022-04-15T12:06:06.966Z"",""Hashes"":""SHA1=35C61DDE6F8F4ED05F9C4837E2B91C886CA79F82,MD5=EA4F6E7961B4A402F6F5EC33C655260A,SHA256=5E2D103E7E1FD7CA0492E541F082D274EF6259AF2158A3562986C796C5C869DD,IMPHASH=8EEA175C33205685FB8A14876D7564DB"",""Signature"":""Microsoft Windows"",""@version"":""1"",""SourceModuleType"":""im_msvistalog"",""Hostname"":""James.browne"",""ProcessGuid"":""{2d351099-5cae-5f5f-3104-000000000400}""}",2022-04-15T08:06:02.000+0000,8,15,6,april,2,friday,2022,local,,INFO,cybertees.net,cyber-host,windowslogs,1,60427,"{"""":,"""":,"""":""{----}"","""":""--"","""":,"""":"""","""":"""","""":""""",Event_logs.json,_json,ip-10-10-40-195,,splunk,,2022-04-15T12:06:06.966Z,
1,,,,SYSTEM,User,,,,,,Image loaded (rule: ImageLoad),Microsoft-Windows-Sysmon/Operational,,Microsoft Corporation,,,,Windows Cryptographic Primitives Library,,,,,,,,,,,,NT AUTHORITY,,,,,7,,2022-04-15 8:06:06,2022-04-15 8:06:06,,3524,10.0.18362.836 (WinBuild.160101.0800),,,,,"SHA1=B4222C8DC3274CFC3FE54F322D827B2F01FFF036,MD5=EF2BBEAFF07D32A2EC77FB4602FA9664,SHA256=6B47F3E88CDEDF8F31F91940E38A4544818C79D153323262F9F46B21F41D262C,IMPHASH=402DA460E2AC467F4489C588A9941032",James.browne,C:\Windows\System32\conhost.exe,C:\Windows\System32\bcryptprimitives.dll,,,,,,,,-9223372036854775808,,,,,,,,,"Image loaded:
RuleName: -
UtcTime: 2022-04-15 12:06:06.034
ProcessGuid: {2d351099-5cae-5f5f-3104-000000000400}
ProcessId: 9992
Image: C:\Windows\System32\conhost.exe
ImageLoaded: C:\Windows\System32\bcryptprimitives.dll
FileVersion: 10.0.18362.836 (WinBuild.160101.0800)
Description: Windows Cryptographic Primitives Library
Product: Microsoft® Windows® Operating System
Company: Microsoft Corporation
OriginalFileName: bcryptprimitives.dll
Hashes: SHA1=B4222C8DC3274CFC3FE54F322D827B2F01FFF036,MD5=EF2BBEAFF07D32A2EC77FB4602FA9664,SHA256=6B47F3E88CDEDF8F31F91940E38A4544818C79D153323262F9F46B21F41D262C,IMPHASH=402DA460E2AC467F4489C588A9941032
Signed: true
Signature: Microsoft Windows
SignatureStatus: Valid",,,,,,,,Info,0,bcryptprimitives.dll,,,,,,,,,{2d351099-5cae-5f5f-3104-000000000400},9992,,Microsoft® Windows® Operating System,,{5770385F-C22A-43E0-BF4C-06F5698FFBD9},,,,423474,,,,,,,-,,INFO,2,,,Microsoft Windows,Valid,TRUE,,,,,,,eventlog,im_msvistalog,Microsoft-Windows-Sysmon,,,,,,,,,,,,,,,,,,,,,,,,7,,,,4688,,,,,S-1-5-18,2022-04-15 12:06:06,3,,,"{""EventID"":7,""RecordNumber"":423474,""ProviderGuid"":""{5770385F-C22A-43E0-BF4C-06F5698FFBD9}"",""SourceName"":""Microsoft-Windows-Sysmon"",""OpcodeValue"":0,""AccountName"":""SYSTEM"",""SignatureStatus"":""Valid"",""SourceModuleName"":""eventlog"",""ExecutionProcessID"":3524,""AccountType"":""User"",""Category"":""Image loaded (rule: ImageLoad)"",""Domain"":""NT AUTHORITY"",""port"":60427,""Company"":""Microsoft Corporation"",""ThreadID"":4688,""Severity"":""INFO"",""EventType"":""INFO"",""Signed"":""true"",""Channel"":""Microsoft-Windows-Sysmon/Operational"",""Opcode"":""Info"",""EventReceivedTime"":""2022-04-15 08:06:06"",""ImageLoaded"":""C:\\Windows\\System32\\bcryptprimitives.dll"",""Task"":7,""RuleName"":""-"",""Keywords"":-9223372036854775808,""Version"":3,""ProcessId"":""9992"",""Image"":""C:\\Windows\\System32\\conhost.exe"",""Product"":""Microsoft® Windows® Operating System"",""tags"":[""splunk""],""EventTime"":""2022-04-15 08:06:06"",""host"":""cybertees.net"",""SeverityValue"":2,""Message"":""Image loaded:\r\nRuleName: -\r\nUtcTime: 2022-04-15 12:06:06.034\r\nProcessGuid: {2d351099-5cae-5f5f-3104-000000000400}\r\nProcessId: 9992\r\nImage: C:\\Windows\\System32\\conhost.exe\r\nImageLoaded: C:\\Windows\\System32\\bcryptprimitives.dll\r\nFileVersion: 10.0.18362.836 (WinBuild.160101.0800)\r\nDescription: Windows Cryptographic Primitives Library\r\nProduct: Microsoft® Windows® Operating System\r\nCompany: Microsoft Corporation\r\nOriginalFileName: bcryptprimitives.dll\r\nHashes: SHA1=B4222C8DC3274CFC3FE54F322D827B2F01FFF036,MD5=EF2BBEAFF07D32A2EC77FB4602FA9664,SHA256=6B47F3E88CDEDF8F31F91940E38A4544818C79D153323262F9F46B21F41D262C,IMPHASH=402DA460E2AC467F4489C588A9941032\r\nSigned: true\r\nSignature: Microsoft Windows\r\nSignatureStatus: Valid"",""UtcTime"":""2022-04-15 12:06:06.034"",""UserID"":""S-1-5-18"",""FileVersion"":""10.0.18362.836 (WinBuild.160101.0800)"",""Description"":""Windows Cryptographic Primitives Library"",""OriginalFileName"":""bcryptprimitives.dll"",""timestamp"":""2022-04-15T12:06:06.965Z"",""Hashes"":""SHA1=B4222C8DC3274CFC3FE54F322D827B2F01FFF036,MD5=EF2BBEAFF07D32A2EC77FB4602FA9664,SHA256=6B47F3E88CDEDF8F31F91940E38A4544818C79D153323262F9F46B21F41D262C,IMPHASH=402DA460E2AC467F4489C588A9941032"",""Signature"":""Microsoft Windows"",""@version"":""1"",""SourceModuleType"":""im_msvistalog"",""Hostname"":""James.browne"",""ProcessGuid"":""{2d351099-5cae-5f5f-3104-000000000400}""}",2022-04-15T08:06:02.000+0000,8,15,6,april,2,friday,2022,local,,INFO,cybertees.net,cyber-host,windowslogs,1,60427,"{"""":,"""":,"""":""{----}"","""":""--"","""":,"""":"""","""":"""","""":""""",Event_logs.json,_json,ip-10-10-40-195,,splunk,,2022-04-15T12:06:06.965Z,
1,,,,SYSTEM,User,,,,,,Image loaded (rule: ImageLoad),Microsoft-Windows-Sysmon/Operational,,Microsoft Corporation,,,,Microsoft COM for Windows,,,,,,,,,,,,NT AUTHORITY,,,,,7,,2022-04-15 8:06:06,2022-04-15 8:06:06,,3524,10.0.18362.1082 (WinBuild.160101.0800),,,,,"SHA1=03829F72B93B3DA8A5778A295948F2F967A8AD9A,MD5=655C13F8AA80901935F1086709E27812,SHA256=28D91C9176D50DBC4939BB21BB00DDB17B1C589EEB9E058533E6AA125E86FA4F,IMPHASH=D1A511866766E387FD0DAF3ACBB54B12",James.browne,C:\Windows\System32\conhost.exe,C:\Windows\System32\combase.dll,,,,,,,,-9223372036854775808,,,,,,,,,"Image loaded:
RuleName: -
UtcTime: 2022-04-15 12:06:06.034
ProcessGuid: {2d351099-5cae-5f5f-3104-000000000400}
ProcessId: 9992
Image: C:\Windows\System32\conhost.exe
ImageLoaded: C:\Windows\System32\combase.dll
FileVersion: 10.0.18362.1082 (WinBuild.160101.0800)
Description: Microsoft COM for Windows
Product: Microsoft® Windows® Operating System
Company: Microsoft Corporation
OriginalFileName: COMBASE.DLL
Hashes: SHA1=03829F72B93B3DA8A5778A295948F2F967A8AD9A,MD5=655C13F8AA80901935F1086709E27812,SHA256=28D91C9176D50DBC4939BB21BB00DDB17B1C589EEB9E058533E6AA125E86FA4F,IMPHASH=D1A511866766E387FD0DAF3ACBB54B12
Signed: true
Signature: Microsoft Windows
SignatureStatus: Valid",,,,,,,,Info,0,COMBASE.DLL,,,,,,,,,{2d351099-5cae-5f5f-3104-000000000400},9992,,Microsoft® Windows® Operating System,,{5770385F-C22A-43E0-BF4C-06F5698FFBD9},,,,423473,,,,,,,-,,INFO,2,,,Microsoft Windows,Valid,TRUE,,,,,,,eventlog,im_msvistalog,Microsoft-Windows-Sysmon,,,,,,,,,,,,,,,,,,,,,,,,7,,,,4688,,,,,S-1-5-18,2022-04-15 12:06:06,3,,,"{""EventID"":7,""RecordNumber"":423473,""ProviderGuid"":""{5770385F-C22A-43E0-BF4C-06F5698FFBD9}"",""SourceName"":""Microsoft-Windows-Sysmon"",""OpcodeValue"":0,""AccountName"":""SYSTEM"",""SignatureStatus"":""Valid"",""SourceModuleName"":""eventlog"",""ExecutionProcessID"":3524,""AccountType"":""User"",""Category"":""Image loaded (rule: ImageLoad)"",""Domain"":""NT AUTHORITY"",""port"":60427,""Company"":""Microsoft Corporation"",""ThreadID"":4688,""Severity"":""INFO"",""EventType"":""INFO"",""Signed"":""true"",""Channel"":""Microsoft-Windows-Sysmon/Operational"",""Opcode"":""Info"",""EventReceivedTime"":""2022-04-15 08:06:06"",""ImageLoaded"":""C:\\Windows\\System32\\combase.dll"",""Task"":7,""RuleName"":""-"",""Keywords"":-9223372036854775808,""Version"":3,""ProcessId"":""9992"",""Image"":""C:\\Windows\\System32\\conhost.exe"",""Product"":""Microsoft® Windows® Operating System"",""tags"":[""splunk""],""EventTime"":""2022-04-15 08:06:06"",""host"":""cybertees.net"",""SeverityValue"":2,""Message"":""Image loaded:\r\nRuleName: -\r\nUtcTime: 2022-04-15 12:06:06.034\r\nProcessGuid: {2d351099-5cae-5f5f-3104-000000000400}\r\nProcessId: 9992\r\nImage: C:\\Windows\\System32\\conhost.exe\r\nImageLoaded: C:\\Windows\\System32\\combase.dll\r\nFileVersion: 10.0.18362.1082 (WinBuild.160101.0800)\r\nDescription: Microsoft COM for Windows\r\nProduct: Microsoft® Windows® Operating System\r\nCompany: Microsoft Corporation\r\nOriginalFileName: COMBASE.DLL\r\nHashes: SHA1=03829F72B93B3DA8A5778A295948F2F967A8AD9A,MD5=655C13F8AA80901935F1086709E27812,SHA256=28D91C9176D50DBC4939BB21BB00DDB17B1C589EEB9E058533E6AA125E86FA4F,IMPHASH=D1A511866766E387FD0DAF3ACBB54B12\r\nSigned: true\r\nSignature: Microsoft Windows\r\nSignatureStatus: Valid"",""UtcTime"":""2022-04-15 12:06:06.034"",""UserID"":""S-1-5-18"",""FileVersion"":""10.0.18362.1082 (WinBuild.160101.0800)"",""Description"":""Microsoft COM for Windows"",""OriginalFileName"":""COMBASE.DLL"",""timestamp"":""2022-04-15T12:06:06.965Z"",""Hashes"":""SHA1=03829F72B93B3DA8A5778A295948F2F967A8AD9A,MD5=655C13F8AA80901935F1086709E27812,SHA256=28D91C9176D50DBC4939BB21BB00DDB17B1C589EEB9E058533E6AA125E86FA4F,IMPHASH=D1A511866766E387FD0DAF3ACBB54B12"",""Signature"":""Microsoft Windows"",""@version"":""1"",""SourceModuleType"":""im_msvistalog"",""Hostname"":""James.browne"",""ProcessGuid"":""{2d351099-5cae-5f5f-3104-000000000400}""}",2022-04-15T08:06:02.000+0000,8,15,6,april,2,friday,2022,local,,INFO,cybertees.net,cyber-host,windowslogs,1,60427,"{"""":,"""":,"""":""{----}"","""":""--"","""":,"""":"""","""":"""","""":""""",Event_logs.json,_json,ip-10-10-40-195,,splunk,,2022-04-15T12:06:06.965Z,
1,,,,SYSTEM,User,,,,,,Image loaded (rule: ImageLoad),Microsoft-Windows-Sysmon/Operational,,Microsoft Corporation,,,,Remote Procedure Call Runtime,,,,,,,,,,,,NT AUTHORITY,,,,,7,,2022-04-15 8:06:06,2022-04-15 8:06:06,,3524,10.0.18362.1082 (WinBuild.160101.0800),,,,,"SHA1=863C24BD6E91FDCDEDE1124EFC93FDD1564F0C23,MD5=61C41B28689BB516F1CFC880507C839B,SHA256=DAF391DB91AC04B50A0C896963F5120A52C8B1B4999BF37BE80AB025AB116700,IMPHASH=88E7E7C7FA90052EC162DD37F2B7C7BD",James.browne,C:\Windows\System32\conhost.exe,C:\Windows\System32\rpcrt4.dll,,,,,,,,-9223372036854775808,,,,,,,,,"Image loaded:
RuleName: -
UtcTime: 2022-04-15 12:06:06.034
ProcessGuid: {2d351099-5cae-5f5f-3104-000000000400}
ProcessId: 9992
Image: C:\Windows\System32\conhost.exe
ImageLoaded: C:\Windows\System32\rpcrt4.dll
FileVersion: 10.0.18362.1082 (WinBuild.160101.0800)
Description: Remote Procedure Call Runtime
Product: Microsoft® Windows® Operating System
Company: Microsoft Corporation
OriginalFileName: rpcrt4.dll
Hashes: SHA1=863C24BD6E91FDCDEDE1124EFC93FDD1564F0C23,MD5=61C41B28689BB516F1CFC880507C839B,SHA256=DAF391DB91AC04B50A0C896963F5120A52C8B1B4999BF37BE80AB025AB116700,IMPHASH=88E7E7C7FA90052EC162DD37F2B7C7BD
Signed: true
Signature: Microsoft Windows
SignatureStatus: Valid",,,,,,,,Info,0,rpcrt4.dll,,,,,,,,,{2d351099-5cae-5f5f-3104-000000000400},9992,,Microsoft® Windows® Operating System,,{5770385F-C22A-43E0-BF4C-06F5698FFBD9},,,,423472,,,,,,,-,,INFO,2,,,Microsoft Windows,Valid,TRUE,,,,,,,eventlog,im_msvistalog,Microsoft-Windows-Sysmon,,,,,,,,,,,,,,,,,,,,,,,,7,,,,4688,,,,,S-1-5-18,2022-04-15 12:06:06,3,,,"{""EventID"":7,""RecordNumber"":423472,""ProviderGuid"":""{5770385F-C22A-43E0-BF4C-06F5698FFBD9}"",""SourceName"":""Microsoft-Windows-Sysmon"",""OpcodeValue"":0,""AccountName"":""SYSTEM"",""SignatureStatus"":""Valid"",""SourceModuleName"":""eventlog"",""ExecutionProcessID"":3524,""AccountType"":""User"",""Category"":""Image loaded (rule: ImageLoad)"",""Domain"":""NT AUTHORITY"",""port"":60427,""Company"":""Microsoft Corporation"",""ThreadID"":4688,""Severity"":""INFO"",""EventType"":""INFO"",""Signed"":""true"",""Channel"":""Microsoft-Windows-Sysmon/Operational"",""Opcode"":""Info"",""EventReceivedTime"":""2022-04-15 08:06:06"",""ImageLoaded"":""C:\\Windows\\System32\\rpcrt4.dll"",""Task"":7,""RuleName"":""-"",""Keywords"":-9223372036854775808,""Version"":3,""ProcessId"":""9992"",""Image"":""C:\\Windows\\System32\\conhost.exe"",""Product"":""Microsoft® Windows® Operating System"",""tags"":[""splunk""],""EventTime"":""2022-04-15 08:06:06"",""host"":""cybertees.net"",""SeverityValue"":2,""Message"":""Image loaded:\r\nRuleName: -\r\nUtcTime: 2022-04-15 12:06:06.034\r\nProcessGuid: {2d351099-5cae-5f5f-3104-000000000400}\r\nProcessId: 9992\r\nImage: C:\\Windows\\System32\\conhost.exe\r\nImageLoaded: C:\\Windows\\System32\\rpcrt4.dll\r\nFileVersion: 10.0.18362.1082 (WinBuild.160101.0800)\r\nDescription: Remote Procedure Call Runtime\r\nProduct: Microsoft® Windows® Operating System\r\nCompany: Microsoft Corporation\r\nOriginalFileName: rpcrt4.dll\r\nHashes: SHA1=863C24BD6E91FDCDEDE1124EFC93FDD1564F0C23,MD5=61C41B28689BB516F1CFC880507C839B,SHA256=DAF391DB91AC04B50A0C896963F5120A52C8B1B4999BF37BE80AB025AB116700,IMPHASH=88E7E7C7FA90052EC162DD37F2B7C7BD\r\nSigned: true\r\nSignature: Microsoft Windows\r\nSignatureStatus: Valid"",""UtcTime"":""2022-04-15 12:06:06.034"",""UserID"":""S-1-5-18"",""FileVersion"":""10.0.18362.1082 (WinBuild.160101.0800)"",""Description"":""Remote Procedure Call Runtime"",""OriginalFileName"":""rpcrt4.dll"",""timestamp"":""2022-04-15T12:06:06.964Z"",""Hashes"":""SHA1=863C24BD6E91FDCDEDE1124EFC93FDD1564F0C23,MD5=61C41B28689BB516F1CFC880507C839B,SHA256=DAF391DB91AC04B50A0C896963F5120A52C8B1B4999BF37BE80AB025AB116700,IMPHASH=88E7E7C7FA90052EC162DD37F2B7C7BD"",""Signature"":""Microsoft Windows"",""@version"":""1"",""SourceModuleType"":""im_msvistalog"",""Hostname"":""James.browne"",""ProcessGuid"":""{2d351099-5cae-5f5f-3104-000000000400}""}",2022-04-15T08:06:02.000+0000,8,15,6,april,2,friday,2022,local,,INFO,cybertees.net,cyber-host,windowslogs,1,60427,"{"""":,"""":,"""":""{----}"","""":""--"","""":,"""":"""","""":"""","""":""""",Event_logs.json,_json,ip-10-10-40-195,,splunk,,2022-04-15T12:06:06.964Z,
1,,,,SYSTEM,User,,,,,,Image loaded (rule: ImageLoad),Microsoft-Windows-Sysmon/Operational,,Microsoft Corporation,,,,Windows NT CRT DLL,,,,,,,,,,,,NT AUTHORITY,,,,,7,,2022-04-15 8:06:06,2022-04-15 8:06:06,,3524,7.0.18362.1 (WinBuild.160101.0800),,,,,"SHA1=0EA4B3CFB14E49CEC0D42FF0F1FA989E69647A8F,MD5=36354D9B5B0A58A4B9A19103852C00A2,SHA256=E5A863D3F4BFEFED7D73A7B1499F81B7235BC9AE3C108065041BCB8E5446B1BB,IMPHASH=1273683626EBBA703979F188A1E64237",James.browne,C:\Windows\System32\conhost.exe,C:\Windows\System32\msvcrt.dll,,,,,,,,-9223372036854775808,,,,,,,,,"Image loaded:
RuleName: -
UtcTime: 2022-04-15 12:06:06.034
ProcessGuid: {2d351099-5cae-5f5f-3104-000000000400}
ProcessId: 9992
Image: C:\Windows\System32\conhost.exe
ImageLoaded: C:\Windows\System32\msvcrt.dll
FileVersion: 7.0.18362.1 (WinBuild.160101.0800)
Description: Windows NT CRT DLL
Product: Microsoft® Windows® Operating System
Company: Microsoft Corporation
OriginalFileName: msvcrt.dll
Hashes: SHA1=0EA4B3CFB14E49CEC0D42FF0F1FA989E69647A8F,MD5=36354D9B5B0A58A4B9A19103852C00A2,SHA256=E5A863D3F4BFEFED7D73A7B1499F81B7235BC9AE3C108065041BCB8E5446B1BB,IMPHASH=1273683626EBBA703979F188A1E64237
Signed: true
Signature: Microsoft Windows
SignatureStatus: Valid",,,,,,,,Info,0,msvcrt.dll,,,,,,,,,{2d351099-5cae-5f5f-3104-000000000400},9992,,Microsoft® Windows® Operating System,,{5770385F-C22A-43E0-BF4C-06F5698FFBD9},,,,423471,,,,,,,-,,INFO,2,,,Microsoft Windows,Valid,TRUE,,,,,,,eventlog,im_msvistalog,Microsoft-Windows-Sysmon,,,,,,,,,,,,,,,,,,,,,,,,7,,,,4688,,,,,S-1-5-18,2022-04-15 12:06:06,3,,,"{""EventID"":7,""RecordNumber"":423471,""ProviderGuid"":""{5770385F-C22A-43E0-BF4C-06F5698FFBD9}"",""SourceName"":""Microsoft-Windows-Sysmon"",""OpcodeValue"":0,""AccountName"":""SYSTEM"",""SignatureStatus"":""Valid"",""SourceModuleName"":""eventlog"",""ExecutionProcessID"":3524,""AccountType"":""User"",""Category"":""Image loaded (rule: ImageLoad)"",""Domain"":""NT AUTHORITY"",""port"":60427,""Company"":""Microsoft Corporation"",""ThreadID"":4688,""Severity"":""INFO"",""EventType"":""INFO"",""Signed"":""true"",""Channel"":""Microsoft-Windows-Sysmon/Operational"",""Opcode"":""Info"",""EventReceivedTime"":""2022-04-15 08:06:06"",""ImageLoaded"":""C:\\Windows\\System32\\msvcrt.dll"",""Task"":7,""RuleName"":""-"",""Keywords"":-9223372036854775808,""Version"":3,""ProcessId"":""9992"",""Image"":""C:\\Windows\\System32\\conhost.exe"",""Product"":""Microsoft® Windows® Operating System"",""tags"":[""splunk""],""EventTime"":""2022-04-15 08:06:06"",""host"":""cybertees.net"",""SeverityValue"":2,""Message"":""Image loaded:\r\nRuleName: -\r\nUtcTime: 2022-04-15 12:06:06.034\r\nProcessGuid: {2d351099-5cae-5f5f-3104-000000000400}\r\nProcessId: 9992\r\nImage: C:\\Windows\\System32\\conhost.exe\r\nImageLoaded: C:\\Windows\\System32\\msvcrt.dll\r\nFileVersion: 7.0.18362.1 (WinBuild.160101.0800)\r\nDescription: Windows NT CRT DLL\r\nProduct: Microsoft® Windows® Operating System\r\nCompany: Microsoft Corporation\r\nOriginalFileName: msvcrt.dll\r\nHashes: SHA1=0EA4B3CFB14E49CEC0D42FF0F1FA989E69647A8F,MD5=36354D9B5B0A58A4B9A19103852C00A2,SHA256=E5A863D3F4BFEFED7D73A7B1499F81B7235BC9AE3C108065041BCB8E5446B1BB,IMPHASH=1273683626EBBA703979F188A1E64237\r\nSigned: true\r\nSignature: Microsoft Windows\r\nSignatureStatus: Valid"",""UtcTime"":""2022-04-15 12:06:06.034"",""UserID"":""S-1-5-18"",""FileVersion"":""7.0.18362.1 (WinBuild.160101.0800)"",""Description"":""Windows NT CRT DLL"",""OriginalFileName"":""msvcrt.dll"",""timestamp"":""2022-04-15T12:06:06.964Z"",""Hashes"":""SHA1=0EA4B3CFB14E49CEC0D42FF0F1FA989E69647A8F,MD5=36354D9B5B0A58A4B9A19103852C00A2,SHA256=E5A863D3F4BFEFED7D73A7B1499F81B7235BC9AE3C108065041BCB8E5446B1BB,IMPHASH=1273683626EBBA703979F188A1E64237"",""Signature"":""Microsoft Windows"",""@version"":""1"",""SourceModuleType"":""im_msvistalog"",""Hostname"":""James.browne"",""ProcessGuid"":""{2d351099-5cae-5f5f-3104-000000000400}""}",2022-04-15T08:06:02.000+0000,8,15,6,april,2,friday,2022,local,,INFO,cybertees.net,cyber-host,windowslogs,1,60427,"{"""":,"""":,"""":""{----}"","""":""--"","""":,"""":"""","""":"""","""":""""",Event_logs.json,_json,ip-10-10-40-195,,splunk,,2022-04-15T12:06:06.964Z,
1,,,,SYSTEM,User,,,,,,Image loaded (rule: ImageLoad),Microsoft-Windows-Sysmon/Operational,,Microsoft Corporation,,,,SHCORE,,,,,,,,,,,,NT AUTHORITY,,,,,7,,2022-04-15 8:06:06,2022-04-15 8:06:06,,3524,10.0.18362.959 (WinBuild.160101.0800),,,,,"SHA1=75C9F506592699E30D8ECA63F88C79E956324111,MD5=6ACBCCE095FDB475FC2B3D178E5D9208,SHA256=3F49AB1B04EE3D843E961A1B62CB695EE3FE940EE287819BBBABCC1C3A38F507,IMPHASH=0E48D88DA5B1AEFE29036ECDE5B34E8D",James.browne,C:\Windows\System32\conhost.exe,C:\Windows\System32\SHCore.dll,,,,,,,,-9223372036854775808,,,,,,,,,"Image loaded:
RuleName: -
UtcTime: 2022-04-15 12:06:06.034
ProcessGuid: {2d351099-5cae-5f5f-3104-000000000400}
ProcessId: 9992
Image: C:\Windows\System32\conhost.exe
ImageLoaded: C:\Windows\System32\SHCore.dll
FileVersion: 10.0.18362.959 (WinBuild.160101.0800)
Description: SHCORE
Product: Microsoft® Windows® Operating System
Company: Microsoft Corporation
OriginalFileName: SHCORE.dll
Hashes: SHA1=75C9F506592699E30D8ECA63F88C79E956324111,MD5=6ACBCCE095FDB475FC2B3D178E5D9208,SHA256=3F49AB1B04EE3D843E961A1B62CB695EE3FE940EE287819BBBABCC1C3A38F507,IMPHASH=0E48D88DA5B1AEFE29036ECDE5B34E8D
Signed: true
Signature: Microsoft Windows
SignatureStatus: Valid",,,,,,,,Info,0,SHCORE.dll,,,,,,,,,{2d351099-5cae-5f5f-3104-000000000400},9992,,Microsoft® Windows® Operating System,,{5770385F-C22A-43E0-BF4C-06F5698FFBD9},,,,423470,,,,,,,-,,INFO,2,,,Microsoft Windows,Valid,TRUE,,,,,,,eventlog,im_msvistalog,Microsoft-Windows-Sysmon,,,,,,,,,,,,,,,,,,,,,,,,7,,,,4688,,,,,S-1-5-18,2022-04-15 12:06:06,3,,,"{""EventID"":7,""RecordNumber"":423470,""ProviderGuid"":""{5770385F-C22A-43E0-BF4C-06F5698FFBD9}"",""SourceName"":""Microsoft-Windows-Sysmon"",""OpcodeValue"":0,""AccountName"":""SYSTEM"",""SignatureStatus"":""Valid"",""SourceModuleName"":""eventlog"",""ExecutionProcessID"":3524,""AccountType"":""User"",""Category"":""Image loaded (rule: ImageLoad)"",""Domain"":""NT AUTHORITY"",""port"":60427,""Company"":""Microsoft Corporation"",""ThreadID"":4688,""Severity"":""INFO"",""EventType"":""INFO"",""Signed"":""true"",""Channel"":""Microsoft-Windows-Sysmon/Operational"",""Opcode"":""Info"",""EventReceivedTime"":""2022-04-15 08:06:06"",""ImageLoaded"":""C:\\Windows\\System32\\SHCore.dll"",""Task"":7,""RuleName"":""-"",""Keywords"":-9223372036854775808,""Version"":3,""ProcessId"":""9992"",""Image"":""C:\\Windows\\System32\\conhost.exe"",""Product"":""Microsoft® Windows® Operating System"",""tags"":[""splunk""],""EventTime"":""2022-04-15 08:06:06"",""host"":""cybertees.net"",""SeverityValue"":2,""Message"":""Image loaded:\r\nRuleName: -\r\nUtcTime: 2022-04-15 12:06:06.034\r\nProcessGuid: {2d351099-5cae-5f5f-3104-000000000400}\r\nProcessId: 9992\r\nImage: C:\\Windows\\System32\\conhost.exe\r\nImageLoaded: C:\\Windows\\System32\\SHCore.dll\r\nFileVersion: 10.0.18362.959 (WinBuild.160101.0800)\r\nDescription: SHCORE\r\nProduct: Microsoft® Windows® Operating System\r\nCompany: Microsoft Corporation\r\nOriginalFileName: SHCORE.dll\r\nHashes: SHA1=75C9F506592699E30D8ECA63F88C79E956324111,MD5=6ACBCCE095FDB475FC2B3D178E5D9208,SHA256=3F49AB1B04EE3D843E961A1B62CB695EE3FE940EE287819BBBABCC1C3A38F507,IMPHASH=0E48D88DA5B1AEFE29036ECDE5B34E8D\r\nSigned: true\r\nSignature: Microsoft Windows\r\nSignatureStatus: Valid"",""UtcTime"":""2022-04-15 12:06:06.034"",""UserID"":""S-1-5-18"",""FileVersion"":""10.0.18362.959 (WinBuild.160101.0800)"",""Description"":""SHCORE"",""OriginalFileName"":""SHCORE.dll"",""timestamp"":""2022-04-15T12:06:06.963Z"",""Hashes"":""SHA1=75C9F506592699E30D8ECA63F88C79E956324111,MD5=6ACBCCE095FDB475FC2B3D178E5D9208,SHA256=3F49AB1B04EE3D843E961A1B62CB695EE3FE940EE287819BBBABCC1C3A38F507,IMPHASH=0E48D88DA5B1AEFE29036ECDE5B34E8D"",""Signature"":""Microsoft Windows"",""@version"":""1"",""SourceModuleType"":""im_msvistalog"",""Hostname"":""James.browne"",""ProcessGuid"":""{2d351099-5cae-5f5f-3104-000000000400}""}",2022-04-15T08:06:02.000+0000,8,15,6,april,2,friday,2022,local,,INFO,cybertees.net,cyber-host,windowslogs,1,60427,"{"""":,"""":,"""":""{----}"","""":""--"","""":,"""":"""","""":"""","""":""""",Event_logs.json,_json,ip-10-10-40-195,,splunk,,2022-04-15T12:06:06.963Z,
1,,,,SYSTEM,User,,,,,,Created Task Process,Microsoft-Windows-TaskScheduler/Operational,,,,,,,,,,,,,,,,,,NT AUTHORITY,,,,,129,,2022-04-15 8:06:06,2022-04-15 8:06:06,,1388,,,,,,,James.browne,,,,,,,,,,-9223372036854775808,,,,,,,,,"Task Scheduler launch task ""\Microsoft\Windows\GroupPolicy\{3E0A038B-D834-4930-9981-E89C9BFF83AA}"" , instance ""gpupdate.exe""  with process ID 8940.",,,,,,,,Info,0,,,,,,,,,,,,,,,{DE7B24EA-73C8-4A09-985D-5BDADCFA9017},,,,439,,,,,,,,,INFO,2,,,,,,,,,,,,eventlog,im_msvistalog,Microsoft-Windows-TaskScheduler,,,,,,,,,,,,,,,,,,,,,,,,129,,\Microsoft\Windows\GroupPolicy\{3E0A038B-D834-4930-9981-E89C9BFF83AA},,6024,,,,,S-1-5-18,,0,,,"{""EventID"":129,""RecordNumber"":439,""ProviderGuid"":""{DE7B24EA-73C8-4A09-985D-5BDADCFA9017}"",""SourceName"":""Microsoft-Windows-TaskScheduler"",""OpcodeValue"":0,""EventTime"":""2022-04-15 08:06:06"",""AccountName"":""SYSTEM"",""host"":""cybertees.net"",""SeverityValue"":2,""ExecutionProcessID"":1388,""AccountType"":""User"",""Category"":""Created Task Process"",""SourceModuleName"":""eventlog"",""Domain"":""NT AUTHORITY"",""Message"":""Task Scheduler launch task \""\\Microsoft\\Windows\\GroupPolicy\\{3E0A038B-D834-4930-9981-E89C9BFF83AA}\"" , instance \""gpupdate.exe\""  with process ID 8940."",""port"":60427,""UserID"":""S-1-5-18"",""TaskName"":""\\Microsoft\\Windows\\GroupPolicy\\{3E0A038B-D834-4930-9981-E89C9BFF83AA}"",""timestamp"":""2022-04-15T12:06:06.963Z"",""ThreadID"":6024,""Severity"":""INFO"",""EventType"":""INFO"",""Channel"":""Microsoft-Windows-TaskScheduler/Operational"",""Priority"":""32"",""Opcode"":""Info"",""EventReceivedTime"":""2022-04-15 08:06:06"",""@version"":""1"",""Task"":129,""SourceModuleType"":""im_msvistalog"",""Hostname"":""James.browne"",""Path"":""gpupdate.exe"",""Keywords"":-9223372036854775808,""Version"":0,""tags"":[""splunk""]}",2022-04-15T08:06:02.000+0000,8,15,6,april,2,friday,2022,local,,INFO,cybertees.net,cyber-host,windowslogs,1,60427,"{"""":,"""":,"""":""{----}"","""":""--"","""":,"""":""--_::"","""":"""",",Event_logs.json,_json,ip-10-10-40-195,,splunk,,2022-04-15T12:06:06.963Z,
1,,,,SYSTEM,User,,,,,,Image loaded (rule: ImageLoad),Microsoft-Windows-Sysmon/Operational,,Microsoft Corporation,,,,Microsoft® C Runtime Library,,,,,,,,,,,,NT AUTHORITY,,,,,7,,2022-04-15 8:06:06,2022-04-15 8:06:06,,3524,10.0.18362.815 (WinBuild.160101.0800),,,,,"SHA1=53F8B431D10FDB2C001D58120280A417B01073BE,MD5=F0DA14E390F0CCB58EAAD34D9B309E4B,SHA256=7EE229626B22799FAA28CD7C22D4FF2AD0603C17E5F5EE9086FA7CF6483331FB,IMPHASH=5AE9A136FAFA10321F3D48251BF4F6A1",James.browne,C:\Windows\System32\conhost.exe,C:\Windows\System32\ucrtbase.dll,,,,,,,,-9223372036854775808,,,,,,,,,"Image loaded:
RuleName: -
UtcTime: 2022-04-15 12:06:06.034
ProcessGuid: {2d351099-5cae-5f5f-3104-000000000400}
ProcessId: 9992
Image: C:\Windows\System32\conhost.exe
ImageLoaded: C:\Windows\System32\ucrtbase.dll
FileVersion: 10.0.18362.815 (WinBuild.160101.0800)
Description: Microsoft® C Runtime Library
Product: Microsoft® Windows® Operating System
Company: Microsoft Corporation
OriginalFileName: ucrtbase.dll
Hashes: SHA1=53F8B431D10FDB2C001D58120280A417B01073BE,MD5=F0DA14E390F0CCB58EAAD34D9B309E4B,SHA256=7EE229626B22799FAA28CD7C22D4FF2AD0603C17E5F5EE9086FA7CF6483331FB,IMPHASH=5AE9A136FAFA10321F3D48251BF4F6A1
Signed: true
Signature: Microsoft Windows
SignatureStatus: Valid",,,,,,,,Info,0,ucrtbase.dll,,,,,,,,,{2d351099-5cae-5f5f-3104-000000000400},9992,,Microsoft® Windows® Operating System,,{5770385F-C22A-43E0-BF4C-06F5698FFBD9},,,,423469,,,,,,,-,,INFO,2,,,Microsoft Windows,Valid,TRUE,,,,,,,eventlog,im_msvistalog,Microsoft-Windows-Sysmon,,,,,,,,,,,,,,,,,,,,,,,,7,,,,4688,,,,,S-1-5-18,2022-04-15 12:06:06,3,,,"{""EventID"":7,""RecordNumber"":423469,""ProviderGuid"":""{5770385F-C22A-43E0-BF4C-06F5698FFBD9}"",""SourceName"":""Microsoft-Windows-Sysmon"",""OpcodeValue"":0,""AccountName"":""SYSTEM"",""SignatureStatus"":""Valid"",""SourceModuleName"":""eventlog"",""ExecutionProcessID"":3524,""AccountType"":""User"",""Category"":""Image loaded (rule: ImageLoad)"",""Domain"":""NT AUTHORITY"",""port"":60427,""Company"":""Microsoft Corporation"",""ThreadID"":4688,""Severity"":""INFO"",""EventType"":""INFO"",""Signed"":""true"",""Channel"":""Microsoft-Windows-Sysmon/Operational"",""Opcode"":""Info"",""EventReceivedTime"":""2022-04-15 08:06:06"",""ImageLoaded"":""C:\\Windows\\System32\\ucrtbase.dll"",""Task"":7,""RuleName"":""-"",""Keywords"":-9223372036854775808,""Version"":3,""ProcessId"":""9992"",""Image"":""C:\\Windows\\System32\\conhost.exe"",""Product"":""Microsoft® Windows® Operating System"",""tags"":[""splunk""],""EventTime"":""2022-04-15 08:06:06"",""host"":""cybertees.net"",""SeverityValue"":2,""Message"":""Image loaded:\r\nRuleName: -\r\nUtcTime: 2022-04-15 12:06:06.034\r\nProcessGuid: {2d351099-5cae-5f5f-3104-000000000400}\r\nProcessId: 9992\r\nImage: C:\\Windows\\System32\\conhost.exe\r\nImageLoaded: C:\\Windows\\System32\\ucrtbase.dll\r\nFileVersion: 10.0.18362.815 (WinBuild.160101.0800)\r\nDescription: Microsoft® C Runtime Library\r\nProduct: Microsoft® Windows® Operating System\r\nCompany: Microsoft Corporation\r\nOriginalFileName: ucrtbase.dll\r\nHashes: SHA1=53F8B431D10FDB2C001D58120280A417B01073BE,MD5=F0DA14E390F0CCB58EAAD34D9B309E4B,SHA256=7EE229626B22799FAA28CD7C22D4FF2AD0603C17E5F5EE9086FA7CF6483331FB,IMPHASH=5AE9A136FAFA10321F3D48251BF4F6A1\r\nSigned: true\r\nSignature: Microsoft Windows\r\nSignatureStatus: Valid"",""UtcTime"":""2022-04-15 12:06:06.034"",""UserID"":""S-1-5-18"",""FileVersion"":""10.0.18362.815 (WinBuild.160101.0800)"",""Description"":""Microsoft® C Runtime Library"",""OriginalFileName"":""ucrtbase.dll"",""timestamp"":""2022-04-15T12:06:06.962Z"",""Hashes"":""SHA1=53F8B431D10FDB2C001D58120280A417B01073BE,MD5=F0DA14E390F0CCB58EAAD34D9B309E4B,SHA256=7EE229626B22799FAA28CD7C22D4FF2AD0603C17E5F5EE9086FA7CF6483331FB,IMPHASH=5AE9A136FAFA10321F3D48251BF4F6A1"",""Signature"":""Microsoft Windows"",""@version"":""1"",""SourceModuleType"":""im_msvistalog"",""Hostname"":""James.browne"",""ProcessGuid"":""{2d351099-5cae-5f5f-3104-000000000400}""}",2022-04-15T08:06:02.000+0000,8,15,6,april,2,friday,2022,local,,INFO,cybertees.net,cyber-host,windowslogs,1,60427,"{"""":,"""":,"""":""{----}"","""":""--"","""":,"""":"""","""":"""","""":""""",Event_logs.json,_json,ip-10-10-40-195,,splunk,,2022-04-15T12:06:06.962Z,
1,,,,SYSTEM,User,,,,,,Image loaded (rule: ImageLoad),Microsoft-Windows-Sysmon/Operational,,Microsoft Corporation,,,,Microsoft® C Runtime Library,,,,,,,,,,,,NT AUTHORITY,,,,,7,,2022-04-15 8:06:06,2022-04-15 8:06:06,,3524,10.0.18362.815 (WinBuild.160101.0800),,,,,"SHA1=3C9938AFD7E9E2427750B0BBF21D3905502C2416,MD5=D327A488FF346D2A2ACC7D018F80A615,SHA256=F60BA64AF20B44D13275955ECA2949C471F2C812CD3908AF63B145DEAEB4E4F3,IMPHASH=7F555C87AEA488E97B6067A0419ED3B4",James.browne,C:\Windows\System32\conhost.exe,C:\Windows\System32\msvcp_win.dll,,,,,,,,-9223372036854775808,,,,,,,,,"Image loaded:
RuleName: -
UtcTime: 2022-04-15 12:06:06.034
ProcessGuid: {2d351099-5cae-5f5f-3104-000000000400}
ProcessId: 9992
Image: C:\Windows\System32\conhost.exe
ImageLoaded: C:\Windows\System32\msvcp_win.dll
FileVersion: 10.0.18362.815 (WinBuild.160101.0800)
Description: Microsoft® C Runtime Library
Product: Microsoft® Windows® Operating System
Company: Microsoft Corporation
OriginalFileName: msvcp_win.dll
Hashes: SHA1=3C9938AFD7E9E2427750B0BBF21D3905502C2416,MD5=D327A488FF346D2A2ACC7D018F80A615,SHA256=F60BA64AF20B44D13275955ECA2949C471F2C812CD3908AF63B145DEAEB4E4F3,IMPHASH=7F555C87AEA488E97B6067A0419ED3B4
Signed: true
Signature: Microsoft Windows
SignatureStatus: Valid",,,,,,,,Info,0,msvcp_win.dll,,,,,,,,,{2d351099-5cae-5f5f-3104-000000000400},9992,,Microsoft® Windows® Operating System,,{5770385F-C22A-43E0-BF4C-06F5698FFBD9},,,,423468,,,,,,,-,,INFO,2,,,Microsoft Windows,Valid,TRUE,,,,,,,eventlog,im_msvistalog,Microsoft-Windows-Sysmon,,,,,,,,,,,,,,,,,,,,,,,,7,,,,4688,,,,,S-1-5-18,2022-04-15 12:06:06,3,,,"{""EventID"":7,""RecordNumber"":423468,""ProviderGuid"":""{5770385F-C22A-43E0-BF4C-06F5698FFBD9}"",""SourceName"":""Microsoft-Windows-Sysmon"",""OpcodeValue"":0,""AccountName"":""SYSTEM"",""SignatureStatus"":""Valid"",""SourceModuleName"":""eventlog"",""ExecutionProcessID"":3524,""AccountType"":""User"",""Category"":""Image loaded (rule: ImageLoad)"",""Domain"":""NT AUTHORITY"",""port"":60427,""Company"":""Microsoft Corporation"",""ThreadID"":4688,""Severity"":""INFO"",""EventType"":""INFO"",""Signed"":""true"",""Channel"":""Microsoft-Windows-Sysmon/Operational"",""Opcode"":""Info"",""EventReceivedTime"":""2022-04-15 08:06:06"",""ImageLoaded"":""C:\\Windows\\System32\\msvcp_win.dll"",""Task"":7,""RuleName"":""-"",""Keywords"":-9223372036854775808,""Version"":3,""ProcessId"":""9992"",""Image"":""C:\\Windows\\System32\\conhost.exe"",""Product"":""Microsoft® Windows® Operating System"",""tags"":[""splunk""],""EventTime"":""2022-04-15 08:06:06"",""host"":""cybertees.net"",""SeverityValue"":2,""Message"":""Image loaded:\r\nRuleName: -\r\nUtcTime: 2022-04-15 12:06:06.034\r\nProcessGuid: {2d351099-5cae-5f5f-3104-000000000400}\r\nProcessId: 9992\r\nImage: C:\\Windows\\System32\\conhost.exe\r\nImageLoaded: C:\\Windows\\System32\\msvcp_win.dll\r\nFileVersion: 10.0.18362.815 (WinBuild.160101.0800)\r\nDescription: Microsoft® C Runtime Library\r\nProduct: Microsoft® Windows® Operating System\r\nCompany: Microsoft Corporation\r\nOriginalFileName: msvcp_win.dll\r\nHashes: SHA1=3C9938AFD7E9E2427750B0BBF21D3905502C2416,MD5=D327A488FF346D2A2ACC7D018F80A615,SHA256=F60BA64AF20B44D13275955ECA2949C471F2C812CD3908AF63B145DEAEB4E4F3,IMPHASH=7F555C87AEA488E97B6067A0419ED3B4\r\nSigned: true\r\nSignature: Microsoft Windows\r\nSignatureStatus: Valid"",""UtcTime"":""2022-04-15 12:06:06.034"",""UserID"":""S-1-5-18"",""FileVersion"":""10.0.18362.815 (WinBuild.160101.0800)"",""Description"":""Microsoft® C Runtime Library"",""OriginalFileName"":""msvcp_win.dll"",""timestamp"":""2022-04-15T12:06:06.962Z"",""Hashes"":""SHA1=3C9938AFD7E9E2427750B0BBF21D3905502C2416,MD5=D327A488FF346D2A2ACC7D018F80A615,SHA256=F60BA64AF20B44D13275955ECA2949C471F2C812CD3908AF63B145DEAEB4E4F3,IMPHASH=7F555C87AEA488E97B6067A0419ED3B4"",""Signature"":""Microsoft Windows"",""@version"":""1"",""SourceModuleType"":""im_msvistalog"",""Hostname"":""James.browne"",""ProcessGuid"":""{2d351099-5cae-5f5f-3104-000000000400}""}",2022-04-15T08:06:02.000+0000,8,15,6,april,2,friday,2022,local,,INFO,cybertees.net,cyber-host,windowslogs,1,60427,"{"""":,"""":,"""":""{----}"","""":""--"","""":,"""":"""","""":"""","""":""""",Event_logs.json,_json,ip-10-10-40-195,,splunk,,2022-04-15T12:06:06.962Z,
