Access Request Information:
	Transaction ID:		{00000000-0000-0000-0000-000000000000}
	Accesses:		READ_CONTROL
				Query key value
				Enumerate sub-keys
				Notify about changes to keys
				
	Access Reasons:		-
	Access Mask:		0x20019
	Privileges Used for Access Check:	-
	Restricted SID Count:	0",,,,\REGISTRY\MACHINE\SYSTEM\ControlSet001\Control\Session Manager\Environment,Security,Key,,Info,0,,,,,,,,,-,,0x2dc,C:\Windows\System32\services.exe,,,{54849625-5478-4994-A5BA-3E3B0328C30D},,,,73676,,,,-,,0,,,INFO,2,,,,,,,,,,,,eventlog,im_msvistalog,Microsoft-Windows-Security-Auditing,,,,,,,Cybertees,0x3e7,WORKSTATION5$,S-1-5-18,,,,,,,,,,,,,,12801,,,,1996,,{00000000-0000-0000-0000-000000000000},,,,,1,,,"{""EventID"":4656,""RecordNumber"":73676,""ProviderGuid"":""{54849625-5478-4994-A5BA-3E3B0328C30D}"",""SourceName"":""Microsoft-Windows-Security-Auditing"",""OpcodeValue"":0,""AccessList"":""%%1538\r\n\t\t\t\t%%4432\r\n\t\t\t\t%%4435\r\n\t\t\t\t%%4436\r\n\t\t\t\t"",""AccessReason"":""-"",""SourceModuleName"":""eventlog"",""ExecutionProcessID"":4,""Category"":""Registry"",""port"":60427,""ThreadID"":1996,""SubjectUserName"":""WORKSTATION5$"",""Severity"":""INFO"",""ObjectServer"":""Security"",""ProcessName"":""C:\\Windows\\System32\\services.exe"",""ResourceAttributes"":""-"",""EventType"":""AUDIT_SUCCESS"",""Channel"":""Security"",""ObjectType"":""Key"",""Opcode"":""Info"",""ObjectName"":""\\REGISTRY\\MACHINE\\SYSTEM\\ControlSet001\\Control\\Session Manager\\Environment"",""EventReceivedTime"":""2022-04-15 08:06:10"",""Task"":12801,""SubjectDomainName"":""Cybertees"",""HandleId"":""0xcd0"",""Keywords"":-9214364837600034816,""Version"":1,""ProcessId"":""0x2dc"",""tags"":[""splunk""],""SubjectUserSid"":""S-1-5-18"",""EventTime"":""2022-04-15 08:06:07"",""host"":""cybertees.net"",""SeverityValue"":2,""SubjectLogonId"":""0x3e7"",""Message"":""A handle to an object was requested.\r\n\r\nSubject:\r\n\tSecurity ID:\t\tS-1-5-18\r\n\tAccount Name:\t\tWORKSTATION5$\r\n\tAccount Domain:\t\tCybertees\r\n\tLogon ID:\t\t0x3E7\r\n\r\nObject:\r\n\tObject Server:\t\tSecurity\r\n\tObject Type:\t\tKey\r\n\tObject Name:\t\t\\REGISTRY\\MACHINE\\SYSTEM\\ControlSet001\\Control\\Session Manager\\Environment\r\n\tHandle ID:\t\t0xcd0\r\n\tResource Attributes:\t-\r\n\r\nProcess Information:\r\n\tProcess ID:\t\t0x2dc\r\n\tProcess Name:\t\tC:\\Windows\\System32\\services.exe\r\n\r\nAccess Request Information:\r\n\tTransaction ID:\t\t{00000000-0000-0000-0000-000000000000}\r\n\tAccesses:\t\tREAD_CONTROL\r\n\t\t\t\tQuery key value\r\n\t\t\t\tEnumerate sub-keys\r\n\t\t\t\tNotify about changes to keys\r\n\t\t\t\t\r\n\tAccess Reasons:\t\t-\r\n\tAccess Mask:\t\t0x20019\r\n\tPrivileges Used for Access Check:\t-\r\n\tRestricted SID Count:\t0"",""timestamp"":""2022-04-15T12:06:10.349Z"",""@version"":""1"",""AccessMask"":""0x20019"",""SourceModuleType"":""im_msvistalog"",""RestrictedSidCount"":""0"",""TransactionId"":""{00000000-0000-0000-0000-000000000000}"",""Hostname"":""James.browne"",""PrivilegeList"":""-""}",2022-04-15T08:06:07.000+0000,8,15,6,april,7,friday,2022,local,,AUDIT_SUCCESS,cybertees.net,cyber-host,windowslogs,1,60427,"{"""":,"""":,"""":""{----}"","""":""---"","""":,"""":""%%\\\\\\%%\\",Event_logs.json,_json,ip-10-10-40-195,,splunk,,2022-04-15T12:06:10.349Z,
1,,,,,,,,,,,Registry,Security,,,,,,,,,,,,,,,,,,,,,,,4658,,2022-04-15 8:06:10,2022-04-15 8:06:07,,4,,,,,0x1a18,,James.browne,,,,,,,,,,-9214364837600034816,,,,,,,,,"The handle to an object was closed.

Subject :
	Security ID:		S-1-5-18
	Account Name:		WORKSTATION5$
	Account Domain:		Cybertees
	Logon ID:		0x3E7

Object:
	Object Server:		Security
	Handle ID:		0x1a18

Process Information:
	Process ID:		0x2dc
	Process Name:		C:\Windows\System32\services.exe",,,,,Security,,,Info,0,,,,,,,,,,,0x2dc,C:\Windows\System32\services.exe,,,{54849625-5478-4994-A5BA-3E3B0328C30D},,,,73675,,,,,,,,,INFO,2,,,,,,,,,,,,eventlog,im_msvistalog,Microsoft-Windows-Security-Auditing,,,,,,,Cybertees,0x3e7,WORKSTATION5$,S-1-5-18,,,,,,,,,,,,,,12801,,,,1996,,,,,,,0,,,"{""tags"":[""splunk""],""EventID"":4658,""RecordNumber"":73675,""ProviderGuid"":""{54849625-5478-4994-A5BA-3E3B0328C30D}"",""SourceName"":""Microsoft-Windows-Security-Auditing"",""OpcodeValue"":0,""EventTime"":""2022-04-15 08:06:07"",""SubjectUserSid"":""S-1-5-18"",""host"":""cybertees.net"",""SeverityValue"":2,""ExecutionProcessID"":4,""Category"":""Registry"",""SubjectLogonId"":""0x3e7"",""SourceModuleName"":""eventlog"",""Message"":""The handle to an object was closed.\r\n\r\nSubject :\r\n\tSecurity ID:\t\tS-1-5-18\r\n\tAccount Name:\t\tWORKSTATION5$\r\n\tAccount Domain:\t\tCybertees\r\n\tLogon ID:\t\t0x3E7\r\n\r\nObject:\r\n\tObject Server:\t\tSecurity\r\n\tHandle ID:\t\t0x1a18\r\n\r\nProcess Information:\r\n\tProcess ID:\t\t0x2dc\r\n\tProcess Name:\t\tC:\\Windows\\System32\\services.exe"",""port"":60427,""timestamp"":""2022-04-15T12:06:10.348Z"",""ThreadID"":1996,""SubjectUserName"":""WORKSTATION5$"",""Severity"":""INFO"",""ObjectServer"":""Security"",""ProcessName"":""C:\\Windows\\System32\\services.exe"",""EventType"":""AUDIT_SUCCESS"",""Channel"":""Security"",""Opcode"":""Info"",""EventReceivedTime"":""2022-04-15 08:06:10"",""@version"":""1"",""Task"":12801,""SubjectDomainName"":""Cybertees"",""HandleId"":""0x1a18"",""SourceModuleType"":""im_msvistalog"",""Hostname"":""James.browne"",""Keywords"":-9214364837600034816,""Version"":0,""ProcessId"":""0x2dc""}",2022-04-15T08:06:07.000+0000,8,15,6,april,7,friday,2022,local,,AUDIT_SUCCESS,cybertees.net,cyber-host,windowslogs,1,60427,"{"""":[""""],"""":,"""":,"""":""{----}"","""":""---"","""":,"""":""--_:",Event_logs.json,_json,ip-10-10-40-195,,splunk,,2022-04-15T12:06:10.348Z,
1,,,,,,,,,,,Handle Manipulation,Security,,,,,,,,,,,,,,,,,,,,,,,4690,,2022-04-15 8:06:10,2022-04-15 8:06:07,,4,,,,,,,James.browne,,,,,,,,,,-9214364837600034816,,,,,,,,,"An attempt was made to duplicate a handle to an object.

Subject:
	Security ID:		S-1-5-18
	Account Name:		WORKSTATION5$
	Account Domain:		Cybertees
	Logon ID:		0x3E7

Source Handle Information:
	Source Handle ID:	0xcd0
	Source Process ID:	0x2dc

New Handle Information:
	Target Handle ID:	0x1a18
	Target Process ID:	0x4",,,,,,,,Info,0,,,,,,,,,,,0x2dc,,,,{54849625-5478-4994-A5BA-3E3B0328C30D},,,,73674,,,,,,,,,INFO,2,,,,,,,0xcd0,,,,,eventlog,im_msvistalog,Microsoft-Windows-Security-Auditing,,,,0x2dc,,,Cybertees,0x3e7,WORKSTATION5$,S-1-5-18,,,0x1a18,,,,,,,,0x4,,,12807,,,,1996,,,,,,,0,,,"{""tags"":[""splunk""],""EventID"":4690,""RecordNumber"":73674,""ProviderGuid"":""{54849625-5478-4994-A5BA-3E3B0328C30D}"",""SourceName"":""Microsoft-Windows-Security-Auditing"",""OpcodeValue"":0,""EventTime"":""2022-04-15 08:06:07"",""SubjectUserSid"":""S-1-5-18"",""host"":""cybertees.net"",""SeverityValue"":2,""ExecutionProcessID"":4,""Category"":""Handle Manipulation"",""SubjectLogonId"":""0x3e7"",""SourceProcessId"":""0x2dc"",""SourceModuleName"":""eventlog"",""SourceHandleId"":""0xcd0"",""Message"":""An attempt was made to duplicate a handle to an object.\r\n\r\nSubject:\r\n\tSecurity ID:\t\tS-1-5-18\r\n\tAccount Name:\t\tWORKSTATION5$\r\n\tAccount Domain:\t\tCybertees\r\n\tLogon ID:\t\t0x3E7\r\n\r\nSource Handle Information:\r\n\tSource Handle ID:\t0xcd0\r\n\tSource Process ID:\t0x2dc\r\n\r\nNew Handle Information:\r\n\tTarget Handle ID:\t0x1a18\r\n\tTarget Process ID:\t0x4"",""port"":60427,""timestamp"":""2022-04-15T12:06:10.347Z"",""ThreadID"":1996,""TargetProcessId"":""0x4"",""SubjectUserName"":""WORKSTATION5$"",""Severity"":""INFO"",""EventType"":""AUDIT_SUCCESS"",""Channel"":""Security"",""Opcode"":""Info"",""EventReceivedTime"":""2022-04-15 08:06:10"",""@version"":""1"",""Task"":12807,""SubjectDomainName"":""Cybertees"",""SourceModuleType"":""im_msvistalog"",""TargetHandleId"":""0x1a18"",""Hostname"":""James.browne"",""Keywords"":-9214364837600034816,""Version"":0,""ProcessId"":""0x2dc""}",2022-04-15T08:06:07.000+0000,8,15,6,april,7,friday,2022,local,,AUDIT_SUCCESS,cybertees.net,cyber-host,windowslogs,1,60427,"{"""":[""""],"""":,"""":,"""":""{----}"","""":""---"","""":,"""":""--_:",Event_logs.json,_json,ip-10-10-40-195,,splunk,,2022-04-15T12:06:10.347Z,
1,,,,,,,,,,,Authorization Policy Change,Security,,,,,,,,,,,,,,,,,,,,,,,4670,,2022-04-15 8:06:10,2022-04-15 8:06:07,,4,,,,,0xccc,,James.browne,,,,,,,,,,-9214364837600034816,,,,,,,,,"Permissions on an object were changed.

Subject:
	Security ID:		S-1-5-18
	Account Name:		WORKSTATION5$
	Account Domain:		Cybertees
	Logon ID:		0x3E7

Object:
	Object Server:	Security
	Object Type:	Token
	Object Name:	-
	Handle ID:	0xccc

Process:
	Process ID:	0x2dc
	Process Name:	C:\Windows\System32\services.exe

Permissions Change:
	Original Security Descriptor:	D:(A;;GA;;;SY)(A;;RCGXGR;;;BA)
	New Security Descriptor:	D:(A;;GA;;;SY)(A;;RC;;;OW)(A;;GA;;;S-1-5-80-1014140700-3308905587-3330345912-272242898-93311788)",,,D:(A;;GA;;;SY)(A;;RC;;;OW)(A;;GA;;;S-1-5-80-1014140700-3308905587-3330345912-272242898-93311788),-,Security,Token,D:(A;;GA;;;SY)(A;;RCGXGR;;;BA),Info,0,,,,,,,,,,,0x2dc,C:\Windows\System32\services.exe,,,{54849625-5478-4994-A5BA-3E3B0328C30D},,,,73673,,,,,,,,,INFO,2,,,,,,,,,,,,eventlog,im_msvistalog,Microsoft-Windows-Security-Auditing,,,,,,,Cybertees,0x3e7,WORKSTATION5$,S-1-5-18,,,,,,,,,,,,,,13570,,,,1996,,,,,,,0,,,"{""tags"":[""splunk""],""EventID"":4670,""RecordNumber"":73673,""ProviderGuid"":""{54849625-5478-4994-A5BA-3E3B0328C30D}"",""SourceName"":""Microsoft-Windows-Security-Auditing"",""OpcodeValue"":0,""EventTime"":""2022-04-15 08:06:07"",""SubjectUserSid"":""S-1-5-18"",""host"":""cybertees.net"",""SeverityValue"":2,""ExecutionProcessID"":4,""Category"":""Authorization Policy Change"",""SubjectLogonId"":""0x3e7"",""SourceModuleName"":""eventlog"",""Message"":""Permissions on an object were changed.\r\n\r\nSubject:\r\n\tSecurity ID:\t\tS-1-5-18\r\n\tAccount Name:\t\tWORKSTATION5$\r\n\tAccount Domain:\t\tCybertees\r\n\tLogon ID:\t\t0x3E7\r\n\r\nObject:\r\n\tObject Server:\tSecurity\r\n\tObject Type:\tToken\r\n\tObject Name:\t-\r\n\tHandle ID:\t0xccc\r\n\r\nProcess:\r\n\tProcess ID:\t0x2dc\r\n\tProcess Name:\tC:\\Windows\\System32\\services.exe\r\n\r\nPermissions Change:\r\n\tOriginal Security Descriptor:\tD:(A;;GA;;;SY)(A;;RCGXGR;;;BA)\r\n\tNew Security Descriptor:\tD:(A;;GA;;;SY)(A;;RC;;;OW)(A;;GA;;;S-1-5-80-1014140700-3308905587-3330345912-272242898-93311788)"",""port"":60427,""timestamp"":""2022-04-15T12:06:10.347Z"",""ThreadID"":1996,""NewSd"":""D:(A;;GA;;;SY)(A;;RC;;;OW)(A;;GA;;;S-1-5-80-1014140700-3308905587-3330345912-272242898-93311788)"",""SubjectUserName"":""WORKSTATION5$"",""Severity"":""INFO"",""ObjectServer"":""Security"",""ProcessName"":""C:\\Windows\\System32\\services.exe"",""EventType"":""AUDIT_SUCCESS"",""Channel"":""Security"",""ObjectType"":""Token"",""Opcode"":""Info"",""ObjectName"":""-"",""OldSd"":""D:(A;;GA;;;SY)(A;;RCGXGR;;;BA)"",""EventReceivedTime"":""2022-04-15 08:06:10"",""@version"":""1"",""Task"":13570,""SubjectDomainName"":""Cybertees"",""HandleId"":""0xccc"",""SourceModuleType"":""im_msvistalog"",""Hostname"":""James.browne"",""Keywords"":-9214364837600034816,""Version"":0,""ProcessId"":""0x2dc""}",2022-04-15T08:06:07.000+0000,8,15,6,april,7,friday,2022,local,,AUDIT_SUCCESS,cybertees.net,cyber-host,windowslogs,1,60427,"{"""":[""""],"""":,"""":,"""":""{----}"","""":""---"","""":,"""":""--_:",Event_logs.json,_json,ip-10-10-40-195,,splunk,,2022-04-15T12:06:10.347Z,
1,,,,,,{4F259F18-BCE1-0001-0E2B-5193808AD601},,,,,Special Logon,Security,,,,,,,,,,,,,,,,,,,,,,,4672,,2022-04-15 8:06:10,2022-04-15 8:06:07,,740,,,,,,,James.browne,,,,,,,,,,-9214364837600034816,,,,,,,,,"Special privileges assigned to new logon.

Subject:
	Security ID:		S-1-5-18
	Account Name:		SYSTEM
	Account Domain:		NT AUTHORITY
	Logon ID:		0x3E7

Privileges:		SeAssignPrimaryTokenPrivilege
			SeTcbPrivilege
			SeSecurityPrivilege
			SeTakeOwnershipPrivilege
			SeLoadDriverPrivilege
			SeBackupPrivilege
			SeRestorePrivilege
			SeDebugPrivilege
			SeAuditPrivilege
			SeSystemEnvironmentPrivilege
			SeImpersonatePrivilege
			SeDelegateSessionUserImpersonatePrivilege",,,,,,,,Info,0,,,,,,,,,"SeAssignPrimaryTokenPrivilege
			SeTcbPrivilege
			SeSecurityPrivilege
			SeTakeOwnershipPrivilege
			SeLoadDriverPrivilege
			SeBackupPrivilege
			SeRestorePrivilege
			SeDebugPrivilege
			SeAuditPrivilege
			SeSystemEnvironmentPrivilege
			SeImpersonatePrivilege
			SeDelegateSessionUserImpersonatePrivilege",,,,,,{54849625-5478-4994-A5BA-3E3B0328C30D},,,,73672,,,,,,,,,INFO,2,,,,,,,,,,,,eventlog,im_msvistalog,Microsoft-Windows-Security-Auditing,,,,,,,NT AUTHORITY,0x3e7,SYSTEM,S-1-5-18,,,,,,,,,,,,,,12548,,,,2744,,,,,,,0,,,"{""tags"":[""splunk""],""EventID"":4672,""RecordNumber"":73672,""ProviderGuid"":""{54849625-5478-4994-A5BA-3E3B0328C30D}"",""SourceName"":""Microsoft-Windows-Security-Auditing"",""OpcodeValue"":0,""EventTime"":""2022-04-15 08:06:07"",""SubjectUserSid"":""S-1-5-18"",""host"":""cybertees.net"",""SeverityValue"":2,""ExecutionProcessID"":740,""Category"":""Special Logon"",""SubjectLogonId"":""0x3e7"",""SourceModuleName"":""eventlog"",""ActivityID"":""{4F259F18-BCE1-0001-0E2B-5193808AD601}"",""Message"":""Special privileges assigned to new logon.\r\n\r\nSubject:\r\n\tSecurity ID:\t\tS-1-5-18\r\n\tAccount Name:\t\tSYSTEM\r\n\tAccount Domain:\t\tNT AUTHORITY\r\n\tLogon ID:\t\t0x3E7\r\n\r\nPrivileges:\t\tSeAssignPrimaryTokenPrivilege\r\n\t\t\tSeTcbPrivilege\r\n\t\t\tSeSecurityPrivilege\r\n\t\t\tSeTakeOwnershipPrivilege\r\n\t\t\tSeLoadDriverPrivilege\r\n\t\t\tSeBackupPrivilege\r\n\t\t\tSeRestorePrivilege\r\n\t\t\tSeDebugPrivilege\r\n\t\t\tSeAuditPrivilege\r\n\t\t\tSeSystemEnvironmentPrivilege\r\n\t\t\tSeImpersonatePrivilege\r\n\t\t\tSeDelegateSessionUserImpersonatePrivilege"",""port"":60427,""timestamp"":""2022-04-15T12:06:10.347Z"",""ThreadID"":2744,""SubjectUserName"":""SYSTEM"",""Severity"":""INFO"",""EventType"":""AUDIT_SUCCESS"",""Channel"":""Security"",""Opcode"":""Info"",""EventReceivedTime"":""2022-04-15 08:06:10"",""@version"":""1"",""Task"":12548,""SubjectDomainName"":""NT AUTHORITY"",""SourceModuleType"":""im_msvistalog"",""Hostname"":""James.browne"",""Keywords"":-9214364837600034816,""Version"":0,""PrivilegeList"":""SeAssignPrimaryTokenPrivilege\r\n\t\t\tSeTcbPrivilege\r\n\t\t\tSeSecurityPrivilege\r\n\t\t\tSeTakeOwnershipPrivilege\r\n\t\t\tSeLoadDriverPrivilege\r\n\t\t\tSeBackupPrivilege\r\n\t\t\tSeRestorePrivilege\r\n\t\t\tSeDebugPrivilege\r\n\t\t\tSeAuditPrivilege\r\n\t\t\tSeSystemEnvironmentPrivilege\r\n\t\t\tSeImpersonatePrivilege\r\n\t\t\tSeDelegateSessionUserImpersonatePrivilege""}",2022-04-15T08:06:07.000+0000,8,15,6,april,7,friday,2022,local,,AUDIT_SUCCESS,cybertees.net,cyber-host,windowslogs,1,60427,"{"""":[""""],"""":,"""":,"""":""{----}"","""":""---"","""":,"""":""--_:",Event_logs.json,_json,ip-10-10-40-195,,splunk,,2022-04-15T12:06:10.347Z,
1,,,,,,{4F259F18-BCE1-0001-0E2B-5193808AD601},,,,,Group Membership,Security,,,,,,,,,,,,,,,,,,,,,,1,4627,1,2022-04-15 8:06:10,2022-04-15 8:06:07,,740,,,,"
		%{S-1-5-32-544}
		%{S-1-1-0}
		%{S-1-5-11}
		%{S-1-16-16384}",,,James.browne,,,,,,,,,,-9214364837600034816,,,,,,,5,,"Group membership information.

Subject:
	Security ID:		S-1-5-18
	Account Name:		WORKSTATION5$
	Account Domain:		Cybertees
	Logon ID:		0x3E7

Logon Type:			5

New Logon:
	Security ID:		S-1-5-18
	Account Name:		SYSTEM
	Account Domain:		NT AUTHORITY
	Logon ID:		0x3E7

Event in sequence:		1 of 1

Group Membership:			
		%{S-1-5-32-544}
		%{S-1-1-0}
		%{S-1-5-11}
		%{S-1-16-16384}

The subject fields indicate the account on the local system which requested the logon. This is most commonly a service such as the Server service, or a local process such as Winlogon.exe or Services.exe.

The logon type field indicates the kind of logon that occurred. The most common types are 2 (interactive) and 3 (network).

The New Logon fields indicate the account for whom the new logon was created, i.e. the account that was logged on.

This event is generated when the Audit Group Membership subcategory is configured.  The Logon ID field can be used to correlate this event with the corresponding user logon event as well as to any other security audit events generated during this logon session.",,,,,,,,Info,0,,,,,,,,,,,,,,,{54849625-5478-4994-A5BA-3E3B0328C30D},,,,73671,,,,,,,,,INFO,2,,,,,,,,,,,,eventlog,im_msvistalog,Microsoft-Windows-Security-Auditing,,,,,,,Cybertees,0x3e7,WORKSTATION5$,S-1-5-18,NT AUTHORITY,,,,,0x3e7,,,,,,SYSTEM,S-1-5-18,12554,,,,2744,,,,,,,0,,,"{""EventID"":4627,""RecordNumber"":73671,""ProviderGuid"":""{54849625-5478-4994-A5BA-3E3B0328C30D}"",""SourceName"":""Microsoft-Windows-Security-Auditing"",""OpcodeValue"":0,""EventTime"":""2022-04-15 08:06:07"",""SubjectUserSid"":""S-1-5-18"",""host"":""cybertees.net"",""SeverityValue"":2,""ExecutionProcessID"":740,""Category"":""Group Membership"",""SubjectLogonId"":""0x3e7"",""TargetUserName"":""SYSTEM"",""SourceModuleName"":""eventlog"",""ActivityID"":""{4F259F18-BCE1-0001-0E2B-5193808AD601}"",""Message"":""Group membership information.\r\n\r\nSubject:\r\n\tSecurity ID:\t\tS-1-5-18\r\n\tAccount Name:\t\tWORKSTATION5$\r\n\tAccount Domain:\t\tCybertees\r\n\tLogon ID:\t\t0x3E7\r\n\r\nLogon Type:\t\t\t5\r\n\r\nNew Logon:\r\n\tSecurity ID:\t\tS-1-5-18\r\n\tAccount Name:\t\tSYSTEM\r\n\tAccount Domain:\t\tNT AUTHORITY\r\n\tLogon ID:\t\t0x3E7\r\n\r\nEvent in sequence:\t\t1 of 1\r\n\r\nGroup Membership:\t\t\t\r\n\t\t%{S-1-5-32-544}\r\n\t\t%{S-1-1-0}\r\n\t\t%{S-1-5-11}\r\n\t\t%{S-1-16-16384}\r\n\r\nThe subject fields indicate the account on the local system which requested the logon. This is most commonly a service such as the Server service, or a local process such as Winlogon.exe or Services.exe.\r\n\r\nThe logon type field indicates the kind of logon that occurred. The most common types are 2 (interactive) and 3 (network).\r\n\r\nThe New Logon fields indicate the account for whom the new logon was created, i.e. the account that was logged on.\r\n\r\nThis event is generated when the Audit Group Membership subcategory is configured.  The Logon ID field can be used to correlate this event with the corresponding user logon event as well as to any other security audit events generated during this logon session."",""port"":60427,""TargetUserSid"":""S-1-5-18"",""timestamp"":""2022-04-15T12:06:10.347Z"",""ThreadID"":2744,""SubjectUserName"":""WORKSTATION5$"",""EventCountTotal"":""1"",""Severity"":""INFO"",""EventType"":""AUDIT_SUCCESS"",""Channel"":""Security"",""TargetLogonId"":""0x3e7"",""EventIdx"":""1"",""Opcode"":""Info"",""EventReceivedTime"":""2022-04-15 08:06:10"",""@version"":""1"",""Task"":12554,""SubjectDomainName"":""Cybertees"",""GroupMembership"":""\r\n\t\t%{S-1-5-32-544}\r\n\t\t%{S-1-1-0}\r\n\t\t%{S-1-5-11}\r\n\t\t%{S-1-16-16384}"",""SourceModuleType"":""im_msvistalog"",""TargetDomainName"":""NT AUTHORITY"",""LogonType"":""5"",""Hostname"":""James.browne"",""Keywords"":-9214364837600034816,""Version"":0,""tags"":[""splunk""]}",2022-04-15T08:06:07.000+0000,8,15,6,april,7,friday,2022,local,,AUDIT_SUCCESS,cybertees.net,cyber-host,windowslogs,1,60427,"{"""":,"""":,"""":""{----}"","""":""---"","""":,"""":""--_::"","""":""-",Event_logs.json,_json,ip-10-10-40-195,,splunk,,2022-04-15T12:06:10.347Z,
1,,,,,,{4F259F18-BCE1-0001-0E2B-5193808AD601},,,Negotiate,,Logon,Security,,,,,,,,,,,,,,,,,,,,%%1842,,,4624,,2022-04-15 8:06:10,2022-04-15 8:06:07,,740,,,,,,,James.browne,,,%%1833,,,-,-,,0,-9214364837600034816,,,-,{00000000-0000-0000-0000-000000000000},,Advapi  ,5,,"An account was successfully logged on.

Subject:
	Security ID:		S-1-5-18
	Account Name:		WORKSTATION5$
	Account Domain:		Cybertees
	Logon ID:		0x3E7

Logon Information:
	Logon Type:		5
	Restricted Admin Mode:	-
	Virtual Account:		No
	Elevated Token:		Yes

Impersonation Level:		Impersonation

New Logon:
	Security ID:		S-1-5-18
	Account Name:		SYSTEM
	Account Domain:		NT AUTHORITY
	Logon ID:		0x3E7
	Linked Logon ID:		0x0
	Network Account Name:	-
	Network Account Domain:	-
	Logon GUID:		{00000000-0000-0000-0000-000000000000}

Process Information:
	Process ID:		0x2dc
	Process Name:		C:\Windows\System32\services.exe

Network Information:
	Workstation Name:	-
	Source Network Address:	-
	Source Port:		-

Detailed Authentication Information:
	Logon Process:		Advapi  
	Authentication Package:	Negotiate
	Transited Services:	-
	Package Name (NTLM only):	-
	Key Length:		0

This event is generated when a logon session is created. It is generated on the computer that was accessed.

The subject fields indicate the account on the local system which requested the logon. This is most commonly a service such as the Server service, or a local process such as Winlogon.exe or Services.exe.

The logon type field indicates the kind of logon that occurred. The most common types are 2 (interactive) and 3 (network).

The New Logon fields indicate the account for whom the new logon was created, i.e. the account that was logged on.

The network fields indicate where a remote logon request originated. Workstation name is not always available and may be left blank in some cases.

The impersonation level field indicates the extent to which a process in the logon session can impersonate.

The authentication information fields provide detailed information about this specific logon request.
	- Logon GUID is a unique identifier that can be used to correlate this event with a KDC event.
	- Transited services indicate which intermediate services have participated in this logon request.
	- Package name indicates which sub-protocol was used among the NTLM protocols.
	- Key length indicates the length of the generated session key. This will be 0 if no session key was requested.",,,,,,,,Info,0,,,,,,,,,,,0x2dc,C:\Windows\System32\services.exe,,,{54849625-5478-4994-A5BA-3E3B0328C30D},,,,73670,,,,,-,,,,INFO,2,,,,,,,,,,,,eventlog,im_msvistalog,Microsoft-Windows-Security-Auditing,,,,,,,Cybertees,0x3e7,WORKSTATION5$,S-1-5-18,NT AUTHORITY,,,,0x0,0x3e7,,-,-,,,SYSTEM,S-1-5-18,12544,,,,2744,,,-,,,,2,%%1843,-,"{""TargetOutboundUserName"":""-"",""EventID"":4624,""LogonProcessName"":""Advapi  "",""RecordNumber"":73670,""ProviderGuid"":""{54849625-5478-4994-A5BA-3E3B0328C30D}"",""SourceName"":""Microsoft-Windows-Security-Auditing"",""OpcodeValue"":0,""TargetLinkedLogonId"":""0x0"",""SourceModuleName"":""eventlog"",""WorkstationName"":""-"",""ExecutionProcessID"":740,""Category"":""Logon"",""RestrictedAdminMode"":""-"",""ActivityID"":""{4F259F18-BCE1-0001-0E2B-5193808AD601}"",""port"":60427,""TargetUserSid"":""S-1-5-18"",""VirtualAccount"":""%%1843"",""ThreadID"":2744,""SubjectUserName"":""WORKSTATION5$"",""IpPort"":""-"",""Severity"":""INFO"",""ProcessName"":""C:\\Windows\\System32\\services.exe"",""ElevatedToken"":""%%1842"",""EventType"":""AUDIT_SUCCESS"",""Channel"":""Security"",""LmPackageName"":""-"",""TargetLogonId"":""0x3e7"",""Opcode"":""Info"",""EventReceivedTime"":""2022-04-15 08:06:10"",""Task"":12544,""SubjectDomainName"":""Cybertees"",""LogonGuid"":""{00000000-0000-0000-0000-000000000000}"",""TargetDomainName"":""NT AUTHORITY"",""TransmittedServices"":""-"",""Keywords"":-9214364837600034816,""Version"":2,""ProcessId"":""0x2dc"",""tags"":[""splunk""],""SubjectUserSid"":""S-1-5-18"",""EventTime"":""2022-04-15 08:06:07"",""host"":""cybertees.net"",""SeverityValue"":2,""SubjectLogonId"":""0x3e7"",""TargetUserName"":""SYSTEM"",""KeyLength"":""0"",""Message"":""An account was successfully logged on.\r\n\r\nSubject:\r\n\tSecurity ID:\t\tS-1-5-18\r\n\tAccount Name:\t\tWORKSTATION5$\r\n\tAccount Domain:\t\tCybertees\r\n\tLogon ID:\t\t0x3E7\r\n\r\nLogon Information:\r\n\tLogon Type:\t\t5\r\n\tRestricted Admin Mode:\t-\r\n\tVirtual Account:\t\tNo\r\n\tElevated Token:\t\tYes\r\n\r\nImpersonation Level:\t\tImpersonation\r\n\r\nNew Logon:\r\n\tSecurity ID:\t\tS-1-5-18\r\n\tAccount Name:\t\tSYSTEM\r\n\tAccount Domain:\t\tNT AUTHORITY\r\n\tLogon ID:\t\t0x3E7\r\n\tLinked Logon ID:\t\t0x0\r\n\tNetwork Account Name:\t-\r\n\tNetwork Account Domain:\t-\r\n\tLogon GUID:\t\t{00000000-0000-0000-0000-000000000000}\r\n\r\nProcess Information:\r\n\tProcess ID:\t\t0x2dc\r\n\tProcess Name:\t\tC:\\Windows\\System32\\services.exe\r\n\r\nNetwork Information:\r\n\tWorkstation Name:\t-\r\n\tSource Network Address:\t-\r\n\tSource Port:\t\t-\r\n\r\nDetailed Authentication Information:\r\n\tLogon Process:\t\tAdvapi  \r\n\tAuthentication Package:\tNegotiate\r\n\tTransited Services:\t-\r\n\tPackage Name (NTLM only):\t-\r\n\tKey Length:\t\t0\r\n\r\nThis event is generated when a logon session is created. It is generated on the computer that was accessed.\r\n\r\nThe subject fields indicate the account on the local system which requested the logon. This is most commonly a service such as the Server service, or a local process such as Winlogon.exe or Services.exe.\r\n\r\nThe logon type field indicates the kind of logon that occurred. The most common types are 2 (interactive) and 3 (network).\r\n\r\nThe New Logon fields indicate the account for whom the new logon was created, i.e. the account that was logged on.\r\n\r\nThe network fields indicate where a remote logon request originated. Workstation name is not always available and may be left blank in some cases.\r\n\r\nThe impersonation level field indicates the extent to which a process in the logon session can impersonate.\r\n\r\nThe authentication information fields provide detailed information about this specific logon request.\r\n\t- Logon GUID is a unique identifier that can be used to correlate this event with a KDC event.\r\n\t- Transited services indicate which intermediate services have participated in this logon request.\r\n\t- Package name indicates which sub-protocol was used among the NTLM protocols.\r\n\t- Key length indicates the length of the generated session key. This will be 0 if no session key was requested."",""timestamp"":""2022-04-15T12:06:10.346Z"",""AuthenticationPackageName"":""Negotiate"",""IpAddress"":""-"",""ImpersonationLevel"":""%%1833"",""@version"":""1"",""SourceModuleType"":""im_msvistalog"",""LogonType"":""5"",""Hostname"":""James.browne"",""TargetOutboundDomainName"":""-""}",2022-04-15T08:06:07.000+0000,8,15,6,april,7,friday,2022,local,,AUDIT_SUCCESS,cybertees.net,cyber-host,windowslogs,1,60427,"{"""":""-"","""":,"""":""__"","""":,"""":""{----}"","""":""---"","""":,""",Event_logs.json,_json,ip-10-10-40-195,,splunk,,2022-04-15T12:06:10.346Z,
1,,,,,,,,,,,Process Creation,Security,C:\windows\system32\svchost.exe -k LocalSystemNetworkRestricted -s WPDBusEnum,,,,,,,,,,,,,,,,,,,,,,4688,,2022-04-15 8:06:10,2022-04-15 8:06:07,,4,,,,,,,James.browne,,,,,,,,,,-9214364837600034816,,,,,,,,S-1-16-16384,"A new process has been created.

Creator Subject:
	Security ID:		S-1-5-18
	Account Name:		WORKSTATION5$
	Account Domain:		Cybertees
	Logon ID:		0x3E7

Target Subject:
	Security ID:		S-1-0-0
	Account Name:		-
	Account Domain:		-
	Logon ID:		0x0

Process Information:
	New Process ID:		0x2528
	New Process Name:	C:\Windows\System32\svchost.exe
	Token Elevation Type:	%%1936
	Mandatory Label:		S-1-16-16384
	Creator Process ID:	0x2dc
	Creator Process Name:	C:\Windows\System32\services.exe
	Process Command Line:	C:\windows\system32\svchost.exe -k LocalSystemNetworkRestricted -s WPDBusEnum

Token Elevation Type indicates the type of token that was assigned to the new process in accordance with User Account Control policy.

Type 1 is a full token with no privileges removed or groups disabled.  A full token is only used if User Account Control is disabled or if the user is the built-in Administrator account or a service account.

Type 2 is an elevated token with no privileges removed or groups disabled.  An elevated token is used when User Account Control is enabled and the user chooses to start the program using Run as administrator.  An elevated token is also used when an application is configured to always require administrative privilege or to always require maximum privilege, and the user is a member of the Administrators group.

Type 3 is a limited token with administrative privileges removed and administrative groups disabled.  The limited token is used when User Account Control is enabled, the application does not require administrative privilege, and the user does not choose to start the program using Run as administrator.",0x2528,C:\Windows\System32\svchost.exe,,,,,,Info,0,,,,,,C:\Windows\System32\services.exe,,,,,0x2dc,,,,{54849625-5478-4994-A5BA-3E3B0328C30D},,,,73669,,,,,,,,,INFO,2,,,,,,,,,,,,eventlog,im_msvistalog,Microsoft-Windows-Security-Auditing,,,,,,,Cybertees,0x3e7,WORKSTATION5$,S-1-5-18,-,,,,,0x0,,,,,,-,S-1-0-0,13312,,,,1996,%%1936,,,,,,2,,,"{""tags"":[""splunk""],""EventID"":4688,""RecordNumber"":73669,""ProviderGuid"":""{54849625-5478-4994-A5BA-3E3B0328C30D}"",""SourceName"":""Microsoft-Windows-Security-Auditing"",""OpcodeValue"":0,""EventTime"":""2022-04-15 08:06:07"",""SubjectUserSid"":""S-1-5-18"",""host"":""cybertees.net"",""SeverityValue"":2,""ExecutionProcessID"":4,""Category"":""Process Creation"",""SubjectLogonId"":""0x3e7"",""CommandLine"":""C:\\windows\\system32\\svchost.exe -k LocalSystemNetworkRestricted -s WPDBusEnum"",""TargetUserName"":""-"",""SourceModuleName"":""eventlog"",""Message"":""A new process has been created.\r\n\r\nCreator Subject:\r\n\tSecurity ID:\t\tS-1-5-18\r\n\tAccount Name:\t\tWORKSTATION5$\r\n\tAccount Domain:\t\tCybertees\r\n\tLogon ID:\t\t0x3E7\r\n\r\nTarget Subject:\r\n\tSecurity ID:\t\tS-1-0-0\r\n\tAccount Name:\t\t-\r\n\tAccount Domain:\t\t-\r\n\tLogon ID:\t\t0x0\r\n\r\nProcess Information:\r\n\tNew Process ID:\t\t0x2528\r\n\tNew Process Name:\tC:\\Windows\\System32\\svchost.exe\r\n\tToken Elevation Type:\t%%1936\r\n\tMandatory Label:\t\tS-1-16-16384\r\n\tCreator Process ID:\t0x2dc\r\n\tCreator Process Name:\tC:\\Windows\\System32\\services.exe\r\n\tProcess Command Line:\tC:\\windows\\system32\\svchost.exe -k LocalSystemNetworkRestricted -s WPDBusEnum\r\n\r\nToken Elevation Type indicates the type of token that was assigned to the new process in accordance with User Account Control policy.\r\n\r\nType 1 is a full token with no privileges removed or groups disabled.  A full token is only used if User Account Control is disabled or if the user is the built-in Administrator account or a service account.\r\n\r\nType 2 is an elevated token with no privileges removed or groups disabled.  An elevated token is used when User Account Control is enabled and the user chooses to start the program using Run as administrator.  An elevated token is also used when an application is configured to always require administrative privilege or to always require maximum privilege, and the user is a member of the Administrators group.\r\n\r\nType 3 is a limited token with administrative privileges removed and administrative groups disabled.  The limited token is used when User Account Control is enabled, the application does not require administrative privilege, and the user does not choose to start the program using Run as administrator."",""port"":60427,""TargetUserSid"":""S-1-0-0"",""timestamp"":""2022-04-15T12:06:10.346Z"",""ThreadID"":1996,""SubjectUserName"":""WORKSTATION5$"",""Severity"":""INFO"",""MandatoryLabel"":""S-1-16-16384"",""EventType"":""AUDIT_SUCCESS"",""Channel"":""Security"",""TargetLogonId"":""0x0"",""ParentProcessName"":""C:\\Windows\\System32\\services.exe"",""Opcode"":""Info"",""NewProcessId"":""0x2528"",""EventReceivedTime"":""2022-04-15 08:06:10"",""@version"":""1"",""Task"":13312,""SubjectDomainName"":""Cybertees"",""NewProcessName"":""C:\\Windows\\System32\\svchost.exe"",""SourceModuleType"":""im_msvistalog"",""TargetDomainName"":""-"",""TokenElevationType"":""%%1936"",""Hostname"":""James.browne"",""Keywords"":-9214364837600034816,""Version"":2,""ProcessId"":""0x2dc""}",2022-04-15T08:06:07.000+0000,8,15,6,april,7,friday,2022,local,,AUDIT_SUCCESS,cybertees.net,cyber-host,windowslogs,1,60427,"{"""":[""""],"""":,"""":,"""":""{----}"","""":""---"","""":,"""":""--_:",Event_logs.json,_json,ip-10-10-40-195,,splunk,,2022-04-15T12:06:10.346Z,
1,,,,,,,,,,,Registry,Security,,,,,,,,,,,,,,,,,,,,,,,4658,,2022-04-15 8:06:10,2022-04-15 8:06:07,,4,,,,,0xca0,,James.browne,,,,,,,,,,-9214364837600034816,,,,,,,,,"The handle to an object was closed.

Subject :
	Security ID:		S-1-5-18
	Account Name:		WORKSTATION5$
	Account Domain:		Cybertees
	Logon ID:		0x3E7

Object:
	Object Server:		Security
	Handle ID:		0xca0

Process Information:
	Process ID:		0x2dc
	Process Name:		C:\Windows\System32\services.exe",,,,,Security,,,Info,0,,,,,,,,,,,0x2dc,C:\Windows\System32\services.exe,,,{54849625-5478-4994-A5BA-3E3B0328C30D},,,,73668,,,,,,,,,INFO,2,,,,,,,,,,,,eventlog,im_msvistalog,Microsoft-Windows-Security-Auditing,,,,,,,Cybertees,0x3e7,WORKSTATION5$,S-1-5-18,,,,,,,,,,,,,,12801,,,,1996,,,,,,,0,,,"{""tags"":[""splunk""],""EventID"":4658,""RecordNumber"":73668,""ProviderGuid"":""{54849625-5478-4994-A5BA-3E3B0328C30D}"",""SourceName"":""Microsoft-Windows-Security-Auditing"",""OpcodeValue"":0,""EventTime"":""2022-04-15 08:06:07"",""SubjectUserSid"":""S-1-5-18"",""host"":""cybertees.net"",""SeverityValue"":2,""ExecutionProcessID"":4,""Category"":""Registry"",""SubjectLogonId"":""0x3e7"",""SourceModuleName"":""eventlog"",""Message"":""The handle to an object was closed.\r\n\r\nSubject :\r\n\tSecurity ID:\t\tS-1-5-18\r\n\tAccount Name:\t\tWORKSTATION5$\r\n\tAccount Domain:\t\tCybertees\r\n\tLogon ID:\t\t0x3E7\r\n\r\nObject:\r\n\tObject Server:\t\tSecurity\r\n\tHandle ID:\t\t0xca0\r\n\r\nProcess Information:\r\n\tProcess ID:\t\t0x2dc\r\n\tProcess Name:\t\tC:\\Windows\\System32\\services.exe"",""port"":60427,""timestamp"":""2022-04-15T12:06:10.346Z"",""ThreadID"":1996,""SubjectUserName"":""WORKSTATION5$"",""Severity"":""INFO"",""ObjectServer"":""Security"",""ProcessName"":""C:\\Windows\\System32\\services.exe"",""EventType"":""AUDIT_SUCCESS"",""Channel"":""Security"",""Opcode"":""Info"",""EventReceivedTime"":""2022-04-15 08:06:10"",""@version"":""1"",""Task"":12801,""SubjectDomainName"":""Cybertees"",""HandleId"":""0xca0"",""SourceModuleType"":""im_msvistalog"",""Hostname"":""James.browne"",""Keywords"":-9214364837600034816,""Version"":0,""ProcessId"":""0x2dc""}",2022-04-15T08:06:07.000+0000,8,15,6,april,7,friday,2022,local,,AUDIT_SUCCESS,cybertees.net,cyber-host,windowslogs,1,60427,"{"""":[""""],"""":,"""":,"""":""{----}"","""":""---"","""":,"""":""--_:",Event_logs.json,_json,ip-10-10-40-195,,splunk,,2022-04-15T12:06:10.346Z,
1,"%%4432
				",0x1,,,,,,,,,Registry,Security,,,,,,,,,,,,,,,,,,,,,,,4663,,2022-04-15 8:06:10,2022-04-15 8:06:07,,4,,,,,0xca0,,James.browne,,,,,,,,,,-9214364837600034816,,,,,,,,,"An attempt was made to access an object.

Subject:
	Security ID:		S-1-5-18
	Account Name:		WORKSTATION5$
	Account Domain:		Cybertees
	Logon ID:		0x3E7

Object:
	Object Server:		Security
	Object Type:		Key
	Object Name:		\REGISTRY\MACHINE\SYSTEM\ControlSet001\Control\Session Manager\Environment
	Handle ID:		0xca0
	Resource Attributes:	-

Process Information:
	Process ID:		0x2dc
	Process Name:		C:\Windows\System32\services.exe

Access Request Information:
	Accesses:		Query key value
				
	Access Mask:		0x1",,,,\REGISTRY\MACHINE\SYSTEM\ControlSet001\Control\Session Manager\Environment,Security,Key,,Info,0,,,,,,,,,,,0x2dc,C:\Windows\System32\services.exe,,,{54849625-5478-4994-A5BA-3E3B0328C30D},,,,73667,,,,-,,,,,INFO,2,,,,,,,,,,,,eventlog,im_msvistalog,Microsoft-Windows-Security-Auditing,,,,,,,Cybertees,0x3e7,WORKSTATION5$,S-1-5-18,,,,,,,,,,,,,,12801,,,,1996,,,,,,,1,,,"{""tags"":[""splunk""],""EventID"":4663,""RecordNumber"":73667,""ProviderGuid"":""{54849625-5478-4994-A5BA-3E3B0328C30D}"",""SourceName"":""Microsoft-Windows-Security-Auditing"",""OpcodeValue"":0,""EventTime"":""2022-04-15 08:06:07"",""SubjectUserSid"":""S-1-5-18"",""host"":""cybertees.net"",""SeverityValue"":2,""ExecutionProcessID"":4,""Category"":""Registry"",""SubjectLogonId"":""0x3e7"",""AccessList"":""%%4432\r\n\t\t\t\t"",""SourceModuleName"":""eventlog"",""Message"":""An attempt was made to access an object.\r\n\r\nSubject:\r\n\tSecurity ID:\t\tS-1-5-18\r\n\tAccount Name:\t\tWORKSTATION5$\r\n\tAccount Domain:\t\tCybertees\r\n\tLogon ID:\t\t0x3E7\r\n\r\nObject:\r\n\tObject Server:\t\tSecurity\r\n\tObject Type:\t\tKey\r\n\tObject Name:\t\t\\REGISTRY\\MACHINE\\SYSTEM\\ControlSet001\\Control\\Session Manager\\Environment\r\n\tHandle ID:\t\t0xca0\r\n\tResource Attributes:\t-\r\n\r\nProcess Information:\r\n\tProcess ID:\t\t0x2dc\r\n\tProcess Name:\t\tC:\\Windows\\System32\\services.exe\r\n\r\nAccess Request Information:\r\n\tAccesses:\t\tQuery key value\r\n\t\t\t\t\r\n\tAccess Mask:\t\t0x1"",""port"":60427,""timestamp"":""2022-04-15T12:06:10.345Z"",""ThreadID"":1996,""SubjectUserName"":""WORKSTATION5$"",""Severity"":""INFO"",""ObjectServer"":""Security"",""ProcessName"":""C:\\Windows\\System32\\services.exe"",""ResourceAttributes"":""-"",""EventType"":""AUDIT_SUCCESS"",""Channel"":""Security"",""ObjectType"":""Key"",""Opcode"":""Info"",""ObjectName"":""\\REGISTRY\\MACHINE\\SYSTEM\\ControlSet001\\Control\\Session Manager\\Environment"",""EventReceivedTime"":""2022-04-15 08:06:10"",""@version"":""1"",""Task"":12801,""SubjectDomainName"":""Cybertees"",""HandleId"":""0xca0"",""AccessMask"":""0x1"",""SourceModuleType"":""im_msvistalog"",""Hostname"":""James.browne"",""Keywords"":-9214364837600034816,""Version"":1,""ProcessId"":""0x2dc""}",2022-04-15T08:06:07.000+0000,8,15,6,april,7,friday,2022,local,,AUDIT_SUCCESS,cybertees.net,cyber-host,windowslogs,1,60427,"{"""":[""""],"""":,"""":,"""":""{----}"","""":""---"","""":,"""":""--_:",Event_logs.json,_json,ip-10-10-40-195,,splunk,,2022-04-15T12:06:10.345Z,
1,"%%1538
				%%4432
				%%4435
				%%4436
				",0x20019,-,,,,,,,,Registry,Security,,,,,,,,,,,,,,,,,,,,,,,4656,,2022-04-15 8:06:10,2022-04-15 8:06:07,,4,,,,,0xca0,,James.browne,,,,,,,,,,-9214364837600034816,,,,,,,,,"A handle to an object was requested.

Subject:
	Security ID:		S-1-5-18
	Account Name:		WORKSTATION5$
	Account Domain:		Cybertees
	Logon ID:		0x3E7

Object:
	Object Server:		Security
	Object Type:		Key
	Object Name:		\REGISTRY\MACHINE\SYSTEM\ControlSet001\Control\Session Manager\Environment
	Handle ID:		0xca0
	Resource Attributes:	-

Process Information:
	Process ID:		0x2dc
	Process Name:		C:\Windows\System32\services.exe

Access Request Information:
	Transaction ID:		{00000000-0000-0000-0000-000000000000}
	Accesses:		READ_CONTROL
				Query key value
				Enumerate sub-keys
				Notify about changes to keys
				
	Access Reasons:		-
	Access Mask:		0x20019
	Privileges Used for Access Check:	-
	Restricted SID Count:	0",,,,\REGISTRY\MACHINE\SYSTEM\ControlSet001\Control\Session Manager\Environment,Security,Key,,Info,0,,,,,,,,,-,,0x2dc,C:\Windows\System32\services.exe,,,{54849625-5478-4994-A5BA-3E3B0328C30D},,,,73666,,,,-,,0,,,INFO,2,,,,,,,,,,,,eventlog,im_msvistalog,Microsoft-Windows-Security-Auditing,,,,,,,Cybertees,0x3e7,WORKSTATION5$,S-1-5-18,,,,,,,,,,,,,,12801,,,,1996,,{00000000-0000-0000-0000-000000000000},,,,,1,,,"{""EventID"":4656,""RecordNumber"":73666,""ProviderGuid"":""{54849625-5478-4994-A5BA-3E3B0328C30D}"",""SourceName"":""Microsoft-Windows-Security-Auditing"",""OpcodeValue"":0,""AccessList"":""%%1538\r\n\t\t\t\t%%4432\r\n\t\t\t\t%%4435\r\n\t\t\t\t%%4436\r\n\t\t\t\t"",""AccessReason"":""-"",""SourceModuleName"":""eventlog"",""ExecutionProcessID"":4,""Category"":""Registry"",""port"":60427,""ThreadID"":1996,""SubjectUserName"":""WORKSTATION5$"",""Severity"":""INFO"",""ObjectServer"":""Security"",""ProcessName"":""C:\\Windows\\System32\\services.exe"",""ResourceAttributes"":""-"",""EventType"":""AUDIT_SUCCESS"",""Channel"":""Security"",""ObjectType"":""Key"",""Opcode"":""Info"",""ObjectName"":""\\REGISTRY\\MACHINE\\SYSTEM\\ControlSet001\\Control\\Session Manager\\Environment"",""EventReceivedTime"":""2022-04-15 08:06:10"",""Task"":12801,""SubjectDomainName"":""Cybertees"",""HandleId"":""0xca0"",""Keywords"":-9214364837600034816,""Version"":1,""ProcessId"":""0x2dc"",""tags"":[""splunk""],""SubjectUserSid"":""S-1-5-18"",""EventTime"":""2022-04-15 08:06:07"",""host"":""cybertees.net"",""SeverityValue"":2,""SubjectLogonId"":""0x3e7"",""Message"":""A handle to an object was requested.\r\n\r\nSubject:\r\n\tSecurity ID:\t\tS-1-5-18\r\n\tAccount Name:\t\tWORKSTATION5$\r\n\tAccount Domain:\t\tCybertees\r\n\tLogon ID:\t\t0x3E7\r\n\r\nObject:\r\n\tObject Server:\t\tSecurity\r\n\tObject Type:\t\tKey\r\n\tObject Name:\t\t\\REGISTRY\\MACHINE\\SYSTEM\\ControlSet001\\Control\\Session Manager\\Environment\r\n\tHandle ID:\t\t0xca0\r\n\tResource Attributes:\t-\r\n\r\nProcess Information:\r\n\tProcess ID:\t\t0x2dc\r\n\tProcess Name:\t\tC:\\Windows\\System32\\services.exe\r\n\r\nAccess Request Information:\r\n\tTransaction ID:\t\t{00000000-0000-0000-0000-000000000000}\r\n\tAccesses:\t\tREAD_CONTROL\r\n\t\t\t\tQuery key value\r\n\t\t\t\tEnumerate sub-keys\r\n\t\t\t\tNotify about changes to keys\r\n\t\t\t\t\r\n\tAccess Reasons:\t\t-\r\n\tAccess Mask:\t\t0x20019\r\n\tPrivileges Used for Access Check:\t-\r\n\tRestricted SID Count:\t0"",""timestamp"":""2022-04-15T12:06:10.345Z"",""@version"":""1"",""AccessMask"":""0x20019"",""SourceModuleType"":""im_msvistalog"",""RestrictedSidCount"":""0"",""TransactionId"":""{00000000-0000-0000-0000-000000000000}"",""Hostname"":""James.browne"",""PrivilegeList"":""-""}",2022-04-15T08:06:07.000+0000,8,15,6,april,7,friday,2022,local,,AUDIT_SUCCESS,cybertees.net,cyber-host,windowslogs,1,60427,"{"""":,"""":,"""":""{----}"","""":""---"","""":,"""":""%%\\\\\\%%\\",Event_logs.json,_json,ip-10-10-40-195,,splunk,,2022-04-15T12:06:10.345Z,
1,,,,,,,,,,,Registry,Security,,,,,,,,,,,,,,,,,,,,,,,4658,,2022-04-15 8:06:10,2022-04-15 8:06:07,,4,,,,,0x36a4,,James.browne,,,,,,,,,,-9214364837600034816,,,,,,,,,"The handle to an object was closed.

Subject :
	Security ID:		S-1-5-18
	Account Name:		WORKSTATION5$
	Account Domain:		Cybertees
	Logon ID:		0x3E7

Object:
	Object Server:		Security
	Handle ID:		0x36a4

Process Information:
	Process ID:		0x2dc
	Process Name:		C:\Windows\System32\services.exe",,,,,Security,,,Info,0,,,,,,,,,,,0x2dc,C:\Windows\System32\services.exe,,,{54849625-5478-4994-A5BA-3E3B0328C30D},,,,73665,,,,,,,,,INFO,2,,,,,,,,,,,,eventlog,im_msvistalog,Microsoft-Windows-Security-Auditing,,,,,,,Cybertees,0x3e7,WORKSTATION5$,S-1-5-18,,,,,,,,,,,,,,12801,,,,1996,,,,,,,0,,,"{""tags"":[""splunk""],""EventID"":4658,""RecordNumber"":73665,""ProviderGuid"":""{54849625-5478-4994-A5BA-3E3B0328C30D}"",""SourceName"":""Microsoft-Windows-Security-Auditing"",""OpcodeValue"":0,""EventTime"":""2022-04-15 08:06:07"",""SubjectUserSid"":""S-1-5-18"",""host"":""cybertees.net"",""SeverityValue"":2,""ExecutionProcessID"":4,""Category"":""Registry"",""SubjectLogonId"":""0x3e7"",""SourceModuleName"":""eventlog"",""Message"":""The handle to an object was closed.\r\n\r\nSubject :\r\n\tSecurity ID:\t\tS-1-5-18\r\n\tAccount Name:\t\tWORKSTATION5$\r\n\tAccount Domain:\t\tCybertees\r\n\tLogon ID:\t\t0x3E7\r\n\r\nObject:\r\n\tObject Server:\t\tSecurity\r\n\tHandle ID:\t\t0x36a4\r\n\r\nProcess Information:\r\n\tProcess ID:\t\t0x2dc\r\n\tProcess Name:\t\tC:\\Windows\\System32\\services.exe"",""port"":60427,""timestamp"":""2022-04-15T12:06:10.344Z"",""ThreadID"":1996,""SubjectUserName"":""WORKSTATION5$"",""Severity"":""INFO"",""ObjectServer"":""Security"",""ProcessName"":""C:\\Windows\\System32\\services.exe"",""EventType"":""AUDIT_SUCCESS"",""Channel"":""Security"",""Opcode"":""Info"",""EventReceivedTime"":""2022-04-15 08:06:10"",""@version"":""1"",""Task"":12801,""SubjectDomainName"":""Cybertees"",""HandleId"":""0x36a4"",""SourceModuleType"":""im_msvistalog"",""Hostname"":""James.browne"",""Keywords"":-9214364837600034816,""Version"":0,""ProcessId"":""0x2dc""}",2022-04-15T08:06:07.000+0000,8,15,6,april,7,friday,2022,local,,AUDIT_SUCCESS,cybertees.net,cyber-host,windowslogs,1,60427,"{"""":[""""],"""":,"""":,"""":""{----}"","""":""---"","""":,"""":""--_:",Event_logs.json,_json,ip-10-10-40-195,,splunk,,2022-04-15T12:06:10.344Z,
1,,,,,,,,,,,Handle Manipulation,Security,,,,,,,,,,,,,,,,,,,,,,,4690,,2022-04-15 8:06:10,2022-04-15 8:06:07,,4,,,,,,,James.browne,,,,,,,,,,-9214364837600034816,,,,,,,,,"An attempt was made to duplicate a handle to an object.

Subject:
	Security ID:		S-1-5-18
	Account Name:		WORKSTATION5$
	Account Domain:		Cybertees
	Logon ID:		0x3E7

Source Handle Information:
	Source Handle ID:	0xca0
	Source Process ID:	0x2dc

New Handle Information:
	Target Handle ID:	0x36a4
	Target Process ID:	0x4",,,,,,,,Info,0,,,,,,,,,,,0x2dc,,,,{54849625-5478-4994-A5BA-3E3B0328C30D},,,,73664,,,,,,,,,INFO,2,,,,,,,0xca0,,,,,eventlog,im_msvistalog,Microsoft-Windows-Security-Auditing,,,,0x2dc,,,Cybertees,0x3e7,WORKSTATION5$,S-1-5-18,,,0x36a4,,,,,,,,0x4,,,12807,,,,1996,,,,,,,0,,,"{""tags"":[""splunk""],""EventID"":4690,""RecordNumber"":73664,""ProviderGuid"":""{54849625-5478-4994-A5BA-3E3B0328C30D}"",""SourceName"":""Microsoft-Windows-Security-Auditing"",""OpcodeValue"":0,""EventTime"":""2022-04-15 08:06:07"",""SubjectUserSid"":""S-1-5-18"",""host"":""cybertees.net"",""SeverityValue"":2,""ExecutionProcessID"":4,""Category"":""Handle Manipulation"",""SubjectLogonId"":""0x3e7"",""SourceProcessId"":""0x2dc"",""SourceModuleName"":""eventlog"",""SourceHandleId"":""0xca0"",""Message"":""An attempt was made to duplicate a handle to an object.\r\n\r\nSubject:\r\n\tSecurity ID:\t\tS-1-5-18\r\n\tAccount Name:\t\tWORKSTATION5$\r\n\tAccount Domain:\t\tCybertees\r\n\tLogon ID:\t\t0x3E7\r\n\r\nSource Handle Information:\r\n\tSource Handle ID:\t0xca0\r\n\tSource Process ID:\t0x2dc\r\n\r\nNew Handle Information:\r\n\tTarget Handle ID:\t0x36a4\r\n\tTarget Process ID:\t0x4"",""port"":60427,""timestamp"":""2022-04-15T12:06:10.344Z"",""ThreadID"":1996,""TargetProcessId"":""0x4"",""SubjectUserName"":""WORKSTATION5$"",""Severity"":""INFO"",""EventType"":""AUDIT_SUCCESS"",""Channel"":""Security"",""Opcode"":""Info"",""EventReceivedTime"":""2022-04-15 08:06:10"",""@version"":""1"",""Task"":12807,""SubjectDomainName"":""Cybertees"",""SourceModuleType"":""im_msvistalog"",""TargetHandleId"":""0x36a4"",""Hostname"":""James.browne"",""Keywords"":-9214364837600034816,""Version"":0,""ProcessId"":""0x2dc""}",2022-04-15T08:06:07.000+0000,8,15,6,april,7,friday,2022,local,,AUDIT_SUCCESS,cybertees.net,cyber-host,windowslogs,1,60427,"{"""":[""""],"""":,"""":,"""":""{----}"","""":""---"","""":,"""":""--_:",Event_logs.json,_json,ip-10-10-40-195,,splunk,,2022-04-15T12:06:10.344Z,
1,,,,,,,,,,,Authorization Policy Change,Security,,,,,,,,,,,,,,,,,,,,,,,4670,,2022-04-15 8:06:10,2022-04-15 8:06:07,,4,,,,,0xc8c,,James.browne,,,,,,,,,,-9214364837600034816,,,,,,,,,"Permissions on an object were changed.

Subject:
	Security ID:		S-1-5-18
	Account Name:		WORKSTATION5$
	Account Domain:		Cybertees
	Logon ID:		0x3E7

Object:
	Object Server:	Security
	Object Type:	Token
	Object Name:	-
	Handle ID:	0xc8c

Process:
	Process ID:	0x2dc
	Process Name:	C:\Windows\System32\services.exe

Permissions Change:
	Original Security Descriptor:	D:(A;;GA;;;SY)(A;;RCGXGR;;;BA)
	New Security Descriptor:	D:(A;;GA;;;SY)(A;;RC;;;OW)(A;;GA;;;S-1-5-80-113310567-2163499630-2787090463-221477905-209227094)",,,D:(A;;GA;;;SY)(A;;RC;;;OW)(A;;GA;;;S-1-5-80-113310567-2163499630-2787090463-221477905-209227094),-,Security,Token,D:(A;;GA;;;SY)(A;;RCGXGR;;;BA),Info,0,,,,,,,,,,,0x2dc,C:\Windows\System32\services.exe,,,{54849625-5478-4994-A5BA-3E3B0328C30D},,,,73663,,,,,,,,,INFO,2,,,,,,,,,,,,eventlog,im_msvistalog,Microsoft-Windows-Security-Auditing,,,,,,,Cybertees,0x3e7,WORKSTATION5$,S-1-5-18,,,,,,,,,,,,,,13570,,,,1996,,,,,,,0,,,"{""tags"":[""splunk""],""EventID"":4670,""RecordNumber"":73663,""ProviderGuid"":""{54849625-5478-4994-A5BA-3E3B0328C30D}"",""SourceName"":""Microsoft-Windows-Security-Auditing"",""OpcodeValue"":0,""EventTime"":""2022-04-15 08:06:07"",""SubjectUserSid"":""S-1-5-18"",""host"":""cybertees.net"",""SeverityValue"":2,""ExecutionProcessID"":4,""Category"":""Authorization Policy Change"",""SubjectLogonId"":""0x3e7"",""SourceModuleName"":""eventlog"",""Message"":""Permissions on an object were changed.\r\n\r\nSubject:\r\n\tSecurity ID:\t\tS-1-5-18\r\n\tAccount Name:\t\tWORKSTATION5$\r\n\tAccount Domain:\t\tCybertees\r\n\tLogon ID:\t\t0x3E7\r\n\r\nObject:\r\n\tObject Server:\tSecurity\r\n\tObject Type:\tToken\r\n\tObject Name:\t-\r\n\tHandle ID:\t0xc8c\r\n\r\nProcess:\r\n\tProcess ID:\t0x2dc\r\n\tProcess Name:\tC:\\Windows\\System32\\services.exe\r\n\r\nPermissions Change:\r\n\tOriginal Security Descriptor:\tD:(A;;GA;;;SY)(A;;RCGXGR;;;BA)\r\n\tNew Security Descriptor:\tD:(A;;GA;;;SY)(A;;RC;;;OW)(A;;GA;;;S-1-5-80-113310567-2163499630-2787090463-221477905-209227094)"",""port"":60427,""timestamp"":""2022-04-15T12:06:10.343Z"",""ThreadID"":1996,""NewSd"":""D:(A;;GA;;;SY)(A;;RC;;;OW)(A;;GA;;;S-1-5-80-113310567-2163499630-2787090463-221477905-209227094)"",""SubjectUserName"":""WORKSTATION5$"",""Severity"":""INFO"",""ObjectServer"":""Security"",""ProcessName"":""C:\\Windows\\System32\\services.exe"",""EventType"":""AUDIT_SUCCESS"",""Channel"":""Security"",""ObjectType"":""Token"",""Opcode"":""Info"",""ObjectName"":""-"",""OldSd"":""D:(A;;GA;;;SY)(A;;RCGXGR;;;BA)"",""EventReceivedTime"":""2022-04-15 08:06:10"",""@version"":""1"",""Task"":13570,""SubjectDomainName"":""Cybertees"",""HandleId"":""0xc8c"",""SourceModuleType"":""im_msvistalog"",""Hostname"":""James.browne"",""Keywords"":-9214364837600034816,""Version"":0,""ProcessId"":""0x2dc""}",2022-04-15T08:06:07.000+0000,8,15,6,april,7,friday,2022,local,,AUDIT_SUCCESS,cybertees.net,cyber-host,windowslogs,1,60427,"{"""":[""""],"""":,"""":,"""":""{----}"","""":""---"","""":,"""":""--_:",Event_logs.json,_json,ip-10-10-40-195,,splunk,,2022-04-15T12:06:10.343Z,
1,,,,,,{4F259F18-BCE1-0001-0E2B-5193808AD601},,,,,Special Logon,Security,,,,,,,,,,,,,,,,,,,,,,,4672,,2022-04-15 8:06:10,2022-04-15 8:06:07,,740,,,,,,,James.browne,,,,,,,,,,-9214364837600034816,,,,,,,,,"Special privileges assigned to new logon.

Subject:
	Security ID:		S-1-5-18
	Account Name:		SYSTEM
	Account Domain:		NT AUTHORITY
	Logon ID:		0x3E7

