1,,,,SYSTEM,User,,,,,,Registry object added or deleted (rule: RegistryEvent),Microsoft-Windows-Sysmon/Operational,,,,,,,,,,,,,,,,,,NT AUTHORITY,,,,,12,,2022-04-15 8:06:25,2022-04-15 8:06:24,INFO,3524,,,,,,,James.browne,C:\windows\system32\svchost.exe,,,,,,,,,-9223372036854775808,,,,,,,,,"Registry object added or deleted:
RuleName: -
EventType: CreateKey
UtcTime: 2022-04-15 12:06:24.456
ProcessGuid: {2d351099-43cd-5f5f-1100-000000000400}
ProcessId: 996
Image: C:\windows\system32\svchost.exe
TargetObject: HKLM\SOFTWARE\Microsoft\SecurityManager\CapAuthz",,,,,,,,Info,0,,,,,,,,,,{2d351099-43cd-5f5f-1100-000000000400},996,,,,{5770385F-C22A-43E0-BF4C-06F5698FFBD9},,,,424927,,,,,,,-,,INFO,2,,,,,,,,,,,,eventlog,im_msvistalog,Microsoft-Windows-Sysmon,,,,,,,,,,,,,,,,,HKLM\SOFTWARE\Microsoft\SecurityManager\CapAuthz,,,,,,,12,,,,4688,,,,,S-1-5-18,2022-04-15 12:06:24,2,,,"{""Image"":""C:\\windows\\system32\\svchost.exe"",""ProcessId"":""996"",""EventID"":12,""tags"":[""splunk""],""RecordNumber"":424927,""ProviderGuid"":""{5770385F-C22A-43E0-BF4C-06F5698FFBD9}"",""SourceName"":""Microsoft-Windows-Sysmon"",""OpcodeValue"":0,""EventTime"":""2022-04-15 08:06:24"",""AccountName"":""SYSTEM"",""host"":""cybertees.net"",""SeverityValue"":2,""ExecutionProcessID"":3524,""AccountType"":""User"",""Category"":""Registry object added or deleted (rule: RegistryEvent)"",""SourceModuleName"":""eventlog"",""Domain"":""NT AUTHORITY"",""Message"":""Registry object added or deleted:\r\nRuleName: -\r\nEventType: CreateKey\r\nUtcTime: 2022-04-15 12:06:24.456\r\nProcessGuid: {2d351099-43cd-5f5f-1100-000000000400}\r\nProcessId: 996\r\nImage: C:\\windows\\system32\\svchost.exe\r\nTargetObject: HKLM\\SOFTWARE\\Microsoft\\SecurityManager\\CapAuthz"",""port"":60427,""UserID"":""S-1-5-18"",""UtcTime"":""2022-04-15 12:06:24.456"",""timestamp"":""2022-04-15T12:06:25.075Z"",""ThreadID"":4688,""Severity"":""INFO"",""EventTypeOrignal"":""INFO"",""EventType"":""CreateKey"",""Channel"":""Microsoft-Windows-Sysmon/Operational"",""TargetObject"":""HKLM\\SOFTWARE\\Microsoft\\SecurityManager\\CapAuthz"",""Opcode"":""Info"",""EventReceivedTime"":""2022-04-15 08:06:25"",""@version"":""1"",""Task"":12,""SourceModuleType"":""im_msvistalog"",""RuleName"":""-"",""Hostname"":""James.browne"",""Keywords"":-9223372036854775808,""Version"":2,""ProcessGuid"":""{2d351099-43cd-5f5f-1100-000000000400}""}",2022-04-15T08:06:22.000+0000,8,15,6,april,22,friday,2022,local,,CreateKey,cybertees.net,cyber-host,windowslogs,1,60427,"{"""":"":\\\\\\."","""":"""","""":,"""":[""""],"""":,"""":""{----}"",""",Event_logs.json,_json,ip-10-10-40-195,,splunk,,2022-04-15T12:06:25.075Z,
1,,,,SYSTEM,User,,,,,,Registry value set (rule: RegistryEvent),Microsoft-Windows-Sysmon/Operational,,,,,,,,,,,,,,Binary Data,,,,NT AUTHORITY,,,,,13,,2022-04-15 8:06:25,2022-04-15 8:06:24,INFO,3524,,,,,,,James.browne,C:\windows\system32\svchost.exe,,,,,,,,,-9223372036854775808,,,,,,,,,"Registry value set:
RuleName: -
EventType: SetValue
UtcTime: 2022-04-15 12:06:24.456
ProcessGuid: {2d351099-43cf-5f5f-2000-000000000400}
ProcessId: 1388
Image: C:\windows\system32\svchost.exe
TargetObject: HKLM\SOFTWARE\Microsoft\Windows NT\CurrentVersion\Schedule\TaskCache\Tasks\{18192CBE-3B5C-4E7A-92AD-368C4F8745EE}\DynamicInfo
Details: Binary Data",,,,,,,,Info,0,,,,,,,,,,{2d351099-43cf-5f5f-2000-000000000400},1388,,,,{5770385F-C22A-43E0-BF4C-06F5698FFBD9},,,,424926,,,,,,,-,,INFO,2,,,,,,,,,,,,eventlog,im_msvistalog,Microsoft-Windows-Sysmon,,,,,,,,,,,,,,,,,HKLM\SOFTWARE\Microsoft\Windows NT\CurrentVersion\Schedule\TaskCache\Tasks\{18192CBE-3B5C-4E7A-92AD-368C4F8745EE}\DynamicInfo,,,,,,,13,,,,4688,,,,,S-1-5-18,2022-04-15 12:06:24,2,,,"{""Image"":""C:\\windows\\system32\\svchost.exe"",""ProcessId"":""1388"",""EventID"":13,""tags"":[""splunk""],""RecordNumber"":424926,""ProviderGuid"":""{5770385F-C22A-43E0-BF4C-06F5698FFBD9}"",""SourceName"":""Microsoft-Windows-Sysmon"",""OpcodeValue"":0,""EventTime"":""2022-04-15 08:06:24"",""AccountName"":""SYSTEM"",""host"":""cybertees.net"",""SeverityValue"":2,""ExecutionProcessID"":3524,""AccountType"":""User"",""Category"":""Registry value set (rule: RegistryEvent)"",""SourceModuleName"":""eventlog"",""Domain"":""NT AUTHORITY"",""Message"":""Registry value set:\r\nRuleName: -\r\nEventType: SetValue\r\nUtcTime: 2022-04-15 12:06:24.456\r\nProcessGuid: {2d351099-43cf-5f5f-2000-000000000400}\r\nProcessId: 1388\r\nImage: C:\\windows\\system32\\svchost.exe\r\nTargetObject: HKLM\\SOFTWARE\\Microsoft\\Windows NT\\CurrentVersion\\Schedule\\TaskCache\\Tasks\\{18192CBE-3B5C-4E7A-92AD-368C4F8745EE}\\DynamicInfo\r\nDetails: Binary Data"",""port"":60427,""UserID"":""S-1-5-18"",""UtcTime"":""2022-04-15 12:06:24.456"",""timestamp"":""2022-04-15T12:06:25.074Z"",""ThreadID"":4688,""Severity"":""INFO"",""EventTypeOrignal"":""INFO"",""EventType"":""SetValue"",""Channel"":""Microsoft-Windows-Sysmon/Operational"",""TargetObject"":""HKLM\\SOFTWARE\\Microsoft\\Windows NT\\CurrentVersion\\Schedule\\TaskCache\\Tasks\\{18192CBE-3B5C-4E7A-92AD-368C4F8745EE}\\DynamicInfo"",""Details"":""Binary Data"",""Opcode"":""Info"",""EventReceivedTime"":""2022-04-15 08:06:25"",""@version"":""1"",""Task"":13,""SourceModuleType"":""im_msvistalog"",""RuleName"":""-"",""Hostname"":""James.browne"",""Keywords"":-9223372036854775808,""Version"":2,""ProcessGuid"":""{2d351099-43cf-5f5f-2000-000000000400}""}",2022-04-15T08:06:22.000+0000,8,15,6,april,22,friday,2022,local,,SetValue,cybertees.net,cyber-host,windowslogs,1,60427,"{"""":"":\\\\\\."","""":"""","""":,"""":[""""],"""":,"""":""{----}"",""",Event_logs.json,_json,ip-10-10-40-195,,splunk,,2022-04-15T12:06:25.074Z,
1,,,,SYSTEM,User,,,,,,Registry object added or deleted (rule: RegistryEvent),Microsoft-Windows-Sysmon/Operational,,,,,,,,,,,,,,,,,,NT AUTHORITY,,,,,12,,2022-04-15 8:06:25,2022-04-15 8:06:24,INFO,3524,,,,,,,James.browne,C:\windows\system32\svchost.exe,,,,,,,,,-9223372036854775808,,,,,,,,,"Registry object added or deleted:
RuleName: -
EventType: CreateKey
UtcTime: 2022-04-15 12:06:24.456
ProcessGuid: {2d351099-43cf-5f5f-2000-000000000400}
ProcessId: 1388
Image: C:\windows\system32\svchost.exe
TargetObject: HKLM\SOFTWARE\Microsoft\Windows NT\CurrentVersion\Schedule\TaskCache\Tasks\{18192CBE-3B5C-4E7A-92AD-368C4F8745EE}",,,,,,,,Info,0,,,,,,,,,,{2d351099-43cf-5f5f-2000-000000000400},1388,,,,{5770385F-C22A-43E0-BF4C-06F5698FFBD9},,,,424925,,,,,,,-,,INFO,2,,,,,,,,,,,,eventlog,im_msvistalog,Microsoft-Windows-Sysmon,,,,,,,,,,,,,,,,,HKLM\SOFTWARE\Microsoft\Windows NT\CurrentVersion\Schedule\TaskCache\Tasks\{18192CBE-3B5C-4E7A-92AD-368C4F8745EE},,,,,,,12,,,,4688,,,,,S-1-5-18,2022-04-15 12:06:24,2,,,"{""Image"":""C:\\windows\\system32\\svchost.exe"",""ProcessId"":""1388"",""EventID"":12,""tags"":[""splunk""],""RecordNumber"":424925,""ProviderGuid"":""{5770385F-C22A-43E0-BF4C-06F5698FFBD9}"",""SourceName"":""Microsoft-Windows-Sysmon"",""OpcodeValue"":0,""EventTime"":""2022-04-15 08:06:24"",""AccountName"":""SYSTEM"",""host"":""cybertees.net"",""SeverityValue"":2,""ExecutionProcessID"":3524,""AccountType"":""User"",""Category"":""Registry object added or deleted (rule: RegistryEvent)"",""SourceModuleName"":""eventlog"",""Domain"":""NT AUTHORITY"",""Message"":""Registry object added or deleted:\r\nRuleName: -\r\nEventType: CreateKey\r\nUtcTime: 2022-04-15 12:06:24.456\r\nProcessGuid: {2d351099-43cf-5f5f-2000-000000000400}\r\nProcessId: 1388\r\nImage: C:\\windows\\system32\\svchost.exe\r\nTargetObject: HKLM\\SOFTWARE\\Microsoft\\Windows NT\\CurrentVersion\\Schedule\\TaskCache\\Tasks\\{18192CBE-3B5C-4E7A-92AD-368C4F8745EE}"",""port"":60427,""UserID"":""S-1-5-18"",""UtcTime"":""2022-04-15 12:06:24.456"",""timestamp"":""2022-04-15T12:06:25.073Z"",""ThreadID"":4688,""Severity"":""INFO"",""EventTypeOrignal"":""INFO"",""EventType"":""CreateKey"",""Channel"":""Microsoft-Windows-Sysmon/Operational"",""TargetObject"":""HKLM\\SOFTWARE\\Microsoft\\Windows NT\\CurrentVersion\\Schedule\\TaskCache\\Tasks\\{18192CBE-3B5C-4E7A-92AD-368C4F8745EE}"",""Opcode"":""Info"",""EventReceivedTime"":""2022-04-15 08:06:25"",""@version"":""1"",""Task"":12,""SourceModuleType"":""im_msvistalog"",""RuleName"":""-"",""Hostname"":""James.browne"",""Keywords"":-9223372036854775808,""Version"":2,""ProcessGuid"":""{2d351099-43cf-5f5f-2000-000000000400}""}",2022-04-15T08:06:22.000+0000,8,15,6,april,22,friday,2022,local,,CreateKey,cybertees.net,cyber-host,windowslogs,1,60427,"{"""":"":\\\\\\."","""":"""","""":,"""":[""""],"""":,"""":""{----}"",""",Event_logs.json,_json,ip-10-10-40-195,,splunk,,2022-04-15T12:06:25.073Z,
1,,,,SYSTEM,User,,,,,C:\windows\SYSTEM32\ntdll.dll+9c534|C:\windows\system32\basesrv.DLL+2fba|C:\windows\SYSTEM32\CSRSRV.dll+5af4|C:\windows\SYSTEM32\ntdll.dll+6ce5f,Process accessed (rule: ProcessAccess),Microsoft-Windows-Sysmon/Operational,,,,,,,,,,,,,,,,,,NT AUTHORITY,,,,,10,,2022-04-15 8:06:25,2022-04-15 8:06:24,,3524,,,0x1fffff,,,,James.browne,,,,,,,,,,-9223372036854775808,,,,,,,,,"Process accessed:
RuleName: -
UtcTime: 2022-04-15 12:06:24.456
SourceProcessGUID: {2d351099-43cc-5f5f-0600-000000000400}
SourceProcessId: 524
SourceThreadId: 1580
SourceImage: C:\windows\system32\csrss.exe
TargetProcessGUID: {2d351099-5cc0-5f5f-3a04-000000000400}
TargetProcessId: 7212
TargetImage: C:\windows\system32\RAServer.exe
GrantedAccess: 0x1FFFFF
CallTrace: C:\windows\SYSTEM32\ntdll.dll+9c534|C:\windows\system32\basesrv.DLL+2fba|C:\windows\SYSTEM32\CSRSRV.dll+5af4|C:\windows\SYSTEM32\ntdll.dll+6ce5f",,,,,,,,Info,0,,,,,,,,,,,524,,,,{5770385F-C22A-43E0-BF4C-06F5698FFBD9},,,,424924,,,,,,,-,,INFO,2,,,,,,,,,C:\windows\system32\csrss.exe,,,eventlog,im_msvistalog,Microsoft-Windows-Sysmon,,,{2d351099-43cc-5f5f-0600-000000000400},524,1580,,,,,,,,,C:\windows\system32\RAServer.exe,,,,,,{2d351099-5cc0-5f5f-3a04-000000000400},7212,,,10,,,,4688,,,,,S-1-5-18,2022-04-15 12:06:24,3,,,"{""EventID"":10,""RecordNumber"":424924,""ProviderGuid"":""{5770385F-C22A-43E0-BF4C-06F5698FFBD9}"",""SourceName"":""Microsoft-Windows-Sysmon"",""OpcodeValue"":0,""AccountName"":""SYSTEM"",""SourceImage"":""C:\\windows\\system32\\csrss.exe"",""SourceModuleName"":""eventlog"",""ExecutionProcessID"":3524,""AccountType"":""User"",""Category"":""Process accessed (rule: ProcessAccess)"",""SourceProcessId"":""524"",""Domain"":""NT AUTHORITY"",""port"":60427,""ThreadID"":4688,""Severity"":""INFO"",""EventType"":""INFO"",""Channel"":""Microsoft-Windows-Sysmon/Operational"",""Opcode"":""Info"",""EventReceivedTime"":""2022-04-15 08:06:25"",""Task"":10,""RuleName"":""-"",""Keywords"":-9223372036854775808,""Version"":3,""ProcessId"":""524"",""tags"":[""splunk""],""GrantedAccess"":""0x1fffff"",""SourceProcessGUID"":""{2d351099-43cc-5f5f-0600-000000000400}"",""EventTime"":""2022-04-15 08:06:24"",""host"":""cybertees.net"",""SeverityValue"":2,""CallTrace"":""C:\\windows\\SYSTEM32\\ntdll.dll+9c534|C:\\windows\\system32\\basesrv.DLL+2fba|C:\\windows\\SYSTEM32\\CSRSRV.dll+5af4|C:\\windows\\SYSTEM32\\ntdll.dll+6ce5f"",""Message"":""Process accessed:\r\nRuleName: -\r\nUtcTime: 2022-04-15 12:06:24.456\r\nSourceProcessGUID: {2d351099-43cc-5f5f-0600-000000000400}\r\nSourceProcessId: 524\r\nSourceThreadId: 1580\r\nSourceImage: C:\\windows\\system32\\csrss.exe\r\nTargetProcessGUID: {2d351099-5cc0-5f5f-3a04-000000000400}\r\nTargetProcessId: 7212\r\nTargetImage: C:\\windows\\system32\\RAServer.exe\r\nGrantedAccess: 0x1FFFFF\r\nCallTrace: C:\\windows\\SYSTEM32\\ntdll.dll+9c534|C:\\windows\\system32\\basesrv.DLL+2fba|C:\\windows\\SYSTEM32\\CSRSRV.dll+5af4|C:\\windows\\SYSTEM32\\ntdll.dll+6ce5f"",""UtcTime"":""2022-04-15 12:06:24.456"",""UserID"":""S-1-5-18"",""timestamp"":""2022-04-15T12:06:25.073Z"",""TargetProcessId"":""7212"",""SourceThreadId"":""1580"",""@version"":""1"",""TargetProcessGUID"":""{2d351099-5cc0-5f5f-3a04-000000000400}"",""SourceModuleType"":""im_msvistalog"",""TargetImage"":""C:\\windows\\system32\\RAServer.exe"",""Hostname"":""James.browne""}",2022-04-15T08:06:22.000+0000,8,15,6,april,22,friday,2022,local,,INFO,cybertees.net,cyber-host,windowslogs,1,60427,"{"""":,"""":,"""":""{----}"","""":""--"","""":,"""":"""","""":"":\\\\\\",Event_logs.json,_json,ip-10-10-40-195,,splunk,,2022-04-15T12:06:25.073Z,
1,,,,SYSTEM,User,,,,,C:\windows\SYSTEM32\ntdll.dll+9d8e4|C:\windows\System32\KERNELBASE.dll+59e1a|C:\windows\System32\KERNELBASE.dll+567b6|C:\windows\System32\KERNEL32.DLL+1be93|c:\windows\system32\UBPM.dll+af5a|c:\windows\system32\UBPM.dll+9f29|c:\windows\system32\UBPM.dll+7b81|c:\windows\system32\UBPM.dll+95d1|c:\windows\system32\UBPM.dll+9324|c:\windows\system32\UBPM.dll+8a3a|c:\windows\system32\UBPM.dll+10d9c|c:\windows\system32\EventAggregation.dll+33ac|c:\windows\system32\EventAggregation.dll+310b|c:\windows\system32\EventAggregation.dll+2870|c:\windows\system32\EventAggregation.dll+2600|c:\windows\system32\EventAggregation.dll+b118|C:\windows\SYSTEM32\ntdll.dll+6ba5|C:\windows\SYSTEM32\ntdll.dll+67f1|C:\windows\SYSTEM32\ntdll.dll+6650|C:\windows\SYSTEM32\ntdll.dll+3052c|C:\windows\SYSTEM32\ntdll.dll+34142|C:\windows\System32\KERNEL32.DLL+17bd4|C:\windows\SYSTEM32\ntdll.dll+6ce51,Process accessed (rule: ProcessAccess),Microsoft-Windows-Sysmon/Operational,,,,,,,,,,,,,,,,,,NT AUTHORITY,,,,,10,,2022-04-15 8:06:25,2022-04-15 8:06:24,,3524,,,0x1fffff,,,,James.browne,,,,,,,,,,-9223372036854775808,,,,,,,,,"Process accessed:
RuleName: -
UtcTime: 2022-04-15 12:06:24.456
SourceProcessGUID: {2d351099-43cf-5f5f-2000-000000000400}
SourceProcessId: 1388
SourceThreadId: 7568
SourceImage: C:\windows\system32\svchost.exe
TargetProcessGUID: {2d351099-5cc0-5f5f-3a04-000000000400}
TargetProcessId: 7212
TargetImage: C:\windows\system32\RAServer.exe
GrantedAccess: 0x1FFFFF
CallTrace: C:\windows\SYSTEM32\ntdll.dll+9d8e4|C:\windows\System32\KERNELBASE.dll+59e1a|C:\windows\System32\KERNELBASE.dll+567b6|C:\windows\System32\KERNEL32.DLL+1be93|c:\windows\system32\UBPM.dll+af5a|c:\windows\system32\UBPM.dll+9f29|c:\windows\system32\UBPM.dll+7b81|c:\windows\system32\UBPM.dll+95d1|c:\windows\system32\UBPM.dll+9324|c:\windows\system32\UBPM.dll+8a3a|c:\windows\system32\UBPM.dll+10d9c|c:\windows\system32\EventAggregation.dll+33ac|c:\windows\system32\EventAggregation.dll+310b|c:\windows\system32\EventAggregation.dll+2870|c:\windows\system32\EventAggregation.dll+2600|c:\windows\system32\EventAggregation.dll+b118|C:\windows\SYSTEM32\ntdll.dll+6ba5|C:\windows\SYSTEM32\ntdll.dll+67f1|C:\windows\SYSTEM32\ntdll.dll+6650|C:\windows\SYSTEM32\ntdll.dll+3052c|C:\windows\SYSTEM32\ntdll.dll+34142|C:\windows\System32\KERNEL32.DLL+17bd4|C:\windows\SYSTEM32\ntdll.dll+6ce51",,,,,,,,Info,0,,,,,,,,,,,1388,,,,{5770385F-C22A-43E0-BF4C-06F5698FFBD9},,,,424923,,,,,,,-,,INFO,2,,,,,,,,,C:\windows\system32\svchost.exe,,,eventlog,im_msvistalog,Microsoft-Windows-Sysmon,,,{2d351099-43cf-5f5f-2000-000000000400},1388,7568,,,,,,,,,C:\windows\system32\RAServer.exe,,,,,,{2d351099-5cc0-5f5f-3a04-000000000400},7212,,,10,,,,4688,,,,,S-1-5-18,2022-04-15 12:06:24,3,,,"{""EventID"":10,""RecordNumber"":424923,""ProviderGuid"":""{5770385F-C22A-43E0-BF4C-06F5698FFBD9}"",""SourceName"":""Microsoft-Windows-Sysmon"",""OpcodeValue"":0,""AccountName"":""SYSTEM"",""SourceImage"":""C:\\windows\\system32\\svchost.exe"",""SourceModuleName"":""eventlog"",""ExecutionProcessID"":3524,""AccountType"":""User"",""Category"":""Process accessed (rule: ProcessAccess)"",""SourceProcessId"":""1388"",""Domain"":""NT AUTHORITY"",""port"":60427,""ThreadID"":4688,""Severity"":""INFO"",""EventType"":""INFO"",""Channel"":""Microsoft-Windows-Sysmon/Operational"",""Opcode"":""Info"",""EventReceivedTime"":""2022-04-15 08:06:25"",""Task"":10,""RuleName"":""-"",""Keywords"":-9223372036854775808,""Version"":3,""ProcessId"":""1388"",""tags"":[""splunk""],""GrantedAccess"":""0x1fffff"",""SourceProcessGUID"":""{2d351099-43cf-5f5f-2000-000000000400}"",""EventTime"":""2022-04-15 08:06:24"",""host"":""cybertees.net"",""SeverityValue"":2,""CallTrace"":""C:\\windows\\SYSTEM32\\ntdll.dll+9d8e4|C:\\windows\\System32\\KERNELBASE.dll+59e1a|C:\\windows\\System32\\KERNELBASE.dll+567b6|C:\\windows\\System32\\KERNEL32.DLL+1be93|c:\\windows\\system32\\UBPM.dll+af5a|c:\\windows\\system32\\UBPM.dll+9f29|c:\\windows\\system32\\UBPM.dll+7b81|c:\\windows\\system32\\UBPM.dll+95d1|c:\\windows\\system32\\UBPM.dll+9324|c:\\windows\\system32\\UBPM.dll+8a3a|c:\\windows\\system32\\UBPM.dll+10d9c|c:\\windows\\system32\\EventAggregation.dll+33ac|c:\\windows\\system32\\EventAggregation.dll+310b|c:\\windows\\system32\\EventAggregation.dll+2870|c:\\windows\\system32\\EventAggregation.dll+2600|c:\\windows\\system32\\EventAggregation.dll+b118|C:\\windows\\SYSTEM32\\ntdll.dll+6ba5|C:\\windows\\SYSTEM32\\ntdll.dll+67f1|C:\\windows\\SYSTEM32\\ntdll.dll+6650|C:\\windows\\SYSTEM32\\ntdll.dll+3052c|C:\\windows\\SYSTEM32\\ntdll.dll+34142|C:\\windows\\System32\\KERNEL32.DLL+17bd4|C:\\windows\\SYSTEM32\\ntdll.dll+6ce51"",""Message"":""Process accessed:\r\nRuleName: -\r\nUtcTime: 2022-04-15 12:06:24.456\r\nSourceProcessGUID: {2d351099-43cf-5f5f-2000-000000000400}\r\nSourceProcessId: 1388\r\nSourceThreadId: 7568\r\nSourceImage: C:\\windows\\system32\\svchost.exe\r\nTargetProcessGUID: {2d351099-5cc0-5f5f-3a04-000000000400}\r\nTargetProcessId: 7212\r\nTargetImage: C:\\windows\\system32\\RAServer.exe\r\nGrantedAccess: 0x1FFFFF\r\nCallTrace: C:\\windows\\SYSTEM32\\ntdll.dll+9d8e4|C:\\windows\\System32\\KERNELBASE.dll+59e1a|C:\\windows\\System32\\KERNELBASE.dll+567b6|C:\\windows\\System32\\KERNEL32.DLL+1be93|c:\\windows\\system32\\UBPM.dll+af5a|c:\\windows\\system32\\UBPM.dll+9f29|c:\\windows\\system32\\UBPM.dll+7b81|c:\\windows\\system32\\UBPM.dll+95d1|c:\\windows\\system32\\UBPM.dll+9324|c:\\windows\\system32\\UBPM.dll+8a3a|c:\\windows\\system32\\UBPM.dll+10d9c|c:\\windows\\system32\\EventAggregation.dll+33ac|c:\\windows\\system32\\EventAggregation.dll+310b|c:\\windows\\system32\\EventAggregation.dll+2870|c:\\windows\\system32\\EventAggregation.dll+2600|c:\\windows\\system32\\EventAggregation.dll+b118|C:\\windows\\SYSTEM32\\ntdll.dll+6ba5|C:\\windows\\SYSTEM32\\ntdll.dll+67f1|C:\\windows\\SYSTEM32\\ntdll.dll+6650|C:\\windows\\SYSTEM32\\ntdll.dll+3052c|C:\\windows\\SYSTEM32\\ntdll.dll+34142|C:\\windows\\System32\\KERNEL32.DLL+17bd4|C:\\windows\\SYSTEM32\\ntdll.dll+6ce51"",""UtcTime"":""2022-04-15 12:06:24.456"",""UserID"":""S-1-5-18"",""timestamp"":""2022-04-15T12:06:25.073Z"",""TargetProcessId"":""7212"",""SourceThreadId"":""7568"",""@version"":""1"",""TargetProcessGUID"":""{2d351099-5cc0-5f5f-3a04-000000000400}"",""SourceModuleType"":""im_msvistalog"",""TargetImage"":""C:\\windows\\system32\\RAServer.exe"",""Hostname"":""James.browne""}",2022-04-15T08:06:22.000+0000,8,15,6,april,22,friday,2022,local,,INFO,cybertees.net,cyber-host,windowslogs,1,60427,"{"""":,"""":,"""":""{----}"","""":""--"","""":,"""":"""","""":"":\\\\\\",Event_logs.json,_json,ip-10-10-40-195,,splunk,,2022-04-15T12:06:25.073Z,
1,,,,SYSTEM,User,,,,,,Process Create (rule: ProcessCreate),Microsoft-Windows-Sysmon/Operational,C:\windows\system32\RAServer.exe /offerraupdate,Microsoft Corporation,,,C:\windows\,Windows Remote Assistance COM Server,,,,,,,,,,,,NT AUTHORITY,,,,,1,,2022-04-15 8:06:25,2022-04-15 8:06:24,,3524,10.0.18362.1 (WinBuild.160101.0800),,,,,"SHA1=C2ED49EF6FD8D1C7DFC88B3DC835666DF61519CE,MD5=126958B58C3194598BA003AB8CD7C28A,SHA256=A2022D262AAC5F9774409CADD72F5F042599745F9BBCB7AB91D6AAC306713578,IMPHASH=AA86622C53BB78A67A31416B0CDDFBAA",James.browne,C:\Windows\System32\raserver.exe,,,,System,,,,,-9223372036854775808,,,,{2d351099-43cc-5f5f-e703-000000000000},0x3e7,,,,"Process Create:
RuleName: -
UtcTime: 2022-04-15 12:06:24.414
ProcessGuid: {2d351099-5cc0-5f5f-3a04-000000000400}
ProcessId: 7212
Image: C:\Windows\System32\raserver.exe
FileVersion: 10.0.18362.1 (WinBuild.160101.0800)
Description: Windows Remote Assistance COM Server
Product: Microsoft Windows Operating System
Company: Microsoft Corporation
OriginalFileName: raserver.exe
CommandLine: C:\windows\system32\RAServer.exe /offerraupdate
CurrentDirectory: C:\windows\
User: NT AUTHORITY\SYSTEM
LogonGuid: {2d351099-43cc-5f5f-e703-000000000000}
LogonId: 0x3E7
TerminalSessionId: 0
IntegrityLevel: System
Hashes: SHA1=C2ED49EF6FD8D1C7DFC88B3DC835666DF61519CE,MD5=126958B58C3194598BA003AB8CD7C28A,SHA256=A2022D262AAC5F9774409CADD72F5F042599745F9BBCB7AB91D6AAC306713578,IMPHASH=AA86622C53BB78A67A31416B0CDDFBAA
ParentProcessGuid: {2d351099-43cf-5f5f-2000-000000000400}
ParentProcessId: 1388
ParentImage: C:\Windows\System32\svchost.exe
ParentCommandLine: C:\windows\system32\svchost.exe -k netsvcs -p -s Schedule",,,,,,,,Info,0,raserver.exe,C:\windows\system32\svchost.exe -k netsvcs -p -s Schedule,C:\Windows\System32\svchost.exe,{2d351099-43cf-5f5f-2000-000000000400},1388,,,,,{2d351099-5cc0-5f5f-3a04-000000000400},7212,,Microsoft Windows Operating System,,{5770385F-C22A-43E0-BF4C-06F5698FFBD9},,,,424922,,,,,,,-,,INFO,2,,,,,,,,,,,,eventlog,im_msvistalog,Microsoft-Windows-Sysmon,,,,,,,,,,,,,,,,,,,,,,,,1,,,0,4688,,,,NT AUTHORITY\SYSTEM,S-1-5-18,2022-04-15 12:06:24,5,,,"{""EventID"":1,""RecordNumber"":424922,""ProviderGuid"":""{5770385F-C22A-43E0-BF4C-06F5698FFBD9}"",""SourceName"":""Microsoft-Windows-Sysmon"",""OpcodeValue"":0,""AccountName"":""SYSTEM"",""SourceModuleName"":""eventlog"",""ExecutionProcessID"":3524,""AccountType"":""User"",""Category"":""Process Create (rule: ProcessCreate)"",""Domain"":""NT AUTHORITY"",""User"":""NT AUTHORITY\\SYSTEM"",""port"":60427,""Company"":""Microsoft Corporation"",""ParentProcessId"":""1388"",""ThreadID"":4688,""CurrentDirectory"":""C:\\windows\\"",""Severity"":""INFO"",""IntegrityLevel"":""System"",""EventType"":""INFO"",""TerminalSessionId"":""0"",""Channel"":""Microsoft-Windows-Sysmon/Operational"",""ParentImage"":""C:\\Windows\\System32\\svchost.exe"",""Opcode"":""Info"",""EventReceivedTime"":""2022-04-15 08:06:25"",""Task"":1,""LogonGuid"":""{2d351099-43cc-5f5f-e703-000000000000}"",""RuleName"":""-"",""Keywords"":-9223372036854775808,""Version"":5,""ProcessId"":""7212"",""Image"":""C:\\Windows\\System32\\raserver.exe"",""Product"":""Microsoft Windows Operating System"",""tags"":[""splunk""],""EventTime"":""2022-04-15 08:06:24"",""CommandLine"":""C:\\windows\\system32\\RAServer.exe /offerraupdate"",""host"":""cybertees.net"",""SeverityValue"":2,""Message"":""Process Create:\r\nRuleName: -\r\nUtcTime: 2022-04-15 12:06:24.414\r\nProcessGuid: {2d351099-5cc0-5f5f-3a04-000000000400}\r\nProcessId: 7212\r\nImage: C:\\Windows\\System32\\raserver.exe\r\nFileVersion: 10.0.18362.1 (WinBuild.160101.0800)\r\nDescription: Windows Remote Assistance COM Server\r\nProduct: Microsoft Windows Operating System\r\nCompany: Microsoft Corporation\r\nOriginalFileName: raserver.exe\r\nCommandLine: C:\\windows\\system32\\RAServer.exe /offerraupdate\r\nCurrentDirectory: C:\\windows\\\r\nUser: NT AUTHORITY\\SYSTEM\r\nLogonGuid: {2d351099-43cc-5f5f-e703-000000000000}\r\nLogonId: 0x3E7\r\nTerminalSessionId: 0\r\nIntegrityLevel: System\r\nHashes: SHA1=C2ED49EF6FD8D1C7DFC88B3DC835666DF61519CE,MD5=126958B58C3194598BA003AB8CD7C28A,SHA256=A2022D262AAC5F9774409CADD72F5F042599745F9BBCB7AB91D6AAC306713578,IMPHASH=AA86622C53BB78A67A31416B0CDDFBAA\r\nParentProcessGuid: {2d351099-43cf-5f5f-2000-000000000400}\r\nParentProcessId: 1388\r\nParentImage: C:\\Windows\\System32\\svchost.exe\r\nParentCommandLine: C:\\windows\\system32\\svchost.exe -k netsvcs -p -s Schedule"",""UtcTime"":""2022-04-15 12:06:24.414"",""UserID"":""S-1-5-18"",""FileVersion"":""10.0.18362.1 (WinBuild.160101.0800)"",""Description"":""Windows Remote Assistance COM Server"",""OriginalFileName"":""raserver.exe"",""timestamp"":""2022-04-15T12:06:25.072Z"",""Hashes"":""SHA1=C2ED49EF6FD8D1C7DFC88B3DC835666DF61519CE,MD5=126958B58C3194598BA003AB8CD7C28A,SHA256=A2022D262AAC5F9774409CADD72F5F042599745F9BBCB7AB91D6AAC306713578,IMPHASH=AA86622C53BB78A67A31416B0CDDFBAA"",""LogonId"":""0x3e7"",""ParentCommandLine"":""C:\\windows\\system32\\svchost.exe -k netsvcs -p -s Schedule"",""ParentProcessGuid"":""{2d351099-43cf-5f5f-2000-000000000400}"",""@version"":""1"",""SourceModuleType"":""im_msvistalog"",""Hostname"":""James.browne"",""ProcessGuid"":""{2d351099-5cc0-5f5f-3a04-000000000400}""}",2022-04-15T08:06:22.000+0000,8,15,6,april,22,friday,2022,local,,INFO,cybertees.net,cyber-host,windowslogs,1,60427,"{"""":,"""":,"""":""{----}"","""":""--"","""":,"""":"""","""":"""","""":,""",Event_logs.json,_json,ip-10-10-40-195,,splunk,,2022-04-15T12:06:25.072Z,
1,,,,SYSTEM,User,,,,,,Registry object added or deleted (rule: RegistryEvent),Microsoft-Windows-Sysmon/Operational,,,,,,,,,,,,,,,,,,NT AUTHORITY,,,,,12,,2022-04-15 8:06:25,2022-04-15 8:06:24,INFO,3524,,,,,,,James.browne,C:\windows\system32\svchost.exe,,,,,,,,,-9223372036854775808,,,,,,,,,"Registry object added or deleted:
RuleName: -
EventType: CreateKey
UtcTime: 2022-04-15 12:06:24.440
ProcessGuid: {2d351099-43cd-5f5f-1100-000000000400}
ProcessId: 996
Image: C:\windows\system32\svchost.exe
TargetObject: HKLM\SOFTWARE\Microsoft\SecurityManager",,,,,,,,Info,0,,,,,,,,,,{2d351099-43cd-5f5f-1100-000000000400},996,,,,{5770385F-C22A-43E0-BF4C-06F5698FFBD9},,,,424921,,,,,,,-,,INFO,2,,,,,,,,,,,,eventlog,im_msvistalog,Microsoft-Windows-Sysmon,,,,,,,,,,,,,,,,,HKLM\SOFTWARE\Microsoft\SecurityManager,,,,,,,12,,,,4688,,,,,S-1-5-18,2022-04-15 12:06:24,2,,,"{""Image"":""C:\\windows\\system32\\svchost.exe"",""ProcessId"":""996"",""EventID"":12,""tags"":[""splunk""],""RecordNumber"":424921,""ProviderGuid"":""{5770385F-C22A-43E0-BF4C-06F5698FFBD9}"",""SourceName"":""Microsoft-Windows-Sysmon"",""OpcodeValue"":0,""EventTime"":""2022-04-15 08:06:24"",""AccountName"":""SYSTEM"",""host"":""cybertees.net"",""SeverityValue"":2,""ExecutionProcessID"":3524,""AccountType"":""User"",""Category"":""Registry object added or deleted (rule: RegistryEvent)"",""SourceModuleName"":""eventlog"",""Domain"":""NT AUTHORITY"",""Message"":""Registry object added or deleted:\r\nRuleName: -\r\nEventType: CreateKey\r\nUtcTime: 2022-04-15 12:06:24.440\r\nProcessGuid: {2d351099-43cd-5f5f-1100-000000000400}\r\nProcessId: 996\r\nImage: C:\\windows\\system32\\svchost.exe\r\nTargetObject: HKLM\\SOFTWARE\\Microsoft\\SecurityManager"",""port"":60427,""UserID"":""S-1-5-18"",""UtcTime"":""2022-04-15 12:06:24.440"",""timestamp"":""2022-04-15T12:06:25.072Z"",""ThreadID"":4688,""Severity"":""INFO"",""EventTypeOrignal"":""INFO"",""EventType"":""CreateKey"",""Channel"":""Microsoft-Windows-Sysmon/Operational"",""TargetObject"":""HKLM\\SOFTWARE\\Microsoft\\SecurityManager"",""Opcode"":""Info"",""EventReceivedTime"":""2022-04-15 08:06:25"",""@version"":""1"",""Task"":12,""SourceModuleType"":""im_msvistalog"",""RuleName"":""-"",""Hostname"":""James.browne"",""Keywords"":-9223372036854775808,""Version"":2,""ProcessGuid"":""{2d351099-43cd-5f5f-1100-000000000400}""}",2022-04-15T08:06:22.000+0000,8,15,6,april,22,friday,2022,local,,CreateKey,cybertees.net,cyber-host,windowslogs,1,60427,"{"""":"":\\\\\\."","""":"""","""":,"""":[""""],"""":,"""":""{----}"",""",Event_logs.json,_json,ip-10-10-40-195,,splunk,,2022-04-15T12:06:25.072Z,
1,,,,SYSTEM,User,,,,,,Registry object added or deleted (rule: RegistryEvent),Microsoft-Windows-Sysmon/Operational,,,,,,,,,,,,,,,,,,NT AUTHORITY,,,,,12,,2022-04-15 8:06:25,2022-04-15 8:06:24,INFO,3524,,,,,,,James.browne,C:\windows\system32\svchost.exe,,,,,,,,,-9223372036854775808,,,,,,,,,"Registry object added or deleted:
RuleName: -
EventType: CreateKey
UtcTime: 2022-04-15 12:06:24.440
ProcessGuid: {2d351099-43cd-5f5f-1100-000000000400}
ProcessId: 996
Image: C:\windows\system32\svchost.exe
TargetObject: HKLM\SOFTWARE\Microsoft",,,,,,,,Info,0,,,,,,,,,,{2d351099-43cd-5f5f-1100-000000000400},996,,,,{5770385F-C22A-43E0-BF4C-06F5698FFBD9},,,,424920,,,,,,,-,,INFO,2,,,,,,,,,,,,eventlog,im_msvistalog,Microsoft-Windows-Sysmon,,,,,,,,,,,,,,,,,HKLM\SOFTWARE\Microsoft,,,,,,,12,,,,4688,,,,,S-1-5-18,2022-04-15 12:06:24,2,,,"{""Image"":""C:\\windows\\system32\\svchost.exe"",""ProcessId"":""996"",""EventID"":12,""tags"":[""splunk""],""RecordNumber"":424920,""ProviderGuid"":""{5770385F-C22A-43E0-BF4C-06F5698FFBD9}"",""SourceName"":""Microsoft-Windows-Sysmon"",""OpcodeValue"":0,""EventTime"":""2022-04-15 08:06:24"",""AccountName"":""SYSTEM"",""host"":""cybertees.net"",""SeverityValue"":2,""ExecutionProcessID"":3524,""AccountType"":""User"",""Category"":""Registry object added or deleted (rule: RegistryEvent)"",""SourceModuleName"":""eventlog"",""Domain"":""NT AUTHORITY"",""Message"":""Registry object added or deleted:\r\nRuleName: -\r\nEventType: CreateKey\r\nUtcTime: 2022-04-15 12:06:24.440\r\nProcessGuid: {2d351099-43cd-5f5f-1100-000000000400}\r\nProcessId: 996\r\nImage: C:\\windows\\system32\\svchost.exe\r\nTargetObject: HKLM\\SOFTWARE\\Microsoft"",""port"":60427,""UserID"":""S-1-5-18"",""UtcTime"":""2022-04-15 12:06:24.440"",""timestamp"":""2022-04-15T12:06:25.071Z"",""ThreadID"":4688,""Severity"":""INFO"",""EventTypeOrignal"":""INFO"",""EventType"":""CreateKey"",""Channel"":""Microsoft-Windows-Sysmon/Operational"",""TargetObject"":""HKLM\\SOFTWARE\\Microsoft"",""Opcode"":""Info"",""EventReceivedTime"":""2022-04-15 08:06:25"",""@version"":""1"",""Task"":12,""SourceModuleType"":""im_msvistalog"",""RuleName"":""-"",""Hostname"":""James.browne"",""Keywords"":-9223372036854775808,""Version"":2,""ProcessGuid"":""{2d351099-43cd-5f5f-1100-000000000400}""}",2022-04-15T08:06:22.000+0000,8,15,6,april,22,friday,2022,local,,CreateKey,cybertees.net,cyber-host,windowslogs,1,60427,"{"""":"":\\\\\\."","""":"""","""":,"""":[""""],"""":,"""":""{----}"",""",Event_logs.json,_json,ip-10-10-40-195,,splunk,,2022-04-15T12:06:25.071Z,
1,,,,SYSTEM,User,,,,,,Registry object added or deleted (rule: RegistryEvent),Microsoft-Windows-Sysmon/Operational,,,,,,,,,,,,,,,,,,NT AUTHORITY,,,,,12,,2022-04-15 8:06:25,2022-04-15 8:06:24,INFO,3524,,,,,,,James.browne,C:\windows\system32\svchost.exe,,,,,,,,,-9223372036854775808,,,,,,,,,"Registry object added or deleted:
RuleName: -
EventType: CreateKey
UtcTime: 2022-04-15 12:06:24.440
ProcessGuid: {2d351099-43cd-5f5f-1100-000000000400}
ProcessId: 996
Image: C:\windows\system32\svchost.exe
TargetObject: HKLM\SOFTWARE",,,,,,,,Info,0,,,,,,,,,,{2d351099-43cd-5f5f-1100-000000000400},996,,,,{5770385F-C22A-43E0-BF4C-06F5698FFBD9},,,,424919,,,,,,,-,,INFO,2,,,,,,,,,,,,eventlog,im_msvistalog,Microsoft-Windows-Sysmon,,,,,,,,,,,,,,,,,HKLM\SOFTWARE,,,,,,,12,,,,4688,,,,,S-1-5-18,2022-04-15 12:06:24,2,,,"{""Image"":""C:\\windows\\system32\\svchost.exe"",""ProcessId"":""996"",""EventID"":12,""tags"":[""splunk""],""RecordNumber"":424919,""ProviderGuid"":""{5770385F-C22A-43E0-BF4C-06F5698FFBD9}"",""SourceName"":""Microsoft-Windows-Sysmon"",""OpcodeValue"":0,""EventTime"":""2022-04-15 08:06:24"",""AccountName"":""SYSTEM"",""host"":""cybertees.net"",""SeverityValue"":2,""ExecutionProcessID"":3524,""AccountType"":""User"",""Category"":""Registry object added or deleted (rule: RegistryEvent)"",""SourceModuleName"":""eventlog"",""Domain"":""NT AUTHORITY"",""Message"":""Registry object added or deleted:\r\nRuleName: -\r\nEventType: CreateKey\r\nUtcTime: 2022-04-15 12:06:24.440\r\nProcessGuid: {2d351099-43cd-5f5f-1100-000000000400}\r\nProcessId: 996\r\nImage: C:\\windows\\system32\\svchost.exe\r\nTargetObject: HKLM\\SOFTWARE"",""port"":60427,""UserID"":""S-1-5-18"",""UtcTime"":""2022-04-15 12:06:24.440"",""timestamp"":""2022-04-15T12:06:25.071Z"",""ThreadID"":4688,""Severity"":""INFO"",""EventTypeOrignal"":""INFO"",""EventType"":""CreateKey"",""Channel"":""Microsoft-Windows-Sysmon/Operational"",""TargetObject"":""HKLM\\SOFTWARE"",""Opcode"":""Info"",""EventReceivedTime"":""2022-04-15 08:06:25"",""@version"":""1"",""Task"":12,""SourceModuleType"":""im_msvistalog"",""RuleName"":""-"",""Hostname"":""James.browne"",""Keywords"":-9223372036854775808,""Version"":2,""ProcessGuid"":""{2d351099-43cd-5f5f-1100-000000000400}""}",2022-04-15T08:06:22.000+0000,8,15,6,april,22,friday,2022,local,,CreateKey,cybertees.net,cyber-host,windowslogs,1,60427,"{"""":"":\\\\\\."","""":"""","""":,"""":[""""],"""":,"""":""{----}"",""",Event_logs.json,_json,ip-10-10-40-195,,splunk,,2022-04-15T12:06:25.071Z,
1,,,,SYSTEM,User,,,,,,Registry object added or deleted (rule: RegistryEvent),Microsoft-Windows-Sysmon/Operational,,,,,,,,,,,,,,,,,,NT AUTHORITY,,,,,12,,2022-04-15 8:06:25,2022-04-15 8:06:24,INFO,3524,,,,,,,James.browne,C:\windows\system32\svchost.exe,,,,,,,,,-9223372036854775808,,,,,,,,,"Registry object added or deleted:
RuleName: -
EventType: CreateKey
UtcTime: 2022-04-15 12:06:24.440
ProcessGuid: {2d351099-43cd-5f5f-1100-000000000400}
ProcessId: 996
Image: C:\windows\system32\svchost.exe
TargetObject: HKLM\SOFTWARE\Microsoft\SecurityManager\CapAuthz",,,,,,,,Info,0,,,,,,,,,,{2d351099-43cd-5f5f-1100-000000000400},996,,,,{5770385F-C22A-43E0-BF4C-06F5698FFBD9},,,,424918,,,,,,,-,,INFO,2,,,,,,,,,,,,eventlog,im_msvistalog,Microsoft-Windows-Sysmon,,,,,,,,,,,,,,,,,HKLM\SOFTWARE\Microsoft\SecurityManager\CapAuthz,,,,,,,12,,,,4688,,,,,S-1-5-18,2022-04-15 12:06:24,2,,,"{""Image"":""C:\\windows\\system32\\svchost.exe"",""ProcessId"":""996"",""EventID"":12,""tags"":[""splunk""],""RecordNumber"":424918,""ProviderGuid"":""{5770385F-C22A-43E0-BF4C-06F5698FFBD9}"",""SourceName"":""Microsoft-Windows-Sysmon"",""OpcodeValue"":0,""EventTime"":""2022-04-15 08:06:24"",""AccountName"":""SYSTEM"",""host"":""cybertees.net"",""SeverityValue"":2,""ExecutionProcessID"":3524,""AccountType"":""User"",""Category"":""Registry object added or deleted (rule: RegistryEvent)"",""SourceModuleName"":""eventlog"",""Domain"":""NT AUTHORITY"",""Message"":""Registry object added or deleted:\r\nRuleName: -\r\nEventType: CreateKey\r\nUtcTime: 2022-04-15 12:06:24.440\r\nProcessGuid: {2d351099-43cd-5f5f-1100-000000000400}\r\nProcessId: 996\r\nImage: C:\\windows\\system32\\svchost.exe\r\nTargetObject: HKLM\\SOFTWARE\\Microsoft\\SecurityManager\\CapAuthz"",""port"":60427,""UserID"":""S-1-5-18"",""UtcTime"":""2022-04-15 12:06:24.440"",""timestamp"":""2022-04-15T12:06:25.070Z"",""ThreadID"":4688,""Severity"":""INFO"",""EventTypeOrignal"":""INFO"",""EventType"":""CreateKey"",""Channel"":""Microsoft-Windows-Sysmon/Operational"",""TargetObject"":""HKLM\\SOFTWARE\\Microsoft\\SecurityManager\\CapAuthz"",""Opcode"":""Info"",""EventReceivedTime"":""2022-04-15 08:06:25"",""@version"":""1"",""Task"":12,""SourceModuleType"":""im_msvistalog"",""RuleName"":""-"",""Hostname"":""James.browne"",""Keywords"":-9223372036854775808,""Version"":2,""ProcessGuid"":""{2d351099-43cd-5f5f-1100-000000000400}""}",2022-04-15T08:06:22.000+0000,8,15,6,april,22,friday,2022,local,,CreateKey,cybertees.net,cyber-host,windowslogs,1,60427,"{"""":"":\\\\\\."","""":"""","""":,"""":[""""],"""":,"""":""{----}"",""",Event_logs.json,_json,ip-10-10-40-195,,splunk,,2022-04-15T12:06:25.070Z,
1,,,,SYSTEM,User,,,,,,Registry object added or deleted (rule: RegistryEvent),Microsoft-Windows-Sysmon/Operational,,,,,,,,,,,,,,,,,,NT AUTHORITY,,,,,12,,2022-04-15 8:06:25,2022-04-15 8:06:24,INFO,3524,,,,,,,James.browne,C:\windows\system32\svchost.exe,,,,,,,,,-9223372036854775808,,,,,,,,,"Registry object added or deleted:
RuleName: -
EventType: CreateKey
UtcTime: 2022-04-15 12:06:24.440
ProcessGuid: {2d351099-43cd-5f5f-1100-000000000400}
ProcessId: 996
Image: C:\windows\system32\svchost.exe
TargetObject: HKLM\SOFTWARE\Microsoft\SecurityManager",,,,,,,,Info,0,,,,,,,,,,{2d351099-43cd-5f5f-1100-000000000400},996,,,,{5770385F-C22A-43E0-BF4C-06F5698FFBD9},,,,424917,,,,,,,-,,INFO,2,,,,,,,,,,,,eventlog,im_msvistalog,Microsoft-Windows-Sysmon,,,,,,,,,,,,,,,,,HKLM\SOFTWARE\Microsoft\SecurityManager,,,,,,,12,,,,4688,,,,,S-1-5-18,2022-04-15 12:06:24,2,,,"{""Image"":""C:\\windows\\system32\\svchost.exe"",""ProcessId"":""996"",""EventID"":12,""tags"":[""splunk""],""RecordNumber"":424917,""ProviderGuid"":""{5770385F-C22A-43E0-BF4C-06F5698FFBD9}"",""SourceName"":""Microsoft-Windows-Sysmon"",""OpcodeValue"":0,""EventTime"":""2022-04-15 08:06:24"",""AccountName"":""SYSTEM"",""host"":""cybertees.net"",""SeverityValue"":2,""ExecutionProcessID"":3524,""AccountType"":""User"",""Category"":""Registry object added or deleted (rule: RegistryEvent)"",""SourceModuleName"":""eventlog"",""Domain"":""NT AUTHORITY"",""Message"":""Registry object added or deleted:\r\nRuleName: -\r\nEventType: CreateKey\r\nUtcTime: 2022-04-15 12:06:24.440\r\nProcessGuid: {2d351099-43cd-5f5f-1100-000000000400}\r\nProcessId: 996\r\nImage: C:\\windows\\system32\\svchost.exe\r\nTargetObject: HKLM\\SOFTWARE\\Microsoft\\SecurityManager"",""port"":60427,""UserID"":""S-1-5-18"",""UtcTime"":""2022-04-15 12:06:24.440"",""timestamp"":""2022-04-15T12:06:25.070Z"",""ThreadID"":4688,""Severity"":""INFO"",""EventTypeOrignal"":""INFO"",""EventType"":""CreateKey"",""Channel"":""Microsoft-Windows-Sysmon/Operational"",""TargetObject"":""HKLM\\SOFTWARE\\Microsoft\\SecurityManager"",""Opcode"":""Info"",""EventReceivedTime"":""2022-04-15 08:06:25"",""@version"":""1"",""Task"":12,""SourceModuleType"":""im_msvistalog"",""RuleName"":""-"",""Hostname"":""James.browne"",""Keywords"":-9223372036854775808,""Version"":2,""ProcessGuid"":""{2d351099-43cd-5f5f-1100-000000000400}""}",2022-04-15T08:06:22.000+0000,8,15,6,april,22,friday,2022,local,,CreateKey,cybertees.net,cyber-host,windowslogs,1,60427,"{"""":"":\\\\\\."","""":"""","""":,"""":[""""],"""":,"""":""{----}"",""",Event_logs.json,_json,ip-10-10-40-195,,splunk,,2022-04-15T12:06:25.070Z,
1,,,,SYSTEM,User,,,,,,Registry object added or deleted (rule: RegistryEvent),Microsoft-Windows-Sysmon/Operational,,,,,,,,,,,,,,,,,,NT AUTHORITY,,,,,12,,2022-04-15 8:06:25,2022-04-15 8:06:24,INFO,3524,,,,,,,James.browne,C:\windows\system32\svchost.exe,,,,,,,,,-9223372036854775808,,,,,,,,,"Registry object added or deleted:
RuleName: -
EventType: CreateKey
UtcTime: 2022-04-15 12:06:24.440
ProcessGuid: {2d351099-43cd-5f5f-1100-000000000400}
ProcessId: 996
Image: C:\windows\system32\svchost.exe
TargetObject: HKLM\SOFTWARE\Microsoft",,,,,,,,Info,0,,,,,,,,,,{2d351099-43cd-5f5f-1100-000000000400},996,,,,{5770385F-C22A-43E0-BF4C-06F5698FFBD9},,,,424916,,,,,,,-,,INFO,2,,,,,,,,,,,,eventlog,im_msvistalog,Microsoft-Windows-Sysmon,,,,,,,,,,,,,,,,,HKLM\SOFTWARE\Microsoft,,,,,,,12,,,,4688,,,,,S-1-5-18,2022-04-15 12:06:24,2,,,"{""Image"":""C:\\windows\\system32\\svchost.exe"",""ProcessId"":""996"",""EventID"":12,""tags"":[""splunk""],""RecordNumber"":424916,""ProviderGuid"":""{5770385F-C22A-43E0-BF4C-06F5698FFBD9}"",""SourceName"":""Microsoft-Windows-Sysmon"",""OpcodeValue"":0,""EventTime"":""2022-04-15 08:06:24"",""AccountName"":""SYSTEM"",""host"":""cybertees.net"",""SeverityValue"":2,""ExecutionProcessID"":3524,""AccountType"":""User"",""Category"":""Registry object added or deleted (rule: RegistryEvent)"",""SourceModuleName"":""eventlog"",""Domain"":""NT AUTHORITY"",""Message"":""Registry object added or deleted:\r\nRuleName: -\r\nEventType: CreateKey\r\nUtcTime: 2022-04-15 12:06:24.440\r\nProcessGuid: {2d351099-43cd-5f5f-1100-000000000400}\r\nProcessId: 996\r\nImage: C:\\windows\\system32\\svchost.exe\r\nTargetObject: HKLM\\SOFTWARE\\Microsoft"",""port"":60427,""UserID"":""S-1-5-18"",""UtcTime"":""2022-04-15 12:06:24.440"",""timestamp"":""2022-04-15T12:06:25.069Z"",""ThreadID"":4688,""Severity"":""INFO"",""EventTypeOrignal"":""INFO"",""EventType"":""CreateKey"",""Channel"":""Microsoft-Windows-Sysmon/Operational"",""TargetObject"":""HKLM\\SOFTWARE\\Microsoft"",""Opcode"":""Info"",""EventReceivedTime"":""2022-04-15 08:06:25"",""@version"":""1"",""Task"":12,""SourceModuleType"":""im_msvistalog"",""RuleName"":""-"",""Hostname"":""James.browne"",""Keywords"":-9223372036854775808,""Version"":2,""ProcessGuid"":""{2d351099-43cd-5f5f-1100-000000000400}""}",2022-04-15T08:06:22.000+0000,8,15,6,april,22,friday,2022,local,,CreateKey,cybertees.net,cyber-host,windowslogs,1,60427,"{"""":"":\\\\\\."","""":"""","""":,"""":[""""],"""":,"""":""{----}"",""",Event_logs.json,_json,ip-10-10-40-195,,splunk,,2022-04-15T12:06:25.069Z,
1,,,,SYSTEM,User,,,,,,Registry object added or deleted (rule: RegistryEvent),Microsoft-Windows-Sysmon/Operational,,,,,,,,,,,,,,,,,,NT AUTHORITY,,,,,12,,2022-04-15 8:06:25,2022-04-15 8:06:24,INFO,3524,,,,,,,James.browne,C:\windows\system32\svchost.exe,,,,,,,,,-9223372036854775808,,,,,,,,,"Registry object added or deleted:
RuleName: -
EventType: CreateKey
UtcTime: 2022-04-15 12:06:24.440
ProcessGuid: {2d351099-43cd-5f5f-1100-000000000400}
ProcessId: 996
Image: C:\windows\system32\svchost.exe
TargetObject: HKLM\SOFTWARE",,,,,,,,Info,0,,,,,,,,,,{2d351099-43cd-5f5f-1100-000000000400},996,,,,{5770385F-C22A-43E0-BF4C-06F5698FFBD9},,,,424915,,,,,,,-,,INFO,2,,,,,,,,,,,,eventlog,im_msvistalog,Microsoft-Windows-Sysmon,,,,,,,,,,,,,,,,,HKLM\SOFTWARE,,,,,,,12,,,,4688,,,,,S-1-5-18,2022-04-15 12:06:24,2,,,"{""Image"":""C:\\windows\\system32\\svchost.exe"",""ProcessId"":""996"",""EventID"":12,""tags"":[""splunk""],""RecordNumber"":424915,""ProviderGuid"":""{5770385F-C22A-43E0-BF4C-06F5698FFBD9}"",""SourceName"":""Microsoft-Windows-Sysmon"",""OpcodeValue"":0,""EventTime"":""2022-04-15 08:06:24"",""AccountName"":""SYSTEM"",""host"":""cybertees.net"",""SeverityValue"":2,""ExecutionProcessID"":3524,""AccountType"":""User"",""Category"":""Registry object added or deleted (rule: RegistryEvent)"",""SourceModuleName"":""eventlog"",""Domain"":""NT AUTHORITY"",""Message"":""Registry object added or deleted:\r\nRuleName: -\r\nEventType: CreateKey\r\nUtcTime: 2022-04-15 12:06:24.440\r\nProcessGuid: {2d351099-43cd-5f5f-1100-000000000400}\r\nProcessId: 996\r\nImage: C:\\windows\\system32\\svchost.exe\r\nTargetObject: HKLM\\SOFTWARE"",""port"":60427,""UserID"":""S-1-5-18"",""UtcTime"":""2022-04-15 12:06:24.440"",""timestamp"":""2022-04-15T12:06:25.069Z"",""ThreadID"":4688,""Severity"":""INFO"",""EventTypeOrignal"":""INFO"",""EventType"":""CreateKey"",""Channel"":""Microsoft-Windows-Sysmon/Operational"",""TargetObject"":""HKLM\\SOFTWARE"",""Opcode"":""Info"",""EventReceivedTime"":""2022-04-15 08:06:25"",""@version"":""1"",""Task"":12,""SourceModuleType"":""im_msvistalog"",""RuleName"":""-"",""Hostname"":""James.browne"",""Keywords"":-9223372036854775808,""Version"":2,""ProcessGuid"":""{2d351099-43cd-5f5f-1100-000000000400}""}",2022-04-15T08:06:22.000+0000,8,15,6,april,22,friday,2022,local,,CreateKey,cybertees.net,cyber-host,windowslogs,1,60427,"{"""":"":\\\\\\."","""":"""","""":,"""":[""""],"""":,"""":""{----}"",""",Event_logs.json,_json,ip-10-10-40-195,,splunk,,2022-04-15T12:06:25.069Z,
1,,,,SYSTEM,User,,,,,,Registry object added or deleted (rule: RegistryEvent),Microsoft-Windows-Sysmon/Operational,,,,,,,,,,,,,,,,,,NT AUTHORITY,,,,,12,,2022-04-15 8:06:25,2022-04-15 8:06:24,INFO,3524,,,,,,,James.browne,C:\windows\system32\svchost.exe,,,,,,,,,-9223372036854775808,,,,,,,,,"Registry object added or deleted:
RuleName: -
EventType: CreateKey
UtcTime: 2022-04-15 12:06:24.440
ProcessGuid: {2d351099-43cd-5f5f-1100-000000000400}
ProcessId: 996
Image: C:\windows\system32\svchost.exe
TargetObject: HKLM\SOFTWARE\Microsoft\SecurityManager\CapAuthz",,,,,,,,Info,0,,,,,,,,,,{2d351099-43cd-5f5f-1100-000000000400},996,,,,{5770385F-C22A-43E0-BF4C-06F5698FFBD9},,,,424914,,,,,,,-,,INFO,2,,,,,,,,,,,,eventlog,im_msvistalog,Microsoft-Windows-Sysmon,,,,,,,,,,,,,,,,,HKLM\SOFTWARE\Microsoft\SecurityManager\CapAuthz,,,,,,,12,,,,4688,,,,,S-1-5-18,2022-04-15 12:06:24,2,,,"{""Image"":""C:\\windows\\system32\\svchost.exe"",""ProcessId"":""996"",""EventID"":12,""tags"":[""splunk""],""RecordNumber"":424914,""ProviderGuid"":""{5770385F-C22A-43E0-BF4C-06F5698FFBD9}"",""SourceName"":""Microsoft-Windows-Sysmon"",""OpcodeValue"":0,""EventTime"":""2022-04-15 08:06:24"",""AccountName"":""SYSTEM"",""host"":""cybertees.net"",""SeverityValue"":2,""ExecutionProcessID"":3524,""AccountType"":""User"",""Category"":""Registry object added or deleted (rule: RegistryEvent)"",""SourceModuleName"":""eventlog"",""Domain"":""NT AUTHORITY"",""Message"":""Registry object added or deleted:\r\nRuleName: -\r\nEventType: CreateKey\r\nUtcTime: 2022-04-15 12:06:24.440\r\nProcessGuid: {2d351099-43cd-5f5f-1100-000000000400}\r\nProcessId: 996\r\nImage: C:\\windows\\system32\\svchost.exe\r\nTargetObject: HKLM\\SOFTWARE\\Microsoft\\SecurityManager\\CapAuthz"",""port"":60427,""UserID"":""S-1-5-18"",""UtcTime"":""2022-04-15 12:06:24.440"",""timestamp"":""2022-04-15T12:06:25.068Z"",""ThreadID"":4688,""Severity"":""INFO"",""EventTypeOrignal"":""INFO"",""EventType"":""CreateKey"",""Channel"":""Microsoft-Windows-Sysmon/Operational"",""TargetObject"":""HKLM\\SOFTWARE\\Microsoft\\SecurityManager\\CapAuthz"",""Opcode"":""Info"",""EventReceivedTime"":""2022-04-15 08:06:25"",""@version"":""1"",""Task"":12,""SourceModuleType"":""im_msvistalog"",""RuleName"":""-"",""Hostname"":""James.browne"",""Keywords"":-9223372036854775808,""Version"":2,""ProcessGuid"":""{2d351099-43cd-5f5f-1100-000000000400}""}",2022-04-15T08:06:22.000+0000,8,15,6,april,22,friday,2022,local,,CreateKey,cybertees.net,cyber-host,windowslogs,1,60427,"{"""":"":\\\\\\."","""":"""","""":,"""":[""""],"""":,"""":""{----}"",""",Event_logs.json,_json,ip-10-10-40-195,,splunk,,2022-04-15T12:06:25.068Z,
1,,,,SYSTEM,User,,,,,,Registry object added or deleted (rule: RegistryEvent),Microsoft-Windows-Sysmon/Operational,,,,,,,,,,,,,,,,,,NT AUTHORITY,,,,,12,,2022-04-15 8:06:25,2022-04-15 8:06:24,INFO,3524,,,,,,,James.browne,C:\windows\system32\svchost.exe,,,,,,,,,-9223372036854775808,,,,,,,,,"Registry object added or deleted:
RuleName: -
EventType: CreateKey
UtcTime: 2022-04-15 12:06:24.440
ProcessGuid: {2d351099-43cd-5f5f-1100-000000000400}
ProcessId: 996
Image: C:\windows\system32\svchost.exe
TargetObject: HKLM\SOFTWARE\Microsoft\SecurityManager",,,,,,,,Info,0,,,,,,,,,,{2d351099-43cd-5f5f-1100-000000000400},996,,,,{5770385F-C22A-43E0-BF4C-06F5698FFBD9},,,,424913,,,,,,,-,,INFO,2,,,,,,,,,,,,eventlog,im_msvistalog,Microsoft-Windows-Sysmon,,,,,,,,,,,,,,,,,HKLM\SOFTWARE\Microsoft\SecurityManager,,,,,,,12,,,,4688,,,,,S-1-5-18,2022-04-15 12:06:24,2,,,"{""Image"":""C:\\windows\\system32\\svchost.exe"",""ProcessId"":""996"",""EventID"":12,""tags"":[""splunk""],""RecordNumber"":424913,""ProviderGuid"":""{5770385F-C22A-43E0-BF4C-06F5698FFBD9}"",""SourceName"":""Microsoft-Windows-Sysmon"",""OpcodeValue"":0,""EventTime"":""2022-04-15 08:06:24"",""AccountName"":""SYSTEM"",""host"":""cybertees.net"",""SeverityValue"":2,""ExecutionProcessID"":3524,""AccountType"":""User"",""Category"":""Registry object added or deleted (rule: RegistryEvent)"",""SourceModuleName"":""eventlog"",""Domain"":""NT AUTHORITY"",""Message"":""Registry object added or deleted:\r\nRuleName: -\r\nEventType: CreateKey\r\nUtcTime: 2022-04-15 12:06:24.440\r\nProcessGuid: {2d351099-43cd-5f5f-1100-000000000400}\r\nProcessId: 996\r\nImage: C:\\windows\\system32\\svchost.exe\r\nTargetObject: HKLM\\SOFTWARE\\Microsoft\\SecurityManager"",""port"":60427,""UserID"":""S-1-5-18"",""UtcTime"":""2022-04-15 12:06:24.440"",""timestamp"":""2022-04-15T12:06:25.068Z"",""ThreadID"":4688,""Severity"":""INFO"",""EventTypeOrignal"":""INFO"",""EventType"":""CreateKey"",""Channel"":""Microsoft-Windows-Sysmon/Operational"",""TargetObject"":""HKLM\\SOFTWARE\\Microsoft\\SecurityManager"",""Opcode"":""Info"",""EventReceivedTime"":""2022-04-15 08:06:25"",""@version"":""1"",""Task"":12,""SourceModuleType"":""im_msvistalog"",""RuleName"":""-"",""Hostname"":""James.browne"",""Keywords"":-9223372036854775808,""Version"":2,""ProcessGuid"":""{2d351099-43cd-5f5f-1100-000000000400}""}",2022-04-15T08:06:22.000+0000,8,15,6,april,22,friday,2022,local,,CreateKey,cybertees.net,cyber-host,windowslogs,1,60427,"{"""":"":\\\\\\."","""":"""","""":,"""":[""""],"""":,"""":""{----}"",""",Event_logs.json,_json,ip-10-10-40-195,,splunk,,2022-04-15T12:06:25.068Z,
