1,,,,SYSTEM,User,,,,,,Image loaded (rule: ImageLoad),Microsoft-Windows-Sysmon/Operational,,Microsoft Corporation,,,,User Profile Basic API,,,,,,,,,,,,NT AUTHORITY,,,,,7,,2022-04-15 8:06:30,2022-04-15 8:06:26,,3524,10.0.18362.693 (WinBuild.160101.0800),,,,,"SHA1=387FC7660AFDEC45CFFB84980EB77D0E787ED31B,MD5=F4862E1CC68687B9D4B245512BDF8383,SHA256=A2DF0AC95B9AA338EB6062BA5739F65BFBA86658546F4C5CAC6045C363F55E24,IMPHASH=192CF98320740B7D296297054A9C3EEA",James.browne,C:\Windows\System32\BackgroundTransferHost.exe,C:\Windows\System32\profapi.dll,,,,,,,,-9223372036854775808,,,,,,,,,"Image loaded:
RuleName: -
UtcTime: 2022-04-15 12:06:26.315
ProcessGuid: {2d351099-5cc2-5f5f-3d04-000000000400}
ProcessId: 5696
Image: C:\Windows\System32\BackgroundTransferHost.exe
ImageLoaded: C:\Windows\System32\profapi.dll
FileVersion: 10.0.18362.693 (WinBuild.160101.0800)
Description: User Profile Basic API
Product: Microsoft® Windows® Operating System
Company: Microsoft Corporation
OriginalFileName: PROFAPI.DLL
Hashes: SHA1=387FC7660AFDEC45CFFB84980EB77D0E787ED31B,MD5=F4862E1CC68687B9D4B245512BDF8383,SHA256=A2DF0AC95B9AA338EB6062BA5739F65BFBA86658546F4C5CAC6045C363F55E24,IMPHASH=192CF98320740B7D296297054A9C3EEA
Signed: true
Signature: Microsoft Windows
SignatureStatus: Valid",,,,,,,,Info,0,PROFAPI.DLL,,,,,,,,,{2d351099-5cc2-5f5f-3d04-000000000400},5696,,Microsoft® Windows® Operating System,,{5770385F-C22A-43E0-BF4C-06F5698FFBD9},,,,426432,,,,,,,-,,INFO,2,,,Microsoft Windows,Valid,TRUE,,,,,,,eventlog,im_msvistalog,Microsoft-Windows-Sysmon,,,,,,,,,,,,,,,,,,,,,,,,7,,,,4688,,,,,S-1-5-18,2022-04-15 12:06:26,3,,,"{""EventID"":7,""RecordNumber"":426432,""ProviderGuid"":""{5770385F-C22A-43E0-BF4C-06F5698FFBD9}"",""SourceName"":""Microsoft-Windows-Sysmon"",""OpcodeValue"":0,""AccountName"":""SYSTEM"",""SignatureStatus"":""Valid"",""SourceModuleName"":""eventlog"",""ExecutionProcessID"":3524,""AccountType"":""User"",""Category"":""Image loaded (rule: ImageLoad)"",""Domain"":""NT AUTHORITY"",""port"":60427,""Company"":""Microsoft Corporation"",""ThreadID"":4688,""Severity"":""INFO"",""EventType"":""INFO"",""Signed"":""true"",""Channel"":""Microsoft-Windows-Sysmon/Operational"",""Opcode"":""Info"",""EventReceivedTime"":""2022-04-15 08:06:30"",""ImageLoaded"":""C:\\Windows\\System32\\profapi.dll"",""Task"":7,""RuleName"":""-"",""Keywords"":-9223372036854775808,""Version"":3,""ProcessId"":""5696"",""Image"":""C:\\Windows\\System32\\BackgroundTransferHost.exe"",""Product"":""Microsoft® Windows® Operating System"",""tags"":[""splunk""],""EventTime"":""2022-04-15 08:06:26"",""host"":""cybertees.net"",""SeverityValue"":2,""Message"":""Image loaded:\r\nRuleName: -\r\nUtcTime: 2022-04-15 12:06:26.315\r\nProcessGuid: {2d351099-5cc2-5f5f-3d04-000000000400}\r\nProcessId: 5696\r\nImage: C:\\Windows\\System32\\BackgroundTransferHost.exe\r\nImageLoaded: C:\\Windows\\System32\\profapi.dll\r\nFileVersion: 10.0.18362.693 (WinBuild.160101.0800)\r\nDescription: User Profile Basic API\r\nProduct: Microsoft® Windows® Operating System\r\nCompany: Microsoft Corporation\r\nOriginalFileName: PROFAPI.DLL\r\nHashes: SHA1=387FC7660AFDEC45CFFB84980EB77D0E787ED31B,MD5=F4862E1CC68687B9D4B245512BDF8383,SHA256=A2DF0AC95B9AA338EB6062BA5739F65BFBA86658546F4C5CAC6045C363F55E24,IMPHASH=192CF98320740B7D296297054A9C3EEA\r\nSigned: true\r\nSignature: Microsoft Windows\r\nSignatureStatus: Valid"",""UtcTime"":""2022-04-15 12:06:26.315"",""UserID"":""S-1-5-18"",""FileVersion"":""10.0.18362.693 (WinBuild.160101.0800)"",""Description"":""User Profile Basic API"",""OriginalFileName"":""PROFAPI.DLL"",""timestamp"":""2022-04-15T12:06:30.042Z"",""Hashes"":""SHA1=387FC7660AFDEC45CFFB84980EB77D0E787ED31B,MD5=F4862E1CC68687B9D4B245512BDF8383,SHA256=A2DF0AC95B9AA338EB6062BA5739F65BFBA86658546F4C5CAC6045C363F55E24,IMPHASH=192CF98320740B7D296297054A9C3EEA"",""Signature"":""Microsoft Windows"",""@version"":""1"",""SourceModuleType"":""im_msvistalog"",""Hostname"":""James.browne"",""ProcessGuid"":""{2d351099-5cc2-5f5f-3d04-000000000400}""}",2022-04-15T08:06:28.000+0000,8,15,6,april,28,friday,2022,local,,INFO,cybertees.net,cyber-host,windowslogs,1,60427,"{"""":,"""":,"""":""{----}"","""":""--"","""":,"""":"""","""":"""","""":""""",Event_logs.json,_json,ip-10-10-40-195,,splunk,,2022-04-15T12:06:30.042Z,
1,,,,SYSTEM,User,,,,,,Image loaded (rule: ImageLoad),Microsoft-Windows-Sysmon/Operational,,Microsoft Corporation,,,,Userenv,,,,,,,,,,,,NT AUTHORITY,,,,,7,,2022-04-15 8:06:30,2022-04-15 8:06:26,,3524,10.0.18362.387 (WinBuild.160101.0800),,,,,"SHA1=C1907DBEAA74E03B73A2FE0D16F497EB6842F1D6,MD5=04E6358C6DD4B1A85241511F372413E4,SHA256=BA1520DC9D01CD4956D77AF9A90D5D998003E9371B7157010F80CF9368B21A54,IMPHASH=C4AB96EBAAEC4F9F1CA58498083E8E3B",James.browne,C:\Windows\System32\BackgroundTransferHost.exe,C:\Windows\System32\userenv.dll,,,,,,,,-9223372036854775808,,,,,,,,,"Image loaded:
RuleName: -
UtcTime: 2022-04-15 12:06:26.315
ProcessGuid: {2d351099-5cc2-5f5f-3d04-000000000400}
ProcessId: 5696
Image: C:\Windows\System32\BackgroundTransferHost.exe
ImageLoaded: C:\Windows\System32\userenv.dll
FileVersion: 10.0.18362.387 (WinBuild.160101.0800)
Description: Userenv
Product: Microsoft® Windows® Operating System
Company: Microsoft Corporation
OriginalFileName: userenv.dll
Hashes: SHA1=C1907DBEAA74E03B73A2FE0D16F497EB6842F1D6,MD5=04E6358C6DD4B1A85241511F372413E4,SHA256=BA1520DC9D01CD4956D77AF9A90D5D998003E9371B7157010F80CF9368B21A54,IMPHASH=C4AB96EBAAEC4F9F1CA58498083E8E3B
Signed: true
Signature: Microsoft Windows
SignatureStatus: Valid",,,,,,,,Info,0,userenv.dll,,,,,,,,,{2d351099-5cc2-5f5f-3d04-000000000400},5696,,Microsoft® Windows® Operating System,,{5770385F-C22A-43E0-BF4C-06F5698FFBD9},,,,426431,,,,,,,-,,INFO,2,,,Microsoft Windows,Valid,TRUE,,,,,,,eventlog,im_msvistalog,Microsoft-Windows-Sysmon,,,,,,,,,,,,,,,,,,,,,,,,7,,,,4688,,,,,S-1-5-18,2022-04-15 12:06:26,3,,,"{""EventID"":7,""RecordNumber"":426431,""ProviderGuid"":""{5770385F-C22A-43E0-BF4C-06F5698FFBD9}"",""SourceName"":""Microsoft-Windows-Sysmon"",""OpcodeValue"":0,""AccountName"":""SYSTEM"",""SignatureStatus"":""Valid"",""SourceModuleName"":""eventlog"",""ExecutionProcessID"":3524,""AccountType"":""User"",""Category"":""Image loaded (rule: ImageLoad)"",""Domain"":""NT AUTHORITY"",""port"":60427,""Company"":""Microsoft Corporation"",""ThreadID"":4688,""Severity"":""INFO"",""EventType"":""INFO"",""Signed"":""true"",""Channel"":""Microsoft-Windows-Sysmon/Operational"",""Opcode"":""Info"",""EventReceivedTime"":""2022-04-15 08:06:30"",""ImageLoaded"":""C:\\Windows\\System32\\userenv.dll"",""Task"":7,""RuleName"":""-"",""Keywords"":-9223372036854775808,""Version"":3,""ProcessId"":""5696"",""Image"":""C:\\Windows\\System32\\BackgroundTransferHost.exe"",""Product"":""Microsoft® Windows® Operating System"",""tags"":[""splunk""],""EventTime"":""2022-04-15 08:06:26"",""host"":""cybertees.net"",""SeverityValue"":2,""Message"":""Image loaded:\r\nRuleName: -\r\nUtcTime: 2022-04-15 12:06:26.315\r\nProcessGuid: {2d351099-5cc2-5f5f-3d04-000000000400}\r\nProcessId: 5696\r\nImage: C:\\Windows\\System32\\BackgroundTransferHost.exe\r\nImageLoaded: C:\\Windows\\System32\\userenv.dll\r\nFileVersion: 10.0.18362.387 (WinBuild.160101.0800)\r\nDescription: Userenv\r\nProduct: Microsoft® Windows® Operating System\r\nCompany: Microsoft Corporation\r\nOriginalFileName: userenv.dll\r\nHashes: SHA1=C1907DBEAA74E03B73A2FE0D16F497EB6842F1D6,MD5=04E6358C6DD4B1A85241511F372413E4,SHA256=BA1520DC9D01CD4956D77AF9A90D5D998003E9371B7157010F80CF9368B21A54,IMPHASH=C4AB96EBAAEC4F9F1CA58498083E8E3B\r\nSigned: true\r\nSignature: Microsoft Windows\r\nSignatureStatus: Valid"",""UtcTime"":""2022-04-15 12:06:26.315"",""UserID"":""S-1-5-18"",""FileVersion"":""10.0.18362.387 (WinBuild.160101.0800)"",""Description"":""Userenv"",""OriginalFileName"":""userenv.dll"",""timestamp"":""2022-04-15T12:06:30.041Z"",""Hashes"":""SHA1=C1907DBEAA74E03B73A2FE0D16F497EB6842F1D6,MD5=04E6358C6DD4B1A85241511F372413E4,SHA256=BA1520DC9D01CD4956D77AF9A90D5D998003E9371B7157010F80CF9368B21A54,IMPHASH=C4AB96EBAAEC4F9F1CA58498083E8E3B"",""Signature"":""Microsoft Windows"",""@version"":""1"",""SourceModuleType"":""im_msvistalog"",""Hostname"":""James.browne"",""ProcessGuid"":""{2d351099-5cc2-5f5f-3d04-000000000400}""}",2022-04-15T08:06:28.000+0000,8,15,6,april,28,friday,2022,local,,INFO,cybertees.net,cyber-host,windowslogs,1,60427,"{"""":,"""":,"""":""{----}"","""":""--"","""":,"""":"""","""":"""","""":""""",Event_logs.json,_json,ip-10-10-40-195,,splunk,,2022-04-15T12:06:30.041Z,
1,,,,SYSTEM,User,,,,,,Image loaded (rule: ImageLoad),Microsoft-Windows-Sysmon/Operational,,Microsoft Corporation,,,,Advanced Windows 32 Base API,,,,,,,,,,,,NT AUTHORITY,,,,,7,,2022-04-15 8:06:30,2022-04-15 8:06:26,,3524,10.0.18362.752 (WinBuild.160101.0800),,,,,"SHA1=35C61DDE6F8F4ED05F9C4837E2B91C886CA79F82,MD5=EA4F6E7961B4A402F6F5EC33C655260A,SHA256=5E2D103E7E1FD7CA0492E541F082D274EF6259AF2158A3562986C796C5C869DD,IMPHASH=8EEA175C33205685FB8A14876D7564DB",James.browne,C:\Windows\System32\BackgroundTransferHost.exe,C:\Windows\System32\advapi32.dll,,,,,,,,-9223372036854775808,,,,,,,,,"Image loaded:
RuleName: -
UtcTime: 2022-04-15 12:06:26.315
ProcessGuid: {2d351099-5cc2-5f5f-3d04-000000000400}
ProcessId: 5696
Image: C:\Windows\System32\BackgroundTransferHost.exe
ImageLoaded: C:\Windows\System32\advapi32.dll
FileVersion: 10.0.18362.752 (WinBuild.160101.0800)
Description: Advanced Windows 32 Base API
Product: Microsoft® Windows® Operating System
Company: Microsoft Corporation
OriginalFileName: advapi32.dll
Hashes: SHA1=35C61DDE6F8F4ED05F9C4837E2B91C886CA79F82,MD5=EA4F6E7961B4A402F6F5EC33C655260A,SHA256=5E2D103E7E1FD7CA0492E541F082D274EF6259AF2158A3562986C796C5C869DD,IMPHASH=8EEA175C33205685FB8A14876D7564DB
Signed: true
Signature: Microsoft Windows
SignatureStatus: Valid",,,,,,,,Info,0,advapi32.dll,,,,,,,,,{2d351099-5cc2-5f5f-3d04-000000000400},5696,,Microsoft® Windows® Operating System,,{5770385F-C22A-43E0-BF4C-06F5698FFBD9},,,,426430,,,,,,,-,,INFO,2,,,Microsoft Windows,Valid,TRUE,,,,,,,eventlog,im_msvistalog,Microsoft-Windows-Sysmon,,,,,,,,,,,,,,,,,,,,,,,,7,,,,4688,,,,,S-1-5-18,2022-04-15 12:06:26,3,,,"{""EventID"":7,""RecordNumber"":426430,""ProviderGuid"":""{5770385F-C22A-43E0-BF4C-06F5698FFBD9}"",""SourceName"":""Microsoft-Windows-Sysmon"",""OpcodeValue"":0,""AccountName"":""SYSTEM"",""SignatureStatus"":""Valid"",""SourceModuleName"":""eventlog"",""ExecutionProcessID"":3524,""AccountType"":""User"",""Category"":""Image loaded (rule: ImageLoad)"",""Domain"":""NT AUTHORITY"",""port"":60427,""Company"":""Microsoft Corporation"",""ThreadID"":4688,""Severity"":""INFO"",""EventType"":""INFO"",""Signed"":""true"",""Channel"":""Microsoft-Windows-Sysmon/Operational"",""Opcode"":""Info"",""EventReceivedTime"":""2022-04-15 08:06:30"",""ImageLoaded"":""C:\\Windows\\System32\\advapi32.dll"",""Task"":7,""RuleName"":""-"",""Keywords"":-9223372036854775808,""Version"":3,""ProcessId"":""5696"",""Image"":""C:\\Windows\\System32\\BackgroundTransferHost.exe"",""Product"":""Microsoft® Windows® Operating System"",""tags"":[""splunk""],""EventTime"":""2022-04-15 08:06:26"",""host"":""cybertees.net"",""SeverityValue"":2,""Message"":""Image loaded:\r\nRuleName: -\r\nUtcTime: 2022-04-15 12:06:26.315\r\nProcessGuid: {2d351099-5cc2-5f5f-3d04-000000000400}\r\nProcessId: 5696\r\nImage: C:\\Windows\\System32\\BackgroundTransferHost.exe\r\nImageLoaded: C:\\Windows\\System32\\advapi32.dll\r\nFileVersion: 10.0.18362.752 (WinBuild.160101.0800)\r\nDescription: Advanced Windows 32 Base API\r\nProduct: Microsoft® Windows® Operating System\r\nCompany: Microsoft Corporation\r\nOriginalFileName: advapi32.dll\r\nHashes: SHA1=35C61DDE6F8F4ED05F9C4837E2B91C886CA79F82,MD5=EA4F6E7961B4A402F6F5EC33C655260A,SHA256=5E2D103E7E1FD7CA0492E541F082D274EF6259AF2158A3562986C796C5C869DD,IMPHASH=8EEA175C33205685FB8A14876D7564DB\r\nSigned: true\r\nSignature: Microsoft Windows\r\nSignatureStatus: Valid"",""UtcTime"":""2022-04-15 12:06:26.315"",""UserID"":""S-1-5-18"",""FileVersion"":""10.0.18362.752 (WinBuild.160101.0800)"",""Description"":""Advanced Windows 32 Base API"",""OriginalFileName"":""advapi32.dll"",""timestamp"":""2022-04-15T12:06:30.041Z"",""Hashes"":""SHA1=35C61DDE6F8F4ED05F9C4837E2B91C886CA79F82,MD5=EA4F6E7961B4A402F6F5EC33C655260A,SHA256=5E2D103E7E1FD7CA0492E541F082D274EF6259AF2158A3562986C796C5C869DD,IMPHASH=8EEA175C33205685FB8A14876D7564DB"",""Signature"":""Microsoft Windows"",""@version"":""1"",""SourceModuleType"":""im_msvistalog"",""Hostname"":""James.browne"",""ProcessGuid"":""{2d351099-5cc2-5f5f-3d04-000000000400}""}",2022-04-15T08:06:28.000+0000,8,15,6,april,28,friday,2022,local,,INFO,cybertees.net,cyber-host,windowslogs,1,60427,"{"""":,"""":,"""":""{----}"","""":""--"","""":,"""":"""","""":"""","""":""""",Event_logs.json,_json,ip-10-10-40-195,,splunk,,2022-04-15T12:06:30.041Z,
1,,,,SYSTEM,User,,,,,,Image loaded (rule: ImageLoad),Microsoft-Windows-Sysmon/Operational,,Microsoft Corporation,,,,Run time utility for Internet Explorer,,,,,,,,,,,,NT AUTHORITY,,,,,7,,2022-04-15 8:06:30,2022-04-15 8:06:26,,3524,11.00.18362.1049 (WinBuild.160101.0800),,,,,"SHA1=D9FF5E5E9BF065944E09C18D479BAFDF53B638FA,MD5=C94E136EEF04637A980FEF6EACB75EDF,SHA256=2B6577B2539A3789D642B09C9CE7A597AA8AE095E08918750FA9EA2CF132A592,IMPHASH=8A91E12AED8A0B282C3E51CA39DEC3F4",James.browne,C:\Windows\System32\BackgroundTransferHost.exe,C:\Windows\System32\iertutil.dll,,,,,,,,-9223372036854775808,,,,,,,,,"Image loaded:
RuleName: -
UtcTime: 2022-04-15 12:06:26.315
ProcessGuid: {2d351099-5cc2-5f5f-3d04-000000000400}
ProcessId: 5696
Image: C:\Windows\System32\BackgroundTransferHost.exe
ImageLoaded: C:\Windows\System32\iertutil.dll
FileVersion: 11.00.18362.1049 (WinBuild.160101.0800)
Description: Run time utility for Internet Explorer
Product: Internet Explorer
Company: Microsoft Corporation
OriginalFileName: IeRtUtil.dll
Hashes: SHA1=D9FF5E5E9BF065944E09C18D479BAFDF53B638FA,MD5=C94E136EEF04637A980FEF6EACB75EDF,SHA256=2B6577B2539A3789D642B09C9CE7A597AA8AE095E08918750FA9EA2CF132A592,IMPHASH=8A91E12AED8A0B282C3E51CA39DEC3F4
Signed: true
Signature: Microsoft Windows
SignatureStatus: Valid",,,,,,,,Info,0,IeRtUtil.dll,,,,,,,,,{2d351099-5cc2-5f5f-3d04-000000000400},5696,,Internet Explorer,,{5770385F-C22A-43E0-BF4C-06F5698FFBD9},,,,426429,,,,,,,-,,INFO,2,,,Microsoft Windows,Valid,TRUE,,,,,,,eventlog,im_msvistalog,Microsoft-Windows-Sysmon,,,,,,,,,,,,,,,,,,,,,,,,7,,,,4688,,,,,S-1-5-18,2022-04-15 12:06:26,3,,,"{""EventID"":7,""RecordNumber"":426429,""ProviderGuid"":""{5770385F-C22A-43E0-BF4C-06F5698FFBD9}"",""SourceName"":""Microsoft-Windows-Sysmon"",""OpcodeValue"":0,""AccountName"":""SYSTEM"",""SignatureStatus"":""Valid"",""SourceModuleName"":""eventlog"",""ExecutionProcessID"":3524,""AccountType"":""User"",""Category"":""Image loaded (rule: ImageLoad)"",""Domain"":""NT AUTHORITY"",""port"":60427,""Company"":""Microsoft Corporation"",""ThreadID"":4688,""Severity"":""INFO"",""EventType"":""INFO"",""Signed"":""true"",""Channel"":""Microsoft-Windows-Sysmon/Operational"",""Opcode"":""Info"",""EventReceivedTime"":""2022-04-15 08:06:30"",""ImageLoaded"":""C:\\Windows\\System32\\iertutil.dll"",""Task"":7,""RuleName"":""-"",""Keywords"":-9223372036854775808,""Version"":3,""ProcessId"":""5696"",""Image"":""C:\\Windows\\System32\\BackgroundTransferHost.exe"",""Product"":""Internet Explorer"",""tags"":[""splunk""],""EventTime"":""2022-04-15 08:06:26"",""host"":""cybertees.net"",""SeverityValue"":2,""Message"":""Image loaded:\r\nRuleName: -\r\nUtcTime: 2022-04-15 12:06:26.315\r\nProcessGuid: {2d351099-5cc2-5f5f-3d04-000000000400}\r\nProcessId: 5696\r\nImage: C:\\Windows\\System32\\BackgroundTransferHost.exe\r\nImageLoaded: C:\\Windows\\System32\\iertutil.dll\r\nFileVersion: 11.00.18362.1049 (WinBuild.160101.0800)\r\nDescription: Run time utility for Internet Explorer\r\nProduct: Internet Explorer\r\nCompany: Microsoft Corporation\r\nOriginalFileName: IeRtUtil.dll\r\nHashes: SHA1=D9FF5E5E9BF065944E09C18D479BAFDF53B638FA,MD5=C94E136EEF04637A980FEF6EACB75EDF,SHA256=2B6577B2539A3789D642B09C9CE7A597AA8AE095E08918750FA9EA2CF132A592,IMPHASH=8A91E12AED8A0B282C3E51CA39DEC3F4\r\nSigned: true\r\nSignature: Microsoft Windows\r\nSignatureStatus: Valid"",""UtcTime"":""2022-04-15 12:06:26.315"",""UserID"":""S-1-5-18"",""FileVersion"":""11.00.18362.1049 (WinBuild.160101.0800)"",""Description"":""Run time utility for Internet Explorer"",""OriginalFileName"":""IeRtUtil.dll"",""timestamp"":""2022-04-15T12:06:30.040Z"",""Hashes"":""SHA1=D9FF5E5E9BF065944E09C18D479BAFDF53B638FA,MD5=C94E136EEF04637A980FEF6EACB75EDF,SHA256=2B6577B2539A3789D642B09C9CE7A597AA8AE095E08918750FA9EA2CF132A592,IMPHASH=8A91E12AED8A0B282C3E51CA39DEC3F4"",""Signature"":""Microsoft Windows"",""@version"":""1"",""SourceModuleType"":""im_msvistalog"",""Hostname"":""James.browne"",""ProcessGuid"":""{2d351099-5cc2-5f5f-3d04-000000000400}""}",2022-04-15T08:06:28.000+0000,8,15,6,april,28,friday,2022,local,,INFO,cybertees.net,cyber-host,windowslogs,1,60427,"{"""":,"""":,"""":""{----}"","""":""--"","""":,"""":"""","""":"""","""":""""",Event_logs.json,_json,ip-10-10-40-195,,splunk,,2022-04-15T12:06:30.040Z,
1,,,,SYSTEM,User,,,,,C:\windows\SYSTEM32\ntdll.dll+9c534|C:\windows\system32\lsasrv.dll+179a6|C:\windows\system32\lsasrv.dll+1852f|C:\windows\system32\lsasrv.dll+17814|C:\windows\SYSTEM32\SspiSrv.dll+1a72|C:\windows\System32\RPCRT4.dll+76a53|C:\windows\System32\RPCRT4.dll+da036|C:\windows\System32\RPCRT4.dll+37b1c|C:\windows\System32\RPCRT4.dll+54998|C:\windows\System32\RPCRT4.dll+2c951|C:\windows\System32\RPCRT4.dll+2c20b|C:\windows\System32\RPCRT4.dll+1a86f|C:\windows\System32\RPCRT4.dll+19d1a|C:\windows\System32\RPCRT4.dll+19301|C:\windows\System32\RPCRT4.dll+18d6e|C:\windows\System32\RPCRT4.dll+169a5|C:\windows\SYSTEM32\ntdll.dll+333ed|C:\windows\SYSTEM32\ntdll.dll+34142|C:\windows\System32\KERNEL32.DLL+17bd4|C:\windows\SYSTEM32\ntdll.dll+6ce51,Process accessed (rule: ProcessAccess),Microsoft-Windows-Sysmon/Operational,,,,,,,,,,,,,,,,,,NT AUTHORITY,,,,,10,,2022-04-15 8:06:30,2022-04-15 8:06:26,,3524,,,0x1478,,,,James.browne,,,,,,,,,,-9223372036854775808,,,,,,,,,"Process accessed:
RuleName: -
UtcTime: 2022-04-15 12:06:26.315
SourceProcessGUID: {2d351099-43cc-5f5f-0c00-000000000400}
SourceProcessId: 740
SourceThreadId: 3076
SourceImage: C:\windows\system32\lsass.exe
TargetProcessGUID: {2d351099-5cc2-5f5f-3d04-000000000400}
TargetProcessId: 5696
TargetImage: C:\windows\system32\BackgroundTransferHost.exe
GrantedAccess: 0x1478
CallTrace: C:\windows\SYSTEM32\ntdll.dll+9c534|C:\windows\system32\lsasrv.dll+179a6|C:\windows\system32\lsasrv.dll+1852f|C:\windows\system32\lsasrv.dll+17814|C:\windows\SYSTEM32\SspiSrv.dll+1a72|C:\windows\System32\RPCRT4.dll+76a53|C:\windows\System32\RPCRT4.dll+da036|C:\windows\System32\RPCRT4.dll+37b1c|C:\windows\System32\RPCRT4.dll+54998|C:\windows\System32\RPCRT4.dll+2c951|C:\windows\System32\RPCRT4.dll+2c20b|C:\windows\System32\RPCRT4.dll+1a86f|C:\windows\System32\RPCRT4.dll+19d1a|C:\windows\System32\RPCRT4.dll+19301|C:\windows\System32\RPCRT4.dll+18d6e|C:\windows\System32\RPCRT4.dll+169a5|C:\windows\SYSTEM32\ntdll.dll+333ed|C:\windows\SYSTEM32\ntdll.dll+34142|C:\windows\System32\KERNEL32.DLL+17bd4|C:\windows\SYSTEM32\ntdll.dll+6ce51",,,,,,,,Info,0,,,,,,,,,,,740,,,,{5770385F-C22A-43E0-BF4C-06F5698FFBD9},,,,426428,,,,,,,-,,INFO,2,,,,,,,,,C:\windows\system32\lsass.exe,,,eventlog,im_msvistalog,Microsoft-Windows-Sysmon,,,{2d351099-43cc-5f5f-0c00-000000000400},740,3076,,,,,,,,,C:\windows\system32\BackgroundTransferHost.exe,,,,,,{2d351099-5cc2-5f5f-3d04-000000000400},5696,,,10,,,,4688,,,,,S-1-5-18,2022-04-15 12:06:26,3,,,"{""EventID"":10,""RecordNumber"":426428,""ProviderGuid"":""{5770385F-C22A-43E0-BF4C-06F5698FFBD9}"",""SourceName"":""Microsoft-Windows-Sysmon"",""OpcodeValue"":0,""AccountName"":""SYSTEM"",""SourceImage"":""C:\\windows\\system32\\lsass.exe"",""SourceModuleName"":""eventlog"",""ExecutionProcessID"":3524,""AccountType"":""User"",""Category"":""Process accessed (rule: ProcessAccess)"",""SourceProcessId"":""740"",""Domain"":""NT AUTHORITY"",""port"":60427,""ThreadID"":4688,""Severity"":""INFO"",""EventType"":""INFO"",""Channel"":""Microsoft-Windows-Sysmon/Operational"",""Opcode"":""Info"",""EventReceivedTime"":""2022-04-15 08:06:30"",""Task"":10,""RuleName"":""-"",""Keywords"":-9223372036854775808,""Version"":3,""ProcessId"":""740"",""tags"":[""splunk""],""GrantedAccess"":""0x1478"",""SourceProcessGUID"":""{2d351099-43cc-5f5f-0c00-000000000400}"",""EventTime"":""2022-04-15 08:06:26"",""host"":""cybertees.net"",""SeverityValue"":2,""CallTrace"":""C:\\windows\\SYSTEM32\\ntdll.dll+9c534|C:\\windows\\system32\\lsasrv.dll+179a6|C:\\windows\\system32\\lsasrv.dll+1852f|C:\\windows\\system32\\lsasrv.dll+17814|C:\\windows\\SYSTEM32\\SspiSrv.dll+1a72|C:\\windows\\System32\\RPCRT4.dll+76a53|C:\\windows\\System32\\RPCRT4.dll+da036|C:\\windows\\System32\\RPCRT4.dll+37b1c|C:\\windows\\System32\\RPCRT4.dll+54998|C:\\windows\\System32\\RPCRT4.dll+2c951|C:\\windows\\System32\\RPCRT4.dll+2c20b|C:\\windows\\System32\\RPCRT4.dll+1a86f|C:\\windows\\System32\\RPCRT4.dll+19d1a|C:\\windows\\System32\\RPCRT4.dll+19301|C:\\windows\\System32\\RPCRT4.dll+18d6e|C:\\windows\\System32\\RPCRT4.dll+169a5|C:\\windows\\SYSTEM32\\ntdll.dll+333ed|C:\\windows\\SYSTEM32\\ntdll.dll+34142|C:\\windows\\System32\\KERNEL32.DLL+17bd4|C:\\windows\\SYSTEM32\\ntdll.dll+6ce51"",""Message"":""Process accessed:\r\nRuleName: -\r\nUtcTime: 2022-04-15 12:06:26.315\r\nSourceProcessGUID: {2d351099-43cc-5f5f-0c00-000000000400}\r\nSourceProcessId: 740\r\nSourceThreadId: 3076\r\nSourceImage: C:\\windows\\system32\\lsass.exe\r\nTargetProcessGUID: {2d351099-5cc2-5f5f-3d04-000000000400}\r\nTargetProcessId: 5696\r\nTargetImage: C:\\windows\\system32\\BackgroundTransferHost.exe\r\nGrantedAccess: 0x1478\r\nCallTrace: C:\\windows\\SYSTEM32\\ntdll.dll+9c534|C:\\windows\\system32\\lsasrv.dll+179a6|C:\\windows\\system32\\lsasrv.dll+1852f|C:\\windows\\system32\\lsasrv.dll+17814|C:\\windows\\SYSTEM32\\SspiSrv.dll+1a72|C:\\windows\\System32\\RPCRT4.dll+76a53|C:\\windows\\System32\\RPCRT4.dll+da036|C:\\windows\\System32\\RPCRT4.dll+37b1c|C:\\windows\\System32\\RPCRT4.dll+54998|C:\\windows\\System32\\RPCRT4.dll+2c951|C:\\windows\\System32\\RPCRT4.dll+2c20b|C:\\windows\\System32\\RPCRT4.dll+1a86f|C:\\windows\\System32\\RPCRT4.dll+19d1a|C:\\windows\\System32\\RPCRT4.dll+19301|C:\\windows\\System32\\RPCRT4.dll+18d6e|C:\\windows\\System32\\RPCRT4.dll+169a5|C:\\windows\\SYSTEM32\\ntdll.dll+333ed|C:\\windows\\SYSTEM32\\ntdll.dll+34142|C:\\windows\\System32\\KERNEL32.DLL+17bd4|C:\\windows\\SYSTEM32\\ntdll.dll+6ce51"",""UtcTime"":""2022-04-15 12:06:26.315"",""UserID"":""S-1-5-18"",""timestamp"":""2022-04-15T12:06:30.040Z"",""TargetProcessId"":""5696"",""SourceThreadId"":""3076"",""@version"":""1"",""TargetProcessGUID"":""{2d351099-5cc2-5f5f-3d04-000000000400}"",""SourceModuleType"":""im_msvistalog"",""TargetImage"":""C:\\windows\\system32\\BackgroundTransferHost.exe"",""Hostname"":""James.browne""}",2022-04-15T08:06:28.000+0000,8,15,6,april,28,friday,2022,local,,INFO,cybertees.net,cyber-host,windowslogs,1,60427,"{"""":,"""":,"""":""{----}"","""":""--"","""":,"""":"""","""":"":\\\\\\",Event_logs.json,_json,ip-10-10-40-195,,splunk,,2022-04-15T12:06:30.040Z,
1,,,,SYSTEM,User,,,,,C:\windows\SYSTEM32\ntdll.dll+9d104|C:\windows\System32\RPCRT4.dll+2d2f4|C:\windows\system32\lsasrv.dll+176b9|C:\windows\SYSTEM32\SspiSrv.dll+1a72|C:\windows\System32\RPCRT4.dll+76a53|C:\windows\System32\RPCRT4.dll+da036|C:\windows\System32\RPCRT4.dll+37b1c|C:\windows\System32\RPCRT4.dll+54998|C:\windows\System32\RPCRT4.dll+2c951|C:\windows\System32\RPCRT4.dll+2c20b|C:\windows\System32\RPCRT4.dll+1a86f|C:\windows\System32\RPCRT4.dll+19d1a|C:\windows\System32\RPCRT4.dll+19301|C:\windows\System32\RPCRT4.dll+18d6e|C:\windows\System32\RPCRT4.dll+169a5|C:\windows\SYSTEM32\ntdll.dll+333ed|C:\windows\SYSTEM32\ntdll.dll+34142|C:\windows\System32\KERNEL32.DLL+17bd4|C:\windows\SYSTEM32\ntdll.dll+6ce51,Process accessed (rule: ProcessAccess),Microsoft-Windows-Sysmon/Operational,,,,,,,,,,,,,,,,,,NT AUTHORITY,,,,,10,,2022-04-15 8:06:30,2022-04-15 8:06:26,,3524,,,0x1000,,,,James.browne,,,,,,,,,,-9223372036854775808,,,,,,,,,"Process accessed:
RuleName: -
UtcTime: 2022-04-15 12:06:26.315
SourceProcessGUID: {2d351099-43cc-5f5f-0c00-000000000400}
SourceProcessId: 740
SourceThreadId: 3076
SourceImage: C:\windows\system32\lsass.exe
TargetProcessGUID: {2d351099-5cc2-5f5f-3d04-000000000400}
TargetProcessId: 5696
TargetImage: C:\windows\system32\BackgroundTransferHost.exe
GrantedAccess: 0x1000
CallTrace: C:\windows\SYSTEM32\ntdll.dll+9d104|C:\windows\System32\RPCRT4.dll+2d2f4|C:\windows\system32\lsasrv.dll+176b9|C:\windows\SYSTEM32\SspiSrv.dll+1a72|C:\windows\System32\RPCRT4.dll+76a53|C:\windows\System32\RPCRT4.dll+da036|C:\windows\System32\RPCRT4.dll+37b1c|C:\windows\System32\RPCRT4.dll+54998|C:\windows\System32\RPCRT4.dll+2c951|C:\windows\System32\RPCRT4.dll+2c20b|C:\windows\System32\RPCRT4.dll+1a86f|C:\windows\System32\RPCRT4.dll+19d1a|C:\windows\System32\RPCRT4.dll+19301|C:\windows\System32\RPCRT4.dll+18d6e|C:\windows\System32\RPCRT4.dll+169a5|C:\windows\SYSTEM32\ntdll.dll+333ed|C:\windows\SYSTEM32\ntdll.dll+34142|C:\windows\System32\KERNEL32.DLL+17bd4|C:\windows\SYSTEM32\ntdll.dll+6ce51",,,,,,,,Info,0,,,,,,,,,,,740,,,,{5770385F-C22A-43E0-BF4C-06F5698FFBD9},,,,426427,,,,,,,-,,INFO,2,,,,,,,,,C:\windows\system32\lsass.exe,,,eventlog,im_msvistalog,Microsoft-Windows-Sysmon,,,{2d351099-43cc-5f5f-0c00-000000000400},740,3076,,,,,,,,,C:\windows\system32\BackgroundTransferHost.exe,,,,,,{2d351099-5cc2-5f5f-3d04-000000000400},5696,,,10,,,,4688,,,,,S-1-5-18,2022-04-15 12:06:26,3,,,"{""EventID"":10,""RecordNumber"":426427,""ProviderGuid"":""{5770385F-C22A-43E0-BF4C-06F5698FFBD9}"",""SourceName"":""Microsoft-Windows-Sysmon"",""OpcodeValue"":0,""AccountName"":""SYSTEM"",""SourceImage"":""C:\\windows\\system32\\lsass.exe"",""SourceModuleName"":""eventlog"",""ExecutionProcessID"":3524,""AccountType"":""User"",""Category"":""Process accessed (rule: ProcessAccess)"",""SourceProcessId"":""740"",""Domain"":""NT AUTHORITY"",""port"":60427,""ThreadID"":4688,""Severity"":""INFO"",""EventType"":""INFO"",""Channel"":""Microsoft-Windows-Sysmon/Operational"",""Opcode"":""Info"",""EventReceivedTime"":""2022-04-15 08:06:30"",""Task"":10,""RuleName"":""-"",""Keywords"":-9223372036854775808,""Version"":3,""ProcessId"":""740"",""tags"":[""splunk""],""GrantedAccess"":""0x1000"",""SourceProcessGUID"":""{2d351099-43cc-5f5f-0c00-000000000400}"",""EventTime"":""2022-04-15 08:06:26"",""host"":""cybertees.net"",""SeverityValue"":2,""CallTrace"":""C:\\windows\\SYSTEM32\\ntdll.dll+9d104|C:\\windows\\System32\\RPCRT4.dll+2d2f4|C:\\windows\\system32\\lsasrv.dll+176b9|C:\\windows\\SYSTEM32\\SspiSrv.dll+1a72|C:\\windows\\System32\\RPCRT4.dll+76a53|C:\\windows\\System32\\RPCRT4.dll+da036|C:\\windows\\System32\\RPCRT4.dll+37b1c|C:\\windows\\System32\\RPCRT4.dll+54998|C:\\windows\\System32\\RPCRT4.dll+2c951|C:\\windows\\System32\\RPCRT4.dll+2c20b|C:\\windows\\System32\\RPCRT4.dll+1a86f|C:\\windows\\System32\\RPCRT4.dll+19d1a|C:\\windows\\System32\\RPCRT4.dll+19301|C:\\windows\\System32\\RPCRT4.dll+18d6e|C:\\windows\\System32\\RPCRT4.dll+169a5|C:\\windows\\SYSTEM32\\ntdll.dll+333ed|C:\\windows\\SYSTEM32\\ntdll.dll+34142|C:\\windows\\System32\\KERNEL32.DLL+17bd4|C:\\windows\\SYSTEM32\\ntdll.dll+6ce51"",""Message"":""Process accessed:\r\nRuleName: -\r\nUtcTime: 2022-04-15 12:06:26.315\r\nSourceProcessGUID: {2d351099-43cc-5f5f-0c00-000000000400}\r\nSourceProcessId: 740\r\nSourceThreadId: 3076\r\nSourceImage: C:\\windows\\system32\\lsass.exe\r\nTargetProcessGUID: {2d351099-5cc2-5f5f-3d04-000000000400}\r\nTargetProcessId: 5696\r\nTargetImage: C:\\windows\\system32\\BackgroundTransferHost.exe\r\nGrantedAccess: 0x1000\r\nCallTrace: C:\\windows\\SYSTEM32\\ntdll.dll+9d104|C:\\windows\\System32\\RPCRT4.dll+2d2f4|C:\\windows\\system32\\lsasrv.dll+176b9|C:\\windows\\SYSTEM32\\SspiSrv.dll+1a72|C:\\windows\\System32\\RPCRT4.dll+76a53|C:\\windows\\System32\\RPCRT4.dll+da036|C:\\windows\\System32\\RPCRT4.dll+37b1c|C:\\windows\\System32\\RPCRT4.dll+54998|C:\\windows\\System32\\RPCRT4.dll+2c951|C:\\windows\\System32\\RPCRT4.dll+2c20b|C:\\windows\\System32\\RPCRT4.dll+1a86f|C:\\windows\\System32\\RPCRT4.dll+19d1a|C:\\windows\\System32\\RPCRT4.dll+19301|C:\\windows\\System32\\RPCRT4.dll+18d6e|C:\\windows\\System32\\RPCRT4.dll+169a5|C:\\windows\\SYSTEM32\\ntdll.dll+333ed|C:\\windows\\SYSTEM32\\ntdll.dll+34142|C:\\windows\\System32\\KERNEL32.DLL+17bd4|C:\\windows\\SYSTEM32\\ntdll.dll+6ce51"",""UtcTime"":""2022-04-15 12:06:26.315"",""UserID"":""S-1-5-18"",""timestamp"":""2022-04-15T12:06:30.039Z"",""TargetProcessId"":""5696"",""SourceThreadId"":""3076"",""@version"":""1"",""TargetProcessGUID"":""{2d351099-5cc2-5f5f-3d04-000000000400}"",""SourceModuleType"":""im_msvistalog"",""TargetImage"":""C:\\windows\\system32\\BackgroundTransferHost.exe"",""Hostname"":""James.browne""}",2022-04-15T08:06:28.000+0000,8,15,6,april,28,friday,2022,local,,INFO,cybertees.net,cyber-host,windowslogs,1,60427,"{"""":,"""":,"""":""{----}"","""":""--"","""":,"""":"""","""":"":\\\\\\",Event_logs.json,_json,ip-10-10-40-195,,splunk,,2022-04-15T12:06:30.039Z,
1,,,,SYSTEM,User,,,,,,Image loaded (rule: ImageLoad),Microsoft-Windows-Sysmon/Operational,,Microsoft Corporation,,,,Security Support Provider Interface,,,,,,,,,,,,NT AUTHORITY,,,,,7,,2022-04-15 8:06:30,2022-04-15 8:06:26,,3524,10.0.18362.1049 (WinBuild.160101.0800),,,,,"SHA1=A30A81AB6EB472CC79CF9E8C5B47ECA85998801A,MD5=DA9647C845792371DD2F95E1CCC9A63A,SHA256=FE741D2F986B0B9557A90BDF0560F49CD17381D1094C42A91634AABE49F46A1E,IMPHASH=D08C52FA17116C062A28110FE7465D80",James.browne,C:\Windows\System32\BackgroundTransferHost.exe,C:\Windows\System32\sspicli.dll,,,,,,,,-9223372036854775808,,,,,,,,,"Image loaded:
RuleName: -
UtcTime: 2022-04-15 12:06:26.315
ProcessGuid: {2d351099-5cc2-5f5f-3d04-000000000400}
ProcessId: 5696
Image: C:\Windows\System32\BackgroundTransferHost.exe
ImageLoaded: C:\Windows\System32\sspicli.dll
FileVersion: 10.0.18362.1049 (WinBuild.160101.0800)
Description: Security Support Provider Interface
Product: Microsoft® Windows® Operating System
Company: Microsoft Corporation
OriginalFileName: sspicli.dll
Hashes: SHA1=A30A81AB6EB472CC79CF9E8C5B47ECA85998801A,MD5=DA9647C845792371DD2F95E1CCC9A63A,SHA256=FE741D2F986B0B9557A90BDF0560F49CD17381D1094C42A91634AABE49F46A1E,IMPHASH=D08C52FA17116C062A28110FE7465D80
Signed: true
Signature: Microsoft Windows
SignatureStatus: Valid",,,,,,,,Info,0,sspicli.dll,,,,,,,,,{2d351099-5cc2-5f5f-3d04-000000000400},5696,,Microsoft® Windows® Operating System,,{5770385F-C22A-43E0-BF4C-06F5698FFBD9},,,,426426,,,,,,,-,,INFO,2,,,Microsoft Windows,Valid,TRUE,,,,,,,eventlog,im_msvistalog,Microsoft-Windows-Sysmon,,,,,,,,,,,,,,,,,,,,,,,,7,,,,4688,,,,,S-1-5-18,2022-04-15 12:06:26,3,,,"{""EventID"":7,""RecordNumber"":426426,""ProviderGuid"":""{5770385F-C22A-43E0-BF4C-06F5698FFBD9}"",""SourceName"":""Microsoft-Windows-Sysmon"",""OpcodeValue"":0,""AccountName"":""SYSTEM"",""SignatureStatus"":""Valid"",""SourceModuleName"":""eventlog"",""ExecutionProcessID"":3524,""AccountType"":""User"",""Category"":""Image loaded (rule: ImageLoad)"",""Domain"":""NT AUTHORITY"",""port"":60427,""Company"":""Microsoft Corporation"",""ThreadID"":4688,""Severity"":""INFO"",""EventType"":""INFO"",""Signed"":""true"",""Channel"":""Microsoft-Windows-Sysmon/Operational"",""Opcode"":""Info"",""EventReceivedTime"":""2022-04-15 08:06:30"",""ImageLoaded"":""C:\\Windows\\System32\\sspicli.dll"",""Task"":7,""RuleName"":""-"",""Keywords"":-9223372036854775808,""Version"":3,""ProcessId"":""5696"",""Image"":""C:\\Windows\\System32\\BackgroundTransferHost.exe"",""Product"":""Microsoft® Windows® Operating System"",""tags"":[""splunk""],""EventTime"":""2022-04-15 08:06:26"",""host"":""cybertees.net"",""SeverityValue"":2,""Message"":""Image loaded:\r\nRuleName: -\r\nUtcTime: 2022-04-15 12:06:26.315\r\nProcessGuid: {2d351099-5cc2-5f5f-3d04-000000000400}\r\nProcessId: 5696\r\nImage: C:\\Windows\\System32\\BackgroundTransferHost.exe\r\nImageLoaded: C:\\Windows\\System32\\sspicli.dll\r\nFileVersion: 10.0.18362.1049 (WinBuild.160101.0800)\r\nDescription: Security Support Provider Interface\r\nProduct: Microsoft® Windows® Operating System\r\nCompany: Microsoft Corporation\r\nOriginalFileName: sspicli.dll\r\nHashes: SHA1=A30A81AB6EB472CC79CF9E8C5B47ECA85998801A,MD5=DA9647C845792371DD2F95E1CCC9A63A,SHA256=FE741D2F986B0B9557A90BDF0560F49CD17381D1094C42A91634AABE49F46A1E,IMPHASH=D08C52FA17116C062A28110FE7465D80\r\nSigned: true\r\nSignature: Microsoft Windows\r\nSignatureStatus: Valid"",""UtcTime"":""2022-04-15 12:06:26.315"",""UserID"":""S-1-5-18"",""FileVersion"":""10.0.18362.1049 (WinBuild.160101.0800)"",""Description"":""Security Support Provider Interface"",""OriginalFileName"":""sspicli.dll"",""timestamp"":""2022-04-15T12:06:30.039Z"",""Hashes"":""SHA1=A30A81AB6EB472CC79CF9E8C5B47ECA85998801A,MD5=DA9647C845792371DD2F95E1CCC9A63A,SHA256=FE741D2F986B0B9557A90BDF0560F49CD17381D1094C42A91634AABE49F46A1E,IMPHASH=D08C52FA17116C062A28110FE7465D80"",""Signature"":""Microsoft Windows"",""@version"":""1"",""SourceModuleType"":""im_msvistalog"",""Hostname"":""James.browne"",""ProcessGuid"":""{2d351099-5cc2-5f5f-3d04-000000000400}""}",2022-04-15T08:06:28.000+0000,8,15,6,april,28,friday,2022,local,,INFO,cybertees.net,cyber-host,windowslogs,1,60427,"{"""":,"""":,"""":""{----}"","""":""--"","""":,"""":"""","""":"""","""":""""",Event_logs.json,_json,ip-10-10-40-195,,splunk,,2022-04-15T12:06:30.039Z,
1,,,,SYSTEM,User,,,,,,Image loaded (rule: ImageLoad),Microsoft-Windows-Sysmon/Operational,,Microsoft Corporation,,,,Internet Extensions for Win32,,,,,,,,,,,,NT AUTHORITY,,,,,7,,2022-04-15 8:06:30,2022-04-15 8:06:26,,3524,11.00.18362.1082 (WinBuild.160101.0800),,,,,"SHA1=694B3C3F0F9D5EF7709765E2454A759F24138090,MD5=6B39A43271B0A631EAEFDAFDD51D17E3,SHA256=A0F867460313263A0AC9D791F1A369B7E18919228A9F3A85CE82005F3E3202AC,IMPHASH=6ADB8F4093077F6949DD162DA29572BB",James.browne,C:\Windows\System32\BackgroundTransferHost.exe,C:\Windows\System32\wininet.dll,,,,,,,,-9223372036854775808,,,,,,,,,"Image loaded:
RuleName: -
UtcTime: 2022-04-15 12:06:26.315
ProcessGuid: {2d351099-5cc2-5f5f-3d04-000000000400}
ProcessId: 5696
Image: C:\Windows\System32\BackgroundTransferHost.exe
ImageLoaded: C:\Windows\System32\wininet.dll
FileVersion: 11.00.18362.1082 (WinBuild.160101.0800)
Description: Internet Extensions for Win32
Product: Internet Explorer
Company: Microsoft Corporation
OriginalFileName: wininet.dll
Hashes: SHA1=694B3C3F0F9D5EF7709765E2454A759F24138090,MD5=6B39A43271B0A631EAEFDAFDD51D17E3,SHA256=A0F867460313263A0AC9D791F1A369B7E18919228A9F3A85CE82005F3E3202AC,IMPHASH=6ADB8F4093077F6949DD162DA29572BB
Signed: true
Signature: Microsoft Windows
SignatureStatus: Valid",,,,,,,,Info,0,wininet.dll,,,,,,,,,{2d351099-5cc2-5f5f-3d04-000000000400},5696,,Internet Explorer,,{5770385F-C22A-43E0-BF4C-06F5698FFBD9},,,,426425,,,,,,,-,,INFO,2,,,Microsoft Windows,Valid,TRUE,,,,,,,eventlog,im_msvistalog,Microsoft-Windows-Sysmon,,,,,,,,,,,,,,,,,,,,,,,,7,,,,4688,,,,,S-1-5-18,2022-04-15 12:06:26,3,,,"{""EventID"":7,""RecordNumber"":426425,""ProviderGuid"":""{5770385F-C22A-43E0-BF4C-06F5698FFBD9}"",""SourceName"":""Microsoft-Windows-Sysmon"",""OpcodeValue"":0,""AccountName"":""SYSTEM"",""SignatureStatus"":""Valid"",""SourceModuleName"":""eventlog"",""ExecutionProcessID"":3524,""AccountType"":""User"",""Category"":""Image loaded (rule: ImageLoad)"",""Domain"":""NT AUTHORITY"",""port"":60427,""Company"":""Microsoft Corporation"",""ThreadID"":4688,""Severity"":""INFO"",""EventType"":""INFO"",""Signed"":""true"",""Channel"":""Microsoft-Windows-Sysmon/Operational"",""Opcode"":""Info"",""EventReceivedTime"":""2022-04-15 08:06:30"",""ImageLoaded"":""C:\\Windows\\System32\\wininet.dll"",""Task"":7,""RuleName"":""-"",""Keywords"":-9223372036854775808,""Version"":3,""ProcessId"":""5696"",""Image"":""C:\\Windows\\System32\\BackgroundTransferHost.exe"",""Product"":""Internet Explorer"",""tags"":[""splunk""],""EventTime"":""2022-04-15 08:06:26"",""host"":""cybertees.net"",""SeverityValue"":2,""Message"":""Image loaded:\r\nRuleName: -\r\nUtcTime: 2022-04-15 12:06:26.315\r\nProcessGuid: {2d351099-5cc2-5f5f-3d04-000000000400}\r\nProcessId: 5696\r\nImage: C:\\Windows\\System32\\BackgroundTransferHost.exe\r\nImageLoaded: C:\\Windows\\System32\\wininet.dll\r\nFileVersion: 11.00.18362.1082 (WinBuild.160101.0800)\r\nDescription: Internet Extensions for Win32\r\nProduct: Internet Explorer\r\nCompany: Microsoft Corporation\r\nOriginalFileName: wininet.dll\r\nHashes: SHA1=694B3C3F0F9D5EF7709765E2454A759F24138090,MD5=6B39A43271B0A631EAEFDAFDD51D17E3,SHA256=A0F867460313263A0AC9D791F1A369B7E18919228A9F3A85CE82005F3E3202AC,IMPHASH=6ADB8F4093077F6949DD162DA29572BB\r\nSigned: true\r\nSignature: Microsoft Windows\r\nSignatureStatus: Valid"",""UtcTime"":""2022-04-15 12:06:26.315"",""UserID"":""S-1-5-18"",""FileVersion"":""11.00.18362.1082 (WinBuild.160101.0800)"",""Description"":""Internet Extensions for Win32"",""OriginalFileName"":""wininet.dll"",""timestamp"":""2022-04-15T12:06:30.039Z"",""Hashes"":""SHA1=694B3C3F0F9D5EF7709765E2454A759F24138090,MD5=6B39A43271B0A631EAEFDAFDD51D17E3,SHA256=A0F867460313263A0AC9D791F1A369B7E18919228A9F3A85CE82005F3E3202AC,IMPHASH=6ADB8F4093077F6949DD162DA29572BB"",""Signature"":""Microsoft Windows"",""@version"":""1"",""SourceModuleType"":""im_msvistalog"",""Hostname"":""James.browne"",""ProcessGuid"":""{2d351099-5cc2-5f5f-3d04-000000000400}""}",2022-04-15T08:06:28.000+0000,8,15,6,april,28,friday,2022,local,,INFO,cybertees.net,cyber-host,windowslogs,1,60427,"{"""":,"""":,"""":""{----}"","""":""--"","""":,"""":"""","""":"""","""":""""",Event_logs.json,_json,ip-10-10-40-195,,splunk,,2022-04-15T12:06:30.039Z,
1,,,,SYSTEM,User,,,,,,Image loaded (rule: ImageLoad),Microsoft-Windows-Sysmon/Operational,,Microsoft Corporation,,,,system Events Broker Client Library,,,,,,,,,,,,NT AUTHORITY,,,,,7,,2022-04-15 8:06:30,2022-04-15 8:06:26,,3524,10.0.18362.959 (WinBuild.160101.0800),,,,,"SHA1=EEB43A05D91FF77D6DF63EF9C85F7664FFFD0138,MD5=867FC3D6667B24CF320AA08A02375DCC,SHA256=F9042686BD2189E1D1A456A6B1B7539394DE8BE6FA2D7C7D59DFC0646D7BAA53,IMPHASH=A8252B2A8223DC657DD3D71367ED56F4",James.browne,C:\Windows\System32\BackgroundTransferHost.exe,C:\Windows\System32\SystemEventsBrokerClient.dll,,,,,,,,-9223372036854775808,,,,,,,,,"Image loaded:
RuleName: -
UtcTime: 2022-04-15 12:06:26.315
ProcessGuid: {2d351099-5cc2-5f5f-3d04-000000000400}
ProcessId: 5696
Image: C:\Windows\System32\BackgroundTransferHost.exe
ImageLoaded: C:\Windows\System32\SystemEventsBrokerClient.dll
FileVersion: 10.0.18362.959 (WinBuild.160101.0800)
Description: system Events Broker Client Library
Product: Microsoft® Windows® Operating System
Company: Microsoft Corporation
OriginalFileName: SystemEventsBrokerClient.dll
Hashes: SHA1=EEB43A05D91FF77D6DF63EF9C85F7664FFFD0138,MD5=867FC3D6667B24CF320AA08A02375DCC,SHA256=F9042686BD2189E1D1A456A6B1B7539394DE8BE6FA2D7C7D59DFC0646D7BAA53,IMPHASH=A8252B2A8223DC657DD3D71367ED56F4
Signed: true
Signature: Microsoft Windows
SignatureStatus: Valid",,,,,,,,Info,0,SystemEventsBrokerClient.dll,,,,,,,,,{2d351099-5cc2-5f5f-3d04-000000000400},5696,,Microsoft® Windows® Operating System,,{5770385F-C22A-43E0-BF4C-06F5698FFBD9},,,,426424,,,,,,,-,,INFO,2,,,Microsoft Windows,Valid,TRUE,,,,,,,eventlog,im_msvistalog,Microsoft-Windows-Sysmon,,,,,,,,,,,,,,,,,,,,,,,,7,,,,4688,,,,,S-1-5-18,2022-04-15 12:06:26,3,,,"{""EventID"":7,""RecordNumber"":426424,""ProviderGuid"":""{5770385F-C22A-43E0-BF4C-06F5698FFBD9}"",""SourceName"":""Microsoft-Windows-Sysmon"",""OpcodeValue"":0,""AccountName"":""SYSTEM"",""SignatureStatus"":""Valid"",""SourceModuleName"":""eventlog"",""ExecutionProcessID"":3524,""AccountType"":""User"",""Category"":""Image loaded (rule: ImageLoad)"",""Domain"":""NT AUTHORITY"",""port"":60427,""Company"":""Microsoft Corporation"",""ThreadID"":4688,""Severity"":""INFO"",""EventType"":""INFO"",""Signed"":""true"",""Channel"":""Microsoft-Windows-Sysmon/Operational"",""Opcode"":""Info"",""EventReceivedTime"":""2022-04-15 08:06:30"",""ImageLoaded"":""C:\\Windows\\System32\\SystemEventsBrokerClient.dll"",""Task"":7,""RuleName"":""-"",""Keywords"":-9223372036854775808,""Version"":3,""ProcessId"":""5696"",""Image"":""C:\\Windows\\System32\\BackgroundTransferHost.exe"",""Product"":""Microsoft® Windows® Operating System"",""tags"":[""splunk""],""EventTime"":""2022-04-15 08:06:26"",""host"":""cybertees.net"",""SeverityValue"":2,""Message"":""Image loaded:\r\nRuleName: -\r\nUtcTime: 2022-04-15 12:06:26.315\r\nProcessGuid: {2d351099-5cc2-5f5f-3d04-000000000400}\r\nProcessId: 5696\r\nImage: C:\\Windows\\System32\\BackgroundTransferHost.exe\r\nImageLoaded: C:\\Windows\\System32\\SystemEventsBrokerClient.dll\r\nFileVersion: 10.0.18362.959 (WinBuild.160101.0800)\r\nDescription: system Events Broker Client Library\r\nProduct: Microsoft® Windows® Operating System\r\nCompany: Microsoft Corporation\r\nOriginalFileName: SystemEventsBrokerClient.dll\r\nHashes: SHA1=EEB43A05D91FF77D6DF63EF9C85F7664FFFD0138,MD5=867FC3D6667B24CF320AA08A02375DCC,SHA256=F9042686BD2189E1D1A456A6B1B7539394DE8BE6FA2D7C7D59DFC0646D7BAA53,IMPHASH=A8252B2A8223DC657DD3D71367ED56F4\r\nSigned: true\r\nSignature: Microsoft Windows\r\nSignatureStatus: Valid"",""UtcTime"":""2022-04-15 12:06:26.315"",""UserID"":""S-1-5-18"",""FileVersion"":""10.0.18362.959 (WinBuild.160101.0800)"",""Description"":""system Events Broker Client Library"",""OriginalFileName"":""SystemEventsBrokerClient.dll"",""timestamp"":""2022-04-15T12:06:30.038Z"",""Hashes"":""SHA1=EEB43A05D91FF77D6DF63EF9C85F7664FFFD0138,MD5=867FC3D6667B24CF320AA08A02375DCC,SHA256=F9042686BD2189E1D1A456A6B1B7539394DE8BE6FA2D7C7D59DFC0646D7BAA53,IMPHASH=A8252B2A8223DC657DD3D71367ED56F4"",""Signature"":""Microsoft Windows"",""@version"":""1"",""SourceModuleType"":""im_msvistalog"",""Hostname"":""James.browne"",""ProcessGuid"":""{2d351099-5cc2-5f5f-3d04-000000000400}""}",2022-04-15T08:06:28.000+0000,8,15,6,april,28,friday,2022,local,,INFO,cybertees.net,cyber-host,windowslogs,1,60427,"{"""":,"""":,"""":""{----}"","""":""--"","""":,"""":"""","""":"""","""":""""",Event_logs.json,_json,ip-10-10-40-195,,splunk,,2022-04-15T12:06:30.038Z,
1,,,,SYSTEM,User,,,,,,Image loaded (rule: ImageLoad),Microsoft-Windows-Sysmon/Operational,,Microsoft Corporation,,,,ASN.1 Runtime APIs,,,,,,,,,,,,NT AUTHORITY,,,,,7,,2022-04-15 8:06:30,2022-04-15 8:06:26,,3524,10.0.18362.1 (WinBuild.160101.0800),,,,,"SHA1=F1F2A398A07419B588494558430A141884AD66EF,MD5=23D95BFDCD23EC6AFFF7E4B0703CE464,SHA256=18DE438E2C068383700C5A87423B70B251302F0D5107F331BC7EDE5097504907,IMPHASH=F79599CA729D557E0381EC0A41471A27",James.browne,C:\Windows\System32\BackgroundTransferHost.exe,C:\Windows\System32\msasn1.dll,,,,,,,,-9223372036854775808,,,,,,,,,"Image loaded:
RuleName: -
UtcTime: 2022-04-15 12:06:26.315
ProcessGuid: {2d351099-5cc2-5f5f-3d04-000000000400}
ProcessId: 5696
Image: C:\Windows\System32\BackgroundTransferHost.exe
ImageLoaded: C:\Windows\System32\msasn1.dll
FileVersion: 10.0.18362.1 (WinBuild.160101.0800)
Description: ASN.1 Runtime APIs
Product: Microsoft® Windows® Operating System
Company: Microsoft Corporation
OriginalFileName: msasn1.dll
Hashes: SHA1=F1F2A398A07419B588494558430A141884AD66EF,MD5=23D95BFDCD23EC6AFFF7E4B0703CE464,SHA256=18DE438E2C068383700C5A87423B70B251302F0D5107F331BC7EDE5097504907,IMPHASH=F79599CA729D557E0381EC0A41471A27
Signed: true
Signature: Microsoft Windows
SignatureStatus: Valid",,,,,,,,Info,0,msasn1.dll,,,,,,,,,{2d351099-5cc2-5f5f-3d04-000000000400},5696,,Microsoft® Windows® Operating System,,{5770385F-C22A-43E0-BF4C-06F5698FFBD9},,,,426423,,,,,,,-,,INFO,2,,,Microsoft Windows,Valid,TRUE,,,,,,,eventlog,im_msvistalog,Microsoft-Windows-Sysmon,,,,,,,,,,,,,,,,,,,,,,,,7,,,,4688,,,,,S-1-5-18,2022-04-15 12:06:26,3,,,"{""EventID"":7,""RecordNumber"":426423,""ProviderGuid"":""{5770385F-C22A-43E0-BF4C-06F5698FFBD9}"",""SourceName"":""Microsoft-Windows-Sysmon"",""OpcodeValue"":0,""AccountName"":""SYSTEM"",""SignatureStatus"":""Valid"",""SourceModuleName"":""eventlog"",""ExecutionProcessID"":3524,""AccountType"":""User"",""Category"":""Image loaded (rule: ImageLoad)"",""Domain"":""NT AUTHORITY"",""port"":60427,""Company"":""Microsoft Corporation"",""ThreadID"":4688,""Severity"":""INFO"",""EventType"":""INFO"",""Signed"":""true"",""Channel"":""Microsoft-Windows-Sysmon/Operational"",""Opcode"":""Info"",""EventReceivedTime"":""2022-04-15 08:06:30"",""ImageLoaded"":""C:\\Windows\\System32\\msasn1.dll"",""Task"":7,""RuleName"":""-"",""Keywords"":-9223372036854775808,""Version"":3,""ProcessId"":""5696"",""Image"":""C:\\Windows\\System32\\BackgroundTransferHost.exe"",""Product"":""Microsoft® Windows® Operating System"",""tags"":[""splunk""],""EventTime"":""2022-04-15 08:06:26"",""host"":""cybertees.net"",""SeverityValue"":2,""Message"":""Image loaded:\r\nRuleName: -\r\nUtcTime: 2022-04-15 12:06:26.315\r\nProcessGuid: {2d351099-5cc2-5f5f-3d04-000000000400}\r\nProcessId: 5696\r\nImage: C:\\Windows\\System32\\BackgroundTransferHost.exe\r\nImageLoaded: C:\\Windows\\System32\\msasn1.dll\r\nFileVersion: 10.0.18362.1 (WinBuild.160101.0800)\r\nDescription: ASN.1 Runtime APIs\r\nProduct: Microsoft® Windows® Operating System\r\nCompany: Microsoft Corporation\r\nOriginalFileName: msasn1.dll\r\nHashes: SHA1=F1F2A398A07419B588494558430A141884AD66EF,MD5=23D95BFDCD23EC6AFFF7E4B0703CE464,SHA256=18DE438E2C068383700C5A87423B70B251302F0D5107F331BC7EDE5097504907,IMPHASH=F79599CA729D557E0381EC0A41471A27\r\nSigned: true\r\nSignature: Microsoft Windows\r\nSignatureStatus: Valid"",""UtcTime"":""2022-04-15 12:06:26.315"",""UserID"":""S-1-5-18"",""FileVersion"":""10.0.18362.1 (WinBuild.160101.0800)"",""Description"":""ASN.1 Runtime APIs"",""OriginalFileName"":""msasn1.dll"",""timestamp"":""2022-04-15T12:06:30.037Z"",""Hashes"":""SHA1=F1F2A398A07419B588494558430A141884AD66EF,MD5=23D95BFDCD23EC6AFFF7E4B0703CE464,SHA256=18DE438E2C068383700C5A87423B70B251302F0D5107F331BC7EDE5097504907,IMPHASH=F79599CA729D557E0381EC0A41471A27"",""Signature"":""Microsoft Windows"",""@version"":""1"",""SourceModuleType"":""im_msvistalog"",""Hostname"":""James.browne"",""ProcessGuid"":""{2d351099-5cc2-5f5f-3d04-000000000400}""}",2022-04-15T08:06:28.000+0000,8,15,6,april,28,friday,2022,local,,INFO,cybertees.net,cyber-host,windowslogs,1,60427,"{"""":,"""":,"""":""{----}"","""":""--"","""":,"""":"""","""":"""","""":""""",Event_logs.json,_json,ip-10-10-40-195,,splunk,,2022-04-15T12:06:30.037Z,
