1,,,,SYSTEM,User,,,,,,Image loaded (rule: ImageLoad),Microsoft-Windows-Sysmon/Operational,,Microsoft Corporation,,,,Microsoft C Runtime Library,,,,,,,,,,,,NT AUTHORITY,,,,,7,,2022-04-15 8:06:24,2022-04-15 8:06:24,,3524,10.0.18362.815 (WinBuild.160101.0800),,,,,"SHA1=3C9938AFD7E9E2427750B0BBF21D3905502C2416,MD5=D327A488FF346D2A2ACC7D018F80A615,SHA256=F60BA64AF20B44D13275955ECA2949C471F2C812CD3908AF63B145DEAEB4E4F3,IMPHASH=7F555C87AEA488E97B6067A0419ED3B4",James.browne,C:\Windows\System32\backgroundTaskHost.exe,C:\Windows\System32\msvcp_win.dll,,,,,,,,-9223372036854775808,,,,,,,,,"Image loaded:
RuleName: -
UtcTime: 2022-04-15 12:06:24.409
ProcessGuid: {2d351099-5cc0-5f5f-3904-000000000400}
ProcessId: 5200
Image: C:\Windows\System32\backgroundTaskHost.exe
ImageLoaded: C:\Windows\System32\msvcp_win.dll
FileVersion: 10.0.18362.815 (WinBuild.160101.0800)
Description: Microsoft C Runtime Library
Product: Microsoft Windows Operating System
Company: Microsoft Corporation
OriginalFileName: msvcp_win.dll
Hashes: SHA1=3C9938AFD7E9E2427750B0BBF21D3905502C2416,MD5=D327A488FF346D2A2ACC7D018F80A615,SHA256=F60BA64AF20B44D13275955ECA2949C471F2C812CD3908AF63B145DEAEB4E4F3,IMPHASH=7F555C87AEA488E97B6067A0419ED3B4
Signed: true
Signature: Microsoft Windows
SignatureStatus: Valid",,,,,,,,Info,0,msvcp_win.dll,,,,,,,,,{2d351099-5cc0-5f5f-3904-000000000400},5200,,Microsoft Windows Operating System,,{5770385F-C22A-43E0-BF4C-06F5698FFBD9},,,,424812,,,,,,,-,,INFO,2,,,Microsoft Windows,Valid,TRUE,,,,,,,eventlog,im_msvistalog,Microsoft-Windows-Sysmon,,,,,,,,,,,,,,,,,,,,,,,,7,,,,4688,,,,,S-1-5-18,2022-04-15 12:06:24,3,,,"{""EventID"":7,""RecordNumber"":424812,""ProviderGuid"":""{5770385F-C22A-43E0-BF4C-06F5698FFBD9}"",""SourceName"":""Microsoft-Windows-Sysmon"",""OpcodeValue"":0,""AccountName"":""SYSTEM"",""SignatureStatus"":""Valid"",""SourceModuleName"":""eventlog"",""ExecutionProcessID"":3524,""AccountType"":""User"",""Category"":""Image loaded (rule: ImageLoad)"",""Domain"":""NT AUTHORITY"",""port"":60427,""Company"":""Microsoft Corporation"",""ThreadID"":4688,""Severity"":""INFO"",""EventType"":""INFO"",""Signed"":""true"",""Channel"":""Microsoft-Windows-Sysmon/Operational"",""Opcode"":""Info"",""EventReceivedTime"":""2022-04-15 08:06:24"",""ImageLoaded"":""C:\\Windows\\System32\\msvcp_win.dll"",""Task"":7,""RuleName"":""-"",""Keywords"":-9223372036854775808,""Version"":3,""ProcessId"":""5200"",""Image"":""C:\\Windows\\System32\\backgroundTaskHost.exe"",""Product"":""Microsoft Windows Operating System"",""tags"":[""splunk""],""EventTime"":""2022-04-15 08:06:24"",""host"":""cybertees.net"",""SeverityValue"":2,""Message"":""Image loaded:\r\nRuleName: -\r\nUtcTime: 2022-04-15 12:06:24.409\r\nProcessGuid: {2d351099-5cc0-5f5f-3904-000000000400}\r\nProcessId: 5200\r\nImage: C:\\Windows\\System32\\backgroundTaskHost.exe\r\nImageLoaded: C:\\Windows\\System32\\msvcp_win.dll\r\nFileVersion: 10.0.18362.815 (WinBuild.160101.0800)\r\nDescription: Microsoft C Runtime Library\r\nProduct: Microsoft Windows Operating System\r\nCompany: Microsoft Corporation\r\nOriginalFileName: msvcp_win.dll\r\nHashes: SHA1=3C9938AFD7E9E2427750B0BBF21D3905502C2416,MD5=D327A488FF346D2A2ACC7D018F80A615,SHA256=F60BA64AF20B44D13275955ECA2949C471F2C812CD3908AF63B145DEAEB4E4F3,IMPHASH=7F555C87AEA488E97B6067A0419ED3B4\r\nSigned: true\r\nSignature: Microsoft Windows\r\nSignatureStatus: Valid"",""UtcTime"":""2022-04-15 12:06:24.409"",""UserID"":""S-1-5-18"",""FileVersion"":""10.0.18362.815 (WinBuild.160101.0800)"",""Description"":""Microsoft C Runtime Library"",""OriginalFileName"":""msvcp_win.dll"",""timestamp"":""2022-04-15T12:06:25.021Z"",""Hashes"":""SHA1=3C9938AFD7E9E2427750B0BBF21D3905502C2416,MD5=D327A488FF346D2A2ACC7D018F80A615,SHA256=F60BA64AF20B44D13275955ECA2949C471F2C812CD3908AF63B145DEAEB4E4F3,IMPHASH=7F555C87AEA488E97B6067A0419ED3B4"",""Signature"":""Microsoft Windows"",""@version"":""1"",""SourceModuleType"":""im_msvistalog"",""Hostname"":""James.browne"",""ProcessGuid"":""{2d351099-5cc0-5f5f-3904-000000000400}""}",2022-04-15T08:06:22.000+0000,8,15,6,april,22,friday,2022,local,,INFO,cybertees.net,cyber-host,windowslogs,1,60427,"{"""":,"""":,"""":""{----}"","""":""--"","""":,"""":"""","""":"""","""":""""",Event_logs.json,_json,ip-10-10-40-195,,splunk,,2022-04-15T12:06:25.021Z,
1,,,,SYSTEM,User,,,,,,Image loaded (rule: ImageLoad),Microsoft-Windows-Sysmon/Operational,,Microsoft Corporation,,,,SHCORE,,,,,,,,,,,,NT AUTHORITY,,,,,7,,2022-04-15 8:06:24,2022-04-15 8:06:24,,3524,10.0.18362.959 (WinBuild.160101.0800),,,,,"SHA1=75C9F506592699E30D8ECA63F88C79E956324111,MD5=6ACBCCE095FDB475FC2B3D178E5D9208,SHA256=3F49AB1B04EE3D843E961A1B62CB695EE3FE940EE287819BBBABCC1C3A38F507,IMPHASH=0E48D88DA5B1AEFE29036ECDE5B34E8D",James.browne,C:\Windows\System32\backgroundTaskHost.exe,C:\Windows\System32\SHCore.dll,,,,,,,,-9223372036854775808,,,,,,,,,"Image loaded:
RuleName: -
UtcTime: 2022-04-15 12:06:24.409
ProcessGuid: {2d351099-5cc0-5f5f-3904-000000000400}
ProcessId: 5200
Image: C:\Windows\System32\backgroundTaskHost.exe
ImageLoaded: C:\Windows\System32\SHCore.dll
FileVersion: 10.0.18362.959 (WinBuild.160101.0800)
Description: SHCORE
Product: Microsoft Windows Operating System
Company: Microsoft Corporation
OriginalFileName: SHCORE.dll
Hashes: SHA1=75C9F506592699E30D8ECA63F88C79E956324111,MD5=6ACBCCE095FDB475FC2B3D178E5D9208,SHA256=3F49AB1B04EE3D843E961A1B62CB695EE3FE940EE287819BBBABCC1C3A38F507,IMPHASH=0E48D88DA5B1AEFE29036ECDE5B34E8D
Signed: true
Signature: Microsoft Windows
SignatureStatus: Valid",,,,,,,,Info,0,SHCORE.dll,,,,,,,,,{2d351099-5cc0-5f5f-3904-000000000400},5200,,Microsoft Windows Operating System,,{5770385F-C22A-43E0-BF4C-06F5698FFBD9},,,,424811,,,,,,,-,,INFO,2,,,Microsoft Windows,Valid,TRUE,,,,,,,eventlog,im_msvistalog,Microsoft-Windows-Sysmon,,,,,,,,,,,,,,,,,,,,,,,,7,,,,4688,,,,,S-1-5-18,2022-04-15 12:06:24,3,,,"{""EventID"":7,""RecordNumber"":424811,""ProviderGuid"":""{5770385F-C22A-43E0-BF4C-06F5698FFBD9}"",""SourceName"":""Microsoft-Windows-Sysmon"",""OpcodeValue"":0,""AccountName"":""SYSTEM"",""SignatureStatus"":""Valid"",""SourceModuleName"":""eventlog"",""ExecutionProcessID"":3524,""AccountType"":""User"",""Category"":""Image loaded (rule: ImageLoad)"",""Domain"":""NT AUTHORITY"",""port"":60427,""Company"":""Microsoft Corporation"",""ThreadID"":4688,""Severity"":""INFO"",""EventType"":""INFO"",""Signed"":""true"",""Channel"":""Microsoft-Windows-Sysmon/Operational"",""Opcode"":""Info"",""EventReceivedTime"":""2022-04-15 08:06:24"",""ImageLoaded"":""C:\\Windows\\System32\\SHCore.dll"",""Task"":7,""RuleName"":""-"",""Keywords"":-9223372036854775808,""Version"":3,""ProcessId"":""5200"",""Image"":""C:\\Windows\\System32\\backgroundTaskHost.exe"",""Product"":""Microsoft Windows Operating System"",""tags"":[""splunk""],""EventTime"":""2022-04-15 08:06:24"",""host"":""cybertees.net"",""SeverityValue"":2,""Message"":""Image loaded:\r\nRuleName: -\r\nUtcTime: 2022-04-15 12:06:24.409\r\nProcessGuid: {2d351099-5cc0-5f5f-3904-000000000400}\r\nProcessId: 5200\r\nImage: C:\\Windows\\System32\\backgroundTaskHost.exe\r\nImageLoaded: C:\\Windows\\System32\\SHCore.dll\r\nFileVersion: 10.0.18362.959 (WinBuild.160101.0800)\r\nDescription: SHCORE\r\nProduct: Microsoft Windows Operating System\r\nCompany: Microsoft Corporation\r\nOriginalFileName: SHCORE.dll\r\nHashes: SHA1=75C9F506592699E30D8ECA63F88C79E956324111,MD5=6ACBCCE095FDB475FC2B3D178E5D9208,SHA256=3F49AB1B04EE3D843E961A1B62CB695EE3FE940EE287819BBBABCC1C3A38F507,IMPHASH=0E48D88DA5B1AEFE29036ECDE5B34E8D\r\nSigned: true\r\nSignature: Microsoft Windows\r\nSignatureStatus: Valid"",""UtcTime"":""2022-04-15 12:06:24.409"",""UserID"":""S-1-5-18"",""FileVersion"":""10.0.18362.959 (WinBuild.160101.0800)"",""Description"":""SHCORE"",""OriginalFileName"":""SHCORE.dll"",""timestamp"":""2022-04-15T12:06:25.020Z"",""Hashes"":""SHA1=75C9F506592699E30D8ECA63F88C79E956324111,MD5=6ACBCCE095FDB475FC2B3D178E5D9208,SHA256=3F49AB1B04EE3D843E961A1B62CB695EE3FE940EE287819BBBABCC1C3A38F507,IMPHASH=0E48D88DA5B1AEFE29036ECDE5B34E8D"",""Signature"":""Microsoft Windows"",""@version"":""1"",""SourceModuleType"":""im_msvistalog"",""Hostname"":""James.browne"",""ProcessGuid"":""{2d351099-5cc0-5f5f-3904-000000000400}""}",2022-04-15T08:06:22.000+0000,8,15,6,april,22,friday,2022,local,,INFO,cybertees.net,cyber-host,windowslogs,1,60427,"{"""":,"""":,"""":""{----}"","""":""--"","""":,"""":"""","""":"""","""":""""",Event_logs.json,_json,ip-10-10-40-195,,splunk,,2022-04-15T12:06:25.020Z,
1,,,,SYSTEM,User,,,,,,Image loaded (rule: ImageLoad),Microsoft-Windows-Sysmon/Operational,,Microsoft Corporation,,,,Host for SCM/SDDL/LSA Lookup APIs,,,,,,,,,,,,NT AUTHORITY,,,,,7,,2022-04-15 8:06:24,2022-04-15 8:06:24,,3524,10.0.18362.959 (WinBuild.160101.0800),,,,,"SHA1=A330EDE32DFA03AE6808EE7FB6916D8DEB8F5DDE,MD5=A094E2B38D3DD864B07580D243CB6E43,SHA256=C441E19D20961D4E990E117A300ED318BEDBF2F8BA0FF07BEE7832AC502CDDF2,IMPHASH=CE4BD072766253F6A267D0284CA82002",James.browne,C:\Windows\System32\backgroundTaskHost.exe,C:\Windows\System32\sechost.dll,,,,,,,,-9223372036854775808,,,,,,,,,"Image loaded:
RuleName: -
UtcTime: 2022-04-15 12:06:24.409
ProcessGuid: {2d351099-5cc0-5f5f-3904-000000000400}
ProcessId: 5200
Image: C:\Windows\System32\backgroundTaskHost.exe
ImageLoaded: C:\Windows\System32\sechost.dll
FileVersion: 10.0.18362.959 (WinBuild.160101.0800)
Description: Host for SCM/SDDL/LSA Lookup APIs
Product: Microsoft Windows Operating System
Company: Microsoft Corporation
OriginalFileName: sechost.dll
Hashes: SHA1=A330EDE32DFA03AE6808EE7FB6916D8DEB8F5DDE,MD5=A094E2B38D3DD864B07580D243CB6E43,SHA256=C441E19D20961D4E990E117A300ED318BEDBF2F8BA0FF07BEE7832AC502CDDF2,IMPHASH=CE4BD072766253F6A267D0284CA82002
Signed: true
Signature: Microsoft Windows
SignatureStatus: Valid",,,,,,,,Info,0,sechost.dll,,,,,,,,,{2d351099-5cc0-5f5f-3904-000000000400},5200,,Microsoft Windows Operating System,,{5770385F-C22A-43E0-BF4C-06F5698FFBD9},,,,424810,,,,,,,-,,INFO,2,,,Microsoft Windows,Valid,TRUE,,,,,,,eventlog,im_msvistalog,Microsoft-Windows-Sysmon,,,,,,,,,,,,,,,,,,,,,,,,7,,,,4688,,,,,S-1-5-18,2022-04-15 12:06:24,3,,,"{""EventID"":7,""RecordNumber"":424810,""ProviderGuid"":""{5770385F-C22A-43E0-BF4C-06F5698FFBD9}"",""SourceName"":""Microsoft-Windows-Sysmon"",""OpcodeValue"":0,""AccountName"":""SYSTEM"",""SignatureStatus"":""Valid"",""SourceModuleName"":""eventlog"",""ExecutionProcessID"":3524,""AccountType"":""User"",""Category"":""Image loaded (rule: ImageLoad)"",""Domain"":""NT AUTHORITY"",""port"":60427,""Company"":""Microsoft Corporation"",""ThreadID"":4688,""Severity"":""INFO"",""EventType"":""INFO"",""Signed"":""true"",""Channel"":""Microsoft-Windows-Sysmon/Operational"",""Opcode"":""Info"",""EventReceivedTime"":""2022-04-15 08:06:24"",""ImageLoaded"":""C:\\Windows\\System32\\sechost.dll"",""Task"":7,""RuleName"":""-"",""Keywords"":-9223372036854775808,""Version"":3,""ProcessId"":""5200"",""Image"":""C:\\Windows\\System32\\backgroundTaskHost.exe"",""Product"":""Microsoft Windows Operating System"",""tags"":[""splunk""],""EventTime"":""2022-04-15 08:06:24"",""host"":""cybertees.net"",""SeverityValue"":2,""Message"":""Image loaded:\r\nRuleName: -\r\nUtcTime: 2022-04-15 12:06:24.409\r\nProcessGuid: {2d351099-5cc0-5f5f-3904-000000000400}\r\nProcessId: 5200\r\nImage: C:\\Windows\\System32\\backgroundTaskHost.exe\r\nImageLoaded: C:\\Windows\\System32\\sechost.dll\r\nFileVersion: 10.0.18362.959 (WinBuild.160101.0800)\r\nDescription: Host for SCM/SDDL/LSA Lookup APIs\r\nProduct: Microsoft Windows Operating System\r\nCompany: Microsoft Corporation\r\nOriginalFileName: sechost.dll\r\nHashes: SHA1=A330EDE32DFA03AE6808EE7FB6916D8DEB8F5DDE,MD5=A094E2B38D3DD864B07580D243CB6E43,SHA256=C441E19D20961D4E990E117A300ED318BEDBF2F8BA0FF07BEE7832AC502CDDF2,IMPHASH=CE4BD072766253F6A267D0284CA82002\r\nSigned: true\r\nSignature: Microsoft Windows\r\nSignatureStatus: Valid"",""UtcTime"":""2022-04-15 12:06:24.409"",""UserID"":""S-1-5-18"",""FileVersion"":""10.0.18362.959 (WinBuild.160101.0800)"",""Description"":""Host for SCM/SDDL/LSA Lookup APIs"",""OriginalFileName"":""sechost.dll"",""timestamp"":""2022-04-15T12:06:25.020Z"",""Hashes"":""SHA1=A330EDE32DFA03AE6808EE7FB6916D8DEB8F5DDE,MD5=A094E2B38D3DD864B07580D243CB6E43,SHA256=C441E19D20961D4E990E117A300ED318BEDBF2F8BA0FF07BEE7832AC502CDDF2,IMPHASH=CE4BD072766253F6A267D0284CA82002"",""Signature"":""Microsoft Windows"",""@version"":""1"",""SourceModuleType"":""im_msvistalog"",""Hostname"":""James.browne"",""ProcessGuid"":""{2d351099-5cc0-5f5f-3904-000000000400}""}",2022-04-15T08:06:22.000+0000,8,15,6,april,22,friday,2022,local,,INFO,cybertees.net,cyber-host,windowslogs,1,60427,"{"""":,"""":,"""":""{----}"","""":""--"","""":,"""":"""","""":"""","""":""""",Event_logs.json,_json,ip-10-10-40-195,,splunk,,2022-04-15T12:06:25.020Z,
1,,,,SYSTEM,User,,,,,,Image loaded (rule: ImageLoad),Microsoft-Windows-Sysmon/Operational,,Microsoft Corporation,,,,twinapi.appcore,,,,,,,,,,,,NT AUTHORITY,,,,,7,,2022-04-15 8:06:24,2022-04-15 8:06:24,,3524,10.0.18362.959 (WinBuild.160101.0800),,,,,"SHA1=70A7FA6CF6DF75A64B793951EC9E7CE335C20070,MD5=31EC5A2D690BB6A4A11769F5C4C38139,SHA256=71F8A36433523816DCEFE282D631AA4F6D83798E8F2FF12D6FF8F30DA1557668,IMPHASH=E193054F4711688FB9B9C2527B1DEF7B",James.browne,C:\Windows\System32\backgroundTaskHost.exe,C:\Windows\System32\twinapi.appcore.dll,,,,,,,,-9223372036854775808,,,,,,,,,"Image loaded:
RuleName: -
UtcTime: 2022-04-15 12:06:24.409
ProcessGuid: {2d351099-5cc0-5f5f-3904-000000000400}
ProcessId: 5200
Image: C:\Windows\System32\backgroundTaskHost.exe
ImageLoaded: C:\Windows\System32\twinapi.appcore.dll
FileVersion: 10.0.18362.959 (WinBuild.160101.0800)
Description: twinapi.appcore
Product: Microsoft Windows Operating System
Company: Microsoft Corporation
OriginalFileName: twinapi.appcore.dll
Hashes: SHA1=70A7FA6CF6DF75A64B793951EC9E7CE335C20070,MD5=31EC5A2D690BB6A4A11769F5C4C38139,SHA256=71F8A36433523816DCEFE282D631AA4F6D83798E8F2FF12D6FF8F30DA1557668,IMPHASH=E193054F4711688FB9B9C2527B1DEF7B
Signed: true
Signature: Microsoft Windows
SignatureStatus: Valid",,,,,,,,Info,0,twinapi.appcore.dll,,,,,,,,,{2d351099-5cc0-5f5f-3904-000000000400},5200,,Microsoft Windows Operating System,,{5770385F-C22A-43E0-BF4C-06F5698FFBD9},,,,424809,,,,,,,-,,INFO,2,,,Microsoft Windows,Valid,TRUE,,,,,,,eventlog,im_msvistalog,Microsoft-Windows-Sysmon,,,,,,,,,,,,,,,,,,,,,,,,7,,,,4688,,,,,S-1-5-18,2022-04-15 12:06:24,3,,,"{""EventID"":7,""RecordNumber"":424809,""ProviderGuid"":""{5770385F-C22A-43E0-BF4C-06F5698FFBD9}"",""SourceName"":""Microsoft-Windows-Sysmon"",""OpcodeValue"":0,""AccountName"":""SYSTEM"",""SignatureStatus"":""Valid"",""SourceModuleName"":""eventlog"",""ExecutionProcessID"":3524,""AccountType"":""User"",""Category"":""Image loaded (rule: ImageLoad)"",""Domain"":""NT AUTHORITY"",""port"":60427,""Company"":""Microsoft Corporation"",""ThreadID"":4688,""Severity"":""INFO"",""EventType"":""INFO"",""Signed"":""true"",""Channel"":""Microsoft-Windows-Sysmon/Operational"",""Opcode"":""Info"",""EventReceivedTime"":""2022-04-15 08:06:24"",""ImageLoaded"":""C:\\Windows\\System32\\twinapi.appcore.dll"",""Task"":7,""RuleName"":""-"",""Keywords"":-9223372036854775808,""Version"":3,""ProcessId"":""5200"",""Image"":""C:\\Windows\\System32\\backgroundTaskHost.exe"",""Product"":""Microsoft Windows Operating System"",""tags"":[""splunk""],""EventTime"":""2022-04-15 08:06:24"",""host"":""cybertees.net"",""SeverityValue"":2,""Message"":""Image loaded:\r\nRuleName: -\r\nUtcTime: 2022-04-15 12:06:24.409\r\nProcessGuid: {2d351099-5cc0-5f5f-3904-000000000400}\r\nProcessId: 5200\r\nImage: C:\\Windows\\System32\\backgroundTaskHost.exe\r\nImageLoaded: C:\\Windows\\System32\\twinapi.appcore.dll\r\nFileVersion: 10.0.18362.959 (WinBuild.160101.0800)\r\nDescription: twinapi.appcore\r\nProduct: Microsoft Windows Operating System\r\nCompany: Microsoft Corporation\r\nOriginalFileName: twinapi.appcore.dll\r\nHashes: SHA1=70A7FA6CF6DF75A64B793951EC9E7CE335C20070,MD5=31EC5A2D690BB6A4A11769F5C4C38139,SHA256=71F8A36433523816DCEFE282D631AA4F6D83798E8F2FF12D6FF8F30DA1557668,IMPHASH=E193054F4711688FB9B9C2527B1DEF7B\r\nSigned: true\r\nSignature: Microsoft Windows\r\nSignatureStatus: Valid"",""UtcTime"":""2022-04-15 12:06:24.409"",""UserID"":""S-1-5-18"",""FileVersion"":""10.0.18362.959 (WinBuild.160101.0800)"",""Description"":""twinapi.appcore"",""OriginalFileName"":""twinapi.appcore.dll"",""timestamp"":""2022-04-15T12:06:25.020Z"",""Hashes"":""SHA1=70A7FA6CF6DF75A64B793951EC9E7CE335C20070,MD5=31EC5A2D690BB6A4A11769F5C4C38139,SHA256=71F8A36433523816DCEFE282D631AA4F6D83798E8F2FF12D6FF8F30DA1557668,IMPHASH=E193054F4711688FB9B9C2527B1DEF7B"",""Signature"":""Microsoft Windows"",""@version"":""1"",""SourceModuleType"":""im_msvistalog"",""Hostname"":""James.browne"",""ProcessGuid"":""{2d351099-5cc0-5f5f-3904-000000000400}""}",2022-04-15T08:06:22.000+0000,8,15,6,april,22,friday,2022,local,,INFO,cybertees.net,cyber-host,windowslogs,1,60427,"{"""":,"""":,"""":""{----}"","""":""--"","""":,"""":"""","""":"""","""":""""",Event_logs.json,_json,ip-10-10-40-195,,splunk,,2022-04-15T12:06:25.020Z,
1,,,,SYSTEM,User,,,,,,Image loaded (rule: ImageLoad),Microsoft-Windows-Sysmon/Operational,,Microsoft Corporation,,,,AppModel API Host,,,,,,,,,,,,NT AUTHORITY,,,,,7,,2022-04-15 8:06:24,2022-04-15 8:06:24,,3524,10.0.18362.1 (WinBuild.160101.0800),,,,,"SHA1=4985EC8C3309DB6CCCCFD4D18423A84E37BEC172,MD5=EDF981437C0FD1B9DBF9EA42CE97CE60,SHA256=42164F81BC8FC2D0A6B71DAA492BE6A6D4785821AA4FDCA27B9273721EDB23D9,IMPHASH=8899216954AA228EAA7E8EEDC31DBC03",James.browne,C:\Windows\System32\backgroundTaskHost.exe,C:\Windows\System32\kernel.appcore.dll,,,,,,,,-9223372036854775808,,,,,,,,,"Image loaded:
RuleName: -
UtcTime: 2022-04-15 12:06:24.409
ProcessGuid: {2d351099-5cc0-5f5f-3904-000000000400}
ProcessId: 5200
Image: C:\Windows\System32\backgroundTaskHost.exe
ImageLoaded: C:\Windows\System32\kernel.appcore.dll
FileVersion: 10.0.18362.1 (WinBuild.160101.0800)
Description: AppModel API Host
Product: Microsoft Windows Operating System
Company: Microsoft Corporation
OriginalFileName: kernel.appcore.dll
Hashes: SHA1=4985EC8C3309DB6CCCCFD4D18423A84E37BEC172,MD5=EDF981437C0FD1B9DBF9EA42CE97CE60,SHA256=42164F81BC8FC2D0A6B71DAA492BE6A6D4785821AA4FDCA27B9273721EDB23D9,IMPHASH=8899216954AA228EAA7E8EEDC31DBC03
Signed: true
Signature: Microsoft Windows
SignatureStatus: Valid",,,,,,,,Info,0,kernel.appcore.dll,,,,,,,,,{2d351099-5cc0-5f5f-3904-000000000400},5200,,Microsoft Windows Operating System,,{5770385F-C22A-43E0-BF4C-06F5698FFBD9},,,,424808,,,,,,,-,,INFO,2,,,Microsoft Windows,Valid,TRUE,,,,,,,eventlog,im_msvistalog,Microsoft-Windows-Sysmon,,,,,,,,,,,,,,,,,,,,,,,,7,,,,4688,,,,,S-1-5-18,2022-04-15 12:06:24,3,,,"{""EventID"":7,""RecordNumber"":424808,""ProviderGuid"":""{5770385F-C22A-43E0-BF4C-06F5698FFBD9}"",""SourceName"":""Microsoft-Windows-Sysmon"",""OpcodeValue"":0,""AccountName"":""SYSTEM"",""SignatureStatus"":""Valid"",""SourceModuleName"":""eventlog"",""ExecutionProcessID"":3524,""AccountType"":""User"",""Category"":""Image loaded (rule: ImageLoad)"",""Domain"":""NT AUTHORITY"",""port"":60427,""Company"":""Microsoft Corporation"",""ThreadID"":4688,""Severity"":""INFO"",""EventType"":""INFO"",""Signed"":""true"",""Channel"":""Microsoft-Windows-Sysmon/Operational"",""Opcode"":""Info"",""EventReceivedTime"":""2022-04-15 08:06:24"",""ImageLoaded"":""C:\\Windows\\System32\\kernel.appcore.dll"",""Task"":7,""RuleName"":""-"",""Keywords"":-9223372036854775808,""Version"":3,""ProcessId"":""5200"",""Image"":""C:\\Windows\\System32\\backgroundTaskHost.exe"",""Product"":""Microsoft Windows Operating System"",""tags"":[""splunk""],""EventTime"":""2022-04-15 08:06:24"",""host"":""cybertees.net"",""SeverityValue"":2,""Message"":""Image loaded:\r\nRuleName: -\r\nUtcTime: 2022-04-15 12:06:24.409\r\nProcessGuid: {2d351099-5cc0-5f5f-3904-000000000400}\r\nProcessId: 5200\r\nImage: C:\\Windows\\System32\\backgroundTaskHost.exe\r\nImageLoaded: C:\\Windows\\System32\\kernel.appcore.dll\r\nFileVersion: 10.0.18362.1 (WinBuild.160101.0800)\r\nDescription: AppModel API Host\r\nProduct: Microsoft Windows Operating System\r\nCompany: Microsoft Corporation\r\nOriginalFileName: kernel.appcore.dll\r\nHashes: SHA1=4985EC8C3309DB6CCCCFD4D18423A84E37BEC172,MD5=EDF981437C0FD1B9DBF9EA42CE97CE60,SHA256=42164F81BC8FC2D0A6B71DAA492BE6A6D4785821AA4FDCA27B9273721EDB23D9,IMPHASH=8899216954AA228EAA7E8EEDC31DBC03\r\nSigned: true\r\nSignature: Microsoft Windows\r\nSignatureStatus: Valid"",""UtcTime"":""2022-04-15 12:06:24.409"",""UserID"":""S-1-5-18"",""FileVersion"":""10.0.18362.1 (WinBuild.160101.0800)"",""Description"":""AppModel API Host"",""OriginalFileName"":""kernel.appcore.dll"",""timestamp"":""2022-04-15T12:06:25.019Z"",""Hashes"":""SHA1=4985EC8C3309DB6CCCCFD4D18423A84E37BEC172,MD5=EDF981437C0FD1B9DBF9EA42CE97CE60,SHA256=42164F81BC8FC2D0A6B71DAA492BE6A6D4785821AA4FDCA27B9273721EDB23D9,IMPHASH=8899216954AA228EAA7E8EEDC31DBC03"",""Signature"":""Microsoft Windows"",""@version"":""1"",""SourceModuleType"":""im_msvistalog"",""Hostname"":""James.browne"",""ProcessGuid"":""{2d351099-5cc0-5f5f-3904-000000000400}""}",2022-04-15T08:06:22.000+0000,8,15,6,april,22,friday,2022,local,,INFO,cybertees.net,cyber-host,windowslogs,1,60427,"{"""":,"""":,"""":""{----}"","""":""--"","""":,"""":"""","""":"""","""":""""",Event_logs.json,_json,ip-10-10-40-195,,splunk,,2022-04-15T12:06:25.019Z,
1,,,,SYSTEM,User,,,,,,Image loaded (rule: ImageLoad),Microsoft-Windows-Sysmon/Operational,,Microsoft Corporation,,,,Windows Cryptographic Primitives Library,,,,,,,,,,,,NT AUTHORITY,,,,,7,,2022-04-15 8:06:24,2022-04-15 8:06:24,,3524,10.0.18362.836 (WinBuild.160101.0800),,,,,"SHA1=B4222C8DC3274CFC3FE54F322D827B2F01FFF036,MD5=EF2BBEAFF07D32A2EC77FB4602FA9664,SHA256=6B47F3E88CDEDF8F31F91940E38A4544818C79D153323262F9F46B21F41D262C,IMPHASH=402DA460E2AC467F4489C588A9941032",James.browne,C:\Windows\System32\backgroundTaskHost.exe,C:\Windows\System32\bcryptprimitives.dll,,,,,,,,-9223372036854775808,,,,,,,,,"Image loaded:
RuleName: -
UtcTime: 2022-04-15 12:06:24.409
ProcessGuid: {2d351099-5cc0-5f5f-3904-000000000400}
ProcessId: 5200
Image: C:\Windows\System32\backgroundTaskHost.exe
ImageLoaded: C:\Windows\System32\bcryptprimitives.dll
FileVersion: 10.0.18362.836 (WinBuild.160101.0800)
Description: Windows Cryptographic Primitives Library
Product: Microsoft Windows Operating System
Company: Microsoft Corporation
OriginalFileName: bcryptprimitives.dll
Hashes: SHA1=B4222C8DC3274CFC3FE54F322D827B2F01FFF036,MD5=EF2BBEAFF07D32A2EC77FB4602FA9664,SHA256=6B47F3E88CDEDF8F31F91940E38A4544818C79D153323262F9F46B21F41D262C,IMPHASH=402DA460E2AC467F4489C588A9941032
Signed: true
Signature: Microsoft Windows
SignatureStatus: Valid",,,,,,,,Info,0,bcryptprimitives.dll,,,,,,,,,{2d351099-5cc0-5f5f-3904-000000000400},5200,,Microsoft Windows Operating System,,{5770385F-C22A-43E0-BF4C-06F5698FFBD9},,,,424807,,,,,,,-,,INFO,2,,,Microsoft Windows,Valid,TRUE,,,,,,,eventlog,im_msvistalog,Microsoft-Windows-Sysmon,,,,,,,,,,,,,,,,,,,,,,,,7,,,,4688,,,,,S-1-5-18,2022-04-15 12:06:24,3,,,"{""EventID"":7,""RecordNumber"":424807,""ProviderGuid"":""{5770385F-C22A-43E0-BF4C-06F5698FFBD9}"",""SourceName"":""Microsoft-Windows-Sysmon"",""OpcodeValue"":0,""AccountName"":""SYSTEM"",""SignatureStatus"":""Valid"",""SourceModuleName"":""eventlog"",""ExecutionProcessID"":3524,""AccountType"":""User"",""Category"":""Image loaded (rule: ImageLoad)"",""Domain"":""NT AUTHORITY"",""port"":60427,""Company"":""Microsoft Corporation"",""ThreadID"":4688,""Severity"":""INFO"",""EventType"":""INFO"",""Signed"":""true"",""Channel"":""Microsoft-Windows-Sysmon/Operational"",""Opcode"":""Info"",""EventReceivedTime"":""2022-04-15 08:06:24"",""ImageLoaded"":""C:\\Windows\\System32\\bcryptprimitives.dll"",""Task"":7,""RuleName"":""-"",""Keywords"":-9223372036854775808,""Version"":3,""ProcessId"":""5200"",""Image"":""C:\\Windows\\System32\\backgroundTaskHost.exe"",""Product"":""Microsoft Windows Operating System"",""tags"":[""splunk""],""EventTime"":""2022-04-15 08:06:24"",""host"":""cybertees.net"",""SeverityValue"":2,""Message"":""Image loaded:\r\nRuleName: -\r\nUtcTime: 2022-04-15 12:06:24.409\r\nProcessGuid: {2d351099-5cc0-5f5f-3904-000000000400}\r\nProcessId: 5200\r\nImage: C:\\Windows\\System32\\backgroundTaskHost.exe\r\nImageLoaded: C:\\Windows\\System32\\bcryptprimitives.dll\r\nFileVersion: 10.0.18362.836 (WinBuild.160101.0800)\r\nDescription: Windows Cryptographic Primitives Library\r\nProduct: Microsoft Windows Operating System\r\nCompany: Microsoft Corporation\r\nOriginalFileName: bcryptprimitives.dll\r\nHashes: SHA1=B4222C8DC3274CFC3FE54F322D827B2F01FFF036,MD5=EF2BBEAFF07D32A2EC77FB4602FA9664,SHA256=6B47F3E88CDEDF8F31F91940E38A4544818C79D153323262F9F46B21F41D262C,IMPHASH=402DA460E2AC467F4489C588A9941032\r\nSigned: true\r\nSignature: Microsoft Windows\r\nSignatureStatus: Valid"",""UtcTime"":""2022-04-15 12:06:24.409"",""UserID"":""S-1-5-18"",""FileVersion"":""10.0.18362.836 (WinBuild.160101.0800)"",""Description"":""Windows Cryptographic Primitives Library"",""OriginalFileName"":""bcryptprimitives.dll"",""timestamp"":""2022-04-15T12:06:25.018Z"",""Hashes"":""SHA1=B4222C8DC3274CFC3FE54F322D827B2F01FFF036,MD5=EF2BBEAFF07D32A2EC77FB4602FA9664,SHA256=6B47F3E88CDEDF8F31F91940E38A4544818C79D153323262F9F46B21F41D262C,IMPHASH=402DA460E2AC467F4489C588A9941032"",""Signature"":""Microsoft Windows"",""@version"":""1"",""SourceModuleType"":""im_msvistalog"",""Hostname"":""James.browne"",""ProcessGuid"":""{2d351099-5cc0-5f5f-3904-000000000400}""}",2022-04-15T08:06:22.000+0000,8,15,6,april,22,friday,2022,local,,INFO,cybertees.net,cyber-host,windowslogs,1,60427,"{"""":,"""":,"""":""{----}"","""":""--"","""":,"""":"""","""":"""","""":""""",Event_logs.json,_json,ip-10-10-40-195,,splunk,,2022-04-15T12:06:25.018Z,
1,,,,SYSTEM,User,,,,,,Image loaded (rule: ImageLoad),Microsoft-Windows-Sysmon/Operational,,Microsoft Corporation,,,,Remote Procedure Call Runtime,,,,,,,,,,,,NT AUTHORITY,,,,,7,,2022-04-15 8:06:24,2022-04-15 8:06:24,,3524,10.0.18362.1082 (WinBuild.160101.0800),,,,,"SHA1=863C24BD6E91FDCDEDE1124EFC93FDD1564F0C23,MD5=61C41B28689BB516F1CFC880507C839B,SHA256=DAF391DB91AC04B50A0C896963F5120A52C8B1B4999BF37BE80AB025AB116700,IMPHASH=88E7E7C7FA90052EC162DD37F2B7C7BD",James.browne,C:\Windows\System32\backgroundTaskHost.exe,C:\Windows\System32\rpcrt4.dll,,,,,,,,-9223372036854775808,,,,,,,,,"Image loaded:
RuleName: -
UtcTime: 2022-04-15 12:06:24.409
ProcessGuid: {2d351099-5cc0-5f5f-3904-000000000400}
ProcessId: 5200
Image: C:\Windows\System32\backgroundTaskHost.exe
ImageLoaded: C:\Windows\System32\rpcrt4.dll
FileVersion: 10.0.18362.1082 (WinBuild.160101.0800)
Description: Remote Procedure Call Runtime
Product: Microsoft Windows Operating System
Company: Microsoft Corporation
OriginalFileName: rpcrt4.dll
Hashes: SHA1=863C24BD6E91FDCDEDE1124EFC93FDD1564F0C23,MD5=61C41B28689BB516F1CFC880507C839B,SHA256=DAF391DB91AC04B50A0C896963F5120A52C8B1B4999BF37BE80AB025AB116700,IMPHASH=88E7E7C7FA90052EC162DD37F2B7C7BD
Signed: true
Signature: Microsoft Windows
SignatureStatus: Valid",,,,,,,,Info,0,rpcrt4.dll,,,,,,,,,{2d351099-5cc0-5f5f-3904-000000000400},5200,,Microsoft Windows Operating System,,{5770385F-C22A-43E0-BF4C-06F5698FFBD9},,,,424806,,,,,,,-,,INFO,2,,,Microsoft Windows,Valid,TRUE,,,,,,,eventlog,im_msvistalog,Microsoft-Windows-Sysmon,,,,,,,,,,,,,,,,,,,,,,,,7,,,,4688,,,,,S-1-5-18,2022-04-15 12:06:24,3,,,"{""EventID"":7,""RecordNumber"":424806,""ProviderGuid"":""{5770385F-C22A-43E0-BF4C-06F5698FFBD9}"",""SourceName"":""Microsoft-Windows-Sysmon"",""OpcodeValue"":0,""AccountName"":""SYSTEM"",""SignatureStatus"":""Valid"",""SourceModuleName"":""eventlog"",""ExecutionProcessID"":3524,""AccountType"":""User"",""Category"":""Image loaded (rule: ImageLoad)"",""Domain"":""NT AUTHORITY"",""port"":60427,""Company"":""Microsoft Corporation"",""ThreadID"":4688,""Severity"":""INFO"",""EventType"":""INFO"",""Signed"":""true"",""Channel"":""Microsoft-Windows-Sysmon/Operational"",""Opcode"":""Info"",""EventReceivedTime"":""2022-04-15 08:06:24"",""ImageLoaded"":""C:\\Windows\\System32\\rpcrt4.dll"",""Task"":7,""RuleName"":""-"",""Keywords"":-9223372036854775808,""Version"":3,""ProcessId"":""5200"",""Image"":""C:\\Windows\\System32\\backgroundTaskHost.exe"",""Product"":""Microsoft Windows Operating System"",""tags"":[""splunk""],""EventTime"":""2022-04-15 08:06:24"",""host"":""cybertees.net"",""SeverityValue"":2,""Message"":""Image loaded:\r\nRuleName: -\r\nUtcTime: 2022-04-15 12:06:24.409\r\nProcessGuid: {2d351099-5cc0-5f5f-3904-000000000400}\r\nProcessId: 5200\r\nImage: C:\\Windows\\System32\\backgroundTaskHost.exe\r\nImageLoaded: C:\\Windows\\System32\\rpcrt4.dll\r\nFileVersion: 10.0.18362.1082 (WinBuild.160101.0800)\r\nDescription: Remote Procedure Call Runtime\r\nProduct: Microsoft Windows Operating System\r\nCompany: Microsoft Corporation\r\nOriginalFileName: rpcrt4.dll\r\nHashes: SHA1=863C24BD6E91FDCDEDE1124EFC93FDD1564F0C23,MD5=61C41B28689BB516F1CFC880507C839B,SHA256=DAF391DB91AC04B50A0C896963F5120A52C8B1B4999BF37BE80AB025AB116700,IMPHASH=88E7E7C7FA90052EC162DD37F2B7C7BD\r\nSigned: true\r\nSignature: Microsoft Windows\r\nSignatureStatus: Valid"",""UtcTime"":""2022-04-15 12:06:24.409"",""UserID"":""S-1-5-18"",""FileVersion"":""10.0.18362.1082 (WinBuild.160101.0800)"",""Description"":""Remote Procedure Call Runtime"",""OriginalFileName"":""rpcrt4.dll"",""timestamp"":""2022-04-15T12:06:25.018Z"",""Hashes"":""SHA1=863C24BD6E91FDCDEDE1124EFC93FDD1564F0C23,MD5=61C41B28689BB516F1CFC880507C839B,SHA256=DAF391DB91AC04B50A0C896963F5120A52C8B1B4999BF37BE80AB025AB116700,IMPHASH=88E7E7C7FA90052EC162DD37F2B7C7BD"",""Signature"":""Microsoft Windows"",""@version"":""1"",""SourceModuleType"":""im_msvistalog"",""Hostname"":""James.browne"",""ProcessGuid"":""{2d351099-5cc0-5f5f-3904-000000000400}""}",2022-04-15T08:06:22.000+0000,8,15,6,april,22,friday,2022,local,,INFO,cybertees.net,cyber-host,windowslogs,1,60427,"{"""":,"""":,"""":""{----}"","""":""--"","""":,"""":"""","""":"""","""":""""",Event_logs.json,_json,ip-10-10-40-195,,splunk,,2022-04-15T12:06:25.018Z,
1,,,,SYSTEM,User,,,,,,Image loaded (rule: ImageLoad),Microsoft-Windows-Sysmon/Operational,,Microsoft Corporation,,,,Microsoft C Runtime Library,,,,,,,,,,,,NT AUTHORITY,,,,,7,,2022-04-15 8:06:24,2022-04-15 8:06:24,,3524,10.0.18362.815 (WinBuild.160101.0800),,,,,"SHA1=53F8B431D10FDB2C001D58120280A417B01073BE,MD5=F0DA14E390F0CCB58EAAD34D9B309E4B,SHA256=7EE229626B22799FAA28CD7C22D4FF2AD0603C17E5F5EE9086FA7CF6483331FB,IMPHASH=5AE9A136FAFA10321F3D48251BF4F6A1",James.browne,C:\Windows\System32\backgroundTaskHost.exe,C:\Windows\System32\ucrtbase.dll,,,,,,,,-9223372036854775808,,,,,,,,,"Image loaded:
RuleName: -
UtcTime: 2022-04-15 12:06:24.409
ProcessGuid: {2d351099-5cc0-5f5f-3904-000000000400}
ProcessId: 5200
Image: C:\Windows\System32\backgroundTaskHost.exe
ImageLoaded: C:\Windows\System32\ucrtbase.dll
FileVersion: 10.0.18362.815 (WinBuild.160101.0800)
Description: Microsoft C Runtime Library
Product: Microsoft Windows Operating System
Company: Microsoft Corporation
OriginalFileName: ucrtbase.dll
Hashes: SHA1=53F8B431D10FDB2C001D58120280A417B01073BE,MD5=F0DA14E390F0CCB58EAAD34D9B309E4B,SHA256=7EE229626B22799FAA28CD7C22D4FF2AD0603C17E5F5EE9086FA7CF6483331FB,IMPHASH=5AE9A136FAFA10321F3D48251BF4F6A1
Signed: true
Signature: Microsoft Windows
SignatureStatus: Valid",,,,,,,,Info,0,ucrtbase.dll,,,,,,,,,{2d351099-5cc0-5f5f-3904-000000000400},5200,,Microsoft Windows Operating System,,{5770385F-C22A-43E0-BF4C-06F5698FFBD9},,,,424805,,,,,,,-,,INFO,2,,,Microsoft Windows,Valid,TRUE,,,,,,,eventlog,im_msvistalog,Microsoft-Windows-Sysmon,,,,,,,,,,,,,,,,,,,,,,,,7,,,,4688,,,,,S-1-5-18,2022-04-15 12:06:24,3,,,"{""EventID"":7,""RecordNumber"":424805,""ProviderGuid"":""{5770385F-C22A-43E0-BF4C-06F5698FFBD9}"",""SourceName"":""Microsoft-Windows-Sysmon"",""OpcodeValue"":0,""AccountName"":""SYSTEM"",""SignatureStatus"":""Valid"",""SourceModuleName"":""eventlog"",""ExecutionProcessID"":3524,""AccountType"":""User"",""Category"":""Image loaded (rule: ImageLoad)"",""Domain"":""NT AUTHORITY"",""port"":60427,""Company"":""Microsoft Corporation"",""ThreadID"":4688,""Severity"":""INFO"",""EventType"":""INFO"",""Signed"":""true"",""Channel"":""Microsoft-Windows-Sysmon/Operational"",""Opcode"":""Info"",""EventReceivedTime"":""2022-04-15 08:06:24"",""ImageLoaded"":""C:\\Windows\\System32\\ucrtbase.dll"",""Task"":7,""RuleName"":""-"",""Keywords"":-9223372036854775808,""Version"":3,""ProcessId"":""5200"",""Image"":""C:\\Windows\\System32\\backgroundTaskHost.exe"",""Product"":""Microsoft Windows Operating System"",""tags"":[""splunk""],""EventTime"":""2022-04-15 08:06:24"",""host"":""cybertees.net"",""SeverityValue"":2,""Message"":""Image loaded:\r\nRuleName: -\r\nUtcTime: 2022-04-15 12:06:24.409\r\nProcessGuid: {2d351099-5cc0-5f5f-3904-000000000400}\r\nProcessId: 5200\r\nImage: C:\\Windows\\System32\\backgroundTaskHost.exe\r\nImageLoaded: C:\\Windows\\System32\\ucrtbase.dll\r\nFileVersion: 10.0.18362.815 (WinBuild.160101.0800)\r\nDescription: Microsoft C Runtime Library\r\nProduct: Microsoft Windows Operating System\r\nCompany: Microsoft Corporation\r\nOriginalFileName: ucrtbase.dll\r\nHashes: SHA1=53F8B431D10FDB2C001D58120280A417B01073BE,MD5=F0DA14E390F0CCB58EAAD34D9B309E4B,SHA256=7EE229626B22799FAA28CD7C22D4FF2AD0603C17E5F5EE9086FA7CF6483331FB,IMPHASH=5AE9A136FAFA10321F3D48251BF4F6A1\r\nSigned: true\r\nSignature: Microsoft Windows\r\nSignatureStatus: Valid"",""UtcTime"":""2022-04-15 12:06:24.409"",""UserID"":""S-1-5-18"",""FileVersion"":""10.0.18362.815 (WinBuild.160101.0800)"",""Description"":""Microsoft C Runtime Library"",""OriginalFileName"":""ucrtbase.dll"",""timestamp"":""2022-04-15T12:06:25.018Z"",""Hashes"":""SHA1=53F8B431D10FDB2C001D58120280A417B01073BE,MD5=F0DA14E390F0CCB58EAAD34D9B309E4B,SHA256=7EE229626B22799FAA28CD7C22D4FF2AD0603C17E5F5EE9086FA7CF6483331FB,IMPHASH=5AE9A136FAFA10321F3D48251BF4F6A1"",""Signature"":""Microsoft Windows"",""@version"":""1"",""SourceModuleType"":""im_msvistalog"",""Hostname"":""James.browne"",""ProcessGuid"":""{2d351099-5cc0-5f5f-3904-000000000400}""}",2022-04-15T08:06:22.000+0000,8,15,6,april,22,friday,2022,local,,INFO,cybertees.net,cyber-host,windowslogs,1,60427,"{"""":,"""":,"""":""{----}"","""":""--"","""":,"""":"""","""":"""","""":""""",Event_logs.json,_json,ip-10-10-40-195,,splunk,,2022-04-15T12:06:25.018Z,
1,,,,SYSTEM,User,,,,,,Image loaded (rule: ImageLoad),Microsoft-Windows-Sysmon/Operational,,Microsoft Corporation,,,,Microsoft COM for Windows,,,,,,,,,,,,NT AUTHORITY,,,,,7,,2022-04-15 8:06:24,2022-04-15 8:06:24,,3524,10.0.18362.1082 (WinBuild.160101.0800),,,,,"SHA1=03829F72B93B3DA8A5778A295948F2F967A8AD9A,MD5=655C13F8AA80901935F1086709E27812,SHA256=28D91C9176D50DBC4939BB21BB00DDB17B1C589EEB9E058533E6AA125E86FA4F,IMPHASH=D1A511866766E387FD0DAF3ACBB54B12",James.browne,C:\Windows\System32\backgroundTaskHost.exe,C:\Windows\System32\combase.dll,,,,,,,,-9223372036854775808,,,,,,,,,"Image loaded:
RuleName: -
UtcTime: 2022-04-15 12:06:24.409
ProcessGuid: {2d351099-5cc0-5f5f-3904-000000000400}
ProcessId: 5200
Image: C:\Windows\System32\backgroundTaskHost.exe
ImageLoaded: C:\Windows\System32\combase.dll
FileVersion: 10.0.18362.1082 (WinBuild.160101.0800)
Description: Microsoft COM for Windows
Product: Microsoft Windows Operating System
Company: Microsoft Corporation
OriginalFileName: COMBASE.DLL
Hashes: SHA1=03829F72B93B3DA8A5778A295948F2F967A8AD9A,MD5=655C13F8AA80901935F1086709E27812,SHA256=28D91C9176D50DBC4939BB21BB00DDB17B1C589EEB9E058533E6AA125E86FA4F,IMPHASH=D1A511866766E387FD0DAF3ACBB54B12
Signed: true
Signature: Microsoft Windows
SignatureStatus: Valid",,,,,,,,Info,0,COMBASE.DLL,,,,,,,,,{2d351099-5cc0-5f5f-3904-000000000400},5200,,Microsoft Windows Operating System,,{5770385F-C22A-43E0-BF4C-06F5698FFBD9},,,,424804,,,,,,,-,,INFO,2,,,Microsoft Windows,Valid,TRUE,,,,,,,eventlog,im_msvistalog,Microsoft-Windows-Sysmon,,,,,,,,,,,,,,,,,,,,,,,,7,,,,4688,,,,,S-1-5-18,2022-04-15 12:06:24,3,,,"{""EventID"":7,""RecordNumber"":424804,""ProviderGuid"":""{5770385F-C22A-43E0-BF4C-06F5698FFBD9}"",""SourceName"":""Microsoft-Windows-Sysmon"",""OpcodeValue"":0,""AccountName"":""SYSTEM"",""SignatureStatus"":""Valid"",""SourceModuleName"":""eventlog"",""ExecutionProcessID"":3524,""AccountType"":""User"",""Category"":""Image loaded (rule: ImageLoad)"",""Domain"":""NT AUTHORITY"",""port"":60427,""Company"":""Microsoft Corporation"",""ThreadID"":4688,""Severity"":""INFO"",""EventType"":""INFO"",""Signed"":""true"",""Channel"":""Microsoft-Windows-Sysmon/Operational"",""Opcode"":""Info"",""EventReceivedTime"":""2022-04-15 08:06:24"",""ImageLoaded"":""C:\\Windows\\System32\\combase.dll"",""Task"":7,""RuleName"":""-"",""Keywords"":-9223372036854775808,""Version"":3,""ProcessId"":""5200"",""Image"":""C:\\Windows\\System32\\backgroundTaskHost.exe"",""Product"":""Microsoft Windows Operating System"",""tags"":[""splunk""],""EventTime"":""2022-04-15 08:06:24"",""host"":""cybertees.net"",""SeverityValue"":2,""Message"":""Image loaded:\r\nRuleName: -\r\nUtcTime: 2022-04-15 12:06:24.409\r\nProcessGuid: {2d351099-5cc0-5f5f-3904-000000000400}\r\nProcessId: 5200\r\nImage: C:\\Windows\\System32\\backgroundTaskHost.exe\r\nImageLoaded: C:\\Windows\\System32\\combase.dll\r\nFileVersion: 10.0.18362.1082 (WinBuild.160101.0800)\r\nDescription: Microsoft COM for Windows\r\nProduct: Microsoft Windows Operating System\r\nCompany: Microsoft Corporation\r\nOriginalFileName: COMBASE.DLL\r\nHashes: SHA1=03829F72B93B3DA8A5778A295948F2F967A8AD9A,MD5=655C13F8AA80901935F1086709E27812,SHA256=28D91C9176D50DBC4939BB21BB00DDB17B1C589EEB9E058533E6AA125E86FA4F,IMPHASH=D1A511866766E387FD0DAF3ACBB54B12\r\nSigned: true\r\nSignature: Microsoft Windows\r\nSignatureStatus: Valid"",""UtcTime"":""2022-04-15 12:06:24.409"",""UserID"":""S-1-5-18"",""FileVersion"":""10.0.18362.1082 (WinBuild.160101.0800)"",""Description"":""Microsoft COM for Windows"",""OriginalFileName"":""COMBASE.DLL"",""timestamp"":""2022-04-15T12:06:25.016Z"",""Hashes"":""SHA1=03829F72B93B3DA8A5778A295948F2F967A8AD9A,MD5=655C13F8AA80901935F1086709E27812,SHA256=28D91C9176D50DBC4939BB21BB00DDB17B1C589EEB9E058533E6AA125E86FA4F,IMPHASH=D1A511866766E387FD0DAF3ACBB54B12"",""Signature"":""Microsoft Windows"",""@version"":""1"",""SourceModuleType"":""im_msvistalog"",""Hostname"":""James.browne"",""ProcessGuid"":""{2d351099-5cc0-5f5f-3904-000000000400}""}",2022-04-15T08:06:22.000+0000,8,15,6,april,22,friday,2022,local,,INFO,cybertees.net,cyber-host,windowslogs,1,60427,"{"""":,"""":,"""":""{----}"","""":""--"","""":,"""":"""","""":"""","""":""""",Event_logs.json,_json,ip-10-10-40-195,,splunk,,2022-04-15T12:06:25.016Z,
1,,,,SYSTEM,User,,,,,,Image loaded (rule: ImageLoad),Microsoft-Windows-Sysmon/Operational,,Microsoft Corporation,,,,Windows NT CRT DLL,,,,,,,,,,,,NT AUTHORITY,,,,,7,,2022-04-15 8:06:24,2022-04-15 8:06:24,,3524,7.0.18362.1 (WinBuild.160101.0800),,,,,"SHA1=0EA4B3CFB14E49CEC0D42FF0F1FA989E69647A8F,MD5=36354D9B5B0A58A4B9A19103852C00A2,SHA256=E5A863D3F4BFEFED7D73A7B1499F81B7235BC9AE3C108065041BCB8E5446B1BB,IMPHASH=1273683626EBBA703979F188A1E64237",James.browne,C:\Windows\System32\backgroundTaskHost.exe,C:\Windows\System32\msvcrt.dll,,,,,,,,-9223372036854775808,,,,,,,,,"Image loaded:
RuleName: -
UtcTime: 2022-04-15 12:06:24.409
ProcessGuid: {2d351099-5cc0-5f5f-3904-000000000400}
ProcessId: 5200
Image: C:\Windows\System32\backgroundTaskHost.exe
ImageLoaded: C:\Windows\System32\msvcrt.dll
FileVersion: 7.0.18362.1 (WinBuild.160101.0800)
Description: Windows NT CRT DLL
Product: Microsoft Windows Operating System
Company: Microsoft Corporation
OriginalFileName: msvcrt.dll
Hashes: SHA1=0EA4B3CFB14E49CEC0D42FF0F1FA989E69647A8F,MD5=36354D9B5B0A58A4B9A19103852C00A2,SHA256=E5A863D3F4BFEFED7D73A7B1499F81B7235BC9AE3C108065041BCB8E5446B1BB,IMPHASH=1273683626EBBA703979F188A1E64237
Signed: true
Signature: Microsoft Windows
SignatureStatus: Valid",,,,,,,,Info,0,msvcrt.dll,,,,,,,,,{2d351099-5cc0-5f5f-3904-000000000400},5200,,Microsoft Windows Operating System,,{5770385F-C22A-43E0-BF4C-06F5698FFBD9},,,,424803,,,,,,,-,,INFO,2,,,Microsoft Windows,Valid,TRUE,,,,,,,eventlog,im_msvistalog,Microsoft-Windows-Sysmon,,,,,,,,,,,,,,,,,,,,,,,,7,,,,4688,,,,,S-1-5-18,2022-04-15 12:06:24,3,,,"{""EventID"":7,""RecordNumber"":424803,""ProviderGuid"":""{5770385F-C22A-43E0-BF4C-06F5698FFBD9}"",""SourceName"":""Microsoft-Windows-Sysmon"",""OpcodeValue"":0,""AccountName"":""SYSTEM"",""SignatureStatus"":""Valid"",""SourceModuleName"":""eventlog"",""ExecutionProcessID"":3524,""AccountType"":""User"",""Category"":""Image loaded (rule: ImageLoad)"",""Domain"":""NT AUTHORITY"",""port"":60427,""Company"":""Microsoft Corporation"",""ThreadID"":4688,""Severity"":""INFO"",""EventType"":""INFO"",""Signed"":""true"",""Channel"":""Microsoft-Windows-Sysmon/Operational"",""Opcode"":""Info"",""EventReceivedTime"":""2022-04-15 08:06:24"",""ImageLoaded"":""C:\\Windows\\System32\\msvcrt.dll"",""Task"":7,""RuleName"":""-"",""Keywords"":-9223372036854775808,""Version"":3,""ProcessId"":""5200"",""Image"":""C:\\Windows\\System32\\backgroundTaskHost.exe"",""Product"":""Microsoft Windows Operating System"",""tags"":[""splunk""],""EventTime"":""2022-04-15 08:06:24"",""host"":""cybertees.net"",""SeverityValue"":2,""Message"":""Image loaded:\r\nRuleName: -\r\nUtcTime: 2022-04-15 12:06:24.409\r\nProcessGuid: {2d351099-5cc0-5f5f-3904-000000000400}\r\nProcessId: 5200\r\nImage: C:\\Windows\\System32\\backgroundTaskHost.exe\r\nImageLoaded: C:\\Windows\\System32\\msvcrt.dll\r\nFileVersion: 7.0.18362.1 (WinBuild.160101.0800)\r\nDescription: Windows NT CRT DLL\r\nProduct: Microsoft Windows Operating System\r\nCompany: Microsoft Corporation\r\nOriginalFileName: msvcrt.dll\r\nHashes: SHA1=0EA4B3CFB14E49CEC0D42FF0F1FA989E69647A8F,MD5=36354D9B5B0A58A4B9A19103852C00A2,SHA256=E5A863D3F4BFEFED7D73A7B1499F81B7235BC9AE3C108065041BCB8E5446B1BB,IMPHASH=1273683626EBBA703979F188A1E64237\r\nSigned: true\r\nSignature: Microsoft Windows\r\nSignatureStatus: Valid"",""UtcTime"":""2022-04-15 12:06:24.409"",""UserID"":""S-1-5-18"",""FileVersion"":""7.0.18362.1 (WinBuild.160101.0800)"",""Description"":""Windows NT CRT DLL"",""OriginalFileName"":""msvcrt.dll"",""timestamp"":""2022-04-15T12:06:25.015Z"",""Hashes"":""SHA1=0EA4B3CFB14E49CEC0D42FF0F1FA989E69647A8F,MD5=36354D9B5B0A58A4B9A19103852C00A2,SHA256=E5A863D3F4BFEFED7D73A7B1499F81B7235BC9AE3C108065041BCB8E5446B1BB,IMPHASH=1273683626EBBA703979F188A1E64237"",""Signature"":""Microsoft Windows"",""@version"":""1"",""SourceModuleType"":""im_msvistalog"",""Hostname"":""James.browne"",""ProcessGuid"":""{2d351099-5cc0-5f5f-3904-000000000400}""}",2022-04-15T08:06:22.000+0000,8,15,6,april,22,friday,2022,local,,INFO,cybertees.net,cyber-host,windowslogs,1,60427,"{"""":,"""":,"""":""{----}"","""":""--"","""":,"""":"""","""":"""","""":""""",Event_logs.json,_json,ip-10-10-40-195,,splunk,,2022-04-15T12:06:25.015Z,
