1,,,,SYSTEM,User,,,,,,Registry object added or deleted (rule: RegistryEvent),Microsoft-Windows-Sysmon/Operational,,,,,,,,,,,,,,,,,,NT AUTHORITY,,,,,12,,2022-04-15 8:06:27,2022-04-15 8:06:25,INFO,3524,,,,,,,James.browne,C:\windows\system32\backgroundTaskHost.exe,,,,,,,,,-9223372036854775808,,,,,,,,,"Registry object added or deleted:
RuleName: -
EventType: CreateKey
UtcTime: 2022-04-15 12:06:25.706
ProcessGuid: {2d351099-5cc0-5f5f-3904-000000000400}
ProcessId: 5200
Image: C:\windows\system32\backgroundTaskHost.exe
TargetObject: \REGISTRY\A\{24ba27e4-e200-c615-e39b-bc4b3589a3be}\LocalState\Service Configuration\3EC6F4C9-3F98-4D4B-B9F8-287F21AB537C\Placements\SubscribedContent-88000045",,,,,,,,Info,0,,,,,,,,,,{2d351099-5cc0-5f5f-3904-000000000400},5200,,,,{5770385F-C22A-43E0-BF4C-06F5698FFBD9},,,,425663,,,,,,,-,,INFO,2,,,,,,,,,,,,eventlog,im_msvistalog,Microsoft-Windows-Sysmon,,,,,,,,,,,,,,,,,\REGISTRY\A\{24ba27e4-e200-c615-e39b-bc4b3589a3be}\LocalState\Service Configuration\3EC6F4C9-3F98-4D4B-B9F8-287F21AB537C\Placements\SubscribedContent-88000045,,,,,,,12,,,,4688,,,,,S-1-5-18,2022-04-15 12:06:26,2,,,"{""Image"":""C:\\windows\\system32\\backgroundTaskHost.exe"",""ProcessId"":""5200"",""EventID"":12,""tags"":[""splunk""],""RecordNumber"":425663,""ProviderGuid"":""{5770385F-C22A-43E0-BF4C-06F5698FFBD9}"",""SourceName"":""Microsoft-Windows-Sysmon"",""OpcodeValue"":0,""EventTime"":""2022-04-15 08:06:25"",""AccountName"":""SYSTEM"",""host"":""cybertees.net"",""SeverityValue"":2,""ExecutionProcessID"":3524,""AccountType"":""User"",""Category"":""Registry object added or deleted (rule: RegistryEvent)"",""SourceModuleName"":""eventlog"",""Domain"":""NT AUTHORITY"",""Message"":""Registry object added or deleted:\r\nRuleName: -\r\nEventType: CreateKey\r\nUtcTime: 2022-04-15 12:06:25.706\r\nProcessGuid: {2d351099-5cc0-5f5f-3904-000000000400}\r\nProcessId: 5200\r\nImage: C:\\windows\\system32\\backgroundTaskHost.exe\r\nTargetObject: \\REGISTRY\\A\\{24ba27e4-e200-c615-e39b-bc4b3589a3be}\\LocalState\\Service Configuration\\3EC6F4C9-3F98-4D4B-B9F8-287F21AB537C\\Placements\\SubscribedContent-88000045"",""port"":60427,""UserID"":""S-1-5-18"",""UtcTime"":""2022-04-15 12:06:25.706"",""timestamp"":""2022-04-15T12:06:27.576Z"",""ThreadID"":4688,""Severity"":""INFO"",""EventTypeOrignal"":""INFO"",""EventType"":""CreateKey"",""Channel"":""Microsoft-Windows-Sysmon/Operational"",""TargetObject"":""\\REGISTRY\\A\\{24ba27e4-e200-c615-e39b-bc4b3589a3be}\\LocalState\\Service Configuration\\3EC6F4C9-3F98-4D4B-B9F8-287F21AB537C\\Placements\\SubscribedContent-88000045"",""Opcode"":""Info"",""EventReceivedTime"":""2022-04-15 08:06:27"",""@version"":""1"",""Task"":12,""SourceModuleType"":""im_msvistalog"",""RuleName"":""-"",""Hostname"":""James.browne"",""Keywords"":-9223372036854775808,""Version"":2,""ProcessGuid"":""{2d351099-5cc0-5f5f-3904-000000000400}""}",2022-04-15T08:06:22.000+0000,8,15,6,april,22,friday,2022,local,,CreateKey,cybertees.net,cyber-host,windowslogs,1,60427,"{"""":"":\\\\\\."","""":"""","""":,"""":[""""],"""":,"""":""{----}"",""",Event_logs.json,_json,ip-10-10-40-195,,splunk,,2022-04-15T12:06:27.576Z,
1,,,,SYSTEM,User,,,,,,Registry object added or deleted (rule: RegistryEvent),Microsoft-Windows-Sysmon/Operational,,,,,,,,,,,,,,,,,,NT AUTHORITY,,,,,12,,2022-04-15 8:06:27,2022-04-15 8:06:25,INFO,3524,,,,,,,James.browne,C:\windows\system32\backgroundTaskHost.exe,,,,,,,,,-9223372036854775808,,,,,,,,,"Registry object added or deleted:
RuleName: -
EventType: CreateKey
UtcTime: 2022-04-15 12:06:25.706
ProcessGuid: {2d351099-5cc0-5f5f-3904-000000000400}
ProcessId: 5200
Image: C:\windows\system32\backgroundTaskHost.exe
TargetObject: \REGISTRY\A\{24ba27e4-e200-c615-e39b-bc4b3589a3be}\LocalState",,,,,,,,Info,0,,,,,,,,,,{2d351099-5cc0-5f5f-3904-000000000400},5200,,,,{5770385F-C22A-43E0-BF4C-06F5698FFBD9},,,,425662,,,,,,,-,,INFO,2,,,,,,,,,,,,eventlog,im_msvistalog,Microsoft-Windows-Sysmon,,,,,,,,,,,,,,,,,\REGISTRY\A\{24ba27e4-e200-c615-e39b-bc4b3589a3be}\LocalState,,,,,,,12,,,,4688,,,,,S-1-5-18,2022-04-15 12:06:26,2,,,"{""Image"":""C:\\windows\\system32\\backgroundTaskHost.exe"",""ProcessId"":""5200"",""EventID"":12,""tags"":[""splunk""],""RecordNumber"":425662,""ProviderGuid"":""{5770385F-C22A-43E0-BF4C-06F5698FFBD9}"",""SourceName"":""Microsoft-Windows-Sysmon"",""OpcodeValue"":0,""EventTime"":""2022-04-15 08:06:25"",""AccountName"":""SYSTEM"",""host"":""cybertees.net"",""SeverityValue"":2,""ExecutionProcessID"":3524,""AccountType"":""User"",""Category"":""Registry object added or deleted (rule: RegistryEvent)"",""SourceModuleName"":""eventlog"",""Domain"":""NT AUTHORITY"",""Message"":""Registry object added or deleted:\r\nRuleName: -\r\nEventType: CreateKey\r\nUtcTime: 2022-04-15 12:06:25.706\r\nProcessGuid: {2d351099-5cc0-5f5f-3904-000000000400}\r\nProcessId: 5200\r\nImage: C:\\windows\\system32\\backgroundTaskHost.exe\r\nTargetObject: \\REGISTRY\\A\\{24ba27e4-e200-c615-e39b-bc4b3589a3be}\\LocalState"",""port"":60427,""UserID"":""S-1-5-18"",""UtcTime"":""2022-04-15 12:06:25.706"",""timestamp"":""2022-04-15T12:06:27.576Z"",""ThreadID"":4688,""Severity"":""INFO"",""EventTypeOrignal"":""INFO"",""EventType"":""CreateKey"",""Channel"":""Microsoft-Windows-Sysmon/Operational"",""TargetObject"":""\\REGISTRY\\A\\{24ba27e4-e200-c615-e39b-bc4b3589a3be}\\LocalState"",""Opcode"":""Info"",""EventReceivedTime"":""2022-04-15 08:06:27"",""@version"":""1"",""Task"":12,""SourceModuleType"":""im_msvistalog"",""RuleName"":""-"",""Hostname"":""James.browne"",""Keywords"":-9223372036854775808,""Version"":2,""ProcessGuid"":""{2d351099-5cc0-5f5f-3904-000000000400}""}",2022-04-15T08:06:22.000+0000,8,15,6,april,22,friday,2022,local,,CreateKey,cybertees.net,cyber-host,windowslogs,1,60427,"{"""":"":\\\\\\."","""":"""","""":,"""":[""""],"""":,"""":""{----}"",""",Event_logs.json,_json,ip-10-10-40-195,,splunk,,2022-04-15T12:06:27.576Z,
1,,,,SYSTEM,User,,,,,C:\windows\SYSTEM32\ntdll.dll+9d104|C:\windows\System32\RPCRT4.dll+2d2f4|C:\windows\System32\combase.dll+b84ab|C:\Windows\System32\RuntimeBroker.exe+3a5b|C:\Windows\System32\RuntimeBroker.exe+38be|C:\windows\System32\RPCRT4.dll+76a53|C:\windows\System32\RPCRT4.dll+da036|C:\windows\System32\RPCRT4.dll+38359|C:\windows\System32\combase.dll+a5cd3|C:\windows\System32\combase.dll+8d0a3|C:\windows\System32\combase.dll+8ce93|C:\windows\System32\combase.dll+a9516|C:\windows\System32\combase.dll+8a4ba|C:\windows\System32\combase.dll+a47ad|C:\windows\System32\combase.dll+4019c|C:\windows\System32\combase.dll+40a01|C:\windows\System32\combase.dll+421a8|C:\windows\System32\RPCRT4.dll+54998|C:\windows\System32\RPCRT4.dll+2c951|C:\windows\System32\RPCRT4.dll+2c4a0|C:\windows\System32\RPCRT4.dll+1a6bf|C:\windows\System32\RPCRT4.dll+19d1a|C:\windows\System32\RPCRT4.dll+19301|C:\windows\System32\RPCRT4.dll+18d6e,Process accessed (rule: ProcessAccess),Microsoft-Windows-Sysmon/Operational,,,,,,,,,,,,,,,,,,NT AUTHORITY,,,,,10,,2022-04-15 8:06:27,2022-04-15 8:06:25,,3524,,,0x1000,,,,James.browne,,,,,,,,,,-9223372036854775808,,,,,,,,,"Process accessed:
RuleName: -
UtcTime: 2022-04-15 12:06:25.706
SourceProcessGUID: {2d351099-5cc0-5f5f-3b04-000000000400}
SourceProcessId: 9496
SourceThreadId: 9468
SourceImage: C:\Windows\System32\RuntimeBroker.exe
TargetProcessGUID: {2d351099-5cc0-5f5f-3904-000000000400}
TargetProcessId: 5200
TargetImage: C:\windows\system32\backgroundTaskHost.exe
GrantedAccess: 0x1000
CallTrace: C:\windows\SYSTEM32\ntdll.dll+9d104|C:\windows\System32\RPCRT4.dll+2d2f4|C:\windows\System32\combase.dll+b84ab|C:\Windows\System32\RuntimeBroker.exe+3a5b|C:\Windows\System32\RuntimeBroker.exe+38be|C:\windows\System32\RPCRT4.dll+76a53|C:\windows\System32\RPCRT4.dll+da036|C:\windows\System32\RPCRT4.dll+38359|C:\windows\System32\combase.dll+a5cd3|C:\windows\System32\combase.dll+8d0a3|C:\windows\System32\combase.dll+8ce93|C:\windows\System32\combase.dll+a9516|C:\windows\System32\combase.dll+8a4ba|C:\windows\System32\combase.dll+a47ad|C:\windows\System32\combase.dll+4019c|C:\windows\System32\combase.dll+40a01|C:\windows\System32\combase.dll+421a8|C:\windows\System32\RPCRT4.dll+54998|C:\windows\System32\RPCRT4.dll+2c951|C:\windows\System32\RPCRT4.dll+2c4a0|C:\windows\System32\RPCRT4.dll+1a6bf|C:\windows\System32\RPCRT4.dll+19d1a|C:\windows\System32\RPCRT4.dll+19301|C:\windows\System32\RPCRT4.dll+18d6e",,,,,,,,Info,0,,,,,,,,,,,9496,,,,{5770385F-C22A-43E0-BF4C-06F5698FFBD9},,,,425661,,,,,,,-,,INFO,2,,,,,,,,,C:\Windows\System32\RuntimeBroker.exe,,,eventlog,im_msvistalog,Microsoft-Windows-Sysmon,,,{2d351099-5cc0-5f5f-3b04-000000000400},9496,9468,,,,,,,,,C:\windows\system32\backgroundTaskHost.exe,,,,,,{2d351099-5cc0-5f5f-3904-000000000400},5200,,,10,,,,4688,,,,,S-1-5-18,2022-04-15 12:06:26,3,,,"{""EventID"":10,""RecordNumber"":425661,""ProviderGuid"":""{5770385F-C22A-43E0-BF4C-06F5698FFBD9}"",""SourceName"":""Microsoft-Windows-Sysmon"",""OpcodeValue"":0,""AccountName"":""SYSTEM"",""SourceImage"":""C:\\Windows\\System32\\RuntimeBroker.exe"",""SourceModuleName"":""eventlog"",""ExecutionProcessID"":3524,""AccountType"":""User"",""Category"":""Process accessed (rule: ProcessAccess)"",""SourceProcessId"":""9496"",""Domain"":""NT AUTHORITY"",""port"":60427,""ThreadID"":4688,""Severity"":""INFO"",""EventType"":""INFO"",""Channel"":""Microsoft-Windows-Sysmon/Operational"",""Opcode"":""Info"",""EventReceivedTime"":""2022-04-15 08:06:27"",""Task"":10,""RuleName"":""-"",""Keywords"":-9223372036854775808,""Version"":3,""ProcessId"":""9496"",""tags"":[""splunk""],""GrantedAccess"":""0x1000"",""SourceProcessGUID"":""{2d351099-5cc0-5f5f-3b04-000000000400}"",""EventTime"":""2022-04-15 08:06:25"",""host"":""cybertees.net"",""SeverityValue"":2,""CallTrace"":""C:\\windows\\SYSTEM32\\ntdll.dll+9d104|C:\\windows\\System32\\RPCRT4.dll+2d2f4|C:\\windows\\System32\\combase.dll+b84ab|C:\\Windows\\System32\\RuntimeBroker.exe+3a5b|C:\\Windows\\System32\\RuntimeBroker.exe+38be|C:\\windows\\System32\\RPCRT4.dll+76a53|C:\\windows\\System32\\RPCRT4.dll+da036|C:\\windows\\System32\\RPCRT4.dll+38359|C:\\windows\\System32\\combase.dll+a5cd3|C:\\windows\\System32\\combase.dll+8d0a3|C:\\windows\\System32\\combase.dll+8ce93|C:\\windows\\System32\\combase.dll+a9516|C:\\windows\\System32\\combase.dll+8a4ba|C:\\windows\\System32\\combase.dll+a47ad|C:\\windows\\System32\\combase.dll+4019c|C:\\windows\\System32\\combase.dll+40a01|C:\\windows\\System32\\combase.dll+421a8|C:\\windows\\System32\\RPCRT4.dll+54998|C:\\windows\\System32\\RPCRT4.dll+2c951|C:\\windows\\System32\\RPCRT4.dll+2c4a0|C:\\windows\\System32\\RPCRT4.dll+1a6bf|C:\\windows\\System32\\RPCRT4.dll+19d1a|C:\\windows\\System32\\RPCRT4.dll+19301|C:\\windows\\System32\\RPCRT4.dll+18d6e"",""Message"":""Process accessed:\r\nRuleName: -\r\nUtcTime: 2022-04-15 12:06:25.706\r\nSourceProcessGUID: {2d351099-5cc0-5f5f-3b04-000000000400}\r\nSourceProcessId: 9496\r\nSourceThreadId: 9468\r\nSourceImage: C:\\Windows\\System32\\RuntimeBroker.exe\r\nTargetProcessGUID: {2d351099-5cc0-5f5f-3904-000000000400}\r\nTargetProcessId: 5200\r\nTargetImage: C:\\windows\\system32\\backgroundTaskHost.exe\r\nGrantedAccess: 0x1000\r\nCallTrace: C:\\windows\\SYSTEM32\\ntdll.dll+9d104|C:\\windows\\System32\\RPCRT4.dll+2d2f4|C:\\windows\\System32\\combase.dll+b84ab|C:\\Windows\\System32\\RuntimeBroker.exe+3a5b|C:\\Windows\\System32\\RuntimeBroker.exe+38be|C:\\windows\\System32\\RPCRT4.dll+76a53|C:\\windows\\System32\\RPCRT4.dll+da036|C:\\windows\\System32\\RPCRT4.dll+38359|C:\\windows\\System32\\combase.dll+a5cd3|C:\\windows\\System32\\combase.dll+8d0a3|C:\\windows\\System32\\combase.dll+8ce93|C:\\windows\\System32\\combase.dll+a9516|C:\\windows\\System32\\combase.dll+8a4ba|C:\\windows\\System32\\combase.dll+a47ad|C:\\windows\\System32\\combase.dll+4019c|C:\\windows\\System32\\combase.dll+40a01|C:\\windows\\System32\\combase.dll+421a8|C:\\windows\\System32\\RPCRT4.dll+54998|C:\\windows\\System32\\RPCRT4.dll+2c951|C:\\windows\\System32\\RPCRT4.dll+2c4a0|C:\\windows\\System32\\RPCRT4.dll+1a6bf|C:\\windows\\System32\\RPCRT4.dll+19d1a|C:\\windows\\System32\\RPCRT4.dll+19301|C:\\windows\\System32\\RPCRT4.dll+18d6e"",""UtcTime"":""2022-04-15 12:06:25.706"",""UserID"":""S-1-5-18"",""timestamp"":""2022-04-15T12:06:27.575Z"",""TargetProcessId"":""5200"",""SourceThreadId"":""9468"",""@version"":""1"",""TargetProcessGUID"":""{2d351099-5cc0-5f5f-3904-000000000400}"",""SourceModuleType"":""im_msvistalog"",""TargetImage"":""C:\\windows\\system32\\backgroundTaskHost.exe"",""Hostname"":""James.browne""}",2022-04-15T08:06:22.000+0000,8,15,6,april,22,friday,2022,local,,INFO,cybertees.net,cyber-host,windowslogs,1,60427,"{"""":,"""":,"""":""{----}"","""":""--"","""":,"""":"""","""":"":\\\\\\",Event_logs.json,_json,ip-10-10-40-195,,splunk,,2022-04-15T12:06:27.575Z,
1,,,,SYSTEM,User,,,,,,Registry object added or deleted (rule: RegistryEvent),Microsoft-Windows-Sysmon/Operational,,,,,,,,,,,,,,,,,,NT AUTHORITY,,,,,12,,2022-04-15 8:06:27,2022-04-15 8:06:25,INFO,3524,,,,,,,James.browne,C:\windows\system32\backgroundTaskHost.exe,,,,,,,,,-9223372036854775808,,,,,,,,,"Registry object added or deleted:
RuleName: -
EventType: CreateKey
UtcTime: 2022-04-15 12:06:25.706
ProcessGuid: {2d351099-5cc0-5f5f-3904-000000000400}
ProcessId: 5200
Image: C:\windows\system32\backgroundTaskHost.exe
TargetObject: \REGISTRY\A\{24ba27e4-e200-c615-e39b-bc4b3589a3be}\LocalState",,,,,,,,Info,0,,,,,,,,,,{2d351099-5cc0-5f5f-3904-000000000400},5200,,,,{5770385F-C22A-43E0-BF4C-06F5698FFBD9},,,,425660,,,,,,,-,,INFO,2,,,,,,,,,,,,eventlog,im_msvistalog,Microsoft-Windows-Sysmon,,,,,,,,,,,,,,,,,\REGISTRY\A\{24ba27e4-e200-c615-e39b-bc4b3589a3be}\LocalState,,,,,,,12,,,,4688,,,,,S-1-5-18,2022-04-15 12:06:26,2,,,"{""Image"":""C:\\windows\\system32\\backgroundTaskHost.exe"",""ProcessId"":""5200"",""EventID"":12,""tags"":[""splunk""],""RecordNumber"":425660,""ProviderGuid"":""{5770385F-C22A-43E0-BF4C-06F5698FFBD9}"",""SourceName"":""Microsoft-Windows-Sysmon"",""OpcodeValue"":0,""EventTime"":""2022-04-15 08:06:25"",""AccountName"":""SYSTEM"",""host"":""cybertees.net"",""SeverityValue"":2,""ExecutionProcessID"":3524,""AccountType"":""User"",""Category"":""Registry object added or deleted (rule: RegistryEvent)"",""SourceModuleName"":""eventlog"",""Domain"":""NT AUTHORITY"",""Message"":""Registry object added or deleted:\r\nRuleName: -\r\nEventType: CreateKey\r\nUtcTime: 2022-04-15 12:06:25.706\r\nProcessGuid: {2d351099-5cc0-5f5f-3904-000000000400}\r\nProcessId: 5200\r\nImage: C:\\windows\\system32\\backgroundTaskHost.exe\r\nTargetObject: \\REGISTRY\\A\\{24ba27e4-e200-c615-e39b-bc4b3589a3be}\\LocalState"",""port"":60427,""UserID"":""S-1-5-18"",""UtcTime"":""2022-04-15 12:06:25.706"",""timestamp"":""2022-04-15T12:06:27.575Z"",""ThreadID"":4688,""Severity"":""INFO"",""EventTypeOrignal"":""INFO"",""EventType"":""CreateKey"",""Channel"":""Microsoft-Windows-Sysmon/Operational"",""TargetObject"":""\\REGISTRY\\A\\{24ba27e4-e200-c615-e39b-bc4b3589a3be}\\LocalState"",""Opcode"":""Info"",""EventReceivedTime"":""2022-04-15 08:06:27"",""@version"":""1"",""Task"":12,""SourceModuleType"":""im_msvistalog"",""RuleName"":""-"",""Hostname"":""James.browne"",""Keywords"":-9223372036854775808,""Version"":2,""ProcessGuid"":""{2d351099-5cc0-5f5f-3904-000000000400}""}",2022-04-15T08:06:22.000+0000,8,15,6,april,22,friday,2022,local,,CreateKey,cybertees.net,cyber-host,windowslogs,1,60427,"{"""":"":\\\\\\."","""":"""","""":,"""":[""""],"""":,"""":""{----}"",""",Event_logs.json,_json,ip-10-10-40-195,,splunk,,2022-04-15T12:06:27.575Z,
1,,,,SYSTEM,User,,,,,,Registry object added or deleted (rule: RegistryEvent),Microsoft-Windows-Sysmon/Operational,,,,,,,,,,,,,,,,,,NT AUTHORITY,,,,,12,,2022-04-15 8:06:27,2022-04-15 8:06:25,INFO,3524,,,,,,,James.browne,C:\windows\system32\backgroundTaskHost.exe,,,,,,,,,-9223372036854775808,,,,,,,,,"Registry object added or deleted:
RuleName: -
EventType: CreateKey
UtcTime: 2022-04-15 12:06:25.706
ProcessGuid: {2d351099-5cc0-5f5f-3904-000000000400}
ProcessId: 5200
Image: C:\windows\system32\backgroundTaskHost.exe
TargetObject: \REGISTRY\A\{24ba27e4-e200-c615-e39b-bc4b3589a3be}\LocalState",,,,,,,,Info,0,,,,,,,,,,{2d351099-5cc0-5f5f-3904-000000000400},5200,,,,{5770385F-C22A-43E0-BF4C-06F5698FFBD9},,,,425659,,,,,,,-,,INFO,2,,,,,,,,,,,,eventlog,im_msvistalog,Microsoft-Windows-Sysmon,,,,,,,,,,,,,,,,,\REGISTRY\A\{24ba27e4-e200-c615-e39b-bc4b3589a3be}\LocalState,,,,,,,12,,,,4688,,,,,S-1-5-18,2022-04-15 12:06:26,2,,,"{""Image"":""C:\\windows\\system32\\backgroundTaskHost.exe"",""ProcessId"":""5200"",""EventID"":12,""tags"":[""splunk""],""RecordNumber"":425659,""ProviderGuid"":""{5770385F-C22A-43E0-BF4C-06F5698FFBD9}"",""SourceName"":""Microsoft-Windows-Sysmon"",""OpcodeValue"":0,""EventTime"":""2022-04-15 08:06:25"",""AccountName"":""SYSTEM"",""host"":""cybertees.net"",""SeverityValue"":2,""ExecutionProcessID"":3524,""AccountType"":""User"",""Category"":""Registry object added or deleted (rule: RegistryEvent)"",""SourceModuleName"":""eventlog"",""Domain"":""NT AUTHORITY"",""Message"":""Registry object added or deleted:\r\nRuleName: -\r\nEventType: CreateKey\r\nUtcTime: 2022-04-15 12:06:25.706\r\nProcessGuid: {2d351099-5cc0-5f5f-3904-000000000400}\r\nProcessId: 5200\r\nImage: C:\\windows\\system32\\backgroundTaskHost.exe\r\nTargetObject: \\REGISTRY\\A\\{24ba27e4-e200-c615-e39b-bc4b3589a3be}\\LocalState"",""port"":60427,""UserID"":""S-1-5-18"",""UtcTime"":""2022-04-15 12:06:25.706"",""timestamp"":""2022-04-15T12:06:27.574Z"",""ThreadID"":4688,""Severity"":""INFO"",""EventTypeOrignal"":""INFO"",""EventType"":""CreateKey"",""Channel"":""Microsoft-Windows-Sysmon/Operational"",""TargetObject"":""\\REGISTRY\\A\\{24ba27e4-e200-c615-e39b-bc4b3589a3be}\\LocalState"",""Opcode"":""Info"",""EventReceivedTime"":""2022-04-15 08:06:27"",""@version"":""1"",""Task"":12,""SourceModuleType"":""im_msvistalog"",""RuleName"":""-"",""Hostname"":""James.browne"",""Keywords"":-9223372036854775808,""Version"":2,""ProcessGuid"":""{2d351099-5cc0-5f5f-3904-000000000400}""}",2022-04-15T08:06:22.000+0000,8,15,6,april,22,friday,2022,local,,CreateKey,cybertees.net,cyber-host,windowslogs,1,60427,"{"""":"":\\\\\\."","""":"""","""":,"""":[""""],"""":,"""":""{----}"",""",Event_logs.json,_json,ip-10-10-40-195,,splunk,,2022-04-15T12:06:27.574Z,
1,,,,SYSTEM,User,,,,,,Registry object added or deleted (rule: RegistryEvent),Microsoft-Windows-Sysmon/Operational,,,,,,,,,,,,,,,,,,NT AUTHORITY,,,,,12,,2022-04-15 8:06:27,2022-04-15 8:06:25,INFO,3524,,,,,,,James.browne,C:\windows\system32\backgroundTaskHost.exe,,,,,,,,,-9223372036854775808,,,,,,,,,"Registry object added or deleted:
RuleName: -
EventType: CreateKey
UtcTime: 2022-04-15 12:06:25.706
ProcessGuid: {2d351099-5cc0-5f5f-3904-000000000400}
ProcessId: 5200
Image: C:\windows\system32\backgroundTaskHost.exe
TargetObject: \REGISTRY\A\{24ba27e4-e200-c615-e39b-bc4b3589a3be}\LocalState",,,,,,,,Info,0,,,,,,,,,,{2d351099-5cc0-5f5f-3904-000000000400},5200,,,,{5770385F-C22A-43E0-BF4C-06F5698FFBD9},,,,425658,,,,,,,-,,INFO,2,,,,,,,,,,,,eventlog,im_msvistalog,Microsoft-Windows-Sysmon,,,,,,,,,,,,,,,,,\REGISTRY\A\{24ba27e4-e200-c615-e39b-bc4b3589a3be}\LocalState,,,,,,,12,,,,4688,,,,,S-1-5-18,2022-04-15 12:06:26,2,,,"{""Image"":""C:\\windows\\system32\\backgroundTaskHost.exe"",""ProcessId"":""5200"",""EventID"":12,""tags"":[""splunk""],""RecordNumber"":425658,""ProviderGuid"":""{5770385F-C22A-43E0-BF4C-06F5698FFBD9}"",""SourceName"":""Microsoft-Windows-Sysmon"",""OpcodeValue"":0,""EventTime"":""2022-04-15 08:06:25"",""AccountName"":""SYSTEM"",""host"":""cybertees.net"",""SeverityValue"":2,""ExecutionProcessID"":3524,""AccountType"":""User"",""Category"":""Registry object added or deleted (rule: RegistryEvent)"",""SourceModuleName"":""eventlog"",""Domain"":""NT AUTHORITY"",""Message"":""Registry object added or deleted:\r\nRuleName: -\r\nEventType: CreateKey\r\nUtcTime: 2022-04-15 12:06:25.706\r\nProcessGuid: {2d351099-5cc0-5f5f-3904-000000000400}\r\nProcessId: 5200\r\nImage: C:\\windows\\system32\\backgroundTaskHost.exe\r\nTargetObject: \\REGISTRY\\A\\{24ba27e4-e200-c615-e39b-bc4b3589a3be}\\LocalState"",""port"":60427,""UserID"":""S-1-5-18"",""UtcTime"":""2022-04-15 12:06:25.706"",""timestamp"":""2022-04-15T12:06:27.574Z"",""ThreadID"":4688,""Severity"":""INFO"",""EventTypeOrignal"":""INFO"",""EventType"":""CreateKey"",""Channel"":""Microsoft-Windows-Sysmon/Operational"",""TargetObject"":""\\REGISTRY\\A\\{24ba27e4-e200-c615-e39b-bc4b3589a3be}\\LocalState"",""Opcode"":""Info"",""EventReceivedTime"":""2022-04-15 08:06:27"",""@version"":""1"",""Task"":12,""SourceModuleType"":""im_msvistalog"",""RuleName"":""-"",""Hostname"":""James.browne"",""Keywords"":-9223372036854775808,""Version"":2,""ProcessGuid"":""{2d351099-5cc0-5f5f-3904-000000000400}""}",2022-04-15T08:06:22.000+0000,8,15,6,april,22,friday,2022,local,,CreateKey,cybertees.net,cyber-host,windowslogs,1,60427,"{"""":"":\\\\\\."","""":"""","""":,"""":[""""],"""":,"""":""{----}"",""",Event_logs.json,_json,ip-10-10-40-195,,splunk,,2022-04-15T12:06:27.574Z,
1,,,,SYSTEM,User,,,,,,Registry object added or deleted (rule: RegistryEvent),Microsoft-Windows-Sysmon/Operational,,,,,,,,,,,,,,,,,,NT AUTHORITY,,,,,12,,2022-04-15 8:06:27,2022-04-15 8:06:25,INFO,3524,,,,,,,James.browne,C:\windows\system32\backgroundTaskHost.exe,,,,,,,,,-9223372036854775808,,,,,,,,,"Registry object added or deleted:
RuleName: -
EventType: CreateKey
UtcTime: 2022-04-15 12:06:25.706
ProcessGuid: {2d351099-5cc0-5f5f-3904-000000000400}
ProcessId: 5200
Image: C:\windows\system32\backgroundTaskHost.exe
TargetObject: \REGISTRY\A\{24ba27e4-e200-c615-e39b-bc4b3589a3be}\LocalState",,,,,,,,Info,0,,,,,,,,,,{2d351099-5cc0-5f5f-3904-000000000400},5200,,,,{5770385F-C22A-43E0-BF4C-06F5698FFBD9},,,,425657,,,,,,,-,,INFO,2,,,,,,,,,,,,eventlog,im_msvistalog,Microsoft-Windows-Sysmon,,,,,,,,,,,,,,,,,\REGISTRY\A\{24ba27e4-e200-c615-e39b-bc4b3589a3be}\LocalState,,,,,,,12,,,,4688,,,,,S-1-5-18,2022-04-15 12:06:26,2,,,"{""Image"":""C:\\windows\\system32\\backgroundTaskHost.exe"",""ProcessId"":""5200"",""EventID"":12,""tags"":[""splunk""],""RecordNumber"":425657,""ProviderGuid"":""{5770385F-C22A-43E0-BF4C-06F5698FFBD9}"",""SourceName"":""Microsoft-Windows-Sysmon"",""OpcodeValue"":0,""EventTime"":""2022-04-15 08:06:25"",""AccountName"":""SYSTEM"",""host"":""cybertees.net"",""SeverityValue"":2,""ExecutionProcessID"":3524,""AccountType"":""User"",""Category"":""Registry object added or deleted (rule: RegistryEvent)"",""SourceModuleName"":""eventlog"",""Domain"":""NT AUTHORITY"",""Message"":""Registry object added or deleted:\r\nRuleName: -\r\nEventType: CreateKey\r\nUtcTime: 2022-04-15 12:06:25.706\r\nProcessGuid: {2d351099-5cc0-5f5f-3904-000000000400}\r\nProcessId: 5200\r\nImage: C:\\windows\\system32\\backgroundTaskHost.exe\r\nTargetObject: \\REGISTRY\\A\\{24ba27e4-e200-c615-e39b-bc4b3589a3be}\\LocalState"",""port"":60427,""UserID"":""S-1-5-18"",""UtcTime"":""2022-04-15 12:06:25.706"",""timestamp"":""2022-04-15T12:06:27.574Z"",""ThreadID"":4688,""Severity"":""INFO"",""EventTypeOrignal"":""INFO"",""EventType"":""CreateKey"",""Channel"":""Microsoft-Windows-Sysmon/Operational"",""TargetObject"":""\\REGISTRY\\A\\{24ba27e4-e200-c615-e39b-bc4b3589a3be}\\LocalState"",""Opcode"":""Info"",""EventReceivedTime"":""2022-04-15 08:06:27"",""@version"":""1"",""Task"":12,""SourceModuleType"":""im_msvistalog"",""RuleName"":""-"",""Hostname"":""James.browne"",""Keywords"":-9223372036854775808,""Version"":2,""ProcessGuid"":""{2d351099-5cc0-5f5f-3904-000000000400}""}",2022-04-15T08:06:22.000+0000,8,15,6,april,22,friday,2022,local,,CreateKey,cybertees.net,cyber-host,windowslogs,1,60427,"{"""":"":\\\\\\."","""":"""","""":,"""":[""""],"""":,"""":""{----}"",""",Event_logs.json,_json,ip-10-10-40-195,,splunk,,2022-04-15T12:06:27.574Z,
1,,,,SYSTEM,User,,,,,,Registry object added or deleted (rule: RegistryEvent),Microsoft-Windows-Sysmon/Operational,,,,,,,,,,,,,,,,,,NT AUTHORITY,,,,,12,,2022-04-15 8:06:27,2022-04-15 8:06:25,INFO,3524,,,,,,,James.browne,C:\windows\system32\backgroundTaskHost.exe,,,,,,,,,-9223372036854775808,,,,,,,,,"Registry object added or deleted:
RuleName: -
EventType: CreateKey
UtcTime: 2022-04-15 12:06:25.706
ProcessGuid: {2d351099-5cc0-5f5f-3904-000000000400}
ProcessId: 5200
Image: C:\windows\system32\backgroundTaskHost.exe
TargetObject: \REGISTRY\A\{24ba27e4-e200-c615-e39b-bc4b3589a3be}\LocalState",,,,,,,,Info,0,,,,,,,,,,{2d351099-5cc0-5f5f-3904-000000000400},5200,,,,{5770385F-C22A-43E0-BF4C-06F5698FFBD9},,,,425656,,,,,,,-,,INFO,2,,,,,,,,,,,,eventlog,im_msvistalog,Microsoft-Windows-Sysmon,,,,,,,,,,,,,,,,,\REGISTRY\A\{24ba27e4-e200-c615-e39b-bc4b3589a3be}\LocalState,,,,,,,12,,,,4688,,,,,S-1-5-18,2022-04-15 12:06:26,2,,,"{""Image"":""C:\\windows\\system32\\backgroundTaskHost.exe"",""ProcessId"":""5200"",""EventID"":12,""tags"":[""splunk""],""RecordNumber"":425656,""ProviderGuid"":""{5770385F-C22A-43E0-BF4C-06F5698FFBD9}"",""SourceName"":""Microsoft-Windows-Sysmon"",""OpcodeValue"":0,""EventTime"":""2022-04-15 08:06:25"",""AccountName"":""SYSTEM"",""host"":""cybertees.net"",""SeverityValue"":2,""ExecutionProcessID"":3524,""AccountType"":""User"",""Category"":""Registry object added or deleted (rule: RegistryEvent)"",""SourceModuleName"":""eventlog"",""Domain"":""NT AUTHORITY"",""Message"":""Registry object added or deleted:\r\nRuleName: -\r\nEventType: CreateKey\r\nUtcTime: 2022-04-15 12:06:25.706\r\nProcessGuid: {2d351099-5cc0-5f5f-3904-000000000400}\r\nProcessId: 5200\r\nImage: C:\\windows\\system32\\backgroundTaskHost.exe\r\nTargetObject: \\REGISTRY\\A\\{24ba27e4-e200-c615-e39b-bc4b3589a3be}\\LocalState"",""port"":60427,""UserID"":""S-1-5-18"",""UtcTime"":""2022-04-15 12:06:25.706"",""timestamp"":""2022-04-15T12:06:27.574Z"",""ThreadID"":4688,""Severity"":""INFO"",""EventTypeOrignal"":""INFO"",""EventType"":""CreateKey"",""Channel"":""Microsoft-Windows-Sysmon/Operational"",""TargetObject"":""\\REGISTRY\\A\\{24ba27e4-e200-c615-e39b-bc4b3589a3be}\\LocalState"",""Opcode"":""Info"",""EventReceivedTime"":""2022-04-15 08:06:27"",""@version"":""1"",""Task"":12,""SourceModuleType"":""im_msvistalog"",""RuleName"":""-"",""Hostname"":""James.browne"",""Keywords"":-9223372036854775808,""Version"":2,""ProcessGuid"":""{2d351099-5cc0-5f5f-3904-000000000400}""}",2022-04-15T08:06:22.000+0000,8,15,6,april,22,friday,2022,local,,CreateKey,cybertees.net,cyber-host,windowslogs,1,60427,"{"""":"":\\\\\\."","""":"""","""":,"""":[""""],"""":,"""":""{----}"",""",Event_logs.json,_json,ip-10-10-40-195,,splunk,,2022-04-15T12:06:27.574Z,
1,,,,SYSTEM,User,,,,,,File created (rule: FileCreate),Microsoft-Windows-Sysmon/Operational,,,,2022-04-15 12:06:26,,,,,,,,,,,,,,NT AUTHORITY,,,,,11,,2022-04-15 8:06:27,2022-04-15 8:06:25,,3524,,,,,,,James.browne,C:\windows\system32\taskhostw.exe,,,,,,,,,-9223372036854775808,,,,,,,,,"File created:
RuleName: -
UtcTime: 2022-04-15 12:06:25.691
ProcessGuid: {2d351099-5588-5f5f-3903-000000000400}
ProcessId: 8136
Image: C:\windows\system32\taskhostw.exe
TargetFilename: C:\Users\Alberto\AppData\Local\Packages\Microsoft.Windows.ContentDeliveryManager_cw5n1h2txyewy\AC\INetHistory\BackgroundTransferApi\container.dat
CreationUtcTime: 2022-04-15 12:06:25.691",,,,,,,,Info,0,,,,,,,,,,{2d351099-5588-5f5f-3903-000000000400},8136,,,,{5770385F-C22A-43E0-BF4C-06F5698FFBD9},,,,425655,,,,,,,-,,INFO,2,,,,,,,,,,,,eventlog,im_msvistalog,Microsoft-Windows-Sysmon,,,,,,,,,,,,C:\Users\Alberto\AppData\Local\Packages\Microsoft.Windows.ContentDeliveryManager_cw5n1h2txyewy\AC\INetHistory\BackgroundTransferApi\container.dat,,,,,,,,,,,,11,,,,4688,,,,,S-1-5-18,2022-04-15 12:06:26,2,,,"{""Image"":""C:\\windows\\system32\\taskhostw.exe"",""ProcessId"":""8136"",""EventID"":11,""tags"":[""splunk""],""RecordNumber"":425655,""ProviderGuid"":""{5770385F-C22A-43E0-BF4C-06F5698FFBD9}"",""SourceName"":""Microsoft-Windows-Sysmon"",""OpcodeValue"":0,""EventTime"":""2022-04-15 08:06:25"",""AccountName"":""SYSTEM"",""host"":""cybertees.net"",""SeverityValue"":2,""ExecutionProcessID"":3524,""AccountType"":""User"",""Category"":""File created (rule: FileCreate)"",""SourceModuleName"":""eventlog"",""Domain"":""NT AUTHORITY"",""Message"":""File created:\r\nRuleName: -\r\nUtcTime: 2022-04-15 12:06:25.691\r\nProcessGuid: {2d351099-5588-5f5f-3903-000000000400}\r\nProcessId: 8136\r\nImage: C:\\windows\\system32\\taskhostw.exe\r\nTargetFilename: C:\\Users\\Alberto\\AppData\\Local\\Packages\\Microsoft.Windows.ContentDeliveryManager_cw5n1h2txyewy\\AC\\INetHistory\\BackgroundTransferApi\\container.dat\r\nCreationUtcTime: 2022-04-15 12:06:25.691"",""port"":60427,""UserID"":""S-1-5-18"",""UtcTime"":""2022-04-15 12:06:25.691"",""timestamp"":""2022-04-15T12:06:27.573Z"",""ThreadID"":4688,""TargetFilename"":""C:\\Users\\Alberto\\AppData\\Local\\Packages\\Microsoft.Windows.ContentDeliveryManager_cw5n1h2txyewy\\AC\\INetHistory\\BackgroundTransferApi\\container.dat"",""Severity"":""INFO"",""EventType"":""INFO"",""Channel"":""Microsoft-Windows-Sysmon/Operational"",""Opcode"":""Info"",""EventReceivedTime"":""2022-04-15 08:06:27"",""@version"":""1"",""Task"":11,""SourceModuleType"":""im_msvistalog"",""RuleName"":""-"",""CreationUtcTime"":""2022-04-15 12:06:25.691"",""Hostname"":""James.browne"",""Keywords"":-9223372036854775808,""Version"":2,""ProcessGuid"":""{2d351099-5588-5f5f-3903-000000000400}""}",2022-04-15T08:06:22.000+0000,8,15,6,april,22,friday,2022,local,,INFO,cybertees.net,cyber-host,windowslogs,1,60427,"{"""":"":\\\\\\."","""":"""","""":,"""":[""""],"""":,"""":""{----}"",""",Event_logs.json,_json,ip-10-10-40-195,,splunk,,2022-04-15T12:06:27.573Z,
1,,,,SYSTEM,User,,,,,,File created (rule: FileCreate),Microsoft-Windows-Sysmon/Operational,,,,2022-04-15 12:06:26,,,,,,,,,,,,,,NT AUTHORITY,,,,,11,,2022-04-15 8:06:27,2022-04-15 8:06:25,,3524,,,,,,,James.browne,C:\windows\system32\backgroundTaskHost.exe,,,,,,,,,-9223372036854775808,,,,,,,,,"File created:
RuleName: -
UtcTime: 2022-04-15 12:06:25.691
ProcessGuid: {2d351099-5cc0-5f5f-3904-000000000400}
ProcessId: 5200
Image: C:\windows\system32\backgroundTaskHost.exe
TargetFilename: C:\Users\Alberto\AppData\Local\Packages\Microsoft.Windows.ContentDeliveryManager_cw5n1h2txyewy\AC\BackgroundTransferApi
CreationUtcTime: 2022-04-15 12:06:25.691",,,,,,,,Info,0,,,,,,,,,,{2d351099-5cc0-5f5f-3904-000000000400},5200,,,,{5770385F-C22A-43E0-BF4C-06F5698FFBD9},,,,425654,,,,,,,-,,INFO,2,,,,,,,,,,,,eventlog,im_msvistalog,Microsoft-Windows-Sysmon,,,,,,,,,,,,C:\Users\Alberto\AppData\Local\Packages\Microsoft.Windows.ContentDeliveryManager_cw5n1h2txyewy\AC\BackgroundTransferApi,,,,,,,,,,,,11,,,,4688,,,,,S-1-5-18,2022-04-15 12:06:26,2,,,"{""Image"":""C:\\windows\\system32\\backgroundTaskHost.exe"",""ProcessId"":""5200"",""EventID"":11,""tags"":[""splunk""],""RecordNumber"":425654,""ProviderGuid"":""{5770385F-C22A-43E0-BF4C-06F5698FFBD9}"",""SourceName"":""Microsoft-Windows-Sysmon"",""OpcodeValue"":0,""EventTime"":""2022-04-15 08:06:25"",""AccountName"":""SYSTEM"",""host"":""cybertees.net"",""SeverityValue"":2,""ExecutionProcessID"":3524,""AccountType"":""User"",""Category"":""File created (rule: FileCreate)"",""SourceModuleName"":""eventlog"",""Domain"":""NT AUTHORITY"",""Message"":""File created:\r\nRuleName: -\r\nUtcTime: 2022-04-15 12:06:25.691\r\nProcessGuid: {2d351099-5cc0-5f5f-3904-000000000400}\r\nProcessId: 5200\r\nImage: C:\\windows\\system32\\backgroundTaskHost.exe\r\nTargetFilename: C:\\Users\\Alberto\\AppData\\Local\\Packages\\Microsoft.Windows.ContentDeliveryManager_cw5n1h2txyewy\\AC\\BackgroundTransferApi\r\nCreationUtcTime: 2022-04-15 12:06:25.691"",""port"":60427,""UserID"":""S-1-5-18"",""UtcTime"":""2022-04-15 12:06:25.691"",""timestamp"":""2022-04-15T12:06:27.572Z"",""ThreadID"":4688,""TargetFilename"":""C:\\Users\\Alberto\\AppData\\Local\\Packages\\Microsoft.Windows.ContentDeliveryManager_cw5n1h2txyewy\\AC\\BackgroundTransferApi"",""Severity"":""INFO"",""EventType"":""INFO"",""Channel"":""Microsoft-Windows-Sysmon/Operational"",""Opcode"":""Info"",""EventReceivedTime"":""2022-04-15 08:06:27"",""@version"":""1"",""Task"":11,""SourceModuleType"":""im_msvistalog"",""RuleName"":""-"",""CreationUtcTime"":""2022-04-15 12:06:25.691"",""Hostname"":""James.browne"",""Keywords"":-9223372036854775808,""Version"":2,""ProcessGuid"":""{2d351099-5cc0-5f5f-3904-000000000400}""}",2022-04-15T08:06:22.000+0000,8,15,6,april,22,friday,2022,local,,INFO,cybertees.net,cyber-host,windowslogs,1,60427,"{"""":"":\\\\\\."","""":"""","""":,"""":[""""],"""":,"""":""{----}"",""",Event_logs.json,_json,ip-10-10-40-195,,splunk,,2022-04-15T12:06:27.572Z,
1,,,,SYSTEM,User,,,,,,Registry value set (rule: RegistryEvent),Microsoft-Windows-Sysmon/Operational,,,,,,,,,,,,,,DWORD (0x00000001),,,,NT AUTHORITY,,,,,13,,2022-04-15 8:06:27,2022-04-15 8:06:25,INFO,3524,,,,,,,James.browne,C:\windows\system32\taskhostw.exe,,,,,,,,,-9223372036854775808,,,,,,,,,"Registry value set:
RuleName: -
EventType: SetValue
UtcTime: 2022-04-15 12:06:25.691
ProcessGuid: {2d351099-5588-5f5f-3903-000000000400}
ProcessId: 8136
Image: C:\windows\system32\taskhostw.exe
TargetObject: HKU\S-1-5-21-4020993649-1037605423-417876593-500_Classes\Local Settings\Software\Microsoft\Windows\CurrentVersion\AppContainer\Storage\microsoft.windows.contentdeliverymanager_cw5n1h2txyewy\Internet Settings\Cache\Extensible Cache\BackgroundTransferApiGroup\CacheLimit
Details: DWORD (0x00000001)",,,,,,,,Info,0,,,,,,,,,,{2d351099-5588-5f5f-3903-000000000400},8136,,,,{5770385F-C22A-43E0-BF4C-06F5698FFBD9},,,,425653,,,,,,,-,,INFO,2,,,,,,,,,,,,eventlog,im_msvistalog,Microsoft-Windows-Sysmon,,,,,,,,,,,,,,,,,HKU\S-1-5-21-4020993649-1037605423-417876593-500_Classes\Local Settings\Software\Microsoft\Windows\CurrentVersion\AppContainer\Storage\microsoft.windows.contentdeliverymanager_cw5n1h2txyewy\Internet Settings\Cache\Extensible Cache\BackgroundTransferApiGroup\CacheLimit,,,,,,,13,,,,4688,,,,,S-1-5-18,2022-04-15 12:06:26,2,,,"{""Image"":""C:\\windows\\system32\\taskhostw.exe"",""ProcessId"":""8136"",""EventID"":13,""tags"":[""splunk""],""RecordNumber"":425653,""ProviderGuid"":""{5770385F-C22A-43E0-BF4C-06F5698FFBD9}"",""SourceName"":""Microsoft-Windows-Sysmon"",""OpcodeValue"":0,""EventTime"":""2022-04-15 08:06:25"",""AccountName"":""SYSTEM"",""host"":""cybertees.net"",""SeverityValue"":2,""ExecutionProcessID"":3524,""AccountType"":""User"",""Category"":""Registry value set (rule: RegistryEvent)"",""SourceModuleName"":""eventlog"",""Domain"":""NT AUTHORITY"",""Message"":""Registry value set:\r\nRuleName: -\r\nEventType: SetValue\r\nUtcTime: 2022-04-15 12:06:25.691\r\nProcessGuid: {2d351099-5588-5f5f-3903-000000000400}\r\nProcessId: 8136\r\nImage: C:\\windows\\system32\\taskhostw.exe\r\nTargetObject: HKU\\S-1-5-21-4020993649-1037605423-417876593-500_Classes\\Local Settings\\Software\\Microsoft\\Windows\\CurrentVersion\\AppContainer\\Storage\\microsoft.windows.contentdeliverymanager_cw5n1h2txyewy\\Internet Settings\\Cache\\Extensible Cache\\BackgroundTransferApiGroup\\CacheLimit\r\nDetails: DWORD (0x00000001)"",""port"":60427,""UserID"":""S-1-5-18"",""UtcTime"":""2022-04-15 12:06:25.691"",""timestamp"":""2022-04-15T12:06:27.571Z"",""ThreadID"":4688,""Severity"":""INFO"",""EventTypeOrignal"":""INFO"",""EventType"":""SetValue"",""Channel"":""Microsoft-Windows-Sysmon/Operational"",""TargetObject"":""HKU\\S-1-5-21-4020993649-1037605423-417876593-500_Classes\\Local Settings\\Software\\Microsoft\\Windows\\CurrentVersion\\AppContainer\\Storage\\microsoft.windows.contentdeliverymanager_cw5n1h2txyewy\\Internet Settings\\Cache\\Extensible Cache\\BackgroundTransferApiGroup\\CacheLimit"",""Details"":""DWORD (0x00000001)"",""Opcode"":""Info"",""EventReceivedTime"":""2022-04-15 08:06:27"",""@version"":""1"",""Task"":13,""SourceModuleType"":""im_msvistalog"",""RuleName"":""-"",""Hostname"":""James.browne"",""Keywords"":-9223372036854775808,""Version"":2,""ProcessGuid"":""{2d351099-5588-5f5f-3903-000000000400}""}",2022-04-15T08:06:22.000+0000,8,15,6,april,22,friday,2022,local,,SetValue,cybertees.net,cyber-host,windowslogs,1,60427,"{"""":"":\\\\\\."","""":"""","""":,"""":[""""],"""":,"""":""{----}"",""",Event_logs.json,_json,ip-10-10-40-195,,splunk,,2022-04-15T12:06:27.571Z,
1,,,,SYSTEM,User,,,,,,Registry value set (rule: RegistryEvent),Microsoft-Windows-Sysmon/Operational,,,,,,,,,,,,,,DWORD (0x00000000),,,,NT AUTHORITY,,,,,13,,2022-04-15 8:06:27,2022-04-15 8:06:25,INFO,3524,,,,,,,James.browne,C:\windows\system32\taskhostw.exe,,,,,,,,,-9223372036854775808,,,,,,,,,"Registry value set:
RuleName: -
EventType: SetValue
UtcTime: 2022-04-15 12:06:25.691
ProcessGuid: {2d351099-5588-5f5f-3903-000000000400}
ProcessId: 8136
Image: C:\windows\system32\taskhostw.exe
TargetObject: HKU\S-1-5-21-4020993649-1037605423-417876593-500_Classes\Local Settings\Software\Microsoft\Windows\CurrentVersion\AppContainer\Storage\microsoft.windows.contentdeliverymanager_cw5n1h2txyewy\Internet Settings\Cache\Extensible Cache\BackgroundTransferApiGroup\CacheRepair
Details: DWORD (0x00000000)",,,,,,,,Info,0,,,,,,,,,,{2d351099-5588-5f5f-3903-000000000400},8136,,,,{5770385F-C22A-43E0-BF4C-06F5698FFBD9},,,,425652,,,,,,,-,,INFO,2,,,,,,,,,,,,eventlog,im_msvistalog,Microsoft-Windows-Sysmon,,,,,,,,,,,,,,,,,HKU\S-1-5-21-4020993649-1037605423-417876593-500_Classes\Local Settings\Software\Microsoft\Windows\CurrentVersion\AppContainer\Storage\microsoft.windows.contentdeliverymanager_cw5n1h2txyewy\Internet Settings\Cache\Extensible Cache\BackgroundTransferApiGroup\CacheRepair,,,,,,,13,,,,4688,,,,,S-1-5-18,2022-04-15 12:06:26,2,,,"{""Image"":""C:\\windows\\system32\\taskhostw.exe"",""ProcessId"":""8136"",""EventID"":13,""tags"":[""splunk""],""RecordNumber"":425652,""ProviderGuid"":""{5770385F-C22A-43E0-BF4C-06F5698FFBD9}"",""SourceName"":""Microsoft-Windows-Sysmon"",""OpcodeValue"":0,""EventTime"":""2022-04-15 08:06:25"",""AccountName"":""SYSTEM"",""host"":""cybertees.net"",""SeverityValue"":2,""ExecutionProcessID"":3524,""AccountType"":""User"",""Category"":""Registry value set (rule: RegistryEvent)"",""SourceModuleName"":""eventlog"",""Domain"":""NT AUTHORITY"",""Message"":""Registry value set:\r\nRuleName: -\r\nEventType: SetValue\r\nUtcTime: 2022-04-15 12:06:25.691\r\nProcessGuid: {2d351099-5588-5f5f-3903-000000000400}\r\nProcessId: 8136\r\nImage: C:\\windows\\system32\\taskhostw.exe\r\nTargetObject: HKU\\S-1-5-21-4020993649-1037605423-417876593-500_Classes\\Local Settings\\Software\\Microsoft\\Windows\\CurrentVersion\\AppContainer\\Storage\\microsoft.windows.contentdeliverymanager_cw5n1h2txyewy\\Internet Settings\\Cache\\Extensible Cache\\BackgroundTransferApiGroup\\CacheRepair\r\nDetails: DWORD (0x00000000)"",""port"":60427,""UserID"":""S-1-5-18"",""UtcTime"":""2022-04-15 12:06:25.691"",""timestamp"":""2022-04-15T12:06:27.570Z"",""ThreadID"":4688,""Severity"":""INFO"",""EventTypeOrignal"":""INFO"",""EventType"":""SetValue"",""Channel"":""Microsoft-Windows-Sysmon/Operational"",""TargetObject"":""HKU\\S-1-5-21-4020993649-1037605423-417876593-500_Classes\\Local Settings\\Software\\Microsoft\\Windows\\CurrentVersion\\AppContainer\\Storage\\microsoft.windows.contentdeliverymanager_cw5n1h2txyewy\\Internet Settings\\Cache\\Extensible Cache\\BackgroundTransferApiGroup\\CacheRepair"",""Details"":""DWORD (0x00000000)"",""Opcode"":""Info"",""EventReceivedTime"":""2022-04-15 08:06:27"",""@version"":""1"",""Task"":13,""SourceModuleType"":""im_msvistalog"",""RuleName"":""-"",""Hostname"":""James.browne"",""Keywords"":-9223372036854775808,""Version"":2,""ProcessGuid"":""{2d351099-5588-5f5f-3903-000000000400}""}",2022-04-15T08:06:22.000+0000,8,15,6,april,22,friday,2022,local,,SetValue,cybertees.net,cyber-host,windowslogs,1,60427,"{"""":"":\\\\\\."","""":"""","""":,"""":[""""],"""":,"""":""{----}"",""",Event_logs.json,_json,ip-10-10-40-195,,splunk,,2022-04-15T12:06:27.570Z,
1,,,,SYSTEM,User,,,,,,Registry value set (rule: RegistryEvent),Microsoft-Windows-Sysmon/Operational,,,,,,,,,,,,,,DWORD (0x00000009),,,,NT AUTHORITY,,,,,13,,2022-04-15 8:06:27,2022-04-15 8:06:25,INFO,3524,,,,,,,James.browne,C:\windows\system32\taskhostw.exe,,,,,,,,,-9223372036854775808,,,,,,,,,"Registry value set:
RuleName: -
EventType: SetValue
UtcTime: 2022-04-15 12:06:25.691
ProcessGuid: {2d351099-5588-5f5f-3903-000000000400}
ProcessId: 8136
Image: C:\windows\system32\taskhostw.exe
TargetObject: HKU\S-1-5-21-4020993649-1037605423-417876593-500_Classes\Local Settings\Software\Microsoft\Windows\CurrentVersion\AppContainer\Storage\microsoft.windows.contentdeliverymanager_cw5n1h2txyewy\Internet Settings\Cache\Extensible Cache\BackgroundTransferApiGroup\CacheOptions
Details: DWORD (0x00000009)",,,,,,,,Info,0,,,,,,,,,,{2d351099-5588-5f5f-3903-000000000400},8136,,,,{5770385F-C22A-43E0-BF4C-06F5698FFBD9},,,,425651,,,,,,,-,,INFO,2,,,,,,,,,,,,eventlog,im_msvistalog,Microsoft-Windows-Sysmon,,,,,,,,,,,,,,,,,HKU\S-1-5-21-4020993649-1037605423-417876593-500_Classes\Local Settings\Software\Microsoft\Windows\CurrentVersion\AppContainer\Storage\microsoft.windows.contentdeliverymanager_cw5n1h2txyewy\Internet Settings\Cache\Extensible Cache\BackgroundTransferApiGroup\CacheOptions,,,,,,,13,,,,4688,,,,,S-1-5-18,2022-04-15 12:06:26,2,,,"{""Image"":""C:\\windows\\system32\\taskhostw.exe"",""ProcessId"":""8136"",""EventID"":13,""tags"":[""splunk""],""RecordNumber"":425651,""ProviderGuid"":""{5770385F-C22A-43E0-BF4C-06F5698FFBD9}"",""SourceName"":""Microsoft-Windows-Sysmon"",""OpcodeValue"":0,""EventTime"":""2022-04-15 08:06:25"",""AccountName"":""SYSTEM"",""host"":""cybertees.net"",""SeverityValue"":2,""ExecutionProcessID"":3524,""AccountType"":""User"",""Category"":""Registry value set (rule: RegistryEvent)"",""SourceModuleName"":""eventlog"",""Domain"":""NT AUTHORITY"",""Message"":""Registry value set:\r\nRuleName: -\r\nEventType: SetValue\r\nUtcTime: 2022-04-15 12:06:25.691\r\nProcessGuid: {2d351099-5588-5f5f-3903-000000000400}\r\nProcessId: 8136\r\nImage: C:\\windows\\system32\\taskhostw.exe\r\nTargetObject: HKU\\S-1-5-21-4020993649-1037605423-417876593-500_Classes\\Local Settings\\Software\\Microsoft\\Windows\\CurrentVersion\\AppContainer\\Storage\\microsoft.windows.contentdeliverymanager_cw5n1h2txyewy\\Internet Settings\\Cache\\Extensible Cache\\BackgroundTransferApiGroup\\CacheOptions\r\nDetails: DWORD (0x00000009)"",""port"":60427,""UserID"":""S-1-5-18"",""UtcTime"":""2022-04-15 12:06:25.691"",""timestamp"":""2022-04-15T12:06:27.570Z"",""ThreadID"":4688,""Severity"":""INFO"",""EventTypeOrignal"":""INFO"",""EventType"":""SetValue"",""Channel"":""Microsoft-Windows-Sysmon/Operational"",""TargetObject"":""HKU\\S-1-5-21-4020993649-1037605423-417876593-500_Classes\\Local Settings\\Software\\Microsoft\\Windows\\CurrentVersion\\AppContainer\\Storage\\microsoft.windows.contentdeliverymanager_cw5n1h2txyewy\\Internet Settings\\Cache\\Extensible Cache\\BackgroundTransferApiGroup\\CacheOptions"",""Details"":""DWORD (0x00000009)"",""Opcode"":""Info"",""EventReceivedTime"":""2022-04-15 08:06:27"",""@version"":""1"",""Task"":13,""SourceModuleType"":""im_msvistalog"",""RuleName"":""-"",""Hostname"":""James.browne"",""Keywords"":-9223372036854775808,""Version"":2,""ProcessGuid"":""{2d351099-5588-5f5f-3903-000000000400}""}",2022-04-15T08:06:22.000+0000,8,15,6,april,22,friday,2022,local,,SetValue,cybertees.net,cyber-host,windowslogs,1,60427,"{"""":"":\\\\\\."","""":"""","""":,"""":[""""],"""":,"""":""{----}"",""",Event_logs.json,_json,ip-10-10-40-195,,splunk,,2022-04-15T12:06:27.570Z,
1,,,,SYSTEM,User,,,,,,Registry value set (rule: RegistryEvent),Microsoft-Windows-Sysmon/Operational,,,,,,,,,,,,,,INetHistory\BackgroundTransferApiGroup,,,,NT AUTHORITY,,,,,13,,2022-04-15 8:06:27,2022-04-15 8:06:25,INFO,3524,,,,,,,James.browne,C:\windows\system32\taskhostw.exe,,,,,,,,,-9223372036854775808,,,,,,,,,"Registry value set:
RuleName: -
EventType: SetValue
UtcTime: 2022-04-15 12:06:25.691
ProcessGuid: {2d351099-5588-5f5f-3903-000000000400}
ProcessId: 8136
Image: C:\windows\system32\taskhostw.exe
TargetObject: HKU\S-1-5-21-4020993649-1037605423-417876593-500_Classes\Local Settings\Software\Microsoft\Windows\CurrentVersion\AppContainer\Storage\microsoft.windows.contentdeliverymanager_cw5n1h2txyewy\Internet Settings\Cache\Extensible Cache\BackgroundTransferApiGroup\CacheRelativePath
Details: INetHistory\BackgroundTransferApiGroup",,,,,,,,Info,0,,,,,,,,,,{2d351099-5588-5f5f-3903-000000000400},8136,,,,{5770385F-C22A-43E0-BF4C-06F5698FFBD9},,,,425650,,,,,,,-,,INFO,2,,,,,,,,,,,,eventlog,im_msvistalog,Microsoft-Windows-Sysmon,,,,,,,,,,,,,,,,,HKU\S-1-5-21-4020993649-1037605423-417876593-500_Classes\Local Settings\Software\Microsoft\Windows\CurrentVersion\AppContainer\Storage\microsoft.windows.contentdeliverymanager_cw5n1h2txyewy\Internet Settings\Cache\Extensible Cache\BackgroundTransferApiGroup\CacheRelativePath,,,,,,,13,,,,4688,,,,,S-1-5-18,2022-04-15 12:06:26,2,,,"{""Image"":""C:\\windows\\system32\\taskhostw.exe"",""ProcessId"":""8136"",""EventID"":13,""tags"":[""splunk""],""RecordNumber"":425650,""ProviderGuid"":""{5770385F-C22A-43E0-BF4C-06F5698FFBD9}"",""SourceName"":""Microsoft-Windows-Sysmon"",""OpcodeValue"":0,""EventTime"":""2022-04-15 08:06:25"",""AccountName"":""SYSTEM"",""host"":""cybertees.net"",""SeverityValue"":2,""ExecutionProcessID"":3524,""AccountType"":""User"",""Category"":""Registry value set (rule: RegistryEvent)"",""SourceModuleName"":""eventlog"",""Domain"":""NT AUTHORITY"",""Message"":""Registry value set:\r\nRuleName: -\r\nEventType: SetValue\r\nUtcTime: 2022-04-15 12:06:25.691\r\nProcessGuid: {2d351099-5588-5f5f-3903-000000000400}\r\nProcessId: 8136\r\nImage: C:\\windows\\system32\\taskhostw.exe\r\nTargetObject: HKU\\S-1-5-21-4020993649-1037605423-417876593-500_Classes\\Local Settings\\Software\\Microsoft\\Windows\\CurrentVersion\\AppContainer\\Storage\\microsoft.windows.contentdeliverymanager_cw5n1h2txyewy\\Internet Settings\\Cache\\Extensible Cache\\BackgroundTransferApiGroup\\CacheRelativePath\r\nDetails: INetHistory\\BackgroundTransferApiGroup"",""port"":60427,""UserID"":""S-1-5-18"",""UtcTime"":""2022-04-15 12:06:25.691"",""timestamp"":""2022-04-15T12:06:27.569Z"",""ThreadID"":4688,""Severity"":""INFO"",""EventTypeOrignal"":""INFO"",""EventType"":""SetValue"",""Channel"":""Microsoft-Windows-Sysmon/Operational"",""TargetObject"":""HKU\\S-1-5-21-4020993649-1037605423-417876593-500_Classes\\Local Settings\\Software\\Microsoft\\Windows\\CurrentVersion\\AppContainer\\Storage\\microsoft.windows.contentdeliverymanager_cw5n1h2txyewy\\Internet Settings\\Cache\\Extensible Cache\\BackgroundTransferApiGroup\\CacheRelativePath"",""Details"":""INetHistory\\BackgroundTransferApiGroup"",""Opcode"":""Info"",""EventReceivedTime"":""2022-04-15 08:06:27"",""@version"":""1"",""Task"":13,""SourceModuleType"":""im_msvistalog"",""RuleName"":""-"",""Hostname"":""James.browne"",""Keywords"":-9223372036854775808,""Version"":2,""ProcessGuid"":""{2d351099-5588-5f5f-3903-000000000400}""}",2022-04-15T08:06:22.000+0000,8,15,6,april,22,friday,2022,local,,SetValue,cybertees.net,cyber-host,windowslogs,1,60427,"{"""":"":\\\\\\."","""":"""","""":,"""":[""""],"""":,"""":""{----}"",""",Event_logs.json,_json,ip-10-10-40-195,,splunk,,2022-04-15T12:06:27.569Z,
