New Handle Information:
	Target Handle ID:	0x4184
	Target Process ID:	0x4",,,,,,,,Info,0,,,,,,,,,,,0x24d4,,,,{54849625-5478-4994-A5BA-3E3B0328C30D},,,,73324,,,,,,,,,INFO,2,,,,,,,0x434,,,,,eventlog,im_msvistalog,Microsoft-Windows-Security-Auditing,,,,0x24d4,,,Cybertees,0x2cc013,James,S-1-5-21-4020993649-1037605423-417876593-1104,,,0x4184,,,,,,,,0x4,,,12807,,,,1512,,,,,,,0,,,"{""tags"":[""splunk""],""EventID"":4690,""RecordNumber"":73324,""ProviderGuid"":""{54849625-5478-4994-A5BA-3E3B0328C30D}"",""SourceName"":""Microsoft-Windows-Security-Auditing"",""OpcodeValue"":0,""EventTime"":""2022-04-15 08:06:02"",""SubjectUserSid"":""S-1-5-21-4020993649-1037605423-417876593-1104"",""host"":""cybertees.net"",""SeverityValue"":2,""ExecutionProcessID"":4,""Category"":""Handle Manipulation"",""SubjectLogonId"":""0x2cc013"",""SourceProcessId"":""0x24d4"",""SourceModuleName"":""eventlog"",""SourceHandleId"":""0x434"",""Message"":""An attempt was made to duplicate a handle to an object.\r\n\r\nSubject:\r\n\tSecurity ID:\t\tS-1-5-21-4020993649-1037605423-417876593-1104\r\n\tAccount Name:\t\tJames\r\n\tAccount Domain:\t\tCybertees\r\n\tLogon ID:\t\t0x2CC013\r\n\r\nSource Handle Information:\r\n\tSource Handle ID:\t0x434\r\n\tSource Process ID:\t0x24d4\r\n\r\nNew Handle Information:\r\n\tTarget Handle ID:\t0x4184\r\n\tTarget Process ID:\t0x4"",""port"":60427,""timestamp"":""2022-04-15T12:06:03.885Z"",""ThreadID"":1512,""TargetProcessId"":""0x4"",""SubjectUserName"":""James"",""Severity"":""INFO"",""EventType"":""AUDIT_SUCCESS"",""Channel"":""Security"",""Opcode"":""Info"",""EventReceivedTime"":""2022-04-15 08:06:03"",""@version"":""1"",""Task"":12807,""SubjectDomainName"":""Cybertees"",""SourceModuleType"":""im_msvistalog"",""TargetHandleId"":""0x4184"",""Hostname"":""James.browne"",""Keywords"":-9214364837600034816,""Version"":0,""ProcessId"":""0x24d4""}",2022-04-15T08:06:02.000+0000,8,15,6,april,2,friday,2022,local,,AUDIT_SUCCESS,cybertees.net,cyber-host,windowslogs,1,60427,"{"""":[""""],"""":,"""":,"""":""{----}"","""":""---"","""":,"""":""--_:",Event_logs.json,_json,ip-10-10-40-195,,splunk,,2022-04-15T12:06:03.885Z,
1,,,,,,,,,,,Registry,Security,,,,,,,,,,,,,,,,,,,,,,,4658,,2022-04-15 8:06:03,2022-04-15 8:06:02,,4,,,,,0x43c,,James.browne,,,,,,,,,,-9214364837600034816,,,,,,,,,"The handle to an object was closed.

Subject :
	Security ID:		S-1-5-21-4020993649-1037605423-417876593-1104
	Account Name:		James
	Account Domain:		Cybertees
	Logon ID:		0x2CC013

Object:
	Object Server:		Security
	Handle ID:		0x43c

Process Information:
	Process ID:		0x24d4
	Process Name:		C:\Windows\System32\wbem\WMIC.exe",,,,,Security,,,Info,0,,,,,,,,,,,0x24d4,C:\Windows\System32\wbem\WMIC.exe,,,{54849625-5478-4994-A5BA-3E3B0328C30D},,,,73323,,,,,,,,,INFO,2,,,,,,,,,,,,eventlog,im_msvistalog,Microsoft-Windows-Security-Auditing,,,,,,,Cybertees,0x2cc013,James,S-1-5-21-4020993649-1037605423-417876593-1104,,,,,,,,,,,,,,12801,,,,1020,,,,,,,0,,,"{""tags"":[""splunk""],""EventID"":4658,""RecordNumber"":73323,""ProviderGuid"":""{54849625-5478-4994-A5BA-3E3B0328C30D}"",""SourceName"":""Microsoft-Windows-Security-Auditing"",""OpcodeValue"":0,""EventTime"":""2022-04-15 08:06:02"",""SubjectUserSid"":""S-1-5-21-4020993649-1037605423-417876593-1104"",""host"":""cybertees.net"",""SeverityValue"":2,""ExecutionProcessID"":4,""Category"":""Registry"",""SubjectLogonId"":""0x2cc013"",""SourceModuleName"":""eventlog"",""Message"":""The handle to an object was closed.\r\n\r\nSubject :\r\n\tSecurity ID:\t\tS-1-5-21-4020993649-1037605423-417876593-1104\r\n\tAccount Name:\t\tJames\r\n\tAccount Domain:\t\tCybertees\r\n\tLogon ID:\t\t0x2CC013\r\n\r\nObject:\r\n\tObject Server:\t\tSecurity\r\n\tHandle ID:\t\t0x43c\r\n\r\nProcess Information:\r\n\tProcess ID:\t\t0x24d4\r\n\tProcess Name:\t\tC:\\Windows\\System32\\wbem\\WMIC.exe"",""port"":60427,""timestamp"":""2022-04-15T12:06:03.885Z"",""ThreadID"":1020,""SubjectUserName"":""James"",""Severity"":""INFO"",""ObjectServer"":""Security"",""ProcessName"":""C:\\Windows\\System32\\wbem\\WMIC.exe"",""EventType"":""AUDIT_SUCCESS"",""Channel"":""Security"",""Opcode"":""Info"",""EventReceivedTime"":""2022-04-15 08:06:03"",""@version"":""1"",""Task"":12801,""SubjectDomainName"":""Cybertees"",""HandleId"":""0x43c"",""SourceModuleType"":""im_msvistalog"",""Hostname"":""James.browne"",""Keywords"":-9214364837600034816,""Version"":0,""ProcessId"":""0x24d4""}",2022-04-15T08:06:02.000+0000,8,15,6,april,2,friday,2022,local,,AUDIT_SUCCESS,cybertees.net,cyber-host,windowslogs,1,60427,"{"""":[""""],"""":,"""":,"""":""{----}"","""":""---"","""":,"""":""--_:",Event_logs.json,_json,ip-10-10-40-195,,splunk,,2022-04-15T12:06:03.885Z,
1,"%%4432
				",0x1,,,,,,,,,Registry,Security,,,,,,,,,,,,,,,,,,,,,,,4663,,2022-04-15 8:06:03,2022-04-15 8:06:02,,4,,,,,0x43c,,James.browne,,,,,,,,,,-9214364837600034816,,,,,,,,,"An attempt was made to access an object.

Subject:
	Security ID:		S-1-5-21-4020993649-1037605423-417876593-1104
	Account Name:		James
	Account Domain:		Cybertees
	Logon ID:		0x2CC013

Object:
	Object Server:		Security
	Object Type:		Key
	Object Name:		\REGISTRY\MACHINE\SOFTWARE\Microsoft\Windows NT\CurrentVersion\Winlogon
	Handle ID:		0x43c
	Resource Attributes:	-

Process Information:
	Process ID:		0x24d4
	Process Name:		C:\Windows\System32\wbem\WMIC.exe

Access Request Information:
	Accesses:		Query key value
				
	Access Mask:		0x1",,,,\REGISTRY\MACHINE\SOFTWARE\Microsoft\Windows NT\CurrentVersion\Winlogon,Security,Key,,Info,0,,,,,,,,,,,0x24d4,C:\Windows\System32\wbem\WMIC.exe,,,{54849625-5478-4994-A5BA-3E3B0328C30D},,,,73322,,,,-,,,,,INFO,2,,,,,,,,,,,,eventlog,im_msvistalog,Microsoft-Windows-Security-Auditing,,,,,,,Cybertees,0x2cc013,James,S-1-5-21-4020993649-1037605423-417876593-1104,,,,,,,,,,,,,,12801,,,,1020,,,,,,,1,,,"{""tags"":[""splunk""],""EventID"":4663,""RecordNumber"":73322,""ProviderGuid"":""{54849625-5478-4994-A5BA-3E3B0328C30D}"",""SourceName"":""Microsoft-Windows-Security-Auditing"",""OpcodeValue"":0,""EventTime"":""2022-04-15 08:06:02"",""SubjectUserSid"":""S-1-5-21-4020993649-1037605423-417876593-1104"",""host"":""cybertees.net"",""SeverityValue"":2,""ExecutionProcessID"":4,""Category"":""Registry"",""SubjectLogonId"":""0x2cc013"",""AccessList"":""%%4432\r\n\t\t\t\t"",""SourceModuleName"":""eventlog"",""Message"":""An attempt was made to access an object.\r\n\r\nSubject:\r\n\tSecurity ID:\t\tS-1-5-21-4020993649-1037605423-417876593-1104\r\n\tAccount Name:\t\tJames\r\n\tAccount Domain:\t\tCybertees\r\n\tLogon ID:\t\t0x2CC013\r\n\r\nObject:\r\n\tObject Server:\t\tSecurity\r\n\tObject Type:\t\tKey\r\n\tObject Name:\t\t\\REGISTRY\\MACHINE\\SOFTWARE\\Microsoft\\Windows NT\\CurrentVersion\\Winlogon\r\n\tHandle ID:\t\t0x43c\r\n\tResource Attributes:\t-\r\n\r\nProcess Information:\r\n\tProcess ID:\t\t0x24d4\r\n\tProcess Name:\t\tC:\\Windows\\System32\\wbem\\WMIC.exe\r\n\r\nAccess Request Information:\r\n\tAccesses:\t\tQuery key value\r\n\t\t\t\t\r\n\tAccess Mask:\t\t0x1"",""port"":60427,""timestamp"":""2022-04-15T12:06:03.884Z"",""ThreadID"":1020,""SubjectUserName"":""James"",""Severity"":""INFO"",""ObjectServer"":""Security"",""ProcessName"":""C:\\Windows\\System32\\wbem\\WMIC.exe"",""ResourceAttributes"":""-"",""EventType"":""AUDIT_SUCCESS"",""Channel"":""Security"",""ObjectType"":""Key"",""Opcode"":""Info"",""ObjectName"":""\\REGISTRY\\MACHINE\\SOFTWARE\\Microsoft\\Windows NT\\CurrentVersion\\Winlogon"",""EventReceivedTime"":""2022-04-15 08:06:03"",""@version"":""1"",""Task"":12801,""SubjectDomainName"":""Cybertees"",""HandleId"":""0x43c"",""AccessMask"":""0x1"",""SourceModuleType"":""im_msvistalog"",""Hostname"":""James.browne"",""Keywords"":-9214364837600034816,""Version"":1,""ProcessId"":""0x24d4""}",2022-04-15T08:06:02.000+0000,8,15,6,april,2,friday,2022,local,,AUDIT_SUCCESS,cybertees.net,cyber-host,windowslogs,1,60427,"{"""":[""""],"""":,"""":,"""":""{----}"","""":""---"","""":,"""":""--_:",Event_logs.json,_json,ip-10-10-40-195,,splunk,,2022-04-15T12:06:03.884Z,
1,"%%1538
				%%4432
				%%4435
				%%4436
				",0x20019,-,,,,,,,,Registry,Security,,,,,,,,,,,,,,,,,,,,,,,4656,,2022-04-15 8:06:03,2022-04-15 8:06:02,,4,,,,,0x43c,,James.browne,,,,,,,,,,-9214364837600034816,,,,,,,,,"A handle to an object was requested.

Subject:
	Security ID:		S-1-5-21-4020993649-1037605423-417876593-1104
	Account Name:		James
	Account Domain:		Cybertees
	Logon ID:		0x2CC013

Object:
	Object Server:		Security
	Object Type:		Key
	Object Name:		\REGISTRY\MACHINE\SOFTWARE\Microsoft\Windows NT\CurrentVersion\Winlogon
	Handle ID:		0x43c
	Resource Attributes:	-

Process Information:
	Process ID:		0x24d4
	Process Name:		C:\Windows\System32\wbem\WMIC.exe

Access Request Information:
	Transaction ID:		{00000000-0000-0000-0000-000000000000}
	Accesses:		READ_CONTROL
				Query key value
				Enumerate sub-keys
				Notify about changes to keys
				
	Access Reasons:		-
	Access Mask:		0x20019
	Privileges Used for Access Check:	-
	Restricted SID Count:	0",,,,\REGISTRY\MACHINE\SOFTWARE\Microsoft\Windows NT\CurrentVersion\Winlogon,Security,Key,,Info,0,,,,,,,,,-,,0x24d4,C:\Windows\System32\wbem\WMIC.exe,,,{54849625-5478-4994-A5BA-3E3B0328C30D},,,,73321,,,,-,,0,,,INFO,2,,,,,,,,,,,,eventlog,im_msvistalog,Microsoft-Windows-Security-Auditing,,,,,,,Cybertees,0x2cc013,James,S-1-5-21-4020993649-1037605423-417876593-1104,,,,,,,,,,,,,,12801,,,,1020,,{00000000-0000-0000-0000-000000000000},,,,,1,,,"{""EventID"":4656,""RecordNumber"":73321,""ProviderGuid"":""{54849625-5478-4994-A5BA-3E3B0328C30D}"",""SourceName"":""Microsoft-Windows-Security-Auditing"",""OpcodeValue"":0,""AccessList"":""%%1538\r\n\t\t\t\t%%4432\r\n\t\t\t\t%%4435\r\n\t\t\t\t%%4436\r\n\t\t\t\t"",""AccessReason"":""-"",""SourceModuleName"":""eventlog"",""ExecutionProcessID"":4,""Category"":""Registry"",""port"":60427,""ThreadID"":1020,""SubjectUserName"":""James"",""Severity"":""INFO"",""ObjectServer"":""Security"",""ProcessName"":""C:\\Windows\\System32\\wbem\\WMIC.exe"",""ResourceAttributes"":""-"",""EventType"":""AUDIT_SUCCESS"",""Channel"":""Security"",""ObjectType"":""Key"",""Opcode"":""Info"",""ObjectName"":""\\REGISTRY\\MACHINE\\SOFTWARE\\Microsoft\\Windows NT\\CurrentVersion\\Winlogon"",""EventReceivedTime"":""2022-04-15 08:06:03"",""Task"":12801,""SubjectDomainName"":""Cybertees"",""HandleId"":""0x43c"",""Keywords"":-9214364837600034816,""Version"":1,""ProcessId"":""0x24d4"",""tags"":[""splunk""],""SubjectUserSid"":""S-1-5-21-4020993649-1037605423-417876593-1104"",""EventTime"":""2022-04-15 08:06:02"",""host"":""cybertees.net"",""SeverityValue"":2,""SubjectLogonId"":""0x2cc013"",""Message"":""A handle to an object was requested.\r\n\r\nSubject:\r\n\tSecurity ID:\t\tS-1-5-21-4020993649-1037605423-417876593-1104\r\n\tAccount Name:\t\tJames\r\n\tAccount Domain:\t\tCybertees\r\n\tLogon ID:\t\t0x2CC013\r\n\r\nObject:\r\n\tObject Server:\t\tSecurity\r\n\tObject Type:\t\tKey\r\n\tObject Name:\t\t\\REGISTRY\\MACHINE\\SOFTWARE\\Microsoft\\Windows NT\\CurrentVersion\\Winlogon\r\n\tHandle ID:\t\t0x43c\r\n\tResource Attributes:\t-\r\n\r\nProcess Information:\r\n\tProcess ID:\t\t0x24d4\r\n\tProcess Name:\t\tC:\\Windows\\System32\\wbem\\WMIC.exe\r\n\r\nAccess Request Information:\r\n\tTransaction ID:\t\t{00000000-0000-0000-0000-000000000000}\r\n\tAccesses:\t\tREAD_CONTROL\r\n\t\t\t\tQuery key value\r\n\t\t\t\tEnumerate sub-keys\r\n\t\t\t\tNotify about changes to keys\r\n\t\t\t\t\r\n\tAccess Reasons:\t\t-\r\n\tAccess Mask:\t\t0x20019\r\n\tPrivileges Used for Access Check:\t-\r\n\tRestricted SID Count:\t0"",""timestamp"":""2022-04-15T12:06:03.884Z"",""@version"":""1"",""AccessMask"":""0x20019"",""SourceModuleType"":""im_msvistalog"",""RestrictedSidCount"":""0"",""TransactionId"":""{00000000-0000-0000-0000-000000000000}"",""Hostname"":""James.browne"",""PrivilegeList"":""-""}",2022-04-15T08:06:02.000+0000,8,15,6,april,2,friday,2022,local,,AUDIT_SUCCESS,cybertees.net,cyber-host,windowslogs,1,60427,"{"""":,"""":,"""":""{----}"","""":""---"","""":,"""":""%%\\\\\\%%\\",Event_logs.json,_json,ip-10-10-40-195,,splunk,,2022-04-15T12:06:03.884Z,
1,,,,,,,,,,,Registry,Security,,,,,,,,,,,,,,,,,,,,,,,4658,,2022-04-15 8:06:03,2022-04-15 8:06:02,,4,,,,,0x42c4,,James.browne,,,,,,,,,,-9214364837600034816,,,,,,,,,"The handle to an object was closed.

Subject :
	Security ID:		S-1-5-21-4020993649-1037605423-417876593-1104
	Account Name:		James
	Account Domain:		Cybertees
	Logon ID:		0x2CC013

Object:
	Object Server:		Security
	Handle ID:		0x42c4

Process Information:
	Process ID:		0x24d4
	Process Name:		C:\Windows\System32\wbem\WMIC.exe",,,,,Security,,,Info,0,,,,,,,,,,,0x24d4,C:\Windows\System32\wbem\WMIC.exe,,,{54849625-5478-4994-A5BA-3E3B0328C30D},,,,73320,,,,,,,,,INFO,2,,,,,,,,,,,,eventlog,im_msvistalog,Microsoft-Windows-Security-Auditing,,,,,,,Cybertees,0x2cc013,James,S-1-5-21-4020993649-1037605423-417876593-1104,,,,,,,,,,,,,,12801,,,,1020,,,,,,,0,,,"{""tags"":[""splunk""],""EventID"":4658,""RecordNumber"":73320,""ProviderGuid"":""{54849625-5478-4994-A5BA-3E3B0328C30D}"",""SourceName"":""Microsoft-Windows-Security-Auditing"",""OpcodeValue"":0,""EventTime"":""2022-04-15 08:06:02"",""SubjectUserSid"":""S-1-5-21-4020993649-1037605423-417876593-1104"",""host"":""cybertees.net"",""SeverityValue"":2,""ExecutionProcessID"":4,""Category"":""Registry"",""SubjectLogonId"":""0x2cc013"",""SourceModuleName"":""eventlog"",""Message"":""The handle to an object was closed.\r\n\r\nSubject :\r\n\tSecurity ID:\t\tS-1-5-21-4020993649-1037605423-417876593-1104\r\n\tAccount Name:\t\tJames\r\n\tAccount Domain:\t\tCybertees\r\n\tLogon ID:\t\t0x2CC013\r\n\r\nObject:\r\n\tObject Server:\t\tSecurity\r\n\tHandle ID:\t\t0x42c4\r\n\r\nProcess Information:\r\n\tProcess ID:\t\t0x24d4\r\n\tProcess Name:\t\tC:\\Windows\\System32\\wbem\\WMIC.exe"",""port"":60427,""timestamp"":""2022-04-15T12:06:03.884Z"",""ThreadID"":1020,""SubjectUserName"":""James"",""Severity"":""INFO"",""ObjectServer"":""Security"",""ProcessName"":""C:\\Windows\\System32\\wbem\\WMIC.exe"",""EventType"":""AUDIT_SUCCESS"",""Channel"":""Security"",""Opcode"":""Info"",""EventReceivedTime"":""2022-04-15 08:06:03"",""@version"":""1"",""Task"":12801,""SubjectDomainName"":""Cybertees"",""HandleId"":""0x42c4"",""SourceModuleType"":""im_msvistalog"",""Hostname"":""James.browne"",""Keywords"":-9214364837600034816,""Version"":0,""ProcessId"":""0x24d4""}",2022-04-15T08:06:02.000+0000,8,15,6,april,2,friday,2022,local,,AUDIT_SUCCESS,cybertees.net,cyber-host,windowslogs,1,60427,"{"""":[""""],"""":,"""":,"""":""{----}"","""":""---"","""":,"""":""--_:",Event_logs.json,_json,ip-10-10-40-195,,splunk,,2022-04-15T12:06:03.884Z,
1,,,,,,,,,,,Handle Manipulation,Security,,,,,,,,,,,,,,,,,,,,,,,4690,,2022-04-15 8:06:03,2022-04-15 8:06:02,,4,,,,,,,James.browne,,,,,,,,,,-9214364837600034816,,,,,,,,,"An attempt was made to duplicate a handle to an object.

Subject:
	Security ID:		S-1-5-21-4020993649-1037605423-417876593-1104
	Account Name:		James
	Account Domain:		Cybertees
	Logon ID:		0x2CC013

Source Handle Information:
	Source Handle ID:	0x43c
	Source Process ID:	0x24d4

New Handle Information:
	Target Handle ID:	0x42c4
	Target Process ID:	0x4",,,,,,,,Info,0,,,,,,,,,,,0x24d4,,,,{54849625-5478-4994-A5BA-3E3B0328C30D},,,,73319,,,,,,,,,INFO,2,,,,,,,0x43c,,,,,eventlog,im_msvistalog,Microsoft-Windows-Security-Auditing,,,,0x24d4,,,Cybertees,0x2cc013,James,S-1-5-21-4020993649-1037605423-417876593-1104,,,0x42c4,,,,,,,,0x4,,,12807,,,,1020,,,,,,,0,,,"{""tags"":[""splunk""],""EventID"":4690,""RecordNumber"":73319,""ProviderGuid"":""{54849625-5478-4994-A5BA-3E3B0328C30D}"",""SourceName"":""Microsoft-Windows-Security-Auditing"",""OpcodeValue"":0,""EventTime"":""2022-04-15 08:06:02"",""SubjectUserSid"":""S-1-5-21-4020993649-1037605423-417876593-1104"",""host"":""cybertees.net"",""SeverityValue"":2,""ExecutionProcessID"":4,""Category"":""Handle Manipulation"",""SubjectLogonId"":""0x2cc013"",""SourceProcessId"":""0x24d4"",""SourceModuleName"":""eventlog"",""SourceHandleId"":""0x43c"",""Message"":""An attempt was made to duplicate a handle to an object.\r\n\r\nSubject:\r\n\tSecurity ID:\t\tS-1-5-21-4020993649-1037605423-417876593-1104\r\n\tAccount Name:\t\tJames\r\n\tAccount Domain:\t\tCybertees\r\n\tLogon ID:\t\t0x2CC013\r\n\r\nSource Handle Information:\r\n\tSource Handle ID:\t0x43c\r\n\tSource Process ID:\t0x24d4\r\n\r\nNew Handle Information:\r\n\tTarget Handle ID:\t0x42c4\r\n\tTarget Process ID:\t0x4"",""port"":60427,""timestamp"":""2022-04-15T12:06:03.883Z"",""ThreadID"":1020,""TargetProcessId"":""0x4"",""SubjectUserName"":""James"",""Severity"":""INFO"",""EventType"":""AUDIT_SUCCESS"",""Channel"":""Security"",""Opcode"":""Info"",""EventReceivedTime"":""2022-04-15 08:06:03"",""@version"":""1"",""Task"":12807,""SubjectDomainName"":""Cybertees"",""SourceModuleType"":""im_msvistalog"",""TargetHandleId"":""0x42c4"",""Hostname"":""James.browne"",""Keywords"":-9214364837600034816,""Version"":0,""ProcessId"":""0x24d4""}",2022-04-15T08:06:02.000+0000,8,15,6,april,2,friday,2022,local,,AUDIT_SUCCESS,cybertees.net,cyber-host,windowslogs,1,60427,"{"""":[""""],"""":,"""":,"""":""{----}"","""":""---"","""":,"""":""--_:",Event_logs.json,_json,ip-10-10-40-195,,splunk,,2022-04-15T12:06:03.883Z,
1,,,,,,,,,,,Registry,Security,,,,,,,,,,,,,,,,,,,,,,,4658,,2022-04-15 8:06:03,2022-04-15 8:06:02,,4,,,,,0x408,,James.browne,,,,,,,,,,-9214364837600034816,,,,,,,,,"The handle to an object was closed.

Subject :
	Security ID:		S-1-5-21-4020993649-1037605423-417876593-1104
	Account Name:		James
	Account Domain:		Cybertees
	Logon ID:		0x2CC013

Object:
	Object Server:		Security
	Handle ID:		0x408

Process Information:
	Process ID:		0x24d4
	Process Name:		C:\Windows\System32\wbem\WMIC.exe",,,,,Security,,,Info,0,,,,,,,,,,,0x24d4,C:\Windows\System32\wbem\WMIC.exe,,,{54849625-5478-4994-A5BA-3E3B0328C30D},,,,73318,,,,,,,,,INFO,2,,,,,,,,,,,,eventlog,im_msvistalog,Microsoft-Windows-Security-Auditing,,,,,,,Cybertees,0x2cc013,James,S-1-5-21-4020993649-1037605423-417876593-1104,,,,,,,,,,,,,,12801,,,,1020,,,,,,,0,,,"{""tags"":[""splunk""],""EventID"":4658,""RecordNumber"":73318,""ProviderGuid"":""{54849625-5478-4994-A5BA-3E3B0328C30D}"",""SourceName"":""Microsoft-Windows-Security-Auditing"",""OpcodeValue"":0,""EventTime"":""2022-04-15 08:06:02"",""SubjectUserSid"":""S-1-5-21-4020993649-1037605423-417876593-1104"",""host"":""cybertees.net"",""SeverityValue"":2,""ExecutionProcessID"":4,""Category"":""Registry"",""SubjectLogonId"":""0x2cc013"",""SourceModuleName"":""eventlog"",""Message"":""The handle to an object was closed.\r\n\r\nSubject :\r\n\tSecurity ID:\t\tS-1-5-21-4020993649-1037605423-417876593-1104\r\n\tAccount Name:\t\tJames\r\n\tAccount Domain:\t\tCybertees\r\n\tLogon ID:\t\t0x2CC013\r\n\r\nObject:\r\n\tObject Server:\t\tSecurity\r\n\tHandle ID:\t\t0x408\r\n\r\nProcess Information:\r\n\tProcess ID:\t\t0x24d4\r\n\tProcess Name:\t\tC:\\Windows\\System32\\wbem\\WMIC.exe"",""port"":60427,""timestamp"":""2022-04-15T12:06:03.883Z"",""ThreadID"":1020,""SubjectUserName"":""James"",""Severity"":""INFO"",""ObjectServer"":""Security"",""ProcessName"":""C:\\Windows\\System32\\wbem\\WMIC.exe"",""EventType"":""AUDIT_SUCCESS"",""Channel"":""Security"",""Opcode"":""Info"",""EventReceivedTime"":""2022-04-15 08:06:03"",""@version"":""1"",""Task"":12801,""SubjectDomainName"":""Cybertees"",""HandleId"":""0x408"",""SourceModuleType"":""im_msvistalog"",""Hostname"":""James.browne"",""Keywords"":-9214364837600034816,""Version"":0,""ProcessId"":""0x24d4""}",2022-04-15T08:06:02.000+0000,8,15,6,april,2,friday,2022,local,,AUDIT_SUCCESS,cybertees.net,cyber-host,windowslogs,1,60427,"{"""":[""""],"""":,"""":,"""":""{----}"","""":""---"","""":,"""":""--_:",Event_logs.json,_json,ip-10-10-40-195,,splunk,,2022-04-15T12:06:03.883Z,
1,"%%4432
				",0x1,,,,,,,,,Registry,Security,,,,,,,,,,,,,,,,,,,,,,,4663,,2022-04-15 8:06:03,2022-04-15 8:06:02,,4,,,,,0x408,,James.browne,,,,,,,,,,-9214364837600034816,,,,,,,,,"An attempt was made to access an object.

Subject:
	Security ID:		S-1-5-21-4020993649-1037605423-417876593-1104
	Account Name:		James
	Account Domain:		Cybertees
	Logon ID:		0x2CC013

Object:
	Object Server:		Security
	Object Type:		Key
	Object Name:		\REGISTRY\MACHINE\SOFTWARE\Microsoft\Windows NT\CurrentVersion\Winlogon
	Handle ID:		0x408
	Resource Attributes:	-

Process Information:
	Process ID:		0x24d4
	Process Name:		C:\Windows\System32\wbem\WMIC.exe

Access Request Information:
	Accesses:		Query key value
				
	Access Mask:		0x1",,,,\REGISTRY\MACHINE\SOFTWARE\Microsoft\Windows NT\CurrentVersion\Winlogon,Security,Key,,Info,0,,,,,,,,,,,0x24d4,C:\Windows\System32\wbem\WMIC.exe,,,{54849625-5478-4994-A5BA-3E3B0328C30D},,,,73317,,,,-,,,,,INFO,2,,,,,,,,,,,,eventlog,im_msvistalog,Microsoft-Windows-Security-Auditing,,,,,,,Cybertees,0x2cc013,James,S-1-5-21-4020993649-1037605423-417876593-1104,,,,,,,,,,,,,,12801,,,,1020,,,,,,,1,,,"{""tags"":[""splunk""],""EventID"":4663,""RecordNumber"":73317,""ProviderGuid"":""{54849625-5478-4994-A5BA-3E3B0328C30D}"",""SourceName"":""Microsoft-Windows-Security-Auditing"",""OpcodeValue"":0,""EventTime"":""2022-04-15 08:06:02"",""SubjectUserSid"":""S-1-5-21-4020993649-1037605423-417876593-1104"",""host"":""cybertees.net"",""SeverityValue"":2,""ExecutionProcessID"":4,""Category"":""Registry"",""SubjectLogonId"":""0x2cc013"",""AccessList"":""%%4432\r\n\t\t\t\t"",""SourceModuleName"":""eventlog"",""Message"":""An attempt was made to access an object.\r\n\r\nSubject:\r\n\tSecurity ID:\t\tS-1-5-21-4020993649-1037605423-417876593-1104\r\n\tAccount Name:\t\tJames\r\n\tAccount Domain:\t\tCybertees\r\n\tLogon ID:\t\t0x2CC013\r\n\r\nObject:\r\n\tObject Server:\t\tSecurity\r\n\tObject Type:\t\tKey\r\n\tObject Name:\t\t\\REGISTRY\\MACHINE\\SOFTWARE\\Microsoft\\Windows NT\\CurrentVersion\\Winlogon\r\n\tHandle ID:\t\t0x408\r\n\tResource Attributes:\t-\r\n\r\nProcess Information:\r\n\tProcess ID:\t\t0x24d4\r\n\tProcess Name:\t\tC:\\Windows\\System32\\wbem\\WMIC.exe\r\n\r\nAccess Request Information:\r\n\tAccesses:\t\tQuery key value\r\n\t\t\t\t\r\n\tAccess Mask:\t\t0x1"",""port"":60427,""timestamp"":""2022-04-15T12:06:03.883Z"",""ThreadID"":1020,""SubjectUserName"":""James"",""Severity"":""INFO"",""ObjectServer"":""Security"",""ProcessName"":""C:\\Windows\\System32\\wbem\\WMIC.exe"",""ResourceAttributes"":""-"",""EventType"":""AUDIT_SUCCESS"",""Channel"":""Security"",""ObjectType"":""Key"",""Opcode"":""Info"",""ObjectName"":""\\REGISTRY\\MACHINE\\SOFTWARE\\Microsoft\\Windows NT\\CurrentVersion\\Winlogon"",""EventReceivedTime"":""2022-04-15 08:06:03"",""@version"":""1"",""Task"":12801,""SubjectDomainName"":""Cybertees"",""HandleId"":""0x408"",""AccessMask"":""0x1"",""SourceModuleType"":""im_msvistalog"",""Hostname"":""James.browne"",""Keywords"":-9214364837600034816,""Version"":1,""ProcessId"":""0x24d4""}",2022-04-15T08:06:02.000+0000,8,15,6,april,2,friday,2022,local,,AUDIT_SUCCESS,cybertees.net,cyber-host,windowslogs,1,60427,"{"""":[""""],"""":,"""":,"""":""{----}"","""":""---"","""":,"""":""--_:",Event_logs.json,_json,ip-10-10-40-195,,splunk,,2022-04-15T12:06:03.883Z,
1,"%%1538
				%%4432
				%%4435
				%%4436
				",0x20019,-,,,,,,,,Registry,Security,,,,,,,,,,,,,,,,,,,,,,,4656,,2022-04-15 8:06:03,2022-04-15 8:06:02,,4,,,,,0x408,,James.browne,,,,,,,,,,-9214364837600034816,,,,,,,,,"A handle to an object was requested.

Subject:
	Security ID:		S-1-5-21-4020993649-1037605423-417876593-1104
	Account Name:		James
	Account Domain:		Cybertees
	Logon ID:		0x2CC013

Object:
	Object Server:		Security
	Object Type:		Key
	Object Name:		\REGISTRY\MACHINE\SOFTWARE\Microsoft\Windows NT\CurrentVersion\Winlogon
	Handle ID:		0x408
	Resource Attributes:	-

Process Information:
	Process ID:		0x24d4
	Process Name:		C:\Windows\System32\wbem\WMIC.exe

Access Request Information:
	Transaction ID:		{00000000-0000-0000-0000-000000000000}
	Accesses:		READ_CONTROL
				Query key value
				Enumerate sub-keys
				Notify about changes to keys
				
	Access Reasons:		-
	Access Mask:		0x20019
	Privileges Used for Access Check:	-
	Restricted SID Count:	0",,,,\REGISTRY\MACHINE\SOFTWARE\Microsoft\Windows NT\CurrentVersion\Winlogon,Security,Key,,Info,0,,,,,,,,,-,,0x24d4,C:\Windows\System32\wbem\WMIC.exe,,,{54849625-5478-4994-A5BA-3E3B0328C30D},,,,73316,,,,-,,0,,,INFO,2,,,,,,,,,,,,eventlog,im_msvistalog,Microsoft-Windows-Security-Auditing,,,,,,,Cybertees,0x2cc013,James,S-1-5-21-4020993649-1037605423-417876593-1104,,,,,,,,,,,,,,12801,,,,1020,,{00000000-0000-0000-0000-000000000000},,,,,1,,,"{""EventID"":4656,""RecordNumber"":73316,""ProviderGuid"":""{54849625-5478-4994-A5BA-3E3B0328C30D}"",""SourceName"":""Microsoft-Windows-Security-Auditing"",""OpcodeValue"":0,""AccessList"":""%%1538\r\n\t\t\t\t%%4432\r\n\t\t\t\t%%4435\r\n\t\t\t\t%%4436\r\n\t\t\t\t"",""AccessReason"":""-"",""SourceModuleName"":""eventlog"",""ExecutionProcessID"":4,""Category"":""Registry"",""port"":60427,""ThreadID"":1020,""SubjectUserName"":""James"",""Severity"":""INFO"",""ObjectServer"":""Security"",""ProcessName"":""C:\\Windows\\System32\\wbem\\WMIC.exe"",""ResourceAttributes"":""-"",""EventType"":""AUDIT_SUCCESS"",""Channel"":""Security"",""ObjectType"":""Key"",""Opcode"":""Info"",""ObjectName"":""\\REGISTRY\\MACHINE\\SOFTWARE\\Microsoft\\Windows NT\\CurrentVersion\\Winlogon"",""EventReceivedTime"":""2022-04-15 08:06:03"",""Task"":12801,""SubjectDomainName"":""Cybertees"",""HandleId"":""0x408"",""Keywords"":-9214364837600034816,""Version"":1,""ProcessId"":""0x24d4"",""tags"":[""splunk""],""SubjectUserSid"":""S-1-5-21-4020993649-1037605423-417876593-1104"",""EventTime"":""2022-04-15 08:06:02"",""host"":""cybertees.net"",""SeverityValue"":2,""SubjectLogonId"":""0x2cc013"",""Message"":""A handle to an object was requested.\r\n\r\nSubject:\r\n\tSecurity ID:\t\tS-1-5-21-4020993649-1037605423-417876593-1104\r\n\tAccount Name:\t\tJames\r\n\tAccount Domain:\t\tCybertees\r\n\tLogon ID:\t\t0x2CC013\r\n\r\nObject:\r\n\tObject Server:\t\tSecurity\r\n\tObject Type:\t\tKey\r\n\tObject Name:\t\t\\REGISTRY\\MACHINE\\SOFTWARE\\Microsoft\\Windows NT\\CurrentVersion\\Winlogon\r\n\tHandle ID:\t\t0x408\r\n\tResource Attributes:\t-\r\n\r\nProcess Information:\r\n\tProcess ID:\t\t0x24d4\r\n\tProcess Name:\t\tC:\\Windows\\System32\\wbem\\WMIC.exe\r\n\r\nAccess Request Information:\r\n\tTransaction ID:\t\t{00000000-0000-0000-0000-000000000000}\r\n\tAccesses:\t\tREAD_CONTROL\r\n\t\t\t\tQuery key value\r\n\t\t\t\tEnumerate sub-keys\r\n\t\t\t\tNotify about changes to keys\r\n\t\t\t\t\r\n\tAccess Reasons:\t\t-\r\n\tAccess Mask:\t\t0x20019\r\n\tPrivileges Used for Access Check:\t-\r\n\tRestricted SID Count:\t0"",""timestamp"":""2022-04-15T12:06:03.883Z"",""@version"":""1"",""AccessMask"":""0x20019"",""SourceModuleType"":""im_msvistalog"",""RestrictedSidCount"":""0"",""TransactionId"":""{00000000-0000-0000-0000-000000000000}"",""Hostname"":""James.browne"",""PrivilegeList"":""-""}",2022-04-15T08:06:02.000+0000,8,15,6,april,2,friday,2022,local,,AUDIT_SUCCESS,cybertees.net,cyber-host,windowslogs,1,60427,"{"""":,"""":,"""":""{----}"","""":""---"","""":,"""":""%%\\\\\\%%\\",Event_logs.json,_json,ip-10-10-40-195,,splunk,,2022-04-15T12:06:03.883Z,
1,,,,,,,,,,,Registry,Security,,,,,,,,,,,,,,,,,,,,,,,4658,,2022-04-15 8:06:03,2022-04-15 8:06:02,,4,,,,,0x195c,,James.browne,,,,,,,,,,-9214364837600034816,,,,,,,,,"The handle to an object was closed.

Subject :
	Security ID:		S-1-5-21-4020993649-1037605423-417876593-1104
	Account Name:		James
	Account Domain:		Cybertees
	Logon ID:		0x2CC013

Object:
	Object Server:		Security
	Handle ID:		0x195c

Process Information:
	Process ID:		0x24d4
	Process Name:		C:\Windows\System32\wbem\WMIC.exe",,,,,Security,,,Info,0,,,,,,,,,,,0x24d4,C:\Windows\System32\wbem\WMIC.exe,,,{54849625-5478-4994-A5BA-3E3B0328C30D},,,,73315,,,,,,,,,INFO,2,,,,,,,,,,,,eventlog,im_msvistalog,Microsoft-Windows-Security-Auditing,,,,,,,Cybertees,0x2cc013,James,S-1-5-21-4020993649-1037605423-417876593-1104,,,,,,,,,,,,,,12801,,,,1020,,,,,,,0,,,"{""tags"":[""splunk""],""EventID"":4658,""RecordNumber"":73315,""ProviderGuid"":""{54849625-5478-4994-A5BA-3E3B0328C30D}"",""SourceName"":""Microsoft-Windows-Security-Auditing"",""OpcodeValue"":0,""EventTime"":""2022-04-15 08:06:02"",""SubjectUserSid"":""S-1-5-21-4020993649-1037605423-417876593-1104"",""host"":""cybertees.net"",""SeverityValue"":2,""ExecutionProcessID"":4,""Category"":""Registry"",""SubjectLogonId"":""0x2cc013"",""SourceModuleName"":""eventlog"",""Message"":""The handle to an object was closed.\r\n\r\nSubject :\r\n\tSecurity ID:\t\tS-1-5-21-4020993649-1037605423-417876593-1104\r\n\tAccount Name:\t\tJames\r\n\tAccount Domain:\t\tCybertees\r\n\tLogon ID:\t\t0x2CC013\r\n\r\nObject:\r\n\tObject Server:\t\tSecurity\r\n\tHandle ID:\t\t0x195c\r\n\r\nProcess Information:\r\n\tProcess ID:\t\t0x24d4\r\n\tProcess Name:\t\tC:\\Windows\\System32\\wbem\\WMIC.exe"",""port"":60427,""timestamp"":""2022-04-15T12:06:03.883Z"",""ThreadID"":1020,""SubjectUserName"":""James"",""Severity"":""INFO"",""ObjectServer"":""Security"",""ProcessName"":""C:\\Windows\\System32\\wbem\\WMIC.exe"",""EventType"":""AUDIT_SUCCESS"",""Channel"":""Security"",""Opcode"":""Info"",""EventReceivedTime"":""2022-04-15 08:06:03"",""@version"":""1"",""Task"":12801,""SubjectDomainName"":""Cybertees"",""HandleId"":""0x195c"",""SourceModuleType"":""im_msvistalog"",""Hostname"":""James.browne"",""Keywords"":-9214364837600034816,""Version"":0,""ProcessId"":""0x24d4""}",2022-04-15T08:06:02.000+0000,8,15,6,april,2,friday,2022,local,,AUDIT_SUCCESS,cybertees.net,cyber-host,windowslogs,1,60427,"{"""":[""""],"""":,"""":,"""":""{----}"","""":""---"","""":,"""":""--_:",Event_logs.json,_json,ip-10-10-40-195,,splunk,,2022-04-15T12:06:03.883Z,
1,,,,,,,,,,,Handle Manipulation,Security,,,,,,,,,,,,,,,,,,,,,,,4690,,2022-04-15 8:06:03,2022-04-15 8:06:02,,4,,,,,,,James.browne,,,,,,,,,,-9214364837600034816,,,,,,,,,"An attempt was made to duplicate a handle to an object.

Subject:
	Security ID:		S-1-5-21-4020993649-1037605423-417876593-1104
	Account Name:		James
	Account Domain:		Cybertees
	Logon ID:		0x2CC013

Source Handle Information:
	Source Handle ID:	0x408
	Source Process ID:	0x24d4

New Handle Information:
	Target Handle ID:	0x195c
	Target Process ID:	0x4",,,,,,,,Info,0,,,,,,,,,,,0x24d4,,,,{54849625-5478-4994-A5BA-3E3B0328C30D},,,,73314,,,,,,,,,INFO,2,,,,,,,0x408,,,,,eventlog,im_msvistalog,Microsoft-Windows-Security-Auditing,,,,0x24d4,,,Cybertees,0x2cc013,James,S-1-5-21-4020993649-1037605423-417876593-1104,,,0x195c,,,,,,,,0x4,,,12807,,,,1020,,,,,,,0,,,"{""tags"":[""splunk""],""EventID"":4690,""RecordNumber"":73314,""ProviderGuid"":""{54849625-5478-4994-A5BA-3E3B0328C30D}"",""SourceName"":""Microsoft-Windows-Security-Auditing"",""OpcodeValue"":0,""EventTime"":""2022-04-15 08:06:02"",""SubjectUserSid"":""S-1-5-21-4020993649-1037605423-417876593-1104"",""host"":""cybertees.net"",""SeverityValue"":2,""ExecutionProcessID"":4,""Category"":""Handle Manipulation"",""SubjectLogonId"":""0x2cc013"",""SourceProcessId"":""0x24d4"",""SourceModuleName"":""eventlog"",""SourceHandleId"":""0x408"",""Message"":""An attempt was made to duplicate a handle to an object.\r\n\r\nSubject:\r\n\tSecurity ID:\t\tS-1-5-21-4020993649-1037605423-417876593-1104\r\n\tAccount Name:\t\tJames\r\n\tAccount Domain:\t\tCybertees\r\n\tLogon ID:\t\t0x2CC013\r\n\r\nSource Handle Information:\r\n\tSource Handle ID:\t0x408\r\n\tSource Process ID:\t0x24d4\r\n\r\nNew Handle Information:\r\n\tTarget Handle ID:\t0x195c\r\n\tTarget Process ID:\t0x4"",""port"":60427,""timestamp"":""2022-04-15T12:06:03.882Z"",""ThreadID"":1020,""TargetProcessId"":""0x4"",""SubjectUserName"":""James"",""Severity"":""INFO"",""EventType"":""AUDIT_SUCCESS"",""Channel"":""Security"",""Opcode"":""Info"",""EventReceivedTime"":""2022-04-15 08:06:03"",""@version"":""1"",""Task"":12807,""SubjectDomainName"":""Cybertees"",""SourceModuleType"":""im_msvistalog"",""TargetHandleId"":""0x195c"",""Hostname"":""James.browne"",""Keywords"":-9214364837600034816,""Version"":0,""ProcessId"":""0x24d4""}",2022-04-15T08:06:02.000+0000,8,15,6,april,2,friday,2022,local,,AUDIT_SUCCESS,cybertees.net,cyber-host,windowslogs,1,60427,"{"""":[""""],"""":,"""":,"""":""{----}"","""":""---"","""":,"""":""--_:",Event_logs.json,_json,ip-10-10-40-195,,splunk,,2022-04-15T12:06:03.882Z,
1,,,,,,,\device\harddiskvolume2\windows\system32\lsass.exe,,,,Filtering Platform Connection,Security,,,,,,,172.18.38.5,88,,,,,,,,%%14593,,,,,,,5156,,2022-04-15 8:06:03,2022-04-15 8:06:02,,4,,69141,,,,,James.browne,,,,,,,,,,-9214364837600034816,%%14611,48,,,,,,,"The Windows Filtering Platform has permitted a connection.

Application Information:
	Process ID:		740
	Application Name:	\device\harddiskvolume2\windows\system32\lsass.exe

Network Information:
	Direction:		Outbound
	Source Address:		172.90.12.11
	Source Port:		60067
	Destination Address:	172.18.38.5
	Destination Port:		88
	Protocol:		6

Filter Information:
	Filter Run-Time ID:	69141
	Layer Name:		Connect
	Layer Run-Time ID:	48",,,,,,,,Info,0,,,,,,,,,,,740,,,6,{54849625-5478-4994-A5BA-3E3B0328C30D},,,,73313,,S-1-0-0,S-1-0-0,,,,,,INFO,2,,,,,,172.90.12.11,,,,,,eventlog,im_msvistalog,Microsoft-Windows-Security-Auditing,60067,,,,,,,,,,,,,,,,,,,,,,,12810,,,,1020,,,,,,,1,,,"{""ProcessId"":""740"",""tags"":[""splunk""],""EventID"":5156,""RecordNumber"":73313,""ProviderGuid"":""{54849625-5478-4994-A5BA-3E3B0328C30D}"",""SourceName"":""Microsoft-Windows-Security-Auditing"",""OpcodeValue"":0,""EventTime"":""2022-04-15 08:06:02"",""FilterRTID"":""69141"",""host"":""cybertees.net"",""SeverityValue"":2,""ExecutionProcessID"":4,""Category"":""Filtering Platform Connection"",""SourceModuleName"":""eventlog"",""Direction"":""%%14593"",""Message"":""The Windows Filtering Platform has permitted a connection.\r\n\r\nApplication Information:\r\n\tProcess ID:\t\t740\r\n\tApplication Name:\t\\device\\harddiskvolume2\\windows\\system32\\lsass.exe\r\n\r\nNetwork Information:\r\n\tDirection:\t\tOutbound\r\n\tSource Address:\t\t172.90.12.11\r\n\tSource Port:\t\t60067\r\n\tDestination Address:\t172.18.38.5\r\n\tDestination Port:\t\t88\r\n\tProtocol:\t\t6\r\n\r\nFilter Information:\r\n\tFilter Run-Time ID:\t69141\r\n\tLayer Name:\t\tConnect\r\n\tLayer Run-Time ID:\t48"",""port"":60427,""RemoteMachineID"":""S-1-0-0"",""Protocol"":""6"",""timestamp"":""2022-04-15T12:06:03.881Z"",""ThreadID"":1020,""Severity"":""INFO"",""EventType"":""AUDIT_SUCCESS"",""Channel"":""Security"",""SourceAddress"":""172.90.12.11"",""Opcode"":""Info"",""EventReceivedTime"":""2022-04-15 08:06:03"",""DestAddress"":""172.18.38.5"",""@version"":""1"",""Task"":12810,""SourceModuleType"":""im_msvistalog"",""LayerName"":""%%14611"",""DestPort"":""88"",""LayerRTID"":""48"",""RemoteUserID"":""S-1-0-0"",""Hostname"":""James.browne"",""Application"":""\\device\\harddiskvolume2\\windows\\system32\\lsass.exe"",""Keywords"":-9214364837600034816,""Version"":1,""SourcePort"":""60067""}",2022-04-15T08:06:02.000+0000,8,15,6,april,2,friday,2022,local,,AUDIT_SUCCESS,cybertees.net,cyber-host,windowslogs,1,60427,"{"""":"""","""":[""""],"""":,"""":,"""":""{----}"","""":""---"","""":,""""",Event_logs.json,_json,ip-10-10-40-195,,splunk,,2022-04-15T12:06:03.881Z,
1,,,,,,,\device\harddiskvolume2\windows\system32\lsass.exe,,,,Filtering Platform Connection,Security,,,,,,,,,,,,,,,,,,,,,,,5158,,2022-04-15 8:06:03,2022-04-15 8:06:02,,4,,0,,,,,James.browne,,,,,,,,,,-9214364837600034816,%%14608,36,,,,,,,"The Windows Filtering Platform has permitted a bind to a local port.

Application Information:
	Process ID:		740
	Application Name:	\device\harddiskvolume2\windows\system32\lsass.exe

Network Information:
	Source Address:		0.0.0.0
	Source Port:		60067
	Protocol:		6

Filter Information:
	Filter Run-Time ID:	0
	Layer Name:		Resource Assignment
	Layer Run-Time ID:	36",,,,,,,,Info,0,,,,,,,,,,,740,,,6,{54849625-5478-4994-A5BA-3E3B0328C30D},,,,73312,,,,,,,,,INFO,2,,,,,,0.0.0.0,,,,,,eventlog,im_msvistalog,Microsoft-Windows-Security-Auditing,60067,,,,,,,,,,,,,,,,,,,,,,,12810,,,,1020,,,,,,,0,,,"{""ProcessId"":""740"",""tags"":[""splunk""],""EventID"":5158,""RecordNumber"":73312,""ProviderGuid"":""{54849625-5478-4994-A5BA-3E3B0328C30D}"",""SourceName"":""Microsoft-Windows-Security-Auditing"",""OpcodeValue"":0,""EventTime"":""2022-04-15 08:06:02"",""FilterRTID"":""0"",""host"":""cybertees.net"",""SeverityValue"":2,""ExecutionProcessID"":4,""Category"":""Filtering Platform Connection"",""SourceModuleName"":""eventlog"",""Message"":""The Windows Filtering Platform has permitted a bind to a local port.\r\n\r\nApplication Information:\r\n\tProcess ID:\t\t740\r\n\tApplication Name:\t\\device\\harddiskvolume2\\windows\\system32\\lsass.exe\r\n\r\nNetwork Information:\r\n\tSource Address:\t\t0.0.0.0\r\n\tSource Port:\t\t60067\r\n\tProtocol:\t\t6\r\n\r\nFilter Information:\r\n\tFilter Run-Time ID:\t0\r\n\tLayer Name:\t\tResource Assignment\r\n\tLayer Run-Time ID:\t36"",""port"":60427,""Protocol"":""6"",""timestamp"":""2022-04-15T12:06:03.881Z"",""ThreadID"":1020,""Severity"":""INFO"",""EventType"":""AUDIT_SUCCESS"",""Channel"":""Security"",""SourceAddress"":""0.0.0.0"",""Opcode"":""Info"",""EventReceivedTime"":""2022-04-15 08:06:03"",""@version"":""1"",""Task"":12810,""SourceModuleType"":""im_msvistalog"",""LayerName"":""%%14608"",""LayerRTID"":""36"",""Hostname"":""James.browne"",""Application"":""\\device\\harddiskvolume2\\windows\\system32\\lsass.exe"",""Keywords"":-9214364837600034816,""Version"":0,""SourcePort"":""60067""}",2022-04-15T08:06:02.000+0000,8,15,6,april,2,friday,2022,local,,AUDIT_SUCCESS,cybertees.net,cyber-host,windowslogs,1,60427,"{"""":"""","""":[""""],"""":,"""":,"""":""{----}"","""":""---"","""":,""""",Event_logs.json,_json,ip-10-10-40-195,,splunk,,2022-04-15T12:06:03.881Z,
1,,,,,,,\device\harddiskvolume2\windows\system32\lsass.exe,,,,Filtering Platform Connection,Security,,,,,,,172.18.38.5,88,,,,,,,,%%14593,,,,,,,5156,,2022-04-15 8:06:03,2022-04-15 8:06:02,,4,,69141,,,,,James.browne,,,,,,,,,,-9214364837600034816,%%14611,48,,,,,,,"The Windows Filtering Platform has permitted a connection.

Application Information:
	Process ID:		740
	Application Name:	\device\harddiskvolume2\windows\system32\lsass.exe

Network Information:
	Direction:		Outbound
	Source Address:		172.90.12.11
	Source Port:		60066
	Destination Address:	172.18.38.5
	Destination Port:		88
	Protocol:		6

Filter Information:
	Filter Run-Time ID:	69141
	Layer Name:		Connect
	Layer Run-Time ID:	48",,,,,,,,Info,0,,,,,,,,,,,740,,,6,{54849625-5478-4994-A5BA-3E3B0328C30D},,,,73311,,S-1-0-0,S-1-0-0,,,,,,INFO,2,,,,,,172.90.12.11,,,,,,eventlog,im_msvistalog,Microsoft-Windows-Security-Auditing,60066,,,,,,,,,,,,,,,,,,,,,,,12810,,,,1020,,,,,,,1,,,"{""ProcessId"":""740"",""tags"":[""splunk""],""EventID"":5156,""RecordNumber"":73311,""ProviderGuid"":""{54849625-5478-4994-A5BA-3E3B0328C30D}"",""SourceName"":""Microsoft-Windows-Security-Auditing"",""OpcodeValue"":0,""EventTime"":""2022-04-15 08:06:02"",""FilterRTID"":""69141"",""host"":""cybertees.net"",""SeverityValue"":2,""ExecutionProcessID"":4,""Category"":""Filtering Platform Connection"",""SourceModuleName"":""eventlog"",""Direction"":""%%14593"",""Message"":""The Windows Filtering Platform has permitted a connection.\r\n\r\nApplication Information:\r\n\tProcess ID:\t\t740\r\n\tApplication Name:\t\\device\\harddiskvolume2\\windows\\system32\\lsass.exe\r\n\r\nNetwork Information:\r\n\tDirection:\t\tOutbound\r\n\tSource Address:\t\t172.90.12.11\r\n\tSource Port:\t\t60066\r\n\tDestination Address:\t172.18.38.5\r\n\tDestination Port:\t\t88\r\n\tProtocol:\t\t6\r\n\r\nFilter Information:\r\n\tFilter Run-Time ID:\t69141\r\n\tLayer Name:\t\tConnect\r\n\tLayer Run-Time ID:\t48"",""port"":60427,""RemoteMachineID"":""S-1-0-0"",""Protocol"":""6"",""timestamp"":""2022-04-15T12:06:03.881Z"",""ThreadID"":1020,""Severity"":""INFO"",""EventType"":""AUDIT_SUCCESS"",""Channel"":""Security"",""SourceAddress"":""172.90.12.11"",""Opcode"":""Info"",""EventReceivedTime"":""2022-04-15 08:06:03"",""DestAddress"":""172.18.38.5"",""@version"":""1"",""Task"":12810,""SourceModuleType"":""im_msvistalog"",""LayerName"":""%%14611"",""DestPort"":""88"",""LayerRTID"":""48"",""RemoteUserID"":""S-1-0-0"",""Hostname"":""James.browne"",""Application"":""\\device\\harddiskvolume2\\windows\\system32\\lsass.exe"",""Keywords"":-9214364837600034816,""Version"":1,""SourcePort"":""60066""}",2022-04-15T08:06:02.000+0000,8,15,6,april,2,friday,2022,local,,AUDIT_SUCCESS,cybertees.net,cyber-host,windowslogs,1,60427,"{"""":"""","""":[""""],"""":,"""":,"""":""{----}"","""":""---"","""":,""""",Event_logs.json,_json,ip-10-10-40-195,,splunk,,2022-04-15T12:06:03.881Z,
1,,,,,,,\device\harddiskvolume2\windows\system32\lsass.exe,,,,Filtering Platform Connection,Security,,,,,,,,,,,,,,,,,,,,,,,5158,,2022-04-15 8:06:03,2022-04-15 8:06:02,,4,,0,,,,,James.browne,,,,,,,,,,-9214364837600034816,%%14608,36,,,,,,,"The Windows Filtering Platform has permitted a bind to a local port.

Application Information:
	Process ID:		740
	Application Name:	\device\harddiskvolume2\windows\system32\lsass.exe

Network Information:
	Source Address:		0.0.0.0
	Source Port:		60066
	Protocol:		6

Filter Information:
	Filter Run-Time ID:	0
	Layer Name:		Resource Assignment
	Layer Run-Time ID:	36",,,,,,,,Info,0,,,,,,,,,,,740,,,6,{54849625-5478-4994-A5BA-3E3B0328C30D},,,,73310,,,,,,,,,INFO,2,,,,,,0.0.0.0,,,,,,eventlog,im_msvistalog,Microsoft-Windows-Security-Auditing,60066,,,,,,,,,,,,,,,,,,,,,,,12810,,,,1020,,,,,,,0,,,"{""ProcessId"":""740"",""tags"":[""splunk""],""EventID"":5158,""RecordNumber"":73310,""ProviderGuid"":""{54849625-5478-4994-A5BA-3E3B0328C30D}"",""SourceName"":""Microsoft-Windows-Security-Auditing"",""OpcodeValue"":0,""EventTime"":""2022-04-15 08:06:02"",""FilterRTID"":""0"",""host"":""cybertees.net"",""SeverityValue"":2,""ExecutionProcessID"":4,""Category"":""Filtering Platform Connection"",""SourceModuleName"":""eventlog"",""Message"":""The Windows Filtering Platform has permitted a bind to a local port.\r\n\r\nApplication Information:\r\n\tProcess ID:\t\t740\r\n\tApplication Name:\t\\device\\harddiskvolume2\\windows\\system32\\lsass.exe\r\n\r\nNetwork Information:\r\n\tSource Address:\t\t0.0.0.0\r\n\tSource Port:\t\t60066\r\n\tProtocol:\t\t6\r\n\r\nFilter Information:\r\n\tFilter Run-Time ID:\t0\r\n\tLayer Name:\t\tResource Assignment\r\n\tLayer Run-Time ID:\t36"",""port"":60427,""Protocol"":""6"",""timestamp"":""2022-04-15T12:06:03.880Z"",""ThreadID"":1020,""Severity"":""INFO"",""EventType"":""AUDIT_SUCCESS"",""Channel"":""Security"",""SourceAddress"":""0.0.0.0"",""Opcode"":""Info"",""EventReceivedTime"":""2022-04-15 08:06:03"",""@version"":""1"",""Task"":12810,""SourceModuleType"":""im_msvistalog"",""LayerName"":""%%14608"",""LayerRTID"":""36"",""Hostname"":""James.browne"",""Application"":""\\device\\harddiskvolume2\\windows\\system32\\lsass.exe"",""Keywords"":-9214364837600034816,""Version"":0,""SourcePort"":""60066""}",2022-04-15T08:06:02.000+0000,8,15,6,april,2,friday,2022,local,,AUDIT_SUCCESS,cybertees.net,cyber-host,windowslogs,1,60427,"{"""":"""","""":[""""],"""":,"""":,"""":""{----}"","""":""---"","""":,""""",Event_logs.json,_json,ip-10-10-40-195,,splunk,,2022-04-15T12:06:03.880Z,
1,,,,,,,\device\harddiskvolume2\windows\system32\wbem\wmic.exe,,,,Filtering Platform Connection,Security,,,,,,,172.18.39.6,61249,,,,,,,,%%14593,,,,,,,5156,,2022-04-15 8:06:03,2022-04-15 8:06:02,,4,,69141,,,,,James.browne,,,,,,,,,,-9214364837600034816,%%14611,48,,,,,,,"The Windows Filtering Platform has permitted a connection.

Application Information:
	Process ID:		9428
	Application Name:	\device\harddiskvolume2\windows\system32\wbem\wmic.exe

Network Information:
	Direction:		Outbound
	Source Address:		172.90.12.11
	Source Port:		60065
	Destination Address:	172.18.39.6
	Destination Port:		61249
	Protocol:		6

Filter Information:
	Filter Run-Time ID:	69141
	Layer Name:		Connect
	Layer Run-Time ID:	48",,,,,,,,Info,0,,,,,,,,,,,9428,,,6,{54849625-5478-4994-A5BA-3E3B0328C30D},,,,73309,,S-1-0-0,S-1-0-0,,,,,,INFO,2,,,,,,172.90.12.11,,,,,,eventlog,im_msvistalog,Microsoft-Windows-Security-Auditing,60065,,,,,,,,,,,,,,,,,,,,,,,12810,,,,1020,,,,,,,1,,,"{""ProcessId"":""9428"",""tags"":[""splunk""],""EventID"":5156,""RecordNumber"":73309,""ProviderGuid"":""{54849625-5478-4994-A5BA-3E3B0328C30D}"",""SourceName"":""Microsoft-Windows-Security-Auditing"",""OpcodeValue"":0,""EventTime"":""2022-04-15 08:06:02"",""FilterRTID"":""69141"",""host"":""cybertees.net"",""SeverityValue"":2,""ExecutionProcessID"":4,""Category"":""Filtering Platform Connection"",""SourceModuleName"":""eventlog"",""Direction"":""%%14593"",""Message"":""The Windows Filtering Platform has permitted a connection.\r\n\r\nApplication Information:\r\n\tProcess ID:\t\t9428\r\n\tApplication Name:\t\\device\\harddiskvolume2\\windows\\system32\\wbem\\wmic.exe\r\n\r\nNetwork Information:\r\n\tDirection:\t\tOutbound\r\n\tSource Address:\t\t172.90.12.11\r\n\tSource Port:\t\t60065\r\n\tDestination Address:\t172.18.39.6\r\n\tDestination Port:\t\t61249\r\n\tProtocol:\t\t6\r\n\r\nFilter Information:\r\n\tFilter Run-Time ID:\t69141\r\n\tLayer Name:\t\tConnect\r\n\tLayer Run-Time ID:\t48"",""port"":60427,""RemoteMachineID"":""S-1-0-0"",""Protocol"":""6"",""timestamp"":""2022-04-15T12:06:03.880Z"",""ThreadID"":1020,""Severity"":""INFO"",""EventType"":""AUDIT_SUCCESS"",""Channel"":""Security"",""SourceAddress"":""172.90.12.11"",""Opcode"":""Info"",""EventReceivedTime"":""2022-04-15 08:06:03"",""DestAddress"":""172.18.39.6"",""@version"":""1"",""Task"":12810,""SourceModuleType"":""im_msvistalog"",""LayerName"":""%%14611"",""DestPort"":""61249"",""LayerRTID"":""48"",""RemoteUserID"":""S-1-0-0"",""Hostname"":""James.browne"",""Application"":""\\device\\harddiskvolume2\\windows\\system32\\wbem\\wmic.exe"",""Keywords"":-9214364837600034816,""Version"":1,""SourcePort"":""60065""}",2022-04-15T08:06:02.000+0000,8,15,6,april,2,friday,2022,local,,AUDIT_SUCCESS,cybertees.net,cyber-host,windowslogs,1,60427,"{"""":"""","""":[""""],"""":,"""":,"""":""{----}"","""":""---"","""":,""""",Event_logs.json,_json,ip-10-10-40-195,,splunk,,2022-04-15T12:06:03.880Z,
1,,,,,,,\device\harddiskvolume2\windows\system32\wbem\wmic.exe,,,,Filtering Platform Connection,Security,,,,,,,,,,,,,,,,,,,,,,,5158,,2022-04-15 8:06:03,2022-04-15 8:06:02,,4,,0,,,,,James.browne,,,,,,,,,,-9214364837600034816,%%14608,36,,,,,,,"The Windows Filtering Platform has permitted a bind to a local port.

Application Information:
	Process ID:		9428
	Application Name:	\device\harddiskvolume2\windows\system32\wbem\wmic.exe

Network Information:
	Source Address:		0.0.0.0
	Source Port:		60065
	Protocol:		6

Filter Information:
	Filter Run-Time ID:	0
	Layer Name:		Resource Assignment
	Layer Run-Time ID:	36",,,,,,,,Info,0,,,,,,,,,,,9428,,,6,{54849625-5478-4994-A5BA-3E3B0328C30D},,,,73308,,,,,,,,,INFO,2,,,,,,0.0.0.0,,,,,,eventlog,im_msvistalog,Microsoft-Windows-Security-Auditing,60065,,,,,,,,,,,,,,,,,,,,,,,12810,,,,1020,,,,,,,0,,,"{""ProcessId"":""9428"",""tags"":[""splunk""],""EventID"":5158,""RecordNumber"":73308,""ProviderGuid"":""{54849625-5478-4994-A5BA-3E3B0328C30D}"",""SourceName"":""Microsoft-Windows-Security-Auditing"",""OpcodeValue"":0,""EventTime"":""2022-04-15 08:06:02"",""FilterRTID"":""0"",""host"":""cybertees.net"",""SeverityValue"":2,""ExecutionProcessID"":4,""Category"":""Filtering Platform Connection"",""SourceModuleName"":""eventlog"",""Message"":""The Windows Filtering Platform has permitted a bind to a local port.\r\n\r\nApplication Information:\r\n\tProcess ID:\t\t9428\r\n\tApplication Name:\t\\device\\harddiskvolume2\\windows\\system32\\wbem\\wmic.exe\r\n\r\nNetwork Information:\r\n\tSource Address:\t\t0.0.0.0\r\n\tSource Port:\t\t60065\r\n\tProtocol:\t\t6\r\n\r\nFilter Information:\r\n\tFilter Run-Time ID:\t0\r\n\tLayer Name:\t\tResource Assignment\r\n\tLayer Run-Time ID:\t36"",""port"":60427,""Protocol"":""6"",""timestamp"":""2022-04-15T12:06:03.880Z"",""ThreadID"":1020,""Severity"":""INFO"",""EventType"":""AUDIT_SUCCESS"",""Channel"":""Security"",""SourceAddress"":""0.0.0.0"",""Opcode"":""Info"",""EventReceivedTime"":""2022-04-15 08:06:03"",""@version"":""1"",""Task"":12810,""SourceModuleType"":""im_msvistalog"",""LayerName"":""%%14608"",""LayerRTID"":""36"",""Hostname"":""James.browne"",""Application"":""\\device\\harddiskvolume2\\windows\\system32\\wbem\\wmic.exe"",""Keywords"":-9214364837600034816,""Version"":0,""SourcePort"":""60065""}",2022-04-15T08:06:02.000+0000,8,15,6,april,2,friday,2022,local,,AUDIT_SUCCESS,cybertees.net,cyber-host,windowslogs,1,60427,"{"""":"""","""":[""""],"""":,"""":,"""":""{----}"","""":""---"","""":,""""",Event_logs.json,_json,ip-10-10-40-195,,splunk,,2022-04-15T12:06:03.880Z,
1,,"%%1537
				%%1538
				%%1539
				%%1540
				%%1541
				%%4528
				%%4529
				",,,,,,,,,Sensitive Privilege Use,Security,,,,,,,,,,,,,,,,,,,,,,,4674,,2022-04-15 8:06:03,2022-04-15 8:06:02,,4,,,,,0x3d0,,James.browne,,,,,,,,,,-9214364837600034816,,,,,,,,,"An operation was attempted on a privileged object.

Subject:
	Security ID:		S-1-5-21-4020993649-1037605423-417876593-1104
	Account Name:		James
	Account Domain:		Cybertees
	Logon ID:		0x2CC013

Object:
	Object Server:	Security
	Object Type:	Semaphore
	Object Name:	\Sessions\2\BaseNamedObjects\SM0:9428:304:WilStaging_02_p0h
	Object Handle:	0x3d0

Process Information:
	Process ID:	0x24d4
	Process Name:	C:\Windows\System32\wbem\WMIC.exe

