1,,,,SYSTEM,User,,,,,,Dns query (rule: DnsQuery),Microsoft-Windows-Sysmon/Operational,,,,,,,,,,,,,,,,,,NT AUTHORITY,,,,,22,,2022-04-15 8:06:06,2022-04-15 8:06:04,,3524,,,,,,,James.browne,C:\Windows\System32\wbem\WMIC.exe,,,,,,,,,-9223372036854775808,,,,,,,,,"Dns query:
RuleName: -
UtcTime: 2022-04-15 12:06:02.126
ProcessGuid: {2d351099-5ca9-5f5f-2f04-000000000400}
ProcessId: 9428
QueryName: WORKSTATION6
QueryStatus: 0
QueryResults: ::ffff:172.18.39.6;
Image: C:\Windows\System32\wbem\WMIC.exe",,,,,,,,Info,0,,,,,,,,,,{2d351099-5ca9-5f5f-2f04-000000000400},9428,,,,{5770385F-C22A-43E0-BF4C-06F5698FFBD9},WORKSTATION6,::ffff:172.18.39.6;,0,423430,,,,,,,-,,INFO,2,,,,,,,,,,,,eventlog,im_msvistalog,Microsoft-Windows-Sysmon,,,,,,,,,,,,,,,,,,,,,,,,22,,,,4712,,,,,S-1-5-18,2022-04-15 12:06:02,5,,,"{""QueryName"":""WORKSTATION6"",""Image"":""C:\\Windows\\System32\\wbem\\WMIC.exe"",""EventID"":22,""QueryStatus"":""0"",""RecordNumber"":423430,""ProviderGuid"":""{5770385F-C22A-43E0-BF4C-06F5698FFBD9}"",""SourceName"":""Microsoft-Windows-Sysmon"",""OpcodeValue"":0,""EventTime"":""2022-04-15 08:06:04"",""AccountName"":""SYSTEM"",""host"":""cybertees.net"",""SeverityValue"":2,""ExecutionProcessID"":3524,""AccountType"":""User"",""Category"":""Dns query (rule: DnsQuery)"",""SourceModuleName"":""eventlog"",""Domain"":""NT AUTHORITY"",""ProcessId"":""9428"",""tags"":[""splunk""],""Message"":""Dns query:\r\nRuleName: -\r\nUtcTime: 2022-04-15 12:06:02.126\r\nProcessGuid: {2d351099-5ca9-5f5f-2f04-000000000400}\r\nProcessId: 9428\r\nQueryName: WORKSTATION6\r\nQueryStatus: 0\r\nQueryResults: ::ffff:172.18.39.6;\r\nImage: C:\\Windows\\System32\\wbem\\WMIC.exe"",""port"":60427,""UserID"":""S-1-5-18"",""UtcTime"":""2022-04-15 12:06:02.126"",""timestamp"":""2022-04-15T12:06:06.940Z"",""ThreadID"":4712,""QueryResults"":""::ffff:172.18.39.6;"",""Severity"":""INFO"",""EventType"":""INFO"",""Channel"":""Microsoft-Windows-Sysmon/Operational"",""Opcode"":""Info"",""EventReceivedTime"":""2022-04-15 08:06:06"",""@version"":""1"",""Task"":22,""SourceModuleType"":""im_msvistalog"",""RuleName"":""-"",""Hostname"":""James.browne"",""Keywords"":-9223372036854775808,""Version"":5,""ProcessGuid"":""{2d351099-5ca9-5f5f-2f04-000000000400}""}",2022-04-15T08:06:02.000+0000,8,15,6,april,2,friday,2022,local,,INFO,cybertees.net,cyber-host,windowslogs,1,60427,"{"""":"""","""":"":\\\\\\\\."","""":,"""":"""","""":,"""":""{----}"",""",Event_logs.json,_json,ip-10-10-40-195,,splunk,,2022-04-15T12:06:06.940Z,
1,,,,SYSTEM,User,,,,,C:\windows\SYSTEM32\ntdll.dll+9c534|C:\windows\SYSTEM32\psmserviceexthost.dll+222a3|C:\windows\SYSTEM32\psmserviceexthost.dll+1a172|C:\windows\SYSTEM32\psmserviceexthost.dll+19e3b|C:\windows\SYSTEM32\psmserviceexthost.dll+19318|C:\windows\SYSTEM32\ntdll.dll+3081d|C:\windows\SYSTEM32\ntdll.dll+345b4|C:\windows\System32\KERNEL32.DLL+17bd4|C:\windows\SYSTEM32\ntdll.dll+6ce51,Process accessed (rule: ProcessAccess),Microsoft-Windows-Sysmon/Operational,,,,,,,,,,,,,,,,,,NT AUTHORITY,,,,,10,,2022-04-15 8:06:06,2022-04-15 8:06:04,,3348,,,0x1000,,,,Micheal.Beaven,,,,,,,,,,-9223372036854775808,,,,,,,,,"Process accessed:
RuleName: -
UtcTime: 2022-04-15 12:06:04.155
SourceProcessGUID: {83d0c8c3-43cb-5f5f-1000-000000000400}
SourceProcessId: 900
SourceThreadId: 976
SourceImage: C:\windows\system32\svchost.exe
TargetProcessGUID: {83d0c8c3-4479-5f5f-5602-000000000400}
TargetProcessId: 1268
TargetImage: C:\windows\System32\svchost.exe
GrantedAccess: 0x1000
CallTrace: C:\windows\SYSTEM32\ntdll.dll+9c534|C:\windows\SYSTEM32\psmserviceexthost.dll+222a3|C:\windows\SYSTEM32\psmserviceexthost.dll+1a172|C:\windows\SYSTEM32\psmserviceexthost.dll+19e3b|C:\windows\SYSTEM32\psmserviceexthost.dll+19318|C:\windows\SYSTEM32\ntdll.dll+3081d|C:\windows\SYSTEM32\ntdll.dll+345b4|C:\windows\System32\KERNEL32.DLL+17bd4|C:\windows\SYSTEM32\ntdll.dll+6ce51",,,,,,,,Info,0,,,,,,,,,,,900,,,,{5770385F-C22A-43E0-BF4C-06F5698FFBD9},,,,183241,,,,,,,-,,INFO,2,,,,,,,,,C:\windows\system32\svchost.exe,,,eventlog,im_msvistalog,Microsoft-Windows-Sysmon,,,{83d0c8c3-43cb-5f5f-1000-000000000400},900,976,,,,,,,,,C:\windows\System32\svchost.exe,,,,,,{83d0c8c3-4479-5f5f-5602-000000000400},1268,,,10,,,,4532,,,,,S-1-5-18,2022-04-15 12:06:04,3,,,"{""EventID"":10,""RecordNumber"":183241,""ProviderGuid"":""{5770385F-C22A-43E0-BF4C-06F5698FFBD9}"",""SourceName"":""Microsoft-Windows-Sysmon"",""OpcodeValue"":0,""AccountName"":""SYSTEM"",""SourceImage"":""C:\\windows\\system32\\svchost.exe"",""SourceModuleName"":""eventlog"",""ExecutionProcessID"":3348,""AccountType"":""User"",""Category"":""Process accessed (rule: ProcessAccess)"",""SourceProcessId"":""900"",""Domain"":""NT AUTHORITY"",""port"":60427,""ThreadID"":4532,""Severity"":""INFO"",""EventType"":""INFO"",""Channel"":""Microsoft-Windows-Sysmon/Operational"",""Opcode"":""Info"",""EventReceivedTime"":""2022-04-15 08:06:06"",""Task"":10,""RuleName"":""-"",""Keywords"":-9223372036854775808,""Version"":3,""ProcessId"":""900"",""tags"":[""splunk""],""GrantedAccess"":""0x1000"",""SourceProcessGUID"":""{83d0c8c3-43cb-5f5f-1000-000000000400}"",""EventTime"":""2022-04-15 08:06:04"",""host"":""cybertees.net"",""SeverityValue"":2,""CallTrace"":""C:\\windows\\SYSTEM32\\ntdll.dll+9c534|C:\\windows\\SYSTEM32\\psmserviceexthost.dll+222a3|C:\\windows\\SYSTEM32\\psmserviceexthost.dll+1a172|C:\\windows\\SYSTEM32\\psmserviceexthost.dll+19e3b|C:\\windows\\SYSTEM32\\psmserviceexthost.dll+19318|C:\\windows\\SYSTEM32\\ntdll.dll+3081d|C:\\windows\\SYSTEM32\\ntdll.dll+345b4|C:\\windows\\System32\\KERNEL32.DLL+17bd4|C:\\windows\\SYSTEM32\\ntdll.dll+6ce51"",""Message"":""Process accessed:\r\nRuleName: -\r\nUtcTime: 2022-04-15 12:06:04.155\r\nSourceProcessGUID: {83d0c8c3-43cb-5f5f-1000-000000000400}\r\nSourceProcessId: 900\r\nSourceThreadId: 976\r\nSourceImage: C:\\windows\\system32\\svchost.exe\r\nTargetProcessGUID: {83d0c8c3-4479-5f5f-5602-000000000400}\r\nTargetProcessId: 1268\r\nTargetImage: C:\\windows\\System32\\svchost.exe\r\nGrantedAccess: 0x1000\r\nCallTrace: C:\\windows\\SYSTEM32\\ntdll.dll+9c534|C:\\windows\\SYSTEM32\\psmserviceexthost.dll+222a3|C:\\windows\\SYSTEM32\\psmserviceexthost.dll+1a172|C:\\windows\\SYSTEM32\\psmserviceexthost.dll+19e3b|C:\\windows\\SYSTEM32\\psmserviceexthost.dll+19318|C:\\windows\\SYSTEM32\\ntdll.dll+3081d|C:\\windows\\SYSTEM32\\ntdll.dll+345b4|C:\\windows\\System32\\KERNEL32.DLL+17bd4|C:\\windows\\SYSTEM32\\ntdll.dll+6ce51"",""UtcTime"":""2022-04-15 12:06:04.155"",""UserID"":""S-1-5-18"",""timestamp"":""2022-04-15T12:06:06.939Z"",""TargetProcessId"":""1268"",""SourceThreadId"":""976"",""@version"":""1"",""TargetProcessGUID"":""{83d0c8c3-4479-5f5f-5602-000000000400}"",""SourceModuleType"":""im_msvistalog"",""TargetImage"":""C:\\windows\\System32\\svchost.exe"",""Hostname"":""Micheal.Beaven""}",2022-04-15T08:06:02.000+0000,8,15,6,april,2,friday,2022,local,,INFO,cybertees.net,cyber-host,windowslogs,1,60427,"{"""":,"""":,"""":""{----}"","""":""--"","""":,"""":"""","""":"":\\\\\\",Event_logs.json,_json,ip-10-10-40-195,,splunk,,2022-04-15T12:06:06.939Z,
1,,,,SYSTEM,User,,,,,C:\windows\SYSTEM32\ntdll.dll+9c534|C:\windows\SYSTEM32\psmserviceexthost.dll+222a3|C:\windows\SYSTEM32\psmserviceexthost.dll+1a172|C:\windows\SYSTEM32\psmserviceexthost.dll+19e3b|C:\windows\SYSTEM32\psmserviceexthost.dll+19318|C:\windows\SYSTEM32\ntdll.dll+3081d|C:\windows\SYSTEM32\ntdll.dll+345b4|C:\windows\System32\KERNEL32.DLL+17bd4|C:\windows\SYSTEM32\ntdll.dll+6ce51,Process accessed (rule: ProcessAccess),Microsoft-Windows-Sysmon/Operational,,,,,,,,,,,,,,,,,,NT AUTHORITY,,,,,10,,2022-04-15 8:06:06,2022-04-15 8:06:04,,3348,,,0x1000,,,,Micheal.Beaven,,,,,,,,,,-9223372036854775808,,,,,,,,,"Process accessed:
RuleName: -
UtcTime: 2022-04-15 12:06:04.155
SourceProcessGUID: {83d0c8c3-43cb-5f5f-1000-000000000400}
SourceProcessId: 900
SourceThreadId: 976
SourceImage: C:\windows\system32\svchost.exe
TargetProcessGUID: {83d0c8c3-4479-5f5f-5602-000000000400}
TargetProcessId: 1268
TargetImage: C:\windows\System32\svchost.exe
GrantedAccess: 0x1000
CallTrace: C:\windows\SYSTEM32\ntdll.dll+9c534|C:\windows\SYSTEM32\psmserviceexthost.dll+222a3|C:\windows\SYSTEM32\psmserviceexthost.dll+1a172|C:\windows\SYSTEM32\psmserviceexthost.dll+19e3b|C:\windows\SYSTEM32\psmserviceexthost.dll+19318|C:\windows\SYSTEM32\ntdll.dll+3081d|C:\windows\SYSTEM32\ntdll.dll+345b4|C:\windows\System32\KERNEL32.DLL+17bd4|C:\windows\SYSTEM32\ntdll.dll+6ce51",,,,,,,,Info,0,,,,,,,,,,,900,,,,{5770385F-C22A-43E0-BF4C-06F5698FFBD9},,,,183240,,,,,,,-,,INFO,2,,,,,,,,,C:\windows\system32\svchost.exe,,,eventlog,im_msvistalog,Microsoft-Windows-Sysmon,,,{83d0c8c3-43cb-5f5f-1000-000000000400},900,976,,,,,,,,,C:\windows\System32\svchost.exe,,,,,,{83d0c8c3-4479-5f5f-5602-000000000400},1268,,,10,,,,4532,,,,,S-1-5-18,2022-04-15 12:06:04,3,,,"{""EventID"":10,""RecordNumber"":183240,""ProviderGuid"":""{5770385F-C22A-43E0-BF4C-06F5698FFBD9}"",""SourceName"":""Microsoft-Windows-Sysmon"",""OpcodeValue"":0,""AccountName"":""SYSTEM"",""SourceImage"":""C:\\windows\\system32\\svchost.exe"",""SourceModuleName"":""eventlog"",""ExecutionProcessID"":3348,""AccountType"":""User"",""Category"":""Process accessed (rule: ProcessAccess)"",""SourceProcessId"":""900"",""Domain"":""NT AUTHORITY"",""port"":60427,""ThreadID"":4532,""Severity"":""INFO"",""EventType"":""INFO"",""Channel"":""Microsoft-Windows-Sysmon/Operational"",""Opcode"":""Info"",""EventReceivedTime"":""2022-04-15 08:06:06"",""Task"":10,""RuleName"":""-"",""Keywords"":-9223372036854775808,""Version"":3,""ProcessId"":""900"",""tags"":[""splunk""],""GrantedAccess"":""0x1000"",""SourceProcessGUID"":""{83d0c8c3-43cb-5f5f-1000-000000000400}"",""EventTime"":""2022-04-15 08:06:04"",""host"":""cybertees.net"",""SeverityValue"":2,""CallTrace"":""C:\\windows\\SYSTEM32\\ntdll.dll+9c534|C:\\windows\\SYSTEM32\\psmserviceexthost.dll+222a3|C:\\windows\\SYSTEM32\\psmserviceexthost.dll+1a172|C:\\windows\\SYSTEM32\\psmserviceexthost.dll+19e3b|C:\\windows\\SYSTEM32\\psmserviceexthost.dll+19318|C:\\windows\\SYSTEM32\\ntdll.dll+3081d|C:\\windows\\SYSTEM32\\ntdll.dll+345b4|C:\\windows\\System32\\KERNEL32.DLL+17bd4|C:\\windows\\SYSTEM32\\ntdll.dll+6ce51"",""Message"":""Process accessed:\r\nRuleName: -\r\nUtcTime: 2022-04-15 12:06:04.155\r\nSourceProcessGUID: {83d0c8c3-43cb-5f5f-1000-000000000400}\r\nSourceProcessId: 900\r\nSourceThreadId: 976\r\nSourceImage: C:\\windows\\system32\\svchost.exe\r\nTargetProcessGUID: {83d0c8c3-4479-5f5f-5602-000000000400}\r\nTargetProcessId: 1268\r\nTargetImage: C:\\windows\\System32\\svchost.exe\r\nGrantedAccess: 0x1000\r\nCallTrace: C:\\windows\\SYSTEM32\\ntdll.dll+9c534|C:\\windows\\SYSTEM32\\psmserviceexthost.dll+222a3|C:\\windows\\SYSTEM32\\psmserviceexthost.dll+1a172|C:\\windows\\SYSTEM32\\psmserviceexthost.dll+19e3b|C:\\windows\\SYSTEM32\\psmserviceexthost.dll+19318|C:\\windows\\SYSTEM32\\ntdll.dll+3081d|C:\\windows\\SYSTEM32\\ntdll.dll+345b4|C:\\windows\\System32\\KERNEL32.DLL+17bd4|C:\\windows\\SYSTEM32\\ntdll.dll+6ce51"",""UtcTime"":""2022-04-15 12:06:04.155"",""UserID"":""S-1-5-18"",""timestamp"":""2022-04-15T12:06:06.939Z"",""TargetProcessId"":""1268"",""SourceThreadId"":""976"",""@version"":""1"",""TargetProcessGUID"":""{83d0c8c3-4479-5f5f-5602-000000000400}"",""SourceModuleType"":""im_msvistalog"",""TargetImage"":""C:\\windows\\System32\\svchost.exe"",""Hostname"":""Micheal.Beaven""}",2022-04-15T08:06:02.000+0000,8,15,6,april,2,friday,2022,local,,INFO,cybertees.net,cyber-host,windowslogs,1,60427,"{"""":,"""":,"""":""{----}"","""":""--"","""":,"""":"""","""":"":\\\\\\",Event_logs.json,_json,ip-10-10-40-195,,splunk,,2022-04-15T12:06:06.939Z,
1,,,,SYSTEM,User,,,,,,Network connection detected (rule: NetworkConnect),Microsoft-Windows-Sysmon/Operational,,,,,,,,,-,172.18.38.5,FALSE,88,-,,,,,NT AUTHORITY,,,,,3,,2022-04-15 8:06:05,2022-04-15 8:06:03,,3652,,,,,,,Salena.Adam,C:\Windows\System32\lsass.exe,,,FALSE,,,,,,-9223372036854775808,,,,,,,,,"Network connection detected:
RuleName: -
UtcTime: 2022-04-15 12:06:02.129
ProcessGuid: {ef3dcf22-42a7-5f5f-0c00-000000000300}
ProcessId: 700
Image: C:\Windows\System32\lsass.exe
User: NT AUTHORITY\SYSTEM
Protocol: tcp
Initiated: false
SourceIsIpv6: false
SourceIp: 172.90.12.11
SourceHostname: -
SourcePort: 60067
SourcePortName: -
DestinationIsIpv6: false
DestinationIp: 172.18.38.5
DestinationHostname: -
DestinationPort: 88
DestinationPortName: -",,,,,,,,Info,0,,,,,,,,,,{ef3dcf22-42a7-5f5f-0c00-000000000300},700,,,tcp,{5770385F-C22A-43E0-BF4C-06F5698FFBD9},,,,238929,,,,,,,-,,INFO,2,,,,,,,,-,,172.90.12.11,FALSE,eventlog,im_msvistalog,Microsoft-Windows-Sysmon,60067,-,,,,,,,,,,,,,,,,,,,,,,3,,,,4112,,,,NT AUTHORITY\SYSTEM,S-1-5-18,2022-04-15 12:06:02,5,,,"{""ProcessGuid"":""{ef3dcf22-42a7-5f5f-0c00-000000000300}"",""EventID"":3,""RecordNumber"":238929,""ProviderGuid"":""{5770385F-C22A-43E0-BF4C-06F5698FFBD9}"",""SourceName"":""Microsoft-Windows-Sysmon"",""OpcodeValue"":0,""AccountName"":""SYSTEM"",""Initiated"":""false"",""SourceIp"":""172.90.12.11"",""DestinationHostname"":""-"",""ExecutionProcessID"":3652,""AccountType"":""User"",""Category"":""Network connection detected (rule: NetworkConnect)"",""SourceModuleName"":""eventlog"",""Domain"":""NT AUTHORITY"",""User"":""NT AUTHORITY\\SYSTEM"",""port"":60427,""SourceIsIpv6"":""false"",""Protocol"":""tcp"",""DestinationPort"":""88"",""ThreadID"":4112,""Severity"":""INFO"",""DestinationIsIpv6"":""false"",""EventType"":""INFO"",""Channel"":""Microsoft-Windows-Sysmon/Operational"",""DestinationPortName"":""-"",""Opcode"":""Info"",""EventReceivedTime"":""2022-04-15 08:06:05"",""Task"":3,""RuleName"":""-"",""SourceHostname"":""-"",""Keywords"":-9223372036854775808,""Version"":5,""ProcessId"":""700"",""Image"":""C:\\Windows\\System32\\lsass.exe"",""tags"":[""splunk""],""EventTime"":""2022-04-15 08:06:03"",""host"":""cybertees.net"",""SeverityValue"":2,""Message"":""Network connection detected:\r\nRuleName: -\r\nUtcTime: 2022-04-15 12:06:02.129\r\nProcessGuid: {ef3dcf22-42a7-5f5f-0c00-000000000300}\r\nProcessId: 700\r\nImage: C:\\Windows\\System32\\lsass.exe\r\nUser: NT AUTHORITY\\SYSTEM\r\nProtocol: tcp\r\nInitiated: false\r\nSourceIsIpv6: false\r\nSourceIp: 172.90.12.11\r\nSourceHostname: -\r\nSourcePort: 60067\r\nSourcePortName: -\r\nDestinationIsIpv6: false\r\nDestinationIp: 172.18.38.5\r\nDestinationHostname: -\r\nDestinationPort: 88\r\nDestinationPortName: -"",""UtcTime"":""2022-04-15 12:06:02.129"",""UserID"":""S-1-5-18"",""timestamp"":""2022-04-15T12:06:05.938Z"",""@version"":""1"",""SourceModuleType"":""im_msvistalog"",""SourcePortName"":""-"",""Hostname"":""Salena.Adam"",""DestinationIp"":""172.18.38.5"",""SourcePort"":""60067""}",2022-04-15T08:06:02.000+0000,8,15,6,april,2,friday,2022,local,,INFO,cybertees.net,cyber-host,windowslogs,1,60427,"{"""":""{----}"","""":,"""":,"""":""{----}"","""":""--"","""":,"""":""""",Event_logs.json,_json,ip-10-10-40-195,,splunk,,2022-04-15T12:06:05.938Z,
1,,,,SYSTEM,User,,,,,,Network connection detected (rule: NetworkConnect),Microsoft-Windows-Sysmon/Operational,,,,,,,,,-,172.18.38.5,FALSE,88,-,,,,,NT AUTHORITY,,,,,3,,2022-04-15 8:06:05,2022-04-15 8:06:03,,3652,,,,,,,Salena.Adam,C:\Windows\System32\lsass.exe,,,FALSE,,,,,,-9223372036854775808,,,,,,,,,"Network connection detected:
RuleName: -
UtcTime: 2022-04-15 12:06:02.105
ProcessGuid: {ef3dcf22-42a7-5f5f-0c00-000000000300}
ProcessId: 700
Image: C:\Windows\System32\lsass.exe
User: NT AUTHORITY\SYSTEM
Protocol: tcp
Initiated: false
SourceIsIpv6: false
SourceIp: 172.90.12.11
SourceHostname: -
SourcePort: 60066
SourcePortName: -
DestinationIsIpv6: false
DestinationIp: 172.18.38.5
DestinationHostname: -
DestinationPort: 88
DestinationPortName: -",,,,,,,,Info,0,,,,,,,,,,{ef3dcf22-42a7-5f5f-0c00-000000000300},700,,,tcp,{5770385F-C22A-43E0-BF4C-06F5698FFBD9},,,,238928,,,,,,,-,,INFO,2,,,,,,,,-,,172.90.12.11,FALSE,eventlog,im_msvistalog,Microsoft-Windows-Sysmon,60066,-,,,,,,,,,,,,,,,,,,,,,,3,,,,4112,,,,NT AUTHORITY\SYSTEM,S-1-5-18,2022-04-15 12:06:02,5,,,"{""ProcessGuid"":""{ef3dcf22-42a7-5f5f-0c00-000000000300}"",""EventID"":3,""RecordNumber"":238928,""ProviderGuid"":""{5770385F-C22A-43E0-BF4C-06F5698FFBD9}"",""SourceName"":""Microsoft-Windows-Sysmon"",""OpcodeValue"":0,""AccountName"":""SYSTEM"",""Initiated"":""false"",""SourceIp"":""172.90.12.11"",""DestinationHostname"":""-"",""ExecutionProcessID"":3652,""AccountType"":""User"",""Category"":""Network connection detected (rule: NetworkConnect)"",""SourceModuleName"":""eventlog"",""Domain"":""NT AUTHORITY"",""User"":""NT AUTHORITY\\SYSTEM"",""port"":60427,""SourceIsIpv6"":""false"",""Protocol"":""tcp"",""DestinationPort"":""88"",""ThreadID"":4112,""Severity"":""INFO"",""DestinationIsIpv6"":""false"",""EventType"":""INFO"",""Channel"":""Microsoft-Windows-Sysmon/Operational"",""DestinationPortName"":""-"",""Opcode"":""Info"",""EventReceivedTime"":""2022-04-15 08:06:05"",""Task"":3,""RuleName"":""-"",""SourceHostname"":""-"",""Keywords"":-9223372036854775808,""Version"":5,""ProcessId"":""700"",""Image"":""C:\\Windows\\System32\\lsass.exe"",""tags"":[""splunk""],""EventTime"":""2022-04-15 08:06:03"",""host"":""cybertees.net"",""SeverityValue"":2,""Message"":""Network connection detected:\r\nRuleName: -\r\nUtcTime: 2022-04-15 12:06:02.105\r\nProcessGuid: {ef3dcf22-42a7-5f5f-0c00-000000000300}\r\nProcessId: 700\r\nImage: C:\\Windows\\System32\\lsass.exe\r\nUser: NT AUTHORITY\\SYSTEM\r\nProtocol: tcp\r\nInitiated: false\r\nSourceIsIpv6: false\r\nSourceIp: 172.90.12.11\r\nSourceHostname: -\r\nSourcePort: 60066\r\nSourcePortName: -\r\nDestinationIsIpv6: false\r\nDestinationIp: 172.18.38.5\r\nDestinationHostname: -\r\nDestinationPort: 88\r\nDestinationPortName: -"",""UtcTime"":""2022-04-15 12:06:02.105"",""UserID"":""S-1-5-18"",""timestamp"":""2022-04-15T12:06:05.938Z"",""@version"":""1"",""SourceModuleType"":""im_msvistalog"",""SourcePortName"":""-"",""Hostname"":""Salena.Adam"",""DestinationIp"":""172.18.38.5"",""SourcePort"":""60066""}",2022-04-15T08:06:02.000+0000,8,15,6,april,2,friday,2022,local,,INFO,cybertees.net,cyber-host,windowslogs,1,60427,"{"""":""{----}"","""":,"""":,"""":""{----}"","""":""--"","""":,"""":""""",Event_logs.json,_json,ip-10-10-40-195,,splunk,,2022-04-15T12:06:05.938Z,
1,,,,SYSTEM,User,,,,,,Network connection detected (rule: NetworkConnect),Microsoft-Windows-Sysmon/Operational,,,,,,,,,-,172.18.38.5,FALSE,88,-,,,,,NT AUTHORITY,,,,,3,,2022-04-15 8:06:05,2022-04-15 8:06:03,,3652,,,,,,,Salena.Adam,C:\Windows\System32\lsass.exe,,,FALSE,,,,,,-9223372036854775808,,,,,,,,,"Network connection detected:
RuleName: -
UtcTime: 2022-04-15 12:06:02.024
ProcessGuid: {ef3dcf22-42a7-5f5f-0c00-000000000300}
ProcessId: 700
Image: C:\Windows\System32\lsass.exe
User: NT AUTHORITY\SYSTEM
Protocol: tcp
Initiated: false
SourceIsIpv6: false
SourceIp: 172.90.12.11
SourceHostname: -
SourcePort: 60064
SourcePortName: -
DestinationIsIpv6: false
DestinationIp: 172.18.38.5
DestinationHostname: -
DestinationPort: 88
DestinationPortName: -",,,,,,,,Info,0,,,,,,,,,,{ef3dcf22-42a7-5f5f-0c00-000000000300},700,,,tcp,{5770385F-C22A-43E0-BF4C-06F5698FFBD9},,,,238927,,,,,,,-,,INFO,2,,,,,,,,-,,172.90.12.11,FALSE,eventlog,im_msvistalog,Microsoft-Windows-Sysmon,60064,-,,,,,,,,,,,,,,,,,,,,,,3,,,,4112,,,,NT AUTHORITY\SYSTEM,S-1-5-18,2022-04-15 12:06:02,5,,,"{""ProcessGuid"":""{ef3dcf22-42a7-5f5f-0c00-000000000300}"",""EventID"":3,""RecordNumber"":238927,""ProviderGuid"":""{5770385F-C22A-43E0-BF4C-06F5698FFBD9}"",""SourceName"":""Microsoft-Windows-Sysmon"",""OpcodeValue"":0,""AccountName"":""SYSTEM"",""Initiated"":""false"",""SourceIp"":""172.90.12.11"",""DestinationHostname"":""-"",""ExecutionProcessID"":3652,""AccountType"":""User"",""Category"":""Network connection detected (rule: NetworkConnect)"",""SourceModuleName"":""eventlog"",""Domain"":""NT AUTHORITY"",""User"":""NT AUTHORITY\\SYSTEM"",""port"":60427,""SourceIsIpv6"":""false"",""Protocol"":""tcp"",""DestinationPort"":""88"",""ThreadID"":4112,""Severity"":""INFO"",""DestinationIsIpv6"":""false"",""EventType"":""INFO"",""Channel"":""Microsoft-Windows-Sysmon/Operational"",""DestinationPortName"":""-"",""Opcode"":""Info"",""EventReceivedTime"":""2022-04-15 08:06:05"",""Task"":3,""RuleName"":""-"",""SourceHostname"":""-"",""Keywords"":-9223372036854775808,""Version"":5,""ProcessId"":""700"",""Image"":""C:\\Windows\\System32\\lsass.exe"",""tags"":[""splunk""],""EventTime"":""2022-04-15 08:06:03"",""host"":""cybertees.net"",""SeverityValue"":2,""Message"":""Network connection detected:\r\nRuleName: -\r\nUtcTime: 2022-04-15 12:06:02.024\r\nProcessGuid: {ef3dcf22-42a7-5f5f-0c00-000000000300}\r\nProcessId: 700\r\nImage: C:\\Windows\\System32\\lsass.exe\r\nUser: NT AUTHORITY\\SYSTEM\r\nProtocol: tcp\r\nInitiated: false\r\nSourceIsIpv6: false\r\nSourceIp: 172.90.12.11\r\nSourceHostname: -\r\nSourcePort: 60064\r\nSourcePortName: -\r\nDestinationIsIpv6: false\r\nDestinationIp: 172.18.38.5\r\nDestinationHostname: -\r\nDestinationPort: 88\r\nDestinationPortName: -"",""UtcTime"":""2022-04-15 12:06:02.024"",""UserID"":""S-1-5-18"",""timestamp"":""2022-04-15T12:06:05.937Z"",""@version"":""1"",""SourceModuleType"":""im_msvistalog"",""SourcePortName"":""-"",""Hostname"":""Salena.Adam"",""DestinationIp"":""172.18.38.5"",""SourcePort"":""60064""}",2022-04-15T08:06:02.000+0000,8,15,6,april,2,friday,2022,local,,INFO,cybertees.net,cyber-host,windowslogs,1,60427,"{"""":""{----}"","""":,"""":,"""":""{----}"","""":""--"","""":,"""":""""",Event_logs.json,_json,ip-10-10-40-195,,splunk,,2022-04-15T12:06:05.937Z,
1,,,,SYSTEM,User,,,,,,Network connection detected (rule: NetworkConnect),Microsoft-Windows-Sysmon/Operational,,,,,,,,,-,172.90.12.11,FALSE,59522,-,,,,,NT AUTHORITY,,,,,3,,2022-04-15 8:06:05,2022-04-15 8:06:03,,3652,,,,,,,Salena.Adam,C:\Windows\System32\dns.exe,,,FALSE,,,,,,-9223372036854775808,,,,,,,,,"Network connection detected:
RuleName: -
UtcTime: 2022-04-15 12:06:02.014
ProcessGuid: {ef3dcf22-42bc-5f5f-4c00-000000000300}
ProcessId: 3360
Image: C:\Windows\System32\dns.exe
User: NT AUTHORITY\SYSTEM
Protocol: udp
Initiated: false
SourceIsIpv6: false
SourceIp: 172.18.38.5
SourceHostname: -
SourcePort: 53
SourcePortName: -
DestinationIsIpv6: false
DestinationIp: 172.90.12.11
DestinationHostname: -
DestinationPort: 59522
DestinationPortName: -",,,,,,,,Info,0,,,,,,,,,,{ef3dcf22-42bc-5f5f-4c00-000000000300},3360,,,udp,{5770385F-C22A-43E0-BF4C-06F5698FFBD9},,,,238926,,,,,,,-,,INFO,2,,,,,,,,-,,172.18.38.5,FALSE,eventlog,im_msvistalog,Microsoft-Windows-Sysmon,53,-,,,,,,,,,,,,,,,,,,,,,,3,,,,4112,,,,NT AUTHORITY\SYSTEM,S-1-5-18,2022-04-15 12:06:02,5,,,"{""ProcessGuid"":""{ef3dcf22-42bc-5f5f-4c00-000000000300}"",""EventID"":3,""RecordNumber"":238926,""ProviderGuid"":""{5770385F-C22A-43E0-BF4C-06F5698FFBD9}"",""SourceName"":""Microsoft-Windows-Sysmon"",""OpcodeValue"":0,""AccountName"":""SYSTEM"",""Initiated"":""false"",""SourceIp"":""172.18.38.5"",""DestinationHostname"":""-"",""ExecutionProcessID"":3652,""AccountType"":""User"",""Category"":""Network connection detected (rule: NetworkConnect)"",""SourceModuleName"":""eventlog"",""Domain"":""NT AUTHORITY"",""User"":""NT AUTHORITY\\SYSTEM"",""port"":60427,""SourceIsIpv6"":""false"",""Protocol"":""udp"",""DestinationPort"":""59522"",""ThreadID"":4112,""Severity"":""INFO"",""DestinationIsIpv6"":""false"",""EventType"":""INFO"",""Channel"":""Microsoft-Windows-Sysmon/Operational"",""DestinationPortName"":""-"",""Opcode"":""Info"",""EventReceivedTime"":""2022-04-15 08:06:05"",""Task"":3,""RuleName"":""-"",""SourceHostname"":""-"",""Keywords"":-9223372036854775808,""Version"":5,""ProcessId"":""3360"",""Image"":""C:\\Windows\\System32\\dns.exe"",""tags"":[""splunk""],""EventTime"":""2022-04-15 08:06:03"",""host"":""cybertees.net"",""SeverityValue"":2,""Message"":""Network connection detected:\r\nRuleName: -\r\nUtcTime: 2022-04-15 12:06:02.014\r\nProcessGuid: {ef3dcf22-42bc-5f5f-4c00-000000000300}\r\nProcessId: 3360\r\nImage: C:\\Windows\\System32\\dns.exe\r\nUser: NT AUTHORITY\\SYSTEM\r\nProtocol: udp\r\nInitiated: false\r\nSourceIsIpv6: false\r\nSourceIp: 172.18.38.5\r\nSourceHostname: -\r\nSourcePort: 53\r\nSourcePortName: -\r\nDestinationIsIpv6: false\r\nDestinationIp: 172.90.12.11\r\nDestinationHostname: -\r\nDestinationPort: 59522\r\nDestinationPortName: -"",""UtcTime"":""2022-04-15 12:06:02.014"",""UserID"":""S-1-5-18"",""timestamp"":""2022-04-15T12:06:05.937Z"",""@version"":""1"",""SourceModuleType"":""im_msvistalog"",""SourcePortName"":""-"",""Hostname"":""Salena.Adam"",""DestinationIp"":""172.90.12.11"",""SourcePort"":""53""}",2022-04-15T08:06:02.000+0000,8,15,6,april,2,friday,2022,local,,INFO,cybertees.net,cyber-host,windowslogs,1,60427,"{"""":""{----}"","""":,"""":,"""":""{----}"","""":""--"","""":,"""":""""",Event_logs.json,_json,ip-10-10-40-195,,splunk,,2022-04-15T12:06:05.937Z,
1,,,,SYSTEM,User,,,,,,Network connection detected (rule: NetworkConnect),Microsoft-Windows-Sysmon/Operational,,,,,,,,,-,172.90.12.11,FALSE,57386,-,,,,,NT AUTHORITY,,,,,3,,2022-04-15 8:06:05,2022-04-15 8:06:03,,3652,,,,,,,Salena.Adam,C:\Windows\System32\dns.exe,,,FALSE,,,,,,-9223372036854775808,,,,,,,,,"Network connection detected:
RuleName: -
UtcTime: 2022-04-15 12:06:02.006
ProcessGuid: {ef3dcf22-42bc-5f5f-4c00-000000000300}
ProcessId: 3360
Image: C:\Windows\System32\dns.exe
User: NT AUTHORITY\SYSTEM
Protocol: udp
Initiated: false
SourceIsIpv6: false
SourceIp: 172.18.38.5
SourceHostname: -
SourcePort: 53
SourcePortName: -
DestinationIsIpv6: false
DestinationIp: 172.90.12.11
DestinationHostname: -
DestinationPort: 57386
DestinationPortName: -",,,,,,,,Info,0,,,,,,,,,,{ef3dcf22-42bc-5f5f-4c00-000000000300},3360,,,udp,{5770385F-C22A-43E0-BF4C-06F5698FFBD9},,,,238925,,,,,,,-,,INFO,2,,,,,,,,-,,172.18.38.5,FALSE,eventlog,im_msvistalog,Microsoft-Windows-Sysmon,53,-,,,,,,,,,,,,,,,,,,,,,,3,,,,4112,,,,NT AUTHORITY\SYSTEM,S-1-5-18,2022-04-15 12:06:02,5,,,"{""ProcessGuid"":""{ef3dcf22-42bc-5f5f-4c00-000000000300}"",""EventID"":3,""RecordNumber"":238925,""ProviderGuid"":""{5770385F-C22A-43E0-BF4C-06F5698FFBD9}"",""SourceName"":""Microsoft-Windows-Sysmon"",""OpcodeValue"":0,""AccountName"":""SYSTEM"",""Initiated"":""false"",""SourceIp"":""172.18.38.5"",""DestinationHostname"":""-"",""ExecutionProcessID"":3652,""AccountType"":""User"",""Category"":""Network connection detected (rule: NetworkConnect)"",""SourceModuleName"":""eventlog"",""Domain"":""NT AUTHORITY"",""User"":""NT AUTHORITY\\SYSTEM"",""port"":60427,""SourceIsIpv6"":""false"",""Protocol"":""udp"",""DestinationPort"":""57386"",""ThreadID"":4112,""Severity"":""INFO"",""DestinationIsIpv6"":""false"",""EventType"":""INFO"",""Channel"":""Microsoft-Windows-Sysmon/Operational"",""DestinationPortName"":""-"",""Opcode"":""Info"",""EventReceivedTime"":""2022-04-15 08:06:05"",""Task"":3,""RuleName"":""-"",""SourceHostname"":""-"",""Keywords"":-9223372036854775808,""Version"":5,""ProcessId"":""3360"",""Image"":""C:\\Windows\\System32\\dns.exe"",""tags"":[""splunk""],""EventTime"":""2022-04-15 08:06:03"",""host"":""cybertees.net"",""SeverityValue"":2,""Message"":""Network connection detected:\r\nRuleName: -\r\nUtcTime: 2022-04-15 12:06:02.006\r\nProcessGuid: {ef3dcf22-42bc-5f5f-4c00-000000000300}\r\nProcessId: 3360\r\nImage: C:\\Windows\\System32\\dns.exe\r\nUser: NT AUTHORITY\\SYSTEM\r\nProtocol: udp\r\nInitiated: false\r\nSourceIsIpv6: false\r\nSourceIp: 172.18.38.5\r\nSourceHostname: -\r\nSourcePort: 53\r\nSourcePortName: -\r\nDestinationIsIpv6: false\r\nDestinationIp: 172.90.12.11\r\nDestinationHostname: -\r\nDestinationPort: 57386\r\nDestinationPortName: -"",""UtcTime"":""2022-04-15 12:06:02.006"",""UserID"":""S-1-5-18"",""timestamp"":""2022-04-15T12:06:05.936Z"",""@version"":""1"",""SourceModuleType"":""im_msvistalog"",""SourcePortName"":""-"",""Hostname"":""Salena.Adam"",""DestinationIp"":""172.90.12.11"",""SourcePort"":""53""}",2022-04-15T08:06:02.000+0000,8,15,6,april,2,friday,2022,local,,INFO,cybertees.net,cyber-host,windowslogs,1,60427,"{"""":""{----}"","""":,"""":,"""":""{----}"","""":""--"","""":,"""":""""",Event_logs.json,_json,ip-10-10-40-195,,splunk,,2022-04-15T12:06:05.936Z,
1,,,,SYSTEM,User,,,,,,Network connection detected (rule: NetworkConnect),Microsoft-Windows-Sysmon/Operational,,,,,,,,,-,172.18.39.6,FALSE,61249,-,,,,,NT AUTHORITY,,,,,3,,2022-04-15 8:06:05,2022-04-15 8:06:03,,3348,,,,,,,Micheal.Beaven,C:\Windows\System32\svchost.exe,,,FALSE,,,,,,-9223372036854775808,,,,,,,,,"Network connection detected:
RuleName: -
UtcTime: 2022-04-15 12:06:02.613
ProcessGuid: {83d0c8c3-43d3-5f5f-4300-000000000400}
ProcessId: 2368
Image: C:\Windows\System32\svchost.exe
User: NT AUTHORITY\SYSTEM
Protocol: tcp
Initiated: false
SourceIsIpv6: false
SourceIp: 172.90.12.11
SourceHostname: -
SourcePort: 60065
SourcePortName: -
DestinationIsIpv6: false
DestinationIp: 172.18.39.6
DestinationHostname: -
DestinationPort: 61249
DestinationPortName: -",,,,,,,,Info,0,,,,,,,,,,{83d0c8c3-43d3-5f5f-4300-000000000400},2368,,,tcp,{5770385F-C22A-43E0-BF4C-06F5698FFBD9},,,,183239,,,,,,,-,,INFO,2,,,,,,,,-,,172.90.12.11,FALSE,eventlog,im_msvistalog,Microsoft-Windows-Sysmon,60065,-,,,,,,,,,,,,,,,,,,,,,,3,,,,4544,,,,NT AUTHORITY\SYSTEM,S-1-5-18,2022-04-15 12:06:03,5,,,"{""ProcessGuid"":""{83d0c8c3-43d3-5f5f-4300-000000000400}"",""EventID"":3,""RecordNumber"":183239,""ProviderGuid"":""{5770385F-C22A-43E0-BF4C-06F5698FFBD9}"",""SourceName"":""Microsoft-Windows-Sysmon"",""OpcodeValue"":0,""AccountName"":""SYSTEM"",""Initiated"":""false"",""SourceIp"":""172.90.12.11"",""DestinationHostname"":""-"",""ExecutionProcessID"":3348,""AccountType"":""User"",""Category"":""Network connection detected (rule: NetworkConnect)"",""SourceModuleName"":""eventlog"",""Domain"":""NT AUTHORITY"",""User"":""NT AUTHORITY\\SYSTEM"",""port"":60427,""SourceIsIpv6"":""false"",""Protocol"":""tcp"",""DestinationPort"":""61249"",""ThreadID"":4544,""Severity"":""INFO"",""DestinationIsIpv6"":""false"",""EventType"":""INFO"",""Channel"":""Microsoft-Windows-Sysmon/Operational"",""DestinationPortName"":""-"",""Opcode"":""Info"",""EventReceivedTime"":""2022-04-15 08:06:05"",""Task"":3,""RuleName"":""-"",""SourceHostname"":""-"",""Keywords"":-9223372036854775808,""Version"":5,""ProcessId"":""2368"",""Image"":""C:\\Windows\\System32\\svchost.exe"",""tags"":[""splunk""],""EventTime"":""2022-04-15 08:06:03"",""host"":""cybertees.net"",""SeverityValue"":2,""Message"":""Network connection detected:\r\nRuleName: -\r\nUtcTime: 2022-04-15 12:06:02.613\r\nProcessGuid: {83d0c8c3-43d3-5f5f-4300-000000000400}\r\nProcessId: 2368\r\nImage: C:\\Windows\\System32\\svchost.exe\r\nUser: NT AUTHORITY\\SYSTEM\r\nProtocol: tcp\r\nInitiated: false\r\nSourceIsIpv6: false\r\nSourceIp: 172.90.12.11\r\nSourceHostname: -\r\nSourcePort: 60065\r\nSourcePortName: -\r\nDestinationIsIpv6: false\r\nDestinationIp: 172.18.39.6\r\nDestinationHostname: -\r\nDestinationPort: 61249\r\nDestinationPortName: -"",""UtcTime"":""2022-04-15 12:06:02.613"",""UserID"":""S-1-5-18"",""timestamp"":""2022-04-15T12:06:05.936Z"",""@version"":""1"",""SourceModuleType"":""im_msvistalog"",""SourcePortName"":""-"",""Hostname"":""Micheal.Beaven"",""DestinationIp"":""172.18.39.6"",""SourcePort"":""60065""}",2022-04-15T08:06:02.000+0000,8,15,6,april,2,friday,2022,local,,INFO,cybertees.net,cyber-host,windowslogs,1,60427,"{"""":""{----}"","""":,"""":,"""":""{----}"","""":""--"","""":,"""":""""",Event_logs.json,_json,ip-10-10-40-195,,splunk,,2022-04-15T12:06:05.936Z,
1,,,,SYSTEM,User,,,,,,Network connection detected (rule: NetworkConnect),Microsoft-Windows-Sysmon/Operational,,,,,,,,,-,172.18.39.6,FALSE,135,-,,,,,NT AUTHORITY,,,,,3,,2022-04-15 8:06:05,2022-04-15 8:06:03,,3348,,,,,,,Micheal.Beaven,C:\Windows\System32\svchost.exe,,,FALSE,,,,,,-9223372036854775808,,,,,,,,,"Network connection detected:
RuleName: -
UtcTime: 2022-04-15 12:06:02.534
ProcessGuid: {83d0c8c3-43cb-5f5f-1100-000000000400}
ProcessId: 1000
Image: C:\Windows\System32\svchost.exe
User: NT AUTHORITY\NETWORK SERVICE
Protocol: tcp
Initiated: false
SourceIsIpv6: false
SourceIp: 172.90.12.11
SourceHostname: -
SourcePort: 60063
SourcePortName: -
DestinationIsIpv6: false
DestinationIp: 172.18.39.6
DestinationHostname: -
DestinationPort: 135
DestinationPortName: -",,,,,,,,Info,0,,,,,,,,,,{83d0c8c3-43cb-5f5f-1100-000000000400},1000,,,tcp,{5770385F-C22A-43E0-BF4C-06F5698FFBD9},,,,183238,,,,,,,-,,INFO,2,,,,,,,,-,,172.90.12.11,FALSE,eventlog,im_msvistalog,Microsoft-Windows-Sysmon,60063,-,,,,,,,,,,,,,,,,,,,,,,3,,,,4544,,,,NT AUTHORITY\NETWORK SERVICE,S-1-5-18,2022-04-15 12:06:03,5,,,"{""ProcessGuid"":""{83d0c8c3-43cb-5f5f-1100-000000000400}"",""EventID"":3,""RecordNumber"":183238,""ProviderGuid"":""{5770385F-C22A-43E0-BF4C-06F5698FFBD9}"",""SourceName"":""Microsoft-Windows-Sysmon"",""OpcodeValue"":0,""AccountName"":""SYSTEM"",""Initiated"":""false"",""SourceIp"":""172.90.12.11"",""DestinationHostname"":""-"",""ExecutionProcessID"":3348,""AccountType"":""User"",""Category"":""Network connection detected (rule: NetworkConnect)"",""SourceModuleName"":""eventlog"",""Domain"":""NT AUTHORITY"",""User"":""NT AUTHORITY\\NETWORK SERVICE"",""port"":60427,""SourceIsIpv6"":""false"",""Protocol"":""tcp"",""DestinationPort"":""135"",""ThreadID"":4544,""Severity"":""INFO"",""DestinationIsIpv6"":""false"",""EventType"":""INFO"",""Channel"":""Microsoft-Windows-Sysmon/Operational"",""DestinationPortName"":""-"",""Opcode"":""Info"",""EventReceivedTime"":""2022-04-15 08:06:05"",""Task"":3,""RuleName"":""-"",""SourceHostname"":""-"",""Keywords"":-9223372036854775808,""Version"":5,""ProcessId"":""1000"",""Image"":""C:\\Windows\\System32\\svchost.exe"",""tags"":[""splunk""],""EventTime"":""2022-04-15 08:06:03"",""host"":""cybertees.net"",""SeverityValue"":2,""Message"":""Network connection detected:\r\nRuleName: -\r\nUtcTime: 2022-04-15 12:06:02.534\r\nProcessGuid: {83d0c8c3-43cb-5f5f-1100-000000000400}\r\nProcessId: 1000\r\nImage: C:\\Windows\\System32\\svchost.exe\r\nUser: NT AUTHORITY\\NETWORK SERVICE\r\nProtocol: tcp\r\nInitiated: false\r\nSourceIsIpv6: false\r\nSourceIp: 172.90.12.11\r\nSourceHostname: -\r\nSourcePort: 60063\r\nSourcePortName: -\r\nDestinationIsIpv6: false\r\nDestinationIp: 172.18.39.6\r\nDestinationHostname: -\r\nDestinationPort: 135\r\nDestinationPortName: -"",""UtcTime"":""2022-04-15 12:06:02.534"",""UserID"":""S-1-5-18"",""timestamp"":""2022-04-15T12:06:05.935Z"",""@version"":""1"",""SourceModuleType"":""im_msvistalog"",""SourcePortName"":""-"",""Hostname"":""Micheal.Beaven"",""DestinationIp"":""172.18.39.6"",""SourcePort"":""60063""}",2022-04-15T08:06:02.000+0000,8,15,6,april,2,friday,2022,local,,INFO,cybertees.net,cyber-host,windowslogs,1,60427,"{"""":""{----}"","""":,"""":,"""":""{----}"","""":""--"","""":,"""":""""",Event_logs.json,_json,ip-10-10-40-195,,splunk,,2022-04-15T12:06:05.935Z,
1,,,,SYSTEM,User,,,,,,Network connection detected (rule: NetworkConnect),Microsoft-Windows-Sysmon/Operational,,,,,,,,,-,172.18.39.6,FALSE,135,-,,,,,NT AUTHORITY,,,,,3,,2022-04-15 8:06:05,2022-04-15 8:06:03,,3348,,,,,,,Micheal.Beaven,C:\Windows\System32\svchost.exe,,,FALSE,,,,,,-9223372036854775808,,,,,,,,,"Network connection detected:
RuleName: -
UtcTime: 2022-04-15 12:06:02.530
ProcessGuid: {83d0c8c3-43cb-5f5f-1100-000000000400}
ProcessId: 1000
Image: C:\Windows\System32\svchost.exe
User: NT AUTHORITY\NETWORK SERVICE
Protocol: tcp
Initiated: false
SourceIsIpv6: false
SourceIp: 172.90.12.11
SourceHostname: -
SourcePort: 60062
SourcePortName: -
DestinationIsIpv6: false
DestinationIp: 172.18.39.6
DestinationHostname: -
DestinationPort: 135
DestinationPortName: -",,,,,,,,Info,0,,,,,,,,,,{83d0c8c3-43cb-5f5f-1100-000000000400},1000,,,tcp,{5770385F-C22A-43E0-BF4C-06F5698FFBD9},,,,183237,,,,,,,-,,INFO,2,,,,,,,,-,,172.90.12.11,FALSE,eventlog,im_msvistalog,Microsoft-Windows-Sysmon,60062,-,,,,,,,,,,,,,,,,,,,,,,3,,,,4544,,,,NT AUTHORITY\NETWORK SERVICE,S-1-5-18,2022-04-15 12:06:03,5,,,"{""ProcessGuid"":""{83d0c8c3-43cb-5f5f-1100-000000000400}"",""EventID"":3,""RecordNumber"":183237,""ProviderGuid"":""{5770385F-C22A-43E0-BF4C-06F5698FFBD9}"",""SourceName"":""Microsoft-Windows-Sysmon"",""OpcodeValue"":0,""AccountName"":""SYSTEM"",""Initiated"":""false"",""SourceIp"":""172.90.12.11"",""DestinationHostname"":""-"",""ExecutionProcessID"":3348,""AccountType"":""User"",""Category"":""Network connection detected (rule: NetworkConnect)"",""SourceModuleName"":""eventlog"",""Domain"":""NT AUTHORITY"",""User"":""NT AUTHORITY\\NETWORK SERVICE"",""port"":60427,""SourceIsIpv6"":""false"",""Protocol"":""tcp"",""DestinationPort"":""135"",""ThreadID"":4544,""Severity"":""INFO"",""DestinationIsIpv6"":""false"",""EventType"":""INFO"",""Channel"":""Microsoft-Windows-Sysmon/Operational"",""DestinationPortName"":""-"",""Opcode"":""Info"",""EventReceivedTime"":""2022-04-15 08:06:05"",""Task"":3,""RuleName"":""-"",""SourceHostname"":""-"",""Keywords"":-9223372036854775808,""Version"":5,""ProcessId"":""1000"",""Image"":""C:\\Windows\\System32\\svchost.exe"",""tags"":[""splunk""],""EventTime"":""2022-04-15 08:06:03"",""host"":""cybertees.net"",""SeverityValue"":2,""Message"":""Network connection detected:\r\nRuleName: -\r\nUtcTime: 2022-04-15 12:06:02.530\r\nProcessGuid: {83d0c8c3-43cb-5f5f-1100-000000000400}\r\nProcessId: 1000\r\nImage: C:\\Windows\\System32\\svchost.exe\r\nUser: NT AUTHORITY\\NETWORK SERVICE\r\nProtocol: tcp\r\nInitiated: false\r\nSourceIsIpv6: false\r\nSourceIp: 172.90.12.11\r\nSourceHostname: -\r\nSourcePort: 60062\r\nSourcePortName: -\r\nDestinationIsIpv6: false\r\nDestinationIp: 172.18.39.6\r\nDestinationHostname: -\r\nDestinationPort: 135\r\nDestinationPortName: -"",""UtcTime"":""2022-04-15 12:06:02.530"",""UserID"":""S-1-5-18"",""timestamp"":""2022-04-15T12:06:05.935Z"",""@version"":""1"",""SourceModuleType"":""im_msvistalog"",""SourcePortName"":""-"",""Hostname"":""Micheal.Beaven"",""DestinationIp"":""172.18.39.6"",""SourcePort"":""60062""}",2022-04-15T08:06:02.000+0000,8,15,6,april,2,friday,2022,local,,INFO,cybertees.net,cyber-host,windowslogs,1,60427,"{"""":""{----}"","""":,"""":,"""":""{----}"","""":""--"","""":,"""":""""",Event_logs.json,_json,ip-10-10-40-195,,splunk,,2022-04-15T12:06:05.935Z,
1,,,,,,,\device\harddiskvolume2\windows\system32\svchost.exe,,,,Filtering Platform Connection,Security,,,,,,,,,,,,,,,,,,,,,,,5158,,2022-04-15 8:06:05,2022-04-15 8:06:03,,4,,0,,,,,Micheal.Beaven,,,,,,,,,,-9214364837600034816,%%14608,36,,,,,,,"The Windows Filtering Platform has permitted a bind to a local port.

Application Information:
	Process ID:		1268
	Application Name:	\device\harddiskvolume2\windows\system32\svchost.exe

Network Information:
	Source Address:		0.0.0.0
	Source Port:		61251
	Protocol:		6

Filter Information:
	Filter Run-Time ID:	0
	Layer Name:		Resource Assignment
	Layer Run-Time ID:	36",,,,,,,,Info,0,,,,,,,,,,,1268,,,6,{54849625-5478-4994-A5BA-3E3B0328C30D},,,,56090,,,,,,,,,INFO,2,,,,,,0.0.0.0,,,,,,eventlog,im_msvistalog,Microsoft-Windows-Security-Auditing,61251,,,,,,,,,,,,,,,,,,,,,,,12810,,,,2176,,,,,,,0,,,"{""ProcessId"":""1268"",""tags"":[""splunk""],""EventID"":5158,""RecordNumber"":56090,""ProviderGuid"":""{54849625-5478-4994-A5BA-3E3B0328C30D}"",""SourceName"":""Microsoft-Windows-Security-Auditing"",""OpcodeValue"":0,""EventTime"":""2022-04-15 08:06:03"",""FilterRTID"":""0"",""host"":""cybertees.net"",""SeverityValue"":2,""ExecutionProcessID"":4,""Category"":""Filtering Platform Connection"",""SourceModuleName"":""eventlog"",""Message"":""The Windows Filtering Platform has permitted a bind to a local port.\r\n\r\nApplication Information:\r\n\tProcess ID:\t\t1268\r\n\tApplication Name:\t\\device\\harddiskvolume2\\windows\\system32\\svchost.exe\r\n\r\nNetwork Information:\r\n\tSource Address:\t\t0.0.0.0\r\n\tSource Port:\t\t61251\r\n\tProtocol:\t\t6\r\n\r\nFilter Information:\r\n\tFilter Run-Time ID:\t0\r\n\tLayer Name:\t\tResource Assignment\r\n\tLayer Run-Time ID:\t36"",""port"":60427,""Protocol"":""6"",""timestamp"":""2022-04-15T12:06:05.935Z"",""ThreadID"":2176,""Severity"":""INFO"",""EventType"":""AUDIT_SUCCESS"",""Channel"":""Security"",""SourceAddress"":""0.0.0.0"",""Opcode"":""Info"",""EventReceivedTime"":""2022-04-15 08:06:05"",""@version"":""1"",""Task"":12810,""SourceModuleType"":""im_msvistalog"",""LayerName"":""%%14608"",""LayerRTID"":""36"",""Hostname"":""Micheal.Beaven"",""Application"":""\\device\\harddiskvolume2\\windows\\system32\\svchost.exe"",""Keywords"":-9214364837600034816,""Version"":0,""SourcePort"":""61251""}",2022-04-15T08:06:02.000+0000,8,15,6,april,2,friday,2022,local,,AUDIT_SUCCESS,cybertees.net,cyber-host,windowslogs,1,60427,"{"""":"""","""":[""""],"""":,"""":,"""":""{----}"","""":""---"","""":,""""",Event_logs.json,_json,ip-10-10-40-195,,splunk,,2022-04-15T12:06:05.935Z,
