UtcTime: 2022-04-15 12:06:01.842
ProcessGuid: {2d351099-5ca9-5f5f-2f04-000000000400}
ProcessId: 9428
Image: C:\Windows\System32\wbem\WMIC.exe
ImageLoaded: C:\Windows\System32\combase.dll
FileVersion: 10.0.18362.1082 (WinBuild.160101.0800)
Description: Microsoft COM for Windows
Product: Microsoft® Windows® Operating System
Company: Microsoft Corporation
OriginalFileName: COMBASE.DLL
Hashes: SHA1=03829F72B93B3DA8A5778A295948F2F967A8AD9A,MD5=655C13F8AA80901935F1086709E27812,SHA256=28D91C9176D50DBC4939BB21BB00DDB17B1C589EEB9E058533E6AA125E86FA4F,IMPHASH=D1A511866766E387FD0DAF3ACBB54B12
Signed: true
Signature: Microsoft Windows
SignatureStatus: Valid",,,,,,,,Info,0,COMBASE.DLL,,,,,,,,,{2d351099-5ca9-5f5f-2f04-000000000400},9428,,Microsoft® Windows® Operating System,,{5770385F-C22A-43E0-BF4C-06F5698FFBD9},,,,423335,,,,,,,-,,INFO,2,,,Microsoft Windows,Valid,TRUE,,,,,,,eventlog,im_msvistalog,Microsoft-Windows-Sysmon,,,,,,,,,,,,,,,,,,,,,,,,7,,,,4688,,,,,S-1-5-18,2022-04-15 12:06:02,3,,,"{""EventID"":7,""RecordNumber"":423335,""ProviderGuid"":""{5770385F-C22A-43E0-BF4C-06F5698FFBD9}"",""SourceName"":""Microsoft-Windows-Sysmon"",""OpcodeValue"":0,""AccountName"":""SYSTEM"",""SignatureStatus"":""Valid"",""SourceModuleName"":""eventlog"",""ExecutionProcessID"":3524,""AccountType"":""User"",""Category"":""Image loaded (rule: ImageLoad)"",""Domain"":""NT AUTHORITY"",""port"":60427,""Company"":""Microsoft Corporation"",""ThreadID"":4688,""Severity"":""INFO"",""EventType"":""INFO"",""Signed"":""true"",""Channel"":""Microsoft-Windows-Sysmon/Operational"",""Opcode"":""Info"",""EventReceivedTime"":""2022-04-15 08:06:02"",""ImageLoaded"":""C:\\Windows\\System32\\combase.dll"",""Task"":7,""RuleName"":""-"",""Keywords"":-9223372036854775808,""Version"":3,""ProcessId"":""9428"",""Image"":""C:\\Windows\\System32\\wbem\\WMIC.exe"",""Product"":""Microsoft® Windows® Operating System"",""tags"":[""splunk""],""EventTime"":""2022-04-15 08:06:01"",""host"":""cybertees.net"",""SeverityValue"":2,""Message"":""Image loaded:\r\nRuleName: -\r\nUtcTime: 2022-04-15 12:06:01.842\r\nProcessGuid: {2d351099-5ca9-5f5f-2f04-000000000400}\r\nProcessId: 9428\r\nImage: C:\\Windows\\System32\\wbem\\WMIC.exe\r\nImageLoaded: C:\\Windows\\System32\\combase.dll\r\nFileVersion: 10.0.18362.1082 (WinBuild.160101.0800)\r\nDescription: Microsoft COM for Windows\r\nProduct: Microsoft® Windows® Operating System\r\nCompany: Microsoft Corporation\r\nOriginalFileName: COMBASE.DLL\r\nHashes: SHA1=03829F72B93B3DA8A5778A295948F2F967A8AD9A,MD5=655C13F8AA80901935F1086709E27812,SHA256=28D91C9176D50DBC4939BB21BB00DDB17B1C589EEB9E058533E6AA125E86FA4F,IMPHASH=D1A511866766E387FD0DAF3ACBB54B12\r\nSigned: true\r\nSignature: Microsoft Windows\r\nSignatureStatus: Valid"",""UtcTime"":""2022-04-15 12:06:01.842"",""UserID"":""S-1-5-18"",""FileVersion"":""10.0.18362.1082 (WinBuild.160101.0800)"",""Description"":""Microsoft COM for Windows"",""OriginalFileName"":""COMBASE.DLL"",""timestamp"":""2022-04-15T12:06:02.603Z"",""Hashes"":""SHA1=03829F72B93B3DA8A5778A295948F2F967A8AD9A,MD5=655C13F8AA80901935F1086709E27812,SHA256=28D91C9176D50DBC4939BB21BB00DDB17B1C589EEB9E058533E6AA125E86FA4F,IMPHASH=D1A511866766E387FD0DAF3ACBB54B12"",""Signature"":""Microsoft Windows"",""@version"":""1"",""SourceModuleType"":""im_msvistalog"",""Hostname"":""James.browne"",""ProcessGuid"":""{2d351099-5ca9-5f5f-2f04-000000000400}""}",2022-04-15T08:06:01.000+0000,8,15,6,april,1,friday,2022,local,,INFO,cybertees.net,cyber-host,windowslogs,1,60427,"{"""":,"""":,"""":""{----}"","""":""--"","""":,"""":"""","""":"""","""":""""",Event_logs.json,_json,ip-10-10-40-195,,splunk,,2022-04-15T12:06:02.603Z,
1,,,,SYSTEM,User,,,,,,Image loaded (rule: ImageLoad),Microsoft-Windows-Sysmon/Operational,,Microsoft Corporation,,,,WMI SDK Provider Framework,,,,,,,,,,,,NT AUTHORITY,,,,,7,,2022-04-15 8:06:02,2022-04-15 8:06:01,,3524,10.0.18362.1 (WinBuild.160101.0800),,,,,"SHA1=3804721AEFAF58D2ABC606999E88557E313CD134,MD5=1776A7AB60F25ACA9232F7B780DF9E96,SHA256=DE68808760A03001F93A4379590BD36288B31D1250F40994033E7BA1BCFF0CA1,IMPHASH=274F30CAD78C3E1964E56D5A8FDDFF88",James.browne,C:\Windows\System32\wbem\WMIC.exe,C:\Windows\System32\framedynos.dll,,,,,,,,-9223372036854775808,,,,,,,,,"Image loaded:
RuleName: -
UtcTime: 2022-04-15 12:06:01.842
ProcessGuid: {2d351099-5ca9-5f5f-2f04-000000000400}
ProcessId: 9428
Image: C:\Windows\System32\wbem\WMIC.exe
ImageLoaded: C:\Windows\System32\framedynos.dll
FileVersion: 10.0.18362.1 (WinBuild.160101.0800)
Description: WMI SDK Provider Framework
Product: Microsoft® Windows® Operating System
Company: Microsoft Corporation
OriginalFileName: framedyn.dll
Hashes: SHA1=3804721AEFAF58D2ABC606999E88557E313CD134,MD5=1776A7AB60F25ACA9232F7B780DF9E96,SHA256=DE68808760A03001F93A4379590BD36288B31D1250F40994033E7BA1BCFF0CA1,IMPHASH=274F30CAD78C3E1964E56D5A8FDDFF88
Signed: true
Signature: Microsoft Windows
SignatureStatus: Valid",,,,,,,,Info,0,framedyn.dll,,,,,,,,,{2d351099-5ca9-5f5f-2f04-000000000400},9428,,Microsoft® Windows® Operating System,,{5770385F-C22A-43E0-BF4C-06F5698FFBD9},,,,423334,,,,,,,-,,INFO,2,,,Microsoft Windows,Valid,TRUE,,,,,,,eventlog,im_msvistalog,Microsoft-Windows-Sysmon,,,,,,,,,,,,,,,,,,,,,,,,7,,,,4688,,,,,S-1-5-18,2022-04-15 12:06:02,3,,,"{""EventID"":7,""RecordNumber"":423334,""ProviderGuid"":""{5770385F-C22A-43E0-BF4C-06F5698FFBD9}"",""SourceName"":""Microsoft-Windows-Sysmon"",""OpcodeValue"":0,""AccountName"":""SYSTEM"",""SignatureStatus"":""Valid"",""SourceModuleName"":""eventlog"",""ExecutionProcessID"":3524,""AccountType"":""User"",""Category"":""Image loaded (rule: ImageLoad)"",""Domain"":""NT AUTHORITY"",""port"":60427,""Company"":""Microsoft Corporation"",""ThreadID"":4688,""Severity"":""INFO"",""EventType"":""INFO"",""Signed"":""true"",""Channel"":""Microsoft-Windows-Sysmon/Operational"",""Opcode"":""Info"",""EventReceivedTime"":""2022-04-15 08:06:02"",""ImageLoaded"":""C:\\Windows\\System32\\framedynos.dll"",""Task"":7,""RuleName"":""-"",""Keywords"":-9223372036854775808,""Version"":3,""ProcessId"":""9428"",""Image"":""C:\\Windows\\System32\\wbem\\WMIC.exe"",""Product"":""Microsoft® Windows® Operating System"",""tags"":[""splunk""],""EventTime"":""2022-04-15 08:06:01"",""host"":""cybertees.net"",""SeverityValue"":2,""Message"":""Image loaded:\r\nRuleName: -\r\nUtcTime: 2022-04-15 12:06:01.842\r\nProcessGuid: {2d351099-5ca9-5f5f-2f04-000000000400}\r\nProcessId: 9428\r\nImage: C:\\Windows\\System32\\wbem\\WMIC.exe\r\nImageLoaded: C:\\Windows\\System32\\framedynos.dll\r\nFileVersion: 10.0.18362.1 (WinBuild.160101.0800)\r\nDescription: WMI SDK Provider Framework\r\nProduct: Microsoft® Windows® Operating System\r\nCompany: Microsoft Corporation\r\nOriginalFileName: framedyn.dll\r\nHashes: SHA1=3804721AEFAF58D2ABC606999E88557E313CD134,MD5=1776A7AB60F25ACA9232F7B780DF9E96,SHA256=DE68808760A03001F93A4379590BD36288B31D1250F40994033E7BA1BCFF0CA1,IMPHASH=274F30CAD78C3E1964E56D5A8FDDFF88\r\nSigned: true\r\nSignature: Microsoft Windows\r\nSignatureStatus: Valid"",""UtcTime"":""2022-04-15 12:06:01.842"",""UserID"":""S-1-5-18"",""FileVersion"":""10.0.18362.1 (WinBuild.160101.0800)"",""Description"":""WMI SDK Provider Framework"",""OriginalFileName"":""framedyn.dll"",""timestamp"":""2022-04-15T12:06:02.603Z"",""Hashes"":""SHA1=3804721AEFAF58D2ABC606999E88557E313CD134,MD5=1776A7AB60F25ACA9232F7B780DF9E96,SHA256=DE68808760A03001F93A4379590BD36288B31D1250F40994033E7BA1BCFF0CA1,IMPHASH=274F30CAD78C3E1964E56D5A8FDDFF88"",""Signature"":""Microsoft Windows"",""@version"":""1"",""SourceModuleType"":""im_msvistalog"",""Hostname"":""James.browne"",""ProcessGuid"":""{2d351099-5ca9-5f5f-2f04-000000000400}""}",2022-04-15T08:06:01.000+0000,8,15,6,april,1,friday,2022,local,,INFO,cybertees.net,cyber-host,windowslogs,1,60427,"{"""":,"""":,"""":""{----}"","""":""--"","""":,"""":"""","""":"""","""":""""",Event_logs.json,_json,ip-10-10-40-195,,splunk,,2022-04-15T12:06:02.603Z,
1,,,,SYSTEM,User,,,,,,Image loaded (rule: ImageLoad),Microsoft-Windows-Sysmon/Operational,,Microsoft Corporation,,,,IP Helper API,,,,,,,,,,,,NT AUTHORITY,,,,,7,,2022-04-15 8:06:02,2022-04-15 8:06:01,,3524,10.0.18362.1 (WinBuild.160101.0800),,,,,"SHA1=9414EC114C3389E0A7BC2FD986E00946E1A2A299,MD5=3929147A2A34B0902152C7D0F241B02A,SHA256=AD1C5309AA873F6A284EABE382812868E20C3D3D64197F3E6EF9D015EA060CAA,IMPHASH=6EC28633CC4ECB9F457795DD7E00B34B",James.browne,C:\Windows\System32\wbem\WMIC.exe,C:\Windows\System32\IPHLPAPI.DLL,,,,,,,,-9223372036854775808,,,,,,,,,"Image loaded:
RuleName: -
UtcTime: 2022-04-15 12:06:01.842
ProcessGuid: {2d351099-5ca9-5f5f-2f04-000000000400}
ProcessId: 9428
Image: C:\Windows\System32\wbem\WMIC.exe
ImageLoaded: C:\Windows\System32\IPHLPAPI.DLL
FileVersion: 10.0.18362.1 (WinBuild.160101.0800)
Description: IP Helper API
Product: Microsoft® Windows® Operating System
Company: Microsoft Corporation
OriginalFileName: iphlpapi.dll
Hashes: SHA1=9414EC114C3389E0A7BC2FD986E00946E1A2A299,MD5=3929147A2A34B0902152C7D0F241B02A,SHA256=AD1C5309AA873F6A284EABE382812868E20C3D3D64197F3E6EF9D015EA060CAA,IMPHASH=6EC28633CC4ECB9F457795DD7E00B34B
Signed: true
Signature: Microsoft Windows
SignatureStatus: Valid",,,,,,,,Info,0,iphlpapi.dll,,,,,,,,,{2d351099-5ca9-5f5f-2f04-000000000400},9428,,Microsoft® Windows® Operating System,,{5770385F-C22A-43E0-BF4C-06F5698FFBD9},,,,423333,,,,,,,-,,INFO,2,,,Microsoft Windows,Valid,TRUE,,,,,,,eventlog,im_msvistalog,Microsoft-Windows-Sysmon,,,,,,,,,,,,,,,,,,,,,,,,7,,,,4688,,,,,S-1-5-18,2022-04-15 12:06:02,3,,,"{""EventID"":7,""RecordNumber"":423333,""ProviderGuid"":""{5770385F-C22A-43E0-BF4C-06F5698FFBD9}"",""SourceName"":""Microsoft-Windows-Sysmon"",""OpcodeValue"":0,""AccountName"":""SYSTEM"",""SignatureStatus"":""Valid"",""SourceModuleName"":""eventlog"",""ExecutionProcessID"":3524,""AccountType"":""User"",""Category"":""Image loaded (rule: ImageLoad)"",""Domain"":""NT AUTHORITY"",""port"":60427,""Company"":""Microsoft Corporation"",""ThreadID"":4688,""Severity"":""INFO"",""EventType"":""INFO"",""Signed"":""true"",""Channel"":""Microsoft-Windows-Sysmon/Operational"",""Opcode"":""Info"",""EventReceivedTime"":""2022-04-15 08:06:02"",""ImageLoaded"":""C:\\Windows\\System32\\IPHLPAPI.DLL"",""Task"":7,""RuleName"":""-"",""Keywords"":-9223372036854775808,""Version"":3,""ProcessId"":""9428"",""Image"":""C:\\Windows\\System32\\wbem\\WMIC.exe"",""Product"":""Microsoft® Windows® Operating System"",""tags"":[""splunk""],""EventTime"":""2022-04-15 08:06:01"",""host"":""cybertees.net"",""SeverityValue"":2,""Message"":""Image loaded:\r\nRuleName: -\r\nUtcTime: 2022-04-15 12:06:01.842\r\nProcessGuid: {2d351099-5ca9-5f5f-2f04-000000000400}\r\nProcessId: 9428\r\nImage: C:\\Windows\\System32\\wbem\\WMIC.exe\r\nImageLoaded: C:\\Windows\\System32\\IPHLPAPI.DLL\r\nFileVersion: 10.0.18362.1 (WinBuild.160101.0800)\r\nDescription: IP Helper API\r\nProduct: Microsoft® Windows® Operating System\r\nCompany: Microsoft Corporation\r\nOriginalFileName: iphlpapi.dll\r\nHashes: SHA1=9414EC114C3389E0A7BC2FD986E00946E1A2A299,MD5=3929147A2A34B0902152C7D0F241B02A,SHA256=AD1C5309AA873F6A284EABE382812868E20C3D3D64197F3E6EF9D015EA060CAA,IMPHASH=6EC28633CC4ECB9F457795DD7E00B34B\r\nSigned: true\r\nSignature: Microsoft Windows\r\nSignatureStatus: Valid"",""UtcTime"":""2022-04-15 12:06:01.842"",""UserID"":""S-1-5-18"",""FileVersion"":""10.0.18362.1 (WinBuild.160101.0800)"",""Description"":""IP Helper API"",""OriginalFileName"":""iphlpapi.dll"",""timestamp"":""2022-04-15T12:06:02.603Z"",""Hashes"":""SHA1=9414EC114C3389E0A7BC2FD986E00946E1A2A299,MD5=3929147A2A34B0902152C7D0F241B02A,SHA256=AD1C5309AA873F6A284EABE382812868E20C3D3D64197F3E6EF9D015EA060CAA,IMPHASH=6EC28633CC4ECB9F457795DD7E00B34B"",""Signature"":""Microsoft Windows"",""@version"":""1"",""SourceModuleType"":""im_msvistalog"",""Hostname"":""James.browne"",""ProcessGuid"":""{2d351099-5ca9-5f5f-2f04-000000000400}""}",2022-04-15T08:06:01.000+0000,8,15,6,april,1,friday,2022,local,,INFO,cybertees.net,cyber-host,windowslogs,1,60427,"{"""":,"""":,"""":""{----}"","""":""--"","""":,"""":"""","""":"""","""":""""",Event_logs.json,_json,ip-10-10-40-195,,splunk,,2022-04-15T12:06:02.603Z,
1,,,,SYSTEM,User,,,,,,Image loaded (rule: ImageLoad),Microsoft-Windows-Sysmon/Operational,,Microsoft Corporation,,,,Windows NT CRT DLL,,,,,,,,,,,,NT AUTHORITY,,,,,7,,2022-04-15 8:06:02,2022-04-15 8:06:01,,3524,7.0.18362.1 (WinBuild.160101.0800),,,,,"SHA1=0EA4B3CFB14E49CEC0D42FF0F1FA989E69647A8F,MD5=36354D9B5B0A58A4B9A19103852C00A2,SHA256=E5A863D3F4BFEFED7D73A7B1499F81B7235BC9AE3C108065041BCB8E5446B1BB,IMPHASH=1273683626EBBA703979F188A1E64237",James.browne,C:\Windows\System32\wbem\WMIC.exe,C:\Windows\System32\msvcrt.dll,,,,,,,,-9223372036854775808,,,,,,,,,"Image loaded:
RuleName: -
UtcTime: 2022-04-15 12:06:01.842
ProcessGuid: {2d351099-5ca9-5f5f-2f04-000000000400}
ProcessId: 9428
Image: C:\Windows\System32\wbem\WMIC.exe
ImageLoaded: C:\Windows\System32\msvcrt.dll
FileVersion: 7.0.18362.1 (WinBuild.160101.0800)
Description: Windows NT CRT DLL
Product: Microsoft® Windows® Operating System
Company: Microsoft Corporation
OriginalFileName: msvcrt.dll
Hashes: SHA1=0EA4B3CFB14E49CEC0D42FF0F1FA989E69647A8F,MD5=36354D9B5B0A58A4B9A19103852C00A2,SHA256=E5A863D3F4BFEFED7D73A7B1499F81B7235BC9AE3C108065041BCB8E5446B1BB,IMPHASH=1273683626EBBA703979F188A1E64237
Signed: true
Signature: Microsoft Windows
SignatureStatus: Valid",,,,,,,,Info,0,msvcrt.dll,,,,,,,,,{2d351099-5ca9-5f5f-2f04-000000000400},9428,,Microsoft® Windows® Operating System,,{5770385F-C22A-43E0-BF4C-06F5698FFBD9},,,,423332,,,,,,,-,,INFO,2,,,Microsoft Windows,Valid,TRUE,,,,,,,eventlog,im_msvistalog,Microsoft-Windows-Sysmon,,,,,,,,,,,,,,,,,,,,,,,,7,,,,4688,,,,,S-1-5-18,2022-04-15 12:06:02,3,,,"{""EventID"":7,""RecordNumber"":423332,""ProviderGuid"":""{5770385F-C22A-43E0-BF4C-06F5698FFBD9}"",""SourceName"":""Microsoft-Windows-Sysmon"",""OpcodeValue"":0,""AccountName"":""SYSTEM"",""SignatureStatus"":""Valid"",""SourceModuleName"":""eventlog"",""ExecutionProcessID"":3524,""AccountType"":""User"",""Category"":""Image loaded (rule: ImageLoad)"",""Domain"":""NT AUTHORITY"",""port"":60427,""Company"":""Microsoft Corporation"",""ThreadID"":4688,""Severity"":""INFO"",""EventType"":""INFO"",""Signed"":""true"",""Channel"":""Microsoft-Windows-Sysmon/Operational"",""Opcode"":""Info"",""EventReceivedTime"":""2022-04-15 08:06:02"",""ImageLoaded"":""C:\\Windows\\System32\\msvcrt.dll"",""Task"":7,""RuleName"":""-"",""Keywords"":-9223372036854775808,""Version"":3,""ProcessId"":""9428"",""Image"":""C:\\Windows\\System32\\wbem\\WMIC.exe"",""Product"":""Microsoft® Windows® Operating System"",""tags"":[""splunk""],""EventTime"":""2022-04-15 08:06:01"",""host"":""cybertees.net"",""SeverityValue"":2,""Message"":""Image loaded:\r\nRuleName: -\r\nUtcTime: 2022-04-15 12:06:01.842\r\nProcessGuid: {2d351099-5ca9-5f5f-2f04-000000000400}\r\nProcessId: 9428\r\nImage: C:\\Windows\\System32\\wbem\\WMIC.exe\r\nImageLoaded: C:\\Windows\\System32\\msvcrt.dll\r\nFileVersion: 7.0.18362.1 (WinBuild.160101.0800)\r\nDescription: Windows NT CRT DLL\r\nProduct: Microsoft® Windows® Operating System\r\nCompany: Microsoft Corporation\r\nOriginalFileName: msvcrt.dll\r\nHashes: SHA1=0EA4B3CFB14E49CEC0D42FF0F1FA989E69647A8F,MD5=36354D9B5B0A58A4B9A19103852C00A2,SHA256=E5A863D3F4BFEFED7D73A7B1499F81B7235BC9AE3C108065041BCB8E5446B1BB,IMPHASH=1273683626EBBA703979F188A1E64237\r\nSigned: true\r\nSignature: Microsoft Windows\r\nSignatureStatus: Valid"",""UtcTime"":""2022-04-15 12:06:01.842"",""UserID"":""S-1-5-18"",""FileVersion"":""7.0.18362.1 (WinBuild.160101.0800)"",""Description"":""Windows NT CRT DLL"",""OriginalFileName"":""msvcrt.dll"",""timestamp"":""2022-04-15T12:06:02.603Z"",""Hashes"":""SHA1=0EA4B3CFB14E49CEC0D42FF0F1FA989E69647A8F,MD5=36354D9B5B0A58A4B9A19103852C00A2,SHA256=E5A863D3F4BFEFED7D73A7B1499F81B7235BC9AE3C108065041BCB8E5446B1BB,IMPHASH=1273683626EBBA703979F188A1E64237"",""Signature"":""Microsoft Windows"",""@version"":""1"",""SourceModuleType"":""im_msvistalog"",""Hostname"":""James.browne"",""ProcessGuid"":""{2d351099-5ca9-5f5f-2f04-000000000400}""}",2022-04-15T08:06:01.000+0000,8,15,6,april,1,friday,2022,local,,INFO,cybertees.net,cyber-host,windowslogs,1,60427,"{"""":,"""":,"""":""{----}"","""":""--"","""":,"""":"""","""":"""","""":""""",Event_logs.json,_json,ip-10-10-40-195,,splunk,,2022-04-15T12:06:02.603Z,
1,,,,SYSTEM,User,,,,,C:\windows\SYSTEM32\ntdll.dll+9c534|C:\windows\System32\KERNELBASE.dll+305fe|C:\windows\system32\conhost.exe+1260d|C:\windows\system32\conhost.exe+12505|C:\windows\system32\conhost.exe+895c|C:\windows\system32\conhost.exe+f2e6|C:\windows\System32\KERNEL32.DLL+17bd4|C:\windows\SYSTEM32\ntdll.dll+6ce51,Process accessed (rule: ProcessAccess),Microsoft-Windows-Sysmon/Operational,,,,,,,,,,,,,,,,,,NT AUTHORITY,,,,,10,,2022-04-15 8:06:02,2022-04-15 8:06:01,,3524,,,0x1fffff,,,,James.browne,,,,,,,,,,-9223372036854775808,,,,,,,,,"Process accessed:
RuleName: -
UtcTime: 2022-04-15 12:06:01.842
SourceProcessGUID: {2d351099-5bb3-5f5f-2104-000000000400}
SourceProcessId: 9180
SourceThreadId: 10152
SourceImage: C:\windows\system32\conhost.exe
TargetProcessGUID: {2d351099-5ca9-5f5f-2f04-000000000400}
TargetProcessId: 9428
TargetImage: C:\windows\System32\Wbem\WMIC.exe
GrantedAccess: 0x1FFFFF
CallTrace: C:\windows\SYSTEM32\ntdll.dll+9c534|C:\windows\System32\KERNELBASE.dll+305fe|C:\windows\system32\conhost.exe+1260d|C:\windows\system32\conhost.exe+12505|C:\windows\system32\conhost.exe+895c|C:\windows\system32\conhost.exe+f2e6|C:\windows\System32\KERNEL32.DLL+17bd4|C:\windows\SYSTEM32\ntdll.dll+6ce51",,,,,,,,Info,0,,,,,,,,,,,9180,,,,{5770385F-C22A-43E0-BF4C-06F5698FFBD9},,,,423331,,,,,,,-,,INFO,2,,,,,,,,,C:\windows\system32\conhost.exe,,,eventlog,im_msvistalog,Microsoft-Windows-Sysmon,,,{2d351099-5bb3-5f5f-2104-000000000400},9180,10152,,,,,,,,,C:\windows\System32\Wbem\WMIC.exe,,,,,,{2d351099-5ca9-5f5f-2f04-000000000400},9428,,,10,,,,4688,,,,,S-1-5-18,2022-04-15 12:06:02,3,,,"{""EventID"":10,""RecordNumber"":423331,""ProviderGuid"":""{5770385F-C22A-43E0-BF4C-06F5698FFBD9}"",""SourceName"":""Microsoft-Windows-Sysmon"",""OpcodeValue"":0,""AccountName"":""SYSTEM"",""SourceImage"":""C:\\windows\\system32\\conhost.exe"",""SourceModuleName"":""eventlog"",""ExecutionProcessID"":3524,""AccountType"":""User"",""Category"":""Process accessed (rule: ProcessAccess)"",""SourceProcessId"":""9180"",""Domain"":""NT AUTHORITY"",""port"":60427,""ThreadID"":4688,""Severity"":""INFO"",""EventType"":""INFO"",""Channel"":""Microsoft-Windows-Sysmon/Operational"",""Opcode"":""Info"",""EventReceivedTime"":""2022-04-15 08:06:02"",""Task"":10,""RuleName"":""-"",""Keywords"":-9223372036854775808,""Version"":3,""ProcessId"":""9180"",""tags"":[""splunk""],""GrantedAccess"":""0x1fffff"",""SourceProcessGUID"":""{2d351099-5bb3-5f5f-2104-000000000400}"",""EventTime"":""2022-04-15 08:06:01"",""host"":""cybertees.net"",""SeverityValue"":2,""CallTrace"":""C:\\windows\\SYSTEM32\\ntdll.dll+9c534|C:\\windows\\System32\\KERNELBASE.dll+305fe|C:\\windows\\system32\\conhost.exe+1260d|C:\\windows\\system32\\conhost.exe+12505|C:\\windows\\system32\\conhost.exe+895c|C:\\windows\\system32\\conhost.exe+f2e6|C:\\windows\\System32\\KERNEL32.DLL+17bd4|C:\\windows\\SYSTEM32\\ntdll.dll+6ce51"",""Message"":""Process accessed:\r\nRuleName: -\r\nUtcTime: 2022-04-15 12:06:01.842\r\nSourceProcessGUID: {2d351099-5bb3-5f5f-2104-000000000400}\r\nSourceProcessId: 9180\r\nSourceThreadId: 10152\r\nSourceImage: C:\\windows\\system32\\conhost.exe\r\nTargetProcessGUID: {2d351099-5ca9-5f5f-2f04-000000000400}\r\nTargetProcessId: 9428\r\nTargetImage: C:\\windows\\System32\\Wbem\\WMIC.exe\r\nGrantedAccess: 0x1FFFFF\r\nCallTrace: C:\\windows\\SYSTEM32\\ntdll.dll+9c534|C:\\windows\\System32\\KERNELBASE.dll+305fe|C:\\windows\\system32\\conhost.exe+1260d|C:\\windows\\system32\\conhost.exe+12505|C:\\windows\\system32\\conhost.exe+895c|C:\\windows\\system32\\conhost.exe+f2e6|C:\\windows\\System32\\KERNEL32.DLL+17bd4|C:\\windows\\SYSTEM32\\ntdll.dll+6ce51"",""UtcTime"":""2022-04-15 12:06:01.842"",""UserID"":""S-1-5-18"",""timestamp"":""2022-04-15T12:06:02.603Z"",""TargetProcessId"":""9428"",""SourceThreadId"":""10152"",""@version"":""1"",""TargetProcessGUID"":""{2d351099-5ca9-5f5f-2f04-000000000400}"",""SourceModuleType"":""im_msvistalog"",""TargetImage"":""C:\\windows\\System32\\Wbem\\WMIC.exe"",""Hostname"":""James.browne""}",2022-04-15T08:06:01.000+0000,8,15,6,april,1,friday,2022,local,,INFO,cybertees.net,cyber-host,windowslogs,1,60427,"{"""":,"""":,"""":""{----}"","""":""--"","""":,"""":"""","""":"":\\\\\\",Event_logs.json,_json,ip-10-10-40-195,,splunk,,2022-04-15T12:06:02.603Z,
1,,,,SYSTEM,User,,,,,,Image loaded (rule: ImageLoad),Microsoft-Windows-Sysmon/Operational,,Microsoft Corporation,,,,Windows NT BASE API Client DLL,,,,,,,,,,,,NT AUTHORITY,,,,,7,,2022-04-15 8:06:02,2022-04-15 8:06:01,,3524,10.0.18362.1049 (WinBuild.160101.0800),,,,,"SHA1=0BE0E331F4F9C2ED8C9D989CDCFD10463FE3E047,MD5=D62F3401037D0D0CE1F41555B72F1B60,SHA256=B51E88CCD1517E923A7A3E21B2AFC856927D529F5C5668A072B4B12AC70AD46B,IMPHASH=16003AF856720C35351BB8C14AD0B0A8",James.browne,C:\Windows\System32\wbem\WMIC.exe,C:\Windows\System32\KernelBase.dll,,,,,,,,-9223372036854775808,,,,,,,,,"Image loaded:
RuleName: -
UtcTime: 2022-04-15 12:06:01.842
ProcessGuid: {2d351099-5ca9-5f5f-2f04-000000000400}
ProcessId: 9428
Image: C:\Windows\System32\wbem\WMIC.exe
ImageLoaded: C:\Windows\System32\KernelBase.dll
FileVersion: 10.0.18362.1049 (WinBuild.160101.0800)
Description: Windows NT BASE API Client DLL
Product: Microsoft® Windows® Operating System
Company: Microsoft Corporation
OriginalFileName: Kernelbase.dll
Hashes: SHA1=0BE0E331F4F9C2ED8C9D989CDCFD10463FE3E047,MD5=D62F3401037D0D0CE1F41555B72F1B60,SHA256=B51E88CCD1517E923A7A3E21B2AFC856927D529F5C5668A072B4B12AC70AD46B,IMPHASH=16003AF856720C35351BB8C14AD0B0A8
Signed: true
Signature: Microsoft Windows
SignatureStatus: Valid",,,,,,,,Info,0,Kernelbase.dll,,,,,,,,,{2d351099-5ca9-5f5f-2f04-000000000400},9428,,Microsoft® Windows® Operating System,,{5770385F-C22A-43E0-BF4C-06F5698FFBD9},,,,423330,,,,,,,-,,INFO,2,,,Microsoft Windows,Valid,TRUE,,,,,,,eventlog,im_msvistalog,Microsoft-Windows-Sysmon,,,,,,,,,,,,,,,,,,,,,,,,7,,,,4688,,,,,S-1-5-18,2022-04-15 12:06:02,3,,,"{""EventID"":7,""RecordNumber"":423330,""ProviderGuid"":""{5770385F-C22A-43E0-BF4C-06F5698FFBD9}"",""SourceName"":""Microsoft-Windows-Sysmon"",""OpcodeValue"":0,""AccountName"":""SYSTEM"",""SignatureStatus"":""Valid"",""SourceModuleName"":""eventlog"",""ExecutionProcessID"":3524,""AccountType"":""User"",""Category"":""Image loaded (rule: ImageLoad)"",""Domain"":""NT AUTHORITY"",""port"":60427,""Company"":""Microsoft Corporation"",""ThreadID"":4688,""Severity"":""INFO"",""EventType"":""INFO"",""Signed"":""true"",""Channel"":""Microsoft-Windows-Sysmon/Operational"",""Opcode"":""Info"",""EventReceivedTime"":""2022-04-15 08:06:02"",""ImageLoaded"":""C:\\Windows\\System32\\KernelBase.dll"",""Task"":7,""RuleName"":""-"",""Keywords"":-9223372036854775808,""Version"":3,""ProcessId"":""9428"",""Image"":""C:\\Windows\\System32\\wbem\\WMIC.exe"",""Product"":""Microsoft® Windows® Operating System"",""tags"":[""splunk""],""EventTime"":""2022-04-15 08:06:01"",""host"":""cybertees.net"",""SeverityValue"":2,""Message"":""Image loaded:\r\nRuleName: -\r\nUtcTime: 2022-04-15 12:06:01.842\r\nProcessGuid: {2d351099-5ca9-5f5f-2f04-000000000400}\r\nProcessId: 9428\r\nImage: C:\\Windows\\System32\\wbem\\WMIC.exe\r\nImageLoaded: C:\\Windows\\System32\\KernelBase.dll\r\nFileVersion: 10.0.18362.1049 (WinBuild.160101.0800)\r\nDescription: Windows NT BASE API Client DLL\r\nProduct: Microsoft® Windows® Operating System\r\nCompany: Microsoft Corporation\r\nOriginalFileName: Kernelbase.dll\r\nHashes: SHA1=0BE0E331F4F9C2ED8C9D989CDCFD10463FE3E047,MD5=D62F3401037D0D0CE1F41555B72F1B60,SHA256=B51E88CCD1517E923A7A3E21B2AFC856927D529F5C5668A072B4B12AC70AD46B,IMPHASH=16003AF856720C35351BB8C14AD0B0A8\r\nSigned: true\r\nSignature: Microsoft Windows\r\nSignatureStatus: Valid"",""UtcTime"":""2022-04-15 12:06:01.842"",""UserID"":""S-1-5-18"",""FileVersion"":""10.0.18362.1049 (WinBuild.160101.0800)"",""Description"":""Windows NT BASE API Client DLL"",""OriginalFileName"":""Kernelbase.dll"",""timestamp"":""2022-04-15T12:06:02.603Z"",""Hashes"":""SHA1=0BE0E331F4F9C2ED8C9D989CDCFD10463FE3E047,MD5=D62F3401037D0D0CE1F41555B72F1B60,SHA256=B51E88CCD1517E923A7A3E21B2AFC856927D529F5C5668A072B4B12AC70AD46B,IMPHASH=16003AF856720C35351BB8C14AD0B0A8"",""Signature"":""Microsoft Windows"",""@version"":""1"",""SourceModuleType"":""im_msvistalog"",""Hostname"":""James.browne"",""ProcessGuid"":""{2d351099-5ca9-5f5f-2f04-000000000400}""}",2022-04-15T08:06:01.000+0000,8,15,6,april,1,friday,2022,local,,INFO,cybertees.net,cyber-host,windowslogs,1,60427,"{"""":,"""":,"""":""{----}"","""":""--"","""":,"""":"""","""":"""","""":""""",Event_logs.json,_json,ip-10-10-40-195,,splunk,,2022-04-15T12:06:02.603Z,
1,,,,SYSTEM,User,,,,,,Image loaded (rule: ImageLoad),Microsoft-Windows-Sysmon/Operational,,Microsoft Corporation,,,,Windows NT BASE API Client DLL,,,,,,,,,,,,NT AUTHORITY,,,,,7,,2022-04-15 8:06:02,2022-04-15 8:06:01,,3524,10.0.18362.1082 (WinBuild.160101.0800),,,,,"SHA1=9044BFB6E7D920BB4586123237B512238F2EA726,MD5=B78D8D39F63C5B7B9A2F4BC31076C954,SHA256=08BE2EE23EE5A7722C4BACA3BD8F0EABA7A56302F0051E6802A36D35AB0BC41C,IMPHASH=F9F97E60CFCD78BE051D9570C88FFB6F",James.browne,C:\Windows\System32\wbem\WMIC.exe,C:\Windows\System32\kernel32.dll,,,,,,,,-9223372036854775808,,,,,,,,,"Image loaded:
RuleName: -
UtcTime: 2022-04-15 12:06:01.842
ProcessGuid: {2d351099-5ca9-5f5f-2f04-000000000400}
ProcessId: 9428
Image: C:\Windows\System32\wbem\WMIC.exe
ImageLoaded: C:\Windows\System32\kernel32.dll
FileVersion: 10.0.18362.1082 (WinBuild.160101.0800)
Description: Windows NT BASE API Client DLL
Product: Microsoft® Windows® Operating System
Company: Microsoft Corporation
OriginalFileName: kernel32
Hashes: SHA1=9044BFB6E7D920BB4586123237B512238F2EA726,MD5=B78D8D39F63C5B7B9A2F4BC31076C954,SHA256=08BE2EE23EE5A7722C4BACA3BD8F0EABA7A56302F0051E6802A36D35AB0BC41C,IMPHASH=F9F97E60CFCD78BE051D9570C88FFB6F
Signed: true
Signature: Microsoft Windows
SignatureStatus: Valid",,,,,,,,Info,0,kernel32,,,,,,,,,{2d351099-5ca9-5f5f-2f04-000000000400},9428,,Microsoft® Windows® Operating System,,{5770385F-C22A-43E0-BF4C-06F5698FFBD9},,,,423329,,,,,,,-,,INFO,2,,,Microsoft Windows,Valid,TRUE,,,,,,,eventlog,im_msvistalog,Microsoft-Windows-Sysmon,,,,,,,,,,,,,,,,,,,,,,,,7,,,,4688,,,,,S-1-5-18,2022-04-15 12:06:02,3,,,"{""EventID"":7,""RecordNumber"":423329,""ProviderGuid"":""{5770385F-C22A-43E0-BF4C-06F5698FFBD9}"",""SourceName"":""Microsoft-Windows-Sysmon"",""OpcodeValue"":0,""AccountName"":""SYSTEM"",""SignatureStatus"":""Valid"",""SourceModuleName"":""eventlog"",""ExecutionProcessID"":3524,""AccountType"":""User"",""Category"":""Image loaded (rule: ImageLoad)"",""Domain"":""NT AUTHORITY"",""port"":60427,""Company"":""Microsoft Corporation"",""ThreadID"":4688,""Severity"":""INFO"",""EventType"":""INFO"",""Signed"":""true"",""Channel"":""Microsoft-Windows-Sysmon/Operational"",""Opcode"":""Info"",""EventReceivedTime"":""2022-04-15 08:06:02"",""ImageLoaded"":""C:\\Windows\\System32\\kernel32.dll"",""Task"":7,""RuleName"":""-"",""Keywords"":-9223372036854775808,""Version"":3,""ProcessId"":""9428"",""Image"":""C:\\Windows\\System32\\wbem\\WMIC.exe"",""Product"":""Microsoft® Windows® Operating System"",""tags"":[""splunk""],""EventTime"":""2022-04-15 08:06:01"",""host"":""cybertees.net"",""SeverityValue"":2,""Message"":""Image loaded:\r\nRuleName: -\r\nUtcTime: 2022-04-15 12:06:01.842\r\nProcessGuid: {2d351099-5ca9-5f5f-2f04-000000000400}\r\nProcessId: 9428\r\nImage: C:\\Windows\\System32\\wbem\\WMIC.exe\r\nImageLoaded: C:\\Windows\\System32\\kernel32.dll\r\nFileVersion: 10.0.18362.1082 (WinBuild.160101.0800)\r\nDescription: Windows NT BASE API Client DLL\r\nProduct: Microsoft® Windows® Operating System\r\nCompany: Microsoft Corporation\r\nOriginalFileName: kernel32\r\nHashes: SHA1=9044BFB6E7D920BB4586123237B512238F2EA726,MD5=B78D8D39F63C5B7B9A2F4BC31076C954,SHA256=08BE2EE23EE5A7722C4BACA3BD8F0EABA7A56302F0051E6802A36D35AB0BC41C,IMPHASH=F9F97E60CFCD78BE051D9570C88FFB6F\r\nSigned: true\r\nSignature: Microsoft Windows\r\nSignatureStatus: Valid"",""UtcTime"":""2022-04-15 12:06:01.842"",""UserID"":""S-1-5-18"",""FileVersion"":""10.0.18362.1082 (WinBuild.160101.0800)"",""Description"":""Windows NT BASE API Client DLL"",""OriginalFileName"":""kernel32"",""timestamp"":""2022-04-15T12:06:02.603Z"",""Hashes"":""SHA1=9044BFB6E7D920BB4586123237B512238F2EA726,MD5=B78D8D39F63C5B7B9A2F4BC31076C954,SHA256=08BE2EE23EE5A7722C4BACA3BD8F0EABA7A56302F0051E6802A36D35AB0BC41C,IMPHASH=F9F97E60CFCD78BE051D9570C88FFB6F"",""Signature"":""Microsoft Windows"",""@version"":""1"",""SourceModuleType"":""im_msvistalog"",""Hostname"":""James.browne"",""ProcessGuid"":""{2d351099-5ca9-5f5f-2f04-000000000400}""}",2022-04-15T08:06:01.000+0000,8,15,6,april,1,friday,2022,local,,INFO,cybertees.net,cyber-host,windowslogs,1,60427,"{"""":,"""":,"""":""{----}"","""":""--"","""":,"""":"""","""":"""","""":""""",Event_logs.json,_json,ip-10-10-40-195,,splunk,,2022-04-15T12:06:02.603Z,
1,,,,SYSTEM,User,,,,,,RawAccessRead detected (rule: RawAccessRead),Microsoft-Windows-Sysmon/Operational,,,,,,,,,,,,,,,\Device\HarddiskVolume2,,,NT AUTHORITY,,,,,9,,2022-04-15 8:06:02,2022-04-15 8:06:01,,3524,,,,,,,James.browne,System,,,,,,,,,-9223372036854775808,,,,,,,,,"RawAccessRead detected:
RuleName: -
UtcTime: 2022-04-15 12:06:01.826
ProcessGuid: {2d351099-43c6-5f5f-0100-000000000400}
ProcessId: 4
Image: System
Device: \Device\HarddiskVolume2",,,,,,,,Info,0,,,,,,,,,,{2d351099-43c6-5f5f-0100-000000000400},4,,,,{5770385F-C22A-43E0-BF4C-06F5698FFBD9},,,,423328,,,,,,,-,,INFO,2,,,,,,,,,,,,eventlog,im_msvistalog,Microsoft-Windows-Sysmon,,,,,,,,,,,,,,,,,,,,,,,,9,,,,4688,,,,,S-1-5-18,2022-04-15 12:06:02,2,,,"{""Image"":""System"",""ProcessId"":""4"",""EventID"":9,""tags"":[""splunk""],""RecordNumber"":423328,""ProviderGuid"":""{5770385F-C22A-43E0-BF4C-06F5698FFBD9}"",""SourceName"":""Microsoft-Windows-Sysmon"",""OpcodeValue"":0,""EventTime"":""2022-04-15 08:06:01"",""AccountName"":""SYSTEM"",""host"":""cybertees.net"",""SeverityValue"":2,""ExecutionProcessID"":3524,""AccountType"":""User"",""Category"":""RawAccessRead detected (rule: RawAccessRead)"",""SourceModuleName"":""eventlog"",""Domain"":""NT AUTHORITY"",""Message"":""RawAccessRead detected:\r\nRuleName: -\r\nUtcTime: 2022-04-15 12:06:01.826\r\nProcessGuid: {2d351099-43c6-5f5f-0100-000000000400}\r\nProcessId: 4\r\nImage: System\r\nDevice: \\Device\\HarddiskVolume2"",""port"":60427,""UserID"":""S-1-5-18"",""UtcTime"":""2022-04-15 12:06:01.826"",""timestamp"":""2022-04-15T12:06:02.603Z"",""ThreadID"":4688,""Severity"":""INFO"",""EventType"":""INFO"",""Channel"":""Microsoft-Windows-Sysmon/Operational"",""Opcode"":""Info"",""EventReceivedTime"":""2022-04-15 08:06:02"",""Device"":""\\Device\\HarddiskVolume2"",""@version"":""1"",""Task"":9,""SourceModuleType"":""im_msvistalog"",""RuleName"":""-"",""Hostname"":""James.browne"",""Keywords"":-9223372036854775808,""Version"":2,""ProcessGuid"":""{2d351099-43c6-5f5f-0100-000000000400}""}",2022-04-15T08:06:01.000+0000,8,15,6,april,1,friday,2022,local,,INFO,cybertees.net,cyber-host,windowslogs,1,60427,"{"""":"""","""":"""","""":,"""":[""""],"""":,"""":""{----}"","""":""--"",""",Event_logs.json,_json,ip-10-10-40-195,,splunk,,2022-04-15T12:06:02.603Z,
1,,,,SYSTEM,User,,,,,,RawAccessRead detected (rule: RawAccessRead),Microsoft-Windows-Sysmon/Operational,,,,,,,,,,,,,,,\Device\HarddiskVolume3,,,NT AUTHORITY,,,,,9,,2022-04-15 8:06:02,2022-04-15 8:06:01,,3524,,,,,,,James.browne,System,,,,,,,,,-9223372036854775808,,,,,,,,,"RawAccessRead detected:
RuleName: -
UtcTime: 2022-04-15 12:06:01.826
ProcessGuid: {2d351099-43c6-5f5f-0100-000000000400}
ProcessId: 4
Image: System
Device: \Device\HarddiskVolume3",,,,,,,,Info,0,,,,,,,,,,{2d351099-43c6-5f5f-0100-000000000400},4,,,,{5770385F-C22A-43E0-BF4C-06F5698FFBD9},,,,423327,,,,,,,-,,INFO,2,,,,,,,,,,,,eventlog,im_msvistalog,Microsoft-Windows-Sysmon,,,,,,,,,,,,,,,,,,,,,,,,9,,,,4688,,,,,S-1-5-18,2022-04-15 12:06:02,2,,,"{""Image"":""System"",""ProcessId"":""4"",""EventID"":9,""tags"":[""splunk""],""RecordNumber"":423327,""ProviderGuid"":""{5770385F-C22A-43E0-BF4C-06F5698FFBD9}"",""SourceName"":""Microsoft-Windows-Sysmon"",""OpcodeValue"":0,""EventTime"":""2022-04-15 08:06:01"",""AccountName"":""SYSTEM"",""host"":""cybertees.net"",""SeverityValue"":2,""ExecutionProcessID"":3524,""AccountType"":""User"",""Category"":""RawAccessRead detected (rule: RawAccessRead)"",""SourceModuleName"":""eventlog"",""Domain"":""NT AUTHORITY"",""Message"":""RawAccessRead detected:\r\nRuleName: -\r\nUtcTime: 2022-04-15 12:06:01.826\r\nProcessGuid: {2d351099-43c6-5f5f-0100-000000000400}\r\nProcessId: 4\r\nImage: System\r\nDevice: \\Device\\HarddiskVolume3"",""port"":60427,""UserID"":""S-1-5-18"",""UtcTime"":""2022-04-15 12:06:01.826"",""timestamp"":""2022-04-15T12:06:02.603Z"",""ThreadID"":4688,""Severity"":""INFO"",""EventType"":""INFO"",""Channel"":""Microsoft-Windows-Sysmon/Operational"",""Opcode"":""Info"",""EventReceivedTime"":""2022-04-15 08:06:02"",""Device"":""\\Device\\HarddiskVolume3"",""@version"":""1"",""Task"":9,""SourceModuleType"":""im_msvistalog"",""RuleName"":""-"",""Hostname"":""James.browne"",""Keywords"":-9223372036854775808,""Version"":2,""ProcessGuid"":""{2d351099-43c6-5f5f-0100-000000000400}""}",2022-04-15T08:06:01.000+0000,8,15,6,april,1,friday,2022,local,,INFO,cybertees.net,cyber-host,windowslogs,1,60427,"{"""":"""","""":"""","""":,"""":[""""],"""":,"""":""{----}"","""":""--"",""",Event_logs.json,_json,ip-10-10-40-195,,splunk,,2022-04-15T12:06:02.603Z,
1,,,,SYSTEM,User,,,,,,RawAccessRead detected (rule: RawAccessRead),Microsoft-Windows-Sysmon/Operational,,,,,,,,,,,,,,,\Device\HarddiskVolume1,,,NT AUTHORITY,,,,,9,,2022-04-15 8:06:02,2022-04-15 8:06:01,,3524,,,,,,,James.browne,System,,,,,,,,,-9223372036854775808,,,,,,,,,"RawAccessRead detected:
RuleName: -
UtcTime: 2022-04-15 12:06:01.826
ProcessGuid: {2d351099-43c6-5f5f-0100-000000000400}
ProcessId: 4
Image: System
Device: \Device\HarddiskVolume1",,,,,,,,Info,0,,,,,,,,,,{2d351099-43c6-5f5f-0100-000000000400},4,,,,{5770385F-C22A-43E0-BF4C-06F5698FFBD9},,,,423326,,,,,,,-,,INFO,2,,,,,,,,,,,,eventlog,im_msvistalog,Microsoft-Windows-Sysmon,,,,,,,,,,,,,,,,,,,,,,,,9,,,,4688,,,,,S-1-5-18,2022-04-15 12:06:02,2,,,"{""Image"":""System"",""ProcessId"":""4"",""EventID"":9,""tags"":[""splunk""],""RecordNumber"":423326,""ProviderGuid"":""{5770385F-C22A-43E0-BF4C-06F5698FFBD9}"",""SourceName"":""Microsoft-Windows-Sysmon"",""OpcodeValue"":0,""EventTime"":""2022-04-15 08:06:01"",""AccountName"":""SYSTEM"",""host"":""cybertees.net"",""SeverityValue"":2,""ExecutionProcessID"":3524,""AccountType"":""User"",""Category"":""RawAccessRead detected (rule: RawAccessRead)"",""SourceModuleName"":""eventlog"",""Domain"":""NT AUTHORITY"",""Message"":""RawAccessRead detected:\r\nRuleName: -\r\nUtcTime: 2022-04-15 12:06:01.826\r\nProcessGuid: {2d351099-43c6-5f5f-0100-000000000400}\r\nProcessId: 4\r\nImage: System\r\nDevice: \\Device\\HarddiskVolume1"",""port"":60427,""UserID"":""S-1-5-18"",""UtcTime"":""2022-04-15 12:06:01.826"",""timestamp"":""2022-04-15T12:06:02.603Z"",""ThreadID"":4688,""Severity"":""INFO"",""EventType"":""INFO"",""Channel"":""Microsoft-Windows-Sysmon/Operational"",""Opcode"":""Info"",""EventReceivedTime"":""2022-04-15 08:06:02"",""Device"":""\\Device\\HarddiskVolume1"",""@version"":""1"",""Task"":9,""SourceModuleType"":""im_msvistalog"",""RuleName"":""-"",""Hostname"":""James.browne"",""Keywords"":-9223372036854775808,""Version"":2,""ProcessGuid"":""{2d351099-43c6-5f5f-0100-000000000400}""}",2022-04-15T08:06:01.000+0000,8,15,6,april,1,friday,2022,local,,INFO,cybertees.net,cyber-host,windowslogs,1,60427,"{"""":"""","""":"""","""":,"""":[""""],"""":,"""":""{----}"","""":""--"",""",Event_logs.json,_json,ip-10-10-40-195,,splunk,,2022-04-15T12:06:02.603Z,
1,,,,SYSTEM,User,,,,,,Image loaded (rule: ImageLoad),Microsoft-Windows-Sysmon/Operational,,Microsoft Corporation,,,,NT Layer DLL,,,,,,,,,,,,NT AUTHORITY,,,,,7,,2022-04-15 8:06:02,2022-04-15 8:06:01,,3524,10.0.18362.1049 (WinBuild.160101.0800),,,,,"SHA1=BFD8EE26537D8C30A5FE2C9753AEED3BB6930004,MD5=BD5F9D4684E7BCB9D41D298297A73956,SHA256=FB9DA8BAF27DADDE620C2D8D3CADDD4CF7BF405A9BC8E870A73B6CF163046176,IMPHASH=00000000000000000000000000000000",James.browne,C:\Windows\System32\wbem\WMIC.exe,C:\Windows\System32\ntdll.dll,,,,,,,,-9223372036854775808,,,,,,,,,"Image loaded:
RuleName: -
